"11/27/2025 9:19:11 PM","1","Information","Process Create:
RuleName: -
UtcTime: 2025-11-27 15:49:11.008
ProcessGuid: {3a35410f-72f7-6928-ab04-000000000b00}
ProcessId: 10320
Image: C:\Windows\System32\consent.exe
FileVersion: 10.0.19041.5794 (WinBuild.160101.0800)
Description: Consent UI for administrative applications
Product: Microsoft? Windows? Operating System
Company: Microsoft Corporation
OriginalFileName: consent.exe
CommandLine: consent.exe 9416 312 000001F8EAC64460
CurrentDirectory: C:\Windows\system32\
User: NT AUTHORITY\SYSTEM
LogonGuid: {3a35410f-6567-6928-e703-000000000000}
LogonId: 0x3E7
TerminalSessionId: 1
IntegrityLevel: System
Hashes: MD5=5D630C63F6F31700676E856B5FF47B26,SHA256=7084382B4C73176AF091FD5082C64F9ACE71E19B7BE31A08CA357F427E4DC2E9,IMPHASH=7001337914CFB426620F508E54CDF72F
ParentProcessGuid: {3a35410f-6618-6928-5b01-000000000b00}
ParentProcessId: 9416
ParentImage: C:\Windows\System32\svchost.exe
ParentCommandLine: C:\Windows\system32\svchost.exe -k netsvcs -p -s Appinfo
ParentUser: NT AUTHORITY\SYSTEM"
"11/27/2025 9:19:01 PM","1","Information","Process Create:
RuleName: -
UtcTime: 2025-11-27 15:49:01.727
ProcessGuid: {3a35410f-72ed-6928-aa04-000000000b00}
ProcessId: 13540
Image: C:\Windows\System32\schtasks.exe
FileVersion: 10.0.19041.5965 (WinBuild.160101.0800)
Description: Task Scheduler Configuration Tool
Product: Microsoft? Windows? Operating System
Company: Microsoft Corporation
OriginalFileName: schtasks.exe
CommandLine: ""C:\Windows\system32\schtasks.exe"" /delete /tn SysmonTestTask /f
CurrentDirectory: C:\Users\Emil Jinu\
User: DESKTOP-EJG8QJC\Emil Jinu
LogonGuid: {3a35410f-6604-6928-c9e6-200000000000}
LogonId: 0x20E6C9
TerminalSessionId: 1
IntegrityLevel: Medium
Hashes: MD5=2C400322E4F96C1FEDB0F890C7668C92,SHA256=2327E073DCF25AE03DC851EA0F3414980D3168FA959F42C5F77BE1381AE6C41D,IMPHASH=7C296BC1AA0738F0783F000C5982A642
ParentProcessGuid: {3a35410f-717b-6928-7704-000000000b00}
ParentProcessId: 9908
ParentImage: C:\Windows\System32\WindowsPowerShell\v1.0\powershell.exe
ParentCommandLine: ""C:\Windows\System32\WindowsPowerShell\v1.0\powershell.exe"" 
ParentUser: DESKTOP-EJG8QJC\Emil Jinu"
"11/27/2025 9:19:01 PM","1","Information","Process Create:
RuleName: -
UtcTime: 2025-11-27 15:49:01.725
ProcessGuid: {3a35410f-72ed-6928-a904-000000000b00}
ProcessId: 11188
Image: C:\Windows\System32\notepad.exe
FileVersion: 10.0.19041.5794 (WinBuild.160101.0800)
Description: Notepad
Product: Microsoft? Windows? Operating System
Company: Microsoft Corporation
OriginalFileName: NOTEPAD.EXE
CommandLine: ""notepad.exe""
CurrentDirectory: C:\Windows\system32\
User: DESKTOP-EJG8QJC\Emil Jinu
LogonGuid: {3a35410f-6604-6928-c9e6-200000000000}
LogonId: 0x20E6C9
TerminalSessionId: 1
IntegrityLevel: Medium
Hashes: MD5=6F51BCABF1B2B34AD7E670AEE6DA451F,SHA256=DA5807BB0997CC6B5132950EC87EDA2B33B1AC4533CF1F7A22A6F3B576ED7C5B,IMPHASH=09ED737A03DB7295BF734A9953F6EB5E
ParentProcessGuid: {3a35410f-6568-6928-2400-000000000b00}
ParentProcessId: 1532
ParentImage: C:\Windows\System32\svchost.exe
ParentCommandLine: C:\Windows\system32\svchost.exe -k netsvcs -p -s Schedule
ParentUser: NT AUTHORITY\SYSTEM"
"11/27/2025 9:19:01 PM","1","Information","Process Create:
RuleName: -
UtcTime: 2025-11-27 15:49:01.704
ProcessGuid: {3a35410f-72ed-6928-a804-000000000b00}
ProcessId: 9244
Image: C:\Windows\System32\schtasks.exe
FileVersion: 10.0.19041.5965 (WinBuild.160101.0800)
Description: Task Scheduler Configuration Tool
Product: Microsoft? Windows? Operating System
Company: Microsoft Corporation
OriginalFileName: schtasks.exe
CommandLine: ""C:\Windows\system32\schtasks.exe"" /run /tn SysmonTestTask
CurrentDirectory: C:\Users\Emil Jinu\
User: DESKTOP-EJG8QJC\Emil Jinu
LogonGuid: {3a35410f-6604-6928-c9e6-200000000000}
LogonId: 0x20E6C9
TerminalSessionId: 1
IntegrityLevel: Medium
Hashes: MD5=2C400322E4F96C1FEDB0F890C7668C92,SHA256=2327E073DCF25AE03DC851EA0F3414980D3168FA959F42C5F77BE1381AE6C41D,IMPHASH=7C296BC1AA0738F0783F000C5982A642
ParentProcessGuid: {3a35410f-717b-6928-7704-000000000b00}
ParentProcessId: 9908
ParentImage: C:\Windows\System32\WindowsPowerShell\v1.0\powershell.exe
ParentCommandLine: ""C:\Windows\System32\WindowsPowerShell\v1.0\powershell.exe"" 
ParentUser: DESKTOP-EJG8QJC\Emil Jinu"
"11/27/2025 9:19:01 PM","11","Information","File created:
RuleName: T1053
UtcTime: 2025-11-27 15:49:01.675
ProcessGuid: {3a35410f-6568-6928-2400-000000000b00}
ProcessId: 1532
Image: C:\Windows\system32\svchost.exe
TargetFilename: C:\Windows\System32\Tasks\SysmonTestTask
CreationUtcTime: 2025-11-27 15:48:52.260
User: NT AUTHORITY\SYSTEM"
"11/27/2025 9:19:01 PM","1","Information","Process Create:
RuleName: -
UtcTime: 2025-11-27 15:49:01.653
ProcessGuid: {3a35410f-72ed-6928-a704-000000000b00}
ProcessId: 5384
Image: C:\Windows\System32\schtasks.exe
FileVersion: 10.0.19041.5965 (WinBuild.160101.0800)
Description: Task Scheduler Configuration Tool
Product: Microsoft? Windows? Operating System
Company: Microsoft Corporation
OriginalFileName: schtasks.exe
CommandLine: ""C:\Windows\system32\schtasks.exe"" /create /tn SysmonTestTask /tr notepad.exe /sc minute /mo 2
CurrentDirectory: C:\Users\Emil Jinu\
User: DESKTOP-EJG8QJC\Emil Jinu
LogonGuid: {3a35410f-6604-6928-c9e6-200000000000}
LogonId: 0x20E6C9
TerminalSessionId: 1
IntegrityLevel: Medium
Hashes: MD5=2C400322E4F96C1FEDB0F890C7668C92,SHA256=2327E073DCF25AE03DC851EA0F3414980D3168FA959F42C5F77BE1381AE6C41D,IMPHASH=7C296BC1AA0738F0783F000C5982A642
ParentProcessGuid: {3a35410f-717b-6928-7704-000000000b00}
ParentProcessId: 9908
ParentImage: C:\Windows\System32\WindowsPowerShell\v1.0\powershell.exe
ParentCommandLine: ""C:\Windows\System32\WindowsPowerShell\v1.0\powershell.exe"" 
ParentUser: DESKTOP-EJG8QJC\Emil Jinu"
"11/27/2025 9:18:52 PM","13","Information","Registry value set:
RuleName: InvDB-Ver
EventType: SetValue
UtcTime: 2025-11-27 15:48:52.743
ProcessGuid: {3a35410f-656a-6928-3e00-000000000b00}
ProcessId: 2740
Image: C:\Windows\System32\svchost.exe
TargetObject: \REGISTRY\A\{9309e89c-9321-cf1a-3889-0090faa6586f}\Root\InventoryApplicationFile\schtasks.exe|ab37f90cb14ae5a6\BinProductVersion
Details: 10.0.19041.5965
User: NT AUTHORITY\SYSTEM"
"11/27/2025 9:18:52 PM","13","Information","Registry value set:
RuleName: InvDB-CompileTimeClaim
EventType: SetValue
UtcTime: 2025-11-27 15:48:52.743
ProcessGuid: {3a35410f-656a-6928-3e00-000000000b00}
ProcessId: 2740
Image: C:\Windows\System32\svchost.exe
TargetObject: \REGISTRY\A\{9309e89c-9321-cf1a-3889-0090faa6586f}\Root\InventoryApplicationFile\schtasks.exe|ab37f90cb14ae5a6\LinkDate
Details: 07/10/2040 02:13:14
User: NT AUTHORITY\SYSTEM"
"11/27/2025 9:18:52 PM","13","Information","Registry value set:
RuleName: InvDB-Pub
EventType: SetValue
UtcTime: 2025-11-27 15:48:52.743
ProcessGuid: {3a35410f-656a-6928-3e00-000000000b00}
ProcessId: 2740
Image: C:\Windows\System32\svchost.exe
TargetObject: \REGISTRY\A\{9309e89c-9321-cf1a-3889-0090faa6586f}\Root\InventoryApplicationFile\schtasks.exe|ab37f90cb14ae5a6\Publisher
Details: microsoft corporation
User: NT AUTHORITY\SYSTEM"
"11/27/2025 9:18:52 PM","13","Information","Registry value set:
RuleName: InvDB-Path
EventType: SetValue
UtcTime: 2025-11-27 15:48:52.743
ProcessGuid: {3a35410f-656a-6928-3e00-000000000b00}
ProcessId: 2740
Image: C:\Windows\System32\svchost.exe
TargetObject: \REGISTRY\A\{9309e89c-9321-cf1a-3889-0090faa6586f}\Root\InventoryApplicationFile\schtasks.exe|ab37f90cb14ae5a6\LowerCaseLongPath
Details: c:\windows\system32\schtasks.exe
User: NT AUTHORITY\SYSTEM"
"11/27/2025 9:18:52 PM","1","Information","Process Create:
RuleName: -
UtcTime: 2025-11-27 15:48:52.353
ProcessGuid: {3a35410f-72e4-6928-a604-000000000b00}
ProcessId: 10444
Image: C:\Windows\System32\schtasks.exe
FileVersion: 10.0.19041.5965 (WinBuild.160101.0800)
Description: Task Scheduler Configuration Tool
Product: Microsoft? Windows? Operating System
Company: Microsoft Corporation
OriginalFileName: schtasks.exe
CommandLine: ""C:\Windows\system32\schtasks.exe"" /delete /tn SysmonTestTask /f
CurrentDirectory: C:\Users\Emil Jinu\
User: DESKTOP-EJG8QJC\Emil Jinu
LogonGuid: {3a35410f-6604-6928-c9e6-200000000000}
LogonId: 0x20E6C9
TerminalSessionId: 1
IntegrityLevel: Medium
Hashes: MD5=2C400322E4F96C1FEDB0F890C7668C92,SHA256=2327E073DCF25AE03DC851EA0F3414980D3168FA959F42C5F77BE1381AE6C41D,IMPHASH=7C296BC1AA0738F0783F000C5982A642
ParentProcessGuid: {3a35410f-717b-6928-7704-000000000b00}
ParentProcessId: 9908
ParentImage: C:\Windows\System32\WindowsPowerShell\v1.0\powershell.exe
ParentCommandLine: ""C:\Windows\System32\WindowsPowerShell\v1.0\powershell.exe"" 
ParentUser: DESKTOP-EJG8QJC\Emil Jinu"
"11/27/2025 9:18:52 PM","1","Information","Process Create:
RuleName: -
UtcTime: 2025-11-27 15:48:52.338
ProcessGuid: {3a35410f-72e4-6928-a504-000000000b00}
ProcessId: 5200
Image: C:\Windows\System32\notepad.exe
FileVersion: 10.0.19041.5794 (WinBuild.160101.0800)
Description: Notepad
Product: Microsoft? Windows? Operating System
Company: Microsoft Corporation
OriginalFileName: NOTEPAD.EXE
CommandLine: ""notepad.exe""
CurrentDirectory: C:\Windows\system32\
User: DESKTOP-EJG8QJC\Emil Jinu
LogonGuid: {3a35410f-6604-6928-c9e6-200000000000}
LogonId: 0x20E6C9
TerminalSessionId: 1
IntegrityLevel: Medium
Hashes: MD5=6F51BCABF1B2B34AD7E670AEE6DA451F,SHA256=DA5807BB0997CC6B5132950EC87EDA2B33B1AC4533CF1F7A22A6F3B576ED7C5B,IMPHASH=09ED737A03DB7295BF734A9953F6EB5E
ParentProcessGuid: {3a35410f-6568-6928-2400-000000000b00}
ParentProcessId: 1532
ParentImage: C:\Windows\System32\svchost.exe
ParentCommandLine: C:\Windows\system32\svchost.exe -k netsvcs -p -s Schedule
ParentUser: NT AUTHORITY\SYSTEM"
"11/27/2025 9:18:52 PM","1","Information","Process Create:
RuleName: -
UtcTime: 2025-11-27 15:48:52.305
ProcessGuid: {3a35410f-72e4-6928-a404-000000000b00}
ProcessId: 5204
Image: C:\Windows\System32\schtasks.exe
FileVersion: 10.0.19041.5965 (WinBuild.160101.0800)
Description: Task Scheduler Configuration Tool
Product: Microsoft? Windows? Operating System
Company: Microsoft Corporation
OriginalFileName: schtasks.exe
CommandLine: ""C:\Windows\system32\schtasks.exe"" /run /tn SysmonTestTask
CurrentDirectory: C:\Users\Emil Jinu\
User: DESKTOP-EJG8QJC\Emil Jinu
LogonGuid: {3a35410f-6604-6928-c9e6-200000000000}
LogonId: 0x20E6C9
TerminalSessionId: 1
IntegrityLevel: Medium
Hashes: MD5=2C400322E4F96C1FEDB0F890C7668C92,SHA256=2327E073DCF25AE03DC851EA0F3414980D3168FA959F42C5F77BE1381AE6C41D,IMPHASH=7C296BC1AA0738F0783F000C5982A642
ParentProcessGuid: {3a35410f-717b-6928-7704-000000000b00}
ParentProcessId: 9908
ParentImage: C:\Windows\System32\WindowsPowerShell\v1.0\powershell.exe
ParentCommandLine: ""C:\Windows\System32\WindowsPowerShell\v1.0\powershell.exe"" 
ParentUser: DESKTOP-EJG8QJC\Emil Jinu"
"11/27/2025 9:18:52 PM","11","Information","File created:
RuleName: T1053
UtcTime: 2025-11-27 15:48:52.260
ProcessGuid: {3a35410f-6568-6928-2400-000000000b00}
ProcessId: 1532
Image: C:\Windows\system32\svchost.exe
TargetFilename: C:\Windows\System32\Tasks\SysmonTestTask
CreationUtcTime: 2025-11-27 15:48:52.260
User: NT AUTHORITY\SYSTEM"
"11/27/2025 9:18:52 PM","1","Information","Process Create:
RuleName: -
UtcTime: 2025-11-27 15:48:52.212
ProcessGuid: {3a35410f-72e4-6928-a304-000000000b00}
ProcessId: 15240
Image: C:\Windows\System32\schtasks.exe
FileVersion: 10.0.19041.5965 (WinBuild.160101.0800)
Description: Task Scheduler Configuration Tool
Product: Microsoft? Windows? Operating System
Company: Microsoft Corporation
OriginalFileName: schtasks.exe
CommandLine: ""C:\Windows\system32\schtasks.exe"" /create /tn SysmonTestTask /tr notepad.exe /sc minute /mo 2
CurrentDirectory: C:\Users\Emil Jinu\
User: DESKTOP-EJG8QJC\Emil Jinu
LogonGuid: {3a35410f-6604-6928-c9e6-200000000000}
LogonId: 0x20E6C9
TerminalSessionId: 1
IntegrityLevel: Medium
Hashes: MD5=2C400322E4F96C1FEDB0F890C7668C92,SHA256=2327E073DCF25AE03DC851EA0F3414980D3168FA959F42C5F77BE1381AE6C41D,IMPHASH=7C296BC1AA0738F0783F000C5982A642
ParentProcessGuid: {3a35410f-717b-6928-7704-000000000b00}
ParentProcessId: 9908
ParentImage: C:\Windows\System32\WindowsPowerShell\v1.0\powershell.exe
ParentCommandLine: ""C:\Windows\System32\WindowsPowerShell\v1.0\powershell.exe"" 
ParentUser: DESKTOP-EJG8QJC\Emil Jinu"
"11/27/2025 9:18:22 PM","22","Information","Dns query:
RuleName: -
UtcTime: 2025-11-27 15:48:09.734
ProcessGuid: {3a35410f-717b-6928-7704-000000000b00}
ProcessId: 9908
QueryName: bing.com
QueryStatus: 0
QueryResults: 2620:1ec:33:1::10;2620:1ec:33::10;::ffff:150.171.28.10;::ffff:150.171.27.10;
Image: C:\Windows\System32\WindowsPowerShell\v1.0\powershell.exe
User: DESKTOP-EJG8QJC\Emil Jinu"
"11/27/2025 9:18:21 PM","3","Information","Network connection detected:
RuleName: -
UtcTime: 2025-11-27 15:48:07.873
ProcessGuid: {3a35410f-717b-6928-7704-000000000b00}
ProcessId: 9908
Image: C:\Windows\System32\WindowsPowerShell\v1.0\powershell.exe
User: DESKTOP-EJG8QJC\Emil Jinu
Protocol: tcp
Initiated: true
SourceIsIpv6: false
SourceIp: 10.0.2.15
SourceHostname: DESKTOP-EJG8QJC
SourcePort: 53768
SourcePortName: -
DestinationIsIpv6: false
DestinationIp: 23.60.110.42
DestinationHostname: a23-60-110-42.deploy.static.akamaitechnologies.com
DestinationPort: 443
DestinationPortName: https"
"11/27/2025 9:18:17 PM","3","Information","Network connection detected:
RuleName: -
UtcTime: 2025-11-27 15:48:04.635
ProcessGuid: {3a35410f-717b-6928-7704-000000000b00}
ProcessId: 9908
Image: C:\Windows\System32\WindowsPowerShell\v1.0\powershell.exe
User: DESKTOP-EJG8QJC\Emil Jinu
Protocol: tcp
Initiated: true
SourceIsIpv6: false
SourceIp: 10.0.2.15
SourceHostname: DESKTOP-EJG8QJC
SourcePort: 53767
SourcePortName: -
DestinationIsIpv6: false
DestinationIp: 13.107.213.58
DestinationHostname: -
DestinationPort: 443
DestinationPortName: https"
"11/27/2025 9:18:17 PM","22","Information","Dns query:
RuleName: -
UtcTime: 2025-11-27 15:48:04.694
ProcessGuid: {3a35410f-717b-6928-7704-000000000b00}
ProcessId: 9908
QueryName: microsoft.com
QueryStatus: 0
QueryResults: 2603:1020:201:10::10f;2603:1030:20e:3::23c;2603:1030:c02:8::14;2603:1030:b:3::152;2603:1010:3:3::5b;::ffff:13.107.213.58;::ffff:13.107.246.58;
Image: C:\Windows\System32\WindowsPowerShell\v1.0\powershell.exe
User: DESKTOP-EJG8QJC\Emil Jinu"
"11/27/2025 9:18:16 PM","22","Information","Dns query:
RuleName: -
UtcTime: 2025-11-27 15:48:03.493
ProcessGuid: {3a35410f-72a2-6928-a204-000000000b00}
ProcessId: 13860
QueryName: github.com
QueryStatus: 0
QueryResults: ::ffff:20.207.73.82;
Image: C:\Windows\System32\wbem\WmiPrvSE.exe
User: NT AUTHORITY\NETWORK SERVICE"
"11/27/2025 9:18:04 PM","22","Information","Dns query:
RuleName: -
UtcTime: 2025-11-27 15:47:54.502
ProcessGuid: {3a35410f-72a2-6928-a204-000000000b00}
ProcessId: 13860
QueryName: bing.com
QueryStatus: 0
QueryResults: 2620:1ec:33:1::10;2620:1ec:33::10;::ffff:150.171.28.10;::ffff:150.171.27.10;
Image: C:\Windows\System32\wbem\WmiPrvSE.exe
User: NT AUTHORITY\NETWORK SERVICE"
"11/27/2025 9:17:58 PM","22","Information","Dns query:
RuleName: -
UtcTime: 2025-11-27 15:47:50.552
ProcessGuid: {3a35410f-72a2-6928-a204-000000000b00}
ProcessId: 13860
QueryName: microsoft.com
QueryStatus: 0
QueryResults: 2603:1020:201:10::10f;2603:1030:20e:3::23c;2603:1030:c02:8::14;2603:1030:b:3::152;2603:1010:3:3::5b;::ffff:13.107.213.58;::ffff:13.107.246.58;
Image: C:\Windows\System32\wbem\WmiPrvSE.exe
User: NT AUTHORITY\NETWORK SERVICE"
"11/27/2025 9:17:50 PM","22","Information","Dns query:
RuleName: -
UtcTime: 2025-11-27 15:47:45.134
ProcessGuid: {3a35410f-72a2-6928-a204-000000000b00}
ProcessId: 13860
QueryName: microsoft.com
QueryStatus: 0
QueryResults: 2603:1020:201:10::10f;2603:1030:20e:3::23c;2603:1030:c02:8::14;2603:1030:b:3::152;2603:1010:3:3::5b;::ffff:13.107.213.58;::ffff:13.107.246.58;
Image: C:\Windows\system32\wbem\wmiprvse.exe
User: NT AUTHORITY\NETWORK SERVICE"
"11/27/2025 9:17:50 PM","22","Information","Dns query:
RuleName: -
UtcTime: 2025-11-27 15:47:45.130
ProcessGuid: {3a35410f-72a2-6928-a204-000000000b00}
ProcessId: 13860
QueryName: microsoft.com
QueryStatus: 0
QueryResults: 2603:1020:201:10::10f;2603:1030:20e:3::23c;2603:1030:c02:8::14;2603:1030:b:3::152;2603:1010:3:3::5b;::ffff:13.107.213.58;::ffff:13.107.246.58;
Image: C:\Windows\system32\wbem\wmiprvse.exe
User: NT AUTHORITY\NETWORK SERVICE"
"11/27/2025 9:16:36 PM","1","Information","Process Create:
RuleName: -
UtcTime: 2025-11-27 15:46:36.801
ProcessGuid: {3a35410f-725c-6928-a104-000000000b00}
ProcessId: 6920
Image: C:\Windows\System32\notepad.exe
FileVersion: 10.0.19041.5794 (WinBuild.160101.0800)
Description: Notepad
Product: Microsoft? Windows? Operating System
Company: Microsoft Corporation
OriginalFileName: NOTEPAD.EXE
CommandLine: ""C:\Windows\system32\notepad.exe"" 
CurrentDirectory: C:\Users\Emil Jinu\
User: DESKTOP-EJG8QJC\Emil Jinu
LogonGuid: {3a35410f-6604-6928-c9e6-200000000000}
LogonId: 0x20E6C9
TerminalSessionId: 1
IntegrityLevel: Medium
Hashes: MD5=6F51BCABF1B2B34AD7E670AEE6DA451F,SHA256=DA5807BB0997CC6B5132950EC87EDA2B33B1AC4533CF1F7A22A6F3B576ED7C5B,IMPHASH=09ED737A03DB7295BF734A9953F6EB5E
ParentProcessGuid: {3a35410f-717b-6928-7704-000000000b00}
ParentProcessId: 9908
ParentImage: C:\Windows\System32\WindowsPowerShell\v1.0\powershell.exe
ParentCommandLine: ""C:\Windows\System32\WindowsPowerShell\v1.0\powershell.exe"" 
ParentUser: DESKTOP-EJG8QJC\Emil Jinu"
"11/27/2025 9:16:36 PM","1","Information","Process Create:
RuleName: -
UtcTime: 2025-11-27 15:46:36.788
ProcessGuid: {3a35410f-725c-6928-a004-000000000b00}
ProcessId: 13196
Image: C:\Windows\System32\notepad.exe
FileVersion: 10.0.19041.5794 (WinBuild.160101.0800)
Description: Notepad
Product: Microsoft? Windows? Operating System
Company: Microsoft Corporation
OriginalFileName: NOTEPAD.EXE
CommandLine: ""C:\Windows\system32\notepad.exe"" 
CurrentDirectory: C:\Users\Emil Jinu\
User: DESKTOP-EJG8QJC\Emil Jinu
LogonGuid: {3a35410f-6604-6928-c9e6-200000000000}
LogonId: 0x20E6C9
TerminalSessionId: 1
IntegrityLevel: Medium
Hashes: MD5=6F51BCABF1B2B34AD7E670AEE6DA451F,SHA256=DA5807BB0997CC6B5132950EC87EDA2B33B1AC4533CF1F7A22A6F3B576ED7C5B,IMPHASH=09ED737A03DB7295BF734A9953F6EB5E
ParentProcessGuid: {3a35410f-717b-6928-7704-000000000b00}
ParentProcessId: 9908
ParentImage: C:\Windows\System32\WindowsPowerShell\v1.0\powershell.exe
ParentCommandLine: ""C:\Windows\System32\WindowsPowerShell\v1.0\powershell.exe"" 
ParentUser: DESKTOP-EJG8QJC\Emil Jinu"
"11/27/2025 9:16:36 PM","1","Information","Process Create:
RuleName: -
UtcTime: 2025-11-27 15:46:36.753
ProcessGuid: {3a35410f-725c-6928-9f04-000000000b00}
ProcessId: 13012
Image: C:\Windows\System32\notepad.exe
FileVersion: 10.0.19041.5794 (WinBuild.160101.0800)
Description: Notepad
Product: Microsoft? Windows? Operating System
Company: Microsoft Corporation
OriginalFileName: NOTEPAD.EXE
CommandLine: ""C:\Windows\system32\notepad.exe"" 
CurrentDirectory: C:\Users\Emil Jinu\
User: DESKTOP-EJG8QJC\Emil Jinu
LogonGuid: {3a35410f-6604-6928-c9e6-200000000000}
LogonId: 0x20E6C9
TerminalSessionId: 1
IntegrityLevel: Medium
Hashes: MD5=6F51BCABF1B2B34AD7E670AEE6DA451F,SHA256=DA5807BB0997CC6B5132950EC87EDA2B33B1AC4533CF1F7A22A6F3B576ED7C5B,IMPHASH=09ED737A03DB7295BF734A9953F6EB5E
ParentProcessGuid: {3a35410f-717b-6928-7704-000000000b00}
ParentProcessId: 9908
ParentImage: C:\Windows\System32\WindowsPowerShell\v1.0\powershell.exe
ParentCommandLine: ""C:\Windows\System32\WindowsPowerShell\v1.0\powershell.exe"" 
ParentUser: DESKTOP-EJG8QJC\Emil Jinu"
"11/27/2025 9:16:36 PM","1","Information","Process Create:
RuleName: -
UtcTime: 2025-11-27 15:46:36.740
ProcessGuid: {3a35410f-725c-6928-9e04-000000000b00}
ProcessId: 13000
Image: C:\Windows\System32\notepad.exe
FileVersion: 10.0.19041.5794 (WinBuild.160101.0800)
Description: Notepad
Product: Microsoft? Windows? Operating System
Company: Microsoft Corporation
OriginalFileName: NOTEPAD.EXE
CommandLine: ""C:\Windows\system32\notepad.exe"" 
CurrentDirectory: C:\Users\Emil Jinu\
User: DESKTOP-EJG8QJC\Emil Jinu
LogonGuid: {3a35410f-6604-6928-c9e6-200000000000}
LogonId: 0x20E6C9
TerminalSessionId: 1
IntegrityLevel: Medium
Hashes: MD5=6F51BCABF1B2B34AD7E670AEE6DA451F,SHA256=DA5807BB0997CC6B5132950EC87EDA2B33B1AC4533CF1F7A22A6F3B576ED7C5B,IMPHASH=09ED737A03DB7295BF734A9953F6EB5E
ParentProcessGuid: {3a35410f-717b-6928-7704-000000000b00}
ParentProcessId: 9908
ParentImage: C:\Windows\System32\WindowsPowerShell\v1.0\powershell.exe
ParentCommandLine: ""C:\Windows\System32\WindowsPowerShell\v1.0\powershell.exe"" 
ParentUser: DESKTOP-EJG8QJC\Emil Jinu"
"11/27/2025 9:16:36 PM","1","Information","Process Create:
RuleName: -
UtcTime: 2025-11-27 15:46:36.718
ProcessGuid: {3a35410f-725c-6928-9d04-000000000b00}
ProcessId: 12792
Image: C:\Windows\System32\notepad.exe
FileVersion: 10.0.19041.5794 (WinBuild.160101.0800)
Description: Notepad
Product: Microsoft? Windows? Operating System
Company: Microsoft Corporation
OriginalFileName: NOTEPAD.EXE
CommandLine: ""C:\Windows\system32\notepad.exe"" 
CurrentDirectory: C:\Users\Emil Jinu\
User: DESKTOP-EJG8QJC\Emil Jinu
LogonGuid: {3a35410f-6604-6928-c9e6-200000000000}
LogonId: 0x20E6C9
TerminalSessionId: 1
IntegrityLevel: Medium
Hashes: MD5=6F51BCABF1B2B34AD7E670AEE6DA451F,SHA256=DA5807BB0997CC6B5132950EC87EDA2B33B1AC4533CF1F7A22A6F3B576ED7C5B,IMPHASH=09ED737A03DB7295BF734A9953F6EB5E
ParentProcessGuid: {3a35410f-717b-6928-7704-000000000b00}
ParentProcessId: 9908
ParentImage: C:\Windows\System32\WindowsPowerShell\v1.0\powershell.exe
ParentCommandLine: ""C:\Windows\System32\WindowsPowerShell\v1.0\powershell.exe"" 
ParentUser: DESKTOP-EJG8QJC\Emil Jinu"
"11/27/2025 9:16:13 PM","1","Information","Process Create:
RuleName: -
UtcTime: 2025-11-27 15:46:13.456
ProcessGuid: {3a35410f-7245-6928-9c04-000000000b00}
ProcessId: 14808
Image: C:\Program Files (x86)\Microsoft\Edge\Application\msedge.exe
FileVersion: 142.0.3595.94
Description: Microsoft Edge
Product: Microsoft Edge
Company: Microsoft Corporation
OriginalFileName: msedge.exe
CommandLine: ""C:\Program Files (x86)\Microsoft\Edge\Application\msedge.exe"" --type=utility --utility-sub-type=asset_store.mojom.AssetStoreService --lang=en-US --service-sandbox-type=asset_store_service --ram-no-pressure-read-main-dll --metrics-shmem-handle=6816,i,6217857873451157783,4670521910478806253,524288 --field-trial-handle=2284,i,15516268460583269811,3696675730914894840,262144 --variations-seed-version --trace-process-track-uuid=3190709005052708474 --mojo-platform-channel-handle=6824 /prefetch:8
CurrentDirectory: C:\Program Files (x86)\Microsoft\Edge\Application\142.0.3595.94\
User: DESKTOP-EJG8QJC\Emil Jinu
LogonGuid: {3a35410f-6604-6928-c9e6-200000000000}
LogonId: 0x20E6C9
TerminalSessionId: 1
IntegrityLevel: Low
Hashes: MD5=CC88E8CBC96E0183F15A240EC2E6D7BB,SHA256=C089768E72071ACA205E6B77C0538F58A3896CE5B0F65BA9BD38CDAE263D8A03,IMPHASH=4C2A67DEB457B8BF9F317820EE11E05D
ParentProcessGuid: {3a35410f-700f-6928-4104-000000000b00}
ParentProcessId: 13500
ParentImage: C:\Program Files (x86)\Microsoft\Edge\Application\msedge.exe
ParentCommandLine: ""C:\Program Files (x86)\Microsoft\Edge\Application\msedge.exe"" --no-startup-window
ParentUser: DESKTOP-EJG8QJC\Emil Jinu"
"11/27/2025 9:15:56 PM","1","Information","Process Create:
RuleName: -
UtcTime: 2025-11-27 15:45:56.680
ProcessGuid: {3a35410f-7234-6928-9b04-000000000b00}
ProcessId: 10496
Image: C:\Windows\explorer.exe
FileVersion: 10.0.19041.6456 (WinBuild.160101.0800)
Description: Windows Explorer
Product: Microsoft? Windows? Operating System
Company: Microsoft Corporation
OriginalFileName: EXPLORER.EXE
CommandLine: C:\Windows\explorer.exe /factory,{75dff2b7-6936-4c06-a8bb-676a7b00b24b} -Embedding
CurrentDirectory: C:\Windows\system32\
User: DESKTOP-EJG8QJC\Emil Jinu
LogonGuid: {3a35410f-6604-6928-c9e6-200000000000}
LogonId: 0x20E6C9
TerminalSessionId: 1
IntegrityLevel: Medium
Hashes: MD5=24AD59ABAF730E71BC865922D8596008,SHA256=988A56D897915315EEF9CA679B3BC8ADFCECF5E227AEA99AAA1817620520E97E,IMPHASH=DBCE632ECED8243CB6090C1C87BE56BC
ParentProcessGuid: {3a35410f-6567-6928-0d00-000000000b00}
ParentProcessId: 848
ParentImage: C:\Windows\System32\svchost.exe
ParentCommandLine: C:\Windows\system32\svchost.exe -k DcomLaunch -p
ParentUser: NT AUTHORITY\SYSTEM"
"11/27/2025 9:15:56 PM","1","Information","Process Create:
RuleName: -
UtcTime: 2025-11-27 15:45:56.542
ProcessGuid: {3a35410f-7234-6928-9a04-000000000b00}
ProcessId: 8600
Image: C:\Windows\explorer.exe
FileVersion: 10.0.19041.6456 (WinBuild.160101.0800)
Description: Windows Explorer
Product: Microsoft? Windows? Operating System
Company: Microsoft Corporation
OriginalFileName: EXPLORER.EXE
CommandLine: ""C:\Windows\explorer.exe"" C:\Users\Public\Videos 
CurrentDirectory: C:\Users\Emil Jinu\
User: DESKTOP-EJG8QJC\Emil Jinu
LogonGuid: {3a35410f-6604-6928-c9e6-200000000000}
LogonId: 0x20E6C9
TerminalSessionId: 1
IntegrityLevel: Medium
Hashes: MD5=24AD59ABAF730E71BC865922D8596008,SHA256=988A56D897915315EEF9CA679B3BC8ADFCECF5E227AEA99AAA1817620520E97E,IMPHASH=DBCE632ECED8243CB6090C1C87BE56BC
ParentProcessGuid: {3a35410f-717b-6928-7704-000000000b00}
ParentProcessId: 9908
ParentImage: C:\Windows\System32\WindowsPowerShell\v1.0\powershell.exe
ParentCommandLine: ""C:\Windows\System32\WindowsPowerShell\v1.0\powershell.exe"" 
ParentUser: DESKTOP-EJG8QJC\Emil Jinu"
"11/27/2025 9:15:55 PM","1","Information","Process Create:
RuleName: -
UtcTime: 2025-11-27 15:45:55.511
ProcessGuid: {3a35410f-7233-6928-9904-000000000b00}
ProcessId: 2420
Image: C:\Windows\explorer.exe
FileVersion: 10.0.19041.6456 (WinBuild.160101.0800)
Description: Windows Explorer
Product: Microsoft? Windows? Operating System
Company: Microsoft Corporation
OriginalFileName: EXPLORER.EXE
CommandLine: C:\Windows\explorer.exe /factory,{75dff2b7-6936-4c06-a8bb-676a7b00b24b} -Embedding
CurrentDirectory: C:\Windows\system32\
User: DESKTOP-EJG8QJC\Emil Jinu
LogonGuid: {3a35410f-6604-6928-c9e6-200000000000}
LogonId: 0x20E6C9
TerminalSessionId: 1
IntegrityLevel: Medium
Hashes: MD5=24AD59ABAF730E71BC865922D8596008,SHA256=988A56D897915315EEF9CA679B3BC8ADFCECF5E227AEA99AAA1817620520E97E,IMPHASH=DBCE632ECED8243CB6090C1C87BE56BC
ParentProcessGuid: {3a35410f-6567-6928-0d00-000000000b00}
ParentProcessId: 848
ParentImage: C:\Windows\System32\svchost.exe
ParentCommandLine: C:\Windows\system32\svchost.exe -k DcomLaunch -p
ParentUser: NT AUTHORITY\SYSTEM"
"11/27/2025 9:15:55 PM","1","Information","Process Create:
RuleName: -
UtcTime: 2025-11-27 15:45:55.431
ProcessGuid: {3a35410f-7233-6928-9804-000000000b00}
ProcessId: 10272
Image: C:\Windows\explorer.exe
FileVersion: 10.0.19041.6456 (WinBuild.160101.0800)
Description: Windows Explorer
Product: Microsoft? Windows? Operating System
Company: Microsoft Corporation
OriginalFileName: EXPLORER.EXE
CommandLine: ""C:\Windows\explorer.exe"" C:\Users\Public\TempLogs 
CurrentDirectory: C:\Users\Emil Jinu\
User: DESKTOP-EJG8QJC\Emil Jinu
LogonGuid: {3a35410f-6604-6928-c9e6-200000000000}
LogonId: 0x20E6C9
TerminalSessionId: 1
IntegrityLevel: Medium
Hashes: MD5=24AD59ABAF730E71BC865922D8596008,SHA256=988A56D897915315EEF9CA679B3BC8ADFCECF5E227AEA99AAA1817620520E97E,IMPHASH=DBCE632ECED8243CB6090C1C87BE56BC
ParentProcessGuid: {3a35410f-717b-6928-7704-000000000b00}
ParentProcessId: 9908
ParentImage: C:\Windows\System32\WindowsPowerShell\v1.0\powershell.exe
ParentCommandLine: ""C:\Windows\System32\WindowsPowerShell\v1.0\powershell.exe"" 
ParentUser: DESKTOP-EJG8QJC\Emil Jinu"
"11/27/2025 9:15:54 PM","1","Information","Process Create:
RuleName: -
UtcTime: 2025-11-27 15:45:54.312
ProcessGuid: {3a35410f-7232-6928-9704-000000000b00}
ProcessId: 10956
Image: C:\Windows\explorer.exe
FileVersion: 10.0.19041.6456 (WinBuild.160101.0800)
Description: Windows Explorer
Product: Microsoft? Windows? Operating System
Company: Microsoft Corporation
OriginalFileName: EXPLORER.EXE
CommandLine: C:\Windows\explorer.exe /factory,{75dff2b7-6936-4c06-a8bb-676a7b00b24b} -Embedding
CurrentDirectory: C:\Windows\system32\
User: DESKTOP-EJG8QJC\Emil Jinu
LogonGuid: {3a35410f-6604-6928-c9e6-200000000000}
LogonId: 0x20E6C9
TerminalSessionId: 1
IntegrityLevel: Medium
Hashes: MD5=24AD59ABAF730E71BC865922D8596008,SHA256=988A56D897915315EEF9CA679B3BC8ADFCECF5E227AEA99AAA1817620520E97E,IMPHASH=DBCE632ECED8243CB6090C1C87BE56BC
ParentProcessGuid: {3a35410f-6567-6928-0d00-000000000b00}
ParentProcessId: 848
ParentImage: C:\Windows\System32\svchost.exe
ParentCommandLine: C:\Windows\system32\svchost.exe -k DcomLaunch -p
ParentUser: NT AUTHORITY\SYSTEM"
"11/27/2025 9:15:54 PM","1","Information","Process Create:
RuleName: -
UtcTime: 2025-11-27 15:45:54.226
ProcessGuid: {3a35410f-7232-6928-9604-000000000b00}
ProcessId: 10324
Image: C:\Windows\explorer.exe
FileVersion: 10.0.19041.6456 (WinBuild.160101.0800)
Description: Windows Explorer
Product: Microsoft? Windows? Operating System
Company: Microsoft Corporation
OriginalFileName: EXPLORER.EXE
CommandLine: ""C:\Windows\explorer.exe"" C:\Users\Public\Pictures 
CurrentDirectory: C:\Users\Emil Jinu\
User: DESKTOP-EJG8QJC\Emil Jinu
LogonGuid: {3a35410f-6604-6928-c9e6-200000000000}
LogonId: 0x20E6C9
TerminalSessionId: 1
IntegrityLevel: Medium
Hashes: MD5=24AD59ABAF730E71BC865922D8596008,SHA256=988A56D897915315EEF9CA679B3BC8ADFCECF5E227AEA99AAA1817620520E97E,IMPHASH=DBCE632ECED8243CB6090C1C87BE56BC
ParentProcessGuid: {3a35410f-717b-6928-7704-000000000b00}
ParentProcessId: 9908
ParentImage: C:\Windows\System32\WindowsPowerShell\v1.0\powershell.exe
ParentCommandLine: ""C:\Windows\System32\WindowsPowerShell\v1.0\powershell.exe"" 
ParentUser: DESKTOP-EJG8QJC\Emil Jinu"
"11/27/2025 9:15:53 PM","1","Information","Process Create:
RuleName: -
UtcTime: 2025-11-27 15:45:53.061
ProcessGuid: {3a35410f-7231-6928-9504-000000000b00}
ProcessId: 8388
Image: C:\Windows\explorer.exe
FileVersion: 10.0.19041.6456 (WinBuild.160101.0800)
Description: Windows Explorer
Product: Microsoft? Windows? Operating System
Company: Microsoft Corporation
OriginalFileName: EXPLORER.EXE
CommandLine: C:\Windows\explorer.exe /factory,{75dff2b7-6936-4c06-a8bb-676a7b00b24b} -Embedding
CurrentDirectory: C:\Windows\system32\
User: DESKTOP-EJG8QJC\Emil Jinu
LogonGuid: {3a35410f-6604-6928-c9e6-200000000000}
LogonId: 0x20E6C9
TerminalSessionId: 1
IntegrityLevel: Medium
Hashes: MD5=24AD59ABAF730E71BC865922D8596008,SHA256=988A56D897915315EEF9CA679B3BC8ADFCECF5E227AEA99AAA1817620520E97E,IMPHASH=DBCE632ECED8243CB6090C1C87BE56BC
ParentProcessGuid: {3a35410f-6567-6928-0d00-000000000b00}
ParentProcessId: 848
ParentImage: C:\Windows\System32\svchost.exe
ParentCommandLine: C:\Windows\system32\svchost.exe -k DcomLaunch -p
ParentUser: NT AUTHORITY\SYSTEM"
"11/27/2025 9:15:53 PM","1","Information","Process Create:
RuleName: -
UtcTime: 2025-11-27 15:45:53.002
ProcessGuid: {3a35410f-7231-6928-9404-000000000b00}
ProcessId: 9020
Image: C:\Windows\explorer.exe
FileVersion: 10.0.19041.6456 (WinBuild.160101.0800)
Description: Windows Explorer
Product: Microsoft? Windows? Operating System
Company: Microsoft Corporation
OriginalFileName: EXPLORER.EXE
CommandLine: ""C:\Windows\explorer.exe"" C:\Users\Public\Music 
CurrentDirectory: C:\Users\Emil Jinu\
User: DESKTOP-EJG8QJC\Emil Jinu
LogonGuid: {3a35410f-6604-6928-c9e6-200000000000}
LogonId: 0x20E6C9
TerminalSessionId: 1
IntegrityLevel: Medium
Hashes: MD5=24AD59ABAF730E71BC865922D8596008,SHA256=988A56D897915315EEF9CA679B3BC8ADFCECF5E227AEA99AAA1817620520E97E,IMPHASH=DBCE632ECED8243CB6090C1C87BE56BC
ParentProcessGuid: {3a35410f-717b-6928-7704-000000000b00}
ParentProcessId: 9908
ParentImage: C:\Windows\System32\WindowsPowerShell\v1.0\powershell.exe
ParentCommandLine: ""C:\Windows\System32\WindowsPowerShell\v1.0\powershell.exe"" 
ParentUser: DESKTOP-EJG8QJC\Emil Jinu"
"11/27/2025 9:15:51 PM","1","Information","Process Create:
RuleName: -
UtcTime: 2025-11-27 15:45:51.820
ProcessGuid: {3a35410f-722f-6928-9304-000000000b00}
ProcessId: 12944
Image: C:\Windows\explorer.exe
FileVersion: 10.0.19041.6456 (WinBuild.160101.0800)
Description: Windows Explorer
Product: Microsoft? Windows? Operating System
Company: Microsoft Corporation
OriginalFileName: EXPLORER.EXE
CommandLine: C:\Windows\explorer.exe /factory,{75dff2b7-6936-4c06-a8bb-676a7b00b24b} -Embedding
CurrentDirectory: C:\Windows\system32\
User: DESKTOP-EJG8QJC\Emil Jinu
LogonGuid: {3a35410f-6604-6928-c9e6-200000000000}
LogonId: 0x20E6C9
TerminalSessionId: 1
IntegrityLevel: Medium
Hashes: MD5=24AD59ABAF730E71BC865922D8596008,SHA256=988A56D897915315EEF9CA679B3BC8ADFCECF5E227AEA99AAA1817620520E97E,IMPHASH=DBCE632ECED8243CB6090C1C87BE56BC
ParentProcessGuid: {3a35410f-6567-6928-0d00-000000000b00}
ParentProcessId: 848
ParentImage: C:\Windows\System32\svchost.exe
ParentCommandLine: C:\Windows\system32\svchost.exe -k DcomLaunch -p
ParentUser: NT AUTHORITY\SYSTEM"
"11/27/2025 9:15:51 PM","1","Information","Process Create:
RuleName: -
UtcTime: 2025-11-27 15:45:51.770
ProcessGuid: {3a35410f-722f-6928-9204-000000000b00}
ProcessId: 11984
Image: C:\Windows\explorer.exe
FileVersion: 10.0.19041.6456 (WinBuild.160101.0800)
Description: Windows Explorer
Product: Microsoft? Windows? Operating System
Company: Microsoft Corporation
OriginalFileName: EXPLORER.EXE
CommandLine: ""C:\Windows\explorer.exe"" C:\Users\Public\Downloads 
CurrentDirectory: C:\Users\Emil Jinu\
User: DESKTOP-EJG8QJC\Emil Jinu
LogonGuid: {3a35410f-6604-6928-c9e6-200000000000}
LogonId: 0x20E6C9
TerminalSessionId: 1
IntegrityLevel: Medium
Hashes: MD5=24AD59ABAF730E71BC865922D8596008,SHA256=988A56D897915315EEF9CA679B3BC8ADFCECF5E227AEA99AAA1817620520E97E,IMPHASH=DBCE632ECED8243CB6090C1C87BE56BC
ParentProcessGuid: {3a35410f-717b-6928-7704-000000000b00}
ParentProcessId: 9908
ParentImage: C:\Windows\System32\WindowsPowerShell\v1.0\powershell.exe
ParentCommandLine: ""C:\Windows\System32\WindowsPowerShell\v1.0\powershell.exe"" 
ParentUser: DESKTOP-EJG8QJC\Emil Jinu"
"11/27/2025 9:15:50 PM","1","Information","Process Create:
RuleName: -
UtcTime: 2025-11-27 15:45:50.633
ProcessGuid: {3a35410f-722e-6928-9104-000000000b00}
ProcessId: 2652
Image: C:\Windows\explorer.exe
FileVersion: 10.0.19041.6456 (WinBuild.160101.0800)
Description: Windows Explorer
Product: Microsoft? Windows? Operating System
Company: Microsoft Corporation
OriginalFileName: EXPLORER.EXE
CommandLine: C:\Windows\explorer.exe /factory,{75dff2b7-6936-4c06-a8bb-676a7b00b24b} -Embedding
CurrentDirectory: C:\Windows\system32\
User: DESKTOP-EJG8QJC\Emil Jinu
LogonGuid: {3a35410f-6604-6928-c9e6-200000000000}
LogonId: 0x20E6C9
TerminalSessionId: 1
IntegrityLevel: Medium
Hashes: MD5=24AD59ABAF730E71BC865922D8596008,SHA256=988A56D897915315EEF9CA679B3BC8ADFCECF5E227AEA99AAA1817620520E97E,IMPHASH=DBCE632ECED8243CB6090C1C87BE56BC
ParentProcessGuid: {3a35410f-6567-6928-0d00-000000000b00}
ParentProcessId: 848
ParentImage: C:\Windows\System32\svchost.exe
ParentCommandLine: C:\Windows\system32\svchost.exe -k DcomLaunch -p
ParentUser: NT AUTHORITY\SYSTEM"
"11/27/2025 9:15:50 PM","1","Information","Process Create:
RuleName: -
UtcTime: 2025-11-27 15:45:50.593
ProcessGuid: {3a35410f-722e-6928-9004-000000000b00}
ProcessId: 5704
Image: C:\Windows\explorer.exe
FileVersion: 10.0.19041.6456 (WinBuild.160101.0800)
Description: Windows Explorer
Product: Microsoft? Windows? Operating System
Company: Microsoft Corporation
OriginalFileName: EXPLORER.EXE
CommandLine: ""C:\Windows\explorer.exe"" C:\Users\Public\Documents 
CurrentDirectory: C:\Users\Emil Jinu\
User: DESKTOP-EJG8QJC\Emil Jinu
LogonGuid: {3a35410f-6604-6928-c9e6-200000000000}
LogonId: 0x20E6C9
TerminalSessionId: 1
IntegrityLevel: Medium
Hashes: MD5=24AD59ABAF730E71BC865922D8596008,SHA256=988A56D897915315EEF9CA679B3BC8ADFCECF5E227AEA99AAA1817620520E97E,IMPHASH=DBCE632ECED8243CB6090C1C87BE56BC
ParentProcessGuid: {3a35410f-717b-6928-7704-000000000b00}
ParentProcessId: 9908
ParentImage: C:\Windows\System32\WindowsPowerShell\v1.0\powershell.exe
ParentCommandLine: ""C:\Windows\System32\WindowsPowerShell\v1.0\powershell.exe"" 
ParentUser: DESKTOP-EJG8QJC\Emil Jinu"
"11/27/2025 9:15:36 PM","1","Information","Process Create:
RuleName: -
UtcTime: 2025-11-27 15:45:36.682
ProcessGuid: {3a35410f-7220-6928-8d04-000000000b00}
ProcessId: 12468
Image: C:\Program Files (x86)\Microsoft\Edge\Application\msedge.exe
FileVersion: 142.0.3595.94
Description: Microsoft Edge
Product: Microsoft Edge
Company: Microsoft Corporation
OriginalFileName: msedge.exe
CommandLine: ""C:\Program Files (x86)\Microsoft\Edge\Application\msedge.exe"" --type=utility --utility-sub-type=edge_xpay_wallet.mojom.EdgeXPayWalletService --lang=en-US --service-sandbox-type=utility --ram-no-pressure-read-main-dll --metrics-shmem-handle=5940,i,8399020900438079403,11840232368951762116,524288 --field-trial-handle=2284,i,15516268460583269811,3696675730914894840,262144 --variations-seed-version --trace-process-track-uuid=3190709004115666625 --mojo-platform-channel-handle=6628 /prefetch:8
CurrentDirectory: C:\Program Files (x86)\Microsoft\Edge\Application\142.0.3595.94\
User: DESKTOP-EJG8QJC\Emil Jinu
LogonGuid: {3a35410f-6604-6928-c9e6-200000000000}
LogonId: 0x20E6C9
TerminalSessionId: 1
IntegrityLevel: Low
Hashes: MD5=CC88E8CBC96E0183F15A240EC2E6D7BB,SHA256=C089768E72071ACA205E6B77C0538F58A3896CE5B0F65BA9BD38CDAE263D8A03,IMPHASH=4C2A67DEB457B8BF9F317820EE11E05D
ParentProcessGuid: {3a35410f-700f-6928-4104-000000000b00}
ParentProcessId: 13500
ParentImage: C:\Program Files (x86)\Microsoft\Edge\Application\msedge.exe
ParentCommandLine: ""C:\Program Files (x86)\Microsoft\Edge\Application\msedge.exe"" --no-startup-window
ParentUser: DESKTOP-EJG8QJC\Emil Jinu"
"11/27/2025 9:13:46 PM","1","Information","Process Create:
RuleName: -
UtcTime: 2025-11-27 15:43:46.060
ProcessGuid: {3a35410f-71b2-6928-8c04-000000000b00}
ProcessId: 12472
Image: C:\Program Files\Windows NT\Accessories\wordpad.exe
FileVersion: 10.0.19041.6392 (WinBuild.160101.0800)
Description: Windows Wordpad Application
Product: Microsoft? Windows? Operating System
Company: Microsoft Corporation
OriginalFileName: WORDPAD.EXE
CommandLine: ""C:\Program Files\Windows NT\Accessories\wordpad.exe"" 
CurrentDirectory: C:\Users\Emil Jinu\
User: DESKTOP-EJG8QJC\Emil Jinu
LogonGuid: {3a35410f-6604-6928-c9e6-200000000000}
LogonId: 0x20E6C9
TerminalSessionId: 1
IntegrityLevel: Medium
Hashes: MD5=7D30889CC699CF86D1F533619D6118E4,SHA256=4B2E23A9130EA4ED8540071D7EBC9F02E5BCFE8EACA96CCCAB561FD8B7296C2E,IMPHASH=9315BEF4B5484B572936D208E8B654A0
ParentProcessGuid: {3a35410f-717b-6928-7704-000000000b00}
ParentProcessId: 9908
ParentImage: C:\Windows\System32\WindowsPowerShell\v1.0\powershell.exe
ParentCommandLine: ""C:\Windows\System32\WindowsPowerShell\v1.0\powershell.exe"" 
ParentUser: DESKTOP-EJG8QJC\Emil Jinu"
"11/27/2025 9:13:42 PM","1","Information","Process Create:
RuleName: -
UtcTime: 2025-11-27 15:43:42.758
ProcessGuid: {3a35410f-71ae-6928-8b04-000000000b00}
ProcessId: 12348
Image: C:\Program Files\Windows NT\Accessories\wordpad.exe
FileVersion: 10.0.19041.6392 (WinBuild.160101.0800)
Description: Windows Wordpad Application
Product: Microsoft? Windows? Operating System
Company: Microsoft Corporation
OriginalFileName: WORDPAD.EXE
CommandLine: ""C:\Program Files\Windows NT\Accessories\wordpad.exe"" 
CurrentDirectory: C:\Users\Emil Jinu\
User: DESKTOP-EJG8QJC\Emil Jinu
LogonGuid: {3a35410f-6604-6928-c9e6-200000000000}
LogonId: 0x20E6C9
TerminalSessionId: 1
IntegrityLevel: Medium
Hashes: MD5=7D30889CC699CF86D1F533619D6118E4,SHA256=4B2E23A9130EA4ED8540071D7EBC9F02E5BCFE8EACA96CCCAB561FD8B7296C2E,IMPHASH=9315BEF4B5484B572936D208E8B654A0
ParentProcessGuid: {3a35410f-717b-6928-7704-000000000b00}
ParentProcessId: 9908
ParentImage: C:\Windows\System32\WindowsPowerShell\v1.0\powershell.exe
ParentCommandLine: ""C:\Windows\System32\WindowsPowerShell\v1.0\powershell.exe"" 
ParentUser: DESKTOP-EJG8QJC\Emil Jinu"
"11/27/2025 9:13:39 PM","1","Information","Process Create:
RuleName: -
UtcTime: 2025-11-27 15:43:39.674
ProcessGuid: {3a35410f-71ab-6928-8a04-000000000b00}
ProcessId: 5648
Image: C:\Program Files\Windows NT\Accessories\wordpad.exe
FileVersion: 10.0.19041.6392 (WinBuild.160101.0800)
Description: Windows Wordpad Application
Product: Microsoft? Windows? Operating System
Company: Microsoft Corporation
OriginalFileName: WORDPAD.EXE
CommandLine: ""C:\Program Files\Windows NT\Accessories\wordpad.exe"" 
CurrentDirectory: C:\Users\Emil Jinu\
User: DESKTOP-EJG8QJC\Emil Jinu
LogonGuid: {3a35410f-6604-6928-c9e6-200000000000}
LogonId: 0x20E6C9
TerminalSessionId: 1
IntegrityLevel: Medium
Hashes: MD5=7D30889CC699CF86D1F533619D6118E4,SHA256=4B2E23A9130EA4ED8540071D7EBC9F02E5BCFE8EACA96CCCAB561FD8B7296C2E,IMPHASH=9315BEF4B5484B572936D208E8B654A0
ParentProcessGuid: {3a35410f-717b-6928-7704-000000000b00}
ParentProcessId: 9908
ParentImage: C:\Windows\System32\WindowsPowerShell\v1.0\powershell.exe
ParentCommandLine: ""C:\Windows\System32\WindowsPowerShell\v1.0\powershell.exe"" 
ParentUser: DESKTOP-EJG8QJC\Emil Jinu"
"11/27/2025 9:13:36 PM","1","Information","Process Create:
RuleName: -
UtcTime: 2025-11-27 15:43:36.583
ProcessGuid: {3a35410f-71a8-6928-8904-000000000b00}
ProcessId: 12916
Image: C:\Program Files\Windows NT\Accessories\wordpad.exe
FileVersion: 10.0.19041.6392 (WinBuild.160101.0800)
Description: Windows Wordpad Application
Product: Microsoft? Windows? Operating System
Company: Microsoft Corporation
OriginalFileName: WORDPAD.EXE
CommandLine: ""C:\Program Files\Windows NT\Accessories\wordpad.exe"" 
CurrentDirectory: C:\Users\Emil Jinu\
User: DESKTOP-EJG8QJC\Emil Jinu
LogonGuid: {3a35410f-6604-6928-c9e6-200000000000}
LogonId: 0x20E6C9
TerminalSessionId: 1
IntegrityLevel: Medium
Hashes: MD5=7D30889CC699CF86D1F533619D6118E4,SHA256=4B2E23A9130EA4ED8540071D7EBC9F02E5BCFE8EACA96CCCAB561FD8B7296C2E,IMPHASH=9315BEF4B5484B572936D208E8B654A0
ParentProcessGuid: {3a35410f-717b-6928-7704-000000000b00}
ParentProcessId: 9908
ParentImage: C:\Windows\System32\WindowsPowerShell\v1.0\powershell.exe
ParentCommandLine: ""C:\Windows\System32\WindowsPowerShell\v1.0\powershell.exe"" 
ParentUser: DESKTOP-EJG8QJC\Emil Jinu"
"11/27/2025 9:13:33 PM","1","Information","Process Create:
RuleName: -
UtcTime: 2025-11-27 15:43:33.375
ProcessGuid: {3a35410f-71a5-6928-8804-000000000b00}
ProcessId: 13468
Image: C:\Program Files\Windows NT\Accessories\wordpad.exe
FileVersion: 10.0.19041.6392 (WinBuild.160101.0800)
Description: Windows Wordpad Application
Product: Microsoft? Windows? Operating System
Company: Microsoft Corporation
OriginalFileName: WORDPAD.EXE
CommandLine: ""C:\Program Files\Windows NT\Accessories\wordpad.exe"" 
CurrentDirectory: C:\Users\Emil Jinu\
User: DESKTOP-EJG8QJC\Emil Jinu
LogonGuid: {3a35410f-6604-6928-c9e6-200000000000}
LogonId: 0x20E6C9
TerminalSessionId: 1
IntegrityLevel: Medium
Hashes: MD5=7D30889CC699CF86D1F533619D6118E4,SHA256=4B2E23A9130EA4ED8540071D7EBC9F02E5BCFE8EACA96CCCAB561FD8B7296C2E,IMPHASH=9315BEF4B5484B572936D208E8B654A0
ParentProcessGuid: {3a35410f-717b-6928-7704-000000000b00}
ParentProcessId: 9908
ParentImage: C:\Windows\System32\WindowsPowerShell\v1.0\powershell.exe
ParentCommandLine: ""C:\Windows\System32\WindowsPowerShell\v1.0\powershell.exe"" 
ParentUser: DESKTOP-EJG8QJC\Emil Jinu"
"11/27/2025 9:13:30 PM","1","Information","Process Create:
RuleName: -
UtcTime: 2025-11-27 15:43:30.170
ProcessGuid: {3a35410f-71a2-6928-8604-000000000b00}
ProcessId: 10944
Image: C:\Windows\System32\calc.exe
FileVersion: 10.0.19041.1 (WinBuild.160101.0800)
Description: Windows Calculator
Product: Microsoft? Windows? Operating System
Company: Microsoft Corporation
OriginalFileName: CALC.EXE
CommandLine: ""C:\Windows\system32\calc.exe"" 
CurrentDirectory: C:\Users\Emil Jinu\
User: DESKTOP-EJG8QJC\Emil Jinu
LogonGuid: {3a35410f-6604-6928-c9e6-200000000000}
LogonId: 0x20E6C9
TerminalSessionId: 1
IntegrityLevel: Medium
Hashes: MD5=5DA8C98136D98DFEC4716EDD79C7145F,SHA256=58189CBD4E6DC0C7D8E66B6A6F75652FC9F4AFC7CE0EBA7D67D8C3FEB0D5381F,IMPHASH=8EEAA9499666119D13B3F44ECD77A729
ParentProcessGuid: {3a35410f-717b-6928-7704-000000000b00}
ParentProcessId: 9908
ParentImage: C:\Windows\System32\WindowsPowerShell\v1.0\powershell.exe
ParentCommandLine: ""C:\Windows\System32\WindowsPowerShell\v1.0\powershell.exe"" 
ParentUser: DESKTOP-EJG8QJC\Emil Jinu"
"11/27/2025 9:13:27 PM","1","Information","Process Create:
RuleName: -
UtcTime: 2025-11-27 15:43:27.116
ProcessGuid: {3a35410f-719f-6928-8404-000000000b00}
ProcessId: 3948
Image: C:\Windows\System32\calc.exe
FileVersion: 10.0.19041.1 (WinBuild.160101.0800)
Description: Windows Calculator
Product: Microsoft? Windows? Operating System
Company: Microsoft Corporation
OriginalFileName: CALC.EXE
CommandLine: ""C:\Windows\system32\calc.exe"" 
CurrentDirectory: C:\Users\Emil Jinu\
User: DESKTOP-EJG8QJC\Emil Jinu
LogonGuid: {3a35410f-6604-6928-c9e6-200000000000}
LogonId: 0x20E6C9
TerminalSessionId: 1
IntegrityLevel: Medium
Hashes: MD5=5DA8C98136D98DFEC4716EDD79C7145F,SHA256=58189CBD4E6DC0C7D8E66B6A6F75652FC9F4AFC7CE0EBA7D67D8C3FEB0D5381F,IMPHASH=8EEAA9499666119D13B3F44ECD77A729
ParentProcessGuid: {3a35410f-717b-6928-7704-000000000b00}
ParentProcessId: 9908
ParentImage: C:\Windows\System32\WindowsPowerShell\v1.0\powershell.exe
ParentCommandLine: ""C:\Windows\System32\WindowsPowerShell\v1.0\powershell.exe"" 
ParentUser: DESKTOP-EJG8QJC\Emil Jinu"
"11/27/2025 9:13:24 PM","1","Information","Process Create:
RuleName: -
UtcTime: 2025-11-27 15:43:24.056
ProcessGuid: {3a35410f-719c-6928-8204-000000000b00}
ProcessId: 4772
Image: C:\Windows\System32\calc.exe
FileVersion: 10.0.19041.1 (WinBuild.160101.0800)
Description: Windows Calculator
Product: Microsoft? Windows? Operating System
Company: Microsoft Corporation
OriginalFileName: CALC.EXE
CommandLine: ""C:\Windows\system32\calc.exe"" 
CurrentDirectory: C:\Users\Emil Jinu\
User: DESKTOP-EJG8QJC\Emil Jinu
LogonGuid: {3a35410f-6604-6928-c9e6-200000000000}
LogonId: 0x20E6C9
TerminalSessionId: 1
IntegrityLevel: Medium
Hashes: MD5=5DA8C98136D98DFEC4716EDD79C7145F,SHA256=58189CBD4E6DC0C7D8E66B6A6F75652FC9F4AFC7CE0EBA7D67D8C3FEB0D5381F,IMPHASH=8EEAA9499666119D13B3F44ECD77A729
ParentProcessGuid: {3a35410f-717b-6928-7704-000000000b00}
ParentProcessId: 9908
ParentImage: C:\Windows\System32\WindowsPowerShell\v1.0\powershell.exe
ParentCommandLine: ""C:\Windows\System32\WindowsPowerShell\v1.0\powershell.exe"" 
ParentUser: DESKTOP-EJG8QJC\Emil Jinu"
"11/27/2025 9:13:21 PM","1","Information","Process Create:
RuleName: -
UtcTime: 2025-11-27 15:43:21.011
ProcessGuid: {3a35410f-7199-6928-8004-000000000b00}
ProcessId: 7944
Image: C:\Windows\System32\calc.exe
FileVersion: 10.0.19041.1 (WinBuild.160101.0800)
Description: Windows Calculator
Product: Microsoft? Windows? Operating System
Company: Microsoft Corporation
OriginalFileName: CALC.EXE
CommandLine: ""C:\Windows\system32\calc.exe"" 
CurrentDirectory: C:\Users\Emil Jinu\
User: DESKTOP-EJG8QJC\Emil Jinu
LogonGuid: {3a35410f-6604-6928-c9e6-200000000000}
LogonId: 0x20E6C9
TerminalSessionId: 1
IntegrityLevel: Medium
Hashes: MD5=5DA8C98136D98DFEC4716EDD79C7145F,SHA256=58189CBD4E6DC0C7D8E66B6A6F75652FC9F4AFC7CE0EBA7D67D8C3FEB0D5381F,IMPHASH=8EEAA9499666119D13B3F44ECD77A729
ParentProcessGuid: {3a35410f-717b-6928-7704-000000000b00}
ParentProcessId: 9908
ParentImage: C:\Windows\System32\WindowsPowerShell\v1.0\powershell.exe
ParentCommandLine: ""C:\Windows\System32\WindowsPowerShell\v1.0\powershell.exe"" 
ParentUser: DESKTOP-EJG8QJC\Emil Jinu"
"11/27/2025 9:13:19 PM","13","Information","Registry value set:
RuleName: InvDB-Ver
EventType: SetValue
UtcTime: 2025-11-27 15:43:19.303
ProcessGuid: {3a35410f-656a-6928-3e00-000000000b00}
ProcessId: 2740
Image: C:\Windows\System32\svchost.exe
TargetObject: \REGISTRY\A\{9309e89c-9321-cf1a-3889-0090faa6586f}\Root\InventoryApplicationFile\calc.exe|cc956044a5a77123\BinProductVersion
Details: 10.0.19041.1
User: NT AUTHORITY\SYSTEM"
"11/27/2025 9:13:19 PM","13","Information","Registry value set:
RuleName: InvDB-CompileTimeClaim
EventType: SetValue
UtcTime: 2025-11-27 15:43:19.303
ProcessGuid: {3a35410f-656a-6928-3e00-000000000b00}
ProcessId: 2740
Image: C:\Windows\System32\svchost.exe
TargetObject: \REGISTRY\A\{9309e89c-9321-cf1a-3889-0090faa6586f}\Root\InventoryApplicationFile\calc.exe|cc956044a5a77123\LinkDate
Details: 09/24/1971 16:02:24
User: NT AUTHORITY\SYSTEM"
"11/27/2025 9:13:19 PM","13","Information","Registry value set:
RuleName: InvDB-Pub
EventType: SetValue
UtcTime: 2025-11-27 15:43:19.303
ProcessGuid: {3a35410f-656a-6928-3e00-000000000b00}
ProcessId: 2740
Image: C:\Windows\System32\svchost.exe
TargetObject: \REGISTRY\A\{9309e89c-9321-cf1a-3889-0090faa6586f}\Root\InventoryApplicationFile\calc.exe|cc956044a5a77123\Publisher
Details: microsoft corporation
User: NT AUTHORITY\SYSTEM"
"11/27/2025 9:13:19 PM","13","Information","Registry value set:
RuleName: InvDB-Path
EventType: SetValue
UtcTime: 2025-11-27 15:43:19.303
ProcessGuid: {3a35410f-656a-6928-3e00-000000000b00}
ProcessId: 2740
Image: C:\Windows\System32\svchost.exe
TargetObject: \REGISTRY\A\{9309e89c-9321-cf1a-3889-0090faa6586f}\Root\InventoryApplicationFile\calc.exe|cc956044a5a77123\LowerCaseLongPath
Details: c:\windows\system32\calc.exe
User: NT AUTHORITY\SYSTEM"
