"11/27/2025 10:37:37 PM","1","Information","Process Create:
RuleName: -
UtcTime: 2025-11-27 17:07:37.393
ProcessGuid: {3a35410f-8559-6928-5906-000000000b00}
ProcessId: 7632
Image: C:\Program Files\BraveSoftware\Brave-Browser\Application\brave.exe
FileVersion: 142.1.84.141
Description: Brave Browser
Product: Brave Browser
Company: Brave Software, Inc.
OriginalFileName: brave.exe
CommandLine: ""C:\Program Files\BraveSoftware\Brave-Browser\Application\brave.exe"" --type=renderer --enable-distillability-service --origin-trial-public-key=bYUKPJoPnCxeNvu72j4EmPuK7tr1PAC7SHh8ld9Mw3E=,fMS4mpO6buLQ/QMd+zJmxzty/VQ6B1EUZqoCU04zoRU= --disable-gpu-compositing --video-capture-use-gpu-memory-buffer --lang=en-US --device-scale-factor=1 --num-raster-threads=2 --enable-main-frame-before-activation --renderer-client-id=13 --time-ticks-at-unix-epoch=-1764255042940614 --launch-time-ticks=8202231017 --metrics-shmem-handle=6096,i,14609297868461423396,6131355832558516822,2097152 --field-trial-handle=2124,i,3400961170560780111,14988296868254825826,262144 --variations-seed-version=main@69c2005032bb14f803911c3458ab063c42bfa450 --trace-process-track-uuid=3190708998493415531 --mojo-platform-channel-handle=5936 /prefetch:1
CurrentDirectory: C:\Program Files\BraveSoftware\Brave-Browser\Application\142.1.84.141\
User: DESKTOP-EJG8QJC\Emil Jinu
LogonGuid: {3a35410f-6604-6928-c9e6-200000000000}
LogonId: 0x20E6C9
TerminalSessionId: 1
IntegrityLevel: Low
Hashes: MD5=D4E095946579C449803E47CFA028475E,SHA256=234A39FA17CC44BD8F5610B61997B7C69B289BC664A4D6B0AD8141ECC6685D2D,IMPHASH=3E82AE93B8102462DDA81604AF164E8E
ParentProcessGuid: {3a35410f-81a1-6928-9a05-000000000b00}
ParentProcessId: 6772
ParentImage: C:\Program Files\BraveSoftware\Brave-Browser\Application\brave.exe
ParentCommandLine: ""C:\Program Files\BraveSoftware\Brave-Browser\Application\brave.exe"" 
ParentUser: DESKTOP-EJG8QJC\Emil Jinu"
"11/27/2025 10:36:39 PM","1","Information","Process Create:
RuleName: -
UtcTime: 2025-11-27 17:06:39.033
ProcessGuid: {3a35410f-851f-6928-5206-000000000b00}
ProcessId: 14972
Image: C:\Windows\System32\svchost.exe
FileVersion: 10.0.19041.5794 (WinBuild.160101.0800)
Description: Host Process for Windows Services
Product: Microsoft? Windows? Operating System
Company: Microsoft Corporation
OriginalFileName: svchost.exe
CommandLine: C:\Windows\system32\svchost.exe -k netsvcs -p -s gpsvc
CurrentDirectory: C:\Windows\system32\
User: NT AUTHORITY\SYSTEM
LogonGuid: {3a35410f-6567-6928-e703-000000000000}
LogonId: 0x3E7
TerminalSessionId: 0
IntegrityLevel: System
Hashes: MD5=3D1034D6ED3DAED60816A25C561E8C83,SHA256=B0B36BFF7AE4057F687D839CD4B3D81159AB646F1EE1B22106A927E93DECBB61,IMPHASH=F9BBD96FAE53B7A31264A703CAFA0666
ParentProcessGuid: {3a35410f-6567-6928-0b00-000000000b00}
ParentProcessId: 708
ParentImage: C:\Windows\System32\services.exe
ParentCommandLine: C:\Windows\system32\services.exe
ParentUser: NT AUTHORITY\SYSTEM"
"11/27/2025 10:36:06 PM","5","Information","Process terminated:
RuleName: -
UtcTime: 2025-11-27 17:06:06.405
ProcessGuid: {3a35410f-8145-6928-6205-000000000b00}
ProcessId: 9116
Image: C:\Users\Emil Jinu\AppData\Local\Microsoft\OneDrive\25.209.1026.0002\FileCoAuth.exe
User: DESKTOP-EJG8QJC\Emil Jinu"
"11/27/2025 10:35:40 PM","1","Information","Process Create:
RuleName: -
UtcTime: 2025-11-27 17:05:40.942
ProcessGuid: {3a35410f-84e4-6928-5106-000000000b00}
ProcessId: 6912
Image: C:\Windows\System32\LocationNotificationWindows.exe
FileVersion: 10.0.19041.5915 (WinBuild.160101.0800)
Description: Location Notification
Product: Microsoft? Windows? Operating System
Company: Microsoft Corporation
OriginalFileName: LocationNotificationWindows.exe
CommandLine: ""C:\Windows\System32\LocationNotificationWindows.exe""
CurrentDirectory: C:\Windows\system32\
User: DESKTOP-EJG8QJC\Emil Jinu
LogonGuid: {3a35410f-6604-6928-c9e6-200000000000}
LogonId: 0x20E6C9
TerminalSessionId: 1
IntegrityLevel: Medium
Hashes: MD5=78304DE7BC9427229F70FC0CCF7C0CF1,SHA256=82CFEF287D60D9F04E5F0E4FB915D71CC71C1AD260F90941F4ADEE515896BBE7,IMPHASH=BFB647E172E5CBBCE5676BA2E6097869
ParentProcessGuid: {3a35410f-6568-6928-2400-000000000b00}
ParentProcessId: 1532
ParentImage: C:\Windows\System32\svchost.exe
ParentCommandLine: C:\Windows\system32\svchost.exe -k netsvcs -p -s Schedule
ParentUser: NT AUTHORITY\SYSTEM"
"11/27/2025 10:35:15 PM","13","Information","Registry value set:
RuleName: T1042
EventType: SetValue
UtcTime: 2025-11-27 17:05:15.240
ProcessGuid: {3a35410f-83b4-6928-2006-000000000b00}
ProcessId: 12920
Image: C:\Windows\explorer.exe
TargetObject: HKU\S-1-5-21-3351607045-2108423416-1727308141-1001\SOFTWARE\Microsoft\Windows\CurrentVersion\Explorer\FileExts\.exe\OpenWithProgids\exefile
Details: Binary Data
User: DESKTOP-EJG8QJC\Emil Jinu"
"11/27/2025 10:34:20 PM","1","Information","Process Create:
RuleName: -
UtcTime: 2025-11-27 17:04:20.267
ProcessGuid: {3a35410f-8494-6928-4e06-000000000b00}
ProcessId: 10752
Image: C:\Program Files\WindowsApps\Microsoft.DesktopAppInstaller_1.27.350.0_x64__8wekyb3d8bbwe\AppInstallerPythonRedirector.exe
FileVersion: -
Description: -
Product: -
Company: -
OriginalFileName: -
CommandLine: ""C:\Users\Emil Jinu\AppData\Local\Microsoft\WindowsApps\python.exe"" -c ""print('Hello benign world')""
CurrentDirectory: C:\Windows\system32\
User: DESKTOP-EJG8QJC\Emil Jinu
LogonGuid: {3a35410f-6604-6928-9de6-200000000000}
LogonId: 0x20E69D
TerminalSessionId: 1
IntegrityLevel: High
Hashes: MD5=85C281812D968EFC3BFFA14B7E8C8C9A,SHA256=F7766CE2562951DC35E2A0F4E7EA15ED7EDE46E31138995C768BC29E8D5E9039,IMPHASH=6E0D0CF457C451D259D9CD8044299E23
ParentProcessGuid: {3a35410f-8459-6928-4406-000000000b00}
ParentProcessId: 11236
ParentImage: C:\Windows\System32\WindowsPowerShell\v1.0\powershell.exe
ParentCommandLine: ""C:\Windows\System32\WindowsPowerShell\v1.0\powershell.exe"" 
ParentUser: DESKTOP-EJG8QJC\Emil Jinu"
"11/27/2025 10:34:11 PM","1","Information","Process Create:
RuleName: -
UtcTime: 2025-11-27 17:04:11.319
ProcessGuid: {3a35410f-848b-6928-4c06-000000000b00}
ProcessId: 14680
Image: C:\Windows\System32\mspaint.exe
FileVersion: 10.0.19041.5553 (WinBuild.160101.0800)
Description: Paint
Product: Microsoft? Windows? Operating System
Company: Microsoft Corporation
OriginalFileName: MSPAINT.EXE
CommandLine: ""C:\Windows\system32\mspaint.exe"" 
CurrentDirectory: C:\Windows\system32\
User: DESKTOP-EJG8QJC\Emil Jinu
LogonGuid: {3a35410f-6604-6928-9de6-200000000000}
LogonId: 0x20E69D
TerminalSessionId: 1
IntegrityLevel: High
Hashes: MD5=FA534C7C1F54F9FB8BA99FC99C505651,SHA256=94F22AE686874A5F016AACF7F74F679DECC8D52A39DFDF31DCD5133739BBA532,IMPHASH=AD9649A74DB256ECAB874BD416C46A98
ParentProcessGuid: {3a35410f-8459-6928-4406-000000000b00}
ParentProcessId: 11236
ParentImage: C:\Windows\System32\WindowsPowerShell\v1.0\powershell.exe
ParentCommandLine: ""C:\Windows\System32\WindowsPowerShell\v1.0\powershell.exe"" 
ParentUser: DESKTOP-EJG8QJC\Emil Jinu"
"11/27/2025 10:34:00 PM","1","Information","Process Create:
RuleName: -
UtcTime: 2025-11-27 17:04:00.777
ProcessGuid: {3a35410f-8480-6928-4b06-000000000b00}
ProcessId: 10884
Image: C:\Windows\System32\wuauclt.exe
FileVersion: 10.0.19041.6093 (WinBuild.160101.0800)
Description: Windows Update
Product: Microsoft? Windows? Operating System
Company: Microsoft Corporation
OriginalFileName: wuauclt.exe
CommandLine: ""C:\Windows\system32\wuauclt.exe"" /detectnow
CurrentDirectory: C:\Windows\system32\
User: DESKTOP-EJG8QJC\Emil Jinu
LogonGuid: {3a35410f-6604-6928-9de6-200000000000}
LogonId: 0x20E69D
TerminalSessionId: 1
IntegrityLevel: High
Hashes: MD5=A611D7704181948A2AB2EEC4D83D3D94,SHA256=F18B12C9814E414020C509738125A3DFE58FB5E54B364D95BB7C9FC5E07EAC18,IMPHASH=4B8FE5776F4B2701D5FA4E3F02F612FE
ParentProcessGuid: {3a35410f-8459-6928-4406-000000000b00}
ParentProcessId: 11236
ParentImage: C:\Windows\System32\WindowsPowerShell\v1.0\powershell.exe
ParentCommandLine: ""C:\Windows\System32\WindowsPowerShell\v1.0\powershell.exe"" 
ParentUser: DESKTOP-EJG8QJC\Emil Jinu"
"11/27/2025 10:34:00 PM","1","Information","Process Create:
RuleName: -
UtcTime: 2025-11-27 17:04:00.746
ProcessGuid: {3a35410f-8480-6928-4a06-000000000b00}
ProcessId: 5108
Image: C:\Windows\System32\msiexec.exe
FileVersion: 5.0.19041.4651 (WinBuild.160101.0800)
Description: Windows? installer
Product: Windows Installer - Unicode
Company: Microsoft Corporation
OriginalFileName: msiexec.exe
CommandLine: ""C:\Windows\system32\msiexec.exe"" /? 
CurrentDirectory: C:\Windows\system32\
User: DESKTOP-EJG8QJC\Emil Jinu
LogonGuid: {3a35410f-6604-6928-9de6-200000000000}
LogonId: 0x20E69D
TerminalSessionId: 1
IntegrityLevel: High
Hashes: MD5=78912EA8790DE51D2C7CEB9B8C572346,SHA256=D53E90AF814F61E09BFF87A883A3B0DCB7DCF883F17A2425A62A2D4B5A9407FB,IMPHASH=0990A9500FF8DF93E0E059EE13E7C796
ParentProcessGuid: {3a35410f-8459-6928-4406-000000000b00}
ParentProcessId: 11236
ParentImage: C:\Windows\System32\WindowsPowerShell\v1.0\powershell.exe
ParentCommandLine: ""C:\Windows\System32\WindowsPowerShell\v1.0\powershell.exe"" 
ParentUser: DESKTOP-EJG8QJC\Emil Jinu"
"11/27/2025 10:33:48 PM","13","Information","Registry value set:
RuleName: InvDB-Ver
EventType: SetValue
UtcTime: 2025-11-27 17:03:48.365
ProcessGuid: {3a35410f-656a-6928-3e00-000000000b00}
ProcessId: 2740
Image: C:\Windows\System32\svchost.exe
TargetObject: \REGISTRY\A\{9309e89c-9321-cf1a-3889-0090faa6586f}\Root\InventoryApplicationFile\netstat.exe|ce8db1f5bbf4e72d\BinProductVersion
Details: 10.0.19041.1
User: NT AUTHORITY\SYSTEM"
"11/27/2025 10:33:48 PM","13","Information","Registry value set:
RuleName: InvDB-CompileTimeClaim
EventType: SetValue
UtcTime: 2025-11-27 17:03:48.365
ProcessGuid: {3a35410f-656a-6928-3e00-000000000b00}
ProcessId: 2740
Image: C:\Windows\System32\svchost.exe
TargetObject: \REGISTRY\A\{9309e89c-9321-cf1a-3889-0090faa6586f}\Root\InventoryApplicationFile\netstat.exe|ce8db1f5bbf4e72d\LinkDate
Details: 05/20/2052 10:39:55
User: NT AUTHORITY\SYSTEM"
"11/27/2025 10:33:48 PM","13","Information","Registry value set:
RuleName: InvDB-Pub
EventType: SetValue
UtcTime: 2025-11-27 17:03:48.365
ProcessGuid: {3a35410f-656a-6928-3e00-000000000b00}
ProcessId: 2740
Image: C:\Windows\System32\svchost.exe
TargetObject: \REGISTRY\A\{9309e89c-9321-cf1a-3889-0090faa6586f}\Root\InventoryApplicationFile\netstat.exe|ce8db1f5bbf4e72d\Publisher
Details: microsoft corporation
User: NT AUTHORITY\SYSTEM"
"11/27/2025 10:33:48 PM","13","Information","Registry value set:
RuleName: InvDB-Path
EventType: SetValue
UtcTime: 2025-11-27 17:03:48.365
ProcessGuid: {3a35410f-656a-6928-3e00-000000000b00}
ProcessId: 2740
Image: C:\Windows\System32\svchost.exe
TargetObject: \REGISTRY\A\{9309e89c-9321-cf1a-3889-0090faa6586f}\Root\InventoryApplicationFile\netstat.exe|ce8db1f5bbf4e72d\LowerCaseLongPath
Details: c:\windows\system32\netstat.exe
User: NT AUTHORITY\SYSTEM"
"11/27/2025 10:33:48 PM","13","Information","Registry value set:
RuleName: InvDB-Ver
EventType: SetValue
UtcTime: 2025-11-27 17:03:48.339
ProcessGuid: {3a35410f-656a-6928-3e00-000000000b00}
ProcessId: 2740
Image: C:\Windows\System32\svchost.exe
TargetObject: \REGISTRY\A\{9309e89c-9321-cf1a-3889-0090faa6586f}\Root\InventoryApplicationFile\whoami.exe|7380676a876ce9b1\BinProductVersion
Details: 10.0.19041.1
User: NT AUTHORITY\SYSTEM"
"11/27/2025 10:33:48 PM","13","Information","Registry value set:
RuleName: InvDB-CompileTimeClaim
EventType: SetValue
UtcTime: 2025-11-27 17:03:48.339
ProcessGuid: {3a35410f-656a-6928-3e00-000000000b00}
ProcessId: 2740
Image: C:\Windows\System32\svchost.exe
TargetObject: \REGISTRY\A\{9309e89c-9321-cf1a-3889-0090faa6586f}\Root\InventoryApplicationFile\whoami.exe|7380676a876ce9b1\LinkDate
Details: 03/20/1978 17:33:14
User: NT AUTHORITY\SYSTEM"
"11/27/2025 10:33:48 PM","13","Information","Registry value set:
RuleName: InvDB-Pub
EventType: SetValue
UtcTime: 2025-11-27 17:03:48.339
ProcessGuid: {3a35410f-656a-6928-3e00-000000000b00}
ProcessId: 2740
Image: C:\Windows\System32\svchost.exe
TargetObject: \REGISTRY\A\{9309e89c-9321-cf1a-3889-0090faa6586f}\Root\InventoryApplicationFile\whoami.exe|7380676a876ce9b1\Publisher
Details: microsoft corporation
User: NT AUTHORITY\SYSTEM"
"11/27/2025 10:33:48 PM","13","Information","Registry value set:
RuleName: InvDB-Path
EventType: SetValue
UtcTime: 2025-11-27 17:03:48.339
ProcessGuid: {3a35410f-656a-6928-3e00-000000000b00}
ProcessId: 2740
Image: C:\Windows\System32\svchost.exe
TargetObject: \REGISTRY\A\{9309e89c-9321-cf1a-3889-0090faa6586f}\Root\InventoryApplicationFile\whoami.exe|7380676a876ce9b1\LowerCaseLongPath
Details: c:\windows\system32\whoami.exe
User: NT AUTHORITY\SYSTEM"
"11/27/2025 10:33:47 PM","1","Information","Process Create:
RuleName: -
UtcTime: 2025-11-27 17:03:47.535
ProcessGuid: {3a35410f-8473-6928-4806-000000000b00}
ProcessId: 6976
Image: C:\Windows\System32\tasklist.exe
FileVersion: 10.0.19041.1 (WinBuild.160101.0800)
Description: Lists the current running tasks
Product: Microsoft? Windows? Operating System
Company: Microsoft Corporation
OriginalFileName: tasklist.exe
CommandLine: ""C:\Windows\system32\tasklist.exe""
CurrentDirectory: C:\Windows\system32\
User: DESKTOP-EJG8QJC\Emil Jinu
LogonGuid: {3a35410f-6604-6928-9de6-200000000000}
LogonId: 0x20E69D
TerminalSessionId: 1
IntegrityLevel: High
Hashes: MD5=D0A49A170E13D7F6AEBBEFED9DF88AAA,SHA256=BE7241A74FE9A9D30E0631E41533A362B21C8F7AAE3E5B6AD319CC15C024EC3F,IMPHASH=4C8D21C644C980DB3FF94E27BAD14C18
ParentProcessGuid: {3a35410f-8459-6928-4406-000000000b00}
ParentProcessId: 11236
ParentImage: C:\Windows\System32\WindowsPowerShell\v1.0\powershell.exe
ParentCommandLine: ""C:\Windows\System32\WindowsPowerShell\v1.0\powershell.exe"" 
ParentUser: DESKTOP-EJG8QJC\Emil Jinu"
"11/27/2025 10:33:47 PM","1","Information","Process Create:
RuleName: -
UtcTime: 2025-11-27 17:03:47.447
ProcessGuid: {3a35410f-8473-6928-4706-000000000b00}
ProcessId: 1696
Image: C:\Windows\System32\NETSTAT.EXE
FileVersion: 10.0.19041.1 (WinBuild.160101.0800)
Description: TCP/IP Netstat Command
Product: Microsoft? Windows? Operating System
Company: Microsoft Corporation
OriginalFileName: netstat.exe
CommandLine: ""C:\Windows\system32\NETSTAT.EXE"" -an
CurrentDirectory: C:\Windows\system32\
User: DESKTOP-EJG8QJC\Emil Jinu
LogonGuid: {3a35410f-6604-6928-9de6-200000000000}
LogonId: 0x20E69D
TerminalSessionId: 1
IntegrityLevel: High
Hashes: MD5=7FDDD6681EA81CE26E64452336F479E6,SHA256=B094E827AF70241D71BED9767EC1A254FDC4164A646B2BA4C7105CD783ADBA0D,IMPHASH=F495C58FFEE3A623AD7AAA6BE78756D5
ParentProcessGuid: {3a35410f-8459-6928-4406-000000000b00}
ParentProcessId: 11236
ParentImage: C:\Windows\System32\WindowsPowerShell\v1.0\powershell.exe
ParentCommandLine: ""C:\Windows\System32\WindowsPowerShell\v1.0\powershell.exe"" 
ParentUser: DESKTOP-EJG8QJC\Emil Jinu"
"11/27/2025 10:33:47 PM","1","Information","Process Create:
RuleName: -
UtcTime: 2025-11-27 17:03:47.358
ProcessGuid: {3a35410f-8473-6928-4606-000000000b00}
ProcessId: 15144
Image: C:\Windows\System32\whoami.exe
FileVersion: 10.0.19041.1 (WinBuild.160101.0800)
Description: whoami - displays logged on user information
Product: Microsoft? Windows? Operating System
Company: Microsoft Corporation
OriginalFileName: whoami.exe
CommandLine: ""C:\Windows\system32\whoami.exe""
CurrentDirectory: C:\Windows\system32\
User: DESKTOP-EJG8QJC\Emil Jinu
LogonGuid: {3a35410f-6604-6928-9de6-200000000000}
LogonId: 0x20E69D
TerminalSessionId: 1
IntegrityLevel: High
Hashes: MD5=A4A6924F3EAF97981323703D38FD99C4,SHA256=1D4902A04D99E8CCBFE7085E63155955FEE397449D386453F6C452AE407B8743,IMPHASH=7FF0758B766F747CE57DFAC70743FB88
ParentProcessGuid: {3a35410f-8459-6928-4406-000000000b00}
ParentProcessId: 11236
ParentImage: C:\Windows\System32\WindowsPowerShell\v1.0\powershell.exe
ParentCommandLine: ""C:\Windows\System32\WindowsPowerShell\v1.0\powershell.exe"" 
ParentUser: DESKTOP-EJG8QJC\Emil Jinu"
"11/27/2025 10:33:22 PM","11","Information","File created:
RuleName: -
UtcTime: 2025-11-27 17:03:22.784
ProcessGuid: {3a35410f-8459-6928-4406-000000000b00}
ProcessId: 11236
Image: C:\Windows\System32\WindowsPowerShell\v1.0\powershell.exe
TargetFilename: C:\Users\Emil Jinu\AppData\Local\Temp\__PSScriptPolicyTest_gymqh1el.alq.ps1
CreationUtcTime: 2025-11-27 17:03:22.784
User: DESKTOP-EJG8QJC\Emil Jinu"
"11/27/2025 10:33:21 PM","1","Information","Process Create:
RuleName: -
UtcTime: 2025-11-27 17:03:21.618
ProcessGuid: {3a35410f-8459-6928-4406-000000000b00}
ProcessId: 11236
Image: C:\Windows\System32\WindowsPowerShell\v1.0\powershell.exe
FileVersion: 10.0.19041.3996 (WinBuild.160101.0800)
Description: Windows PowerShell
Product: Microsoft? Windows? Operating System
Company: Microsoft Corporation
OriginalFileName: PowerShell.EXE
CommandLine: ""C:\Windows\System32\WindowsPowerShell\v1.0\powershell.exe"" 
CurrentDirectory: C:\Windows\system32\
User: DESKTOP-EJG8QJC\Emil Jinu
LogonGuid: {3a35410f-6604-6928-9de6-200000000000}
LogonId: 0x20E69D
TerminalSessionId: 1
IntegrityLevel: High
Hashes: MD5=2E5A8590CF6848968FC23DE3FA1E25F1,SHA256=9785001B0DCF755EDDB8AF294A373C0B87B2498660F724E76C4D53F9C217C7A3,IMPHASH=3D08F4848535206D772DE145804FF4B6
ParentProcessGuid: {3a35410f-82db-6928-ef05-000000000b00}
ParentProcessId: 13644
ParentImage: C:\Windows\System32\RuntimeBroker.exe
ParentCommandLine: C:\Windows\System32\RuntimeBroker.exe -Embedding
ParentUser: DESKTOP-EJG8QJC\Emil Jinu"
"11/27/2025 10:33:21 PM","1","Information","Process Create:
RuleName: -
UtcTime: 2025-11-27 17:03:21.568
ProcessGuid: {3a35410f-8459-6928-4306-000000000b00}
ProcessId: 14260
Image: C:\Windows\System32\AtBroker.exe
FileVersion: 10.0.19041.4355 (WinBuild.160101.0800)
Description: Windows Assistive Technology Manager
Product: Microsoft? Windows? Operating System
Company: Microsoft Corporation
OriginalFileName: ATBroker.exe
CommandLine: atbroker.exe
CurrentDirectory: C:\Windows\system32\
User: DESKTOP-EJG8QJC\Emil Jinu
LogonGuid: {3a35410f-6604-6928-c9e6-200000000000}
LogonId: 0x20E6C9
TerminalSessionId: 1
IntegrityLevel: Medium
Hashes: MD5=D0671A805A2E76925DE3154741289B08,SHA256=D3EB72A2E4BC302D15D1B6DCA9B4E0EFE550D40351D5C90700D8B3D7314C2830,IMPHASH=468490D98938AAE93ECC62C54A775DC2
ParentProcessGuid: {3a35410f-6567-6928-0a00-000000000b00}
ParentProcessId: 652
ParentImage: C:\Windows\System32\winlogon.exe
ParentCommandLine: winlogon.exe
ParentUser: NT AUTHORITY\SYSTEM"
"11/27/2025 10:33:18 PM","1","Information","Process Create:
RuleName: -
UtcTime: 2025-11-27 17:03:18.073
ProcessGuid: {3a35410f-8456-6928-4206-000000000b00}
ProcessId: 1812
Image: C:\Windows\System32\sethc.exe
FileVersion: 10.0.19041.4355 (WinBuild.160101.0800)
Description: Accessibility shortcut keys
Product: Microsoft? Windows? Operating System
Company: Microsoft Corporation
OriginalFileName: sethc.exe
CommandLine: ""C:\Windows\System32\Sethc.exe"" /AccessibilitySoundAgent
CurrentDirectory: C:\Windows\system32\
User: NT AUTHORITY\SYSTEM
LogonGuid: {3a35410f-6567-6928-e703-000000000000}
LogonId: 0x3E7
TerminalSessionId: 1
IntegrityLevel: System
Hashes: MD5=6757FB47E95B8DB4F5D1C857B13642DC,SHA256=7B58305C6200E683AF425A8FCA93FCFCAA181A853529AE67BB368804FFE44EE9,IMPHASH=75513610A189F950956F5109A96D84D3
ParentProcessGuid: {3a35410f-8455-6928-4106-000000000b00}
ParentProcessId: 11600
ParentImage: C:\Windows\System32\AtBroker.exe
ParentCommandLine: atbroker.exe
ParentUser: NT AUTHORITY\SYSTEM"
"11/27/2025 10:33:17 PM","1","Information","Process Create:
RuleName: -
UtcTime: 2025-11-27 17:03:17.553
ProcessGuid: {3a35410f-8455-6928-4106-000000000b00}
ProcessId: 11600
Image: C:\Windows\System32\AtBroker.exe
FileVersion: 10.0.19041.4355 (WinBuild.160101.0800)
Description: Windows Assistive Technology Manager
Product: Microsoft? Windows? Operating System
Company: Microsoft Corporation
OriginalFileName: ATBroker.exe
CommandLine: atbroker.exe
CurrentDirectory: C:\Windows\system32\
User: NT AUTHORITY\SYSTEM
LogonGuid: {3a35410f-6567-6928-e703-000000000000}
LogonId: 0x3E7
TerminalSessionId: 1
IntegrityLevel: System
Hashes: MD5=D0671A805A2E76925DE3154741289B08,SHA256=D3EB72A2E4BC302D15D1B6DCA9B4E0EFE550D40351D5C90700D8B3D7314C2830,IMPHASH=468490D98938AAE93ECC62C54A775DC2
ParentProcessGuid: {3a35410f-6567-6928-0a00-000000000b00}
ParentProcessId: 652
ParentImage: C:\Windows\System32\winlogon.exe
ParentCommandLine: winlogon.exe
ParentUser: NT AUTHORITY\SYSTEM"
"11/27/2025 10:33:16 PM","1","Information","Process Create:
RuleName: -
UtcTime: 2025-11-27 17:03:16.956
ProcessGuid: {3a35410f-8454-6928-4006-000000000b00}
ProcessId: 5232
Image: C:\Program Files (x86)\Microsoft\Edge\Application\msedge.exe
FileVersion: 142.0.3595.94
Description: Microsoft Edge
Product: Microsoft Edge
Company: Microsoft Corporation
OriginalFileName: msedge.exe
CommandLine: ""C:\Program Files (x86)\Microsoft\Edge\Application\msedge.exe"" --type=utility --utility-sub-type=asset_store.mojom.AssetStoreService --lang=en-US --service-sandbox-type=asset_store_service --ram-no-pressure-read-main-dll --metrics-shmem-handle=6804,i,16270954065641675037,6545448217128963951,524288 --field-trial-handle=2548,i,5910522543971592898,721922561922209772,262144 --variations-seed-version --trace-process-track-uuid=3190709010674959568 --mojo-platform-channel-handle=7012 /prefetch:8
CurrentDirectory: C:\Program Files (x86)\Microsoft\Edge\Application\142.0.3595.94\
User: DESKTOP-EJG8QJC\Emil Jinu
LogonGuid: {3a35410f-6604-6928-c9e6-200000000000}
LogonId: 0x20E6C9
TerminalSessionId: 1
IntegrityLevel: Low
Hashes: MD5=CC88E8CBC96E0183F15A240EC2E6D7BB,SHA256=C089768E72071ACA205E6B77C0538F58A3896CE5B0F65BA9BD38CDAE263D8A03,IMPHASH=4C2A67DEB457B8BF9F317820EE11E05D
ParentProcessGuid: {3a35410f-81fb-6928-b505-000000000b00}
ParentProcessId: 9764
ParentImage: C:\Program Files (x86)\Microsoft\Edge\Application\msedge.exe
ParentCommandLine: ""C:\Program Files (x86)\Microsoft\Edge\Application\msedge.exe"" --no-startup-window
ParentUser: DESKTOP-EJG8QJC\Emil Jinu"
"11/27/2025 10:33:16 PM","1","Information","Process Create:
RuleName: -
UtcTime: 2025-11-27 17:03:16.848
ProcessGuid: {3a35410f-8454-6928-3f06-000000000b00}
ProcessId: 13428
Image: C:\Windows\System32\consent.exe
FileVersion: 10.0.19041.5794 (WinBuild.160101.0800)
Description: Consent UI for administrative applications
Product: Microsoft? Windows? Operating System
Company: Microsoft Corporation
OriginalFileName: consent.exe
CommandLine: consent.exe 9416 468 000001F8EAC42AE0
CurrentDirectory: C:\Windows\system32\
User: NT AUTHORITY\SYSTEM
LogonGuid: {3a35410f-6567-6928-e703-000000000000}
LogonId: 0x3E7
TerminalSessionId: 1
IntegrityLevel: System
Hashes: MD5=5D630C63F6F31700676E856B5FF47B26,SHA256=7084382B4C73176AF091FD5082C64F9ACE71E19B7BE31A08CA357F427E4DC2E9,IMPHASH=7001337914CFB426620F508E54CDF72F
ParentProcessGuid: {3a35410f-6618-6928-5b01-000000000b00}
ParentProcessId: 9416
ParentImage: C:\Windows\System32\svchost.exe
ParentCommandLine: C:\Windows\system32\svchost.exe -k netsvcs -p -s Appinfo
ParentUser: NT AUTHORITY\SYSTEM"
"11/27/2025 10:32:03 PM","1","Information","Process Create:
RuleName: -
UtcTime: 2025-11-27 17:02:03.944
ProcessGuid: {3a35410f-840b-6928-3a06-000000000b00}
ProcessId: 10388
Image: C:\Program Files (x86)\Microsoft\Edge\Application\msedge.exe
FileVersion: 142.0.3595.94
Description: Microsoft Edge
Product: Microsoft Edge
Company: Microsoft Corporation
OriginalFileName: msedge.exe
CommandLine: ""C:\Program Files (x86)\Microsoft\Edge\Application\msedge.exe"" --type=utility --utility-sub-type=asset_store.mojom.AssetStoreService --lang=en-US --service-sandbox-type=asset_store_service --skip-read-main-dll --metrics-shmem-handle=7176,i,10621544302788901732,17849597704091298166,524288 --field-trial-handle=2548,i,5910522543971592898,721922561922209772,262144 --variations-seed-version --trace-process-track-uuid=3190709007863834021 --mojo-platform-channel-handle=7200 /prefetch:8
CurrentDirectory: C:\Program Files (x86)\Microsoft\Edge\Application\142.0.3595.94\
User: DESKTOP-EJG8QJC\Emil Jinu
LogonGuid: {3a35410f-6604-6928-c9e6-200000000000}
LogonId: 0x20E6C9
TerminalSessionId: 1
IntegrityLevel: Low
Hashes: MD5=CC88E8CBC96E0183F15A240EC2E6D7BB,SHA256=C089768E72071ACA205E6B77C0538F58A3896CE5B0F65BA9BD38CDAE263D8A03,IMPHASH=4C2A67DEB457B8BF9F317820EE11E05D
ParentProcessGuid: {3a35410f-81fb-6928-b505-000000000b00}
ParentProcessId: 9764
ParentImage: C:\Program Files (x86)\Microsoft\Edge\Application\msedge.exe
ParentCommandLine: ""C:\Program Files (x86)\Microsoft\Edge\Application\msedge.exe"" --no-startup-window
ParentUser: DESKTOP-EJG8QJC\Emil Jinu"
"11/27/2025 10:32:03 PM","1","Information","Process Create:
RuleName: -
UtcTime: 2025-11-27 17:02:03.472
ProcessGuid: {3a35410f-840b-6928-3506-000000000b00}
ProcessId: 15116
Image: C:\Program Files (x86)\Microsoft\Edge\Application\msedge.exe
FileVersion: 142.0.3595.94
Description: Microsoft Edge
Product: Microsoft Edge
Company: Microsoft Corporation
OriginalFileName: msedge.exe
CommandLine: ""C:\Program Files (x86)\Microsoft\Edge\Application\msedge.exe"" https://wikipedia.org 
CurrentDirectory: C:\Users\Emil Jinu\
User: DESKTOP-EJG8QJC\Emil Jinu
LogonGuid: {3a35410f-6604-6928-c9e6-200000000000}
LogonId: 0x20E6C9
TerminalSessionId: 1
IntegrityLevel: Medium
Hashes: MD5=CC88E8CBC96E0183F15A240EC2E6D7BB,SHA256=C089768E72071ACA205E6B77C0538F58A3896CE5B0F65BA9BD38CDAE263D8A03,IMPHASH=4C2A67DEB457B8BF9F317820EE11E05D
ParentProcessGuid: {3a35410f-83fb-6928-3006-000000000b00}
ParentProcessId: 15084
ParentImage: C:\Windows\System32\WindowsPowerShell\v1.0\powershell.exe
ParentCommandLine: ""C:\Windows\System32\WindowsPowerShell\v1.0\powershell.exe"" 
ParentUser: DESKTOP-EJG8QJC\Emil Jinu"
"11/27/2025 10:32:03 PM","1","Information","Process Create:
RuleName: -
UtcTime: 2025-11-27 17:02:03.432
ProcessGuid: {3a35410f-840b-6928-3406-000000000b00}
ProcessId: 6328
Image: C:\Program Files (x86)\Microsoft\Edge\Application\msedge.exe
FileVersion: 142.0.3595.94
Description: Microsoft Edge
Product: Microsoft Edge
Company: Microsoft Corporation
OriginalFileName: msedge.exe
CommandLine: ""C:\Program Files (x86)\Microsoft\Edge\Application\msedge.exe"" https://github.com 
CurrentDirectory: C:\Users\Emil Jinu\
User: DESKTOP-EJG8QJC\Emil Jinu
LogonGuid: {3a35410f-6604-6928-c9e6-200000000000}
LogonId: 0x20E6C9
TerminalSessionId: 1
IntegrityLevel: Medium
Hashes: MD5=CC88E8CBC96E0183F15A240EC2E6D7BB,SHA256=C089768E72071ACA205E6B77C0538F58A3896CE5B0F65BA9BD38CDAE263D8A03,IMPHASH=4C2A67DEB457B8BF9F317820EE11E05D
ParentProcessGuid: {3a35410f-83fb-6928-3006-000000000b00}
ParentProcessId: 15084
ParentImage: C:\Windows\System32\WindowsPowerShell\v1.0\powershell.exe
ParentCommandLine: ""C:\Windows\System32\WindowsPowerShell\v1.0\powershell.exe"" 
ParentUser: DESKTOP-EJG8QJC\Emil Jinu"
"11/27/2025 10:32:03 PM","1","Information","Process Create:
RuleName: -
UtcTime: 2025-11-27 17:02:03.384
ProcessGuid: {3a35410f-840b-6928-3306-000000000b00}
ProcessId: 5180
Image: C:\Program Files (x86)\Microsoft\Edge\Application\msedge.exe
FileVersion: 142.0.3595.94
Description: Microsoft Edge
Product: Microsoft Edge
Company: Microsoft Corporation
OriginalFileName: msedge.exe
CommandLine: ""C:\Program Files (x86)\Microsoft\Edge\Application\msedge.exe"" https://bing.com 
CurrentDirectory: C:\Users\Emil Jinu\
User: DESKTOP-EJG8QJC\Emil Jinu
LogonGuid: {3a35410f-6604-6928-c9e6-200000000000}
LogonId: 0x20E6C9
TerminalSessionId: 1
IntegrityLevel: Medium
Hashes: MD5=CC88E8CBC96E0183F15A240EC2E6D7BB,SHA256=C089768E72071ACA205E6B77C0538F58A3896CE5B0F65BA9BD38CDAE263D8A03,IMPHASH=4C2A67DEB457B8BF9F317820EE11E05D
ParentProcessGuid: {3a35410f-83fb-6928-3006-000000000b00}
ParentProcessId: 15084
ParentImage: C:\Windows\System32\WindowsPowerShell\v1.0\powershell.exe
ParentCommandLine: ""C:\Windows\System32\WindowsPowerShell\v1.0\powershell.exe"" 
ParentUser: DESKTOP-EJG8QJC\Emil Jinu"
"11/27/2025 10:32:03 PM","1","Information","Process Create:
RuleName: -
UtcTime: 2025-11-27 17:02:03.348
ProcessGuid: {3a35410f-840b-6928-3206-000000000b00}
ProcessId: 10212
Image: C:\Program Files (x86)\Microsoft\Edge\Application\msedge.exe
FileVersion: 142.0.3595.94
Description: Microsoft Edge
Product: Microsoft Edge
Company: Microsoft Corporation
OriginalFileName: msedge.exe
CommandLine: ""C:\Program Files (x86)\Microsoft\Edge\Application\msedge.exe"" https://microsoft.com 
CurrentDirectory: C:\Users\Emil Jinu\
User: DESKTOP-EJG8QJC\Emil Jinu
LogonGuid: {3a35410f-6604-6928-c9e6-200000000000}
LogonId: 0x20E6C9
TerminalSessionId: 1
IntegrityLevel: Medium
Hashes: MD5=CC88E8CBC96E0183F15A240EC2E6D7BB,SHA256=C089768E72071ACA205E6B77C0538F58A3896CE5B0F65BA9BD38CDAE263D8A03,IMPHASH=4C2A67DEB457B8BF9F317820EE11E05D
ParentProcessGuid: {3a35410f-83fb-6928-3006-000000000b00}
ParentProcessId: 15084
ParentImage: C:\Windows\System32\WindowsPowerShell\v1.0\powershell.exe
ParentCommandLine: ""C:\Windows\System32\WindowsPowerShell\v1.0\powershell.exe"" 
ParentUser: DESKTOP-EJG8QJC\Emil Jinu"
"11/27/2025 10:31:47 PM","11","Information","File created:
RuleName: -
UtcTime: 2025-11-27 17:01:47.538
ProcessGuid: {3a35410f-83fb-6928-3006-000000000b00}
ProcessId: 15084
Image: C:\Windows\System32\WindowsPowerShell\v1.0\powershell.exe
TargetFilename: C:\Users\Emil Jinu\AppData\Local\Temp\__PSScriptPolicyTest_0hox1vto.kpo.ps1
CreationUtcTime: 2025-11-27 17:01:47.538
User: DESKTOP-EJG8QJC\Emil Jinu"
"11/27/2025 10:31:47 PM","1","Information","Process Create:
RuleName: -
UtcTime: 2025-11-27 17:01:47.010
ProcessGuid: {3a35410f-83fb-6928-3006-000000000b00}
ProcessId: 15084
Image: C:\Windows\System32\WindowsPowerShell\v1.0\powershell.exe
FileVersion: 10.0.19041.3996 (WinBuild.160101.0800)
Description: Windows PowerShell
Product: Microsoft? Windows? Operating System
Company: Microsoft Corporation
OriginalFileName: PowerShell.EXE
CommandLine: ""C:\Windows\System32\WindowsPowerShell\v1.0\powershell.exe"" 
CurrentDirectory: C:\Users\Emil Jinu\
User: DESKTOP-EJG8QJC\Emil Jinu
LogonGuid: {3a35410f-6604-6928-c9e6-200000000000}
LogonId: 0x20E6C9
TerminalSessionId: 1
IntegrityLevel: Medium
Hashes: MD5=2E5A8590CF6848968FC23DE3FA1E25F1,SHA256=9785001B0DCF755EDDB8AF294A373C0B87B2498660F724E76C4D53F9C217C7A3,IMPHASH=3D08F4848535206D772DE145804FF4B6
ParentProcessGuid: {3a35410f-83b4-6928-2006-000000000b00}
ParentProcessId: 12920
ParentImage: C:\Windows\explorer.exe
ParentCommandLine: explorer.exe
ParentUser: DESKTOP-EJG8QJC\Emil Jinu"
"11/27/2025 10:31:44 PM","1","Information","Process Create:
RuleName: -
UtcTime: 2025-11-27 17:01:44.747
ProcessGuid: {3a35410f-83f8-6928-2e06-000000000b00}
ProcessId: 4768
Image: C:\Windows\SystemApps\MicrosoftWindows.Client.CBS_cw5n1h2txyewy\TextInputHost.exe
FileVersion: 125.1700.0.0
Description: -
Product: Microsoft? Windows? Operating System
Company: Microsoft Corporation
OriginalFileName: TextInputHost.exe
CommandLine: ""C:\Windows\SystemApps\MicrosoftWindows.Client.CBS_cw5n1h2txyewy\TextInputHost.exe"" -ServerName:InputApp.AppXk0k6mrh4r2q0ct33a9wgbez0x7v9cz5y.mca
CurrentDirectory: C:\Windows\SystemApps\MicrosoftWindows.Client.CBS_cw5n1h2txyewy\
User: DESKTOP-EJG8QJC\Emil Jinu
LogonGuid: {3a35410f-6604-6928-c9e6-200000000000}
LogonId: 0x20E6C9
TerminalSessionId: 1
IntegrityLevel: Medium
Hashes: MD5=38B4011E48A8379D1E802BE49359C547,SHA256=326574F6C6632FDB9B75EE201D385E5A5D0ABDD519CBD84AB1DE966128F6C4DB,IMPHASH=8ACCE29A751A218EBBCA39B834A66F0B
ParentProcessGuid: {3a35410f-6567-6928-0d00-000000000b00}
ParentProcessId: 848
ParentImage: C:\Windows\System32\svchost.exe
ParentCommandLine: C:\Windows\system32\svchost.exe -k DcomLaunch -p
ParentUser: NT AUTHORITY\SYSTEM"
"11/27/2025 10:31:25 PM","1","Information","Process Create:
RuleName: -
UtcTime: 2025-11-27 17:01:25.043
ProcessGuid: {3a35410f-83e5-6928-2d06-000000000b00}
ProcessId: 2052
Image: C:\Program Files (x86)\Microsoft\EdgeUpdate\MicrosoftEdgeUpdate.exe
FileVersion: 1.3.209.9
Description: Microsoft Edge Update
Product: Microsoft Edge Update
Company: Microsoft Corporation
OriginalFileName: msedgeupdate.dll
CommandLine: ""C:\Program Files (x86)\Microsoft\EdgeUpdate\MicrosoftEdgeUpdate.exe"" /ua /installsource core
CurrentDirectory: C:\Program Files (x86)\Microsoft\EdgeUpdate\1.3.209.9\
User: NT AUTHORITY\SYSTEM
LogonGuid: {3a35410f-6567-6928-e703-000000000000}
LogonId: 0x3E7
TerminalSessionId: 0
IntegrityLevel: System
Hashes: MD5=80306EB362C63D6A63F443A3B2B84EDF,SHA256=B0585142D771FD68F0F939B925E4D32B491CD097350131F8F5C006EB8B2B0397,IMPHASH=CD3B2D99C6655A5D4A14E30E380F5BF9
ParentProcessGuid: {3a35410f-6604-6928-0801-000000000b00}
ParentProcessId: 1832
ParentImage: C:\Program Files (x86)\Microsoft\EdgeUpdate\MicrosoftEdgeUpdate.exe
ParentCommandLine: ""C:\Program Files (x86)\Microsoft\EdgeUpdate\MicrosoftEdgeUpdate.exe"" /c
ParentUser: NT AUTHORITY\SYSTEM"
"11/27/2025 10:31:05 PM","1","Information","Process Create:
RuleName: -
UtcTime: 2025-11-27 17:01:05.747
ProcessGuid: {3a35410f-83d1-6928-2c06-000000000b00}
ProcessId: 7520
Image: C:\Program Files (x86)\Microsoft\Edge\Application\msedge.exe
FileVersion: 142.0.3595.94
Description: Microsoft Edge
Product: Microsoft Edge
Company: Microsoft Corporation
OriginalFileName: msedge.exe
CommandLine: ""C:\Program Files (x86)\Microsoft\Edge\Application\msedge.exe"" --type=utility --utility-sub-type=edge_xpay_wallet.mojom.EdgeXPayWalletService --lang=en-US --service-sandbox-type=utility --ram-no-pressure-read-main-dll --metrics-shmem-handle=1124,i,139935412162264402,2532979216330915396,524288 --field-trial-handle=2548,i,5910522543971592898,721922561922209772,262144 --variations-seed-version --trace-process-track-uuid=3190709003178624776 --mojo-platform-channel-handle=6028 /prefetch:8
CurrentDirectory: C:\Program Files (x86)\Microsoft\Edge\Application\142.0.3595.94\
User: DESKTOP-EJG8QJC\Emil Jinu
LogonGuid: {3a35410f-6604-6928-c9e6-200000000000}
LogonId: 0x20E6C9
TerminalSessionId: 1
IntegrityLevel: Low
Hashes: MD5=CC88E8CBC96E0183F15A240EC2E6D7BB,SHA256=C089768E72071ACA205E6B77C0538F58A3896CE5B0F65BA9BD38CDAE263D8A03,IMPHASH=4C2A67DEB457B8BF9F317820EE11E05D
ParentProcessGuid: {3a35410f-81fb-6928-b505-000000000b00}
ParentProcessId: 9764
ParentImage: C:\Program Files (x86)\Microsoft\Edge\Application\msedge.exe
ParentCommandLine: ""C:\Program Files (x86)\Microsoft\Edge\Application\msedge.exe"" --no-startup-window
ParentUser: DESKTOP-EJG8QJC\Emil Jinu"
"11/27/2025 10:30:39 PM","1","Information","Process Create:
RuleName: -
UtcTime: 2025-11-27 17:00:39.338
ProcessGuid: {3a35410f-83b7-6928-2906-000000000b00}
ProcessId: 12720
Image: C:\Windows\System32\MoUsoCoreWorker.exe
FileVersion: 10.0.19041.5848 (WinBuild.160101.0800)
Description: MoUSO Core Worker Process
Product: Microsoft? Windows? Operating System
Company: Microsoft Corporation
OriginalFileName: MoUSOCoreWorker.exe
CommandLine: C:\Windows\System32\mousocoreworker.exe -Embedding
CurrentDirectory: C:\Windows\system32\
User: NT AUTHORITY\SYSTEM
LogonGuid: {3a35410f-6567-6928-e703-000000000000}
LogonId: 0x3E7
TerminalSessionId: 0
IntegrityLevel: System
Hashes: MD5=7E1D07B224D243CAC8327577C61F0218,SHA256=6B676785219372F26A109E601BD04C7376A289021616B36AE4CCFABA43EAF4D6,IMPHASH=8668B4C1834A89E3778E45BE48201874
ParentProcessGuid: {3a35410f-6567-6928-0d00-000000000b00}
ParentProcessId: 848
ParentImage: C:\Windows\System32\svchost.exe
ParentCommandLine: C:\Windows\system32\svchost.exe -k DcomLaunch -p
ParentUser: NT AUTHORITY\SYSTEM"
"11/27/2025 10:30:39 PM","1","Information","Process Create:
RuleName: -
UtcTime: 2025-11-27 17:00:38.983
ProcessGuid: {3a35410f-83b6-6928-2706-000000000b00}
ProcessId: 9504
Image: C:\Windows\WinSxS\amd64_microsoft-windows-servicingstack_31bf3856ad364e35_10.0.19041.6449_none_7e0d59887c8e1467\TiWorker.exe
FileVersion: 10.0.19041.6449 (WinBuild.160101.0800)
Description: Windows Modules Installer Worker
Product: Microsoft? Windows? Operating System
Company: Microsoft Corporation
OriginalFileName: TiWorker.exe
CommandLine: C:\Windows\winsxs\amd64_microsoft-windows-servicingstack_31bf3856ad364e35_10.0.19041.6449_none_7e0d59887c8e1467\TiWorker.exe -Embedding
CurrentDirectory: C:\Windows\system32\
User: NT AUTHORITY\SYSTEM
LogonGuid: {3a35410f-6567-6928-e703-000000000000}
LogonId: 0x3E7
TerminalSessionId: 0
IntegrityLevel: System
Hashes: MD5=C814A5844B037DF5271494CE580837B2,SHA256=606D88DADCDE114EEE163B871B88BFB2FFC562D122A6A1102B970E68142A2914,IMPHASH=2409EC1E105B0DDA91B9CEBA0B44162F
ParentProcessGuid: {3a35410f-6567-6928-0d00-000000000b00}
ParentProcessId: 848
ParentImage: C:\Windows\System32\svchost.exe
ParentCommandLine: C:\Windows\system32\svchost.exe -k DcomLaunch -p
ParentUser: NT AUTHORITY\SYSTEM"
"11/27/2025 10:30:38 PM","1","Information","Process Create:
RuleName: -
UtcTime: 2025-11-27 17:00:38.829
ProcessGuid: {3a35410f-83b6-6928-2606-000000000b00}
ProcessId: 5236
Image: C:\Windows\servicing\TrustedInstaller.exe
FileVersion: 10.0.19041.6033 (WinBuild.160101.0800)
Description: Windows Modules Installer
Product: Microsoft? Windows? Operating System
Company: Microsoft Corporation
OriginalFileName: TrustedInstaller.exe
CommandLine: C:\Windows\servicing\TrustedInstaller.exe
CurrentDirectory: C:\Windows\system32\
User: NT AUTHORITY\SYSTEM
LogonGuid: {3a35410f-6567-6928-e703-000000000000}
LogonId: 0x3E7
TerminalSessionId: 0
IntegrityLevel: System
Hashes: MD5=7AD303939D1A9FECD6ECADD773B4ADEF,SHA256=4A91D438B383AFAAB9015C6A4C5BDAD04EF4A3FDF010FCC2433EED7AA471F311,IMPHASH=0573E2F86BB45402DB86E0CB5DC66EDC
ParentProcessGuid: {3a35410f-6567-6928-0b00-000000000b00}
ParentProcessId: 708
ParentImage: C:\Windows\System32\services.exe
ParentCommandLine: C:\Windows\system32\services.exe
ParentUser: NT AUTHORITY\SYSTEM"
"11/27/2025 10:30:37 PM","1","Information","Process Create:
RuleName: -
UtcTime: 2025-11-27 17:00:37.811
ProcessGuid: {3a35410f-83b5-6928-2406-000000000b00}
ProcessId: 11056
Image: C:\Windows\System32\LocationNotificationWindows.exe
FileVersion: 10.0.19041.5915 (WinBuild.160101.0800)
Description: Location Notification
Product: Microsoft? Windows? Operating System
Company: Microsoft Corporation
OriginalFileName: LocationNotificationWindows.exe
CommandLine: ""C:\Windows\System32\LocationNotificationWindows.exe""
CurrentDirectory: C:\Windows\system32\
User: DESKTOP-EJG8QJC\Emil Jinu
LogonGuid: {3a35410f-6604-6928-c9e6-200000000000}
LogonId: 0x20E6C9
TerminalSessionId: 1
IntegrityLevel: Medium
Hashes: MD5=78304DE7BC9427229F70FC0CCF7C0CF1,SHA256=82CFEF287D60D9F04E5F0E4FB915D71CC71C1AD260F90941F4ADEE515896BBE7,IMPHASH=BFB647E172E5CBBCE5676BA2E6097869
ParentProcessGuid: {3a35410f-6568-6928-2400-000000000b00}
ParentProcessId: 1532
ParentImage: C:\Windows\System32\svchost.exe
ParentCommandLine: C:\Windows\system32\svchost.exe -k netsvcs -p -s Schedule
ParentUser: NT AUTHORITY\SYSTEM"
"11/27/2025 10:30:36 PM","1","Information","Process Create:
RuleName: -
UtcTime: 2025-11-27 17:00:36.551
ProcessGuid: {3a35410f-83b4-6928-2106-000000000b00}
ProcessId: 8164
Image: C:\Windows\System32\WindowsPowerShell\v1.0\powershell.exe
FileVersion: 10.0.19041.3996 (WinBuild.160101.0800)
Description: Windows PowerShell
Product: Microsoft? Windows? Operating System
Company: Microsoft Corporation
OriginalFileName: PowerShell.EXE
CommandLine: ""C:\Windows\System32\WindowsPowerShell\v1.0\powershell.exe"" 
CurrentDirectory: C:\Users\Emil Jinu\
User: DESKTOP-EJG8QJC\Emil Jinu
LogonGuid: {3a35410f-6604-6928-c9e6-200000000000}
LogonId: 0x20E6C9
TerminalSessionId: 1
IntegrityLevel: Medium
Hashes: MD5=2E5A8590CF6848968FC23DE3FA1E25F1,SHA256=9785001B0DCF755EDDB8AF294A373C0B87B2498660F724E76C4D53F9C217C7A3,IMPHASH=3D08F4848535206D772DE145804FF4B6
ParentProcessGuid: {3a35410f-83ac-6928-1706-000000000b00}
ParentProcessId: 13112
ParentImage: C:\Windows\System32\WindowsPowerShell\v1.0\powershell.exe
ParentCommandLine: ""C:\Windows\System32\WindowsPowerShell\v1.0\powershell.exe"" 
ParentUser: DESKTOP-EJG8QJC\Emil Jinu"
"11/27/2025 10:30:36 PM","1","Information","Process Create:
RuleName: -
UtcTime: 2025-11-27 17:00:36.472
ProcessGuid: {3a35410f-83b4-6928-2006-000000000b00}
ProcessId: 12920
Image: C:\Windows\explorer.exe
FileVersion: 10.0.19041.6456 (WinBuild.160101.0800)
Description: Windows Explorer
Product: Microsoft? Windows? Operating System
Company: Microsoft Corporation
OriginalFileName: EXPLORER.EXE
CommandLine: explorer.exe
CurrentDirectory: C:\Windows\system32\
User: DESKTOP-EJG8QJC\Emil Jinu
LogonGuid: {3a35410f-6604-6928-c9e6-200000000000}
LogonId: 0x20E6C9
TerminalSessionId: 1
IntegrityLevel: Medium
Hashes: MD5=24AD59ABAF730E71BC865922D8596008,SHA256=988A56D897915315EEF9CA679B3BC8ADFCECF5E227AEA99AAA1817620520E97E,IMPHASH=DBCE632ECED8243CB6090C1C87BE56BC
ParentProcessGuid: {3a35410f-6567-6928-0a00-000000000b00}
ParentProcessId: 652
ParentImage: C:\Windows\System32\winlogon.exe
ParentCommandLine: winlogon.exe
ParentUser: NT AUTHORITY\SYSTEM"
"11/27/2025 10:30:35 PM","1","Information","Process Create:
RuleName: -
UtcTime: 2025-11-27 17:00:35.977
ProcessGuid: {3a35410f-83b3-6928-1f06-000000000b00}
ProcessId: 4072
Image: C:\Windows\explorer.exe
FileVersion: 10.0.19041.6456 (WinBuild.160101.0800)
Description: Windows Explorer
Product: Microsoft? Windows? Operating System
Company: Microsoft Corporation
OriginalFileName: EXPLORER.EXE
CommandLine: ""C:\Windows\explorer.exe"" 
CurrentDirectory: C:\Users\Emil Jinu\
User: DESKTOP-EJG8QJC\Emil Jinu
LogonGuid: {3a35410f-6604-6928-c9e6-200000000000}
LogonId: 0x20E6C9
TerminalSessionId: 1
IntegrityLevel: Medium
Hashes: MD5=24AD59ABAF730E71BC865922D8596008,SHA256=988A56D897915315EEF9CA679B3BC8ADFCECF5E227AEA99AAA1817620520E97E,IMPHASH=DBCE632ECED8243CB6090C1C87BE56BC
ParentProcessGuid: {3a35410f-83ac-6928-1706-000000000b00}
ParentProcessId: 13112
ParentImage: C:\Windows\System32\WindowsPowerShell\v1.0\powershell.exe
ParentCommandLine: ""C:\Windows\System32\WindowsPowerShell\v1.0\powershell.exe"" 
ParentUser: DESKTOP-EJG8QJC\Emil Jinu"
"11/27/2025 10:30:35 PM","1","Information","Process Create:
RuleName: -
UtcTime: 2025-11-27 17:00:35.491
ProcessGuid: {3a35410f-83b3-6928-1e06-000000000b00}
ProcessId: 9124
Image: C:\Program Files\Windows NT\Accessories\wordpad.exe
FileVersion: 10.0.19041.6392 (WinBuild.160101.0800)
Description: Windows Wordpad Application
Product: Microsoft? Windows? Operating System
Company: Microsoft Corporation
OriginalFileName: WORDPAD.EXE
CommandLine: ""C:\Program Files\Windows NT\Accessories\wordpad.exe"" 
CurrentDirectory: C:\Users\Emil Jinu\
User: DESKTOP-EJG8QJC\Emil Jinu
LogonGuid: {3a35410f-6604-6928-c9e6-200000000000}
LogonId: 0x20E6C9
TerminalSessionId: 1
IntegrityLevel: Medium
Hashes: MD5=7D30889CC699CF86D1F533619D6118E4,SHA256=4B2E23A9130EA4ED8540071D7EBC9F02E5BCFE8EACA96CCCAB561FD8B7296C2E,IMPHASH=9315BEF4B5484B572936D208E8B654A0
ParentProcessGuid: {3a35410f-83ac-6928-1706-000000000b00}
ParentProcessId: 13112
ParentImage: C:\Windows\System32\WindowsPowerShell\v1.0\powershell.exe
ParentCommandLine: ""C:\Windows\System32\WindowsPowerShell\v1.0\powershell.exe"" 
ParentUser: DESKTOP-EJG8QJC\Emil Jinu"
"11/27/2025 10:30:34 PM","1","Information","Process Create:
RuleName: -
UtcTime: 2025-11-27 17:00:34.806
ProcessGuid: {3a35410f-83b2-6928-1c06-000000000b00}
ProcessId: 8128
Image: C:\Windows\System32\mspaint.exe
FileVersion: 10.0.19041.5553 (WinBuild.160101.0800)
Description: Paint
Product: Microsoft? Windows? Operating System
Company: Microsoft Corporation
OriginalFileName: MSPAINT.EXE
CommandLine: ""C:\Windows\system32\mspaint.exe"" 
CurrentDirectory: C:\Users\Emil Jinu\
User: DESKTOP-EJG8QJC\Emil Jinu
LogonGuid: {3a35410f-6604-6928-c9e6-200000000000}
LogonId: 0x20E6C9
TerminalSessionId: 1
IntegrityLevel: Medium
Hashes: MD5=FA534C7C1F54F9FB8BA99FC99C505651,SHA256=94F22AE686874A5F016AACF7F74F679DECC8D52A39DFDF31DCD5133739BBA532,IMPHASH=AD9649A74DB256ECAB874BD416C46A98
ParentProcessGuid: {3a35410f-83ac-6928-1706-000000000b00}
ParentProcessId: 13112
ParentImage: C:\Windows\System32\WindowsPowerShell\v1.0\powershell.exe
ParentCommandLine: ""C:\Windows\System32\WindowsPowerShell\v1.0\powershell.exe"" 
ParentUser: DESKTOP-EJG8QJC\Emil Jinu"
"11/27/2025 10:30:34 PM","1","Information","Process Create:
RuleName: -
UtcTime: 2025-11-27 17:00:34.264
ProcessGuid: {3a35410f-83b2-6928-1a06-000000000b00}
ProcessId: 12420
Image: C:\Windows\System32\calc.exe
FileVersion: 10.0.19041.1 (WinBuild.160101.0800)
Description: Windows Calculator
Product: Microsoft? Windows? Operating System
Company: Microsoft Corporation
OriginalFileName: CALC.EXE
CommandLine: ""C:\Windows\system32\calc.exe"" 
CurrentDirectory: C:\Users\Emil Jinu\
User: DESKTOP-EJG8QJC\Emil Jinu
LogonGuid: {3a35410f-6604-6928-c9e6-200000000000}
LogonId: 0x20E6C9
TerminalSessionId: 1
IntegrityLevel: Medium
Hashes: MD5=5DA8C98136D98DFEC4716EDD79C7145F,SHA256=58189CBD4E6DC0C7D8E66B6A6F75652FC9F4AFC7CE0EBA7D67D8C3FEB0D5381F,IMPHASH=8EEAA9499666119D13B3F44ECD77A729
ParentProcessGuid: {3a35410f-83ac-6928-1706-000000000b00}
ParentProcessId: 13112
ParentImage: C:\Windows\System32\WindowsPowerShell\v1.0\powershell.exe
ParentCommandLine: ""C:\Windows\System32\WindowsPowerShell\v1.0\powershell.exe"" 
ParentUser: DESKTOP-EJG8QJC\Emil Jinu"
"11/27/2025 10:30:33 PM","1","Information","Process Create:
RuleName: -
UtcTime: 2025-11-27 17:00:33.693
ProcessGuid: {3a35410f-83b1-6928-1906-000000000b00}
ProcessId: 12908
Image: C:\Windows\System32\notepad.exe
FileVersion: 10.0.19041.5794 (WinBuild.160101.0800)
Description: Notepad
Product: Microsoft? Windows? Operating System
Company: Microsoft Corporation
OriginalFileName: NOTEPAD.EXE
CommandLine: ""C:\Windows\system32\notepad.exe"" 
CurrentDirectory: C:\Users\Emil Jinu\
User: DESKTOP-EJG8QJC\Emil Jinu
LogonGuid: {3a35410f-6604-6928-c9e6-200000000000}
LogonId: 0x20E6C9
TerminalSessionId: 1
IntegrityLevel: Medium
Hashes: MD5=6F51BCABF1B2B34AD7E670AEE6DA451F,SHA256=DA5807BB0997CC6B5132950EC87EDA2B33B1AC4533CF1F7A22A6F3B576ED7C5B,IMPHASH=09ED737A03DB7295BF734A9953F6EB5E
ParentProcessGuid: {3a35410f-83ac-6928-1706-000000000b00}
ParentProcessId: 13112
ParentImage: C:\Windows\System32\WindowsPowerShell\v1.0\powershell.exe
ParentCommandLine: ""C:\Windows\System32\WindowsPowerShell\v1.0\powershell.exe"" 
ParentUser: DESKTOP-EJG8QJC\Emil Jinu"
"11/27/2025 10:30:29 PM","11","Information","File created:
RuleName: -
UtcTime: 2025-11-27 17:00:29.178
ProcessGuid: {3a35410f-83ac-6928-1706-000000000b00}
ProcessId: 13112
Image: C:\Windows\System32\WindowsPowerShell\v1.0\powershell.exe
TargetFilename: C:\Users\Emil Jinu\AppData\Local\Temp\__PSScriptPolicyTest_pr2gkarb.a3j.ps1
CreationUtcTime: 2025-11-27 17:00:29.178
User: DESKTOP-EJG8QJC\Emil Jinu"
"11/27/2025 10:30:28 PM","1","Information","Process Create:
RuleName: -
UtcTime: 2025-11-27 17:00:28.545
ProcessGuid: {3a35410f-83ac-6928-1706-000000000b00}
ProcessId: 13112
Image: C:\Windows\System32\WindowsPowerShell\v1.0\powershell.exe
FileVersion: 10.0.19041.3996 (WinBuild.160101.0800)
Description: Windows PowerShell
Product: Microsoft? Windows? Operating System
Company: Microsoft Corporation
OriginalFileName: PowerShell.EXE
CommandLine: ""C:\Windows\System32\WindowsPowerShell\v1.0\powershell.exe"" 
CurrentDirectory: C:\Users\Emil Jinu\
User: DESKTOP-EJG8QJC\Emil Jinu
LogonGuid: {3a35410f-6604-6928-c9e6-200000000000}
LogonId: 0x20E6C9
TerminalSessionId: 1
IntegrityLevel: Medium
Hashes: MD5=2E5A8590CF6848968FC23DE3FA1E25F1,SHA256=9785001B0DCF755EDDB8AF294A373C0B87B2498660F724E76C4D53F9C217C7A3,IMPHASH=3D08F4848535206D772DE145804FF4B6
ParentProcessGuid: {3a35410f-82f0-6928-0106-000000000b00}
ParentProcessId: 2832
ParentImage: C:\Windows\explorer.exe
ParentCommandLine: explorer.exe
ParentUser: DESKTOP-EJG8QJC\Emil Jinu"
"11/27/2025 10:29:18 PM","11","Information","File created:
RuleName: -
UtcTime: 2025-11-27 16:59:18.767
ProcessGuid: {3a35410f-8365-6928-1506-000000000b00}
ProcessId: 15312
Image: C:\Windows\System32\WindowsPowerShell\v1.0\powershell.exe
TargetFilename: C:\Users\Emil Jinu\AppData\Local\Temp\__PSScriptPolicyTest_whu2qltq.tkz.ps1
CreationUtcTime: 2025-11-27 16:59:18.767
User: DESKTOP-EJG8QJC\Emil Jinu"
"11/27/2025 10:29:17 PM","1","Information","Process Create:
RuleName: -
UtcTime: 2025-11-27 16:59:17.138
ProcessGuid: {3a35410f-8365-6928-1506-000000000b00}
ProcessId: 15312
Image: C:\Windows\System32\WindowsPowerShell\v1.0\powershell.exe
FileVersion: 10.0.19041.3996 (WinBuild.160101.0800)
Description: Windows PowerShell
Product: Microsoft? Windows? Operating System
Company: Microsoft Corporation
OriginalFileName: PowerShell.EXE
CommandLine: ""C:\Windows\System32\WindowsPowerShell\v1.0\powershell.exe"" 
CurrentDirectory: C:\Windows\system32\
User: DESKTOP-EJG8QJC\Emil Jinu
LogonGuid: {3a35410f-6604-6928-9de6-200000000000}
LogonId: 0x20E69D
TerminalSessionId: 1
IntegrityLevel: High
Hashes: MD5=2E5A8590CF6848968FC23DE3FA1E25F1,SHA256=9785001B0DCF755EDDB8AF294A373C0B87B2498660F724E76C4D53F9C217C7A3,IMPHASH=3D08F4848535206D772DE145804FF4B6
ParentProcessGuid: {3a35410f-82db-6928-ef05-000000000b00}
ParentProcessId: 13644
ParentImage: C:\Windows\System32\RuntimeBroker.exe
ParentCommandLine: C:\Windows\System32\RuntimeBroker.exe -Embedding
ParentUser: DESKTOP-EJG8QJC\Emil Jinu"
"11/27/2025 10:29:17 PM","1","Information","Process Create:
RuleName: -
UtcTime: 2025-11-27 16:59:17.098
ProcessGuid: {3a35410f-8365-6928-1406-000000000b00}
ProcessId: 13140
Image: C:\Windows\System32\AtBroker.exe
FileVersion: 10.0.19041.4355 (WinBuild.160101.0800)
Description: Windows Assistive Technology Manager
Product: Microsoft? Windows? Operating System
Company: Microsoft Corporation
OriginalFileName: ATBroker.exe
CommandLine: atbroker.exe
CurrentDirectory: C:\Windows\system32\
User: DESKTOP-EJG8QJC\Emil Jinu
LogonGuid: {3a35410f-6604-6928-c9e6-200000000000}
LogonId: 0x20E6C9
TerminalSessionId: 1
IntegrityLevel: Medium
Hashes: MD5=D0671A805A2E76925DE3154741289B08,SHA256=D3EB72A2E4BC302D15D1B6DCA9B4E0EFE550D40351D5C90700D8B3D7314C2830,IMPHASH=468490D98938AAE93ECC62C54A775DC2
ParentProcessGuid: {3a35410f-6567-6928-0a00-000000000b00}
ParentProcessId: 652
ParentImage: C:\Windows\System32\winlogon.exe
ParentCommandLine: winlogon.exe
ParentUser: NT AUTHORITY\SYSTEM"
