"11/27/2025 10:55:40 PM","1","Information","Process Create:
RuleName: -
UtcTime: 2025-11-27 17:25:40.512
ProcessGuid: {3a35410f-8994-6928-0c07-000000000b00}
ProcessId: 580
Image: C:\Windows\System32\schtasks.exe
FileVersion: 10.0.19041.5965 (WinBuild.160101.0800)
Description: Task Scheduler Configuration Tool
Product: Microsoft? Windows? Operating System
Company: Microsoft Corporation
OriginalFileName: schtasks.exe
CommandLine: ""C:\Windows\system32\schtasks.exe"" /run /tn SysmonTestTask
CurrentDirectory: C:\Users\Emil Jinu\
User: DESKTOP-EJG8QJC\Emil Jinu
LogonGuid: {3a35410f-6604-6928-c9e6-200000000000}
LogonId: 0x20E6C9
TerminalSessionId: 1
IntegrityLevel: Medium
Hashes: MD5=2C400322E4F96C1FEDB0F890C7668C92,SHA256=2327E073DCF25AE03DC851EA0F3414980D3168FA959F42C5F77BE1381AE6C41D,IMPHASH=7C296BC1AA0738F0783F000C5982A642
ParentProcessGuid: {3a35410f-8909-6928-0207-000000000b00}
ParentProcessId: 14160
ParentImage: C:\Windows\System32\WindowsPowerShell\v1.0\powershell.exe
ParentCommandLine: ""C:\Windows\System32\WindowsPowerShell\v1.0\powershell.exe"" 
ParentUser: DESKTOP-EJG8QJC\Emil Jinu"
"11/27/2025 10:55:40 PM","11","Information","File created:
RuleName: T1053
UtcTime: 2025-11-27 17:25:40.370
ProcessGuid: {3a35410f-6568-6928-2400-000000000b00}
ProcessId: 1532
Image: C:\Windows\system32\svchost.exe
TargetFilename: C:\Windows\System32\Tasks\SysmonTestTask
CreationUtcTime: 2025-11-27 17:25:40.370
User: NT AUTHORITY\SYSTEM"
"11/27/2025 10:55:40 PM","1","Information","Process Create:
RuleName: -
UtcTime: 2025-11-27 17:25:40.304
ProcessGuid: {3a35410f-8994-6928-0b07-000000000b00}
ProcessId: 9536
Image: C:\Windows\System32\schtasks.exe
FileVersion: 10.0.19041.5965 (WinBuild.160101.0800)
Description: Task Scheduler Configuration Tool
Product: Microsoft? Windows? Operating System
Company: Microsoft Corporation
OriginalFileName: schtasks.exe
CommandLine: ""C:\Windows\system32\schtasks.exe"" /create /tn SysmonTestTask /tr notepad.exe /sc minute /mo 1
CurrentDirectory: C:\Users\Emil Jinu\
User: DESKTOP-EJG8QJC\Emil Jinu
LogonGuid: {3a35410f-6604-6928-c9e6-200000000000}
LogonId: 0x20E6C9
TerminalSessionId: 1
IntegrityLevel: Medium
Hashes: MD5=2C400322E4F96C1FEDB0F890C7668C92,SHA256=2327E073DCF25AE03DC851EA0F3414980D3168FA959F42C5F77BE1381AE6C41D,IMPHASH=7C296BC1AA0738F0783F000C5982A642
ParentProcessGuid: {3a35410f-8909-6928-0207-000000000b00}
ParentProcessId: 14160
ParentImage: C:\Windows\System32\WindowsPowerShell\v1.0\powershell.exe
ParentCommandLine: ""C:\Windows\System32\WindowsPowerShell\v1.0\powershell.exe"" 
ParentUser: DESKTOP-EJG8QJC\Emil Jinu"
"11/27/2025 10:55:09 PM","1","Information","Process Create:
RuleName: -
UtcTime: 2025-11-27 17:25:09.670
ProcessGuid: {3a35410f-8975-6928-0907-000000000b00}
ProcessId: 12348
Image: C:\Program Files (x86)\Windows Media Player\wmplayer.exe
FileVersion: 12.0.19041.3636 (WinBuild.160101.0800)
Description: Windows Media Player
Product: Microsoft? Windows? Operating System
Company: Microsoft Corporation
OriginalFileName: wmplayer.exe
CommandLine: ""C:\Program Files (x86)\Windows Media Player\wmplayer.exe"" C:\Windows\Media\chimes.wav 
CurrentDirectory: C:\Users\Emil Jinu\
User: DESKTOP-EJG8QJC\Emil Jinu
LogonGuid: {3a35410f-6604-6928-c9e6-200000000000}
LogonId: 0x20E6C9
TerminalSessionId: 1
IntegrityLevel: Medium
Hashes: MD5=AB48E42633B738E114DB94CD99E919B7,SHA256=407E3AAE5E533719998055A1A949AB2EC6224EA42918A000596225E30C8D2BF8,IMPHASH=4C7D471D886B447BB6DF2D2962D0414C
ParentProcessGuid: {3a35410f-8909-6928-0207-000000000b00}
ParentProcessId: 14160
ParentImage: C:\Windows\System32\WindowsPowerShell\v1.0\powershell.exe
ParentCommandLine: ""C:\Windows\System32\WindowsPowerShell\v1.0\powershell.exe"" 
ParentUser: DESKTOP-EJG8QJC\Emil Jinu"
"11/27/2025 10:55:09 PM","1","Information","Process Create:
RuleName: -
UtcTime: 2025-11-27 17:25:09.605
ProcessGuid: {3a35410f-8975-6928-0807-000000000b00}
ProcessId: 13252
Image: C:\Windows\System32\mspaint.exe
FileVersion: 10.0.19041.5553 (WinBuild.160101.0800)
Description: Paint
Product: Microsoft? Windows? Operating System
Company: Microsoft Corporation
OriginalFileName: MSPAINT.EXE
CommandLine: ""C:\Windows\system32\mspaint.exe"" C:\Windows\Web\Wallpaper\Windows\img0.jpg 
CurrentDirectory: C:\Users\Emil Jinu\
User: DESKTOP-EJG8QJC\Emil Jinu
LogonGuid: {3a35410f-6604-6928-c9e6-200000000000}
LogonId: 0x20E6C9
TerminalSessionId: 1
IntegrityLevel: Medium
Hashes: MD5=FA534C7C1F54F9FB8BA99FC99C505651,SHA256=94F22AE686874A5F016AACF7F74F679DECC8D52A39DFDF31DCD5133739BBA532,IMPHASH=AD9649A74DB256ECAB874BD416C46A98
ParentProcessGuid: {3a35410f-8909-6928-0207-000000000b00}
ParentProcessId: 14160
ParentImage: C:\Windows\System32\WindowsPowerShell\v1.0\powershell.exe
ParentCommandLine: ""C:\Windows\System32\WindowsPowerShell\v1.0\powershell.exe"" 
ParentUser: DESKTOP-EJG8QJC\Emil Jinu"
"11/27/2025 10:55:00 PM","3","Information","Network connection detected:
RuleName: -
UtcTime: 2025-11-27 17:25:26.165
ProcessGuid: {3a35410f-8909-6928-0207-000000000b00}
ProcessId: 14160
Image: C:\Windows\System32\WindowsPowerShell\v1.0\powershell.exe
User: DESKTOP-EJG8QJC\Emil Jinu
Protocol: tcp
Initiated: true
SourceIsIpv6: false
SourceIp: 10.0.2.15
SourceHostname: DESKTOP-EJG8QJC
SourcePort: 55883
SourcePortName: -
DestinationIsIpv6: false
DestinationIp: 103.102.166.224
DestinationHostname: text-lb.eqsin.wikimedia.org
DestinationPort: 443
DestinationPortName: https"
"11/27/2025 10:55:00 PM","22","Information","Dns query:
RuleName: -
UtcTime: 2025-11-27 17:25:26.196
ProcessGuid: {3a35410f-8909-6928-0207-000000000b00}
ProcessId: 14160
QueryName: www.wikipedia.org
QueryStatus: 0
QueryResults: type:  5 dyna.wikimedia.org;2001:df2:e500:ed1a::1;::ffff:103.102.166.224;
Image: C:\Windows\System32\WindowsPowerShell\v1.0\powershell.exe
User: DESKTOP-EJG8QJC\Emil Jinu"
"11/27/2025 10:54:59 PM","3","Information","Network connection detected:
RuleName: -
UtcTime: 2025-11-27 17:25:24.738
ProcessGuid: {3a35410f-8909-6928-0207-000000000b00}
ProcessId: 14160
Image: C:\Windows\System32\WindowsPowerShell\v1.0\powershell.exe
User: DESKTOP-EJG8QJC\Emil Jinu
Protocol: tcp
Initiated: true
SourceIsIpv6: false
SourceIp: 10.0.2.15
SourceHostname: DESKTOP-EJG8QJC
SourcePort: 55882
SourcePortName: -
DestinationIsIpv6: false
DestinationIp: 103.102.166.224
DestinationHostname: text-lb.eqsin.wikimedia.org
DestinationPort: 443
DestinationPortName: https"
"11/27/2025 10:54:59 PM","22","Information","Dns query:
RuleName: -
UtcTime: 2025-11-27 17:25:24.749
ProcessGuid: {3a35410f-8909-6928-0207-000000000b00}
ProcessId: 14160
QueryName: wikipedia.org
QueryStatus: 0
QueryResults: 2001:df2:e500:ed1a::1;::ffff:103.102.166.224;
Image: C:\Windows\System32\WindowsPowerShell\v1.0\powershell.exe
User: DESKTOP-EJG8QJC\Emil Jinu"
"11/27/2025 10:54:59 PM","22","Information","Dns query:
RuleName: -
UtcTime: 2025-11-27 17:25:24.672
ProcessGuid: {3a35410f-891d-6928-0707-000000000b00}
ProcessId: 8712
QueryName: wikipedia.org
QueryStatus: 0
QueryResults: 2001:df2:e500:ed1a::1;::ffff:103.102.166.224;
Image: C:\Windows\System32\wbem\WmiPrvSE.exe
User: NT AUTHORITY\NETWORK SERVICE"
"11/27/2025 10:54:32 PM","22","Information","Dns query:
RuleName: -
UtcTime: 2025-11-27 17:24:59.969
ProcessGuid: {3a35410f-8909-6928-0207-000000000b00}
ProcessId: 14160
QueryName: github.com
QueryStatus: 0
QueryResults: ::ffff:20.207.73.82;
Image: C:\Windows\System32\WindowsPowerShell\v1.0\powershell.exe
User: DESKTOP-EJG8QJC\Emil Jinu"
"11/27/2025 10:54:31 PM","3","Information","Network connection detected:
RuleName: -
UtcTime: 2025-11-27 17:24:59.947
ProcessGuid: {3a35410f-8909-6928-0207-000000000b00}
ProcessId: 14160
Image: C:\Windows\System32\WindowsPowerShell\v1.0\powershell.exe
User: DESKTOP-EJG8QJC\Emil Jinu
Protocol: tcp
Initiated: true
SourceIsIpv6: false
SourceIp: 10.0.2.15
SourceHostname: DESKTOP-EJG8QJC
SourcePort: 55881
SourcePortName: -
DestinationIsIpv6: false
DestinationIp: 20.207.73.82
DestinationHostname: -
DestinationPort: 443
DestinationPortName: https"
"11/27/2025 10:54:28 PM","22","Information","Dns query:
RuleName: -
UtcTime: 2025-11-27 17:24:55.930
ProcessGuid: {3a35410f-891d-6928-0707-000000000b00}
ProcessId: 8712
QueryName: github.com
QueryStatus: 0
QueryResults: ::ffff:20.207.73.82;
Image: C:\Windows\System32\wbem\WmiPrvSE.exe
User: NT AUTHORITY\NETWORK SERVICE"
"11/27/2025 10:53:53 PM","22","Information","Dns query:
RuleName: -
UtcTime: 2025-11-27 17:24:09.461
ProcessGuid: {3a35410f-8909-6928-0207-000000000b00}
ProcessId: 14160
QueryName: bing.com
QueryStatus: 0
QueryResults: 2620:1ec:33::10;2620:1ec:33:1::10;::ffff:150.171.28.10;::ffff:150.171.27.10;
Image: C:\Windows\System32\WindowsPowerShell\v1.0\powershell.exe
User: DESKTOP-EJG8QJC\Emil Jinu"
"11/27/2025 10:53:53 PM","22","Information","Dns query:
RuleName: -
UtcTime: 2025-11-27 17:24:09.434
ProcessGuid: {3a35410f-891d-6928-0707-000000000b00}
ProcessId: 8712
QueryName: bing.com
QueryStatus: 0
QueryResults: 2620:1ec:33::10;2620:1ec:33:1::10;::ffff:150.171.28.10;::ffff:150.171.27.10;
Image: C:\Windows\System32\wbem\WmiPrvSE.exe
User: NT AUTHORITY\NETWORK SERVICE"
"11/27/2025 10:53:51 PM","22","Information","Dns query:
RuleName: -
UtcTime: 2025-11-27 17:24:05.152
ProcessGuid: {3a35410f-6569-6928-2f00-000000000b00}
ProcessId: 2116
QueryName: microsoft.com
QueryStatus: 0
QueryResults: 13.107.213.68;13.107.246.68;
Image: C:\Windows\System32\svchost.exe
User: NT AUTHORITY\NETWORK SERVICE"
"11/27/2025 10:53:44 PM","3","Information","Network connection detected:
RuleName: -
UtcTime: 2025-11-27 17:23:53.680
ProcessGuid: {3a35410f-8909-6928-0207-000000000b00}
ProcessId: 14160
Image: C:\Windows\System32\WindowsPowerShell\v1.0\powershell.exe
User: DESKTOP-EJG8QJC\Emil Jinu
Protocol: tcp
Initiated: true
SourceIsIpv6: false
SourceIp: 10.0.2.15
SourceHostname: DESKTOP-EJG8QJC
SourcePort: 55877
SourcePortName: -
DestinationIsIpv6: false
DestinationIp: 13.107.246.58
DestinationHostname: -
DestinationPort: 443
DestinationPortName: https"
"11/27/2025 10:53:44 PM","22","Information","Dns query:
RuleName: -
UtcTime: 2025-11-27 17:23:53.716
ProcessGuid: {3a35410f-8909-6928-0207-000000000b00}
ProcessId: 14160
QueryName: microsoft.com
QueryStatus: 0
QueryResults: 2603:1030:20e:3::23c;2603:1030:c02:8::14;2603:1020:201:10::10f;2603:1010:3:3::5b;2603:1030:b:3::152;::ffff:13.107.246.58;::ffff:13.107.213.58;
Image: C:\Windows\System32\WindowsPowerShell\v1.0\powershell.exe
User: DESKTOP-EJG8QJC\Emil Jinu"
"11/27/2025 10:53:42 PM","22","Information","Dns query:
RuleName: -
UtcTime: 2025-11-27 17:23:49.599
ProcessGuid: {3a35410f-891d-6928-0707-000000000b00}
ProcessId: 8712
QueryName: microsoft.com
QueryStatus: 0
QueryResults: 2603:1030:20e:3::23c;2603:1030:c02:8::14;2603:1020:201:10::10f;2603:1010:3:3::5b;2603:1030:b:3::152;::ffff:13.107.246.58;::ffff:13.107.213.58;
Image: C:\Windows\System32\wbem\WmiPrvSE.exe
User: NT AUTHORITY\NETWORK SERVICE"
"11/27/2025 10:53:32 PM","1","Information","Process Create:
RuleName: -
UtcTime: 2025-11-27 17:23:32.110
ProcessGuid: {3a35410f-8914-6928-0607-000000000b00}
ProcessId: 11660
Image: C:\Windows\System32\svchost.exe
FileVersion: 10.0.19041.5794 (WinBuild.160101.0800)
Description: Host Process for Windows Services
Product: Microsoft? Windows? Operating System
Company: Microsoft Corporation
OriginalFileName: svchost.exe
CommandLine: C:\Windows\system32\svchost.exe -k netsvcs -p -s gpsvc
CurrentDirectory: C:\Windows\system32\
User: NT AUTHORITY\SYSTEM
LogonGuid: {3a35410f-6567-6928-e703-000000000000}
LogonId: 0x3E7
TerminalSessionId: 0
IntegrityLevel: System
Hashes: MD5=3D1034D6ED3DAED60816A25C561E8C83,SHA256=B0B36BFF7AE4057F687D839CD4B3D81159AB646F1EE1B22106A927E93DECBB61,IMPHASH=F9BBD96FAE53B7A31264A703CAFA0666
ParentProcessGuid: {3a35410f-6567-6928-0b00-000000000b00}
ParentProcessId: 708
ParentImage: C:\Windows\System32\services.exe
ParentCommandLine: C:\Windows\system32\services.exe
ParentUser: NT AUTHORITY\SYSTEM"
"11/27/2025 10:53:21 PM","11","Information","File created:
RuleName: -
UtcTime: 2025-11-27 17:23:21.781
ProcessGuid: {3a35410f-8909-6928-0207-000000000b00}
ProcessId: 14160
Image: C:\Windows\System32\WindowsPowerShell\v1.0\powershell.exe
TargetFilename: C:\Users\Emil Jinu\AppData\Local\Temp\__PSScriptPolicyTest_2ojy5bg3.vbj.ps1
CreationUtcTime: 2025-11-27 17:23:21.781
User: DESKTOP-EJG8QJC\Emil Jinu"
"11/27/2025 10:53:21 PM","1","Information","Process Create:
RuleName: -
UtcTime: 2025-11-27 17:23:21.264
ProcessGuid: {3a35410f-8909-6928-0207-000000000b00}
ProcessId: 14160
Image: C:\Windows\System32\WindowsPowerShell\v1.0\powershell.exe
FileVersion: 10.0.19041.3996 (WinBuild.160101.0800)
Description: Windows PowerShell
Product: Microsoft? Windows? Operating System
Company: Microsoft Corporation
OriginalFileName: PowerShell.EXE
CommandLine: ""C:\Windows\System32\WindowsPowerShell\v1.0\powershell.exe"" 
CurrentDirectory: C:\Users\Emil Jinu\
User: DESKTOP-EJG8QJC\Emil Jinu
LogonGuid: {3a35410f-6604-6928-c9e6-200000000000}
LogonId: 0x20E6C9
TerminalSessionId: 1
IntegrityLevel: Medium
Hashes: MD5=2E5A8590CF6848968FC23DE3FA1E25F1,SHA256=9785001B0DCF755EDDB8AF294A373C0B87B2498660F724E76C4D53F9C217C7A3,IMPHASH=3D08F4848535206D772DE145804FF4B6
ParentProcessGuid: {3a35410f-88a5-6928-eb06-000000000b00}
ParentProcessId: 9468
ParentImage: C:\Windows\explorer.exe
ParentCommandLine: explorer.exe
ParentUser: DESKTOP-EJG8QJC\Emil Jinu"
"11/27/2025 10:52:40 PM","11","Information","File created:
RuleName: -
UtcTime: 2025-11-27 17:22:40.291
ProcessGuid: {3a35410f-88df-6928-0007-000000000b00}
ProcessId: 5256
Image: C:\Windows\System32\WindowsPowerShell\v1.0\powershell.exe
TargetFilename: C:\Users\Emil Jinu\AppData\Local\Temp\__PSScriptPolicyTest_kq0n4y1b.51h.ps1
CreationUtcTime: 2025-11-27 17:22:40.291
User: DESKTOP-EJG8QJC\Emil Jinu"
"11/27/2025 10:52:39 PM","1","Information","Process Create:
RuleName: -
UtcTime: 2025-11-27 17:22:39.732
ProcessGuid: {3a35410f-88df-6928-0007-000000000b00}
ProcessId: 5256
Image: C:\Windows\System32\WindowsPowerShell\v1.0\powershell.exe
FileVersion: 10.0.19041.3996 (WinBuild.160101.0800)
Description: Windows PowerShell
Product: Microsoft? Windows? Operating System
Company: Microsoft Corporation
OriginalFileName: PowerShell.EXE
CommandLine: ""C:\Windows\System32\WindowsPowerShell\v1.0\powershell.exe"" 
CurrentDirectory: C:\Windows\system32\
User: DESKTOP-EJG8QJC\Emil Jinu
LogonGuid: {3a35410f-6604-6928-9de6-200000000000}
LogonId: 0x20E69D
TerminalSessionId: 1
IntegrityLevel: High
Hashes: MD5=2E5A8590CF6848968FC23DE3FA1E25F1,SHA256=9785001B0DCF755EDDB8AF294A373C0B87B2498660F724E76C4D53F9C217C7A3,IMPHASH=3D08F4848535206D772DE145804FF4B6
ParentProcessGuid: {3a35410f-82db-6928-ef05-000000000b00}
ParentProcessId: 13644
ParentImage: C:\Windows\System32\RuntimeBroker.exe
ParentCommandLine: C:\Windows\System32\RuntimeBroker.exe -Embedding
ParentUser: DESKTOP-EJG8QJC\Emil Jinu"
"11/27/2025 10:52:39 PM","1","Information","Process Create:
RuleName: -
UtcTime: 2025-11-27 17:22:39.674
ProcessGuid: {3a35410f-88df-6928-ff06-000000000b00}
ProcessId: 8136
Image: C:\Windows\System32\AtBroker.exe
FileVersion: 10.0.19041.4355 (WinBuild.160101.0800)
Description: Windows Assistive Technology Manager
Product: Microsoft? Windows? Operating System
Company: Microsoft Corporation
OriginalFileName: ATBroker.exe
CommandLine: atbroker.exe
CurrentDirectory: C:\Windows\system32\
User: DESKTOP-EJG8QJC\Emil Jinu
LogonGuid: {3a35410f-6604-6928-c9e6-200000000000}
LogonId: 0x20E6C9
TerminalSessionId: 1
IntegrityLevel: Medium
Hashes: MD5=D0671A805A2E76925DE3154741289B08,SHA256=D3EB72A2E4BC302D15D1B6DCA9B4E0EFE550D40351D5C90700D8B3D7314C2830,IMPHASH=468490D98938AAE93ECC62C54A775DC2
ParentProcessGuid: {3a35410f-6567-6928-0a00-000000000b00}
ParentProcessId: 652
ParentImage: C:\Windows\System32\winlogon.exe
ParentCommandLine: winlogon.exe
ParentUser: NT AUTHORITY\SYSTEM"
"11/27/2025 10:52:38 PM","1","Information","Process Create:
RuleName: -
UtcTime: 2025-11-27 17:22:38.293
ProcessGuid: {3a35410f-88de-6928-fe06-000000000b00}
ProcessId: 6380
Image: C:\Windows\System32\sethc.exe
FileVersion: 10.0.19041.4355 (WinBuild.160101.0800)
Description: Accessibility shortcut keys
Product: Microsoft? Windows? Operating System
Company: Microsoft Corporation
OriginalFileName: sethc.exe
CommandLine: ""C:\Windows\System32\Sethc.exe"" /AccessibilitySoundAgent
CurrentDirectory: C:\Windows\system32\
User: NT AUTHORITY\SYSTEM
LogonGuid: {3a35410f-6567-6928-e703-000000000000}
LogonId: 0x3E7
TerminalSessionId: 1
IntegrityLevel: System
Hashes: MD5=6757FB47E95B8DB4F5D1C857B13642DC,SHA256=7B58305C6200E683AF425A8FCA93FCFCAA181A853529AE67BB368804FFE44EE9,IMPHASH=75513610A189F950956F5109A96D84D3
ParentProcessGuid: {3a35410f-88dd-6928-fc06-000000000b00}
ParentProcessId: 14652
ParentImage: C:\Windows\System32\AtBroker.exe
ParentCommandLine: atbroker.exe
ParentUser: NT AUTHORITY\SYSTEM"
"11/27/2025 10:52:38 PM","1","Information","Process Create:
RuleName: -
UtcTime: 2025-11-27 17:22:37.998
ProcessGuid: {3a35410f-88dd-6928-fc06-000000000b00}
ProcessId: 14652
Image: C:\Windows\System32\AtBroker.exe
FileVersion: 10.0.19041.4355 (WinBuild.160101.0800)
Description: Windows Assistive Technology Manager
Product: Microsoft? Windows? Operating System
Company: Microsoft Corporation
OriginalFileName: ATBroker.exe
CommandLine: atbroker.exe
CurrentDirectory: C:\Windows\system32\
User: NT AUTHORITY\SYSTEM
LogonGuid: {3a35410f-6567-6928-e703-000000000000}
LogonId: 0x3E7
TerminalSessionId: 1
IntegrityLevel: System
Hashes: MD5=D0671A805A2E76925DE3154741289B08,SHA256=D3EB72A2E4BC302D15D1B6DCA9B4E0EFE550D40351D5C90700D8B3D7314C2830,IMPHASH=468490D98938AAE93ECC62C54A775DC2
ParentProcessGuid: {3a35410f-6567-6928-0a00-000000000b00}
ParentProcessId: 652
ParentImage: C:\Windows\System32\winlogon.exe
ParentCommandLine: winlogon.exe
ParentUser: NT AUTHORITY\SYSTEM"
"11/27/2025 10:52:37 PM","1","Information","Process Create:
RuleName: -
UtcTime: 2025-11-27 17:22:37.659
ProcessGuid: {3a35410f-88dd-6928-fb06-000000000b00}
ProcessId: 15248
Image: C:\Windows\System32\consent.exe
FileVersion: 10.0.19041.5794 (WinBuild.160101.0800)
Description: Consent UI for administrative applications
Product: Microsoft? Windows? Operating System
Company: Microsoft Corporation
OriginalFileName: consent.exe
CommandLine: consent.exe 9416 468 000001F8EAC42AE0
CurrentDirectory: C:\Windows\system32\
User: NT AUTHORITY\SYSTEM
LogonGuid: {3a35410f-6567-6928-e703-000000000000}
LogonId: 0x3E7
TerminalSessionId: 1
IntegrityLevel: System
Hashes: MD5=5D630C63F6F31700676E856B5FF47B26,SHA256=7084382B4C73176AF091FD5082C64F9ACE71E19B7BE31A08CA357F427E4DC2E9,IMPHASH=7001337914CFB426620F508E54CDF72F
ParentProcessGuid: {3a35410f-6618-6928-5b01-000000000b00}
ParentProcessId: 9416
ParentImage: C:\Windows\System32\svchost.exe
ParentCommandLine: C:\Windows\system32\svchost.exe -k netsvcs -p -s Appinfo
ParentUser: NT AUTHORITY\SYSTEM"
"11/27/2025 10:52:18 PM","1","Information","Process Create:
RuleName: -
UtcTime: 2025-11-27 17:22:18.367
ProcessGuid: {3a35410f-88ca-6928-f906-000000000b00}
ProcessId: 15148
Image: C:\Program Files (x86)\Microsoft\EdgeUpdate\MicrosoftEdgeUpdate.exe
FileVersion: 1.3.209.9
Description: Microsoft Edge Update
Product: Microsoft Edge Update
Company: Microsoft Corporation
OriginalFileName: msedgeupdate.dll
CommandLine: ""C:\Program Files (x86)\Microsoft\EdgeUpdate\MicrosoftEdgeUpdate.exe"" /ping PD94bWwgdmVyc2lvbj0iMS4wIiBlbmNvZGluZz0iVVRGLTgiPz48cmVxdWVzdCBwcm90b2NvbD0iMy4wIiB1cGRhdGVyPSJPbWFoYSIgdXBkYXRlcnZlcnNpb249IjEuMy4yMDkuOSIgc2hlbGxfdmVyc2lvbj0iMS4zLjIwOS45IiBpc21hY2hpbmU9IjEiIHNlc3Npb25pZD0iezIzRjJCOTJGLTAyQTgtNEYxRS05NkMyLUNFMjIxNUQzMDkxQX0iIHVzZXJpZD0ie0IzOTlBOTRDLUE3NTUtNENDRS1BMTJFLUFBOUZBNDcxQzA3NH0iIGluc3RhbGxzb3VyY2U9InNjaGVkdWxlciIgcmVxdWVzdGlkPSJ7M0Y3NjBFQUMtNTYyOS00RkQwLTkzNkItRjM5OTcyMjhBMUIzfSIgZGVkdXA9ImNyIiBkb21haW5qb2luZWQ9IjAiPjxodyBsb2dpY2FsX2NwdXM9IjQiIHBoeXNtZW1vcnk9IjQiIGRpc2tfdHlwZT0iMSIgc3NlPSIxIiBzc2UyPSIxIiBzc2UzPSIxIiBzc3NlMz0iMSIgc3NlNDE9IjEiIHNzZTQyPSIxIiBhdng9IjEiLz48b3MgcGxhdGZvcm09IndpbiIgdmVyc2lvbj0iMTAuMC4xOTA0NS42NDU2IiBzcD0iIiBhcmNoPSJ4NjQiIHByb2R1Y3RfdHlwZT0iNDgiIGlzX3dpcD0iMCIgaXNfaW5fbG9ja2Rvd25fbW9kZT0iMCIvPjxvZW0gcHJvZHVjdF9tYW51ZmFjdHVyZXI9Imlubm90ZWsgR21iSCIgcHJvZHVjdF9uYW1lPSJWaXJ0dWFsQm94Ii8-PGV4cCBldGFnPSImcXVvdDtOZTAxeGZ4RnZVV3lkcFpzSjNmU2JVenh4L2lBYTc3eEdaekZWdW02TlBzPSZxdW90OyIvPjxhcHAgYXBwaWQ9IntGM0M0RkUwMC1FRkQ1LTQwM0ItOTU2OS0zOThBMjBGMUJBNEF9IiB2ZXJzaW9uPSIxLjMuMjA5LjkiIG5leHR2ZXJzaW9uPSIiIGxhbmc9IiIgYnJhbmQ9IklOQlgiIGNsaWVudD0iIiBpbnN0YWxsYWdlPSI0IiBjb2hvcnQ9InJyZkAwLjQyIj48dXBkYXRlY2hlY2svPjxwaW5nIHJkPSI2OTA1IiBwaW5nX2ZyZXNobmVzcz0ie0M2RDNCQjJDLTk0NDktNEE3NC05NjcxLUUxRTkzNUM0QjQzMH0iLz48L2FwcD48YXBwIGFwcGlkPSJ7NTZFQjE4RjgtQjAwOC00Q0JELUI2RDItOEM5N0ZFN0U5MDYyfSIgdmVyc2lvbj0iMTQyLjAuMzU5NS45NCIgbmV4dHZlcnNpb249IiIgbGFuZz0iIiBicmFuZD0iSU5CWCIgY2xpZW50PSIiIGluc3RhbGxhZ2U9IjQiIGNvaG9ydD0icnJmQDAuNjkiIG9vYmVfaW5zdGFsbF90aW1lPSIxMzQwODI4MjE1NjAxMTU2NTAiIHVwZGF0ZV9jb3VudD0iMSIgaXNfcGlubmVkX3N5c3RlbT0idHJ1ZSIgbGFzdF9sYXVuY2hfY291bnQ9IjEiIGxhc3RfbGF1bmNoX3RpbWU9IjEzNDA4NzM2NTIzNzg4Nzk0MCIgZmlyc3RfZnJlX3NlZW5fdGltZT0iMTM0MDgyODM0NTA0ODA5MDAwIiBmaXJzdF9mcmVfc2Vlbl92ZXJzaW9uPSIxNDIuMC4zNTk1Ljk0Ij48dXBkYXRlY2hlY2svPjxwaW5nIGFjdGl2ZT0iMSIgYWQ9IjY5MDUiIHJkPSI2OTA1IiBwaW5nX2ZyZXNobmVzcz0iezEyQTVCMkE4LTQ5NkQtNEI5My05MDA1LTAzNEQ5OUM3MTJFQn0iLz48L2FwcD48YXBwIGFwcGlkPSJ7RjMwMTcyMjYtRkUyQS00Mjk1LThCREYtMDBDM0E5QTdFNEM1fSIgdmVyc2lvbj0iMTQyLjAuMzU5NS45NCIgbmV4dHZlcnNpb249IiIgbGFuZz0iIiBicmFuZD0iRVVXViIgY2xpZW50PSIiIGluc3RhbGxhZ2U9IjMiIGluc3RhbGxkYXRlPSI2OTAyIiBjb2hvcnQ9InJyZkAwLjY4IiBsYXN0X2xhdW5jaF9jb3VudD0iMSIgbGFzdF9sYXVuY2hfdGltZT0iMTM0MDg3Mzc2MTM0MTI5MDEwIj48dXBkYXRlY2hlY2svPjxwaW5nIGFjdGl2ZT0iMSIgYWQ9IjY5MDUiIHJkPSI2OTA1IiBwaW5nX2ZyZXNobmVzcz0ie0FCNDM1NTAxLTQzMjktNEU4NS04RjMwLTkyNzE1NjQwNjg0M30iLz48L2FwcD48L3JlcXVlc3Q-
CurrentDirectory: C:\Program Files (x86)\Microsoft\EdgeUpdate\1.3.209.9\
User: NT AUTHORITY\SYSTEM
LogonGuid: {3a35410f-6567-6928-e703-000000000000}
LogonId: 0x3E7
TerminalSessionId: 0
IntegrityLevel: System
Hashes: MD5=80306EB362C63D6A63F443A3B2B84EDF,SHA256=B0585142D771FD68F0F939B925E4D32B491CD097350131F8F5C006EB8B2B0397,IMPHASH=CD3B2D99C6655A5D4A14E30E380F5BF9
ParentProcessGuid: {3a35410f-88c7-6928-f806-000000000b00}
ParentProcessId: 14248
ParentImage: C:\Program Files (x86)\Microsoft\EdgeUpdate\MicrosoftEdgeUpdate.exe
ParentCommandLine: ""C:\Program Files (x86)\Microsoft\EdgeUpdate\MicrosoftEdgeUpdate.exe"" /svc
ParentUser: NT AUTHORITY\SYSTEM"
"11/27/2025 10:52:15 PM","1","Information","Process Create:
RuleName: -
UtcTime: 2025-11-27 17:22:15.569
ProcessGuid: {3a35410f-88c7-6928-f806-000000000b00}
ProcessId: 14248
Image: C:\Program Files (x86)\Microsoft\EdgeUpdate\MicrosoftEdgeUpdate.exe
FileVersion: 1.3.209.9
Description: Microsoft Edge Update
Product: Microsoft Edge Update
Company: Microsoft Corporation
OriginalFileName: msedgeupdate.dll
CommandLine: ""C:\Program Files (x86)\Microsoft\EdgeUpdate\MicrosoftEdgeUpdate.exe"" /svc
CurrentDirectory: C:\Windows\system32\
User: NT AUTHORITY\SYSTEM
LogonGuid: {3a35410f-6567-6928-e703-000000000000}
LogonId: 0x3E7
TerminalSessionId: 0
IntegrityLevel: System
Hashes: MD5=80306EB362C63D6A63F443A3B2B84EDF,SHA256=B0585142D771FD68F0F939B925E4D32B491CD097350131F8F5C006EB8B2B0397,IMPHASH=CD3B2D99C6655A5D4A14E30E380F5BF9
ParentProcessGuid: {3a35410f-6567-6928-0b00-000000000b00}
ParentProcessId: 708
ParentImage: C:\Windows\System32\services.exe
ParentCommandLine: C:\Windows\system32\services.exe
ParentUser: NT AUTHORITY\SYSTEM"
"11/27/2025 10:51:46 PM","1","Information","Process Create:
RuleName: -
UtcTime: 2025-11-27 17:21:46.611
ProcessGuid: {3a35410f-88aa-6928-f406-000000000b00}
ProcessId: 13424
Image: C:\Windows\System32\MoUsoCoreWorker.exe
FileVersion: 10.0.19041.5848 (WinBuild.160101.0800)
Description: MoUSO Core Worker Process
Product: Microsoft? Windows? Operating System
Company: Microsoft Corporation
OriginalFileName: MoUSOCoreWorker.exe
CommandLine: C:\Windows\System32\mousocoreworker.exe -Embedding
CurrentDirectory: C:\Windows\system32\
User: NT AUTHORITY\SYSTEM
LogonGuid: {3a35410f-6567-6928-e703-000000000000}
LogonId: 0x3E7
TerminalSessionId: 0
IntegrityLevel: System
Hashes: MD5=7E1D07B224D243CAC8327577C61F0218,SHA256=6B676785219372F26A109E601BD04C7376A289021616B36AE4CCFABA43EAF4D6,IMPHASH=8668B4C1834A89E3778E45BE48201874
ParentProcessGuid: {3a35410f-6567-6928-0d00-000000000b00}
ParentProcessId: 848
ParentImage: C:\Windows\System32\svchost.exe
ParentCommandLine: C:\Windows\system32\svchost.exe -k DcomLaunch -p
ParentUser: NT AUTHORITY\SYSTEM"
"11/27/2025 10:51:45 PM","1","Information","Process Create:
RuleName: -
UtcTime: 2025-11-27 17:21:45.817
ProcessGuid: {3a35410f-88a9-6928-f306-000000000b00}
ProcessId: 10468
Image: C:\Windows\WinSxS\amd64_microsoft-windows-servicingstack_31bf3856ad364e35_10.0.19041.6449_none_7e0d59887c8e1467\TiWorker.exe
FileVersion: 10.0.19041.6449 (WinBuild.160101.0800)
Description: Windows Modules Installer Worker
Product: Microsoft? Windows? Operating System
Company: Microsoft Corporation
OriginalFileName: TiWorker.exe
CommandLine: C:\Windows\winsxs\amd64_microsoft-windows-servicingstack_31bf3856ad364e35_10.0.19041.6449_none_7e0d59887c8e1467\TiWorker.exe -Embedding
CurrentDirectory: C:\Windows\system32\
User: NT AUTHORITY\SYSTEM
LogonGuid: {3a35410f-6567-6928-e703-000000000000}
LogonId: 0x3E7
TerminalSessionId: 0
IntegrityLevel: System
Hashes: MD5=C814A5844B037DF5271494CE580837B2,SHA256=606D88DADCDE114EEE163B871B88BFB2FFC562D122A6A1102B970E68142A2914,IMPHASH=2409EC1E105B0DDA91B9CEBA0B44162F
ParentProcessGuid: {3a35410f-6567-6928-0d00-000000000b00}
ParentProcessId: 848
ParentImage: C:\Windows\System32\svchost.exe
ParentCommandLine: C:\Windows\system32\svchost.exe -k DcomLaunch -p
ParentUser: NT AUTHORITY\SYSTEM"
"11/27/2025 10:51:45 PM","1","Information","Process Create:
RuleName: -
UtcTime: 2025-11-27 17:21:45.599
ProcessGuid: {3a35410f-88a9-6928-f206-000000000b00}
ProcessId: 10952
Image: C:\Windows\servicing\TrustedInstaller.exe
FileVersion: 10.0.19041.6033 (WinBuild.160101.0800)
Description: Windows Modules Installer
Product: Microsoft? Windows? Operating System
Company: Microsoft Corporation
OriginalFileName: TrustedInstaller.exe
CommandLine: C:\Windows\servicing\TrustedInstaller.exe
CurrentDirectory: C:\Windows\system32\
User: NT AUTHORITY\SYSTEM
LogonGuid: {3a35410f-6567-6928-e703-000000000000}
LogonId: 0x3E7
TerminalSessionId: 0
IntegrityLevel: System
Hashes: MD5=7AD303939D1A9FECD6ECADD773B4ADEF,SHA256=4A91D438B383AFAAB9015C6A4C5BDAD04EF4A3FDF010FCC2433EED7AA471F311,IMPHASH=0573E2F86BB45402DB86E0CB5DC66EDC
ParentProcessGuid: {3a35410f-6567-6928-0b00-000000000b00}
ParentProcessId: 708
ParentImage: C:\Windows\System32\services.exe
ParentCommandLine: C:\Windows\system32\services.exe
ParentUser: NT AUTHORITY\SYSTEM"
"11/27/2025 10:51:45 PM","1","Information","Process Create:
RuleName: -
UtcTime: 2025-11-27 17:21:45.465
ProcessGuid: {3a35410f-88a9-6928-f006-000000000b00}
ProcessId: 7504
Image: C:\Windows\SystemApps\MicrosoftWindows.Client.CBS_cw5n1h2txyewy\TextInputHost.exe
FileVersion: 125.1700.0.0
Description: -
Product: Microsoft? Windows? Operating System
Company: Microsoft Corporation
OriginalFileName: TextInputHost.exe
CommandLine: ""C:\Windows\SystemApps\MicrosoftWindows.Client.CBS_cw5n1h2txyewy\TextInputHost.exe"" -ServerName:InputApp.AppXk0k6mrh4r2q0ct33a9wgbez0x7v9cz5y.mca
CurrentDirectory: C:\Windows\SystemApps\MicrosoftWindows.Client.CBS_cw5n1h2txyewy\
User: DESKTOP-EJG8QJC\Emil Jinu
LogonGuid: {3a35410f-6604-6928-c9e6-200000000000}
LogonId: 0x20E6C9
TerminalSessionId: 1
IntegrityLevel: Medium
Hashes: MD5=38B4011E48A8379D1E802BE49359C547,SHA256=326574F6C6632FDB9B75EE201D385E5A5D0ABDD519CBD84AB1DE966128F6C4DB,IMPHASH=8ACCE29A751A218EBBCA39B834A66F0B
ParentProcessGuid: {3a35410f-6567-6928-0d00-000000000b00}
ParentProcessId: 848
ParentImage: C:\Windows\System32\svchost.exe
ParentCommandLine: C:\Windows\system32\svchost.exe -k DcomLaunch -p
ParentUser: NT AUTHORITY\SYSTEM"
"11/27/2025 10:51:44 PM","1","Information","Process Create:
RuleName: -
UtcTime: 2025-11-27 17:21:44.175
ProcessGuid: {3a35410f-88a8-6928-ef06-000000000b00}
ProcessId: 10848
Image: C:\Windows\System32\LocationNotificationWindows.exe
FileVersion: 10.0.19041.5915 (WinBuild.160101.0800)
Description: Location Notification
Product: Microsoft? Windows? Operating System
Company: Microsoft Corporation
OriginalFileName: LocationNotificationWindows.exe
CommandLine: ""C:\Windows\System32\LocationNotificationWindows.exe""
CurrentDirectory: C:\Windows\system32\
User: DESKTOP-EJG8QJC\Emil Jinu
LogonGuid: {3a35410f-6604-6928-c9e6-200000000000}
LogonId: 0x20E6C9
TerminalSessionId: 1
IntegrityLevel: Medium
Hashes: MD5=78304DE7BC9427229F70FC0CCF7C0CF1,SHA256=82CFEF287D60D9F04E5F0E4FB915D71CC71C1AD260F90941F4ADEE515896BBE7,IMPHASH=BFB647E172E5CBBCE5676BA2E6097869
ParentProcessGuid: {3a35410f-6568-6928-2400-000000000b00}
ParentProcessId: 1532
ParentImage: C:\Windows\System32\svchost.exe
ParentCommandLine: C:\Windows\system32\svchost.exe -k netsvcs -p -s Schedule
ParentUser: NT AUTHORITY\SYSTEM"
"11/27/2025 10:51:42 PM","11","Information","File created:
RuleName: -
UtcTime: 2025-11-27 17:21:42.724
ProcessGuid: {3a35410f-88a5-6928-ec06-000000000b00}
ProcessId: 9076
Image: C:\Windows\System32\WindowsPowerShell\v1.0\powershell.exe
TargetFilename: C:\Users\Emil Jinu\AppData\Local\Temp\__PSScriptPolicyTest_ienbaavc.mji.ps1
CreationUtcTime: 2025-11-27 17:21:42.724
User: DESKTOP-EJG8QJC\Emil Jinu"
"11/27/2025 10:51:41 PM","1","Information","Process Create:
RuleName: -
UtcTime: 2025-11-27 17:21:41.777
ProcessGuid: {3a35410f-88a5-6928-ec06-000000000b00}
ProcessId: 9076
Image: C:\Windows\System32\WindowsPowerShell\v1.0\powershell.exe
FileVersion: 10.0.19041.3996 (WinBuild.160101.0800)
Description: Windows PowerShell
Product: Microsoft? Windows? Operating System
Company: Microsoft Corporation
OriginalFileName: PowerShell.EXE
CommandLine: ""C:\Windows\System32\WindowsPowerShell\v1.0\powershell.exe"" 
CurrentDirectory: C:\Windows\system32\
User: DESKTOP-EJG8QJC\Emil Jinu
LogonGuid: {3a35410f-6604-6928-9de6-200000000000}
LogonId: 0x20E69D
TerminalSessionId: 1
IntegrityLevel: High
Hashes: MD5=2E5A8590CF6848968FC23DE3FA1E25F1,SHA256=9785001B0DCF755EDDB8AF294A373C0B87B2498660F724E76C4D53F9C217C7A3,IMPHASH=3D08F4848535206D772DE145804FF4B6
ParentProcessGuid: {3a35410f-8459-6928-4406-000000000b00}
ParentProcessId: 11236
ParentImage: C:\Windows\System32\WindowsPowerShell\v1.0\powershell.exe
ParentCommandLine: ""C:\Windows\System32\WindowsPowerShell\v1.0\powershell.exe"" 
ParentUser: DESKTOP-EJG8QJC\Emil Jinu"
"11/27/2025 10:51:41 PM","1","Information","Process Create:
RuleName: -
UtcTime: 2025-11-27 17:21:41.634
ProcessGuid: {3a35410f-88a5-6928-eb06-000000000b00}
ProcessId: 9468
Image: C:\Windows\explorer.exe
FileVersion: 10.0.19041.6456 (WinBuild.160101.0800)
Description: Windows Explorer
Product: Microsoft? Windows? Operating System
Company: Microsoft Corporation
OriginalFileName: EXPLORER.EXE
CommandLine: explorer.exe
CurrentDirectory: C:\Windows\system32\
User: DESKTOP-EJG8QJC\Emil Jinu
LogonGuid: {3a35410f-6604-6928-c9e6-200000000000}
LogonId: 0x20E6C9
TerminalSessionId: 1
IntegrityLevel: Medium
Hashes: MD5=24AD59ABAF730E71BC865922D8596008,SHA256=988A56D897915315EEF9CA679B3BC8ADFCECF5E227AEA99AAA1817620520E97E,IMPHASH=DBCE632ECED8243CB6090C1C87BE56BC
ParentProcessGuid: {3a35410f-6567-6928-0a00-000000000b00}
ParentProcessId: 652
ParentImage: C:\Windows\System32\winlogon.exe
ParentCommandLine: winlogon.exe
ParentUser: NT AUTHORITY\SYSTEM"
"11/27/2025 10:51:38 PM","1","Information","Process Create:
RuleName: -
UtcTime: 2025-11-27 17:21:38.917
ProcessGuid: {3a35410f-88a2-6928-ea06-000000000b00}
ProcessId: 14632
Image: C:\Windows\explorer.exe
FileVersion: 10.0.19041.6456 (WinBuild.160101.0800)
Description: Windows Explorer
Product: Microsoft? Windows? Operating System
Company: Microsoft Corporation
OriginalFileName: EXPLORER.EXE
CommandLine: ""C:\Windows\explorer.exe"" 
CurrentDirectory: C:\Windows\system32\
User: DESKTOP-EJG8QJC\Emil Jinu
LogonGuid: {3a35410f-6604-6928-9de6-200000000000}
LogonId: 0x20E69D
TerminalSessionId: 1
IntegrityLevel: High
Hashes: MD5=24AD59ABAF730E71BC865922D8596008,SHA256=988A56D897915315EEF9CA679B3BC8ADFCECF5E227AEA99AAA1817620520E97E,IMPHASH=DBCE632ECED8243CB6090C1C87BE56BC
ParentProcessGuid: {3a35410f-8459-6928-4406-000000000b00}
ParentProcessId: 11236
ParentImage: C:\Windows\System32\WindowsPowerShell\v1.0\powershell.exe
ParentCommandLine: ""C:\Windows\System32\WindowsPowerShell\v1.0\powershell.exe"" 
ParentUser: DESKTOP-EJG8QJC\Emil Jinu"
"11/27/2025 10:51:36 PM","1","Information","Process Create:
RuleName: -
UtcTime: 2025-11-27 17:21:36.164
ProcessGuid: {3a35410f-88a0-6928-e906-000000000b00}
ProcessId: 8424
Image: C:\Program Files\Windows NT\Accessories\wordpad.exe
FileVersion: 10.0.19041.6392 (WinBuild.160101.0800)
Description: Windows Wordpad Application
Product: Microsoft? Windows? Operating System
Company: Microsoft Corporation
OriginalFileName: WORDPAD.EXE
CommandLine: ""C:\Program Files\Windows NT\Accessories\wordpad.exe"" 
CurrentDirectory: C:\Windows\system32\
User: DESKTOP-EJG8QJC\Emil Jinu
LogonGuid: {3a35410f-6604-6928-9de6-200000000000}
LogonId: 0x20E69D
TerminalSessionId: 1
IntegrityLevel: High
Hashes: MD5=7D30889CC699CF86D1F533619D6118E4,SHA256=4B2E23A9130EA4ED8540071D7EBC9F02E5BCFE8EACA96CCCAB561FD8B7296C2E,IMPHASH=9315BEF4B5484B572936D208E8B654A0
ParentProcessGuid: {3a35410f-8459-6928-4406-000000000b00}
ParentProcessId: 11236
ParentImage: C:\Windows\System32\WindowsPowerShell\v1.0\powershell.exe
ParentCommandLine: ""C:\Windows\System32\WindowsPowerShell\v1.0\powershell.exe"" 
ParentUser: DESKTOP-EJG8QJC\Emil Jinu"
"11/27/2025 10:51:33 PM","1","Information","Process Create:
RuleName: -
UtcTime: 2025-11-27 17:21:33.344
ProcessGuid: {3a35410f-889d-6928-e706-000000000b00}
ProcessId: 10072
Image: C:\Windows\System32\mspaint.exe
FileVersion: 10.0.19041.5553 (WinBuild.160101.0800)
Description: Paint
Product: Microsoft? Windows? Operating System
Company: Microsoft Corporation
OriginalFileName: MSPAINT.EXE
CommandLine: ""C:\Windows\system32\mspaint.exe"" 
CurrentDirectory: C:\Windows\system32\
User: DESKTOP-EJG8QJC\Emil Jinu
LogonGuid: {3a35410f-6604-6928-9de6-200000000000}
LogonId: 0x20E69D
TerminalSessionId: 1
IntegrityLevel: High
Hashes: MD5=FA534C7C1F54F9FB8BA99FC99C505651,SHA256=94F22AE686874A5F016AACF7F74F679DECC8D52A39DFDF31DCD5133739BBA532,IMPHASH=AD9649A74DB256ECAB874BD416C46A98
ParentProcessGuid: {3a35410f-8459-6928-4406-000000000b00}
ParentProcessId: 11236
ParentImage: C:\Windows\System32\WindowsPowerShell\v1.0\powershell.exe
ParentCommandLine: ""C:\Windows\System32\WindowsPowerShell\v1.0\powershell.exe"" 
ParentUser: DESKTOP-EJG8QJC\Emil Jinu"
"11/27/2025 10:51:30 PM","1","Information","Process Create:
RuleName: -
UtcTime: 2025-11-27 17:21:30.550
ProcessGuid: {3a35410f-889a-6928-e506-000000000b00}
ProcessId: 12796
Image: C:\Windows\System32\calc.exe
FileVersion: 10.0.19041.1 (WinBuild.160101.0800)
Description: Windows Calculator
Product: Microsoft? Windows? Operating System
Company: Microsoft Corporation
OriginalFileName: CALC.EXE
CommandLine: ""C:\Windows\system32\calc.exe"" 
CurrentDirectory: C:\Windows\system32\
User: DESKTOP-EJG8QJC\Emil Jinu
LogonGuid: {3a35410f-6604-6928-9de6-200000000000}
LogonId: 0x20E69D
TerminalSessionId: 1
IntegrityLevel: High
Hashes: MD5=5DA8C98136D98DFEC4716EDD79C7145F,SHA256=58189CBD4E6DC0C7D8E66B6A6F75652FC9F4AFC7CE0EBA7D67D8C3FEB0D5381F,IMPHASH=8EEAA9499666119D13B3F44ECD77A729
ParentProcessGuid: {3a35410f-8459-6928-4406-000000000b00}
ParentProcessId: 11236
ParentImage: C:\Windows\System32\WindowsPowerShell\v1.0\powershell.exe
ParentCommandLine: ""C:\Windows\System32\WindowsPowerShell\v1.0\powershell.exe"" 
ParentUser: DESKTOP-EJG8QJC\Emil Jinu"
"11/27/2025 10:51:27 PM","1","Information","Process Create:
RuleName: -
UtcTime: 2025-11-27 17:21:27.731
ProcessGuid: {3a35410f-8897-6928-e406-000000000b00}
ProcessId: 10732
Image: C:\Windows\System32\notepad.exe
FileVersion: 10.0.19041.5794 (WinBuild.160101.0800)
Description: Notepad
Product: Microsoft? Windows? Operating System
Company: Microsoft Corporation
OriginalFileName: NOTEPAD.EXE
CommandLine: ""C:\Windows\system32\notepad.exe"" 
CurrentDirectory: C:\Windows\system32\
User: DESKTOP-EJG8QJC\Emil Jinu
LogonGuid: {3a35410f-6604-6928-9de6-200000000000}
LogonId: 0x20E69D
TerminalSessionId: 1
IntegrityLevel: High
Hashes: MD5=6F51BCABF1B2B34AD7E670AEE6DA451F,SHA256=DA5807BB0997CC6B5132950EC87EDA2B33B1AC4533CF1F7A22A6F3B576ED7C5B,IMPHASH=09ED737A03DB7295BF734A9953F6EB5E
ParentProcessGuid: {3a35410f-8459-6928-4406-000000000b00}
ParentProcessId: 11236
ParentImage: C:\Windows\System32\WindowsPowerShell\v1.0\powershell.exe
ParentCommandLine: ""C:\Windows\System32\WindowsPowerShell\v1.0\powershell.exe"" 
ParentUser: DESKTOP-EJG8QJC\Emil Jinu"
"11/27/2025 10:50:58 PM","1","Information","Process Create:
RuleName: -
UtcTime: 2025-11-27 17:20:58.322
ProcessGuid: {3a35410f-887a-6928-e206-000000000b00}
ProcessId: 8436
Image: C:\Program Files (x86)\Microsoft\EdgeUpdate\MicrosoftEdgeUpdate.exe
FileVersion: 1.3.209.9
Description: Microsoft Edge Update
Product: Microsoft Edge Update
Company: Microsoft Corporation
OriginalFileName: msedgeupdate.dll
CommandLine: ""C:\Program Files (x86)\Microsoft\EdgeUpdate\MicrosoftEdgeUpdate.exe"" /ua /installsource scheduler
CurrentDirectory: C:\Windows\system32\
User: NT AUTHORITY\SYSTEM
LogonGuid: {3a35410f-6567-6928-e703-000000000000}
LogonId: 0x3E7
TerminalSessionId: 0
IntegrityLevel: System
Hashes: MD5=80306EB362C63D6A63F443A3B2B84EDF,SHA256=B0585142D771FD68F0F939B925E4D32B491CD097350131F8F5C006EB8B2B0397,IMPHASH=CD3B2D99C6655A5D4A14E30E380F5BF9
ParentProcessGuid: {3a35410f-6568-6928-2400-000000000b00}
ParentProcessId: 1532
ParentImage: C:\Windows\System32\svchost.exe
ParentCommandLine: C:\Windows\system32\svchost.exe -k netsvcs -p -s Schedule
ParentUser: NT AUTHORITY\SYSTEM"
"11/27/2025 10:50:15 PM","22","Information","Dns query:
RuleName: -
UtcTime: 2025-11-27 17:20:41.257
ProcessGuid: {00000000-0000-0000-0000-000000000000}
ProcessId: 12176
QueryName: wpad
QueryStatus: 123
QueryResults: -
Image: <unknown process>
User: DESKTOP-EJG8QJC\Emil Jinu"
"11/27/2025 10:50:13 PM","1","Information","Process Create:
RuleName: -
UtcTime: 2025-11-27 17:20:13.522
ProcessGuid: {3a35410f-884d-6928-e106-000000000b00}
ProcessId: 9880
Image: C:\Program Files (x86)\Microsoft\EdgeWebView\Application\142.0.3595.94\msedgewebview2.exe
FileVersion: 142.0.3595.94
Description: Microsoft Edge WebView2
Product: Microsoft Edge WebView2
Company: Microsoft Corporation
OriginalFileName: msedgewebview2.exe
CommandLine: ""C:\Program Files (x86)\Microsoft\EdgeWebView\Application\142.0.3595.94\msedgewebview2.exe"" --type=renderer --noerrdialogs --user-data-dir=""C:\Users\Emil Jinu\AppData\Local\Microsoft\OneDrive\EBWebView"" --webview-exe-name=OneDrive.exe --webview-exe-version=25.209.1026.0002 --embedded-browser-webview=1 --embedded-browser-webview-dpi-awareness=1 --dma-cps-flags=0 --video-capture-use-gpu-memory-buffer --lang=en-US --device-scale-factor=1 --num-raster-threads=2 --enable-main-frame-before-activation --renderer-client-id=5 --js-flags=""--expose-gc --ms-user-locale="" --time-ticks-at-unix-epoch=-1764255039800223 --launch-time-ticks=8973722186 --ram-no-pressure-read-main-dll --metrics-shmem-handle=3600,i,14865641683703930959,5828016216584957473,2097152 --field-trial-handle=1836,i,2307000824269096323,5029453709297281477,262144 --enable-features=ForceSWDCompWhenDCompFallbackRequired,LocalNetworkAccessForFencedFrameNavigationsWarningOnly,LocalNetworkAccessForNavigationsWarningOnly,LocalNetworkAccessForSubframeNavigationsWarningOnly,LocalNetworkAccessForWorkersWarningOnly,msAggressiveCacheTrimming,msCustomDataPartition,msWebView2NoTabForScreenShare,msWindowsTaskManager --disable-features=BackForwardCache,BackgroundTabLoadingFromPerformanceManager,CloseOmniboxPopupOnInactiveAreaClick,CollectAVProductsInfo,CollectCodeIntegrityInfo,DeferSpeculativeRFHCreation,EnableHangWatcher,FilterAdsOnAbusiveSites,GetWifiProtocol,LoginDetection,MediaFoundationCameraUsageMonitoring,PreconnectToSearch,PreloadingEagerHeuristics,SafetyHub,SegmentationPlatform,ServiceWorkerAutoPreload,SpareRendererForSitePerProcess,Ukm,WebPayments,msAITrackerClassification,msAbydosForWindowlessWV2,msAffirmVirtualCard,msAllowChromeWebstore,msAllowMSAPrtSSOForNonMSAProfile,msApplicationGuard,msAskBeforeClosingMultipleTabs,msAutoToggleAADPrtSSOForNonAADProfile,msAutofillEdgeServiceRequest,msAutofillEnableEdgeSuggestions,msAutomaticTabFreeze,msBrowserSettingsSupported,msCoarseGeolocationService,msDataProtection,msDesktopMode,msDesktopRewards,msDisableVariationsSeedFetchThrottling,msEEProactiveHistory,msETFOffstoreExtensionFileDataCollection,msETFPasswordTheftDNRActionSignals,msEdgeAdPlatformUI,msEdgeAddWebCapturetoCollections,msEdgeAutofillShowDeployedPassword,msEdgeCaptureSelectionInPDF,msEdgeCloudConfigService,msEdgeCloudConfigServiceV2,msEdgeCohorts,msEdgeCollectionsPrismExperiment1,msEdgeCollectionsPrismOverallMigration,msEdgeComposeNext,msEdgeEnableNurturingFramework,msEdgeEnclavePrefsBasic,msEdgeEnclavePrefsNotification,msEdgeFaviconService,msEdgeHJTelemetry,msEdgeHubAppSkype,msEdgeImageEditorUI,msEdgeLinkDoctor,msEdgeMouseGestureDefaultEnabled,msEdgeMouseGestureSupported,msEdgeNewDeviceFre,msEdgeOnRampFRE,msEdgeOnRampImport,msEdgePDFCMHighlightUX,msEdgePasswordIris,msEdgePasswordIrisSaveBubble,msEdgePasswordStrengthCheck,msEdgePinpointFramework,msEdgeProngPersonalization,msEdgeReadingView,msEdgeRose,msEdgeScreenshotUI,msEdgeSendTabToSelf,msEdgeSettingsImport,msEdgeSettingsImportV2,msEdgeShoppingPersistentStorage,msEdgeShoppingUI,msEdgeSmartFind,msEdgeSuperDragDefaultEnabled,msEdgeSuperDragDropSupported,msEdgeTranslate,msEdgeUpdatesMoreMenuPill,msEdgeWebCapture,msEdgeWebCaptureUniformExperience,msEdgeWebContentFilteringFeedback,msEdgeWorkSearchBanner,msEnableCustomJobMemoryLimitsOnXbox,msEnableMIPForPDF,msEnablePdfUpsell,msEnableThirdPartyScanning,msEnableWebSignInCta,msEnableWebToBrowserSignIn,msEndpointDlp,msEnhancedTrackingPreventionEnabled,msEntityExtraction,msExtensionTelemetryFramework,msExternalTaskManager,msFileSystemAccessDirectoryIterationBlocklistCheck,msForceBrowserSignIn,msForeignSessionsPage,msGeolocationAccessService,msGeolocationOSLocationPermissionFallback,msGeolocationSQMService,msGeolocationService,msGrowthInfraLaunchSourceLogging,msGuidedSwitchAllowed,msHubPinPersist,msImplicitSignin,msIrm,msIrmv2,msKlarnaVirtualCard,msLlmConsumerDlpPurview,msLoadStatistics,msLogIsEdgePinnedToTaskbarOnLaunch,msMIPCrossTenantPdfViewSupport,msMdatpWebSiteDlp,msNotificationPermissionForPWA,msNumberOfSitesToPin,msNurturingGlobalSitePinningOnCloseModal,msNurturingSitePinningCITopSites,msNurturingSitePinningWithWindowsConsent,msOnHoverSearchInSidebar,msOpenOfficeDocumentsInWebViewer,msPageInteractionRestrictionRevoke,msPasswordBreachDetection,msPdfAnnotationsVisibility,msPdfDataRecovery,msPdfDigitalSignatureRead,msPdfFreeText,msPdfFreeTextForCJK,msPdfHighlightMode,msPdfInking,msPdfKeyphraseSupport,msPdfOOUI,msPdfPopupMarkerRenderer,msPdfShare,msPdfSharedLibrary,msPdfTextNote,msPdfTextNoteMoreMenu,msPdfThumbnailCache,msPdfUnderside,msPdfViewRestore,msPersonalizationUMA,msPriceComparison,msPromptDefaultHandlerForPDF,msReactiveSearch,msReadAloud,msReadAloudPdf,msRedirectToShoreline,msRevokeExtensions,msSaasDlp,msShoppingTrigger,msShorelineSearch,msShorelineSearchFindOnPageWebUI,msShowOfflineGameEntrance,msShowReadAloudIconInAddressBar,msShowUXForAADPrtSSOForNonAADProfile,msSitePinningWithoutUi,msSuspendMessageForNewSessionWhenHavingPendingNavigation,msSyncEdgeCollections,msTabResourceStats,msTokenizationAutofillInlineEnabled,msTouchMode,msTriggeringSignalGenerator,msUserUnderstanding,msVideoSuperResolutionUI,msWalletBuyNow,msWalletCheckout,msWalletDiagnosticDataLogger,msWalletHubEntry,msWalletHubIntlP3,msWalletPartialCard,msWalletPasswordCategorization,msWalletPasswordCategorizationPlatformExpansion,msWalletTokenizationCardMetadata,msWalletTokenizedAutofill,msWebAssist,msWebAssistHistorySearchService,msWebOOUI,msWindowsUserActivities,msZipPayVirtualCard --variations-seed-version --trace-process-track-uuid=3190708990997080739 --mojo-platform-channel-handle=3644 /prefetch:1
CurrentDirectory: C:\Program Files (x86)\Microsoft\EdgeWebView\Application\142.0.3595.94\
User: DESKTOP-EJG8QJC\Emil Jinu
LogonGuid: {3a35410f-6604-6928-c9e6-200000000000}
LogonId: 0x20E6C9
TerminalSessionId: 1
IntegrityLevel: Low
Hashes: MD5=AB9D05DB45C4F5ACB48984012D529A8C,SHA256=A8DC2D7B26405E4B5173B3516C4E2758699212C2BF29D10F494767ACE06689A9,IMPHASH=4C2A67DEB457B8BF9F317820EE11E05D
ParentProcessGuid: {3a35410f-884d-6928-dc06-000000000b00}
ParentProcessId: 10900
ParentImage: C:\Program Files (x86)\Microsoft\EdgeWebView\Application\142.0.3595.94\msedgewebview2.exe
ParentCommandLine: ""C:\Program Files (x86)\Microsoft\EdgeWebView\Application\142.0.3595.94\msedgewebview2.exe"" --embedded-browser-webview=1 --webview-exe-name=OneDrive.exe --webview-exe-version=25.209.1026.0002 --user-data-dir=""C:\Users\Emil Jinu\AppData\Local\Microsoft\OneDrive\EBWebView"" --noerrdialogs --embedded-browser-webview-dpi-awareness=1 --disable-features=msEnhancedTrackingPreventionEnabled --mojo-named-platform-channel-pipe=9588.9932.1358125453506454829
ParentUser: DESKTOP-EJG8QJC\Emil Jinu"
