"11/27/2025 10:21:17 PM","1","Information","Process Create:
RuleName: -
UtcTime: 2025-11-27 16:51:17.197
ProcessGuid: {3a35410f-8185-6928-7805-000000000b00}
ProcessId: 8040
Image: C:\Program Files\BraveSoftware\Brave-Browser\Application\brave.exe
FileVersion: 142.1.84.141
Description: Brave Browser
Product: Brave Browser
Company: Brave Software, Inc.
OriginalFileName: brave.exe
CommandLine: ""C:\Program Files\BraveSoftware\Brave-Browser\Application\brave.exe"" --type=utility --utility-sub-type=storage.mojom.StorageService --lang=en-US --service-sandbox-type=service --metrics-shmem-handle=2520,i,15980573521790757691,136932908110228359,524288 --field-trial-handle=2072,i,14525826334230641121,9305465035905981201,262144 --variations-seed-version=main@69c2005032bb14f803911c3458ab063c42bfa450 --trace-process-track-uuid=3190708990060038890 --mojo-platform-channel-handle=2460 /prefetch:8
CurrentDirectory: C:\Program Files\BraveSoftware\Brave-Browser\Application\142.1.84.141\
User: DESKTOP-EJG8QJC\Emil Jinu
LogonGuid: {3a35410f-6604-6928-c9e6-200000000000}
LogonId: 0x20E6C9
TerminalSessionId: 1
IntegrityLevel: Low
Hashes: MD5=D4E095946579C449803E47CFA028475E,SHA256=234A39FA17CC44BD8F5610B61997B7C69B289BC664A4D6B0AD8141ECC6685D2D,IMPHASH=3E82AE93B8102462DDA81604AF164E8E
ParentProcessGuid: {3a35410f-8184-6928-7305-000000000b00}
ParentProcessId: 13880
ParentImage: C:\Program Files\BraveSoftware\Brave-Browser\Application\brave.exe
ParentCommandLine: ""C:\Program Files\BraveSoftware\Brave-Browser\Application\brave.exe"" 
ParentUser: DESKTOP-EJG8QJC\Emil Jinu"
"11/27/2025 10:21:17 PM","1","Information","Process Create:
RuleName: -
UtcTime: 2025-11-27 16:51:17.173
ProcessGuid: {3a35410f-8185-6928-7705-000000000b00}
ProcessId: 6768
Image: C:\Program Files\BraveSoftware\Brave-Browser\Application\142.1.84.141\elevation_service.exe
FileVersion: 142.1.84.141
Description: Brave Browser
Product: Brave Browser
Company: Brave Software, Inc.
OriginalFileName: elevation_service.exe
CommandLine: ""C:\Program Files\BraveSoftware\Brave-Browser\Application\142.1.84.141\elevation_service.exe""
CurrentDirectory: C:\Windows\system32\
User: NT AUTHORITY\SYSTEM
LogonGuid: {3a35410f-6567-6928-e703-000000000000}
LogonId: 0x3E7
TerminalSessionId: 0
IntegrityLevel: System
Hashes: MD5=4A86DB59D29A1835911F67B23289159A,SHA256=D94FF7129AC5AC2181D75606D4543926FE6F0E743591765C97742719BB353E74,IMPHASH=A9A18F54CE531C44B001DD008D8973E0
ParentProcessGuid: {3a35410f-6567-6928-0b00-000000000b00}
ParentProcessId: 708
ParentImage: C:\Windows\System32\services.exe
ParentCommandLine: C:\Windows\system32\services.exe
ParentUser: NT AUTHORITY\SYSTEM"
"11/27/2025 10:21:17 PM","3","Information","Network connection detected:
RuleName: -
UtcTime: 2025-11-27 16:51:20.347
ProcessGuid: {3a35410f-717b-6928-7704-000000000b00}
ProcessId: 9908
Image: C:\Windows\System32\WindowsPowerShell\v1.0\powershell.exe
User: DESKTOP-EJG8QJC\Emil Jinu
Protocol: tcp
Initiated: true
SourceIsIpv6: false
SourceIp: 10.0.2.15
SourceHostname: DESKTOP-EJG8QJC
SourcePort: 54036
SourcePortName: -
DestinationIsIpv6: false
DestinationIp: 23.11.215.217
DestinationHostname: a23-11-215-217.deploy.static.akamaitechnologies.com
DestinationPort: 443
DestinationPortName: https"
"11/27/2025 10:21:17 PM","1","Information","Process Create:
RuleName: -
UtcTime: 2025-11-27 16:51:17.163
ProcessGuid: {3a35410f-8185-6928-7605-000000000b00}
ProcessId: 6160
Image: C:\Program Files\BraveSoftware\Brave-Browser\Application\brave.exe
FileVersion: 142.1.84.141
Description: Brave Browser
Product: Brave Browser
Company: Brave Software, Inc.
OriginalFileName: brave.exe
CommandLine: ""C:\Program Files\BraveSoftware\Brave-Browser\Application\brave.exe"" --type=utility --utility-sub-type=network.mojom.NetworkService --lang=en-US --service-sandbox-type=none --start-stack-profiler --metrics-shmem-handle=2376,i,1352871455990582746,8223796300678218289,524288 --field-trial-handle=2072,i,14525826334230641121,9305465035905981201,262144 --variations-seed-version=main@69c2005032bb14f803911c3458ab063c42bfa450 --trace-process-track-uuid=3190708989122997041 --mojo-platform-channel-handle=2384 /prefetch:3
CurrentDirectory: C:\Program Files\BraveSoftware\Brave-Browser\Application\142.1.84.141\
User: DESKTOP-EJG8QJC\Emil Jinu
LogonGuid: {3a35410f-6604-6928-c9e6-200000000000}
LogonId: 0x20E6C9
TerminalSessionId: 1
IntegrityLevel: Medium
Hashes: MD5=D4E095946579C449803E47CFA028475E,SHA256=234A39FA17CC44BD8F5610B61997B7C69B289BC664A4D6B0AD8141ECC6685D2D,IMPHASH=3E82AE93B8102462DDA81604AF164E8E
ParentProcessGuid: {3a35410f-8184-6928-7305-000000000b00}
ParentProcessId: 13880
ParentImage: C:\Program Files\BraveSoftware\Brave-Browser\Application\brave.exe
ParentCommandLine: ""C:\Program Files\BraveSoftware\Brave-Browser\Application\brave.exe"" 
ParentUser: DESKTOP-EJG8QJC\Emil Jinu"
"11/27/2025 10:21:17 PM","1","Information","Process Create:
RuleName: -
UtcTime: 2025-11-27 16:51:17.159
ProcessGuid: {3a35410f-8185-6928-7505-000000000b00}
ProcessId: 4100
Image: C:\Program Files\BraveSoftware\Brave-Browser\Application\brave.exe
FileVersion: 142.1.84.141
Description: Brave Browser
Product: Brave Browser
Company: Brave Software, Inc.
OriginalFileName: brave.exe
CommandLine: ""C:\Program Files\BraveSoftware\Brave-Browser\Application\brave.exe"" --type=gpu-process --no-pre-read-main-dll --start-stack-profiler --gpu-preferences=SAAAAAAAAADgAAAEAAAAAAAAAAAAAGAAAQAAAAAAAAAAAAAAAAAAAAIAAAAAAAAAAAAAAAAAAAAQAAAAAAAAABAAAAAAAAAACAAAAAAAAAAIAAAAAAAAAA== --metrics-shmem-handle=1932,i,4831066952536685394,11698922458244970934,262144 --field-trial-handle=2072,i,14525826334230641121,9305465035905981201,262144 --variations-seed-version=main@69c2005032bb14f803911c3458ab063c42bfa450 --trace-process-track-uuid=3190708988185955192 --mojo-platform-channel-handle=2068 /prefetch:2
CurrentDirectory: C:\Program Files\BraveSoftware\Brave-Browser\Application\142.1.84.141\
User: DESKTOP-EJG8QJC\Emil Jinu
LogonGuid: {3a35410f-6604-6928-c9e6-200000000000}
LogonId: 0x20E6C9
TerminalSessionId: 1
IntegrityLevel: Low
Hashes: MD5=D4E095946579C449803E47CFA028475E,SHA256=234A39FA17CC44BD8F5610B61997B7C69B289BC664A4D6B0AD8141ECC6685D2D,IMPHASH=3E82AE93B8102462DDA81604AF164E8E
ParentProcessGuid: {3a35410f-8184-6928-7305-000000000b00}
ParentProcessId: 13880
ParentImage: C:\Program Files\BraveSoftware\Brave-Browser\Application\brave.exe
ParentCommandLine: ""C:\Program Files\BraveSoftware\Brave-Browser\Application\brave.exe"" 
ParentUser: DESKTOP-EJG8QJC\Emil Jinu"
"11/27/2025 10:21:16 PM","1","Information","Process Create:
RuleName: -
UtcTime: 2025-11-27 16:51:16.539
ProcessGuid: {3a35410f-8184-6928-7405-000000000b00}
ProcessId: 8832
Image: C:\Program Files\BraveSoftware\Brave-Browser\Application\brave.exe
FileVersion: 142.1.84.141
Description: Brave Browser
Product: Brave Browser
Company: Brave Software, Inc.
OriginalFileName: brave.exe
CommandLine: ""C:\Program Files\BraveSoftware\Brave-Browser\Application\brave.exe"" --type=crashpad-handler ""--user-data-dir=C:\Users\Emil Jinu\AppData\Local\BraveSoftware\Brave-Browser\User Data"" /prefetch:4 --monitor-self-annotation=ptype=crashpad-handler ""--database=C:\Users\Emil Jinu\AppData\Local\BraveSoftware\Brave-Browser\User Data\Crashpad"" ""--metrics-dir=C:\Users\Emil Jinu\AppData\Local\BraveSoftware\Brave-Browser\User Data"" --url=https://cr.brave.com --annotation=plat=Win64 --annotation=prod=Brave --annotation=ver=142.1.84.141 --initial-client-data=0x130,0x134,0x138,0x10c,0x13c,0x7ffd9d9c5a28,0x7ffd9d9c5a34,0x7ffd9d9c5a40
CurrentDirectory: C:\Program Files\BraveSoftware\Brave-Browser\Application\
User: DESKTOP-EJG8QJC\Emil Jinu
LogonGuid: {3a35410f-6604-6928-c9e6-200000000000}
LogonId: 0x20E6C9
TerminalSessionId: 1
IntegrityLevel: Medium
Hashes: MD5=D4E095946579C449803E47CFA028475E,SHA256=234A39FA17CC44BD8F5610B61997B7C69B289BC664A4D6B0AD8141ECC6685D2D,IMPHASH=3E82AE93B8102462DDA81604AF164E8E
ParentProcessGuid: {3a35410f-8184-6928-7305-000000000b00}
ParentProcessId: 13880
ParentImage: C:\Program Files\BraveSoftware\Brave-Browser\Application\brave.exe
ParentCommandLine: ""C:\Program Files\BraveSoftware\Brave-Browser\Application\brave.exe"" 
ParentUser: DESKTOP-EJG8QJC\Emil Jinu"
"11/27/2025 10:21:16 PM","1","Information","Process Create:
RuleName: -
UtcTime: 2025-11-27 16:51:16.437
ProcessGuid: {3a35410f-8184-6928-7305-000000000b00}
ProcessId: 13880
Image: C:\Program Files\BraveSoftware\Brave-Browser\Application\brave.exe
FileVersion: 142.1.84.141
Description: Brave Browser
Product: Brave Browser
Company: Brave Software, Inc.
OriginalFileName: brave.exe
CommandLine: ""C:\Program Files\BraveSoftware\Brave-Browser\Application\brave.exe"" 
CurrentDirectory: C:\Program Files\BraveSoftware\Brave-Browser\Application\
User: DESKTOP-EJG8QJC\Emil Jinu
LogonGuid: {3a35410f-6604-6928-c9e6-200000000000}
LogonId: 0x20E6C9
TerminalSessionId: 1
IntegrityLevel: Medium
Hashes: MD5=D4E095946579C449803E47CFA028475E,SHA256=234A39FA17CC44BD8F5610B61997B7C69B289BC664A4D6B0AD8141ECC6685D2D,IMPHASH=3E82AE93B8102462DDA81604AF164E8E
ParentProcessGuid: {3a35410f-8147-6928-6405-000000000b00}
ParentProcessId: 8348
ParentImage: C:\Windows\explorer.exe
ParentCommandLine: explorer.exe
ParentUser: DESKTOP-EJG8QJC\Emil Jinu"
"11/27/2025 10:21:16 PM","1","Information","Process Create:
RuleName: -
UtcTime: 2025-11-27 16:51:16.382
ProcessGuid: {3a35410f-8184-6928-7205-000000000b00}
ProcessId: 12744
Image: C:\Windows\System32\smartscreen.exe
FileVersion: 10.0.19041.6456 (WinBuild.160101.0800)
Description: Windows Defender SmartScreen
Product: Microsoft? Windows? Operating System
Company: Microsoft Corporation
OriginalFileName: smartscreen.exe
CommandLine: C:\Windows\System32\smartscreen.exe -Embedding
CurrentDirectory: C:\Windows\system32\
User: DESKTOP-EJG8QJC\Emil Jinu
LogonGuid: {3a35410f-6604-6928-c9e6-200000000000}
LogonId: 0x20E6C9
TerminalSessionId: 1
IntegrityLevel: Medium
Hashes: MD5=729B70C3F7099783CC0B2C26431CC866,SHA256=3DA437B642468EAFAB7CD1B9DCF2CDF838B44C63FD73DAE8E3E4D06EC187C0F3,IMPHASH=4B886C738F992DAAEB38C0F29965B8BD
ParentProcessGuid: {3a35410f-6567-6928-0d00-000000000b00}
ParentProcessId: 848
ParentImage: C:\Windows\System32\svchost.exe
ParentCommandLine: C:\Windows\system32\svchost.exe -k DcomLaunch -p
ParentUser: NT AUTHORITY\SYSTEM"
"11/27/2025 10:21:14 PM","1","Information","Process Create:
RuleName: -
UtcTime: 2025-11-27 16:51:14.844
ProcessGuid: {3a35410f-8182-6928-7105-000000000b00}
ProcessId: 5892
Image: C:\Windows\System32\svchost.exe
FileVersion: 10.0.19041.5794 (WinBuild.160101.0800)
Description: Host Process for Windows Services
Product: Microsoft? Windows? Operating System
Company: Microsoft Corporation
OriginalFileName: svchost.exe
CommandLine: C:\Windows\system32\svchost.exe -k netsvcs -p -s gpsvc
CurrentDirectory: C:\Windows\system32\
User: NT AUTHORITY\SYSTEM
LogonGuid: {3a35410f-6567-6928-e703-000000000000}
LogonId: 0x3E7
TerminalSessionId: 0
IntegrityLevel: System
Hashes: MD5=3D1034D6ED3DAED60816A25C561E8C83,SHA256=B0B36BFF7AE4057F687D839CD4B3D81159AB646F1EE1B22106A927E93DECBB61,IMPHASH=F9BBD96FAE53B7A31264A703CAFA0666
ParentProcessGuid: {3a35410f-6567-6928-0b00-000000000b00}
ParentProcessId: 708
ParentImage: C:\Windows\System32\services.exe
ParentCommandLine: C:\Windows\system32\services.exe
ParentUser: NT AUTHORITY\SYSTEM"
"11/27/2025 10:21:06 PM","22","Information","Dns query:
RuleName: -
UtcTime: 2025-11-27 16:50:59.156
ProcessGuid: {3a35410f-717b-6928-7704-000000000b00}
ProcessId: 9908
QueryName: bing.com
QueryStatus: 0
QueryResults: 2620:1ec:33::10;2620:1ec:33:1::10;::ffff:150.171.28.10;::ffff:150.171.27.10;
Image: C:\Windows\System32\WindowsPowerShell\v1.0\powershell.exe
User: DESKTOP-EJG8QJC\Emil Jinu"
"11/27/2025 10:21:06 PM","3","Information","Network connection detected:
RuleName: -
UtcTime: 2025-11-27 16:50:59.101
ProcessGuid: {3a35410f-717b-6928-7704-000000000b00}
ProcessId: 9908
Image: C:\Windows\System32\WindowsPowerShell\v1.0\powershell.exe
User: DESKTOP-EJG8QJC\Emil Jinu
Protocol: tcp
Initiated: true
SourceIsIpv6: false
SourceIp: 10.0.2.15
SourceHostname: DESKTOP-EJG8QJC
SourcePort: 54035
SourcePortName: -
DestinationIsIpv6: false
DestinationIp: 150.171.28.10
DestinationHostname: -
DestinationPort: 443
DestinationPortName: https"
"11/27/2025 10:21:06 PM","22","Information","Dns query:
RuleName: -
UtcTime: 2025-11-27 16:50:58.099
ProcessGuid: {3a35410f-810c-6928-5a05-000000000b00}
ProcessId: 8960
QueryName: bing.com
QueryStatus: 0
QueryResults: 2620:1ec:33::10;2620:1ec:33:1::10;::ffff:150.171.28.10;::ffff:150.171.27.10;
Image: C:\Windows\System32\wbem\WmiPrvSE.exe
User: NT AUTHORITY\NETWORK SERVICE"
"11/27/2025 10:20:27 PM","22","Information","Dns query:
RuleName: -
UtcTime: 2025-11-27 16:50:05.450
ProcessGuid: {3a35410f-717b-6928-7704-000000000b00}
ProcessId: 9908
QueryName: microsoft.com
QueryStatus: 0
QueryResults: 2603:1030:20e:3::23c;2603:1030:c02:8::14;2603:1020:201:10::10f;2603:1010:3:3::5b;2603:1030:b:3::152;::ffff:13.107.213.58;::ffff:13.107.246.58;
Image: C:\Windows\System32\WindowsPowerShell\v1.0\powershell.exe
User: DESKTOP-EJG8QJC\Emil Jinu"
"11/27/2025 10:20:19 PM","1","Information","Process Create:
RuleName: -
UtcTime: 2025-11-27 16:50:19.088
ProcessGuid: {3a35410f-814b-6928-6c05-000000000b00}
ProcessId: 9224
Image: C:\Windows\System32\MoUsoCoreWorker.exe
FileVersion: 10.0.19041.5848 (WinBuild.160101.0800)
Description: MoUSO Core Worker Process
Product: Microsoft? Windows? Operating System
Company: Microsoft Corporation
OriginalFileName: MoUSOCoreWorker.exe
CommandLine: C:\Windows\System32\mousocoreworker.exe -Embedding
CurrentDirectory: C:\Windows\system32\
User: NT AUTHORITY\SYSTEM
LogonGuid: {3a35410f-6567-6928-e703-000000000000}
LogonId: 0x3E7
TerminalSessionId: 0
IntegrityLevel: System
Hashes: MD5=7E1D07B224D243CAC8327577C61F0218,SHA256=6B676785219372F26A109E601BD04C7376A289021616B36AE4CCFABA43EAF4D6,IMPHASH=8668B4C1834A89E3778E45BE48201874
ParentProcessGuid: {3a35410f-6567-6928-0d00-000000000b00}
ParentProcessId: 848
ParentImage: C:\Windows\System32\svchost.exe
ParentCommandLine: C:\Windows\system32\svchost.exe -k DcomLaunch -p
ParentUser: NT AUTHORITY\SYSTEM"
"11/27/2025 10:20:18 PM","1","Information","Process Create:
RuleName: -
UtcTime: 2025-11-27 16:50:18.715
ProcessGuid: {3a35410f-814a-6928-6b05-000000000b00}
ProcessId: 8308
Image: C:\Windows\WinSxS\amd64_microsoft-windows-servicingstack_31bf3856ad364e35_10.0.19041.6449_none_7e0d59887c8e1467\TiWorker.exe
FileVersion: 10.0.19041.6449 (WinBuild.160101.0800)
Description: Windows Modules Installer Worker
Product: Microsoft? Windows? Operating System
Company: Microsoft Corporation
OriginalFileName: TiWorker.exe
CommandLine: C:\Windows\winsxs\amd64_microsoft-windows-servicingstack_31bf3856ad364e35_10.0.19041.6449_none_7e0d59887c8e1467\TiWorker.exe -Embedding
CurrentDirectory: C:\Windows\system32\
User: NT AUTHORITY\SYSTEM
LogonGuid: {3a35410f-6567-6928-e703-000000000000}
LogonId: 0x3E7
TerminalSessionId: 0
IntegrityLevel: System
Hashes: MD5=C814A5844B037DF5271494CE580837B2,SHA256=606D88DADCDE114EEE163B871B88BFB2FFC562D122A6A1102B970E68142A2914,IMPHASH=2409EC1E105B0DDA91B9CEBA0B44162F
ParentProcessGuid: {3a35410f-6567-6928-0d00-000000000b00}
ParentProcessId: 848
ParentImage: C:\Windows\System32\svchost.exe
ParentCommandLine: C:\Windows\system32\svchost.exe -k DcomLaunch -p
ParentUser: NT AUTHORITY\SYSTEM"
"11/27/2025 10:20:18 PM","1","Information","Process Create:
RuleName: -
UtcTime: 2025-11-27 16:50:18.640
ProcessGuid: {3a35410f-814a-6928-6a05-000000000b00}
ProcessId: 8244
Image: C:\Windows\servicing\TrustedInstaller.exe
FileVersion: 10.0.19041.6033 (WinBuild.160101.0800)
Description: Windows Modules Installer
Product: Microsoft? Windows? Operating System
Company: Microsoft Corporation
OriginalFileName: TrustedInstaller.exe
CommandLine: C:\Windows\servicing\TrustedInstaller.exe
CurrentDirectory: C:\Windows\system32\
User: NT AUTHORITY\SYSTEM
LogonGuid: {3a35410f-6567-6928-e703-000000000000}
LogonId: 0x3E7
TerminalSessionId: 0
IntegrityLevel: System
Hashes: MD5=7AD303939D1A9FECD6ECADD773B4ADEF,SHA256=4A91D438B383AFAAB9015C6A4C5BDAD04EF4A3FDF010FCC2433EED7AA471F311,IMPHASH=0573E2F86BB45402DB86E0CB5DC66EDC
ParentProcessGuid: {3a35410f-6567-6928-0b00-000000000b00}
ParentProcessId: 708
ParentImage: C:\Windows\System32\services.exe
ParentCommandLine: C:\Windows\system32\services.exe
ParentUser: NT AUTHORITY\SYSTEM"
"11/27/2025 10:20:18 PM","22","Information","Dns query:
RuleName: -
UtcTime: 2025-11-27 16:49:56.575
ProcessGuid: {3a35410f-810c-6928-5a05-000000000b00}
ProcessId: 8960
QueryName: microsoft.com
QueryStatus: 0
QueryResults: 2603:1030:20e:3::23c;2603:1030:c02:8::14;2603:1020:201:10::10f;2603:1010:3:3::5b;2603:1030:b:3::152;::ffff:13.107.213.58;::ffff:13.107.246.58;
Image: C:\Windows\System32\wbem\WmiPrvSE.exe
User: NT AUTHORITY\NETWORK SERVICE"
"11/27/2025 10:20:17 PM","1","Information","Process Create:
RuleName: -
UtcTime: 2025-11-27 16:50:17.564
ProcessGuid: {3a35410f-8149-6928-6805-000000000b00}
ProcessId: 11296
Image: C:\Windows\System32\LocationNotificationWindows.exe
FileVersion: 10.0.19041.5915 (WinBuild.160101.0800)
Description: Location Notification
Product: Microsoft? Windows? Operating System
Company: Microsoft Corporation
OriginalFileName: LocationNotificationWindows.exe
CommandLine: ""C:\Windows\System32\LocationNotificationWindows.exe""
CurrentDirectory: C:\Windows\system32\
User: DESKTOP-EJG8QJC\Emil Jinu
LogonGuid: {3a35410f-6604-6928-c9e6-200000000000}
LogonId: 0x20E6C9
TerminalSessionId: 1
IntegrityLevel: Medium
Hashes: MD5=78304DE7BC9427229F70FC0CCF7C0CF1,SHA256=82CFEF287D60D9F04E5F0E4FB915D71CC71C1AD260F90941F4ADEE515896BBE7,IMPHASH=BFB647E172E5CBBCE5676BA2E6097869
ParentProcessGuid: {3a35410f-6568-6928-2400-000000000b00}
ParentProcessId: 1532
ParentImage: C:\Windows\System32\svchost.exe
ParentCommandLine: C:\Windows\system32\svchost.exe -k netsvcs -p -s Schedule
ParentUser: NT AUTHORITY\SYSTEM"
"11/27/2025 10:20:15 PM","1","Information","Process Create:
RuleName: -
UtcTime: 2025-11-27 16:50:15.414
ProcessGuid: {3a35410f-8147-6928-6405-000000000b00}
ProcessId: 8348
Image: C:\Windows\explorer.exe
FileVersion: 10.0.19041.6456 (WinBuild.160101.0800)
Description: Windows Explorer
Product: Microsoft? Windows? Operating System
Company: Microsoft Corporation
OriginalFileName: EXPLORER.EXE
CommandLine: explorer.exe
CurrentDirectory: C:\Windows\system32\
User: DESKTOP-EJG8QJC\Emil Jinu
LogonGuid: {3a35410f-6604-6928-c9e6-200000000000}
LogonId: 0x20E6C9
TerminalSessionId: 1
IntegrityLevel: Medium
Hashes: MD5=24AD59ABAF730E71BC865922D8596008,SHA256=988A56D897915315EEF9CA679B3BC8ADFCECF5E227AEA99AAA1817620520E97E,IMPHASH=DBCE632ECED8243CB6090C1C87BE56BC
ParentProcessGuid: {3a35410f-6567-6928-0a00-000000000b00}
ParentProcessId: 652
ParentImage: C:\Windows\System32\winlogon.exe
ParentCommandLine: winlogon.exe
ParentUser: NT AUTHORITY\SYSTEM"
"11/27/2025 10:20:13 PM","1","Information","Process Create:
RuleName: -
UtcTime: 2025-11-27 16:50:13.712
ProcessGuid: {3a35410f-8145-6928-6205-000000000b00}
ProcessId: 9116
Image: C:\Users\Emil Jinu\AppData\Local\Microsoft\OneDrive\25.209.1026.0002\FileCoAuth.exe
FileVersion: 25.209.1026.0002
Description: Microsoft OneDriveFile Co-Authoring Executable
Product: Microsoft OneDrive
Company: Microsoft Corporation
OriginalFileName: FileCoAuth.exe
CommandLine: ""C:\Users\Emil Jinu\AppData\Local\Microsoft\OneDrive\25.209.1026.0002\FileCoAuth.exe"" -Embedding
CurrentDirectory: C:\Windows\system32\
User: DESKTOP-EJG8QJC\Emil Jinu
LogonGuid: {3a35410f-6604-6928-c9e6-200000000000}
LogonId: 0x20E6C9
TerminalSessionId: 1
IntegrityLevel: Medium
Hashes: MD5=2555530533100D80DB696000AC8C32B7,SHA256=68B1A181C12FB04785A4612654B02EA323EB434DF6C99BC3E9C1B1D6C9A0D556,IMPHASH=35E33834A9AD004F756BCDA65DD08C4E
ParentProcessGuid: {3a35410f-6567-6928-0d00-000000000b00}
ParentProcessId: 848
ParentImage: C:\Windows\System32\svchost.exe
ParentCommandLine: C:\Windows\system32\svchost.exe -k DcomLaunch -p
ParentUser: NT AUTHORITY\SYSTEM"
"11/27/2025 10:20:13 PM","1","Information","Process Create:
RuleName: -
UtcTime: 2025-11-27 16:50:13.155
ProcessGuid: {3a35410f-8145-6928-6105-000000000b00}
ProcessId: 11368
Image: C:\Windows\explorer.exe
FileVersion: 10.0.19041.6456 (WinBuild.160101.0800)
Description: Windows Explorer
Product: Microsoft? Windows? Operating System
Company: Microsoft Corporation
OriginalFileName: EXPLORER.EXE
CommandLine: ""C:\Windows\explorer.exe"" 
CurrentDirectory: C:\Users\Emil Jinu\
User: DESKTOP-EJG8QJC\Emil Jinu
LogonGuid: {3a35410f-6604-6928-c9e6-200000000000}
LogonId: 0x20E6C9
TerminalSessionId: 1
IntegrityLevel: Medium
Hashes: MD5=24AD59ABAF730E71BC865922D8596008,SHA256=988A56D897915315EEF9CA679B3BC8ADFCECF5E227AEA99AAA1817620520E97E,IMPHASH=DBCE632ECED8243CB6090C1C87BE56BC
ParentProcessGuid: {3a35410f-717b-6928-7704-000000000b00}
ParentProcessId: 9908
ParentImage: C:\Windows\System32\WindowsPowerShell\v1.0\powershell.exe
ParentCommandLine: ""C:\Windows\System32\WindowsPowerShell\v1.0\powershell.exe"" 
ParentUser: DESKTOP-EJG8QJC\Emil Jinu"
"11/27/2025 10:20:10 PM","1","Information","Process Create:
RuleName: -
UtcTime: 2025-11-27 16:50:10.753
ProcessGuid: {3a35410f-8142-6928-6005-000000000b00}
ProcessId: 14524
Image: C:\Program Files\Windows NT\Accessories\wordpad.exe
FileVersion: 10.0.19041.6392 (WinBuild.160101.0800)
Description: Windows Wordpad Application
Product: Microsoft? Windows? Operating System
Company: Microsoft Corporation
OriginalFileName: WORDPAD.EXE
CommandLine: ""C:\Program Files\Windows NT\Accessories\wordpad.exe"" 
CurrentDirectory: C:\Users\Emil Jinu\
User: DESKTOP-EJG8QJC\Emil Jinu
LogonGuid: {3a35410f-6604-6928-c9e6-200000000000}
LogonId: 0x20E6C9
TerminalSessionId: 1
IntegrityLevel: Medium
Hashes: MD5=7D30889CC699CF86D1F533619D6118E4,SHA256=4B2E23A9130EA4ED8540071D7EBC9F02E5BCFE8EACA96CCCAB561FD8B7296C2E,IMPHASH=9315BEF4B5484B572936D208E8B654A0
ParentProcessGuid: {3a35410f-717b-6928-7704-000000000b00}
ParentProcessId: 9908
ParentImage: C:\Windows\System32\WindowsPowerShell\v1.0\powershell.exe
ParentCommandLine: ""C:\Windows\System32\WindowsPowerShell\v1.0\powershell.exe"" 
ParentUser: DESKTOP-EJG8QJC\Emil Jinu"
"11/27/2025 10:20:08 PM","1","Information","Process Create:
RuleName: -
UtcTime: 2025-11-27 16:50:08.344
ProcessGuid: {3a35410f-8140-6928-5f05-000000000b00}
ProcessId: 8360
Image: C:\Windows\System32\mspaint.exe
FileVersion: 10.0.19041.5553 (WinBuild.160101.0800)
Description: Paint
Product: Microsoft? Windows? Operating System
Company: Microsoft Corporation
OriginalFileName: MSPAINT.EXE
CommandLine: ""C:\Windows\system32\mspaint.exe"" 
CurrentDirectory: C:\Users\Emil Jinu\
User: DESKTOP-EJG8QJC\Emil Jinu
LogonGuid: {3a35410f-6604-6928-c9e6-200000000000}
LogonId: 0x20E6C9
TerminalSessionId: 1
IntegrityLevel: Medium
Hashes: MD5=FA534C7C1F54F9FB8BA99FC99C505651,SHA256=94F22AE686874A5F016AACF7F74F679DECC8D52A39DFDF31DCD5133739BBA532,IMPHASH=AD9649A74DB256ECAB874BD416C46A98
ParentProcessGuid: {3a35410f-717b-6928-7704-000000000b00}
ParentProcessId: 9908
ParentImage: C:\Windows\System32\WindowsPowerShell\v1.0\powershell.exe
ParentCommandLine: ""C:\Windows\System32\WindowsPowerShell\v1.0\powershell.exe"" 
ParentUser: DESKTOP-EJG8QJC\Emil Jinu"
"11/27/2025 10:20:06 PM","1","Information","Process Create:
RuleName: -
UtcTime: 2025-11-27 16:50:06.009
ProcessGuid: {3a35410f-813e-6928-5d05-000000000b00}
ProcessId: 14532
Image: C:\Windows\System32\calc.exe
FileVersion: 10.0.19041.1 (WinBuild.160101.0800)
Description: Windows Calculator
Product: Microsoft? Windows? Operating System
Company: Microsoft Corporation
OriginalFileName: CALC.EXE
CommandLine: ""C:\Windows\system32\calc.exe"" 
CurrentDirectory: C:\Users\Emil Jinu\
User: DESKTOP-EJG8QJC\Emil Jinu
LogonGuid: {3a35410f-6604-6928-c9e6-200000000000}
LogonId: 0x20E6C9
TerminalSessionId: 1
IntegrityLevel: Medium
Hashes: MD5=5DA8C98136D98DFEC4716EDD79C7145F,SHA256=58189CBD4E6DC0C7D8E66B6A6F75652FC9F4AFC7CE0EBA7D67D8C3FEB0D5381F,IMPHASH=8EEAA9499666119D13B3F44ECD77A729
ParentProcessGuid: {3a35410f-717b-6928-7704-000000000b00}
ParentProcessId: 9908
ParentImage: C:\Windows\System32\WindowsPowerShell\v1.0\powershell.exe
ParentCommandLine: ""C:\Windows\System32\WindowsPowerShell\v1.0\powershell.exe"" 
ParentUser: DESKTOP-EJG8QJC\Emil Jinu"
"11/27/2025 10:20:03 PM","1","Information","Process Create:
RuleName: -
UtcTime: 2025-11-27 16:50:03.599
ProcessGuid: {3a35410f-813b-6928-5c05-000000000b00}
ProcessId: 4736
Image: C:\Windows\System32\notepad.exe
FileVersion: 10.0.19041.5794 (WinBuild.160101.0800)
Description: Notepad
Product: Microsoft? Windows? Operating System
Company: Microsoft Corporation
OriginalFileName: NOTEPAD.EXE
CommandLine: ""C:\Windows\system32\notepad.exe"" 
CurrentDirectory: C:\Users\Emil Jinu\
User: DESKTOP-EJG8QJC\Emil Jinu
LogonGuid: {3a35410f-6604-6928-c9e6-200000000000}
LogonId: 0x20E6C9
TerminalSessionId: 1
IntegrityLevel: Medium
Hashes: MD5=6F51BCABF1B2B34AD7E670AEE6DA451F,SHA256=DA5807BB0997CC6B5132950EC87EDA2B33B1AC4533CF1F7A22A6F3B576ED7C5B,IMPHASH=09ED737A03DB7295BF734A9953F6EB5E
ParentProcessGuid: {3a35410f-717b-6928-7704-000000000b00}
ParentProcessId: 9908
ParentImage: C:\Windows\System32\WindowsPowerShell\v1.0\powershell.exe
ParentCommandLine: ""C:\Windows\System32\WindowsPowerShell\v1.0\powershell.exe"" 
ParentUser: DESKTOP-EJG8QJC\Emil Jinu"
"11/27/2025 10:19:16 PM","1","Information","Process Create:
RuleName: -
UtcTime: 2025-11-27 16:49:16.252
ProcessGuid: {3a35410f-810c-6928-5b05-000000000b00}
ProcessId: 6804
Image: C:\Program Files\Internet Explorer\ielowutil.exe
FileVersion: 11.00.19041.1 (WinBuild.160101.0800)
Description: Internet Low-Mic Utility Tool
Product: Internet Explorer
Company: Microsoft Corporation
OriginalFileName: ielowutil.exe
CommandLine: ""C:\Program Files\Internet Explorer\IELowutil.exe"" -PID:123
CurrentDirectory: C:\Windows\system32\
User: DESKTOP-EJG8QJC\Emil Jinu
LogonGuid: {3a35410f-6604-6928-c9e6-200000000000}
LogonId: 0x20E6C9
TerminalSessionId: 1
IntegrityLevel: Low
Hashes: MD5=D831180F7596E0D2BB87B2CC57ECFCA2,SHA256=3099B6CF67191B1A7E4D8463576FE85835E8DF2296DBA3470B0CD42BABD336C8,IMPHASH=D9652E955DB76BA3EEBAB87845BB3F85
ParentProcessGuid: {3a35410f-8108-6928-5905-000000000b00}
ParentProcessId: 6704
ParentImage: C:\Windows\System32\msfeedssync.exe
ParentCommandLine: ""C:\Windows\system32\msfeedssync.exe"" sync
ParentUser: DESKTOP-EJG8QJC\Emil Jinu"
"11/27/2025 10:19:12 PM","1","Information","Process Create:
RuleName: -
UtcTime: 2025-11-27 16:49:12.799
ProcessGuid: {3a35410f-8108-6928-5905-000000000b00}
ProcessId: 6704
Image: C:\Windows\System32\msfeedssync.exe
FileVersion: 11.00.19041.1 (WinBuild.160101.0800)
Description: Microsoft Feeds Synchronization
Product: Internet Explorer
Company: Microsoft Corporation
OriginalFileName: msfeedssync.exe
CommandLine: ""C:\Windows\system32\msfeedssync.exe"" sync
CurrentDirectory: C:\Windows\system32\
User: DESKTOP-EJG8QJC\Emil Jinu
LogonGuid: {3a35410f-6604-6928-c9e6-200000000000}
LogonId: 0x20E6C9
TerminalSessionId: 1
IntegrityLevel: Medium
Hashes: MD5=C80939122EEC4C9583A521F673ED8DCC,SHA256=D842C0AA333567D6B14A5F7429282652917A10B449BBAB8A79D7F4C4821A5D9F,IMPHASH=E4C2A510E7541CF3FA9C8202F4B88D97
ParentProcessGuid: {3a35410f-6568-6928-2400-000000000b00}
ParentProcessId: 1532
ParentImage: C:\Windows\System32\svchost.exe
ParentCommandLine: C:\Windows\system32\svchost.exe -k netsvcs -p -s Schedule
ParentUser: NT AUTHORITY\SYSTEM"
"11/27/2025 10:15:44 PM","3","Information","Network connection detected:
RuleName: -
UtcTime: 2025-11-27 16:46:17.895
ProcessGuid: {3a35410f-717b-6928-7704-000000000b00}
ProcessId: 9908
Image: C:\Windows\System32\WindowsPowerShell\v1.0\powershell.exe
User: DESKTOP-EJG8QJC\Emil Jinu
Protocol: tcp
Initiated: true
SourceIsIpv6: false
SourceIp: 10.0.2.15
SourceHostname: DESKTOP-EJG8QJC
SourcePort: 54005
SourcePortName: -
DestinationIsIpv6: false
DestinationIp: 23.60.110.42
DestinationHostname: a23-60-110-42.deploy.static.akamaitechnologies.com
DestinationPort: 443
DestinationPortName: https"
"11/27/2025 10:15:01 PM","22","Information","Dns query:
RuleName: -
UtcTime: 2025-11-27 16:45:21.990
ProcessGuid: {3a35410f-800b-6928-5505-000000000b00}
ProcessId: 10304
QueryName: cxcs.microsoft.net
QueryStatus: 0
QueryResults: type:  5 cxcs.microsoft.net.edgekey.net;type:  5 e3230.b.akamaiedge.net;::ffff:23.207.73.48;
Image: C:\Windows\ImmersiveControlPanel\SystemSettings.exe
User: DESKTOP-EJG8QJC\Emil Jinu"
"11/27/2025 10:15:00 PM","1","Information","Process Create:
RuleName: -
UtcTime: 2025-11-27 16:45:00.358
ProcessGuid: {3a35410f-800c-6928-5805-000000000b00}
ProcessId: 14972
Image: C:\Windows\SysWOW64\dllhost.exe
FileVersion: 10.0.19041.3636 (WinBuild.160101.0800)
Description: COM Surrogate
Product: Microsoft? Windows? Operating System
Company: Microsoft Corporation
OriginalFileName: dllhost.exe
CommandLine: C:\Windows\SysWOW64\DllHost.exe /Processid:{06622D85-6856-4460-8DE1-A81921B41C4B}
CurrentDirectory: C:\Windows\system32\
User: DESKTOP-EJG8QJC\Emil Jinu
LogonGuid: {3a35410f-6604-6928-c9e6-200000000000}
LogonId: 0x20E6C9
TerminalSessionId: 1
IntegrityLevel: Medium
Hashes: MD5=61DF0FA6EF720DDB2C284349D848599F,SHA256=6947EC4CADE9C3F410AAFB1D30D9664F6CBDA797C983A1BC7A682006BB08A466,IMPHASH=B6A6C5247EFBD2610E3DEA44649D7041
ParentProcessGuid: {3a35410f-6567-6928-0d00-000000000b00}
ParentProcessId: 848
ParentImage: C:\Windows\System32\svchost.exe
ParentCommandLine: C:\Windows\system32\svchost.exe -k DcomLaunch -p
ParentUser: NT AUTHORITY\SYSTEM"
"11/27/2025 10:14:59 PM","1","Information","Process Create:
RuleName: -
UtcTime: 2025-11-27 16:44:59.986
ProcessGuid: {3a35410f-800b-6928-5705-000000000b00}
ProcessId: 13052
Image: C:\Windows\System32\LocationNotificationWindows.exe
FileVersion: 10.0.19041.5915 (WinBuild.160101.0800)
Description: Location Notification
Product: Microsoft? Windows? Operating System
Company: Microsoft Corporation
OriginalFileName: LocationNotificationWindows.exe
CommandLine: ""C:\Windows\System32\LocationNotificationWindows.exe""
CurrentDirectory: C:\Windows\system32\
User: DESKTOP-EJG8QJC\Emil Jinu
LogonGuid: {3a35410f-6604-6928-c9e6-200000000000}
LogonId: 0x20E6C9
TerminalSessionId: 1
IntegrityLevel: Medium
Hashes: MD5=78304DE7BC9427229F70FC0CCF7C0CF1,SHA256=82CFEF287D60D9F04E5F0E4FB915D71CC71C1AD260F90941F4ADEE515896BBE7,IMPHASH=BFB647E172E5CBBCE5676BA2E6097869
ParentProcessGuid: {3a35410f-6568-6928-2400-000000000b00}
ParentProcessId: 1532
ParentImage: C:\Windows\System32\svchost.exe
ParentCommandLine: C:\Windows\system32\svchost.exe -k netsvcs -p -s Schedule
ParentUser: NT AUTHORITY\SYSTEM"
"11/27/2025 10:14:59 PM","1","Information","Process Create:
RuleName: -
UtcTime: 2025-11-27 16:44:59.622
ProcessGuid: {3a35410f-800b-6928-5605-000000000b00}
ProcessId: 10464
Image: C:\Windows\explorer.exe
FileVersion: 10.0.19041.6456 (WinBuild.160101.0800)
Description: Windows Explorer
Product: Microsoft? Windows? Operating System
Company: Microsoft Corporation
OriginalFileName: EXPLORER.EXE
CommandLine: C:\Windows\explorer.exe /factory,{5BD95610-9434-43C2-886C-57852CC8A120} -Embedding
CurrentDirectory: C:\Windows\system32\
User: DESKTOP-EJG8QJC\Emil Jinu
LogonGuid: {3a35410f-6604-6928-c9e6-200000000000}
LogonId: 0x20E6C9
TerminalSessionId: 1
IntegrityLevel: Medium
Hashes: MD5=24AD59ABAF730E71BC865922D8596008,SHA256=988A56D897915315EEF9CA679B3BC8ADFCECF5E227AEA99AAA1817620520E97E,IMPHASH=DBCE632ECED8243CB6090C1C87BE56BC
ParentProcessGuid: {3a35410f-6567-6928-0d00-000000000b00}
ParentProcessId: 848
ParentImage: C:\Windows\System32\svchost.exe
ParentCommandLine: C:\Windows\system32\svchost.exe -k DcomLaunch -p
ParentUser: NT AUTHORITY\SYSTEM"
"11/27/2025 10:14:59 PM","1","Information","Process Create:
RuleName: -
UtcTime: 2025-11-27 16:44:59.575
ProcessGuid: {3a35410f-800b-6928-5505-000000000b00}
ProcessId: 10304
Image: C:\Windows\ImmersiveControlPanel\SystemSettings.exe
FileVersion: 10.0.19041.6456 (WinBuild.160101.0800)
Description: Settings
Product: Microsoft? Windows? Operating System
Company: Microsoft Corporation
OriginalFileName: SystemSettings.exe
CommandLine: ""C:\Windows\ImmersiveControlPanel\SystemSettings.exe"" -ServerName:microsoft.windows.immersivecontrolpanel
CurrentDirectory: C:\Windows\ImmersiveControlPanel\
User: DESKTOP-EJG8QJC\Emil Jinu
LogonGuid: {3a35410f-6604-6928-c9e6-200000000000}
LogonId: 0x20E6C9
TerminalSessionId: 1
IntegrityLevel: Medium
Hashes: MD5=BF344C30EEB707BC671E3D1427C58FD7,SHA256=D3A50D173AF5B0FDD44CBFD7BF7C7471A3B8998EB45C9B49AA2F1C98C9D54CA9,IMPHASH=EC87C68A546FB4BDECF11BCB83E7D0E5
ParentProcessGuid: {3a35410f-6567-6928-0d00-000000000b00}
ParentProcessId: 848
ParentImage: C:\Windows\System32\svchost.exe
ParentCommandLine: C:\Windows\system32\svchost.exe -k DcomLaunch -p
ParentUser: NT AUTHORITY\SYSTEM"
"11/27/2025 10:14:59 PM","1","Information","Process Create:
RuleName: -
UtcTime: 2025-11-27 16:44:59.555
ProcessGuid: {3a35410f-800b-6928-5405-000000000b00}
ProcessId: 4576
Image: C:\Windows\System32\control.exe
FileVersion: 10.0.19041.5794 (WinBuild.160101.0800)
Description: Windows Control Panel
Product: Microsoft? Windows? Operating System
Company: Microsoft Corporation
OriginalFileName: CONTROL.EXE
CommandLine: ""C:\Windows\system32\control.exe"" 
CurrentDirectory: C:\Users\Emil Jinu\
User: DESKTOP-EJG8QJC\Emil Jinu
LogonGuid: {3a35410f-6604-6928-c9e6-200000000000}
LogonId: 0x20E6C9
TerminalSessionId: 1
IntegrityLevel: Medium
Hashes: MD5=E68215C54014ECA2AC19723D1105D000,SHA256=3945957BC15C3DBA3398B619125E74B1C8D756A4699B1ABC71241657D55E9D84,IMPHASH=ED7ECF5DCE55D515F7FE036FCAEBFF1A
ParentProcessGuid: {3a35410f-717b-6928-7704-000000000b00}
ParentProcessId: 9908
ParentImage: C:\Windows\System32\WindowsPowerShell\v1.0\powershell.exe
ParentCommandLine: ""C:\Windows\System32\WindowsPowerShell\v1.0\powershell.exe"" 
ParentUser: DESKTOP-EJG8QJC\Emil Jinu"
"11/27/2025 10:14:42 PM","22","Information","Dns query:
RuleName: -
UtcTime: 2025-11-27 16:44:50.467
ProcessGuid: {3a35410f-77b9-6928-2f05-000000000b00}
ProcessId: 13724
QueryName: cxcs.microsoft.net
QueryStatus: 0
QueryResults: type:  5 cxcs.microsoft.net.edgekey.net;type:  5 e3230.b.akamaiedge.net;::ffff:23.207.73.48;
Image: C:\Windows\ImmersiveControlPanel\SystemSettings.exe
User: DESKTOP-EJG8QJC\Emil Jinu"
"11/27/2025 10:14:40 PM","1","Information","Process Create:
RuleName: -
UtcTime: 2025-11-27 16:44:40.039
ProcessGuid: {3a35410f-7ff8-6928-5205-000000000b00}
ProcessId: 9468
Image: C:\Windows\System32\LocationNotificationWindows.exe
FileVersion: 10.0.19041.5915 (WinBuild.160101.0800)
Description: Location Notification
Product: Microsoft? Windows? Operating System
Company: Microsoft Corporation
OriginalFileName: LocationNotificationWindows.exe
CommandLine: ""C:\Windows\System32\LocationNotificationWindows.exe""
CurrentDirectory: C:\Windows\system32\
User: DESKTOP-EJG8QJC\Emil Jinu
LogonGuid: {3a35410f-6604-6928-c9e6-200000000000}
LogonId: 0x20E6C9
TerminalSessionId: 1
IntegrityLevel: Medium
Hashes: MD5=78304DE7BC9427229F70FC0CCF7C0CF1,SHA256=82CFEF287D60D9F04E5F0E4FB915D71CC71C1AD260F90941F4ADEE515896BBE7,IMPHASH=BFB647E172E5CBBCE5676BA2E6097869
ParentProcessGuid: {3a35410f-6568-6928-2400-000000000b00}
ParentProcessId: 1532
ParentImage: C:\Windows\System32\svchost.exe
ParentCommandLine: C:\Windows\system32\svchost.exe -k netsvcs -p -s Schedule
ParentUser: NT AUTHORITY\SYSTEM"
"11/27/2025 10:11:26 PM","11","Information","File created:
RuleName: -
UtcTime: 2025-11-27 16:41:26.720
ProcessGuid: {3a35410f-7f36-6928-4e05-000000000b00}
ProcessId: 15152
Image: C:\Windows\System32\WindowsPowerShell\v1.0\powershell.exe
TargetFilename: C:\Users\Emil Jinu\AppData\Local\Temp\__PSScriptPolicyTest_1i54guxa.fta.ps1
CreationUtcTime: 2025-11-27 16:41:26.720
User: DESKTOP-EJG8QJC\Emil Jinu"
"11/27/2025 10:11:26 PM","1","Information","Process Create:
RuleName: -
UtcTime: 2025-11-27 16:41:26.457
ProcessGuid: {3a35410f-7f36-6928-4e05-000000000b00}
ProcessId: 15152
Image: C:\Windows\System32\WindowsPowerShell\v1.0\powershell.exe
FileVersion: 10.0.19041.3996 (WinBuild.160101.0800)
Description: Windows PowerShell
Product: Microsoft? Windows? Operating System
Company: Microsoft Corporation
OriginalFileName: PowerShell.EXE
CommandLine: ""C:\Windows\System32\WindowsPowerShell\v1.0\powershell.exe"" -ExecutionPolicy Bypass -File C:\Users\Public\TempLogs\benign.ps1
CurrentDirectory: C:\Users\Emil Jinu\
User: DESKTOP-EJG8QJC\Emil Jinu
LogonGuid: {3a35410f-6604-6928-c9e6-200000000000}
LogonId: 0x20E6C9
TerminalSessionId: 1
IntegrityLevel: Medium
Hashes: MD5=2E5A8590CF6848968FC23DE3FA1E25F1,SHA256=9785001B0DCF755EDDB8AF294A373C0B87B2498660F724E76C4D53F9C217C7A3,IMPHASH=3D08F4848535206D772DE145804FF4B6
ParentProcessGuid: {3a35410f-717b-6928-7704-000000000b00}
ParentProcessId: 9908
ParentImage: C:\Windows\System32\WindowsPowerShell\v1.0\powershell.exe
ParentCommandLine: ""C:\Windows\System32\WindowsPowerShell\v1.0\powershell.exe"" 
ParentUser: DESKTOP-EJG8QJC\Emil Jinu"
"11/27/2025 10:10:12 PM","1","Information","Process Create:
RuleName: -
UtcTime: 2025-11-27 16:40:12.179
ProcessGuid: {3a35410f-7eec-6928-4c05-000000000b00}
ProcessId: 11308
Image: C:\Windows\System32\LocationNotificationWindows.exe
FileVersion: 10.0.19041.5915 (WinBuild.160101.0800)
Description: Location Notification
Product: Microsoft? Windows? Operating System
Company: Microsoft Corporation
OriginalFileName: LocationNotificationWindows.exe
CommandLine: ""C:\Windows\System32\LocationNotificationWindows.exe""
CurrentDirectory: C:\Windows\system32\
User: DESKTOP-EJG8QJC\Emil Jinu
LogonGuid: {3a35410f-6604-6928-c9e6-200000000000}
LogonId: 0x20E6C9
TerminalSessionId: 1
IntegrityLevel: Medium
Hashes: MD5=78304DE7BC9427229F70FC0CCF7C0CF1,SHA256=82CFEF287D60D9F04E5F0E4FB915D71CC71C1AD260F90941F4ADEE515896BBE7,IMPHASH=BFB647E172E5CBBCE5676BA2E6097869
ParentProcessGuid: {3a35410f-6568-6928-2400-000000000b00}
ParentProcessId: 1532
ParentImage: C:\Windows\System32\svchost.exe
ParentCommandLine: C:\Windows\system32\svchost.exe -k netsvcs -p -s Schedule
ParentUser: NT AUTHORITY\SYSTEM"
"11/27/2025 10:05:49 PM","1","Information","Process Create:
RuleName: -
UtcTime: 2025-11-27 16:35:49.796
ProcessGuid: {3a35410f-7de5-6928-4705-000000000b00}
ProcessId: 9220
Image: C:\Windows\System32\svchost.exe
FileVersion: 10.0.19041.5794 (WinBuild.160101.0800)
Description: Host Process for Windows Services
Product: Microsoft? Windows? Operating System
Company: Microsoft Corporation
OriginalFileName: svchost.exe
CommandLine: C:\Windows\system32\svchost.exe -k netsvcs -p -s gpsvc
CurrentDirectory: C:\Windows\system32\
User: NT AUTHORITY\SYSTEM
LogonGuid: {3a35410f-6567-6928-e703-000000000000}
LogonId: 0x3E7
TerminalSessionId: 0
IntegrityLevel: System
Hashes: MD5=3D1034D6ED3DAED60816A25C561E8C83,SHA256=B0B36BFF7AE4057F687D839CD4B3D81159AB646F1EE1B22106A927E93DECBB61,IMPHASH=F9BBD96FAE53B7A31264A703CAFA0666
ParentProcessGuid: {3a35410f-6567-6928-0b00-000000000b00}
ParentProcessId: 708
ParentImage: C:\Windows\System32\services.exe
ParentCommandLine: C:\Windows\system32\services.exe
ParentUser: NT AUTHORITY\SYSTEM"
"11/27/2025 10:04:58 PM","1","Information","Process Create:
RuleName: -
UtcTime: 2025-11-27 16:34:58.597
ProcessGuid: {3a35410f-7db2-6928-4605-000000000b00}
ProcessId: 1420
Image: C:\Windows\WinSxS\amd64_microsoft-windows-servicingstack_31bf3856ad364e35_10.0.19041.6449_none_7e0d59887c8e1467\TiWorker.exe
FileVersion: 10.0.19041.6449 (WinBuild.160101.0800)
Description: Windows Modules Installer Worker
Product: Microsoft? Windows? Operating System
Company: Microsoft Corporation
OriginalFileName: TiWorker.exe
CommandLine: C:\Windows\winsxs\amd64_microsoft-windows-servicingstack_31bf3856ad364e35_10.0.19041.6449_none_7e0d59887c8e1467\TiWorker.exe -Embedding
CurrentDirectory: C:\Windows\system32\
User: NT AUTHORITY\SYSTEM
LogonGuid: {3a35410f-6567-6928-e703-000000000000}
LogonId: 0x3E7
TerminalSessionId: 0
IntegrityLevel: System
Hashes: MD5=C814A5844B037DF5271494CE580837B2,SHA256=606D88DADCDE114EEE163B871B88BFB2FFC562D122A6A1102B970E68142A2914,IMPHASH=2409EC1E105B0DDA91B9CEBA0B44162F
ParentProcessGuid: {3a35410f-6567-6928-0d00-000000000b00}
ParentProcessId: 848
ParentImage: C:\Windows\System32\svchost.exe
ParentCommandLine: C:\Windows\system32\svchost.exe -k DcomLaunch -p
ParentUser: NT AUTHORITY\SYSTEM"
"11/27/2025 10:04:58 PM","1","Information","Process Create:
RuleName: -
UtcTime: 2025-11-27 16:34:58.544
ProcessGuid: {3a35410f-7db2-6928-4505-000000000b00}
ProcessId: 8204
Image: C:\Windows\servicing\TrustedInstaller.exe
FileVersion: 10.0.19041.6033 (WinBuild.160101.0800)
Description: Windows Modules Installer
Product: Microsoft? Windows? Operating System
Company: Microsoft Corporation
OriginalFileName: TrustedInstaller.exe
CommandLine: C:\Windows\servicing\TrustedInstaller.exe
CurrentDirectory: C:\Windows\system32\
User: NT AUTHORITY\SYSTEM
LogonGuid: {3a35410f-6567-6928-e703-000000000000}
LogonId: 0x3E7
TerminalSessionId: 0
IntegrityLevel: System
Hashes: MD5=7AD303939D1A9FECD6ECADD773B4ADEF,SHA256=4A91D438B383AFAAB9015C6A4C5BDAD04EF4A3FDF010FCC2433EED7AA471F311,IMPHASH=0573E2F86BB45402DB86E0CB5DC66EDC
ParentProcessGuid: {3a35410f-6567-6928-0b00-000000000b00}
ParentProcessId: 708
ParentImage: C:\Windows\System32\services.exe
ParentCommandLine: C:\Windows\system32\services.exe
ParentUser: NT AUTHORITY\SYSTEM"
"11/27/2025 10:04:58 PM","1","Information","Process Create:
RuleName: -
UtcTime: 2025-11-27 16:34:58.510
ProcessGuid: {3a35410f-7db2-6928-4405-000000000b00}
ProcessId: 15104
Image: C:\Windows\System32\rundll32.exe
FileVersion: 10.0.19041.5794 (WinBuild.160101.0800)
Description: Windows host process (Rundll32)
Product: Microsoft? Windows? Operating System
Company: Microsoft Corporation
OriginalFileName: RUNDLL32.EXE
CommandLine: ""C:\Windows\system32\rundll32.exe"" /d acproxy.dll,PerformAutochkOperations
CurrentDirectory: C:\Windows\system32\
User: NT AUTHORITY\SYSTEM
LogonGuid: {3a35410f-6567-6928-e703-000000000000}
LogonId: 0x3E7
TerminalSessionId: 0
IntegrityLevel: System
Hashes: MD5=5A43032AEBD51583832EF3E96F5C81DA,SHA256=076592CA1957F8F357CC201F0015072C612F5770AD7DE85F87F254253C754DD7,IMPHASH=F207A867D6098266EE63A3CA677EB0FF
ParentProcessGuid: {3a35410f-6568-6928-2400-000000000b00}
ParentProcessId: 1532
ParentImage: C:\Windows\System32\svchost.exe
ParentCommandLine: C:\Windows\system32\svchost.exe -k netsvcs -p -s Schedule
ParentUser: NT AUTHORITY\SYSTEM"
"11/27/2025 10:04:58 PM","1","Information","Process Create:
RuleName: -
UtcTime: 2025-11-27 16:34:58.461
ProcessGuid: {3a35410f-7db2-6928-4305-000000000b00}
ProcessId: 14412
Image: C:\Windows\System32\MoUsoCoreWorker.exe
FileVersion: 10.0.19041.5848 (WinBuild.160101.0800)
Description: MoUSO Core Worker Process
Product: Microsoft? Windows? Operating System
Company: Microsoft Corporation
OriginalFileName: MoUSOCoreWorker.exe
CommandLine: C:\Windows\System32\mousocoreworker.exe -Embedding
CurrentDirectory: C:\Windows\system32\
User: NT AUTHORITY\SYSTEM
LogonGuid: {3a35410f-6567-6928-e703-000000000000}
LogonId: 0x3E7
TerminalSessionId: 0
IntegrityLevel: System
Hashes: MD5=7E1D07B224D243CAC8327577C61F0218,SHA256=6B676785219372F26A109E601BD04C7376A289021616B36AE4CCFABA43EAF4D6,IMPHASH=8668B4C1834A89E3778E45BE48201874
ParentProcessGuid: {3a35410f-6567-6928-0d00-000000000b00}
ParentProcessId: 848
ParentImage: C:\Windows\System32\svchost.exe
ParentCommandLine: C:\Windows\system32\svchost.exe -k DcomLaunch -p
ParentUser: NT AUTHORITY\SYSTEM"
"11/27/2025 10:01:05 PM","1","Information","Process Create:
RuleName: -
UtcTime: 2025-11-27 16:31:05.630
ProcessGuid: {3a35410f-7cc9-6928-4205-000000000b00}
ProcessId: 1028
Image: C:\Program Files (x86)\BraveSoftware\Update\BraveUpdate.exe
FileVersion: 1.3.361.151
Description: BraveSoftware Update
Product: BraveSoftware Update
Company: BraveSoftware Inc.
OriginalFileName: BraveUpdate.exe
CommandLine: ""C:\Program Files (x86)\BraveSoftware\Update\BraveUpdate.exe"" /ua /installsource scheduler
CurrentDirectory: C:\Windows\system32\
User: NT AUTHORITY\SYSTEM
LogonGuid: {3a35410f-6567-6928-e703-000000000000}
LogonId: 0x3E7
TerminalSessionId: 0
IntegrityLevel: System
Hashes: MD5=C5FAF4E83ABA42AD45DD426C8A92A967,SHA256=D0928174E5F6E2175E98BCF74AD06F7BFD500AE7FADE166815036C9D83267C49,IMPHASH=703FF56BDEEA42466C9707ED3F98C291
ParentProcessGuid: {3a35410f-6568-6928-2400-000000000b00}
ParentProcessId: 1532
ParentImage: C:\Windows\System32\svchost.exe
ParentCommandLine: C:\Windows\system32\svchost.exe -k netsvcs -p -s Schedule
ParentUser: NT AUTHORITY\SYSTEM"
"11/27/2025 10:00:20 PM","1","Information","Process Create:
RuleName: -
UtcTime: 2025-11-27 16:30:20.924
ProcessGuid: {3a35410f-7c9c-6928-4105-000000000b00}
ProcessId: 12476
Image: C:\Windows\System32\LocationNotificationWindows.exe
FileVersion: 10.0.19041.5915 (WinBuild.160101.0800)
Description: Location Notification
Product: Microsoft? Windows? Operating System
Company: Microsoft Corporation
OriginalFileName: LocationNotificationWindows.exe
CommandLine: ""C:\Windows\System32\LocationNotificationWindows.exe""
CurrentDirectory: C:\Windows\system32\
User: DESKTOP-EJG8QJC\Emil Jinu
LogonGuid: {3a35410f-6604-6928-c9e6-200000000000}
LogonId: 0x20E6C9
TerminalSessionId: 1
IntegrityLevel: Medium
Hashes: MD5=78304DE7BC9427229F70FC0CCF7C0CF1,SHA256=82CFEF287D60D9F04E5F0E4FB915D71CC71C1AD260F90941F4ADEE515896BBE7,IMPHASH=BFB647E172E5CBBCE5676BA2E6097869
ParentProcessGuid: {3a35410f-6568-6928-2400-000000000b00}
ParentProcessId: 1532
ParentImage: C:\Windows\System32\svchost.exe
ParentCommandLine: C:\Windows\system32\svchost.exe -k netsvcs -p -s Schedule
ParentUser: NT AUTHORITY\SYSTEM"
"11/27/2025 10:00:19 PM","22","Information","Dns query:
RuleName: -
UtcTime: 2025-11-27 16:30:44.686
ProcessGuid: {3a35410f-6569-6928-2f00-000000000b00}
ProcessId: 2116
QueryName: ecs.office.com
QueryStatus: 0
QueryResults: type:  5 ecs.office.trafficmanager.net;type:  5 dual-s-0005-office.config.skype.com;type:  5 ecs-office.s-0005.dual-s-msedge.net;type:  5 s-0005.dual-s-msedge.net;2603:1063:27:2::14;2603:1063:27:1::14;
Image: C:\Windows\System32\svchost.exe
User: NT AUTHORITY\NETWORK SERVICE"
"11/27/2025 9:54:40 PM","1","Information","Process Create:
RuleName: -
UtcTime: 2025-11-27 16:24:40.750
ProcessGuid: {3a35410f-7b48-6928-3d05-000000000b00}
ProcessId: 604
Image: C:\Windows\WinSxS\amd64_microsoft-windows-servicingstack_31bf3856ad364e35_10.0.19041.6449_none_7e0d59887c8e1467\TiWorker.exe
FileVersion: 10.0.19041.6449 (WinBuild.160101.0800)
Description: Windows Modules Installer Worker
Product: Microsoft? Windows? Operating System
Company: Microsoft Corporation
OriginalFileName: TiWorker.exe
CommandLine: C:\Windows\winsxs\amd64_microsoft-windows-servicingstack_31bf3856ad364e35_10.0.19041.6449_none_7e0d59887c8e1467\TiWorker.exe -Embedding
CurrentDirectory: C:\Windows\system32\
User: NT AUTHORITY\SYSTEM
LogonGuid: {3a35410f-6567-6928-e703-000000000000}
LogonId: 0x3E7
TerminalSessionId: 0
IntegrityLevel: System
Hashes: MD5=C814A5844B037DF5271494CE580837B2,SHA256=606D88DADCDE114EEE163B871B88BFB2FFC562D122A6A1102B970E68142A2914,IMPHASH=2409EC1E105B0DDA91B9CEBA0B44162F
ParentProcessGuid: {3a35410f-6567-6928-0d00-000000000b00}
ParentProcessId: 848
ParentImage: C:\Windows\System32\svchost.exe
ParentCommandLine: C:\Windows\system32\svchost.exe -k DcomLaunch -p
ParentUser: NT AUTHORITY\SYSTEM"
"11/27/2025 9:54:40 PM","1","Information","Process Create:
RuleName: -
UtcTime: 2025-11-27 16:24:40.703
ProcessGuid: {3a35410f-7b48-6928-3c05-000000000b00}
ProcessId: 5140
Image: C:\Windows\servicing\TrustedInstaller.exe
FileVersion: 10.0.19041.6033 (WinBuild.160101.0800)
Description: Windows Modules Installer
Product: Microsoft? Windows? Operating System
Company: Microsoft Corporation
OriginalFileName: TrustedInstaller.exe
CommandLine: C:\Windows\servicing\TrustedInstaller.exe
CurrentDirectory: C:\Windows\system32\
User: NT AUTHORITY\SYSTEM
LogonGuid: {3a35410f-6567-6928-e703-000000000000}
LogonId: 0x3E7
TerminalSessionId: 0
IntegrityLevel: System
Hashes: MD5=7AD303939D1A9FECD6ECADD773B4ADEF,SHA256=4A91D438B383AFAAB9015C6A4C5BDAD04EF4A3FDF010FCC2433EED7AA471F311,IMPHASH=0573E2F86BB45402DB86E0CB5DC66EDC
ParentProcessGuid: {3a35410f-6567-6928-0b00-000000000b00}
ParentProcessId: 708
ParentImage: C:\Windows\System32\services.exe
ParentCommandLine: C:\Windows\system32\services.exe
ParentUser: NT AUTHORITY\SYSTEM"
"11/27/2025 9:54:40 PM","1","Information","Process Create:
RuleName: -
UtcTime: 2025-11-27 16:24:40.607
ProcessGuid: {3a35410f-7b48-6928-3b05-000000000b00}
ProcessId: 13012
Image: C:\Windows\System32\MoUsoCoreWorker.exe
FileVersion: 10.0.19041.5848 (WinBuild.160101.0800)
Description: MoUSO Core Worker Process
Product: Microsoft? Windows? Operating System
Company: Microsoft Corporation
OriginalFileName: MoUSOCoreWorker.exe
CommandLine: C:\Windows\System32\mousocoreworker.exe -Embedding
CurrentDirectory: C:\Windows\system32\
User: NT AUTHORITY\SYSTEM
LogonGuid: {3a35410f-6567-6928-e703-000000000000}
LogonId: 0x3E7
TerminalSessionId: 0
IntegrityLevel: System
Hashes: MD5=7E1D07B224D243CAC8327577C61F0218,SHA256=6B676785219372F26A109E601BD04C7376A289021616B36AE4CCFABA43EAF4D6,IMPHASH=8668B4C1834A89E3778E45BE48201874
ParentProcessGuid: {3a35410f-6567-6928-0d00-000000000b00}
ParentProcessId: 848
ParentImage: C:\Windows\System32\svchost.exe
ParentCommandLine: C:\Windows\system32\svchost.exe -k DcomLaunch -p
ParentUser: NT AUTHORITY\SYSTEM"
