"TimeCreated","Id","LevelDisplayName","Message"
"11/27/2025 11:02:58 PM","1","Information","Process Create:
RuleName: -
UtcTime: 2025-11-27 17:32:58.599
ProcessGuid: {3a35410f-8b4a-6928-cb07-000000000b00}
ProcessId: 6392
Image: C:\Program Files (x86)\Microsoft\Edge\Application\msedge.exe
FileVersion: 142.0.3595.94
Description: Microsoft Edge
Product: Microsoft Edge
Company: Microsoft Corporation
OriginalFileName: msedge.exe
CommandLine: ""C:\Program Files (x86)\Microsoft\Edge\Application\msedge.exe"" --type=utility --utility-sub-type=PooledProcess2 --lang=en-US --service-sandbox-type=utility --ram-no-pressure-read-main-dll --metrics-shmem-handle=4876,i,14329474581093414369,12520712914990938895,524288 --field-trial-handle=2280,i,13217757045165639365,3489437783660714940,262144 --variations-seed-version --trace-process-track-uuid=3190708995682289984 --mojo-platform-channel-handle=4964 /prefetch:8
CurrentDirectory: C:\Program Files (x86)\Microsoft\Edge\Application\142.0.3595.94\
User: DESKTOP-EJG8QJC\Emil Jinu
LogonGuid: {3a35410f-6604-6928-c9e6-200000000000}
LogonId: 0x20E6C9
TerminalSessionId: 1
IntegrityLevel: Low
Hashes: MD5=CC88E8CBC96E0183F15A240EC2E6D7BB,SHA256=C089768E72071ACA205E6B77C0538F58A3896CE5B0F65BA9BD38CDAE263D8A03,IMPHASH=4C2A67DEB457B8BF9F317820EE11E05D
ParentProcessGuid: {3a35410f-8b1c-6928-bb07-000000000b00}
ParentProcessId: 7464
ParentImage: C:\Program Files (x86)\Microsoft\Edge\Application\msedge.exe
ParentCommandLine: ""C:\Program Files (x86)\Microsoft\Edge\Application\msedge.exe"" --no-startup-window
ParentUser: DESKTOP-EJG8QJC\Emil Jinu"
"11/27/2025 11:02:58 PM","22","Information","Dns query:
RuleName: -
UtcTime: 2025-11-27 17:32:40.054
ProcessGuid: {3a35410f-8b1c-6928-be07-000000000b00}
ProcessId: 1124
QueryName: wpad
QueryStatus: 123
QueryResults: -
Image: C:\Program Files (x86)\Microsoft\Edge\Application\msedge.exe
User: DESKTOP-EJG8QJC\Emil Jinu"
"11/27/2025 11:02:40 PM","1","Information","Process Create:
RuleName: -
UtcTime: 2025-11-27 17:32:40.457
ProcessGuid: {3a35410f-8b38-6928-ca07-000000000b00}
ProcessId: 7064
Image: C:\Windows\System32\oobe\UserOOBEBroker.exe
FileVersion: 10.0.19041.5794 (WinBuild.160101.0800)
Description: User OOBE Broker
Product: Microsoft? Windows? Operating System
Company: Microsoft Corporation
OriginalFileName: UserOOBEBroker.exe
CommandLine: C:\Windows\System32\oobe\UserOOBEBroker.exe -Embedding
CurrentDirectory: C:\Windows\system32\
User: DESKTOP-EJG8QJC\Emil Jinu
LogonGuid: {3a35410f-6604-6928-c9e6-200000000000}
LogonId: 0x20E6C9
TerminalSessionId: 1
IntegrityLevel: Medium
Hashes: MD5=3F4D9E9A05EB3693FFF4C6B641522A96,SHA256=BDE96DE9BD4719E6C030BD58939AF5CDC4648549A923EFC2BC41557FD313D0EB,IMPHASH=DB3D54E6C0B9C0E728AB62733514AC86
ParentProcessGuid: {3a35410f-6567-6928-0d00-000000000b00}
ParentProcessId: 848
ParentImage: C:\Windows\System32\svchost.exe
ParentCommandLine: C:\Windows\system32\svchost.exe -k DcomLaunch -p
ParentUser: NT AUTHORITY\SYSTEM"
"11/27/2025 11:02:40 PM","1","Information","Process Create:
RuleName: -
UtcTime: 2025-11-27 17:32:40.452
ProcessGuid: {3a35410f-8b38-6928-c907-000000000b00}
ProcessId: 14384
Image: C:\Windows\System32\MoUsoCoreWorker.exe
FileVersion: 10.0.19041.5848 (WinBuild.160101.0800)
Description: MoUSO Core Worker Process
Product: Microsoft? Windows? Operating System
Company: Microsoft Corporation
OriginalFileName: MoUSOCoreWorker.exe
CommandLine: C:\Windows\System32\mousocoreworker.exe -Embedding
CurrentDirectory: C:\Windows\system32\
User: NT AUTHORITY\SYSTEM
LogonGuid: {3a35410f-6567-6928-e703-000000000000}
LogonId: 0x3E7
TerminalSessionId: 0
IntegrityLevel: System
Hashes: MD5=7E1D07B224D243CAC8327577C61F0218,SHA256=6B676785219372F26A109E601BD04C7376A289021616B36AE4CCFABA43EAF4D6,IMPHASH=8668B4C1834A89E3778E45BE48201874
ParentProcessGuid: {3a35410f-6567-6928-0d00-000000000b00}
ParentProcessId: 848
ParentImage: C:\Windows\System32\svchost.exe
ParentCommandLine: C:\Windows\system32\svchost.exe -k DcomLaunch -p
ParentUser: NT AUTHORITY\SYSTEM"
"11/27/2025 11:02:39 PM","1","Information","Process Create:
RuleName: -
UtcTime: 2025-11-27 17:32:39.592
ProcessGuid: {3a35410f-8b37-6928-c807-000000000b00}
ProcessId: 3976
Image: C:\Windows\ImmersiveControlPanel\SystemSettings.exe
FileVersion: 10.0.19041.6456 (WinBuild.160101.0800)
Description: Settings
Product: Microsoft? Windows? Operating System
Company: Microsoft Corporation
OriginalFileName: SystemSettings.exe
CommandLine: ""C:\Windows\ImmersiveControlPanel\SystemSettings.exe"" -ServerName:microsoft.windows.immersivecontrolpanel
CurrentDirectory: C:\Windows\ImmersiveControlPanel\
User: DESKTOP-EJG8QJC\Emil Jinu
LogonGuid: {3a35410f-6604-6928-c9e6-200000000000}
LogonId: 0x20E6C9
TerminalSessionId: 1
IntegrityLevel: Medium
Hashes: MD5=BF344C30EEB707BC671E3D1427C58FD7,SHA256=D3A50D173AF5B0FDD44CBFD7BF7C7471A3B8998EB45C9B49AA2F1C98C9D54CA9,IMPHASH=EC87C68A546FB4BDECF11BCB83E7D0E5
ParentProcessGuid: {3a35410f-6567-6928-0d00-000000000b00}
ParentProcessId: 848
ParentImage: C:\Windows\System32\svchost.exe
ParentCommandLine: C:\Windows\system32\svchost.exe -k DcomLaunch -p
ParentUser: NT AUTHORITY\SYSTEM"
"11/27/2025 11:02:37 PM","1","Information","Process Create:
RuleName: -
UtcTime: 2025-11-27 17:32:37.561
ProcessGuid: {3a35410f-8b35-6928-c707-000000000b00}
ProcessId: 12752
Image: C:\Program Files (x86)\Microsoft\Edge\Application\msedge.exe
FileVersion: 142.0.3595.94
Description: Microsoft Edge
Product: Microsoft Edge
Company: Microsoft Corporation
OriginalFileName: msedge.exe
CommandLine: ""C:\Program Files (x86)\Microsoft\Edge\Application\msedge.exe"" --type=utility --utility-sub-type=chrome.mojom.UtilWin --lang=en-US --service-sandbox-type=none --message-loop-type-ui --skip-read-main-dll --metrics-shmem-handle=1176,i,2391862762189276942,4092489638289083641,524288 --field-trial-handle=2280,i,13217757045165639365,3489437783660714940,262144 --variations-seed-version --trace-process-track-uuid=3190708993808206286 --mojo-platform-channel-handle=1160 /prefetch:8
CurrentDirectory: C:\Program Files (x86)\Microsoft\Edge\Application\142.0.3595.94\
User: DESKTOP-EJG8QJC\Emil Jinu
LogonGuid: {3a35410f-6604-6928-c9e6-200000000000}
LogonId: 0x20E6C9
TerminalSessionId: 1
IntegrityLevel: Medium
Hashes: MD5=CC88E8CBC96E0183F15A240EC2E6D7BB,SHA256=C089768E72071ACA205E6B77C0538F58A3896CE5B0F65BA9BD38CDAE263D8A03,IMPHASH=4C2A67DEB457B8BF9F317820EE11E05D
ParentProcessGuid: {3a35410f-8b1c-6928-bb07-000000000b00}
ParentProcessId: 7464
ParentImage: C:\Program Files (x86)\Microsoft\Edge\Application\msedge.exe
ParentCommandLine: ""C:\Program Files (x86)\Microsoft\Edge\Application\msedge.exe"" --no-startup-window
ParentUser: DESKTOP-EJG8QJC\Emil Jinu"
"11/27/2025 11:02:37 PM","1","Information","Process Create:
RuleName: -
UtcTime: 2025-11-27 17:32:37.557
ProcessGuid: {3a35410f-8b35-6928-c607-000000000b00}
ProcessId: 11716
Image: C:\Program Files (x86)\Microsoft\Edge\Application\msedge.exe
FileVersion: 142.0.3595.94
Description: Microsoft Edge
Product: Microsoft Edge
Company: Microsoft Corporation
OriginalFileName: msedge.exe
CommandLine: ""C:\Program Files (x86)\Microsoft\Edge\Application\msedge.exe"" --type=utility --utility-sub-type=chrome.mojom.UtilWin --lang=en-US --service-sandbox-type=none --message-loop-type-ui --skip-read-main-dll --metrics-shmem-handle=1172,i,5121528001941913145,14410943330743157377,524288 --field-trial-handle=2280,i,13217757045165639365,3489437783660714940,262144 --variations-seed-version --trace-process-track-uuid=3190708992871164437 --mojo-platform-channel-handle=4768 /prefetch:8
CurrentDirectory: C:\Program Files (x86)\Microsoft\Edge\Application\142.0.3595.94\
User: DESKTOP-EJG8QJC\Emil Jinu
LogonGuid: {3a35410f-6604-6928-c9e6-200000000000}
LogonId: 0x20E6C9
TerminalSessionId: 1
IntegrityLevel: Medium
Hashes: MD5=CC88E8CBC96E0183F15A240EC2E6D7BB,SHA256=C089768E72071ACA205E6B77C0538F58A3896CE5B0F65BA9BD38CDAE263D8A03,IMPHASH=4C2A67DEB457B8BF9F317820EE11E05D
ParentProcessGuid: {3a35410f-8b1c-6928-bb07-000000000b00}
ParentProcessId: 7464
ParentImage: C:\Program Files (x86)\Microsoft\Edge\Application\msedge.exe
ParentCommandLine: ""C:\Program Files (x86)\Microsoft\Edge\Application\msedge.exe"" --no-startup-window
ParentUser: DESKTOP-EJG8QJC\Emil Jinu"
"11/27/2025 11:02:37 PM","1","Information","Process Create:
RuleName: -
UtcTime: 2025-11-27 17:32:37.551
ProcessGuid: {3a35410f-8b35-6928-c507-000000000b00}
ProcessId: 10480
Image: C:\Program Files (x86)\Microsoft\Edge\Application\msedge.exe
FileVersion: 142.0.3595.94
Description: Microsoft Edge
Product: Microsoft Edge
Company: Microsoft Corporation
OriginalFileName: msedge.exe
CommandLine: ""C:\Program Files (x86)\Microsoft\Edge\Application\msedge.exe"" --type=utility --utility-sub-type=chrome.mojom.UtilWin --lang=en-US --service-sandbox-type=none --message-loop-type-ui --skip-read-main-dll --metrics-shmem-handle=1124,i,2205443572345248591,14524267688442656496,524288 --field-trial-handle=2280,i,13217757045165639365,3489437783660714940,262144 --variations-seed-version --trace-process-track-uuid=3190708991934122588 --mojo-platform-channel-handle=1500 /prefetch:8
CurrentDirectory: C:\Program Files (x86)\Microsoft\Edge\Application\142.0.3595.94\
User: DESKTOP-EJG8QJC\Emil Jinu
LogonGuid: {3a35410f-6604-6928-c9e6-200000000000}
LogonId: 0x20E6C9
TerminalSessionId: 1
IntegrityLevel: Medium
Hashes: MD5=CC88E8CBC96E0183F15A240EC2E6D7BB,SHA256=C089768E72071ACA205E6B77C0538F58A3896CE5B0F65BA9BD38CDAE263D8A03,IMPHASH=4C2A67DEB457B8BF9F317820EE11E05D
ParentProcessGuid: {3a35410f-8b1c-6928-bb07-000000000b00}
ParentProcessId: 7464
ParentImage: C:\Program Files (x86)\Microsoft\Edge\Application\msedge.exe
ParentCommandLine: ""C:\Program Files (x86)\Microsoft\Edge\Application\msedge.exe"" --no-startup-window
ParentUser: DESKTOP-EJG8QJC\Emil Jinu"
"11/27/2025 11:02:20 PM","22","Information","Dns query:
RuleName: -
UtcTime: 2025-11-27 17:31:48.424
ProcessGuid: {3a35410f-8b1c-6928-be07-000000000b00}
ProcessId: 1124
QueryName: wpad
QueryStatus: 123
QueryResults: -
Image: C:\Program Files (x86)\Microsoft\Edge\Application\msedge.exe
User: DESKTOP-EJG8QJC\Emil Jinu"
"11/27/2025 11:02:20 PM","22","Information","Dns query:
RuleName: -
UtcTime: 2025-11-27 17:31:48.423
ProcessGuid: {3a35410f-8b1c-6928-be07-000000000b00}
ProcessId: 1124
QueryName: wpad
QueryStatus: 123
QueryResults: -
Image: C:\Program Files (x86)\Microsoft\Edge\Application\msedge.exe
User: DESKTOP-EJG8QJC\Emil Jinu"
"11/27/2025 11:02:20 PM","22","Information","Dns query:
RuleName: -
UtcTime: 2025-11-27 17:31:48.423
ProcessGuid: {3a35410f-8b1c-6928-be07-000000000b00}
ProcessId: 1124
QueryName: wpad
QueryStatus: 123
QueryResults: -
Image: C:\Program Files (x86)\Microsoft\Edge\Application\msedge.exe
User: DESKTOP-EJG8QJC\Emil Jinu"
"11/27/2025 11:02:14 PM","22","Information","Dns query:
RuleName: -
UtcTime: 2025-11-27 17:31:40.247
ProcessGuid: {3a35410f-8b1c-6928-be07-000000000b00}
ProcessId: 1124
QueryName: wpad
QueryStatus: 123
QueryResults: -
Image: C:\Program Files (x86)\Microsoft\Edge\Application\msedge.exe
User: DESKTOP-EJG8QJC\Emil Jinu"
"11/27/2025 11:02:14 PM","22","Information","Dns query:
RuleName: -
UtcTime: 2025-11-27 17:31:40.239
ProcessGuid: {3a35410f-8b1c-6928-be07-000000000b00}
ProcessId: 1124
QueryName: wpad
QueryStatus: 123
QueryResults: -
Image: C:\Program Files (x86)\Microsoft\Edge\Application\msedge.exe
User: DESKTOP-EJG8QJC\Emil Jinu"
"11/27/2025 11:02:14 PM","22","Information","Dns query:
RuleName: -
UtcTime: 2025-11-27 17:31:40.233
ProcessGuid: {3a35410f-8b1c-6928-be07-000000000b00}
ProcessId: 1124
QueryName: wpad
QueryStatus: 123
QueryResults: -
Image: C:\Program Files (x86)\Microsoft\Edge\Application\msedge.exe
User: DESKTOP-EJG8QJC\Emil Jinu"
"11/27/2025 11:02:13 PM","1","Information","Process Create:
RuleName: -
UtcTime: 2025-11-27 17:32:13.254
ProcessGuid: {3a35410f-8b1d-6928-c207-000000000b00}
ProcessId: 2076
Image: C:\Program Files (x86)\Microsoft\Edge\Application\142.0.3595.94\identity_helper.exe
FileVersion: 142.0.3595.94
Description: PWA Identity Proxy Host
Product: Microsoft Edge
Company: Microsoft Corporation
OriginalFileName: identity_helper.exe
CommandLine: ""C:\Program Files (x86)\Microsoft\Edge\Application\142.0.3595.94\identity_helper.exe"" --type=utility --utility-sub-type=winrt_app_id.mojom.WinrtAppIdService --lang=en-US --service-sandbox-type=none --ram-no-pressure-read-main-dll --metrics-shmem-handle=4504,i,4852692379200493935,11636400312931788493,524288 --field-trial-handle=2280,i,13217757045165639365,3489437783660714940,262144 --variations-seed-version --trace-process-track-uuid=3190708990997080739 --mojo-platform-channel-handle=4524 /prefetch:8
CurrentDirectory: C:\Program Files (x86)\Microsoft\Edge\Application\142.0.3595.94\
User: DESKTOP-EJG8QJC\Emil Jinu
LogonGuid: {3a35410f-6604-6928-c9e6-200000000000}
LogonId: 0x20E6C9
TerminalSessionId: 1
IntegrityLevel: Medium
Hashes: MD5=B836E283A8198A39CBEBEE345851829A,SHA256=280E36D70C3EC664C202B9BF2A8415B38D1EFBCD57926EA0A7B5A9D103936FFE,IMPHASH=55C92788DC86824DCF85360071E9FCAC
ParentProcessGuid: {3a35410f-8b1c-6928-bb07-000000000b00}
ParentProcessId: 7464
ParentImage: C:\Program Files (x86)\Microsoft\Edge\Application\msedge.exe
ParentCommandLine: ""C:\Program Files (x86)\Microsoft\Edge\Application\msedge.exe"" --no-startup-window
ParentUser: DESKTOP-EJG8QJC\Emil Jinu"
"11/27/2025 11:02:13 PM","1","Information","Process Create:
RuleName: -
UtcTime: 2025-11-27 17:32:13.245
ProcessGuid: {3a35410f-8b1d-6928-c107-000000000b00}
ProcessId: 5100
Image: C:\Program Files (x86)\Microsoft\Edge\Application\142.0.3595.94\identity_helper.exe
FileVersion: 142.0.3595.94
Description: PWA Identity Proxy Host
Product: Microsoft Edge
Company: Microsoft Corporation
OriginalFileName: identity_helper.exe
CommandLine: ""C:\Program Files (x86)\Microsoft\Edge\Application\142.0.3595.94\identity_helper.exe"" --type=utility --utility-sub-type=winrt_app_id.mojom.WinrtAppIdService --lang=en-US --service-sandbox-type=none --ram-no-pressure-read-main-dll --metrics-shmem-handle=4504,i,4852692379200493935,11636400312931788493,524288 --field-trial-handle=2280,i,13217757045165639365,3489437783660714940,262144 --variations-seed-version --trace-process-track-uuid=3190708990997080739 --mojo-platform-channel-handle=4524 /prefetch:8
CurrentDirectory: C:\Program Files (x86)\Microsoft\Edge\Application\142.0.3595.94\
User: DESKTOP-EJG8QJC\Emil Jinu
LogonGuid: {3a35410f-6604-6928-c9e6-200000000000}
LogonId: 0x20E6C9
TerminalSessionId: 1
IntegrityLevel: Medium
Hashes: MD5=B836E283A8198A39CBEBEE345851829A,SHA256=280E36D70C3EC664C202B9BF2A8415B38D1EFBCD57926EA0A7B5A9D103936FFE,IMPHASH=55C92788DC86824DCF85360071E9FCAC
ParentProcessGuid: {3a35410f-8b1c-6928-bb07-000000000b00}
ParentProcessId: 7464
ParentImage: C:\Program Files (x86)\Microsoft\Edge\Application\msedge.exe
ParentCommandLine: ""C:\Program Files (x86)\Microsoft\Edge\Application\msedge.exe"" --no-startup-window
ParentUser: DESKTOP-EJG8QJC\Emil Jinu"
"11/27/2025 11:02:13 PM","1","Information","Process Create:
RuleName: -
UtcTime: 2025-11-27 17:32:13.043
ProcessGuid: {3a35410f-8b1d-6928-c007-000000000b00}
ProcessId: 12604
Image: C:\Program Files (x86)\Microsoft\Edge\Application\142.0.3595.94\elevation_service.exe
FileVersion: 142.0.3595.94
Description: Microsoft Edge
Product: Microsoft Edge
Company: Microsoft Corporation
OriginalFileName: elevation_service.exe
CommandLine: ""C:\Program Files (x86)\Microsoft\Edge\Application\142.0.3595.94\elevation_service.exe""
CurrentDirectory: C:\Windows\system32\
User: NT AUTHORITY\SYSTEM
LogonGuid: {3a35410f-6567-6928-e703-000000000000}
LogonId: 0x3E7
TerminalSessionId: 0
IntegrityLevel: System
Hashes: MD5=B8A03699DAB76DB8803F0257B83E2076,SHA256=2FFC3935EF83744C535247FD92526E4E47294C58A26E390AF176FE15E7B411B6,IMPHASH=BFB8B0BD22010F251A9B8E92F1660D7B
ParentProcessGuid: {3a35410f-6567-6928-0b00-000000000b00}
ParentProcessId: 708
ParentImage: C:\Windows\System32\services.exe
ParentCommandLine: C:\Windows\system32\services.exe
ParentUser: NT AUTHORITY\SYSTEM"
"11/27/2025 11:02:13 PM","1","Information","Process Create:
RuleName: -
UtcTime: 2025-11-27 17:32:13.021
ProcessGuid: {3a35410f-8b1d-6928-bf07-000000000b00}
ProcessId: 7108
Image: C:\Program Files (x86)\Microsoft\Edge\Application\msedge.exe
FileVersion: 142.0.3595.94
Description: Microsoft Edge
Product: Microsoft Edge
Company: Microsoft Corporation
OriginalFileName: msedge.exe
CommandLine: ""C:\Program Files (x86)\Microsoft\Edge\Application\msedge.exe"" --type=utility --utility-sub-type=storage.mojom.StorageService --lang=en-US --service-sandbox-type=service --startup-read-main-dll --metrics-shmem-handle=2708,i,14883296666009607803,8813315786107982535,524288 --field-trial-handle=2280,i,13217757045165639365,3489437783660714940,262144 --variations-seed-version --trace-process-track-uuid=3190708990060038890 --mojo-platform-channel-handle=2704 /prefetch:8
CurrentDirectory: C:\Program Files (x86)\Microsoft\Edge\Application\142.0.3595.94\
User: DESKTOP-EJG8QJC\Emil Jinu
LogonGuid: {3a35410f-6604-6928-c9e6-200000000000}
LogonId: 0x20E6C9
TerminalSessionId: 1
IntegrityLevel: Low
Hashes: MD5=CC88E8CBC96E0183F15A240EC2E6D7BB,SHA256=C089768E72071ACA205E6B77C0538F58A3896CE5B0F65BA9BD38CDAE263D8A03,IMPHASH=4C2A67DEB457B8BF9F317820EE11E05D
ParentProcessGuid: {3a35410f-8b1c-6928-bb07-000000000b00}
ParentProcessId: 7464
ParentImage: C:\Program Files (x86)\Microsoft\Edge\Application\msedge.exe
ParentCommandLine: ""C:\Program Files (x86)\Microsoft\Edge\Application\msedge.exe"" --no-startup-window
ParentUser: DESKTOP-EJG8QJC\Emil Jinu"
"11/27/2025 11:02:12 PM","1","Information","Process Create:
RuleName: -
UtcTime: 2025-11-27 17:32:12.976
ProcessGuid: {3a35410f-8b1c-6928-be07-000000000b00}
ProcessId: 1124
Image: C:\Program Files (x86)\Microsoft\Edge\Application\msedge.exe
FileVersion: 142.0.3595.94
Description: Microsoft Edge
Product: Microsoft Edge
Company: Microsoft Corporation
OriginalFileName: msedge.exe
CommandLine: ""C:\Program Files (x86)\Microsoft\Edge\Application\msedge.exe"" --type=utility --utility-sub-type=network.mojom.NetworkService --lang=en-US --service-sandbox-type=none --startup-read-main-dll --metrics-shmem-handle=2556,i,13648670886968876972,1646685569212635880,524288 --field-trial-handle=2280,i,13217757045165639365,3489437783660714940,262144 --variations-seed-version --trace-process-track-uuid=3190708989122997041 --mojo-platform-channel-handle=2560 /prefetch:3
CurrentDirectory: C:\Program Files (x86)\Microsoft\Edge\Application\142.0.3595.94\
User: DESKTOP-EJG8QJC\Emil Jinu
LogonGuid: {3a35410f-6604-6928-c9e6-200000000000}
LogonId: 0x20E6C9
TerminalSessionId: 1
IntegrityLevel: Medium
Hashes: MD5=CC88E8CBC96E0183F15A240EC2E6D7BB,SHA256=C089768E72071ACA205E6B77C0538F58A3896CE5B0F65BA9BD38CDAE263D8A03,IMPHASH=4C2A67DEB457B8BF9F317820EE11E05D
ParentProcessGuid: {3a35410f-8b1c-6928-bb07-000000000b00}
ParentProcessId: 7464
ParentImage: C:\Program Files (x86)\Microsoft\Edge\Application\msedge.exe
ParentCommandLine: ""C:\Program Files (x86)\Microsoft\Edge\Application\msedge.exe"" --no-startup-window
ParentUser: DESKTOP-EJG8QJC\Emil Jinu"
"11/27/2025 11:02:12 PM","1","Information","Process Create:
RuleName: -
UtcTime: 2025-11-27 17:32:12.972
ProcessGuid: {3a35410f-8b1c-6928-bd07-000000000b00}
ProcessId: 8452
Image: C:\Program Files (x86)\Microsoft\Edge\Application\msedge.exe
FileVersion: 142.0.3595.94
Description: Microsoft Edge
Product: Microsoft Edge
Company: Microsoft Corporation
OriginalFileName: msedge.exe
CommandLine: ""C:\Program Files (x86)\Microsoft\Edge\Application\msedge.exe"" --type=gpu-process --no-pre-read-main-dll --gpu-preferences=SAAAAAAAAADgAAAEAAAAAAAAAAAAAGAAAQAAAAAAAAAAAAAAAAAAAAIAAAAAAAAAAAAAAAAAAAAQAAAAAAAAABAAAAAAAAAACAAAAAAAAAAIAAAAAAAAAA== --startup-read-main-dll --metrics-shmem-handle=2116,i,8166812336444054650,15057914597440118138,262144 --field-trial-handle=2280,i,13217757045165639365,3489437783660714940,262144 --variations-seed-version --trace-process-track-uuid=3190708988185955192 --mojo-platform-channel-handle=2276 /prefetch:2
CurrentDirectory: C:\Program Files (x86)\Microsoft\Edge\Application\142.0.3595.94\
User: DESKTOP-EJG8QJC\Emil Jinu
LogonGuid: {3a35410f-6604-6928-c9e6-200000000000}
LogonId: 0x20E6C9
TerminalSessionId: 1
IntegrityLevel: Low
Hashes: MD5=CC88E8CBC96E0183F15A240EC2E6D7BB,SHA256=C089768E72071ACA205E6B77C0538F58A3896CE5B0F65BA9BD38CDAE263D8A03,IMPHASH=4C2A67DEB457B8BF9F317820EE11E05D
ParentProcessGuid: {3a35410f-8b1c-6928-bb07-000000000b00}
ParentProcessId: 7464
ParentImage: C:\Program Files (x86)\Microsoft\Edge\Application\msedge.exe
ParentCommandLine: ""C:\Program Files (x86)\Microsoft\Edge\Application\msedge.exe"" --no-startup-window
ParentUser: DESKTOP-EJG8QJC\Emil Jinu"
"11/27/2025 11:02:12 PM","1","Information","Process Create:
RuleName: -
UtcTime: 2025-11-27 17:32:12.831
ProcessGuid: {3a35410f-8b1c-6928-bc07-000000000b00}
ProcessId: 2684
Image: C:\Program Files (x86)\Microsoft\Edge\Application\msedge.exe
FileVersion: 142.0.3595.94
Description: Microsoft Edge
Product: Microsoft Edge
Company: Microsoft Corporation
OriginalFileName: msedge.exe
CommandLine: ""C:\Program Files (x86)\Microsoft\Edge\Application\msedge.exe"" --type=crashpad-handler ""--user-data-dir=C:\Users\Emil Jinu\AppData\Local\Microsoft\Edge\User Data"" /prefetch:4 --monitor-self-annotation=ptype=crashpad-handler ""--database=C:\Users\Emil Jinu\AppData\Local\Microsoft\Edge\User Data\Crashpad"" ""--metrics-dir=C:\Users\Emil Jinu\AppData\Local\Microsoft\Edge\User Data"" --annotation=IsOfficialBuild=1 --annotation=channel= --annotation=chromium-version=142.0.7444.176 ""--annotation=exe=C:\Program Files (x86)\Microsoft\Edge\Application\msedge.exe"" --annotation=plat=Win64 --annotation=prod=Edge --annotation=ver=142.0.3595.94 --initial-client-data=0x264,0x268,0x26c,0x260,0x274,0x7ffd9187db58,0x7ffd9187db64,0x7ffd9187db70
CurrentDirectory: C:\Program Files (x86)\Microsoft\Edge\Application\142.0.3595.94\
User: DESKTOP-EJG8QJC\Emil Jinu
LogonGuid: {3a35410f-6604-6928-c9e6-200000000000}
LogonId: 0x20E6C9
TerminalSessionId: 1
IntegrityLevel: Medium
Hashes: MD5=CC88E8CBC96E0183F15A240EC2E6D7BB,SHA256=C089768E72071ACA205E6B77C0538F58A3896CE5B0F65BA9BD38CDAE263D8A03,IMPHASH=4C2A67DEB457B8BF9F317820EE11E05D
ParentProcessGuid: {3a35410f-8b1c-6928-bb07-000000000b00}
ParentProcessId: 7464
ParentImage: C:\Program Files (x86)\Microsoft\Edge\Application\msedge.exe
ParentCommandLine: ""C:\Program Files (x86)\Microsoft\Edge\Application\msedge.exe"" --no-startup-window
ParentUser: DESKTOP-EJG8QJC\Emil Jinu"
"11/27/2025 11:02:12 PM","1","Information","Process Create:
RuleName: -
UtcTime: 2025-11-27 17:32:12.765
ProcessGuid: {3a35410f-8b1c-6928-bb07-000000000b00}
ProcessId: 7464
Image: C:\Program Files (x86)\Microsoft\Edge\Application\msedge.exe
FileVersion: 142.0.3595.94
Description: Microsoft Edge
Product: Microsoft Edge
Company: Microsoft Corporation
OriginalFileName: msedge.exe
CommandLine: ""C:\Program Files (x86)\Microsoft\Edge\Application\msedge.exe"" --no-startup-window
CurrentDirectory: C:\Program Files (x86)\Microsoft\Edge\Application\
User: DESKTOP-EJG8QJC\Emil Jinu
LogonGuid: {3a35410f-6604-6928-c9e6-200000000000}
LogonId: 0x20E6C9
TerminalSessionId: 1
IntegrityLevel: Medium
Hashes: MD5=CC88E8CBC96E0183F15A240EC2E6D7BB,SHA256=C089768E72071ACA205E6B77C0538F58A3896CE5B0F65BA9BD38CDAE263D8A03,IMPHASH=4C2A67DEB457B8BF9F317820EE11E05D
ParentProcessGuid: {3a35410f-8b13-6928-ae07-000000000b00}
ParentProcessId: 6936
ParentImage: C:\Program Files (x86)\Microsoft\Edge\Application\msedge.exe
ParentCommandLine: ""C:\Program Files (x86)\Microsoft\Edge\Application\msedge.exe"" --no-startup-window
ParentUser: DESKTOP-EJG8QJC\Emil Jinu"
"11/27/2025 11:02:12 PM","13","Information","Registry value set:
RuleName: T1060,RunKey
EventType: SetValue
UtcTime: 2025-11-27 17:32:12.634
ProcessGuid: {3a35410f-8b13-6928-ae07-000000000b00}
ProcessId: 6936
Image: C:\Program Files (x86)\Microsoft\Edge\Application\msedge.exe
TargetObject: HKU\S-1-5-21-3351607045-2108423416-1727308141-1001\SOFTWARE\Microsoft\Windows\CurrentVersion\Run\MicrosoftEdgeAutoLaunch_6292A2F6BF3E9F54EAFEC5C21A7730CB
Details: ""C:\Program Files (x86)\Microsoft\Edge\Application\msedge.exe"" --no-startup-window --win-session-start
User: DESKTOP-EJG8QJC\Emil Jinu"
"11/27/2025 11:02:11 PM","13","Information","Registry value set:
RuleName: InvDB
EventType: SetValue
UtcTime: 2025-11-27 17:32:11.611
ProcessGuid: {3a35410f-658e-6928-7600-000000000b00}
ProcessId: 2560
Image: C:\Windows\system32\svchost.exe
TargetObject: HKU\S-1-5-21-3351607045-2108423416-1727308141-1001\SOFTWARE\Microsoft\Windows NT\CurrentVersion\AppCompatFlags\Compatibility Assistant\Store\C:\Program Files (x86)\Microsoft\Edge\Application\msedge.exe
Details: Binary Data
User: NT AUTHORITY\SYSTEM"
"11/27/2025 11:02:11 PM","22","Information","Dns query:
RuleName: -
UtcTime: 2025-11-27 17:31:36.103
ProcessGuid: {3a35410f-8b13-6928-b107-000000000b00}
ProcessId: 11392
QueryName: wpad
QueryStatus: 123
QueryResults: -
Image: C:\Program Files (x86)\Microsoft\Edge\Application\msedge.exe
User: DESKTOP-EJG8QJC\Emil Jinu"
"11/27/2025 11:02:11 PM","22","Information","Dns query:
RuleName: -
UtcTime: 2025-11-27 17:31:36.085
ProcessGuid: {3a35410f-8b13-6928-b107-000000000b00}
ProcessId: 11392
QueryName: wpad
QueryStatus: 123
QueryResults: -
Image: C:\Program Files (x86)\Microsoft\Edge\Application\msedge.exe
User: DESKTOP-EJG8QJC\Emil Jinu"
"11/27/2025 11:02:10 PM","22","Information","Dns query:
RuleName: -
UtcTime: 2025-11-27 17:31:36.084
ProcessGuid: {3a35410f-8b13-6928-b107-000000000b00}
ProcessId: 11392
QueryName: wpad
QueryStatus: 123
QueryResults: -
Image: C:\Program Files (x86)\Microsoft\Edge\Application\msedge.exe
User: DESKTOP-EJG8QJC\Emil Jinu"
"11/27/2025 11:02:10 PM","1","Information","Process Create:
RuleName: -
UtcTime: 2025-11-27 17:32:10.358
ProcessGuid: {3a35410f-8b1a-6928-b907-000000000b00}
ProcessId: 15192
Image: C:\Program Files (x86)\Microsoft\Edge\Application\msedge.exe
FileVersion: 142.0.3595.94
Description: Microsoft Edge
Product: Microsoft Edge
Company: Microsoft Corporation
OriginalFileName: msedge.exe
CommandLine: ""C:\Program Files (x86)\Microsoft\Edge\Application\msedge.exe"" --type=utility --utility-sub-type=asset_store.mojom.AssetStoreService --lang=en-US --service-sandbox-type=asset_store_service --skip-read-main-dll --metrics-shmem-handle=5604,i,16118798599659262952,3311094156159634418,524288 --field-trial-handle=2320,i,14643096724665498414,12416044803033693032,262144 --variations-seed-version --trace-process-track-uuid=3190708993808206286 --mojo-platform-channel-handle=5724 /prefetch:8
CurrentDirectory: C:\Program Files (x86)\Microsoft\Edge\Application\142.0.3595.94\
User: DESKTOP-EJG8QJC\Emil Jinu
LogonGuid: {3a35410f-6604-6928-c9e6-200000000000}
LogonId: 0x20E6C9
TerminalSessionId: 1
IntegrityLevel: Low
Hashes: MD5=CC88E8CBC96E0183F15A240EC2E6D7BB,SHA256=C089768E72071ACA205E6B77C0538F58A3896CE5B0F65BA9BD38CDAE263D8A03,IMPHASH=4C2A67DEB457B8BF9F317820EE11E05D
ParentProcessGuid: {3a35410f-8b13-6928-ae07-000000000b00}
ParentProcessId: 6936
ParentImage: C:\Program Files (x86)\Microsoft\Edge\Application\msedge.exe
ParentCommandLine: ""C:\Program Files (x86)\Microsoft\Edge\Application\msedge.exe"" --no-startup-window
ParentUser: DESKTOP-EJG8QJC\Emil Jinu"
"11/27/2025 11:02:10 PM","1","Information","Process Create:
RuleName: -
UtcTime: 2025-11-27 17:32:10.367
ProcessGuid: {3a35410f-8b1a-6928-ba07-000000000b00}
ProcessId: 3688
Image: C:\Program Files (x86)\Microsoft\Edge\Application\msedge.exe
FileVersion: 142.0.3595.94
Description: Microsoft Edge
Product: Microsoft Edge
Company: Microsoft Corporation
OriginalFileName: msedge.exe
CommandLine: ""C:\Program Files (x86)\Microsoft\Edge\Application\msedge.exe"" --type=utility --utility-sub-type=entity_extraction_service.mojom.Extractor --lang=en-US --service-sandbox-type=entity_extraction --onnx-enabled-for-ee --skip-read-main-dll --metrics-shmem-handle=5644,i,4889189650356838261,10650048876581375031,524288 --field-trial-handle=2320,i,14643096724665498414,12416044803033693032,262144 --variations-seed-version --trace-process-track-uuid=3190708994745248135 --mojo-platform-channel-handle=5784 /prefetch:8
CurrentDirectory: C:\Program Files (x86)\Microsoft\Edge\Application\142.0.3595.94\
User: DESKTOP-EJG8QJC\Emil Jinu
LogonGuid: {3a35410f-6604-6928-c9e6-200000000000}
LogonId: 0x20E6C9
TerminalSessionId: 1
IntegrityLevel: Low
Hashes: MD5=CC88E8CBC96E0183F15A240EC2E6D7BB,SHA256=C089768E72071ACA205E6B77C0538F58A3896CE5B0F65BA9BD38CDAE263D8A03,IMPHASH=4C2A67DEB457B8BF9F317820EE11E05D
ParentProcessGuid: {3a35410f-8b13-6928-ae07-000000000b00}
ParentProcessId: 6936
ParentImage: C:\Program Files (x86)\Microsoft\Edge\Application\msedge.exe
ParentCommandLine: ""C:\Program Files (x86)\Microsoft\Edge\Application\msedge.exe"" --no-startup-window
ParentUser: DESKTOP-EJG8QJC\Emil Jinu"
"11/27/2025 11:02:10 PM","1","Information","Process Create:
RuleName: -
UtcTime: 2025-11-27 17:32:10.065
ProcessGuid: {3a35410f-8b1a-6928-b607-000000000b00}
ProcessId: 692
Image: C:\Program Files (x86)\Microsoft\Edge\Application\msedge.exe
FileVersion: 142.0.3595.94
Description: Microsoft Edge
Product: Microsoft Edge
Company: Microsoft Corporation
OriginalFileName: msedge.exe
CommandLine: ""C:\Program Files (x86)\Microsoft\Edge\Application\msedge.exe"" --profile-directory=Default
CurrentDirectory: C:\Program Files (x86)\Microsoft\Edge\Application\
User: DESKTOP-EJG8QJC\Emil Jinu
LogonGuid: {3a35410f-6604-6928-c9e6-200000000000}
LogonId: 0x20E6C9
TerminalSessionId: 1
IntegrityLevel: Medium
Hashes: MD5=CC88E8CBC96E0183F15A240EC2E6D7BB,SHA256=C089768E72071ACA205E6B77C0538F58A3896CE5B0F65BA9BD38CDAE263D8A03,IMPHASH=4C2A67DEB457B8BF9F317820EE11E05D
ParentProcessGuid: {3a35410f-88a5-6928-eb06-000000000b00}
ParentProcessId: 9468
ParentImage: C:\Windows\explorer.exe
ParentCommandLine: explorer.exe
ParentUser: DESKTOP-EJG8QJC\Emil Jinu"
"11/27/2025 11:02:05 PM","22","Information","Dns query:
RuleName: -
UtcTime: 2025-11-27 17:31:28.097
ProcessGuid: {3a35410f-8b13-6928-b107-000000000b00}
ProcessId: 11392
QueryName: wpad
QueryStatus: 123
QueryResults: -
Image: C:\Program Files (x86)\Microsoft\Edge\Application\msedge.exe
User: DESKTOP-EJG8QJC\Emil Jinu"
"11/27/2025 11:02:05 PM","22","Information","Dns query:
RuleName: -
UtcTime: 2025-11-27 17:31:28.080
ProcessGuid: {3a35410f-8b13-6928-b107-000000000b00}
ProcessId: 11392
QueryName: wpad
QueryStatus: 123
QueryResults: -
Image: C:\Program Files (x86)\Microsoft\Edge\Application\msedge.exe
User: DESKTOP-EJG8QJC\Emil Jinu"
"11/27/2025 11:02:05 PM","22","Information","Dns query:
RuleName: -
UtcTime: 2025-11-27 17:31:28.072
ProcessGuid: {3a35410f-8b13-6928-b107-000000000b00}
ProcessId: 11392
QueryName: wpad
QueryStatus: 123
QueryResults: -
Image: C:\Program Files (x86)\Microsoft\Edge\Application\msedge.exe
User: DESKTOP-EJG8QJC\Emil Jinu"
"11/27/2025 11:02:04 PM","1","Information","Process Create:
RuleName: -
UtcTime: 2025-11-27 17:32:04.173
ProcessGuid: {3a35410f-8b14-6928-b507-000000000b00}
ProcessId: 5636
Image: C:\Program Files (x86)\Microsoft\Edge\Application\142.0.3595.94\identity_helper.exe
FileVersion: 142.0.3595.94
Description: PWA Identity Proxy Host
Product: Microsoft Edge
Company: Microsoft Corporation
OriginalFileName: identity_helper.exe
CommandLine: ""C:\Program Files (x86)\Microsoft\Edge\Application\142.0.3595.94\identity_helper.exe"" --type=utility --utility-sub-type=winrt_app_id.mojom.WinrtAppIdService --lang=en-US --service-sandbox-type=none --ram-no-pressure-read-main-dll --metrics-shmem-handle=4492,i,15253018424306870149,12781097137964902939,524288 --field-trial-handle=2320,i,14643096724665498414,12416044803033693032,262144 --variations-seed-version --trace-process-track-uuid=3190708990997080739 --mojo-platform-channel-handle=4508 /prefetch:8
CurrentDirectory: C:\Program Files (x86)\Microsoft\Edge\Application\142.0.3595.94\
User: DESKTOP-EJG8QJC\Emil Jinu
LogonGuid: {3a35410f-6604-6928-c9e6-200000000000}
LogonId: 0x20E6C9
TerminalSessionId: 1
IntegrityLevel: Medium
Hashes: MD5=B836E283A8198A39CBEBEE345851829A,SHA256=280E36D70C3EC664C202B9BF2A8415B38D1EFBCD57926EA0A7B5A9D103936FFE,IMPHASH=55C92788DC86824DCF85360071E9FCAC
ParentProcessGuid: {3a35410f-8b13-6928-ae07-000000000b00}
ParentProcessId: 6936
ParentImage: C:\Program Files (x86)\Microsoft\Edge\Application\msedge.exe
ParentCommandLine: ""C:\Program Files (x86)\Microsoft\Edge\Application\msedge.exe"" --no-startup-window
ParentUser: DESKTOP-EJG8QJC\Emil Jinu"
"11/27/2025 11:02:04 PM","1","Information","Process Create:
RuleName: -
UtcTime: 2025-11-27 17:32:04.161
ProcessGuid: {3a35410f-8b14-6928-b407-000000000b00}
ProcessId: 9540
Image: C:\Program Files (x86)\Microsoft\Edge\Application\142.0.3595.94\identity_helper.exe
FileVersion: 142.0.3595.94
Description: PWA Identity Proxy Host
Product: Microsoft Edge
Company: Microsoft Corporation
OriginalFileName: identity_helper.exe
CommandLine: ""C:\Program Files (x86)\Microsoft\Edge\Application\142.0.3595.94\identity_helper.exe"" --type=utility --utility-sub-type=winrt_app_id.mojom.WinrtAppIdService --lang=en-US --service-sandbox-type=none --ram-no-pressure-read-main-dll --metrics-shmem-handle=4492,i,15253018424306870149,12781097137964902939,524288 --field-trial-handle=2320,i,14643096724665498414,12416044803033693032,262144 --variations-seed-version --trace-process-track-uuid=3190708990997080739 --mojo-platform-channel-handle=4508 /prefetch:8
CurrentDirectory: C:\Program Files (x86)\Microsoft\Edge\Application\142.0.3595.94\
User: DESKTOP-EJG8QJC\Emil Jinu
LogonGuid: {3a35410f-6604-6928-c9e6-200000000000}
LogonId: 0x20E6C9
TerminalSessionId: 1
IntegrityLevel: Medium
Hashes: MD5=B836E283A8198A39CBEBEE345851829A,SHA256=280E36D70C3EC664C202B9BF2A8415B38D1EFBCD57926EA0A7B5A9D103936FFE,IMPHASH=55C92788DC86824DCF85360071E9FCAC
ParentProcessGuid: {3a35410f-8b13-6928-ae07-000000000b00}
ParentProcessId: 6936
ParentImage: C:\Program Files (x86)\Microsoft\Edge\Application\msedge.exe
ParentCommandLine: ""C:\Program Files (x86)\Microsoft\Edge\Application\msedge.exe"" --no-startup-window
ParentUser: DESKTOP-EJG8QJC\Emil Jinu"
"11/27/2025 11:02:03 PM","1","Information","Process Create:
RuleName: -
UtcTime: 2025-11-27 17:32:03.907
ProcessGuid: {3a35410f-8b13-6928-b307-000000000b00}
ProcessId: 9472
Image: C:\Program Files (x86)\Microsoft\Edge\Application\msedge.exe
FileVersion: 142.0.3595.94
Description: Microsoft Edge
Product: Microsoft Edge
Company: Microsoft Corporation
OriginalFileName: msedge.exe
CommandLine: ""C:\Program Files (x86)\Microsoft\Edge\Application\msedge.exe"" --type=utility --utility-sub-type=storage.mojom.StorageService --lang=en-US --service-sandbox-type=service --startup-read-main-dll --metrics-shmem-handle=2788,i,2426786411679930960,897756171139748420,524288 --field-trial-handle=2320,i,14643096724665498414,12416044803033693032,262144 --variations-seed-version --trace-process-track-uuid=3190708990060038890 --mojo-platform-channel-handle=2804 /prefetch:8
CurrentDirectory: C:\Program Files (x86)\Microsoft\Edge\Application\142.0.3595.94\
User: DESKTOP-EJG8QJC\Emil Jinu
LogonGuid: {3a35410f-6604-6928-c9e6-200000000000}
LogonId: 0x20E6C9
TerminalSessionId: 1
IntegrityLevel: Low
Hashes: MD5=CC88E8CBC96E0183F15A240EC2E6D7BB,SHA256=C089768E72071ACA205E6B77C0538F58A3896CE5B0F65BA9BD38CDAE263D8A03,IMPHASH=4C2A67DEB457B8BF9F317820EE11E05D
ParentProcessGuid: {3a35410f-8b13-6928-ae07-000000000b00}
ParentProcessId: 6936
ParentImage: C:\Program Files (x86)\Microsoft\Edge\Application\msedge.exe
ParentCommandLine: ""C:\Program Files (x86)\Microsoft\Edge\Application\msedge.exe"" --no-startup-window
ParentUser: DESKTOP-EJG8QJC\Emil Jinu"
"11/27/2025 11:02:03 PM","1","Information","Process Create:
RuleName: -
UtcTime: 2025-11-27 17:32:03.894
ProcessGuid: {3a35410f-8b13-6928-b207-000000000b00}
ProcessId: 1136
Image: C:\Program Files (x86)\Microsoft\Edge\Application\142.0.3595.94\elevation_service.exe
FileVersion: 142.0.3595.94
Description: Microsoft Edge
Product: Microsoft Edge
Company: Microsoft Corporation
OriginalFileName: elevation_service.exe
CommandLine: ""C:\Program Files (x86)\Microsoft\Edge\Application\142.0.3595.94\elevation_service.exe""
CurrentDirectory: C:\Windows\system32\
User: NT AUTHORITY\SYSTEM
LogonGuid: {3a35410f-6567-6928-e703-000000000000}
LogonId: 0x3E7
TerminalSessionId: 0
IntegrityLevel: System
Hashes: MD5=B8A03699DAB76DB8803F0257B83E2076,SHA256=2FFC3935EF83744C535247FD92526E4E47294C58A26E390AF176FE15E7B411B6,IMPHASH=BFB8B0BD22010F251A9B8E92F1660D7B
ParentProcessGuid: {3a35410f-6567-6928-0b00-000000000b00}
ParentProcessId: 708
ParentImage: C:\Windows\System32\services.exe
ParentCommandLine: C:\Windows\system32\services.exe
ParentUser: NT AUTHORITY\SYSTEM"
"11/27/2025 11:02:03 PM","1","Information","Process Create:
RuleName: -
UtcTime: 2025-11-27 17:32:03.864
ProcessGuid: {3a35410f-8b13-6928-b107-000000000b00}
ProcessId: 11392
Image: C:\Program Files (x86)\Microsoft\Edge\Application\msedge.exe
FileVersion: 142.0.3595.94
Description: Microsoft Edge
Product: Microsoft Edge
Company: Microsoft Corporation
OriginalFileName: msedge.exe
CommandLine: ""C:\Program Files (x86)\Microsoft\Edge\Application\msedge.exe"" --type=utility --utility-sub-type=network.mojom.NetworkService --lang=en-US --service-sandbox-type=none --startup-read-main-dll --metrics-shmem-handle=2464,i,5889763862720608526,4509287875631008223,524288 --field-trial-handle=2320,i,14643096724665498414,12416044803033693032,262144 --variations-seed-version --trace-process-track-uuid=3190708989122997041 --mojo-platform-channel-handle=2560 /prefetch:3
CurrentDirectory: C:\Program Files (x86)\Microsoft\Edge\Application\142.0.3595.94\
User: DESKTOP-EJG8QJC\Emil Jinu
LogonGuid: {3a35410f-6604-6928-c9e6-200000000000}
LogonId: 0x20E6C9
TerminalSessionId: 1
IntegrityLevel: Medium
Hashes: MD5=CC88E8CBC96E0183F15A240EC2E6D7BB,SHA256=C089768E72071ACA205E6B77C0538F58A3896CE5B0F65BA9BD38CDAE263D8A03,IMPHASH=4C2A67DEB457B8BF9F317820EE11E05D
ParentProcessGuid: {3a35410f-8b13-6928-ae07-000000000b00}
ParentProcessId: 6936
ParentImage: C:\Program Files (x86)\Microsoft\Edge\Application\msedge.exe
ParentCommandLine: ""C:\Program Files (x86)\Microsoft\Edge\Application\msedge.exe"" --no-startup-window
ParentUser: DESKTOP-EJG8QJC\Emil Jinu"
"11/27/2025 11:02:03 PM","1","Information","Process Create:
RuleName: -
UtcTime: 2025-11-27 17:32:03.860
ProcessGuid: {3a35410f-8b13-6928-b007-000000000b00}
ProcessId: 3240
Image: C:\Program Files (x86)\Microsoft\Edge\Application\msedge.exe
FileVersion: 142.0.3595.94
Description: Microsoft Edge
Product: Microsoft Edge
Company: Microsoft Corporation
OriginalFileName: msedge.exe
CommandLine: ""C:\Program Files (x86)\Microsoft\Edge\Application\msedge.exe"" --type=gpu-process --no-pre-read-main-dll --gpu-preferences=SAAAAAAAAADgAAAEAAAAAAAAAAAAAGAAAQAAAAAAAAAAAAAAAAAAAAIAAAAAAAAAAAAAAAAAAAAQAAAAAAAAABAAAAAAAAAACAAAAAAAAAAIAAAAAAAAAA== --startup-read-main-dll --metrics-shmem-handle=2068,i,18020471375543545483,11316966499804208094,262144 --field-trial-handle=2320,i,14643096724665498414,12416044803033693032,262144 --variations-seed-version --trace-process-track-uuid=3190708988185955192 --mojo-platform-channel-handle=2316 /prefetch:2
CurrentDirectory: C:\Program Files (x86)\Microsoft\Edge\Application\142.0.3595.94\
User: DESKTOP-EJG8QJC\Emil Jinu
LogonGuid: {3a35410f-6604-6928-c9e6-200000000000}
LogonId: 0x20E6C9
TerminalSessionId: 1
IntegrityLevel: Low
Hashes: MD5=CC88E8CBC96E0183F15A240EC2E6D7BB,SHA256=C089768E72071ACA205E6B77C0538F58A3896CE5B0F65BA9BD38CDAE263D8A03,IMPHASH=4C2A67DEB457B8BF9F317820EE11E05D
ParentProcessGuid: {3a35410f-8b13-6928-ae07-000000000b00}
ParentProcessId: 6936
ParentImage: C:\Program Files (x86)\Microsoft\Edge\Application\msedge.exe
ParentCommandLine: ""C:\Program Files (x86)\Microsoft\Edge\Application\msedge.exe"" --no-startup-window
ParentUser: DESKTOP-EJG8QJC\Emil Jinu"
"11/27/2025 11:02:03 PM","1","Information","Process Create:
RuleName: -
UtcTime: 2025-11-27 17:32:03.731
ProcessGuid: {3a35410f-8b13-6928-af07-000000000b00}
ProcessId: 6960
Image: C:\Program Files (x86)\Microsoft\Edge\Application\msedge.exe
FileVersion: 142.0.3595.94
Description: Microsoft Edge
Product: Microsoft Edge
Company: Microsoft Corporation
OriginalFileName: msedge.exe
CommandLine: ""C:\Program Files (x86)\Microsoft\Edge\Application\msedge.exe"" --type=crashpad-handler ""--user-data-dir=C:\Users\Emil Jinu\AppData\Local\Microsoft\Edge\User Data"" /prefetch:4 --monitor-self-annotation=ptype=crashpad-handler ""--database=C:\Users\Emil Jinu\AppData\Local\Microsoft\Edge\User Data\Crashpad"" ""--metrics-dir=C:\Users\Emil Jinu\AppData\Local\Microsoft\Edge\User Data"" --annotation=IsOfficialBuild=1 --annotation=channel= --annotation=chromium-version=142.0.7444.176 ""--annotation=exe=C:\Program Files (x86)\Microsoft\Edge\Application\msedge.exe"" --annotation=plat=Win64 --annotation=prod=Edge --annotation=ver=142.0.3595.94 --initial-client-data=0x264,0x268,0x26c,0x260,0x274,0x7ffd9187db58,0x7ffd9187db64,0x7ffd9187db70
CurrentDirectory: C:\Program Files (x86)\Microsoft\Edge\Application\142.0.3595.94\
User: DESKTOP-EJG8QJC\Emil Jinu
LogonGuid: {3a35410f-6604-6928-c9e6-200000000000}
LogonId: 0x20E6C9
TerminalSessionId: 1
IntegrityLevel: Medium
Hashes: MD5=CC88E8CBC96E0183F15A240EC2E6D7BB,SHA256=C089768E72071ACA205E6B77C0538F58A3896CE5B0F65BA9BD38CDAE263D8A03,IMPHASH=4C2A67DEB457B8BF9F317820EE11E05D
ParentProcessGuid: {3a35410f-8b13-6928-ae07-000000000b00}
ParentProcessId: 6936
ParentImage: C:\Program Files (x86)\Microsoft\Edge\Application\msedge.exe
ParentCommandLine: ""C:\Program Files (x86)\Microsoft\Edge\Application\msedge.exe"" --no-startup-window
ParentUser: DESKTOP-EJG8QJC\Emil Jinu"
"11/27/2025 11:02:03 PM","1","Information","Process Create:
RuleName: -
UtcTime: 2025-11-27 17:32:03.661
ProcessGuid: {3a35410f-8b13-6928-ae07-000000000b00}
ProcessId: 6936
Image: C:\Program Files (x86)\Microsoft\Edge\Application\msedge.exe
FileVersion: 142.0.3595.94
Description: Microsoft Edge
Product: Microsoft Edge
Company: Microsoft Corporation
OriginalFileName: msedge.exe
CommandLine: ""C:\Program Files (x86)\Microsoft\Edge\Application\msedge.exe"" --no-startup-window
CurrentDirectory: C:\Program Files (x86)\Microsoft\Edge\Application\
User: DESKTOP-EJG8QJC\Emil Jinu
LogonGuid: {3a35410f-6604-6928-c9e6-200000000000}
LogonId: 0x20E6C9
TerminalSessionId: 1
IntegrityLevel: Medium
Hashes: MD5=CC88E8CBC96E0183F15A240EC2E6D7BB,SHA256=C089768E72071ACA205E6B77C0538F58A3896CE5B0F65BA9BD38CDAE263D8A03,IMPHASH=4C2A67DEB457B8BF9F317820EE11E05D
ParentProcessGuid: {3a35410f-8ae9-6928-8907-000000000b00}
ParentProcessId: 7412
ParentImage: C:\Program Files (x86)\Microsoft\Edge\Application\msedge.exe
ParentCommandLine: ""C:\Program Files (x86)\Microsoft\Edge\Application\msedge.exe"" --no-startup-window
ParentUser: DESKTOP-EJG8QJC\Emil Jinu"
"11/27/2025 11:01:58 PM","1","Information","Process Create:
RuleName: -
UtcTime: 2025-11-27 17:31:57.998
ProcessGuid: {3a35410f-8b0d-6928-ad07-000000000b00}
ProcessId: 10688
Image: C:\Windows\System32\LocationNotificationWindows.exe
FileVersion: 10.0.19041.5915 (WinBuild.160101.0800)
Description: Location Notification
Product: Microsoft? Windows? Operating System
Company: Microsoft Corporation
OriginalFileName: LocationNotificationWindows.exe
CommandLine: ""C:\Windows\System32\LocationNotificationWindows.exe""
CurrentDirectory: C:\Windows\system32\
User: DESKTOP-EJG8QJC\Emil Jinu
LogonGuid: {3a35410f-6604-6928-c9e6-200000000000}
LogonId: 0x20E6C9
TerminalSessionId: 1
IntegrityLevel: Medium
Hashes: MD5=78304DE7BC9427229F70FC0CCF7C0CF1,SHA256=82CFEF287D60D9F04E5F0E4FB915D71CC71C1AD260F90941F4ADEE515896BBE7,IMPHASH=BFB647E172E5CBBCE5676BA2E6097869
ParentProcessGuid: {3a35410f-6568-6928-2400-000000000b00}
ParentProcessId: 1532
ParentImage: C:\Windows\System32\svchost.exe
ParentCommandLine: C:\Windows\system32\svchost.exe -k netsvcs -p -s Schedule
ParentUser: NT AUTHORITY\SYSTEM"
"11/27/2025 11:01:57 PM","13","Information","Registry value set:
RuleName: T1060,RunKey
EventType: SetValue
UtcTime: 2025-11-27 17:31:57.941
ProcessGuid: {3a35410f-8ae9-6928-8907-000000000b00}
ProcessId: 7412
Image: C:\Program Files (x86)\Microsoft\Edge\Application\msedge.exe
TargetObject: HKU\S-1-5-21-3351607045-2108423416-1727308141-1001\SOFTWARE\Microsoft\Windows\CurrentVersion\Run\MicrosoftEdgeAutoLaunch_6292A2F6BF3E9F54EAFEC5C21A7730CB
Details: ""C:\Program Files (x86)\Microsoft\Edge\Application\msedge.exe"" --no-startup-window --win-session-start
User: DESKTOP-EJG8QJC\Emil Jinu"
"11/27/2025 11:01:54 PM","13","Information","Registry value set:
RuleName: InvDB
EventType: SetValue
UtcTime: 2025-11-27 17:31:54.891
ProcessGuid: {3a35410f-658e-6928-7600-000000000b00}
ProcessId: 2560
Image: C:\Windows\system32\svchost.exe
TargetObject: HKU\S-1-5-21-3351607045-2108423416-1727308141-1001\SOFTWARE\Microsoft\Windows NT\CurrentVersion\AppCompatFlags\Compatibility Assistant\Store\C:\Program Files (x86)\Microsoft\Edge\Application\msedge_proxy.exe
Details: Binary Data
User: NT AUTHORITY\SYSTEM"
"11/27/2025 11:01:53 PM","1","Information","Process Create:
RuleName: -
UtcTime: 2025-11-27 17:31:53.808
ProcessGuid: {3a35410f-8b09-6928-ac07-000000000b00}
ProcessId: 7212
Image: C:\Program Files (x86)\Microsoft\Edge\Application\msedge.exe
FileVersion: 142.0.3595.94
Description: Microsoft Edge
Product: Microsoft Edge
Company: Microsoft Corporation
OriginalFileName: msedge.exe
CommandLine: ""C:\Program Files (x86)\Microsoft\Edge\Application\msedge.exe"" --type=utility --utility-sub-type=chrome.mojom.UtilWin --lang=en-US --service-sandbox-type=none --message-loop-type-ui --skip-read-main-dll --metrics-shmem-handle=1664,i,11853773588944891256,14512768525703204764,524288 --field-trial-handle=2416,i,11010279649229733486,8200486474391433340,262144 --variations-seed-version --trace-process-track-uuid=3190708998493415531 --mojo-platform-channel-handle=6236 /prefetch:8
CurrentDirectory: C:\Program Files (x86)\Microsoft\Edge\Application\142.0.3595.94\
User: DESKTOP-EJG8QJC\Emil Jinu
LogonGuid: {3a35410f-6604-6928-c9e6-200000000000}
LogonId: 0x20E6C9
TerminalSessionId: 1
IntegrityLevel: Medium
Hashes: MD5=CC88E8CBC96E0183F15A240EC2E6D7BB,SHA256=C089768E72071ACA205E6B77C0538F58A3896CE5B0F65BA9BD38CDAE263D8A03,IMPHASH=4C2A67DEB457B8BF9F317820EE11E05D
ParentProcessGuid: {3a35410f-8ae9-6928-8907-000000000b00}
ParentProcessId: 7412
ParentImage: C:\Program Files (x86)\Microsoft\Edge\Application\msedge.exe
ParentCommandLine: ""C:\Program Files (x86)\Microsoft\Edge\Application\msedge.exe"" --no-startup-window
ParentUser: DESKTOP-EJG8QJC\Emil Jinu"
"11/27/2025 11:01:53 PM","1","Information","Process Create:
RuleName: -
UtcTime: 2025-11-27 17:31:53.802
ProcessGuid: {3a35410f-8b09-6928-ab07-000000000b00}
ProcessId: 2496
Image: C:\Program Files (x86)\Microsoft\Edge\Application\msedge.exe
FileVersion: 142.0.3595.94
Description: Microsoft Edge
Product: Microsoft Edge
Company: Microsoft Corporation
OriginalFileName: msedge.exe
CommandLine: ""C:\Program Files (x86)\Microsoft\Edge\Application\msedge.exe"" --type=utility --utility-sub-type=chrome.mojom.UtilWin --lang=en-US --service-sandbox-type=none --message-loop-type-ui --skip-read-main-dll --metrics-shmem-handle=1652,i,105463777921314674,1721813652343940187,524288 --field-trial-handle=2416,i,11010279649229733486,8200486474391433340,262144 --variations-seed-version --trace-process-track-uuid=3190708997556373682 --mojo-platform-channel-handle=6408 /prefetch:8
CurrentDirectory: C:\Program Files (x86)\Microsoft\Edge\Application\142.0.3595.94\
User: DESKTOP-EJG8QJC\Emil Jinu
LogonGuid: {3a35410f-6604-6928-c9e6-200000000000}
LogonId: 0x20E6C9
TerminalSessionId: 1
IntegrityLevel: Medium
Hashes: MD5=CC88E8CBC96E0183F15A240EC2E6D7BB,SHA256=C089768E72071ACA205E6B77C0538F58A3896CE5B0F65BA9BD38CDAE263D8A03,IMPHASH=4C2A67DEB457B8BF9F317820EE11E05D
ParentProcessGuid: {3a35410f-8ae9-6928-8907-000000000b00}
ParentProcessId: 7412
ParentImage: C:\Program Files (x86)\Microsoft\Edge\Application\msedge.exe
ParentCommandLine: ""C:\Program Files (x86)\Microsoft\Edge\Application\msedge.exe"" --no-startup-window
ParentUser: DESKTOP-EJG8QJC\Emil Jinu"
"11/27/2025 11:01:53 PM","1","Information","Process Create:
RuleName: -
UtcTime: 2025-11-27 17:31:53.796
ProcessGuid: {3a35410f-8b09-6928-aa07-000000000b00}
ProcessId: 14508
Image: C:\Program Files (x86)\Microsoft\Edge\Application\msedge.exe
FileVersion: 142.0.3595.94
Description: Microsoft Edge
Product: Microsoft Edge
Company: Microsoft Corporation
OriginalFileName: msedge.exe
CommandLine: ""C:\Program Files (x86)\Microsoft\Edge\Application\msedge.exe"" --type=utility --utility-sub-type=chrome.mojom.UtilWin --lang=en-US --service-sandbox-type=none --message-loop-type-ui --skip-read-main-dll --metrics-shmem-handle=1644,i,3012290582015033193,7718898074384183847,524288 --field-trial-handle=2416,i,11010279649229733486,8200486474391433340,262144 --variations-seed-version --trace-process-track-uuid=3190708996619331833 --mojo-platform-channel-handle=6220 /prefetch:8
CurrentDirectory: C:\Program Files (x86)\Microsoft\Edge\Application\142.0.3595.94\
User: DESKTOP-EJG8QJC\Emil Jinu
LogonGuid: {3a35410f-6604-6928-c9e6-200000000000}
LogonId: 0x20E6C9
TerminalSessionId: 1
IntegrityLevel: Medium
Hashes: MD5=CC88E8CBC96E0183F15A240EC2E6D7BB,SHA256=C089768E72071ACA205E6B77C0538F58A3896CE5B0F65BA9BD38CDAE263D8A03,IMPHASH=4C2A67DEB457B8BF9F317820EE11E05D
ParentProcessGuid: {3a35410f-8ae9-6928-8907-000000000b00}
ParentProcessId: 7412
ParentImage: C:\Program Files (x86)\Microsoft\Edge\Application\msedge.exe
ParentCommandLine: ""C:\Program Files (x86)\Microsoft\Edge\Application\msedge.exe"" --no-startup-window
ParentUser: DESKTOP-EJG8QJC\Emil Jinu"
