"11/27/2025 10:47:45 PM","1","Information","Process Create:
RuleName: -
UtcTime: 2025-11-27 17:17:45.843
ProcessGuid: {3a35410f-87b9-6928-7a06-000000000b00}
ProcessId: 5944
Image: C:\Program Files\BraveSoftware\Brave-Browser\Application\brave.exe
FileVersion: 142.1.84.141
Description: Brave Browser
Product: Brave Browser
Company: Brave Software, Inc.
OriginalFileName: brave.exe
CommandLine: ""C:\Program Files\BraveSoftware\Brave-Browser\Application\brave.exe"" --single-argument C:\Users\Emil Jinu\Documents\jkjnj.pdf
CurrentDirectory: C:\Windows\system32\
User: DESKTOP-EJG8QJC\Emil Jinu
LogonGuid: {3a35410f-6604-6928-c9e6-200000000000}
LogonId: 0x20E6C9
TerminalSessionId: 1
IntegrityLevel: Medium
Hashes: MD5=D4E095946579C449803E47CFA028475E,SHA256=234A39FA17CC44BD8F5610B61997B7C69B289BC664A4D6B0AD8141ECC6685D2D,IMPHASH=3E82AE93B8102462DDA81604AF164E8E
ParentProcessGuid: {3a35410f-87b7-6928-7806-000000000b00}
ParentProcessId: 1436
ParentImage: C:\Windows\System32\OpenWith.exe
ParentCommandLine: C:\Windows\system32\OpenWith.exe -Embedding
ParentUser: DESKTOP-EJG8QJC\Emil Jinu"
"11/27/2025 10:47:43 PM","1","Information","Process Create:
RuleName: -
UtcTime: 2025-11-27 17:17:43.084
ProcessGuid: {3a35410f-87b7-6928-7806-000000000b00}
ProcessId: 1436
Image: C:\Windows\System32\OpenWith.exe
FileVersion: 10.0.19041.5794 (WinBuild.160101.0800)
Description: Pick an app
Product: Microsoft? Windows? Operating System
Company: Microsoft Corporation
OriginalFileName: OpenWith.exe
CommandLine: C:\Windows\system32\OpenWith.exe -Embedding
CurrentDirectory: C:\Windows\system32\
User: DESKTOP-EJG8QJC\Emil Jinu
LogonGuid: {3a35410f-6604-6928-c9e6-200000000000}
LogonId: 0x20E6C9
TerminalSessionId: 1
IntegrityLevel: Medium
Hashes: MD5=A9EDCD3ED11DB2DED79DE13FD76FB9D7,SHA256=50D08CFC5D0E9325C26D0BBACAFFF12E4356F9CBB8859E8F37E6381529FFB016,IMPHASH=4CDC00ED05B5E2753EAAEC1DEEF7901B
ParentProcessGuid: {3a35410f-6567-6928-0d00-000000000b00}
ParentProcessId: 848
ParentImage: C:\Windows\System32\svchost.exe
ParentCommandLine: C:\Windows\system32\svchost.exe -k DcomLaunch -p
ParentUser: NT AUTHORITY\SYSTEM"
"11/27/2025 10:47:42 PM","13","Information","Registry value set:
RuleName: -
EventType: SetValue
UtcTime: 2025-11-27 17:17:42.624
ProcessGuid: {3a35410f-83b4-6928-2006-000000000b00}
ProcessId: 12920
Image: C:\Windows\explorer.exe
TargetObject: HKU\S-1-5-21-3351607045-2108423416-1727308141-1001\SOFTWARE\Microsoft\Windows\CurrentVersion\Shell Extensions\Cached\{E44E9428-BDBC-4987-A099-40DC8FD255E7} {7F9185B0-CB92-43C5-80A9-92277A4F7B54} 0xFFFF
Details: Binary Data
User: DESKTOP-EJG8QJC\Emil Jinu"
"11/27/2025 10:47:42 PM","1","Information","Process Create:
RuleName: -
UtcTime: 2025-11-27 17:17:42.333
ProcessGuid: {3a35410f-87b6-6928-7706-000000000b00}
ProcessId: 11552
Image: C:\Windows\System32\dllhost.exe
FileVersion: 10.0.19041.3636 (WinBuild.160101.0800)
Description: COM Surrogate
Product: Microsoft? Windows? Operating System
Company: Microsoft Corporation
OriginalFileName: dllhost.exe
CommandLine: ""C:\Windows\system32\DllHost.exe"" /Processid:{4A616E61-3BFE-4F5C-937F-B8602BF16679}
CurrentDirectory: C:\Windows\system32\
User: DESKTOP-EJG8QJC\Emil Jinu
LogonGuid: {3a35410f-6604-6928-c9e6-200000000000}
LogonId: 0x20E6C9
TerminalSessionId: 1
IntegrityLevel: Medium
Hashes: MD5=DFE1E4B1B8714CBE1005EE9413C2BAE9,SHA256=0309834D40475CCD5A88C48F7FF5EC62E5C6798900357DD83665C3D0345124E0,IMPHASH=CF79FCE90FCED31836373F3E48251A5D
ParentProcessGuid: {3a35410f-6567-6928-0d00-000000000b00}
ParentProcessId: 848
ParentImage: C:\Windows\System32\svchost.exe
ParentCommandLine: C:\Windows\system32\svchost.exe -k DcomLaunch -p
ParentUser: NT AUTHORITY\SYSTEM"
"11/27/2025 10:47:36 PM","1","Information","Process Create:
RuleName: -
UtcTime: 2025-11-27 17:17:36.579
ProcessGuid: {3a35410f-87b0-6928-7606-000000000b00}
ProcessId: 10992
Image: C:\Users\Emil Jinu\AppData\Local\Microsoft\OneDrive\25.209.1026.0002\FileCoAuth.exe
FileVersion: 25.209.1026.0002
Description: Microsoft OneDriveFile Co-Authoring Executable
Product: Microsoft OneDrive
Company: Microsoft Corporation
OriginalFileName: FileCoAuth.exe
CommandLine: ""C:\Users\Emil Jinu\AppData\Local\Microsoft\OneDrive\25.209.1026.0002\FileCoAuth.exe"" -Embedding
CurrentDirectory: C:\Windows\system32\
User: DESKTOP-EJG8QJC\Emil Jinu
LogonGuid: {3a35410f-6604-6928-c9e6-200000000000}
LogonId: 0x20E6C9
TerminalSessionId: 1
IntegrityLevel: Medium
Hashes: MD5=2555530533100D80DB696000AC8C32B7,SHA256=68B1A181C12FB04785A4612654B02EA323EB434DF6C99BC3E9C1B1D6C9A0D556,IMPHASH=35E33834A9AD004F756BCDA65DD08C4E
ParentProcessGuid: {3a35410f-6567-6928-0d00-000000000b00}
ParentProcessId: 848
ParentImage: C:\Windows\System32\svchost.exe
ParentCommandLine: C:\Windows\system32\svchost.exe -k DcomLaunch -p
ParentUser: NT AUTHORITY\SYSTEM"
"11/27/2025 10:47:35 PM","13","Information","Registry value set:
RuleName: InvDB
EventType: SetValue
UtcTime: 2025-11-27 17:17:35.703
ProcessGuid: {3a35410f-658e-6928-7600-000000000b00}
ProcessId: 2560
Image: C:\Windows\system32\svchost.exe
TargetObject: HKU\S-1-5-21-3351607045-2108423416-1727308141-1001\SOFTWARE\Microsoft\Windows NT\CurrentVersion\AppCompatFlags\Compatibility Assistant\Store\C:\Program Files\BraveSoftware\Brave-Browser\Application\brave.exe
Details: Binary Data
User: NT AUTHORITY\SYSTEM"
"11/27/2025 10:47:28 PM","22","Information","Dns query:
RuleName: -
UtcTime: 2025-11-27 17:16:57.432
ProcessGuid: {3a35410f-81a2-6928-9d05-000000000b00}
ProcessId: 11660
QueryName: b.thumbs.redditmedia.com
QueryStatus: 0
QueryResults: type:  5 dualstack.reddit.map.fastly.net;151.101.193.140;151.101.65.140;151.101.129.140;151.101.1.140;
Image: C:\Program Files\BraveSoftware\Brave-Browser\Application\brave.exe
User: DESKTOP-EJG8QJC\Emil Jinu"
"11/27/2025 10:47:18 PM","22","Information","Dns query:
RuleName: -
UtcTime: 2025-11-27 17:16:42.628
ProcessGuid: {3a35410f-81a2-6928-9d05-000000000b00}
ProcessId: 11660
QueryName: preview.redd.it
QueryStatus: 0
QueryResults: type:  5 dualstack.reddit.map.fastly.net;151.101.65.140;151.101.1.140;151.101.193.140;151.101.129.140;
Image: C:\Program Files\BraveSoftware\Brave-Browser\Application\brave.exe
User: DESKTOP-EJG8QJC\Emil Jinu"
"11/27/2025 10:47:14 PM","22","Information","Dns query:
RuleName: -
UtcTime: 2025-11-27 17:16:38.405
ProcessGuid: {3a35410f-81a2-6928-9d05-000000000b00}
ProcessId: 11660
QueryName: styles.redditmedia.com
QueryStatus: 0
QueryResults: type:  5 dualstack.reddit.map.fastly.net;151.101.1.140;151.101.193.140;151.101.129.140;151.101.65.140;
Image: C:\Program Files\BraveSoftware\Brave-Browser\Application\brave.exe
User: DESKTOP-EJG8QJC\Emil Jinu"
"11/27/2025 10:47:00 PM","1","Information","Process Create:
RuleName: -
UtcTime: 2025-11-27 17:17:00.542
ProcessGuid: {3a35410f-878c-6928-7306-000000000b00}
ProcessId: 5164
Image: C:\Windows\System32\backgroundTaskHost.exe
FileVersion: 10.0.19041.3636 (WinBuild.160101.0800)
Description: Background Task Host
Product: Microsoft? Windows? Operating System
Company: Microsoft Corporation
OriginalFileName: backgroundTaskHost.exe
CommandLine: ""C:\Windows\system32\backgroundTaskHost.exe"" -ServerName:App.AppXapskvk16gk8da8kch5g4qxh42vxccved.mca
CurrentDirectory: C:\Program Files\WindowsApps\Microsoft.YourPhone_1.25072.79.0_x64__8wekyb3d8bbwe\
User: DESKTOP-EJG8QJC\Emil Jinu
LogonGuid: {3a35410f-6604-6928-c9e6-200000000000}
LogonId: 0x20E6C9
TerminalSessionId: 1
IntegrityLevel: Medium
Hashes: MD5=D4F3D9A5EC7B4EE9E7C9694E7C72DD45,SHA256=7077CBF56490C86FC74C0CC6C0379AB679F06A066E71906AD23458F664836449,IMPHASH=D2ACF1CBC4A6DB14A34C687B9362D66B
ParentProcessGuid: {3a35410f-6567-6928-0d00-000000000b00}
ParentProcessId: 848
ParentImage: C:\Windows\System32\svchost.exe
ParentCommandLine: C:\Windows\system32\svchost.exe -k DcomLaunch -p
ParentUser: NT AUTHORITY\SYSTEM"
"11/27/2025 10:47:00 PM","1","Information","Process Create:
RuleName: -
UtcTime: 2025-11-27 17:17:00.498
ProcessGuid: {3a35410f-878c-6928-7206-000000000b00}
ProcessId: 1624
Image: C:\Program Files\WindowsApps\Microsoft.WindowsStore_22510.1401.2.0_x64__8wekyb3d8bbwe\StoreDesktopExtension.exe
FileVersion: -
Description: -
Product: -
Company: -
OriginalFileName: -
CommandLine: ""C:\Program Files\WindowsApps\Microsoft.WindowsStore_22510.1401.2.0_x64__8wekyb3d8bbwe\StoreDesktopExtension.exe"" -Embedding
CurrentDirectory: C:\Windows\system32\
User: DESKTOP-EJG8QJC\Emil Jinu
LogonGuid: {3a35410f-6604-6928-c9e6-200000000000}
LogonId: 0x20E6C9
TerminalSessionId: 1
IntegrityLevel: Medium
Hashes: MD5=F932A206BE95E0233DD4B1EBDC40E83B,SHA256=FD14E0F5DCDA805FA060E99AFD1DB2303D16997565F27E95821C7668A1E0A4A4,IMPHASH=B03BCCA1657C278D9768CAE4038162D1
ParentProcessGuid: {3a35410f-6567-6928-0d00-000000000b00}
ParentProcessId: 848
ParentImage: C:\Windows\System32\svchost.exe
ParentCommandLine: C:\Windows\system32\svchost.exe -k DcomLaunch -p
ParentUser: NT AUTHORITY\SYSTEM"
"11/27/2025 10:46:45 PM","22","Information","Dns query:
RuleName: -
UtcTime: 2025-11-27 17:16:01.661
ProcessGuid: {3a35410f-81a2-6928-9d05-000000000b00}
ProcessId: 11660
QueryName: styles.redditmedia.com
QueryStatus: 1460
QueryResults: -
Image: C:\Program Files\BraveSoftware\Brave-Browser\Application\brave.exe
User: DESKTOP-EJG8QJC\Emil Jinu"
"11/27/2025 10:46:34 PM","22","Information","Dns query:
RuleName: -
UtcTime: 2025-11-27 17:15:51.536
ProcessGuid: {3a35410f-81a2-6928-9d05-000000000b00}
ProcessId: 11660
QueryName: packaged-media.redd.it
QueryStatus: 0
QueryResults: type:  5 dualstack.reddit.map.fastly.net;151.101.193.140;151.101.1.140;151.101.65.140;151.101.129.140;
Image: C:\Program Files\BraveSoftware\Brave-Browser\Application\brave.exe
User: DESKTOP-EJG8QJC\Emil Jinu"
"11/27/2025 10:45:34 PM","22","Information","Dns query:
RuleName: -
UtcTime: 2025-11-27 17:15:06.833
ProcessGuid: {3a35410f-81a2-6928-9d05-000000000b00}
ProcessId: 11660
QueryName: v.redd.it
QueryStatus: 0
QueryResults: type:  5 dualstack.reddit.map.fastly.net;151.101.129.140;151.101.193.140;151.101.65.140;151.101.1.140;
Image: C:\Program Files\BraveSoftware\Brave-Browser\Application\brave.exe
User: DESKTOP-EJG8QJC\Emil Jinu"
"11/27/2025 10:45:14 PM","22","Information","Dns query:
RuleName: -
UtcTime: 2025-11-27 17:14:50.932
ProcessGuid: {3a35410f-81a2-6928-9d05-000000000b00}
ProcessId: 11660
QueryName: packaged-media.redd.it
QueryStatus: 0
QueryResults: type:  5 dualstack.reddit.map.fastly.net;151.101.1.140;151.101.65.140;151.101.129.140;151.101.193.140;
Image: C:\Program Files\BraveSoftware\Brave-Browser\Application\brave.exe
User: DESKTOP-EJG8QJC\Emil Jinu"
"11/27/2025 10:45:14 PM","22","Information","Dns query:
RuleName: -
UtcTime: 2025-11-27 17:14:50.437
ProcessGuid: {3a35410f-81a2-6928-9d05-000000000b00}
ProcessId: 11660
QueryName: preview.redd.it
QueryStatus: 0
QueryResults: type:  5 dualstack.reddit.map.fastly.net;151.101.1.140;151.101.193.140;151.101.65.140;151.101.129.140;
Image: C:\Program Files\BraveSoftware\Brave-Browser\Application\brave.exe
User: DESKTOP-EJG8QJC\Emil Jinu"
"11/27/2025 10:45:14 PM","22","Information","Dns query:
RuleName: -
UtcTime: 2025-11-27 17:14:50.182
ProcessGuid: {3a35410f-81a2-6928-9d05-000000000b00}
ProcessId: 11660
QueryName: i.redd.it
QueryStatus: 0
QueryResults: type:  5 dualstack.reddit.map.fastly.net;151.101.65.140;151.101.129.140;151.101.193.140;151.101.1.140;
Image: C:\Program Files\BraveSoftware\Brave-Browser\Application\brave.exe
User: DESKTOP-EJG8QJC\Emil Jinu"
"11/27/2025 10:45:10 PM","22","Information","Dns query:
RuleName: -
UtcTime: 2025-11-27 17:14:47.360
ProcessGuid: {3a35410f-81a2-6928-9d05-000000000b00}
ProcessId: 11660
QueryName: accounts.google.com
QueryStatus: 0
QueryResults: 64.233.170.84;
Image: C:\Program Files\BraveSoftware\Brave-Browser\Application\brave.exe
User: DESKTOP-EJG8QJC\Emil Jinu"
"11/27/2025 10:45:10 PM","22","Information","Dns query:
RuleName: -
UtcTime: 2025-11-27 17:14:47.199
ProcessGuid: {3a35410f-81a2-6928-9d05-000000000b00}
ProcessId: 11660
QueryName: www.google.com
QueryStatus: 0
QueryResults: 142.251.222.132;
Image: C:\Program Files\BraveSoftware\Brave-Browser\Application\brave.exe
User: DESKTOP-EJG8QJC\Emil Jinu"
"11/27/2025 10:45:10 PM","22","Information","Dns query:
RuleName: -
UtcTime: 2025-11-27 17:14:46.841
ProcessGuid: {3a35410f-81a2-6928-9d05-000000000b00}
ProcessId: 11660
QueryName: external-preview.redd.it
QueryStatus: 0
QueryResults: type:  5 dualstack.reddit.map.fastly.net;151.101.193.140;151.101.1.140;151.101.65.140;151.101.129.140;
Image: C:\Program Files\BraveSoftware\Brave-Browser\Application\brave.exe
User: DESKTOP-EJG8QJC\Emil Jinu"
"11/27/2025 10:45:09 PM","22","Information","Dns query:
RuleName: -
UtcTime: 2025-11-27 17:14:46.796
ProcessGuid: {3a35410f-81a2-6928-9d05-000000000b00}
ProcessId: 11660
QueryName: b.thumbs.redditmedia.com
QueryStatus: 0
QueryResults: type:  5 dualstack.reddit.map.fastly.net;151.101.65.140;151.101.1.140;151.101.193.140;151.101.129.140;
Image: C:\Program Files\BraveSoftware\Brave-Browser\Application\brave.exe
User: DESKTOP-EJG8QJC\Emil Jinu"
"11/27/2025 10:45:09 PM","22","Information","Dns query:
RuleName: -
UtcTime: 2025-11-27 17:14:46.785
ProcessGuid: {3a35410f-81a2-6928-9d05-000000000b00}
ProcessId: 11660
QueryName: styles.redditmedia.com
QueryStatus: 0
QueryResults: type:  5 dualstack.reddit.map.fastly.net;151.101.129.140;151.101.1.140;151.101.193.140;151.101.65.140;
Image: C:\Program Files\BraveSoftware\Brave-Browser\Application\brave.exe
User: DESKTOP-EJG8QJC\Emil Jinu"
"11/27/2025 10:45:09 PM","22","Information","Dns query:
RuleName: -
UtcTime: 2025-11-27 17:14:46.545
ProcessGuid: {3a35410f-81a2-6928-9d05-000000000b00}
ProcessId: 11660
QueryName: emoji.redditmedia.com
QueryStatus: 0
QueryResults: type:  5 dualstack.reddit.map.fastly.net;151.101.65.140;151.101.193.140;151.101.129.140;151.101.1.140;
Image: C:\Program Files\BraveSoftware\Brave-Browser\Application\brave.exe
User: DESKTOP-EJG8QJC\Emil Jinu"
"11/27/2025 10:45:09 PM","22","Information","Dns query:
RuleName: -
UtcTime: 2025-11-27 17:14:46.251
ProcessGuid: {3a35410f-81a2-6928-9d05-000000000b00}
ProcessId: 11660
QueryName: www.redditstatic.com
QueryStatus: 0
QueryResults: type:  5 dualstack.reddit.map.fastly.net;151.101.1.140;151.101.193.140;151.101.129.140;151.101.65.140;
Image: C:\Program Files\BraveSoftware\Brave-Browser\Application\brave.exe
User: DESKTOP-EJG8QJC\Emil Jinu"
"11/27/2025 10:45:07 PM","1","Information","Process Create:
RuleName: -
UtcTime: 2025-11-27 17:15:07.353
ProcessGuid: {3a35410f-871b-6928-7006-000000000b00}
ProcessId: 9704
Image: C:\Program Files\BraveSoftware\Brave-Browser\Application\brave.exe
FileVersion: 142.1.84.141
Description: Brave Browser
Product: Brave Browser
Company: Brave Software, Inc.
OriginalFileName: brave.exe
CommandLine: ""C:\Program Files\BraveSoftware\Brave-Browser\Application\brave.exe"" --type=renderer --enable-distillability-service --origin-trial-public-key=bYUKPJoPnCxeNvu72j4EmPuK7tr1PAC7SHh8ld9Mw3E=,fMS4mpO6buLQ/QMd+zJmxzty/VQ6B1EUZqoCU04zoRU= --disable-gpu-compositing --video-capture-use-gpu-memory-buffer --lang=en-US --device-scale-factor=1 --num-raster-threads=2 --enable-main-frame-before-activation --renderer-client-id=29 --time-ticks-at-unix-epoch=-1764255042940614 --launch-time-ticks=8618149875 --metrics-shmem-handle=7944,i,5844555046995658147,11225835915119015679,2097152 --field-trial-handle=2124,i,3400961170560780111,14988296868254825826,262144 --variations-seed-version=main@69c2005032bb14f803911c3458ab063c42bfa450 --trace-process-track-uuid=3190709013486085115 --mojo-platform-channel-handle=7912 /prefetch:1
CurrentDirectory: C:\Program Files\BraveSoftware\Brave-Browser\Application\142.1.84.141\
User: DESKTOP-EJG8QJC\Emil Jinu
LogonGuid: {3a35410f-6604-6928-c9e6-200000000000}
LogonId: 0x20E6C9
TerminalSessionId: 1
IntegrityLevel: Low
Hashes: MD5=D4E095946579C449803E47CFA028475E,SHA256=234A39FA17CC44BD8F5610B61997B7C69B289BC664A4D6B0AD8141ECC6685D2D,IMPHASH=3E82AE93B8102462DDA81604AF164E8E
ParentProcessGuid: {3a35410f-81a1-6928-9a05-000000000b00}
ParentProcessId: 6772
ParentImage: C:\Program Files\BraveSoftware\Brave-Browser\Application\brave.exe
ParentCommandLine: ""C:\Program Files\BraveSoftware\Brave-Browser\Application\brave.exe"" 
ParentUser: DESKTOP-EJG8QJC\Emil Jinu"
"11/27/2025 10:44:53 PM","1","Information","Process Create:
RuleName: -
UtcTime: 2025-11-27 17:14:53.615
ProcessGuid: {3a35410f-870d-6928-6f06-000000000b00}
ProcessId: 4420
Image: C:\Program Files\BraveSoftware\Brave-Browser\Application\brave.exe
FileVersion: 142.1.84.141
Description: Brave Browser
Product: Brave Browser
Company: Brave Software, Inc.
OriginalFileName: brave.exe
CommandLine: ""C:\Program Files\BraveSoftware\Brave-Browser\Application\brave.exe"" --type=renderer --enable-distillability-service --origin-trial-public-key=bYUKPJoPnCxeNvu72j4EmPuK7tr1PAC7SHh8ld9Mw3E=,fMS4mpO6buLQ/QMd+zJmxzty/VQ6B1EUZqoCU04zoRU= --disable-gpu-compositing --video-capture-use-gpu-memory-buffer --lang=en-US --device-scale-factor=1 --num-raster-threads=2 --enable-main-frame-before-activation --renderer-client-id=28 --time-ticks-at-unix-epoch=-1764255042940614 --launch-time-ticks=8604250376 --metrics-shmem-handle=7772,i,13651152419219761341,4971255435404036126,2097152 --field-trial-handle=2124,i,3400961170560780111,14988296868254825826,262144 --variations-seed-version=main@69c2005032bb14f803911c3458ab063c42bfa450 --trace-process-track-uuid=3190709012549043266 --mojo-platform-channel-handle=7192 /prefetch:1
CurrentDirectory: C:\Program Files\BraveSoftware\Brave-Browser\Application\142.1.84.141\
User: DESKTOP-EJG8QJC\Emil Jinu
LogonGuid: {3a35410f-6604-6928-c9e6-200000000000}
LogonId: 0x20E6C9
TerminalSessionId: 1
IntegrityLevel: Low
Hashes: MD5=D4E095946579C449803E47CFA028475E,SHA256=234A39FA17CC44BD8F5610B61997B7C69B289BC664A4D6B0AD8141ECC6685D2D,IMPHASH=3E82AE93B8102462DDA81604AF164E8E
ParentProcessGuid: {3a35410f-81a1-6928-9a05-000000000b00}
ParentProcessId: 6772
ParentImage: C:\Program Files\BraveSoftware\Brave-Browser\Application\brave.exe
ParentCommandLine: ""C:\Program Files\BraveSoftware\Brave-Browser\Application\brave.exe"" 
ParentUser: DESKTOP-EJG8QJC\Emil Jinu"
"11/27/2025 10:44:20 PM","1","Information","Process Create:
RuleName: -
UtcTime: 2025-11-27 17:14:20.901
ProcessGuid: {3a35410f-86ec-6928-6e06-000000000b00}
ProcessId: 14184
Image: C:\Program Files\BraveSoftware\Brave-Browser\Application\brave.exe
FileVersion: 142.1.84.141
Description: Brave Browser
Product: Brave Browser
Company: Brave Software, Inc.
OriginalFileName: brave.exe
CommandLine: ""C:\Program Files\BraveSoftware\Brave-Browser\Application\brave.exe"" --type=renderer --enable-distillability-service --origin-trial-public-key=bYUKPJoPnCxeNvu72j4EmPuK7tr1PAC7SHh8ld9Mw3E=,fMS4mpO6buLQ/QMd+zJmxzty/VQ6B1EUZqoCU04zoRU= --disable-gpu-compositing --video-capture-use-gpu-memory-buffer --lang=en-US --device-scale-factor=1 --num-raster-threads=2 --enable-main-frame-before-activation --renderer-client-id=27 --time-ticks-at-unix-epoch=-1764255042940614 --launch-time-ticks=8561202916 --metrics-shmem-handle=7740,i,14844363204035987794,17152844468659712520,2097152 --field-trial-handle=2124,i,3400961170560780111,14988296868254825826,262144 --variations-seed-version=main@69c2005032bb14f803911c3458ab063c42bfa450 --trace-process-track-uuid=3190709011612001417 --mojo-platform-channel-handle=7776 /prefetch:1
CurrentDirectory: C:\Program Files\BraveSoftware\Brave-Browser\Application\142.1.84.141\
User: DESKTOP-EJG8QJC\Emil Jinu
LogonGuid: {3a35410f-6604-6928-c9e6-200000000000}
LogonId: 0x20E6C9
TerminalSessionId: 1
IntegrityLevel: Low
Hashes: MD5=D4E095946579C449803E47CFA028475E,SHA256=234A39FA17CC44BD8F5610B61997B7C69B289BC664A4D6B0AD8141ECC6685D2D,IMPHASH=3E82AE93B8102462DDA81604AF164E8E
ParentProcessGuid: {3a35410f-81a1-6928-9a05-000000000b00}
ParentProcessId: 6772
ParentImage: C:\Program Files\BraveSoftware\Brave-Browser\Application\brave.exe
ParentCommandLine: ""C:\Program Files\BraveSoftware\Brave-Browser\Application\brave.exe"" 
ParentUser: DESKTOP-EJG8QJC\Emil Jinu"
"11/27/2025 10:42:04 PM","22","Information","Dns query:
RuleName: -
UtcTime: 2025-11-27 17:11:52.815
ProcessGuid: {3a35410f-81a2-6928-9d05-000000000b00}
ProcessId: 11660
QueryName: wikimedia.org
QueryStatus: 0
QueryResults: 103.102.166.224;
Image: C:\Program Files\BraveSoftware\Brave-Browser\Application\brave.exe
User: DESKTOP-EJG8QJC\Emil Jinu"
"11/27/2025 10:41:31 PM","22","Information","Dns query:
RuleName: -
UtcTime: 2025-11-27 17:11:28.943
ProcessGuid: {3a35410f-81a2-6928-9d05-000000000b00}
ProcessId: 11660
QueryName: auth.wikimedia.org
QueryStatus: 0
QueryResults: type:  5 dyna.wikimedia.org;103.102.166.224;
Image: C:\Program Files\BraveSoftware\Brave-Browser\Application\brave.exe
User: DESKTOP-EJG8QJC\Emil Jinu"
"11/27/2025 10:41:30 PM","22","Information","Dns query:
RuleName: -
UtcTime: 2025-11-27 17:11:28.824
ProcessGuid: {3a35410f-81a2-6928-9d05-000000000b00}
ProcessId: 11660
QueryName: meta.wikimedia.org
QueryStatus: 0
QueryResults: type:  5 dyna.wikimedia.org;103.102.166.224;
Image: C:\Program Files\BraveSoftware\Brave-Browser\Application\brave.exe
User: DESKTOP-EJG8QJC\Emil Jinu"
"11/27/2025 10:41:29 PM","22","Information","Dns query:
RuleName: -
UtcTime: 2025-11-27 17:11:27.854
ProcessGuid: {3a35410f-81a2-6928-9d05-000000000b00}
ProcessId: 11660
QueryName: upload.wikimedia.org
QueryStatus: 0
QueryResults: 103.102.166.240;
Image: C:\Program Files\BraveSoftware\Brave-Browser\Application\brave.exe
User: DESKTOP-EJG8QJC\Emil Jinu"
"11/27/2025 10:41:27 PM","1","Information","Process Create:
RuleName: -
UtcTime: 2025-11-27 17:11:27.191
ProcessGuid: {3a35410f-863f-6928-6b06-000000000b00}
ProcessId: 9128
Image: C:\Program Files\BraveSoftware\Brave-Browser\Application\brave.exe
FileVersion: 142.1.84.141
Description: Brave Browser
Product: Brave Browser
Company: Brave Software, Inc.
OriginalFileName: brave.exe
CommandLine: ""C:\Program Files\BraveSoftware\Brave-Browser\Application\brave.exe"" --type=renderer --enable-distillability-service --origin-trial-public-key=bYUKPJoPnCxeNvu72j4EmPuK7tr1PAC7SHh8ld9Mw3E=,fMS4mpO6buLQ/QMd+zJmxzty/VQ6B1EUZqoCU04zoRU= --disable-gpu-compositing --video-capture-use-gpu-memory-buffer --lang=en-US --device-scale-factor=1 --num-raster-threads=2 --enable-main-frame-before-activation --renderer-client-id=26 --time-ticks-at-unix-epoch=-1764255042940614 --launch-time-ticks=8419546124 --metrics-shmem-handle=5816,i,12165027748817672943,16310346225360152880,2097152 --field-trial-handle=2124,i,3400961170560780111,14988296868254825826,262144 --variations-seed-version=main@69c2005032bb14f803911c3458ab063c42bfa450 --trace-process-track-uuid=3190709010674959568 --mojo-platform-channel-handle=7424 /prefetch:1
CurrentDirectory: C:\Program Files\BraveSoftware\Brave-Browser\Application\142.1.84.141\
User: DESKTOP-EJG8QJC\Emil Jinu
LogonGuid: {3a35410f-6604-6928-c9e6-200000000000}
LogonId: 0x20E6C9
TerminalSessionId: 1
IntegrityLevel: Low
Hashes: MD5=D4E095946579C449803E47CFA028475E,SHA256=234A39FA17CC44BD8F5610B61997B7C69B289BC664A4D6B0AD8141ECC6685D2D,IMPHASH=3E82AE93B8102462DDA81604AF164E8E
ParentProcessGuid: {3a35410f-81a1-6928-9a05-000000000b00}
ParentProcessId: 6772
ParentImage: C:\Program Files\BraveSoftware\Brave-Browser\Application\brave.exe
ParentCommandLine: ""C:\Program Files\BraveSoftware\Brave-Browser\Application\brave.exe"" 
ParentUser: DESKTOP-EJG8QJC\Emil Jinu"
"11/27/2025 10:41:22 PM","1","Information","Process Create:
RuleName: -
UtcTime: 2025-11-27 17:11:22.275
ProcessGuid: {3a35410f-863a-6928-6a06-000000000b00}
ProcessId: 11620
Image: C:\Program Files\WindowsApps\Microsoft.DesktopAppInstaller_1.27.350.0_x64__8wekyb3d8bbwe\WindowsPackageManagerServer.exe
FileVersion: -
Description: -
Product: -
Company: -
OriginalFileName: -
CommandLine: ""C:\Program Files\WindowsApps\Microsoft.DesktopAppInstaller_1.27.350.0_x64__8wekyb3d8bbwe\WindowsPackageManagerServer.exe"" -Embedding
CurrentDirectory: C:\Windows\system32\
User: DESKTOP-EJG8QJC\Emil Jinu
LogonGuid: {3a35410f-6604-6928-c9e6-200000000000}
LogonId: 0x20E6C9
TerminalSessionId: 1
IntegrityLevel: Medium
Hashes: MD5=BBBC4E7DCE38125D02C87E5D8B579063,SHA256=BFDD729F8A9BA4D2B007A2D646BEFF59C5BE531CFB6E802A6C1265BDD2FC9968,IMPHASH=7B681F7930A7304F09295374FD1B3CDD
ParentProcessGuid: {3a35410f-6567-6928-0d00-000000000b00}
ParentProcessId: 848
ParentImage: C:\Windows\System32\svchost.exe
ParentCommandLine: C:\Windows\system32\svchost.exe -k DcomLaunch -p
ParentUser: NT AUTHORITY\SYSTEM"
"11/27/2025 10:41:13 PM","1","Information","Process Create:
RuleName: -
UtcTime: 2025-11-27 17:11:13.931
ProcessGuid: {3a35410f-8631-6928-6706-000000000b00}
ProcessId: 9960
Image: C:\Program Files\BraveSoftware\Brave-Browser\Application\brave.exe
FileVersion: 142.1.84.141
Description: Brave Browser
Product: Brave Browser
Company: Brave Software, Inc.
OriginalFileName: brave.exe
CommandLine: ""C:\Program Files\BraveSoftware\Brave-Browser\Application\brave.exe"" --type=renderer --enable-distillability-service --origin-trial-public-key=bYUKPJoPnCxeNvu72j4EmPuK7tr1PAC7SHh8ld9Mw3E=,fMS4mpO6buLQ/QMd+zJmxzty/VQ6B1EUZqoCU04zoRU= --disable-gpu-compositing --video-capture-use-gpu-memory-buffer --lang=en-US --device-scale-factor=1 --num-raster-threads=2 --enable-main-frame-before-activation --renderer-client-id=25 --time-ticks-at-unix-epoch=-1764255042940614 --launch-time-ticks=8407484665 --metrics-shmem-handle=7140,i,13266684837363332921,17043167865559977046,2097152 --field-trial-handle=2124,i,3400961170560780111,14988296868254825826,262144 --variations-seed-version=main@69c2005032bb14f803911c3458ab063c42bfa450 --trace-process-track-uuid=3190709009737917719 --mojo-platform-channel-handle=1712 /prefetch:1
CurrentDirectory: C:\Program Files\BraveSoftware\Brave-Browser\Application\142.1.84.141\
User: DESKTOP-EJG8QJC\Emil Jinu
LogonGuid: {3a35410f-6604-6928-c9e6-200000000000}
LogonId: 0x20E6C9
TerminalSessionId: 1
IntegrityLevel: Low
Hashes: MD5=D4E095946579C449803E47CFA028475E,SHA256=234A39FA17CC44BD8F5610B61997B7C69B289BC664A4D6B0AD8141ECC6685D2D,IMPHASH=3E82AE93B8102462DDA81604AF164E8E
ParentProcessGuid: {3a35410f-81a1-6928-9a05-000000000b00}
ParentProcessId: 6772
ParentImage: C:\Program Files\BraveSoftware\Brave-Browser\Application\brave.exe
ParentCommandLine: ""C:\Program Files\BraveSoftware\Brave-Browser\Application\brave.exe"" 
ParentUser: DESKTOP-EJG8QJC\Emil Jinu"
"11/27/2025 10:41:11 PM","1","Information","Process Create:
RuleName: -
UtcTime: 2025-11-27 17:11:11.631
ProcessGuid: {3a35410f-862f-6928-6606-000000000b00}
ProcessId: 8136
Image: C:\Program Files\BraveSoftware\Brave-Browser\Application\brave.exe
FileVersion: 142.1.84.141
Description: Brave Browser
Product: Brave Browser
Company: Brave Software, Inc.
OriginalFileName: brave.exe
CommandLine: ""C:\Program Files\BraveSoftware\Brave-Browser\Application\brave.exe"" --type=utility --utility-sub-type=data_decoder.mojom.DataDecoderService --lang=en-US --service-sandbox-type=service --metrics-shmem-handle=7252,i,2913430917447580178,13811341403812900344,524288 --field-trial-handle=2124,i,3400961170560780111,14988296868254825826,262144 --variations-seed-version=main@69c2005032bb14f803911c3458ab063c42bfa450 --trace-process-track-uuid=3190709008800875870 --mojo-platform-channel-handle=6104 /prefetch:8
CurrentDirectory: C:\Program Files\BraveSoftware\Brave-Browser\Application\142.1.84.141\
User: DESKTOP-EJG8QJC\Emil Jinu
LogonGuid: {3a35410f-6604-6928-c9e6-200000000000}
LogonId: 0x20E6C9
TerminalSessionId: 1
IntegrityLevel: Low
Hashes: MD5=D4E095946579C449803E47CFA028475E,SHA256=234A39FA17CC44BD8F5610B61997B7C69B289BC664A4D6B0AD8141ECC6685D2D,IMPHASH=3E82AE93B8102462DDA81604AF164E8E
ParentProcessGuid: {3a35410f-81a1-6928-9a05-000000000b00}
ParentProcessId: 6772
ParentImage: C:\Program Files\BraveSoftware\Brave-Browser\Application\brave.exe
ParentCommandLine: ""C:\Program Files\BraveSoftware\Brave-Browser\Application\brave.exe"" 
ParentUser: DESKTOP-EJG8QJC\Emil Jinu"
"11/27/2025 10:40:46 PM","22","Information","Dns query:
RuleName: -
UtcTime: 2025-11-27 17:10:42.013
ProcessGuid: {3a35410f-81a2-6928-9d05-000000000b00}
ProcessId: 11660
QueryName: clientstream.launchdarkly.com
QueryStatus: 0
QueryResults: type:  5 clientstream-ga.launchdarkly.com;13.248.151.210;76.223.31.44;
Image: C:\Program Files\BraveSoftware\Brave-Browser\Application\brave.exe
User: DESKTOP-EJG8QJC\Emil Jinu"
"11/27/2025 10:40:45 PM","22","Information","Dns query:
RuleName: -
UtcTime: 2025-11-27 17:10:41.991
ProcessGuid: {3a35410f-81a2-6928-9d05-000000000b00}
ProcessId: 11660
QueryName: factotum196p963.m-w.com
QueryStatus: 0
QueryResults: type:  5 prod-factotum-lb-822175685.us-east-1.elb.amazonaws.com;54.83.152.165;50.19.248.129;
Image: C:\Program Files\BraveSoftware\Brave-Browser\Application\brave.exe
User: DESKTOP-EJG8QJC\Emil Jinu"
"11/27/2025 10:40:45 PM","22","Information","Dns query:
RuleName: -
UtcTime: 2025-11-27 17:10:41.814
ProcessGuid: {3a35410f-81a2-6928-9d05-000000000b00}
ProcessId: 11660
QueryName: app.launchdarkly.com
QueryStatus: 0
QueryResults: type:  5 m.sni.global.fastly.net;151.101.129.55;151.101.193.55;151.101.65.55;151.101.1.55;
Image: C:\Program Files\BraveSoftware\Brave-Browser\Application\brave.exe
User: DESKTOP-EJG8QJC\Emil Jinu"
"11/27/2025 10:40:45 PM","22","Information","Dns query:
RuleName: -
UtcTime: 2025-11-27 17:10:40.839
ProcessGuid: {3a35410f-81a2-6928-9d05-000000000b00}
ProcessId: 11660
QueryName: analyze-82dfgsi2.m-w.com
QueryStatus: 0
QueryResults: type:  5 prod-mw-plausiblelb-1445410871.us-east-1.elb.amazonaws.com;18.215.134.156;54.243.60.123;
Image: C:\Program Files\BraveSoftware\Brave-Browser\Application\brave.exe
User: DESKTOP-EJG8QJC\Emil Jinu"
"11/27/2025 10:40:45 PM","22","Information","Dns query:
RuleName: -
UtcTime: 2025-11-27 17:10:40.772
ProcessGuid: {3a35410f-81a2-6928-9d05-000000000b00}
ProcessId: 11660
QueryName: dev.visualwebsiteoptimizer.com
QueryStatus: 0
QueryResults: 34.107.218.251;
Image: C:\Program Files\BraveSoftware\Brave-Browser\Application\brave.exe
User: DESKTOP-EJG8QJC\Emil Jinu"
"11/27/2025 10:40:42 PM","1","Information","Process Create:
RuleName: -
UtcTime: 2025-11-27 17:10:42.753
ProcessGuid: {3a35410f-8612-6928-6506-000000000b00}
ProcessId: 14984
Image: C:\Program Files\BraveSoftware\Brave-Browser\Application\brave.exe
FileVersion: 142.1.84.141
Description: Brave Browser
Product: Brave Browser
Company: Brave Software, Inc.
OriginalFileName: brave.exe
CommandLine: ""C:\Program Files\BraveSoftware\Brave-Browser\Application\brave.exe"" --type=renderer --enable-distillability-service --origin-trial-public-key=bYUKPJoPnCxeNvu72j4EmPuK7tr1PAC7SHh8ld9Mw3E=,fMS4mpO6buLQ/QMd+zJmxzty/VQ6B1EUZqoCU04zoRU= --disable-gpu-compositing --video-capture-use-gpu-memory-buffer --lang=en-US --device-scale-factor=1 --num-raster-threads=2 --enable-main-frame-before-activation --renderer-client-id=23 --time-ticks-at-unix-epoch=-1764255042940614 --launch-time-ticks=8372304744 --metrics-shmem-handle=5856,i,11872698244083148240,5798785812239370383,2097152 --field-trial-handle=2124,i,3400961170560780111,14988296868254825826,262144 --variations-seed-version=main@69c2005032bb14f803911c3458ab063c42bfa450 --trace-process-track-uuid=3190709007863834021 --mojo-platform-channel-handle=5812 /prefetch:1
CurrentDirectory: C:\Program Files\BraveSoftware\Brave-Browser\Application\142.1.84.141\
User: DESKTOP-EJG8QJC\Emil Jinu
LogonGuid: {3a35410f-6604-6928-c9e6-200000000000}
LogonId: 0x20E6C9
TerminalSessionId: 1
IntegrityLevel: Low
Hashes: MD5=D4E095946579C449803E47CFA028475E,SHA256=234A39FA17CC44BD8F5610B61997B7C69B289BC664A4D6B0AD8141ECC6685D2D,IMPHASH=3E82AE93B8102462DDA81604AF164E8E
ParentProcessGuid: {3a35410f-81a1-6928-9a05-000000000b00}
ParentProcessId: 6772
ParentImage: C:\Program Files\BraveSoftware\Brave-Browser\Application\brave.exe
ParentCommandLine: ""C:\Program Files\BraveSoftware\Brave-Browser\Application\brave.exe"" 
ParentUser: DESKTOP-EJG8QJC\Emil Jinu"
"11/27/2025 10:40:23 PM","1","Information","Process Create:
RuleName: -
UtcTime: 2025-11-27 17:10:23.551
ProcessGuid: {3a35410f-85ff-6928-6406-000000000b00}
ProcessId: 5652
Image: C:\Program Files\BraveSoftware\Brave-Browser\Application\brave.exe
FileVersion: 142.1.84.141
Description: Brave Browser
Product: Brave Browser
Company: Brave Software, Inc.
OriginalFileName: brave.exe
CommandLine: ""C:\Program Files\BraveSoftware\Brave-Browser\Application\brave.exe"" --type=renderer --enable-distillability-service --origin-trial-public-key=bYUKPJoPnCxeNvu72j4EmPuK7tr1PAC7SHh8ld9Mw3E=,fMS4mpO6buLQ/QMd+zJmxzty/VQ6B1EUZqoCU04zoRU= --start-stack-profiler --disable-gpu-compositing --video-capture-use-gpu-memory-buffer --lang=en-US --device-scale-factor=1 --num-raster-threads=2 --enable-main-frame-before-activation --renderer-client-id=22 --time-ticks-at-unix-epoch=-1764255042940614 --launch-time-ticks=8342690549 --metrics-shmem-handle=7032,i,7655648160784126014,12937049987487154891,2097152 --field-trial-handle=2124,i,3400961170560780111,14988296868254825826,262144 --variations-seed-version=main@69c2005032bb14f803911c3458ab063c42bfa450 --trace-process-track-uuid=3190709006926792172 --mojo-platform-channel-handle=5900 /prefetch:1
CurrentDirectory: C:\Program Files\BraveSoftware\Brave-Browser\Application\142.1.84.141\
User: DESKTOP-EJG8QJC\Emil Jinu
LogonGuid: {3a35410f-6604-6928-c9e6-200000000000}
LogonId: 0x20E6C9
TerminalSessionId: 1
IntegrityLevel: Low
Hashes: MD5=D4E095946579C449803E47CFA028475E,SHA256=234A39FA17CC44BD8F5610B61997B7C69B289BC664A4D6B0AD8141ECC6685D2D,IMPHASH=3E82AE93B8102462DDA81604AF164E8E
ParentProcessGuid: {3a35410f-81a1-6928-9a05-000000000b00}
ParentProcessId: 6772
ParentImage: C:\Program Files\BraveSoftware\Brave-Browser\Application\brave.exe
ParentCommandLine: ""C:\Program Files\BraveSoftware\Brave-Browser\Application\brave.exe"" 
ParentUser: DESKTOP-EJG8QJC\Emil Jinu"
"11/27/2025 10:38:30 PM","22","Information","Dns query:
RuleName: -
UtcTime: 2025-11-27 17:08:22.528
ProcessGuid: {3a35410f-81a2-6928-9d05-000000000b00}
ProcessId: 11660
QueryName: accounts.google.com
QueryStatus: 0
QueryResults: 172.253.134.84;
Image: C:\Program Files\BraveSoftware\Brave-Browser\Application\brave.exe
User: DESKTOP-EJG8QJC\Emil Jinu"
"11/27/2025 10:38:27 PM","1","Information","Process Create:
RuleName: -
UtcTime: 2025-11-27 17:08:27.522
ProcessGuid: {3a35410f-858b-6928-6306-000000000b00}
ProcessId: 3696
Image: C:\Program Files\BraveSoftware\Brave-Browser\Application\brave.exe
FileVersion: 142.1.84.141
Description: Brave Browser
Product: Brave Browser
Company: Brave Software, Inc.
OriginalFileName: brave.exe
CommandLine: ""C:\Program Files\BraveSoftware\Brave-Browser\Application\brave.exe"" --type=renderer --enable-distillability-service --origin-trial-public-key=bYUKPJoPnCxeNvu72j4EmPuK7tr1PAC7SHh8ld9Mw3E=,fMS4mpO6buLQ/QMd+zJmxzty/VQ6B1EUZqoCU04zoRU= --disable-gpu-compositing --video-capture-use-gpu-memory-buffer --lang=en-US --device-scale-factor=1 --num-raster-threads=2 --enable-main-frame-before-activation --renderer-client-id=21 --time-ticks-at-unix-epoch=-1764255042940614 --launch-time-ticks=8235650618 --metrics-shmem-handle=6076,i,14832721108869310658,12976787875877840275,2097152 --field-trial-handle=2124,i,3400961170560780111,14988296868254825826,262144 --variations-seed-version=main@69c2005032bb14f803911c3458ab063c42bfa450 --trace-process-track-uuid=3190709005989750323 --mojo-platform-channel-handle=6832 /prefetch:1
CurrentDirectory: C:\Program Files\BraveSoftware\Brave-Browser\Application\142.1.84.141\
User: DESKTOP-EJG8QJC\Emil Jinu
LogonGuid: {3a35410f-6604-6928-c9e6-200000000000}
LogonId: 0x20E6C9
TerminalSessionId: 1
IntegrityLevel: Low
Hashes: MD5=D4E095946579C449803E47CFA028475E,SHA256=234A39FA17CC44BD8F5610B61997B7C69B289BC664A4D6B0AD8141ECC6685D2D,IMPHASH=3E82AE93B8102462DDA81604AF164E8E
ParentProcessGuid: {3a35410f-81a1-6928-9a05-000000000b00}
ParentProcessId: 6772
ParentImage: C:\Program Files\BraveSoftware\Brave-Browser\Application\brave.exe
ParentCommandLine: ""C:\Program Files\BraveSoftware\Brave-Browser\Application\brave.exe"" 
ParentUser: DESKTOP-EJG8QJC\Emil Jinu"
"11/27/2025 10:38:27 PM","22","Information","Dns query:
RuleName: -
UtcTime: 2025-11-27 17:08:21.366
ProcessGuid: {3a35410f-81a2-6928-9d05-000000000b00}
ProcessId: 11660
QueryName: li.protechts.net
QueryStatus: 0
QueryResults: type:  5 perimeterx.map.fastly.net;151.101.130.133;151.101.2.133;151.101.66.133;151.101.194.133;
Image: C:\Program Files\BraveSoftware\Brave-Browser\Application\brave.exe
User: DESKTOP-EJG8QJC\Emil Jinu"
"11/27/2025 10:38:27 PM","22","Information","Dns query:
RuleName: -
UtcTime: 2025-11-27 17:08:21.335
ProcessGuid: {3a35410f-81a2-6928-9d05-000000000b00}
ProcessId: 11660
QueryName: www.google.com
QueryStatus: 0
QueryResults: 142.250.206.68;
Image: C:\Program Files\BraveSoftware\Brave-Browser\Application\brave.exe
User: DESKTOP-EJG8QJC\Emil Jinu"
"11/27/2025 10:38:25 PM","1","Information","Process Create:
RuleName: -
UtcTime: 2025-11-27 17:08:25.134
ProcessGuid: {3a35410f-8589-6928-6206-000000000b00}
ProcessId: 8692
Image: C:\Program Files\BraveSoftware\Brave-Browser\Application\brave.exe
FileVersion: 142.1.84.141
Description: Brave Browser
Product: Brave Browser
Company: Brave Software, Inc.
OriginalFileName: brave.exe
CommandLine: ""C:\Program Files\BraveSoftware\Brave-Browser\Application\brave.exe"" --type=renderer --enable-distillability-service --origin-trial-public-key=bYUKPJoPnCxeNvu72j4EmPuK7tr1PAC7SHh8ld9Mw3E=,fMS4mpO6buLQ/QMd+zJmxzty/VQ6B1EUZqoCU04zoRU= --disable-gpu-compositing --video-capture-use-gpu-memory-buffer --lang=en-US --device-scale-factor=1 --num-raster-threads=2 --enable-main-frame-before-activation --renderer-client-id=20 --time-ticks-at-unix-epoch=-1764255042940614 --launch-time-ticks=8234057259 --metrics-shmem-handle=6048,i,100378176131227265,9404845095783168843,2097152 --field-trial-handle=2124,i,3400961170560780111,14988296868254825826,262144 --variations-seed-version=main@69c2005032bb14f803911c3458ab063c42bfa450 --trace-process-track-uuid=3190709005052708474 --mojo-platform-channel-handle=6488 /prefetch:1
CurrentDirectory: C:\Program Files\BraveSoftware\Brave-Browser\Application\142.1.84.141\
User: DESKTOP-EJG8QJC\Emil Jinu
LogonGuid: {3a35410f-6604-6928-c9e6-200000000000}
LogonId: 0x20E6C9
TerminalSessionId: 1
IntegrityLevel: Low
Hashes: MD5=D4E095946579C449803E47CFA028475E,SHA256=234A39FA17CC44BD8F5610B61997B7C69B289BC664A4D6B0AD8141ECC6685D2D,IMPHASH=3E82AE93B8102462DDA81604AF164E8E
ParentProcessGuid: {3a35410f-81a1-6928-9a05-000000000b00}
ParentProcessId: 6772
ParentImage: C:\Program Files\BraveSoftware\Brave-Browser\Application\brave.exe
ParentCommandLine: ""C:\Program Files\BraveSoftware\Brave-Browser\Application\brave.exe"" 
ParentUser: DESKTOP-EJG8QJC\Emil Jinu"
"11/27/2025 10:38:24 PM","1","Information","Process Create:
RuleName: -
UtcTime: 2025-11-27 17:08:24.957
ProcessGuid: {3a35410f-8588-6928-6106-000000000b00}
ProcessId: 7868
Image: C:\Program Files\BraveSoftware\Brave-Browser\Application\brave.exe
FileVersion: 142.1.84.141
Description: Brave Browser
Product: Brave Browser
Company: Brave Software, Inc.
OriginalFileName: brave.exe
CommandLine: ""C:\Program Files\BraveSoftware\Brave-Browser\Application\brave.exe"" --type=renderer --enable-distillability-service --origin-trial-public-key=bYUKPJoPnCxeNvu72j4EmPuK7tr1PAC7SHh8ld9Mw3E=,fMS4mpO6buLQ/QMd+zJmxzty/VQ6B1EUZqoCU04zoRU= --disable-gpu-compositing --video-capture-use-gpu-memory-buffer --lang=en-US --device-scale-factor=1 --num-raster-threads=2 --enable-main-frame-before-activation --renderer-client-id=19 --time-ticks-at-unix-epoch=-1764255042940614 --launch-time-ticks=8233939296 --metrics-shmem-handle=6084,i,6559618634580167747,5249016949439701140,2097152 --field-trial-handle=2124,i,3400961170560780111,14988296868254825826,262144 --variations-seed-version=main@69c2005032bb14f803911c3458ab063c42bfa450 --trace-process-track-uuid=3190709004115666625 --mojo-platform-channel-handle=5992 /prefetch:1
CurrentDirectory: C:\Program Files\BraveSoftware\Brave-Browser\Application\142.1.84.141\
User: DESKTOP-EJG8QJC\Emil Jinu
LogonGuid: {3a35410f-6604-6928-c9e6-200000000000}
LogonId: 0x20E6C9
TerminalSessionId: 1
IntegrityLevel: Low
Hashes: MD5=D4E095946579C449803E47CFA028475E,SHA256=234A39FA17CC44BD8F5610B61997B7C69B289BC664A4D6B0AD8141ECC6685D2D,IMPHASH=3E82AE93B8102462DDA81604AF164E8E
ParentProcessGuid: {3a35410f-81a1-6928-9a05-000000000b00}
ParentProcessId: 6772
ParentImage: C:\Program Files\BraveSoftware\Brave-Browser\Application\brave.exe
ParentCommandLine: ""C:\Program Files\BraveSoftware\Brave-Browser\Application\brave.exe"" 
ParentUser: DESKTOP-EJG8QJC\Emil Jinu"
"11/27/2025 10:38:23 PM","1","Information","Process Create:
RuleName: -
UtcTime: 2025-11-27 17:08:23.143
ProcessGuid: {3a35410f-8587-6928-5f06-000000000b00}
ProcessId: 4444
Image: C:\Program Files\BraveSoftware\Brave-Browser\Application\brave.exe
FileVersion: 142.1.84.141
Description: Brave Browser
Product: Brave Browser
Company: Brave Software, Inc.
OriginalFileName: brave.exe
CommandLine: ""C:\Program Files\BraveSoftware\Brave-Browser\Application\brave.exe"" --type=utility --utility-sub-type=audio.mojom.AudioService --lang=en-US --service-sandbox-type=audio --metrics-shmem-handle=5836,i,10950895733971639321,2485883490228668591,524288 --field-trial-handle=2124,i,3400961170560780111,14988296868254825826,262144 --variations-seed-version=main@69c2005032bb14f803911c3458ab063c42bfa450 --trace-process-track-uuid=3190709001304541078 --mojo-platform-channel-handle=6068 /prefetch:8
CurrentDirectory: C:\Program Files\BraveSoftware\Brave-Browser\Application\142.1.84.141\
User: DESKTOP-EJG8QJC\Emil Jinu
LogonGuid: {3a35410f-6604-6928-c9e6-200000000000}
LogonId: 0x20E6C9
TerminalSessionId: 1
IntegrityLevel: Low
Hashes: MD5=D4E095946579C449803E47CFA028475E,SHA256=234A39FA17CC44BD8F5610B61997B7C69B289BC664A4D6B0AD8141ECC6685D2D,IMPHASH=3E82AE93B8102462DDA81604AF164E8E
ParentProcessGuid: {3a35410f-81a1-6928-9a05-000000000b00}
ParentProcessId: 6772
ParentImage: C:\Program Files\BraveSoftware\Brave-Browser\Application\brave.exe
ParentCommandLine: ""C:\Program Files\BraveSoftware\Brave-Browser\Application\brave.exe"" 
ParentUser: DESKTOP-EJG8QJC\Emil Jinu"
"11/27/2025 10:38:23 PM","1","Information","Process Create:
RuleName: -
UtcTime: 2025-11-27 17:08:23.143
ProcessGuid: {3a35410f-8587-6928-6006-000000000b00}
ProcessId: 4864
Image: C:\Program Files\BraveSoftware\Brave-Browser\Application\brave.exe
FileVersion: 142.1.84.141
Description: Brave Browser
Product: Brave Browser
Company: Brave Software, Inc.
OriginalFileName: brave.exe
CommandLine: ""C:\Program Files\BraveSoftware\Brave-Browser\Application\brave.exe"" --type=utility --utility-sub-type=video_capture.mojom.VideoCaptureService --lang=en-US --service-sandbox-type=none --metrics-shmem-handle=6380,i,10885359144104481093,1474186037295962086,524288 --field-trial-handle=2124,i,3400961170560780111,14988296868254825826,262144 --variations-seed-version=main@69c2005032bb14f803911c3458ab063c42bfa450 --trace-process-track-uuid=3190709002241582927 --mojo-platform-channel-handle=6236 /prefetch:8
CurrentDirectory: C:\Program Files\BraveSoftware\Brave-Browser\Application\142.1.84.141\
User: DESKTOP-EJG8QJC\Emil Jinu
LogonGuid: {3a35410f-6604-6928-c9e6-200000000000}
LogonId: 0x20E6C9
TerminalSessionId: 1
IntegrityLevel: Medium
Hashes: MD5=D4E095946579C449803E47CFA028475E,SHA256=234A39FA17CC44BD8F5610B61997B7C69B289BC664A4D6B0AD8141ECC6685D2D,IMPHASH=3E82AE93B8102462DDA81604AF164E8E
ParentProcessGuid: {3a35410f-81a1-6928-9a05-000000000b00}
ParentProcessId: 6772
ParentImage: C:\Program Files\BraveSoftware\Brave-Browser\Application\brave.exe
ParentCommandLine: ""C:\Program Files\BraveSoftware\Brave-Browser\Application\brave.exe"" 
ParentUser: DESKTOP-EJG8QJC\Emil Jinu"
"11/27/2025 10:38:22 PM","22","Information","Dns query:
RuleName: -
UtcTime: 2025-11-27 17:08:18.124
ProcessGuid: {3a35410f-81a2-6928-9d05-000000000b00}
ProcessId: 11660
QueryName: static.licdn.com
QueryStatus: 0
QueryResults: type:  5 static.sb.licdn.com;type:  5 static-fsly.sb.lnkdns.net;type:  5 fs-ak-cf.static.sb.lnkdns.net;type:  5 linkedin.map.fastly.net;151.101.195.52;151.101.131.52;151.101.3.52;151.101.67.52;
Image: C:\Program Files\BraveSoftware\Brave-Browser\Application\brave.exe
User: DESKTOP-EJG8QJC\Emil Jinu"
"11/27/2025 10:38:18 PM","1","Information","Process Create:
RuleName: -
UtcTime: 2025-11-27 17:08:18.268
ProcessGuid: {3a35410f-8582-6928-5e06-000000000b00}
ProcessId: 12280
Image: C:\Program Files\BraveSoftware\Brave-Browser\Application\brave.exe
FileVersion: 142.1.84.141
Description: Brave Browser
Product: Brave Browser
Company: Brave Software, Inc.
OriginalFileName: brave.exe
CommandLine: ""C:\Program Files\BraveSoftware\Brave-Browser\Application\brave.exe"" --type=renderer --enable-distillability-service --origin-trial-public-key=bYUKPJoPnCxeNvu72j4EmPuK7tr1PAC7SHh8ld9Mw3E=,fMS4mpO6buLQ/QMd+zJmxzty/VQ6B1EUZqoCU04zoRU= --disable-gpu-compositing --video-capture-use-gpu-memory-buffer --lang=en-US --device-scale-factor=1 --num-raster-threads=2 --enable-main-frame-before-activation --renderer-client-id=15 --time-ticks-at-unix-epoch=-1764255042940614 --launch-time-ticks=8229482076 --metrics-shmem-handle=5872,i,11703987624135995225,3742019999011075107,2097152 --field-trial-handle=2124,i,3400961170560780111,14988296868254825826,262144 --variations-seed-version=main@69c2005032bb14f803911c3458ab063c42bfa450 --trace-process-track-uuid=3190709000367499229 --mojo-platform-channel-handle=3044 /prefetch:1
CurrentDirectory: C:\Program Files\BraveSoftware\Brave-Browser\Application\142.1.84.141\
User: DESKTOP-EJG8QJC\Emil Jinu
LogonGuid: {3a35410f-6604-6928-c9e6-200000000000}
LogonId: 0x20E6C9
TerminalSessionId: 1
IntegrityLevel: Low
Hashes: MD5=D4E095946579C449803E47CFA028475E,SHA256=234A39FA17CC44BD8F5610B61997B7C69B289BC664A4D6B0AD8141ECC6685D2D,IMPHASH=3E82AE93B8102462DDA81604AF164E8E
ParentProcessGuid: {3a35410f-81a1-6928-9a05-000000000b00}
ParentProcessId: 6772
ParentImage: C:\Program Files\BraveSoftware\Brave-Browser\Application\brave.exe
ParentCommandLine: ""C:\Program Files\BraveSoftware\Brave-Browser\Application\brave.exe"" 
ParentUser: DESKTOP-EJG8QJC\Emil Jinu"
"11/27/2025 10:38:16 PM","1","Information","Process Create:
RuleName: -
UtcTime: 2025-11-27 17:08:16.494
ProcessGuid: {3a35410f-8580-6928-5d06-000000000b00}
ProcessId: 7060
Image: C:\Program Files\BraveSoftware\Brave-Browser\Application\brave.exe
FileVersion: 142.1.84.141
Description: Brave Browser
Product: Brave Browser
Company: Brave Software, Inc.
OriginalFileName: brave.exe
CommandLine: ""C:\Program Files\BraveSoftware\Brave-Browser\Application\brave.exe"" --type=renderer --enable-distillability-service --origin-trial-public-key=bYUKPJoPnCxeNvu72j4EmPuK7tr1PAC7SHh8ld9Mw3E=,fMS4mpO6buLQ/QMd+zJmxzty/VQ6B1EUZqoCU04zoRU= --disable-gpu-compositing --video-capture-use-gpu-memory-buffer --lang=en-US --device-scale-factor=1 --num-raster-threads=2 --enable-main-frame-before-activation --renderer-client-id=14 --time-ticks-at-unix-epoch=-1764255042940614 --launch-time-ticks=8228298778 --metrics-shmem-handle=5748,i,8500926903188262668,15456267144274239481,2097152 --field-trial-handle=2124,i,3400961170560780111,14988296868254825826,262144 --variations-seed-version=main@69c2005032bb14f803911c3458ab063c42bfa450 --trace-process-track-uuid=3190708999430457380 --mojo-platform-channel-handle=5896 /prefetch:1
CurrentDirectory: C:\Program Files\BraveSoftware\Brave-Browser\Application\142.1.84.141\
User: DESKTOP-EJG8QJC\Emil Jinu
LogonGuid: {3a35410f-6604-6928-c9e6-200000000000}
LogonId: 0x20E6C9
TerminalSessionId: 1
IntegrityLevel: Low
Hashes: MD5=D4E095946579C449803E47CFA028475E,SHA256=234A39FA17CC44BD8F5610B61997B7C69B289BC664A4D6B0AD8141ECC6685D2D,IMPHASH=3E82AE93B8102462DDA81604AF164E8E
ParentProcessGuid: {3a35410f-81a1-6928-9a05-000000000b00}
ParentProcessId: 6772
ParentImage: C:\Program Files\BraveSoftware\Brave-Browser\Application\brave.exe
ParentCommandLine: ""C:\Program Files\BraveSoftware\Brave-Browser\Application\brave.exe"" 
ParentUser: DESKTOP-EJG8QJC\Emil Jinu"
"11/27/2025 10:37:39 PM","22","Information","Dns query:
RuleName: -
UtcTime: 2025-11-27 17:07:49.753
ProcessGuid: {3a35410f-8558-6928-5706-000000000b00}
ProcessId: 188
QueryName: wpad
QueryStatus: 123
QueryResults: -
Image: C:\Program Files (x86)\Microsoft\EdgeWebView\Application\142.0.3595.94\msedgewebview2.exe
User: DESKTOP-EJG8QJC\Emil Jinu"
