"11/27/2025 9:23:36 PM","1","Information","Process Create:
RuleName: -
UtcTime: 2025-11-27 15:53:36.400
ProcessGuid: {3a35410f-7400-6928-db04-000000000b00}
ProcessId: 15092
Image: C:\Windows\System32\calc.exe
FileVersion: 10.0.19041.1 (WinBuild.160101.0800)
Description: Windows Calculator
Product: Microsoft? Windows? Operating System
Company: Microsoft Corporation
OriginalFileName: CALC.EXE
CommandLine: ""C:\Windows\system32\calc.exe"" 
CurrentDirectory: C:\Users\Emil Jinu\
User: DESKTOP-EJG8QJC\Emil Jinu
LogonGuid: {3a35410f-6604-6928-c9e6-200000000000}
LogonId: 0x20E6C9
TerminalSessionId: 1
IntegrityLevel: Medium
Hashes: MD5=5DA8C98136D98DFEC4716EDD79C7145F,SHA256=58189CBD4E6DC0C7D8E66B6A6F75652FC9F4AFC7CE0EBA7D67D8C3FEB0D5381F,IMPHASH=8EEAA9499666119D13B3F44ECD77A729
ParentProcessGuid: {3a35410f-717b-6928-7704-000000000b00}
ParentProcessId: 9908
ParentImage: C:\Windows\System32\WindowsPowerShell\v1.0\powershell.exe
ParentCommandLine: ""C:\Windows\System32\WindowsPowerShell\v1.0\powershell.exe"" 
ParentUser: DESKTOP-EJG8QJC\Emil Jinu"
"11/27/2025 9:23:35 PM","1","Information","Process Create:
RuleName: -
UtcTime: 2025-11-27 15:53:35.144
ProcessGuid: {3a35410f-73ff-6928-da04-000000000b00}
ProcessId: 14256
Image: C:\Windows\System32\notepad.exe
FileVersion: 10.0.19041.5794 (WinBuild.160101.0800)
Description: Notepad
Product: Microsoft? Windows? Operating System
Company: Microsoft Corporation
OriginalFileName: NOTEPAD.EXE
CommandLine: ""C:\Windows\system32\notepad.exe"" 
CurrentDirectory: C:\Users\Emil Jinu\
User: DESKTOP-EJG8QJC\Emil Jinu
LogonGuid: {3a35410f-6604-6928-c9e6-200000000000}
LogonId: 0x20E6C9
TerminalSessionId: 1
IntegrityLevel: Medium
Hashes: MD5=6F51BCABF1B2B34AD7E670AEE6DA451F,SHA256=DA5807BB0997CC6B5132950EC87EDA2B33B1AC4533CF1F7A22A6F3B576ED7C5B,IMPHASH=09ED737A03DB7295BF734A9953F6EB5E
ParentProcessGuid: {3a35410f-717b-6928-7704-000000000b00}
ParentProcessId: 9908
ParentImage: C:\Windows\System32\WindowsPowerShell\v1.0\powershell.exe
ParentCommandLine: ""C:\Windows\System32\WindowsPowerShell\v1.0\powershell.exe"" 
ParentUser: DESKTOP-EJG8QJC\Emil Jinu"
"11/27/2025 9:23:01 PM","1","Information","Process Create:
RuleName: -
UtcTime: 2025-11-27 15:53:01.245
ProcessGuid: {3a35410f-73dd-6928-d804-000000000b00}
ProcessId: 12620
Image: C:\Windows\System32\taskhostw.exe
FileVersion: 10.0.19041.5794 (WinBuild.160101.0800)
Description: Host Process for Windows Tasks
Product: Microsoft? Windows? Operating System
Company: Microsoft Corporation
OriginalFileName: taskhostw.exe
CommandLine: taskhostw.exe
CurrentDirectory: C:\Windows\system32\
User: NT AUTHORITY\SYSTEM
LogonGuid: {3a35410f-6567-6928-e703-000000000000}
LogonId: 0x3E7
TerminalSessionId: 0
IntegrityLevel: System
Hashes: MD5=D71630DA4364F89F36B47581D4162639,SHA256=4D84D1DB6C572DA841307B814CCF26478429D3A29F304755CE1BAF110E639F64,IMPHASH=3A0C6863CDE566AF997DB2DEFFF9D924
ParentProcessGuid: {3a35410f-6568-6928-2400-000000000b00}
ParentProcessId: 1532
ParentImage: C:\Windows\System32\svchost.exe
ParentCommandLine: C:\Windows\system32\svchost.exe -k netsvcs -p -s Schedule
ParentUser: NT AUTHORITY\SYSTEM"
"11/27/2025 9:22:54 PM","22","Information","Dns query:
RuleName: -
UtcTime: 2025-11-27 15:52:48.887
ProcessGuid: {3a35410f-73d3-6928-d504-000000000b00}
ProcessId: 5896
QueryName: cxcs.microsoft.net
QueryStatus: 0
QueryResults: type:  5 cxcs.microsoft.net.edgekey.net;type:  5 e3230.b.akamaiedge.net;::ffff:23.217.155.98;
Image: C:\Windows\ImmersiveControlPanel\SystemSettings.exe
User: DESKTOP-EJG8QJC\Emil Jinu"
"11/27/2025 9:22:52 PM","1","Information","Process Create:
RuleName: -
UtcTime: 2025-11-27 15:52:52.031
ProcessGuid: {3a35410f-73d4-6928-d704-000000000b00}
ProcessId: 15088
Image: C:\Windows\SysWOW64\dllhost.exe
FileVersion: 10.0.19041.3636 (WinBuild.160101.0800)
Description: COM Surrogate
Product: Microsoft? Windows? Operating System
Company: Microsoft Corporation
OriginalFileName: dllhost.exe
CommandLine: C:\Windows\SysWOW64\DllHost.exe /Processid:{06622D85-6856-4460-8DE1-A81921B41C4B}
CurrentDirectory: C:\Windows\system32\
User: DESKTOP-EJG8QJC\Emil Jinu
LogonGuid: {3a35410f-6604-6928-c9e6-200000000000}
LogonId: 0x20E6C9
TerminalSessionId: 1
IntegrityLevel: Medium
Hashes: MD5=61DF0FA6EF720DDB2C284349D848599F,SHA256=6947EC4CADE9C3F410AAFB1D30D9664F6CBDA797C983A1BC7A682006BB08A466,IMPHASH=B6A6C5247EFBD2610E3DEA44649D7041
ParentProcessGuid: {3a35410f-6567-6928-0d00-000000000b00}
ParentProcessId: 848
ParentImage: C:\Windows\System32\svchost.exe
ParentCommandLine: C:\Windows\system32\svchost.exe -k DcomLaunch -p
ParentUser: NT AUTHORITY\SYSTEM"
"11/27/2025 9:22:52 PM","1","Information","Process Create:
RuleName: -
UtcTime: 2025-11-27 15:52:52.004
ProcessGuid: {3a35410f-73d4-6928-d604-000000000b00}
ProcessId: 2796
Image: C:\Windows\System32\LocationNotificationWindows.exe
FileVersion: 10.0.19041.5915 (WinBuild.160101.0800)
Description: Location Notification
Product: Microsoft? Windows? Operating System
Company: Microsoft Corporation
OriginalFileName: LocationNotificationWindows.exe
CommandLine: ""C:\Windows\System32\LocationNotificationWindows.exe""
CurrentDirectory: C:\Windows\system32\
User: DESKTOP-EJG8QJC\Emil Jinu
LogonGuid: {3a35410f-6604-6928-c9e6-200000000000}
LogonId: 0x20E6C9
TerminalSessionId: 1
IntegrityLevel: Medium
Hashes: MD5=78304DE7BC9427229F70FC0CCF7C0CF1,SHA256=82CFEF287D60D9F04E5F0E4FB915D71CC71C1AD260F90941F4ADEE515896BBE7,IMPHASH=BFB647E172E5CBBCE5676BA2E6097869
ParentProcessGuid: {3a35410f-6568-6928-2400-000000000b00}
ParentProcessId: 1532
ParentImage: C:\Windows\System32\svchost.exe
ParentCommandLine: C:\Windows\system32\svchost.exe -k netsvcs -p -s Schedule
ParentUser: NT AUTHORITY\SYSTEM"
"11/27/2025 9:22:51 PM","1","Information","Process Create:
RuleName: -
UtcTime: 2025-11-27 15:52:51.112
ProcessGuid: {3a35410f-73d3-6928-d504-000000000b00}
ProcessId: 5896
Image: C:\Windows\ImmersiveControlPanel\SystemSettings.exe
FileVersion: 10.0.19041.6456 (WinBuild.160101.0800)
Description: Settings
Product: Microsoft? Windows? Operating System
Company: Microsoft Corporation
OriginalFileName: SystemSettings.exe
CommandLine: ""C:\Windows\ImmersiveControlPanel\SystemSettings.exe"" -ServerName:microsoft.windows.immersivecontrolpanel
CurrentDirectory: C:\Windows\ImmersiveControlPanel\
User: DESKTOP-EJG8QJC\Emil Jinu
LogonGuid: {3a35410f-6604-6928-c9e6-200000000000}
LogonId: 0x20E6C9
TerminalSessionId: 1
IntegrityLevel: Medium
Hashes: MD5=BF344C30EEB707BC671E3D1427C58FD7,SHA256=D3A50D173AF5B0FDD44CBFD7BF7C7471A3B8998EB45C9B49AA2F1C98C9D54CA9,IMPHASH=EC87C68A546FB4BDECF11BCB83E7D0E5
ParentProcessGuid: {3a35410f-6567-6928-0d00-000000000b00}
ParentProcessId: 848
ParentImage: C:\Windows\System32\svchost.exe
ParentCommandLine: C:\Windows\system32\svchost.exe -k DcomLaunch -p
ParentUser: NT AUTHORITY\SYSTEM"
"11/27/2025 9:22:50 PM","1","Information","Process Create:
RuleName: -
UtcTime: 2025-11-27 15:52:50.974
ProcessGuid: {3a35410f-73d2-6928-d404-000000000b00}
ProcessId: 13660
Image: C:\Windows\explorer.exe
FileVersion: 10.0.19041.6456 (WinBuild.160101.0800)
Description: Windows Explorer
Product: Microsoft? Windows? Operating System
Company: Microsoft Corporation
OriginalFileName: EXPLORER.EXE
CommandLine: C:\Windows\explorer.exe /factory,{5BD95610-9434-43C2-886C-57852CC8A120} -Embedding
CurrentDirectory: C:\Windows\system32\
User: DESKTOP-EJG8QJC\Emil Jinu
LogonGuid: {3a35410f-6604-6928-c9e6-200000000000}
LogonId: 0x20E6C9
TerminalSessionId: 1
IntegrityLevel: Medium
Hashes: MD5=24AD59ABAF730E71BC865922D8596008,SHA256=988A56D897915315EEF9CA679B3BC8ADFCECF5E227AEA99AAA1817620520E97E,IMPHASH=DBCE632ECED8243CB6090C1C87BE56BC
ParentProcessGuid: {3a35410f-6567-6928-0d00-000000000b00}
ParentProcessId: 848
ParentImage: C:\Windows\System32\svchost.exe
ParentCommandLine: C:\Windows\system32\svchost.exe -k DcomLaunch -p
ParentUser: NT AUTHORITY\SYSTEM"
"11/27/2025 9:22:50 PM","1","Information","Process Create:
RuleName: -
UtcTime: 2025-11-27 15:52:50.889
ProcessGuid: {3a35410f-73d2-6928-d304-000000000b00}
ProcessId: 2368
Image: C:\Windows\System32\control.exe
FileVersion: 10.0.19041.5794 (WinBuild.160101.0800)
Description: Windows Control Panel
Product: Microsoft? Windows? Operating System
Company: Microsoft Corporation
OriginalFileName: CONTROL.EXE
CommandLine: ""C:\Windows\system32\control.exe"" 
CurrentDirectory: C:\Users\Emil Jinu\
User: DESKTOP-EJG8QJC\Emil Jinu
LogonGuid: {3a35410f-6604-6928-c9e6-200000000000}
LogonId: 0x20E6C9
TerminalSessionId: 1
IntegrityLevel: Medium
Hashes: MD5=E68215C54014ECA2AC19723D1105D000,SHA256=3945957BC15C3DBA3398B619125E74B1C8D756A4699B1ABC71241657D55E9D84,IMPHASH=ED7ECF5DCE55D515F7FE036FCAEBFF1A
ParentProcessGuid: {3a35410f-717b-6928-7704-000000000b00}
ParentProcessId: 9908
ParentImage: C:\Windows\System32\WindowsPowerShell\v1.0\powershell.exe
ParentCommandLine: ""C:\Windows\System32\WindowsPowerShell\v1.0\powershell.exe"" 
ParentUser: DESKTOP-EJG8QJC\Emil Jinu"
"11/27/2025 9:22:25 PM","11","Information","File created:
RuleName: -
UtcTime: 2025-11-27 15:52:25.637
ProcessGuid: {3a35410f-73b9-6928-d204-000000000b00}
ProcessId: 9680
Image: C:\Windows\System32\WindowsPowerShell\v1.0\powershell.exe
TargetFilename: C:\Users\Emil Jinu\AppData\Local\Temp\__PSScriptPolicyTest_xjvigz1s.pzd.ps1
CreationUtcTime: 2025-11-27 15:52:25.637
User: DESKTOP-EJG8QJC\Emil Jinu"
"11/27/2025 9:22:25 PM","1","Information","Process Create:
RuleName: -
UtcTime: 2025-11-27 15:52:25.415
ProcessGuid: {3a35410f-73b9-6928-d204-000000000b00}
ProcessId: 9680
Image: C:\Windows\System32\WindowsPowerShell\v1.0\powershell.exe
FileVersion: 10.0.19041.3996 (WinBuild.160101.0800)
Description: Windows PowerShell
Product: Microsoft? Windows? Operating System
Company: Microsoft Corporation
OriginalFileName: PowerShell.EXE
CommandLine: ""C:\Windows\System32\WindowsPowerShell\v1.0\powershell.exe"" -ExecutionPolicy Bypass -File C:\Users\Public\TempLogs\benign.ps1
CurrentDirectory: C:\Users\Emil Jinu\
User: DESKTOP-EJG8QJC\Emil Jinu
LogonGuid: {3a35410f-6604-6928-c9e6-200000000000}
LogonId: 0x20E6C9
TerminalSessionId: 1
IntegrityLevel: Medium
Hashes: MD5=2E5A8590CF6848968FC23DE3FA1E25F1,SHA256=9785001B0DCF755EDDB8AF294A373C0B87B2498660F724E76C4D53F9C217C7A3,IMPHASH=3D08F4848535206D772DE145804FF4B6
ParentProcessGuid: {3a35410f-717b-6928-7704-000000000b00}
ParentProcessId: 9908
ParentImage: C:\Windows\System32\WindowsPowerShell\v1.0\powershell.exe
ParentCommandLine: ""C:\Windows\System32\WindowsPowerShell\v1.0\powershell.exe"" 
ParentUser: DESKTOP-EJG8QJC\Emil Jinu"
"11/27/2025 9:22:25 PM","11","Information","File created:
RuleName: -
UtcTime: 2025-11-27 15:52:25.410
ProcessGuid: {3a35410f-717b-6928-7704-000000000b00}
ProcessId: 9908
Image: C:\Windows\System32\WindowsPowerShell\v1.0\powershell.exe
TargetFilename: C:\Users\Public\TempLogs\benign.ps1
CreationUtcTime: 2025-11-27 15:52:25.410
User: DESKTOP-EJG8QJC\Emil Jinu"
"11/27/2025 9:22:07 PM","13","Information","Registry value set:
RuleName: InvDB-Ver
EventType: SetValue
UtcTime: 2025-11-27 15:52:07.723
ProcessGuid: {3a35410f-656a-6928-3e00-000000000b00}
ProcessId: 2740
Image: C:\Windows\System32\svchost.exe
TargetObject: \REGISTRY\A\{9309e89c-9321-cf1a-3889-0090faa6586f}\Root\InventoryApplicationFile\printfilterpipel|8a2213ec9f6fc667\BinProductVersion
Details: 10.0.19041.5794
User: NT AUTHORITY\SYSTEM"
"11/27/2025 9:22:07 PM","13","Information","Registry value set:
RuleName: InvDB-CompileTimeClaim
EventType: SetValue
UtcTime: 2025-11-27 15:52:07.723
ProcessGuid: {3a35410f-656a-6928-3e00-000000000b00}
ProcessId: 2740
Image: C:\Windows\System32\svchost.exe
TargetObject: \REGISTRY\A\{9309e89c-9321-cf1a-3889-0090faa6586f}\Root\InventoryApplicationFile\printfilterpipel|8a2213ec9f6fc667\LinkDate
Details: 04/17/2100 04:17:59
User: NT AUTHORITY\SYSTEM"
"11/27/2025 9:22:07 PM","13","Information","Registry value set:
RuleName: InvDB-Pub
EventType: SetValue
UtcTime: 2025-11-27 15:52:07.723
ProcessGuid: {3a35410f-656a-6928-3e00-000000000b00}
ProcessId: 2740
Image: C:\Windows\System32\svchost.exe
TargetObject: \REGISTRY\A\{9309e89c-9321-cf1a-3889-0090faa6586f}\Root\InventoryApplicationFile\printfilterpipel|8a2213ec9f6fc667\Publisher
Details: microsoft corporation
User: NT AUTHORITY\SYSTEM"
"11/27/2025 9:22:07 PM","13","Information","Registry value set:
RuleName: InvDB-Path
EventType: SetValue
UtcTime: 2025-11-27 15:52:07.723
ProcessGuid: {3a35410f-656a-6928-3e00-000000000b00}
ProcessId: 2740
Image: C:\Windows\System32\svchost.exe
TargetObject: \REGISTRY\A\{9309e89c-9321-cf1a-3889-0090faa6586f}\Root\InventoryApplicationFile\printfilterpipel|8a2213ec9f6fc667\LowerCaseLongPath
Details: c:\windows\system32\printfilterpipelinesvc.exe
User: NT AUTHORITY\SYSTEM"
"11/27/2025 9:21:04 PM","1","Information","Process Create:
RuleName: -
UtcTime: 2025-11-27 15:51:04.247
ProcessGuid: {3a35410f-7368-6928-cf04-000000000b00}
ProcessId: 10784
Image: C:\Windows\System32\svchost.exe
FileVersion: 10.0.19041.5794 (WinBuild.160101.0800)
Description: Host Process for Windows Services
Product: Microsoft? Windows? Operating System
Company: Microsoft Corporation
OriginalFileName: svchost.exe
CommandLine: C:\Windows\system32\svchost.exe -k netsvcs -p -s gpsvc
CurrentDirectory: C:\Windows\system32\
User: NT AUTHORITY\SYSTEM
LogonGuid: {3a35410f-6567-6928-e703-000000000000}
LogonId: 0x3E7
TerminalSessionId: 0
IntegrityLevel: System
Hashes: MD5=3D1034D6ED3DAED60816A25C561E8C83,SHA256=B0B36BFF7AE4057F687D839CD4B3D81159AB646F1EE1B22106A927E93DECBB61,IMPHASH=F9BBD96FAE53B7A31264A703CAFA0666
ParentProcessGuid: {3a35410f-6567-6928-0b00-000000000b00}
ParentProcessId: 708
ParentImage: C:\Windows\System32\services.exe
ParentCommandLine: C:\Windows\system32\services.exe
ParentUser: NT AUTHORITY\SYSTEM"
"11/27/2025 9:21:03 PM","13","Information","Registry value set:
RuleName: -
EventType: SetValue
UtcTime: 2025-11-27 15:51:03.626
ProcessGuid: {3a35410f-7364-6928-cd04-000000000b00}
ProcessId: 4928
Image: C:\Program Files (x86)\Windows Media Player\wmplayer.exe
TargetObject: HKU\S-1-5-21-3351607045-2108423416-1727308141-1001\SOFTWARE\Microsoft\Windows\CurrentVersion\Shell Extensions\Cached\{E46787A1-4629-4423-A693-BE1F003B2742} {886D8EEB-8CF2-4446-8D02-CDBA1DBDCF99} 0xFFFF
Details: Binary Data
User: DESKTOP-EJG8QJC\Emil Jinu"
"11/27/2025 9:21:00 PM","11","Information","File created:
RuleName: DLL
UtcTime: 2025-11-27 15:51:00.923
ProcessGuid: {3a35410f-7364-6928-ce04-000000000b00}
ProcessId: 5884
Image: C:\Windows\system32\svchost.exe
TargetFilename: C:\Windows\ServiceProfiles\LocalService\AppData\Roaming\Microsoft\UPnP Device Host\upnphost\udhisapi.dll
CreationUtcTime: 2025-11-27 15:51:00.923
User: NT AUTHORITY\LOCAL SERVICE"
"11/27/2025 9:21:00 PM","1","Information","Process Create:
RuleName: -
UtcTime: 2025-11-27 15:51:00.758
ProcessGuid: {3a35410f-7364-6928-ce04-000000000b00}
ProcessId: 5884
Image: C:\Windows\System32\svchost.exe
FileVersion: 10.0.19041.5794 (WinBuild.160101.0800)
Description: Host Process for Windows Services
Product: Microsoft? Windows? Operating System
Company: Microsoft Corporation
OriginalFileName: svchost.exe
CommandLine: C:\Windows\system32\svchost.exe -k LocalServiceAndNoImpersonation -p -s upnphost
CurrentDirectory: C:\Windows\system32\
User: NT AUTHORITY\LOCAL SERVICE
LogonGuid: {3a35410f-6568-6928-e503-000000000000}
LogonId: 0x3E5
TerminalSessionId: 0
IntegrityLevel: System
Hashes: MD5=3D1034D6ED3DAED60816A25C561E8C83,SHA256=B0B36BFF7AE4057F687D839CD4B3D81159AB646F1EE1B22106A927E93DECBB61,IMPHASH=F9BBD96FAE53B7A31264A703CAFA0666
ParentProcessGuid: {3a35410f-6567-6928-0b00-000000000b00}
ParentProcessId: 708
ParentImage: C:\Windows\System32\services.exe
ParentCommandLine: C:\Windows\system32\services.exe
ParentUser: NT AUTHORITY\SYSTEM"
"11/27/2025 9:21:00 PM","1","Information","Process Create:
RuleName: -
UtcTime: 2025-11-27 15:51:00.132
ProcessGuid: {3a35410f-7364-6928-cd04-000000000b00}
ProcessId: 4928
Image: C:\Program Files (x86)\Windows Media Player\wmplayer.exe
FileVersion: 12.0.19041.3636 (WinBuild.160101.0800)
Description: Windows Media Player
Product: Microsoft? Windows? Operating System
Company: Microsoft Corporation
OriginalFileName: wmplayer.exe
CommandLine: ""C:\Program Files (x86)\Windows Media Player\wmplayer.exe"" /Relaunch  C:\Windows\Media\chimes.wav 
CurrentDirectory: C:\Program Files (x86)\Windows Media Player\
User: DESKTOP-EJG8QJC\Emil Jinu
LogonGuid: {3a35410f-6604-6928-c9e6-200000000000}
LogonId: 0x20E6C9
TerminalSessionId: 1
IntegrityLevel: Medium
Hashes: MD5=AB48E42633B738E114DB94CD99E919B7,SHA256=407E3AAE5E533719998055A1A949AB2EC6224EA42918A000596225E30C8D2BF8,IMPHASH=4C7D471D886B447BB6DF2D2962D0414C
ParentProcessGuid: {3a35410f-735d-6928-ca04-000000000b00}
ParentProcessId: 14532
ParentImage: C:\Program Files (x86)\Windows Media Player\setup_wm.exe
ParentCommandLine: ""C:\Program Files (x86)\Windows Media Player\setup_wm.exe"" /RunOnce:""C:\Program Files (x86)\Windows Media Player\wmplayer.exe"" C:\Windows\Media\chimes.wav 
ParentUser: DESKTOP-EJG8QJC\Emil Jinu"
"11/27/2025 9:20:59 PM","1","Information","Process Create:
RuleName: -
UtcTime: 2025-11-27 15:50:59.830
ProcessGuid: {3a35410f-7363-6928-cc04-000000000b00}
ProcessId: 11944
Image: C:\Windows\System32\unregmp2.exe
FileVersion: 12.0.19041.1 (WinBuild.160101.0800)
Description: Microsoft Windows Media Player Setup Utility
Product: Microsoft? Windows? Operating System
Company: Microsoft Corporation
OriginalFileName: unregmp2.exe
CommandLine: ""C:\Windows\SysNative\unregmp2.exe"" /ShowWMP /SetShowState /CreateMediaLibrary /REENTRANT
CurrentDirectory: C:\Program Files (x86)\Windows Media Player\
User: DESKTOP-EJG8QJC\Emil Jinu
LogonGuid: {3a35410f-6604-6928-c9e6-200000000000}
LogonId: 0x20E6C9
TerminalSessionId: 1
IntegrityLevel: Medium
Hashes: MD5=A6FC8CE566DEC7C5873CB9D02D7B874E,SHA256=21F41FEA24DDDC8A32F902AF7B0387A53A745013429D8FD3F5FA6916EADC839D,IMPHASH=1DE1DA351E000239456F4F921473BDC8
ParentProcessGuid: {3a35410f-7363-6928-cb04-000000000b00}
ParentProcessId: 15224
ParentImage: C:\Windows\SysWOW64\unregmp2.exe
ParentCommandLine: C:\Windows\system32\unregmp2.exe /ShowWMP /SetShowState /CreateMediaLibrary
ParentUser: DESKTOP-EJG8QJC\Emil Jinu"
"11/27/2025 9:20:59 PM","1","Information","Process Create:
RuleName: -
UtcTime: 2025-11-27 15:50:59.585
ProcessGuid: {3a35410f-7363-6928-cb04-000000000b00}
ProcessId: 15224
Image: C:\Windows\SysWOW64\unregmp2.exe
FileVersion: 12.0.19041.1 (WinBuild.160101.0800)
Description: Microsoft Windows Media Player Setup Utility
Product: Microsoft? Windows? Operating System
Company: Microsoft Corporation
OriginalFileName: unregmp2.exe
CommandLine: C:\Windows\system32\unregmp2.exe /ShowWMP /SetShowState /CreateMediaLibrary
CurrentDirectory: C:\Program Files (x86)\Windows Media Player\
User: DESKTOP-EJG8QJC\Emil Jinu
LogonGuid: {3a35410f-6604-6928-c9e6-200000000000}
LogonId: 0x20E6C9
TerminalSessionId: 1
IntegrityLevel: Medium
Hashes: MD5=51629AAAF753C6411D0B7D37620B7A83,SHA256=CC883043ADCCFA1DD61B3DA09D89940F3B97A6E74A09AA32D0D339B0553CD728,IMPHASH=567DEBB2A156B506ED421C435F1B2E33
ParentProcessGuid: {3a35410f-735d-6928-ca04-000000000b00}
ParentProcessId: 14532
ParentImage: C:\Program Files (x86)\Windows Media Player\setup_wm.exe
ParentCommandLine: ""C:\Program Files (x86)\Windows Media Player\setup_wm.exe"" /RunOnce:""C:\Program Files (x86)\Windows Media Player\wmplayer.exe"" C:\Windows\Media\chimes.wav 
ParentUser: DESKTOP-EJG8QJC\Emil Jinu"
"11/27/2025 9:20:56 PM","22","Information","Dns query:
RuleName: -
UtcTime: 2025-11-27 15:51:09.268
ProcessGuid: {3a35410f-735d-6928-ca04-000000000b00}
ProcessId: 14532
QueryName: wmploc.dll
QueryStatus: 9003
QueryResults: -
Image: C:\Program Files (x86)\Windows Media Player\setup_wm.exe
User: DESKTOP-EJG8QJC\Emil Jinu"
"11/27/2025 9:20:53 PM","1","Information","Process Create:
RuleName: -
UtcTime: 2025-11-27 15:50:53.630
ProcessGuid: {3a35410f-735d-6928-ca04-000000000b00}
ProcessId: 14532
Image: C:\Program Files (x86)\Windows Media Player\setup_wm.exe
FileVersion: 12.0.19041.3636 (WinBuild.160101.0800)
Description: Microsoft Windows Media Configuration Utility
Product: Microsoft? Windows? Operating System
Company: Microsoft Corporation
OriginalFileName: setup_wm.exe
CommandLine: ""C:\Program Files (x86)\Windows Media Player\setup_wm.exe"" /RunOnce:""C:\Program Files (x86)\Windows Media Player\wmplayer.exe"" C:\Windows\Media\chimes.wav 
CurrentDirectory: C:\Program Files (x86)\Windows Media Player\
User: DESKTOP-EJG8QJC\Emil Jinu
LogonGuid: {3a35410f-6604-6928-c9e6-200000000000}
LogonId: 0x20E6C9
TerminalSessionId: 1
IntegrityLevel: Medium
Hashes: MD5=1C2B37340F40DF180C09F86AE4E9B0B0,SHA256=4792570C93A2A2D93E91499F640620174983688A411B424B929CFC6CA4A18A87,IMPHASH=48EBCFB137B708C189F4B3BC42A1FA71
ParentProcessGuid: {3a35410f-735d-6928-c804-000000000b00}
ParentProcessId: 12376
ParentImage: C:\Program Files (x86)\Windows Media Player\wmplayer.exe
ParentCommandLine: ""C:\Program Files (x86)\Windows Media Player\wmplayer.exe"" C:\Windows\Media\chimes.wav 
ParentUser: DESKTOP-EJG8QJC\Emil Jinu"
"11/27/2025 9:20:53 PM","1","Information","Process Create:
RuleName: -
UtcTime: 2025-11-27 15:50:53.530
ProcessGuid: {3a35410f-735d-6928-c904-000000000b00}
ProcessId: 9260
Image: C:\Program Files (x86)\Windows Media Player\wmplayer.exe
FileVersion: 12.0.19041.3636 (WinBuild.160101.0800)
Description: Windows Media Player
Product: Microsoft? Windows? Operating System
Company: Microsoft Corporation
OriginalFileName: wmplayer.exe
CommandLine: ""C:\Program Files (x86)\Windows Media Player\wmplayer.exe"" C:\Windows\Media\notify.wav 
CurrentDirectory: C:\Users\Emil Jinu\
User: DESKTOP-EJG8QJC\Emil Jinu
LogonGuid: {3a35410f-6604-6928-c9e6-200000000000}
LogonId: 0x20E6C9
TerminalSessionId: 1
IntegrityLevel: Medium
Hashes: MD5=AB48E42633B738E114DB94CD99E919B7,SHA256=407E3AAE5E533719998055A1A949AB2EC6224EA42918A000596225E30C8D2BF8,IMPHASH=4C7D471D886B447BB6DF2D2962D0414C
ParentProcessGuid: {3a35410f-717b-6928-7704-000000000b00}
ParentProcessId: 9908
ParentImage: C:\Windows\System32\WindowsPowerShell\v1.0\powershell.exe
ParentCommandLine: ""C:\Windows\System32\WindowsPowerShell\v1.0\powershell.exe"" 
ParentUser: DESKTOP-EJG8QJC\Emil Jinu"
"11/27/2025 9:20:53 PM","1","Information","Process Create:
RuleName: -
UtcTime: 2025-11-27 15:50:53.488
ProcessGuid: {3a35410f-735d-6928-c804-000000000b00}
ProcessId: 12376
Image: C:\Program Files (x86)\Windows Media Player\wmplayer.exe
FileVersion: 12.0.19041.3636 (WinBuild.160101.0800)
Description: Windows Media Player
Product: Microsoft? Windows? Operating System
Company: Microsoft Corporation
OriginalFileName: wmplayer.exe
CommandLine: ""C:\Program Files (x86)\Windows Media Player\wmplayer.exe"" C:\Windows\Media\chimes.wav 
CurrentDirectory: C:\Users\Emil Jinu\
User: DESKTOP-EJG8QJC\Emil Jinu
LogonGuid: {3a35410f-6604-6928-c9e6-200000000000}
LogonId: 0x20E6C9
TerminalSessionId: 1
IntegrityLevel: Medium
Hashes: MD5=AB48E42633B738E114DB94CD99E919B7,SHA256=407E3AAE5E533719998055A1A949AB2EC6224EA42918A000596225E30C8D2BF8,IMPHASH=4C7D471D886B447BB6DF2D2962D0414C
ParentProcessGuid: {3a35410f-717b-6928-7704-000000000b00}
ParentProcessId: 9908
ParentImage: C:\Windows\System32\WindowsPowerShell\v1.0\powershell.exe
ParentCommandLine: ""C:\Windows\System32\WindowsPowerShell\v1.0\powershell.exe"" 
ParentUser: DESKTOP-EJG8QJC\Emil Jinu"
"11/27/2025 9:20:42 PM","13","Information","Registry value set:
RuleName: InvDB-Ver
EventType: SetValue
UtcTime: 2025-11-27 15:50:42.157
ProcessGuid: {3a35410f-656a-6928-3e00-000000000b00}
ProcessId: 2740
Image: C:\Windows\System32\svchost.exe
TargetObject: \REGISTRY\A\{9309e89c-9321-cf1a-3889-0090faa6586f}\Root\InventoryApplicationFile\spoolsv.exe|1bb2eb6a2f17a3d0\BinProductVersion
Details: 10.0.19041.6093
User: NT AUTHORITY\SYSTEM"
"11/27/2025 9:20:42 PM","13","Information","Registry value set:
RuleName: InvDB-CompileTimeClaim
EventType: SetValue
UtcTime: 2025-11-27 15:50:42.157
ProcessGuid: {3a35410f-656a-6928-3e00-000000000b00}
ProcessId: 2740
Image: C:\Windows\System32\svchost.exe
TargetObject: \REGISTRY\A\{9309e89c-9321-cf1a-3889-0090faa6586f}\Root\InventoryApplicationFile\spoolsv.exe|1bb2eb6a2f17a3d0\LinkDate
Details: 05/26/2104 23:27:28
User: NT AUTHORITY\SYSTEM"
"11/27/2025 9:20:42 PM","13","Information","Registry value set:
RuleName: InvDB-Pub
EventType: SetValue
UtcTime: 2025-11-27 15:50:42.157
ProcessGuid: {3a35410f-656a-6928-3e00-000000000b00}
ProcessId: 2740
Image: C:\Windows\System32\svchost.exe
TargetObject: \REGISTRY\A\{9309e89c-9321-cf1a-3889-0090faa6586f}\Root\InventoryApplicationFile\spoolsv.exe|1bb2eb6a2f17a3d0\Publisher
Details: microsoft corporation
User: NT AUTHORITY\SYSTEM"
"11/27/2025 9:20:42 PM","13","Information","Registry value set:
RuleName: InvDB-Path
EventType: SetValue
UtcTime: 2025-11-27 15:50:42.157
ProcessGuid: {3a35410f-656a-6928-3e00-000000000b00}
ProcessId: 2740
Image: C:\Windows\System32\svchost.exe
TargetObject: \REGISTRY\A\{9309e89c-9321-cf1a-3889-0090faa6586f}\Root\InventoryApplicationFile\spoolsv.exe|1bb2eb6a2f17a3d0\LowerCaseLongPath
Details: c:\windows\system32\spoolsv.exe
User: NT AUTHORITY\SYSTEM"
"11/27/2025 9:20:41 PM","1","Information","Process Create:
RuleName: -
UtcTime: 2025-11-27 15:50:41.968
ProcessGuid: {3a35410f-7351-6928-c704-000000000b00}
ProcessId: 13772
Image: C:\Windows\System32\printfilterpipelinesvc.exe
FileVersion: 10.0.19041.5794 (WinBuild.160101.0800)
Description: Print Filter Pipeline Host
Product: Microsoft? Windows? Operating System
Company: Microsoft Corporation
OriginalFileName: PrintFilterPipelineSvc.exe
CommandLine: C:\Windows\system32\printfilterpipelinesvc.exe -Embedding
CurrentDirectory: C:\Windows\system32\
User: NT AUTHORITY\LOCAL SERVICE
LogonGuid: {3a35410f-6568-6928-e503-000000000000}
LogonId: 0x3E5
TerminalSessionId: 0
IntegrityLevel: System
Hashes: MD5=6C5AECFA3172323F18E6656A3216FE72,SHA256=F19A1D0FF0E12D26A2CA3E2C1CE82541FA60E1ECE98BD4E5F4DD46E0BC3EA9F9,IMPHASH=7E741492D02A432AC0108AD7FE9490CB
ParentProcessGuid: {3a35410f-6567-6928-0d00-000000000b00}
ParentProcessId: 848
ParentImage: C:\Windows\System32\svchost.exe
ParentCommandLine: C:\Windows\system32\svchost.exe -k DcomLaunch -p
ParentUser: NT AUTHORITY\SYSTEM"
"11/27/2025 9:20:32 PM","1","Information","Process Create:
RuleName: -
UtcTime: 2025-11-27 15:50:32.016
ProcessGuid: {3a35410f-7348-6928-c504-000000000b00}
ProcessId: 11824
Image: C:\Windows\System32\notepad.exe
FileVersion: 10.0.19041.5794 (WinBuild.160101.0800)
Description: Notepad
Product: Microsoft? Windows? Operating System
Company: Microsoft Corporation
OriginalFileName: NOTEPAD.EXE
CommandLine: ""C:\Windows\system32\NOTEPAD.EXE"" /p C:\Users\Public\TempLogs\printme.txt
CurrentDirectory: C:\Users\Emil Jinu\
User: DESKTOP-EJG8QJC\Emil Jinu
LogonGuid: {3a35410f-6604-6928-c9e6-200000000000}
LogonId: 0x20E6C9
TerminalSessionId: 1
IntegrityLevel: Medium
Hashes: MD5=6F51BCABF1B2B34AD7E670AEE6DA451F,SHA256=DA5807BB0997CC6B5132950EC87EDA2B33B1AC4533CF1F7A22A6F3B576ED7C5B,IMPHASH=09ED737A03DB7295BF734A9953F6EB5E
ParentProcessGuid: {3a35410f-717b-6928-7704-000000000b00}
ParentProcessId: 9908
ParentImage: C:\Windows\System32\WindowsPowerShell\v1.0\powershell.exe
ParentCommandLine: ""C:\Windows\System32\WindowsPowerShell\v1.0\powershell.exe"" 
ParentUser: DESKTOP-EJG8QJC\Emil Jinu"
"11/27/2025 9:19:24 PM","1","Information","Process Create:
RuleName: -
UtcTime: 2025-11-27 15:49:24.735
ProcessGuid: {3a35410f-7304-6928-c104-000000000b00}
ProcessId: 8080
Image: C:\Windows\System32\backgroundTaskHost.exe
FileVersion: 10.0.19041.3636 (WinBuild.160101.0800)
Description: Background Task Host
Product: Microsoft? Windows? Operating System
Company: Microsoft Corporation
OriginalFileName: backgroundTaskHost.exe
CommandLine: ""C:\Windows\system32\backgroundTaskHost.exe"" -ServerName:App.AppXapskvk16gk8da8kch5g4qxh42vxccved.mca
CurrentDirectory: C:\Program Files\WindowsApps\Microsoft.YourPhone_1.25072.79.0_x64__8wekyb3d8bbwe\
User: DESKTOP-EJG8QJC\Emil Jinu
LogonGuid: {3a35410f-6604-6928-c9e6-200000000000}
LogonId: 0x20E6C9
TerminalSessionId: 1
IntegrityLevel: Medium
Hashes: MD5=D4F3D9A5EC7B4EE9E7C9694E7C72DD45,SHA256=7077CBF56490C86FC74C0CC6C0379AB679F06A066E71906AD23458F664836449,IMPHASH=D2ACF1CBC4A6DB14A34C687B9362D66B
ParentProcessGuid: {3a35410f-6567-6928-0d00-000000000b00}
ParentProcessId: 848
ParentImage: C:\Windows\System32\svchost.exe
ParentCommandLine: C:\Windows\system32\svchost.exe -k DcomLaunch -p
ParentUser: NT AUTHORITY\SYSTEM"
"11/27/2025 9:19:24 PM","1","Information","Process Create:
RuleName: -
UtcTime: 2025-11-27 15:49:24.649
ProcessGuid: {3a35410f-7304-6928-c004-000000000b00}
ProcessId: 11408
Image: C:\Windows\System32\svchost.exe
FileVersion: 10.0.19041.5794 (WinBuild.160101.0800)
Description: Host Process for Windows Services
Product: Microsoft? Windows? Operating System
Company: Microsoft Corporation
OriginalFileName: svchost.exe
CommandLine: C:\Windows\system32\svchost.exe -k LocalSystemNetworkRestricted -p -s DevQueryBroker
CurrentDirectory: C:\Windows\system32\
User: NT AUTHORITY\SYSTEM
LogonGuid: {3a35410f-6567-6928-e703-000000000000}
LogonId: 0x3E7
TerminalSessionId: 0
IntegrityLevel: System
Hashes: MD5=3D1034D6ED3DAED60816A25C561E8C83,SHA256=B0B36BFF7AE4057F687D839CD4B3D81159AB646F1EE1B22106A927E93DECBB61,IMPHASH=F9BBD96FAE53B7A31264A703CAFA0666
ParentProcessGuid: {3a35410f-6567-6928-0b00-000000000b00}
ParentProcessId: 708
ParentImage: C:\Windows\System32\services.exe
ParentCommandLine: C:\Windows\system32\services.exe
ParentUser: NT AUTHORITY\SYSTEM"
"11/27/2025 9:19:23 PM","1","Information","Process Create:
RuleName: -
UtcTime: 2025-11-27 15:49:23.357
ProcessGuid: {3a35410f-7303-6928-ba04-000000000b00}
ProcessId: 6944
Image: C:\Windows\System32\backgroundTaskHost.exe
FileVersion: 10.0.19041.3636 (WinBuild.160101.0800)
Description: Background Task Host
Product: Microsoft? Windows? Operating System
Company: Microsoft Corporation
OriginalFileName: backgroundTaskHost.exe
CommandLine: ""C:\Windows\system32\backgroundTaskHost.exe"" -ServerName:App.AppXapskvk16gk8da8kch5g4qxh42vxccved.mca
CurrentDirectory: C:\Program Files\WindowsApps\Microsoft.YourPhone_1.25072.79.0_x64__8wekyb3d8bbwe\
User: DESKTOP-EJG8QJC\Emil Jinu
LogonGuid: {3a35410f-6604-6928-c9e6-200000000000}
LogonId: 0x20E6C9
TerminalSessionId: 1
IntegrityLevel: Medium
Hashes: MD5=D4F3D9A5EC7B4EE9E7C9694E7C72DD45,SHA256=7077CBF56490C86FC74C0CC6C0379AB679F06A066E71906AD23458F664836449,IMPHASH=D2ACF1CBC4A6DB14A34C687B9362D66B
ParentProcessGuid: {3a35410f-6567-6928-0d00-000000000b00}
ParentProcessId: 848
ParentImage: C:\Windows\System32\svchost.exe
ParentCommandLine: C:\Windows\system32\svchost.exe -k DcomLaunch -p
ParentUser: NT AUTHORITY\SYSTEM"
"11/27/2025 9:19:21 PM","13","Information","Registry value set:
RuleName: InvDB-Ver
EventType: SetValue
UtcTime: 2025-11-27 15:49:21.256
ProcessGuid: {3a35410f-656a-6928-3e00-000000000b00}
ProcessId: 2740
Image: C:\Windows\System32\svchost.exe
TargetObject: \REGISTRY\A\{9309e89c-9321-cf1a-3889-0090faa6586f}\Root\InventoryApplicationFile\tasklist.exe|3893e62d98a2e84e\BinProductVersion
Details: 10.0.19041.1
User: NT AUTHORITY\SYSTEM"
"11/27/2025 9:19:21 PM","13","Information","Registry value set:
RuleName: InvDB-CompileTimeClaim
EventType: SetValue
UtcTime: 2025-11-27 15:49:21.256
ProcessGuid: {3a35410f-656a-6928-3e00-000000000b00}
ProcessId: 2740
Image: C:\Windows\System32\svchost.exe
TargetObject: \REGISTRY\A\{9309e89c-9321-cf1a-3889-0090faa6586f}\Root\InventoryApplicationFile\tasklist.exe|3893e62d98a2e84e\LinkDate
Details: 04/01/2060 10:05:50
User: NT AUTHORITY\SYSTEM"
"11/27/2025 9:19:21 PM","13","Information","Registry value set:
RuleName: InvDB-Pub
EventType: SetValue
UtcTime: 2025-11-27 15:49:21.256
ProcessGuid: {3a35410f-656a-6928-3e00-000000000b00}
ProcessId: 2740
Image: C:\Windows\System32\svchost.exe
TargetObject: \REGISTRY\A\{9309e89c-9321-cf1a-3889-0090faa6586f}\Root\InventoryApplicationFile\tasklist.exe|3893e62d98a2e84e\Publisher
Details: microsoft corporation
User: NT AUTHORITY\SYSTEM"
"11/27/2025 9:19:21 PM","13","Information","Registry value set:
RuleName: InvDB-Path
EventType: SetValue
UtcTime: 2025-11-27 15:49:21.256
ProcessGuid: {3a35410f-656a-6928-3e00-000000000b00}
ProcessId: 2740
Image: C:\Windows\System32\svchost.exe
TargetObject: \REGISTRY\A\{9309e89c-9321-cf1a-3889-0090faa6586f}\Root\InventoryApplicationFile\tasklist.exe|3893e62d98a2e84e\LowerCaseLongPath
Details: c:\windows\system32\tasklist.exe
User: NT AUTHORITY\SYSTEM"
"11/27/2025 9:19:20 PM","13","Information","Registry value set:
RuleName: InvDB-Ver
EventType: SetValue
UtcTime: 2025-11-27 15:49:20.895
ProcessGuid: {3a35410f-656a-6928-3e00-000000000b00}
ProcessId: 2740
Image: C:\Windows\System32\svchost.exe
TargetObject: \REGISTRY\A\{9309e89c-9321-cf1a-3889-0090faa6586f}\Root\InventoryApplicationFile\systeminfo.exe|73ab134f29142e6e\BinProductVersion
Details: 10.0.19041.1
User: NT AUTHORITY\SYSTEM"
"11/27/2025 9:19:20 PM","13","Information","Registry value set:
RuleName: InvDB-CompileTimeClaim
EventType: SetValue
UtcTime: 2025-11-27 15:49:20.895
ProcessGuid: {3a35410f-656a-6928-3e00-000000000b00}
ProcessId: 2740
Image: C:\Windows\System32\svchost.exe
TargetObject: \REGISTRY\A\{9309e89c-9321-cf1a-3889-0090faa6586f}\Root\InventoryApplicationFile\systeminfo.exe|73ab134f29142e6e\LinkDate
Details: 11/23/1973 19:55:28
User: NT AUTHORITY\SYSTEM"
"11/27/2025 9:19:20 PM","13","Information","Registry value set:
RuleName: InvDB-Pub
EventType: SetValue
UtcTime: 2025-11-27 15:49:20.895
ProcessGuid: {3a35410f-656a-6928-3e00-000000000b00}
ProcessId: 2740
Image: C:\Windows\System32\svchost.exe
TargetObject: \REGISTRY\A\{9309e89c-9321-cf1a-3889-0090faa6586f}\Root\InventoryApplicationFile\systeminfo.exe|73ab134f29142e6e\Publisher
Details: microsoft corporation
User: NT AUTHORITY\SYSTEM"
"11/27/2025 9:19:20 PM","13","Information","Registry value set:
RuleName: InvDB-Path
EventType: SetValue
UtcTime: 2025-11-27 15:49:20.895
ProcessGuid: {3a35410f-656a-6928-3e00-000000000b00}
ProcessId: 2740
Image: C:\Windows\System32\svchost.exe
TargetObject: \REGISTRY\A\{9309e89c-9321-cf1a-3889-0090faa6586f}\Root\InventoryApplicationFile\systeminfo.exe|73ab134f29142e6e\LowerCaseLongPath
Details: c:\windows\system32\systeminfo.exe
User: NT AUTHORITY\SYSTEM"
"11/27/2025 9:19:20 PM","1","Information","Process Create:
RuleName: -
UtcTime: 2025-11-27 15:49:20.532
ProcessGuid: {3a35410f-7300-6928-b604-000000000b00}
ProcessId: 8500
Image: C:\Windows\System32\tasklist.exe
FileVersion: 10.0.19041.1 (WinBuild.160101.0800)
Description: Lists the current running tasks
Product: Microsoft? Windows? Operating System
Company: Microsoft Corporation
OriginalFileName: tasklist.exe
CommandLine: ""C:\Windows\system32\tasklist.exe""
CurrentDirectory: C:\Users\Emil Jinu\
User: DESKTOP-EJG8QJC\Emil Jinu
LogonGuid: {3a35410f-6604-6928-c9e6-200000000000}
LogonId: 0x20E6C9
TerminalSessionId: 1
IntegrityLevel: Medium
Hashes: MD5=D0A49A170E13D7F6AEBBEFED9DF88AAA,SHA256=BE7241A74FE9A9D30E0631E41533A362B21C8F7AAE3E5B6AD319CC15C024EC3F,IMPHASH=4C8D21C644C980DB3FF94E27BAD14C18
ParentProcessGuid: {3a35410f-717b-6928-7704-000000000b00}
ParentProcessId: 9908
ParentImage: C:\Windows\System32\WindowsPowerShell\v1.0\powershell.exe
ParentCommandLine: ""C:\Windows\System32\WindowsPowerShell\v1.0\powershell.exe"" 
ParentUser: DESKTOP-EJG8QJC\Emil Jinu"
"11/27/2025 9:19:20 PM","1","Information","Process Create:
RuleName: -
UtcTime: 2025-11-27 15:49:20.141
ProcessGuid: {3a35410f-7300-6928-b504-000000000b00}
ProcessId: 4768
Image: C:\Windows\WinSxS\amd64_microsoft-windows-servicingstack_31bf3856ad364e35_10.0.19041.6449_none_7e0d59887c8e1467\TiWorker.exe
FileVersion: 10.0.19041.6449 (WinBuild.160101.0800)
Description: Windows Modules Installer Worker
Product: Microsoft? Windows? Operating System
Company: Microsoft Corporation
OriginalFileName: TiWorker.exe
CommandLine: C:\Windows\winsxs\amd64_microsoft-windows-servicingstack_31bf3856ad364e35_10.0.19041.6449_none_7e0d59887c8e1467\TiWorker.exe -Embedding
CurrentDirectory: C:\Windows\system32\
User: NT AUTHORITY\SYSTEM
LogonGuid: {3a35410f-6567-6928-e703-000000000000}
LogonId: 0x3E7
TerminalSessionId: 0
IntegrityLevel: System
Hashes: MD5=C814A5844B037DF5271494CE580837B2,SHA256=606D88DADCDE114EEE163B871B88BFB2FFC562D122A6A1102B970E68142A2914,IMPHASH=2409EC1E105B0DDA91B9CEBA0B44162F
ParentProcessGuid: {3a35410f-6567-6928-0d00-000000000b00}
ParentProcessId: 848
ParentImage: C:\Windows\System32\svchost.exe
ParentCommandLine: C:\Windows\system32\svchost.exe -k DcomLaunch -p
ParentUser: NT AUTHORITY\SYSTEM"
"11/27/2025 9:19:20 PM","1","Information","Process Create:
RuleName: -
UtcTime: 2025-11-27 15:49:20.102
ProcessGuid: {3a35410f-7300-6928-b404-000000000b00}
ProcessId: 8960
Image: C:\Windows\servicing\TrustedInstaller.exe
FileVersion: 10.0.19041.6033 (WinBuild.160101.0800)
Description: Windows Modules Installer
Product: Microsoft? Windows? Operating System
Company: Microsoft Corporation
OriginalFileName: TrustedInstaller.exe
CommandLine: C:\Windows\servicing\TrustedInstaller.exe
CurrentDirectory: C:\Windows\system32\
User: NT AUTHORITY\SYSTEM
LogonGuid: {3a35410f-6567-6928-e703-000000000000}
LogonId: 0x3E7
TerminalSessionId: 0
IntegrityLevel: System
Hashes: MD5=7AD303939D1A9FECD6ECADD773B4ADEF,SHA256=4A91D438B383AFAAB9015C6A4C5BDAD04EF4A3FDF010FCC2433EED7AA471F311,IMPHASH=0573E2F86BB45402DB86E0CB5DC66EDC
ParentProcessGuid: {3a35410f-6567-6928-0b00-000000000b00}
ParentProcessId: 708
ParentImage: C:\Windows\System32\services.exe
ParentCommandLine: C:\Windows\system32\services.exe
ParentUser: NT AUTHORITY\SYSTEM"
"11/27/2025 9:19:19 PM","13","Information","Registry value set:
RuleName: InvDB-Ver
EventType: SetValue
UtcTime: 2025-11-27 15:49:19.372
ProcessGuid: {3a35410f-656a-6928-3e00-000000000b00}
ProcessId: 2740
Image: C:\Windows\System32\svchost.exe
TargetObject: \REGISTRY\A\{9309e89c-9321-cf1a-3889-0090faa6586f}\Root\InventoryApplicationFile\ipconfig.exe|f016c444ac6dab3a\BinProductVersion
Details: 10.0.19041.1
User: NT AUTHORITY\SYSTEM"
"11/27/2025 9:19:19 PM","13","Information","Registry value set:
RuleName: InvDB-CompileTimeClaim
EventType: SetValue
UtcTime: 2025-11-27 15:49:19.372
ProcessGuid: {3a35410f-656a-6928-3e00-000000000b00}
ProcessId: 2740
Image: C:\Windows\System32\svchost.exe
TargetObject: \REGISTRY\A\{9309e89c-9321-cf1a-3889-0090faa6586f}\Root\InventoryApplicationFile\ipconfig.exe|f016c444ac6dab3a\LinkDate
Details: 01/14/2021 15:04:03
User: NT AUTHORITY\SYSTEM"
"11/27/2025 9:19:19 PM","13","Information","Registry value set:
RuleName: InvDB-Pub
EventType: SetValue
UtcTime: 2025-11-27 15:49:19.372
ProcessGuid: {3a35410f-656a-6928-3e00-000000000b00}
ProcessId: 2740
Image: C:\Windows\System32\svchost.exe
TargetObject: \REGISTRY\A\{9309e89c-9321-cf1a-3889-0090faa6586f}\Root\InventoryApplicationFile\ipconfig.exe|f016c444ac6dab3a\Publisher
Details: microsoft corporation
User: NT AUTHORITY\SYSTEM"
"11/27/2025 9:19:19 PM","13","Information","Registry value set:
RuleName: InvDB-Path
EventType: SetValue
UtcTime: 2025-11-27 15:49:19.372
ProcessGuid: {3a35410f-656a-6928-3e00-000000000b00}
ProcessId: 2740
Image: C:\Windows\System32\svchost.exe
TargetObject: \REGISTRY\A\{9309e89c-9321-cf1a-3889-0090faa6586f}\Root\InventoryApplicationFile\ipconfig.exe|f016c444ac6dab3a\LowerCaseLongPath
Details: c:\windows\system32\ipconfig.exe
User: NT AUTHORITY\SYSTEM"
"11/27/2025 9:19:18 PM","1","Information","Process Create:
RuleName: -
UtcTime: 2025-11-27 15:49:18.983
ProcessGuid: {3a35410f-72fe-6928-b204-000000000b00}
ProcessId: 5764
Image: C:\Windows\System32\systeminfo.exe
FileVersion: 10.0.19041.1 (WinBuild.160101.0800)
Description: Displays system information
Product: Microsoft? Windows? Operating System
Company: Microsoft Corporation
OriginalFileName: sysinfo.exe
CommandLine: ""C:\Windows\system32\systeminfo.exe""
CurrentDirectory: C:\Users\Emil Jinu\
User: DESKTOP-EJG8QJC\Emil Jinu
LogonGuid: {3a35410f-6604-6928-c9e6-200000000000}
LogonId: 0x20E6C9
TerminalSessionId: 1
IntegrityLevel: Medium
Hashes: MD5=EE309A9C61511E907D87B10EF226FDCD,SHA256=6F87CAA51BDEA802045BB281FC2686A3C76364C26A3FFE6C2CCAC4AF5F9DB37B,IMPHASH=C7C3DF13F22D7A13802E6509367A5830
ParentProcessGuid: {3a35410f-717b-6928-7704-000000000b00}
ParentProcessId: 9908
ParentImage: C:\Windows\System32\WindowsPowerShell\v1.0\powershell.exe
ParentCommandLine: ""C:\Windows\System32\WindowsPowerShell\v1.0\powershell.exe"" 
ParentUser: DESKTOP-EJG8QJC\Emil Jinu"
"11/27/2025 9:19:18 PM","1","Information","Process Create:
RuleName: -
UtcTime: 2025-11-27 15:49:18.727
ProcessGuid: {3a35410f-72fe-6928-b104-000000000b00}
ProcessId: 8176
Image: C:\Windows\System32\ipconfig.exe
FileVersion: 10.0.19041.1 (WinBuild.160101.0800)
Description: IP Configuration Utility
Product: Microsoft? Windows? Operating System
Company: Microsoft Corporation
OriginalFileName: ipconfig.exe
CommandLine: ""C:\Windows\system32\ipconfig.exe"" /all
CurrentDirectory: C:\Users\Emil Jinu\
User: DESKTOP-EJG8QJC\Emil Jinu
LogonGuid: {3a35410f-6604-6928-c9e6-200000000000}
LogonId: 0x20E6C9
TerminalSessionId: 1
IntegrityLevel: Medium
Hashes: MD5=62F170FB07FDBB79CEB7147101406EB8,SHA256=53E000F5AA9B3A00934319DB8080BB99CB323BF48FC628A64F75D7847C265606,IMPHASH=1002D523645A81BC52877D82D9E88417
ParentProcessGuid: {3a35410f-717b-6928-7704-000000000b00}
ParentProcessId: 9908
ParentImage: C:\Windows\System32\WindowsPowerShell\v1.0\powershell.exe
ParentCommandLine: ""C:\Windows\System32\WindowsPowerShell\v1.0\powershell.exe"" 
ParentUser: DESKTOP-EJG8QJC\Emil Jinu"
"11/27/2025 9:19:12 PM","1","Information","Process Create:
RuleName: -
UtcTime: 2025-11-27 15:49:12.504
ProcessGuid: {3a35410f-72f8-6928-b004-000000000b00}
ProcessId: 6252
Image: C:\Windows\System32\notepad.exe
FileVersion: 10.0.19041.5794 (WinBuild.160101.0800)
Description: Notepad
Product: Microsoft? Windows? Operating System
Company: Microsoft Corporation
OriginalFileName: NOTEPAD.EXE
CommandLine: ""C:\Windows\system32\notepad.exe"" 
CurrentDirectory: C:\Windows\system32\
User: DESKTOP-EJG8QJC\Emil Jinu
LogonGuid: {3a35410f-6604-6928-9de6-200000000000}
LogonId: 0x20E69D
TerminalSessionId: 1
IntegrityLevel: High
Hashes: MD5=6F51BCABF1B2B34AD7E670AEE6DA451F,SHA256=DA5807BB0997CC6B5132950EC87EDA2B33B1AC4533CF1F7A22A6F3B576ED7C5B,IMPHASH=09ED737A03DB7295BF734A9953F6EB5E
ParentProcessGuid: {3a35410f-717b-6928-7704-000000000b00}
ParentProcessId: 9908
ParentImage: C:\Windows\System32\WindowsPowerShell\v1.0\powershell.exe
ParentCommandLine: ""C:\Windows\System32\WindowsPowerShell\v1.0\powershell.exe"" 
ParentUser: DESKTOP-EJG8QJC\Emil Jinu"
"11/27/2025 9:19:12 PM","1","Information","Process Create:
RuleName: -
UtcTime: 2025-11-27 15:49:12.500
ProcessGuid: {3a35410f-72f8-6928-af04-000000000b00}
ProcessId: 13364
Image: C:\Windows\System32\AtBroker.exe
FileVersion: 10.0.19041.4355 (WinBuild.160101.0800)
Description: Windows Assistive Technology Manager
Product: Microsoft? Windows? Operating System
Company: Microsoft Corporation
OriginalFileName: ATBroker.exe
CommandLine: atbroker.exe
CurrentDirectory: C:\Windows\system32\
User: DESKTOP-EJG8QJC\Emil Jinu
LogonGuid: {3a35410f-6604-6928-c9e6-200000000000}
LogonId: 0x20E6C9
TerminalSessionId: 1
IntegrityLevel: Medium
Hashes: MD5=D0671A805A2E76925DE3154741289B08,SHA256=D3EB72A2E4BC302D15D1B6DCA9B4E0EFE550D40351D5C90700D8B3D7314C2830,IMPHASH=468490D98938AAE93ECC62C54A775DC2
ParentProcessGuid: {3a35410f-6567-6928-0a00-000000000b00}
ParentProcessId: 652
ParentImage: C:\Windows\System32\winlogon.exe
ParentCommandLine: winlogon.exe
ParentUser: NT AUTHORITY\SYSTEM"
"11/27/2025 9:19:11 PM","13","Information","Registry value set:
RuleName: InvDB-Ver
EventType: SetValue
UtcTime: 2025-11-27 15:49:11.831
ProcessGuid: {3a35410f-656a-6928-3e00-000000000b00}
ProcessId: 2740
Image: C:\Windows\System32\svchost.exe
TargetObject: \REGISTRY\A\{9309e89c-9321-cf1a-3889-0090faa6586f}\Root\InventoryApplicationFile\sethc.exe|d3768ec0f48ca36c\BinProductVersion
Details: 10.0.19041.4355
User: NT AUTHORITY\SYSTEM"
"11/27/2025 9:19:11 PM","13","Information","Registry value set:
RuleName: InvDB-CompileTimeClaim
EventType: SetValue
UtcTime: 2025-11-27 15:49:11.831
ProcessGuid: {3a35410f-656a-6928-3e00-000000000b00}
ProcessId: 2740
Image: C:\Windows\System32\svchost.exe
TargetObject: \REGISTRY\A\{9309e89c-9321-cf1a-3889-0090faa6586f}\Root\InventoryApplicationFile\sethc.exe|d3768ec0f48ca36c\LinkDate
Details: 06/17/2006 14:39:08
User: NT AUTHORITY\SYSTEM"
"11/27/2025 9:19:11 PM","13","Information","Registry value set:
RuleName: InvDB-Pub
EventType: SetValue
UtcTime: 2025-11-27 15:49:11.831
ProcessGuid: {3a35410f-656a-6928-3e00-000000000b00}
ProcessId: 2740
Image: C:\Windows\System32\svchost.exe
TargetObject: \REGISTRY\A\{9309e89c-9321-cf1a-3889-0090faa6586f}\Root\InventoryApplicationFile\sethc.exe|d3768ec0f48ca36c\Publisher
Details: microsoft corporation
User: NT AUTHORITY\SYSTEM"
"11/27/2025 9:19:11 PM","13","Information","Registry value set:
RuleName: InvDB-Path
EventType: SetValue
UtcTime: 2025-11-27 15:49:11.831
ProcessGuid: {3a35410f-656a-6928-3e00-000000000b00}
ProcessId: 2740
Image: C:\Windows\System32\svchost.exe
TargetObject: \REGISTRY\A\{9309e89c-9321-cf1a-3889-0090faa6586f}\Root\InventoryApplicationFile\sethc.exe|d3768ec0f48ca36c\LowerCaseLongPath
Details: c:\windows\system32\sethc.exe
User: NT AUTHORITY\SYSTEM"
"11/27/2025 9:19:11 PM","13","Information","Registry value set:
RuleName: InvDB-Ver
EventType: SetValue
UtcTime: 2025-11-27 15:49:11.831
ProcessGuid: {3a35410f-656a-6928-3e00-000000000b00}
ProcessId: 2740
Image: C:\Windows\System32\svchost.exe
TargetObject: \REGISTRY\A\{9309e89c-9321-cf1a-3889-0090faa6586f}\Root\InventoryApplicationFile\atbroker.exe|4a2d9d7bd1dc130a\BinProductVersion
Details: 10.0.19041.4355
User: NT AUTHORITY\SYSTEM"
"11/27/2025 9:19:11 PM","13","Information","Registry value set:
RuleName: InvDB-CompileTimeClaim
EventType: SetValue
UtcTime: 2025-11-27 15:49:11.831
ProcessGuid: {3a35410f-656a-6928-3e00-000000000b00}
ProcessId: 2740
Image: C:\Windows\System32\svchost.exe
TargetObject: \REGISTRY\A\{9309e89c-9321-cf1a-3889-0090faa6586f}\Root\InventoryApplicationFile\atbroker.exe|4a2d9d7bd1dc130a\LinkDate
Details: 07/11/2025 10:53:45
User: NT AUTHORITY\SYSTEM"
"11/27/2025 9:19:11 PM","13","Information","Registry value set:
RuleName: InvDB-Pub
EventType: SetValue
UtcTime: 2025-11-27 15:49:11.831
ProcessGuid: {3a35410f-656a-6928-3e00-000000000b00}
ProcessId: 2740
Image: C:\Windows\System32\svchost.exe
TargetObject: \REGISTRY\A\{9309e89c-9321-cf1a-3889-0090faa6586f}\Root\InventoryApplicationFile\atbroker.exe|4a2d9d7bd1dc130a\Publisher
Details: microsoft corporation
User: NT AUTHORITY\SYSTEM"
"11/27/2025 9:19:11 PM","13","Information","Registry value set:
RuleName: InvDB-Path
EventType: SetValue
UtcTime: 2025-11-27 15:49:11.831
ProcessGuid: {3a35410f-656a-6928-3e00-000000000b00}
ProcessId: 2740
Image: C:\Windows\System32\svchost.exe
TargetObject: \REGISTRY\A\{9309e89c-9321-cf1a-3889-0090faa6586f}\Root\InventoryApplicationFile\atbroker.exe|4a2d9d7bd1dc130a\LowerCaseLongPath
Details: c:\windows\system32\atbroker.exe
User: NT AUTHORITY\SYSTEM"
"11/27/2025 9:19:11 PM","1","Information","Process Create:
RuleName: -
UtcTime: 2025-11-27 15:49:11.375
ProcessGuid: {3a35410f-72f7-6928-ae04-000000000b00}
ProcessId: 8640
Image: C:\Windows\System32\sethc.exe
FileVersion: 10.0.19041.4355 (WinBuild.160101.0800)
Description: Accessibility shortcut keys
Product: Microsoft? Windows? Operating System
Company: Microsoft Corporation
OriginalFileName: sethc.exe
CommandLine: ""C:\Windows\System32\Sethc.exe"" /AccessibilitySoundAgent
CurrentDirectory: C:\Windows\system32\
User: NT AUTHORITY\SYSTEM
LogonGuid: {3a35410f-6567-6928-e703-000000000000}
LogonId: 0x3E7
TerminalSessionId: 1
IntegrityLevel: System
Hashes: MD5=6757FB47E95B8DB4F5D1C857B13642DC,SHA256=7B58305C6200E683AF425A8FCA93FCFCAA181A853529AE67BB368804FFE44EE9,IMPHASH=75513610A189F950956F5109A96D84D3
ParentProcessGuid: {3a35410f-72f7-6928-ac04-000000000b00}
ParentProcessId: 13336
ParentImage: C:\Windows\System32\AtBroker.exe
ParentCommandLine: atbroker.exe
ParentUser: NT AUTHORITY\SYSTEM"
"11/27/2025 9:19:11 PM","1","Information","Process Create:
RuleName: -
UtcTime: 2025-11-27 15:49:11.216
ProcessGuid: {3a35410f-72f7-6928-ac04-000000000b00}
ProcessId: 13336
Image: C:\Windows\System32\AtBroker.exe
FileVersion: 10.0.19041.4355 (WinBuild.160101.0800)
Description: Windows Assistive Technology Manager
Product: Microsoft? Windows? Operating System
Company: Microsoft Corporation
OriginalFileName: ATBroker.exe
CommandLine: atbroker.exe
CurrentDirectory: C:\Windows\system32\
User: NT AUTHORITY\SYSTEM
LogonGuid: {3a35410f-6567-6928-e703-000000000000}
LogonId: 0x3E7
TerminalSessionId: 1
IntegrityLevel: System
Hashes: MD5=D0671A805A2E76925DE3154741289B08,SHA256=D3EB72A2E4BC302D15D1B6DCA9B4E0EFE550D40351D5C90700D8B3D7314C2830,IMPHASH=468490D98938AAE93ECC62C54A775DC2
ParentProcessGuid: {3a35410f-6567-6928-0a00-000000000b00}
ParentProcessId: 652
ParentImage: C:\Windows\System32\winlogon.exe
ParentCommandLine: winlogon.exe
ParentUser: NT AUTHORITY\SYSTEM"
