"11/27/2025 9:50:56 PM","1","Information","Process Create:
RuleName: -
UtcTime: 2025-11-27 16:20:56.693
ProcessGuid: {3a35410f-7a68-6928-3a05-000000000b00}
ProcessId: 14180
Image: C:\Windows\System32\svchost.exe
FileVersion: 10.0.19041.5794 (WinBuild.160101.0800)
Description: Host Process for Windows Services
Product: Microsoft? Windows? Operating System
Company: Microsoft Corporation
OriginalFileName: svchost.exe
CommandLine: C:\Windows\system32\svchost.exe -k netsvcs -p -s gpsvc
CurrentDirectory: C:\Windows\system32\
User: NT AUTHORITY\SYSTEM
LogonGuid: {3a35410f-6567-6928-e703-000000000000}
LogonId: 0x3E7
TerminalSessionId: 0
IntegrityLevel: System
Hashes: MD5=3D1034D6ED3DAED60816A25C561E8C83,SHA256=B0B36BFF7AE4057F687D839CD4B3D81159AB646F1EE1B22106A927E93DECBB61,IMPHASH=F9BBD96FAE53B7A31264A703CAFA0666
ParentProcessGuid: {3a35410f-6567-6928-0b00-000000000b00}
ParentProcessId: 708
ParentImage: C:\Windows\System32\services.exe
ParentCommandLine: C:\Windows\system32\services.exe
ParentUser: NT AUTHORITY\SYSTEM"
"11/27/2025 9:50:50 PM","1","Information","Process Create:
RuleName: -
UtcTime: 2025-11-27 16:20:50.974
ProcessGuid: {3a35410f-7a62-6928-3705-000000000b00}
ProcessId: 7580
Image: C:\Windows\System32\LocationNotificationWindows.exe
FileVersion: 10.0.19041.5915 (WinBuild.160101.0800)
Description: Location Notification
Product: Microsoft? Windows? Operating System
Company: Microsoft Corporation
OriginalFileName: LocationNotificationWindows.exe
CommandLine: ""C:\Windows\System32\LocationNotificationWindows.exe""
CurrentDirectory: C:\Windows\system32\
User: DESKTOP-EJG8QJC\Emil Jinu
LogonGuid: {3a35410f-6604-6928-c9e6-200000000000}
LogonId: 0x20E6C9
TerminalSessionId: 1
IntegrityLevel: Medium
Hashes: MD5=78304DE7BC9427229F70FC0CCF7C0CF1,SHA256=82CFEF287D60D9F04E5F0E4FB915D71CC71C1AD260F90941F4ADEE515896BBE7,IMPHASH=BFB647E172E5CBBCE5676BA2E6097869
ParentProcessGuid: {3a35410f-6568-6928-2400-000000000b00}
ParentProcessId: 1532
ParentImage: C:\Windows\System32\svchost.exe
ParentCommandLine: C:\Windows\system32\svchost.exe -k netsvcs -p -s Schedule
ParentUser: NT AUTHORITY\SYSTEM"
"11/27/2025 9:49:56 PM","1","Information","Process Create:
RuleName: -
UtcTime: 2025-11-27 16:19:56.103
ProcessGuid: {3a35410f-7a2c-6928-3305-000000000b00}
ProcessId: 11332
Image: C:\Program Files (x86)\Microsoft\EdgeUpdate\MicrosoftEdgeUpdate.exe
FileVersion: 1.3.209.9
Description: Microsoft Edge Update
Product: Microsoft Edge Update
Company: Microsoft Corporation
OriginalFileName: msedgeupdate.dll
CommandLine: ""C:\Program Files (x86)\Microsoft\EdgeUpdate\MicrosoftEdgeUpdate.exe"" /ua /installsource scheduler
CurrentDirectory: C:\Windows\system32\
User: NT AUTHORITY\SYSTEM
LogonGuid: {3a35410f-6567-6928-e703-000000000000}
LogonId: 0x3E7
TerminalSessionId: 0
IntegrityLevel: System
Hashes: MD5=80306EB362C63D6A63F443A3B2B84EDF,SHA256=B0585142D771FD68F0F939B925E4D32B491CD097350131F8F5C006EB8B2B0397,IMPHASH=CD3B2D99C6655A5D4A14E30E380F5BF9
ParentProcessGuid: {3a35410f-6568-6928-2400-000000000b00}
ParentProcessId: 1532
ParentImage: C:\Windows\System32\svchost.exe
ParentCommandLine: C:\Windows\system32\svchost.exe -k netsvcs -p -s Schedule
ParentUser: NT AUTHORITY\SYSTEM"
"11/27/2025 9:39:34 PM","5","Information","Process terminated:
RuleName: -
UtcTime: 2025-11-27 16:09:34.830
ProcessGuid: {3a35410f-77b9-6928-3205-000000000b00}
ProcessId: 2796
Image: C:\Users\Emil Jinu\AppData\Local\Microsoft\OneDrive\25.209.1026.0002\FileCoAuth.exe
User: DESKTOP-EJG8QJC\Emil Jinu"
"11/27/2025 9:39:29 PM","1","Information","Process Create:
RuleName: -
UtcTime: 2025-11-27 16:09:29.945
ProcessGuid: {3a35410f-77b9-6928-3205-000000000b00}
ProcessId: 2796
Image: C:\Users\Emil Jinu\AppData\Local\Microsoft\OneDrive\25.209.1026.0002\FileCoAuth.exe
FileVersion: 25.209.1026.0002
Description: Microsoft OneDriveFile Co-Authoring Executable
Product: Microsoft OneDrive
Company: Microsoft Corporation
OriginalFileName: FileCoAuth.exe
CommandLine: ""C:\Users\Emil Jinu\AppData\Local\Microsoft\OneDrive\25.209.1026.0002\FileCoAuth.exe"" -Embedding
CurrentDirectory: C:\Windows\system32\
User: DESKTOP-EJG8QJC\Emil Jinu
LogonGuid: {3a35410f-6604-6928-c9e6-200000000000}
LogonId: 0x20E6C9
TerminalSessionId: 1
IntegrityLevel: Medium
Hashes: MD5=2555530533100D80DB696000AC8C32B7,SHA256=68B1A181C12FB04785A4612654B02EA323EB434DF6C99BC3E9C1B1D6C9A0D556,IMPHASH=35E33834A9AD004F756BCDA65DD08C4E
ParentProcessGuid: {3a35410f-6567-6928-0d00-000000000b00}
ParentProcessId: 848
ParentImage: C:\Windows\System32\svchost.exe
ParentCommandLine: C:\Windows\system32\svchost.exe -k DcomLaunch -p
ParentUser: NT AUTHORITY\SYSTEM"
"11/27/2025 9:39:29 PM","1","Information","Process Create:
RuleName: -
UtcTime: 2025-11-27 16:09:29.874
ProcessGuid: {3a35410f-77b9-6928-3105-000000000b00}
ProcessId: 5676
Image: C:\Windows\System32\oobe\UserOOBEBroker.exe
FileVersion: 10.0.19041.5794 (WinBuild.160101.0800)
Description: User OOBE Broker
Product: Microsoft? Windows? Operating System
Company: Microsoft Corporation
OriginalFileName: UserOOBEBroker.exe
CommandLine: C:\Windows\System32\oobe\UserOOBEBroker.exe -Embedding
CurrentDirectory: C:\Windows\system32\
User: DESKTOP-EJG8QJC\Emil Jinu
LogonGuid: {3a35410f-6604-6928-c9e6-200000000000}
LogonId: 0x20E6C9
TerminalSessionId: 1
IntegrityLevel: Medium
Hashes: MD5=3F4D9E9A05EB3693FFF4C6B641522A96,SHA256=BDE96DE9BD4719E6C030BD58939AF5CDC4648549A923EFC2BC41557FD313D0EB,IMPHASH=DB3D54E6C0B9C0E728AB62733514AC86
ParentProcessGuid: {3a35410f-6567-6928-0d00-000000000b00}
ParentProcessId: 848
ParentImage: C:\Windows\System32\svchost.exe
ParentCommandLine: C:\Windows\system32\svchost.exe -k DcomLaunch -p
ParentUser: NT AUTHORITY\SYSTEM"
"11/27/2025 9:39:29 PM","1","Information","Process Create:
RuleName: -
UtcTime: 2025-11-27 16:09:29.844
ProcessGuid: {3a35410f-77b9-6928-3005-000000000b00}
ProcessId: 11900
Image: C:\Windows\System32\MoUsoCoreWorker.exe
FileVersion: 10.0.19041.5848 (WinBuild.160101.0800)
Description: MoUSO Core Worker Process
Product: Microsoft? Windows? Operating System
Company: Microsoft Corporation
OriginalFileName: MoUSOCoreWorker.exe
CommandLine: C:\Windows\System32\mousocoreworker.exe -Embedding
CurrentDirectory: C:\Windows\system32\
User: NT AUTHORITY\SYSTEM
LogonGuid: {3a35410f-6567-6928-e703-000000000000}
LogonId: 0x3E7
TerminalSessionId: 0
IntegrityLevel: System
Hashes: MD5=7E1D07B224D243CAC8327577C61F0218,SHA256=6B676785219372F26A109E601BD04C7376A289021616B36AE4CCFABA43EAF4D6,IMPHASH=8668B4C1834A89E3778E45BE48201874
ParentProcessGuid: {3a35410f-6567-6928-0d00-000000000b00}
ParentProcessId: 848
ParentImage: C:\Windows\System32\svchost.exe
ParentCommandLine: C:\Windows\system32\svchost.exe -k DcomLaunch -p
ParentUser: NT AUTHORITY\SYSTEM"
"11/27/2025 9:39:29 PM","1","Information","Process Create:
RuleName: -
UtcTime: 2025-11-27 16:09:29.397
ProcessGuid: {3a35410f-77b9-6928-2f05-000000000b00}
ProcessId: 13724
Image: C:\Windows\ImmersiveControlPanel\SystemSettings.exe
FileVersion: 10.0.19041.6456 (WinBuild.160101.0800)
Description: Settings
Product: Microsoft? Windows? Operating System
Company: Microsoft Corporation
OriginalFileName: SystemSettings.exe
CommandLine: ""C:\Windows\ImmersiveControlPanel\SystemSettings.exe"" -ServerName:microsoft.windows.immersivecontrolpanel
CurrentDirectory: C:\Windows\ImmersiveControlPanel\
User: DESKTOP-EJG8QJC\Emil Jinu
LogonGuid: {3a35410f-6604-6928-c9e6-200000000000}
LogonId: 0x20E6C9
TerminalSessionId: 1
IntegrityLevel: Medium
Hashes: MD5=BF344C30EEB707BC671E3D1427C58FD7,SHA256=D3A50D173AF5B0FDD44CBFD7BF7C7471A3B8998EB45C9B49AA2F1C98C9D54CA9,IMPHASH=EC87C68A546FB4BDECF11BCB83E7D0E5
ParentProcessGuid: {3a35410f-6567-6928-0d00-000000000b00}
ParentProcessId: 848
ParentImage: C:\Windows\System32\svchost.exe
ParentCommandLine: C:\Windows\system32\svchost.exe -k DcomLaunch -p
ParentUser: NT AUTHORITY\SYSTEM"
"11/27/2025 9:39:15 PM","1","Information","Process Create:
RuleName: -
UtcTime: 2025-11-27 16:09:15.364
ProcessGuid: {3a35410f-77ab-6928-2e05-000000000b00}
ProcessId: 9600
Image: C:\Windows\System32\wermgr.exe
FileVersion: 10.0.19041.5794 (WinBuild.160101.0800)
Description: Windows Problem Reporting
Product: Microsoft? Windows? Operating System
Company: Microsoft Corporation
OriginalFileName: WerMgr
CommandLine: ""C:\Windows\system32\wermgr.exe"" -upload
CurrentDirectory: C:\Windows\system32\
User: NT AUTHORITY\SYSTEM
LogonGuid: {3a35410f-6567-6928-e703-000000000000}
LogonId: 0x3E7
TerminalSessionId: 0
IntegrityLevel: System
Hashes: MD5=250C58FBA93500526A03D5B526E48B3C,SHA256=284F38524C26F39B1DD788210E7310C8DF99EFE8A420A031DC42247E75FC646E,IMPHASH=69C608216376CA2D62C0C27FB0B423E6
ParentProcessGuid: {3a35410f-6568-6928-2400-000000000b00}
ParentProcessId: 1532
ParentImage: C:\Windows\System32\svchost.exe
ParentCommandLine: C:\Windows\system32\svchost.exe -k netsvcs -p -s Schedule
ParentUser: NT AUTHORITY\SYSTEM"
"11/27/2025 9:37:59 PM","1","Information","Process Create:
RuleName: -
UtcTime: 2025-11-27 16:07:59.149
ProcessGuid: {3a35410f-775f-6928-2c05-000000000b00}
ProcessId: 3104
Image: C:\Windows\System32\taskhostw.exe
FileVersion: 10.0.19041.5794 (WinBuild.160101.0800)
Description: Host Process for Windows Tasks
Product: Microsoft? Windows? Operating System
Company: Microsoft Corporation
OriginalFileName: taskhostw.exe
CommandLine: taskhostw.exe
CurrentDirectory: C:\Windows\system32\
User: NT AUTHORITY\SYSTEM
LogonGuid: {3a35410f-6567-6928-e703-000000000000}
LogonId: 0x3E7
TerminalSessionId: 0
IntegrityLevel: System
Hashes: MD5=D71630DA4364F89F36B47581D4162639,SHA256=4D84D1DB6C572DA841307B814CCF26478429D3A29F304755CE1BAF110E639F64,IMPHASH=3A0C6863CDE566AF997DB2DEFFF9D924
ParentProcessGuid: {3a35410f-6568-6928-2400-000000000b00}
ParentProcessId: 1532
ParentImage: C:\Windows\System32\svchost.exe
ParentCommandLine: C:\Windows\system32\svchost.exe -k netsvcs -p -s Schedule
ParentUser: NT AUTHORITY\SYSTEM"
"11/27/2025 9:36:40 PM","1","Information","Process Create:
RuleName: -
UtcTime: 2025-11-27 16:06:39.440
ProcessGuid: {3a35410f-770f-6928-2b05-000000000b00}
ProcessId: 9712
Image: C:\Windows\System32\DeviceCensus.exe
FileVersion: 10.0.19041.5794 (WinBuild.160101.0800)
Description: Device Census
Product: Microsoft? Windows? Operating System
Company: Microsoft Corporation
OriginalFileName: DeviceCensus.exe
CommandLine: ""C:\Windows\system32\devicecensus.exe"" UserCxt
CurrentDirectory: C:\Windows\system32\
User: DESKTOP-EJG8QJC\Emil Jinu
LogonGuid: {3a35410f-6604-6928-c9e6-200000000000}
LogonId: 0x20E6C9
TerminalSessionId: 1
IntegrityLevel: Medium
Hashes: MD5=754F23DF0CCB53B4A9911C2A9BA83340,SHA256=FD9A6D02B93B0B5AB9EE0768B37C8F74F368770DD3116105603F2813CBE583F7,IMPHASH=7AB8F891740FDE998C218C62AF784280
ParentProcessGuid: {3a35410f-6568-6928-2400-000000000b00}
ParentProcessId: 1532
ParentImage: C:\Windows\System32\svchost.exe
ParentCommandLine: C:\Windows\system32\svchost.exe -k netsvcs -p -s Schedule
ParentUser: NT AUTHORITY\SYSTEM"
"11/27/2025 9:35:16 PM","13","Information","Registry value set:
RuleName: T1042
EventType: SetValue
UtcTime: 2025-11-27 16:05:16.206
ProcessGuid: {3a35410f-7405-6928-e104-000000000b00}
ProcessId: 3444
Image: C:\Windows\explorer.exe
TargetObject: HKU\S-1-5-21-3351607045-2108423416-1727308141-1001_Classes\CLSID\{2cc5ca98-6485-489a-920e-b3e88a6ccce3}\shell\SpotlightDislike\command\DelegateExecute
Details: {4813071a-41ad-44a2-9835-886d2f63ca30}
User: DESKTOP-EJG8QJC\Emil Jinu"
"11/27/2025 9:35:16 PM","13","Information","Registry value set:
RuleName: T1042
EventType: SetValue
UtcTime: 2025-11-27 16:05:16.206
ProcessGuid: {3a35410f-7405-6928-e104-000000000b00}
ProcessId: 3444
Image: C:\Windows\explorer.exe
TargetObject: HKU\S-1-5-21-3351607045-2108423416-1727308141-1001_Classes\CLSID\{2cc5ca98-6485-489a-920e-b3e88a6ccce3}\shell\SpotlightLike\command\DelegateExecute
Details: {4813071a-41ad-44a2-9835-886d2f63ca30}
User: DESKTOP-EJG8QJC\Emil Jinu"
"11/27/2025 9:35:16 PM","13","Information","Registry value set:
RuleName: T1042
EventType: SetValue
UtcTime: 2025-11-27 16:05:16.206
ProcessGuid: {3a35410f-7405-6928-e104-000000000b00}
ProcessId: 3444
Image: C:\Windows\explorer.exe
TargetObject: HKU\S-1-5-21-3351607045-2108423416-1727308141-1001_Classes\CLSID\{2cc5ca98-6485-489a-920e-b3e88a6ccce3}\shell\SpotlightNext\command\DelegateExecute
Details: {4813071a-41ad-44a2-9835-886d2f63ca30}
User: DESKTOP-EJG8QJC\Emil Jinu"
"11/27/2025 9:35:16 PM","13","Information","Registry value set:
RuleName: T1042
EventType: SetValue
UtcTime: 2025-11-27 16:05:16.206
ProcessGuid: {3a35410f-7405-6928-e104-000000000b00}
ProcessId: 3444
Image: C:\Windows\explorer.exe
TargetObject: HKU\S-1-5-21-3351607045-2108423416-1727308141-1001_Classes\CLSID\{2cc5ca98-6485-489a-920e-b3e88a6ccce3}\shell\SpotlightClick\command\DelegateExecute
Details: {4813071a-41ad-44a2-9835-886d2f63ca30}
User: DESKTOP-EJG8QJC\Emil Jinu"
"11/27/2025 9:35:10 PM","22","Information","Dns query:
RuleName: -
UtcTime: 2025-11-27 16:05:10.858
ProcessGuid: {3a35410f-76af-6928-2005-000000000b00}
ProcessId: 3428
QueryName: res.public.onecdn.static.microsoft
QueryStatus: 0
QueryResults: type:  5 res-ocdi-public.trafficmanager.net;type:  5 res-1.public.onecdn.static.microsoft;type:  5 res-ocdi-stls-prod.edgesuite.net;type:  5 a434.dscd.akamai.net;2600:140f:1800::173a:5f91;2600:140f:1800::173a:5f9a;::ffff:184.27.197.72;::ffff:184.27.197.42;
Image: C:\Windows\System32\backgroundTaskHost.exe
User: DESKTOP-EJG8QJC\Emil Jinu"
"11/27/2025 9:34:37 PM","13","Information","Registry value set:
RuleName: InvDB-Ver
EventType: SetValue
UtcTime: 2025-11-27 16:04:37.666
ProcessGuid: {3a35410f-656a-6928-3e00-000000000b00}
ProcessId: 2740
Image: C:\Windows\System32\svchost.exe
TargetObject: \REGISTRY\A\{9309e89c-9321-cf1a-3889-0090faa6586f}\Root\InventoryApplicationFile\provtool.exe|b42cfc9c73029b35\BinProductVersion
Details: 10.0.19041.6033
User: NT AUTHORITY\SYSTEM"
"11/27/2025 9:34:37 PM","13","Information","Registry value set:
RuleName: InvDB-CompileTimeClaim
EventType: SetValue
UtcTime: 2025-11-27 16:04:37.666
ProcessGuid: {3a35410f-656a-6928-3e00-000000000b00}
ProcessId: 2740
Image: C:\Windows\System32\svchost.exe
TargetObject: \REGISTRY\A\{9309e89c-9321-cf1a-3889-0090faa6586f}\Root\InventoryApplicationFile\provtool.exe|b42cfc9c73029b35\LinkDate
Details: 12/26/2051 06:56:58
User: NT AUTHORITY\SYSTEM"
"11/27/2025 9:34:37 PM","13","Information","Registry value set:
RuleName: InvDB-Pub
EventType: SetValue
UtcTime: 2025-11-27 16:04:37.666
ProcessGuid: {3a35410f-656a-6928-3e00-000000000b00}
ProcessId: 2740
Image: C:\Windows\System32\svchost.exe
TargetObject: \REGISTRY\A\{9309e89c-9321-cf1a-3889-0090faa6586f}\Root\InventoryApplicationFile\provtool.exe|b42cfc9c73029b35\Publisher
Details: microsoft corporation
User: NT AUTHORITY\SYSTEM"
"11/27/2025 9:34:37 PM","13","Information","Registry value set:
RuleName: InvDB-Path
EventType: SetValue
UtcTime: 2025-11-27 16:04:37.666
ProcessGuid: {3a35410f-656a-6928-3e00-000000000b00}
ProcessId: 2740
Image: C:\Windows\System32\svchost.exe
TargetObject: \REGISTRY\A\{9309e89c-9321-cf1a-3889-0090faa6586f}\Root\InventoryApplicationFile\provtool.exe|b42cfc9c73029b35\LowerCaseLongPath
Details: c:\windows\system32\provtool.exe
User: NT AUTHORITY\SYSTEM"
"11/27/2025 9:34:35 PM","1","Information","Process Create:
RuleName: -
UtcTime: 2025-11-27 16:04:35.629
ProcessGuid: {3a35410f-7693-6928-1e05-000000000b00}
ProcessId: 13492
Image: C:\Windows\System32\svchost.exe
FileVersion: 10.0.19041.5794 (WinBuild.160101.0800)
Description: Host Process for Windows Services
Product: Microsoft? Windows? Operating System
Company: Microsoft Corporation
OriginalFileName: svchost.exe
CommandLine: C:\Windows\system32\svchost.exe -k netsvcs -p -s gpsvc
CurrentDirectory: C:\Windows\system32\
User: NT AUTHORITY\SYSTEM
LogonGuid: {3a35410f-6567-6928-e703-000000000000}
LogonId: 0x3E7
TerminalSessionId: 0
IntegrityLevel: System
Hashes: MD5=3D1034D6ED3DAED60816A25C561E8C83,SHA256=B0B36BFF7AE4057F687D839CD4B3D81159AB646F1EE1B22106A927E93DECBB61,IMPHASH=F9BBD96FAE53B7A31264A703CAFA0666
ParentProcessGuid: {3a35410f-6567-6928-0b00-000000000b00}
ParentProcessId: 708
ParentImage: C:\Windows\System32\services.exe
ParentCommandLine: C:\Windows\system32\services.exe
ParentUser: NT AUTHORITY\SYSTEM"
"11/27/2025 9:34:35 PM","13","Information","Registry value set:
RuleName: InvDB-Ver
EventType: SetValue
UtcTime: 2025-11-27 16:04:35.065
ProcessGuid: {3a35410f-656a-6928-3e00-000000000b00}
ProcessId: 2740
Image: C:\Windows\System32\svchost.exe
TargetObject: \REGISTRY\A\{9309e89c-9321-cf1a-3889-0090faa6586f}\Root\InventoryApplicationFile\defrag.exe|ebd85d04fc6a26d\BinProductVersion
Details: 10.0.19041.3636
User: NT AUTHORITY\SYSTEM"
"11/27/2025 9:34:35 PM","13","Information","Registry value set:
RuleName: InvDB-CompileTimeClaim
EventType: SetValue
UtcTime: 2025-11-27 16:04:35.065
ProcessGuid: {3a35410f-656a-6928-3e00-000000000b00}
ProcessId: 2740
Image: C:\Windows\System32\svchost.exe
TargetObject: \REGISTRY\A\{9309e89c-9321-cf1a-3889-0090faa6586f}\Root\InventoryApplicationFile\defrag.exe|ebd85d04fc6a26d\LinkDate
Details: 03/07/1983 10:09:06
User: NT AUTHORITY\SYSTEM"
"11/27/2025 9:34:35 PM","13","Information","Registry value set:
RuleName: InvDB-Pub
EventType: SetValue
UtcTime: 2025-11-27 16:04:35.065
ProcessGuid: {3a35410f-656a-6928-3e00-000000000b00}
ProcessId: 2740
Image: C:\Windows\System32\svchost.exe
TargetObject: \REGISTRY\A\{9309e89c-9321-cf1a-3889-0090faa6586f}\Root\InventoryApplicationFile\defrag.exe|ebd85d04fc6a26d\Publisher
Details: microsoft corp.
User: NT AUTHORITY\SYSTEM"
"11/27/2025 9:34:35 PM","13","Information","Registry value set:
RuleName: InvDB-Path
EventType: SetValue
UtcTime: 2025-11-27 16:04:35.065
ProcessGuid: {3a35410f-656a-6928-3e00-000000000b00}
ProcessId: 2740
Image: C:\Windows\System32\svchost.exe
TargetObject: \REGISTRY\A\{9309e89c-9321-cf1a-3889-0090faa6586f}\Root\InventoryApplicationFile\defrag.exe|ebd85d04fc6a26d\LowerCaseLongPath
Details: c:\windows\system32\defrag.exe
User: NT AUTHORITY\SYSTEM"
"11/27/2025 9:34:34 PM","1","Information","Process Create:
RuleName: -
UtcTime: 2025-11-27 16:04:34.596
ProcessGuid: {3a35410f-7692-6928-1a05-000000000b00}
ProcessId: 5104
Image: C:\Windows\System32\Defrag.exe
FileVersion: 10.0.19041.3636 (WinBuild.160101.0800)
Description: Disk Defragmenter Module
Product: Windows Drive Optimizer
Company: Microsoft Corp.
OriginalFileName: Defrag.EXE
CommandLine: ""C:\Windows\system32\defrag.exe"" -p 558 -s 0000000000000474 -b -OnlyPreferred C:
CurrentDirectory: C:\Windows\system32\
User: NT AUTHORITY\SYSTEM
LogonGuid: {3a35410f-6567-6928-e703-000000000000}
LogonId: 0x3E7
TerminalSessionId: 0
IntegrityLevel: System
Hashes: MD5=073A737F87D42A79FE66F75496E4C7C1,SHA256=4EAE5E09C798D4435F88E4B4131EA04F81C3B0095753F436DD10D054130795C3,IMPHASH=9233D07CE8B477A0DE3511C3B6B4B24D
ParentProcessGuid: {3a35410f-6568-6928-2000-000000000b00}
ParentProcessId: 1368
ParentImage: C:\Windows\System32\svchost.exe
ParentCommandLine: C:\Windows\system32\svchost.exe -k LocalSystemNetworkRestricted -p -s SysMain
ParentUser: NT AUTHORITY\SYSTEM"
"11/27/2025 9:34:34 PM","1","Information","Process Create:
RuleName: -
UtcTime: 2025-11-27 16:04:34.359
ProcessGuid: {3a35410f-7692-6928-1905-000000000b00}
ProcessId: 3360
Image: C:\Windows\System32\svchost.exe
FileVersion: 10.0.19041.5794 (WinBuild.160101.0800)
Description: Host Process for Windows Services
Product: Microsoft? Windows? Operating System
Company: Microsoft Corporation
OriginalFileName: svchost.exe
CommandLine: C:\Windows\system32\svchost.exe -k netsvcs -p
CurrentDirectory: C:\Windows\system32\
User: NT AUTHORITY\SYSTEM
LogonGuid: {3a35410f-6567-6928-e703-000000000000}
LogonId: 0x3E7
TerminalSessionId: 0
IntegrityLevel: System
Hashes: MD5=3D1034D6ED3DAED60816A25C561E8C83,SHA256=B0B36BFF7AE4057F687D839CD4B3D81159AB646F1EE1B22106A927E93DECBB61,IMPHASH=F9BBD96FAE53B7A31264A703CAFA0666
ParentProcessGuid: {3a35410f-6567-6928-0b00-000000000b00}
ParentProcessId: 708
ParentImage: C:\Windows\System32\services.exe
ParentCommandLine: C:\Windows\system32\services.exe
ParentUser: NT AUTHORITY\SYSTEM"
"11/27/2025 9:34:31 PM","1","Information","Process Create:
RuleName: -
UtcTime: 2025-11-27 16:04:31.404
ProcessGuid: {3a35410f-768f-6928-1605-000000000b00}
ProcessId: 1036
Image: C:\Windows\System32\UCPDMgr.exe
FileVersion: 4.1.0.574273
Description: User Choice Protection Manager
Product: Microsoft? Windows? Operating System
Company: Microsoft Corporation
OriginalFileName: UCPDMgr.exe
CommandLine: ""C:\Windows\system32\UCPDMgr.exe""
CurrentDirectory: C:\Windows\system32\
User: NT AUTHORITY\SYSTEM
LogonGuid: {3a35410f-6567-6928-e703-000000000000}
LogonId: 0x3E7
TerminalSessionId: 0
IntegrityLevel: System
Hashes: MD5=559DF3674F01D5C9DCE11CBF7DECF50E,SHA256=FB16977B422F557191FD3871B89A11A96CC62E657737AB8E320C66D56D5FD7CD,IMPHASH=610A622F6677305876B7D5009F927B7A
ParentProcessGuid: {3a35410f-6568-6928-2400-000000000b00}
ParentProcessId: 1532
ParentImage: C:\Windows\System32\svchost.exe
ParentCommandLine: C:\Windows\system32\svchost.exe -k netsvcs -p -s Schedule
ParentUser: NT AUTHORITY\SYSTEM"
"11/27/2025 9:34:31 PM","13","Information","Registry value set:
RuleName: InvDB-Ver
EventType: SetValue
UtcTime: 2025-11-27 16:04:31.089
ProcessGuid: {3a35410f-656a-6928-3e00-000000000b00}
ProcessId: 2740
Image: C:\Windows\System32\svchost.exe
TargetObject: \REGISTRY\A\{9309e89c-9321-cf1a-3889-0090faa6586f}\Root\InventoryApplicationFile\ucpdmgr.exe|cf023fa141a0ffe7\BinProductVersion
Details: 4.1.0.0
User: NT AUTHORITY\SYSTEM"
"11/27/2025 9:34:31 PM","13","Information","Registry value set:
RuleName: InvDB-CompileTimeClaim
EventType: SetValue
UtcTime: 2025-11-27 16:04:31.089
ProcessGuid: {3a35410f-656a-6928-3e00-000000000b00}
ProcessId: 2740
Image: C:\Windows\System32\svchost.exe
TargetObject: \REGISTRY\A\{9309e89c-9321-cf1a-3889-0090faa6586f}\Root\InventoryApplicationFile\ucpdmgr.exe|cf023fa141a0ffe7\LinkDate
Details: 04/02/2003 23:56:03
User: NT AUTHORITY\SYSTEM"
"11/27/2025 9:34:31 PM","13","Information","Registry value set:
RuleName: InvDB-Pub
EventType: SetValue
UtcTime: 2025-11-27 16:04:31.089
ProcessGuid: {3a35410f-656a-6928-3e00-000000000b00}
ProcessId: 2740
Image: C:\Windows\System32\svchost.exe
TargetObject: \REGISTRY\A\{9309e89c-9321-cf1a-3889-0090faa6586f}\Root\InventoryApplicationFile\ucpdmgr.exe|cf023fa141a0ffe7\Publisher
Details: microsoft corporation
User: NT AUTHORITY\SYSTEM"
"11/27/2025 9:34:31 PM","13","Information","Registry value set:
RuleName: InvDB-Path
EventType: SetValue
UtcTime: 2025-11-27 16:04:31.089
ProcessGuid: {3a35410f-656a-6928-3e00-000000000b00}
ProcessId: 2740
Image: C:\Windows\System32\svchost.exe
TargetObject: \REGISTRY\A\{9309e89c-9321-cf1a-3889-0090faa6586f}\Root\InventoryApplicationFile\ucpdmgr.exe|cf023fa141a0ffe7\LowerCaseLongPath
Details: c:\windows\system32\ucpdmgr.exe
User: NT AUTHORITY\SYSTEM"
"11/27/2025 9:34:30 PM","13","Information","Registry value set:
RuleName: T1031,T1050
EventType: SetValue
UtcTime: 2025-11-27 16:04:30.757
ProcessGuid: {3a35410f-6567-6928-0b00-000000000b00}
ProcessId: 708
Image: C:\Windows\system32\services.exe
TargetObject: HKLM\System\CurrentControlSet\Services\UCPD\Start
Details: DWORD (0x00000001)
User: NT AUTHORITY\SYSTEM"
"11/27/2025 9:34:30 PM","1","Information","Process Create:
RuleName: -
UtcTime: 2025-11-27 16:04:30.743
ProcessGuid: {3a35410f-768e-6928-1405-000000000b00}
ProcessId: 13344
Image: C:\Windows\System32\taskhostw.exe
FileVersion: 10.0.19041.5794 (WinBuild.160101.0800)
Description: Host Process for Windows Tasks
Product: Microsoft? Windows? Operating System
Company: Microsoft Corporation
OriginalFileName: taskhostw.exe
CommandLine: taskhostw.exe
CurrentDirectory: C:\Windows\system32\
User: NT AUTHORITY\SYSTEM
LogonGuid: {3a35410f-6567-6928-e703-000000000000}
LogonId: 0x3E7
TerminalSessionId: 0
IntegrityLevel: System
Hashes: MD5=D71630DA4364F89F36B47581D4162639,SHA256=4D84D1DB6C572DA841307B814CCF26478429D3A29F304755CE1BAF110E639F64,IMPHASH=3A0C6863CDE566AF997DB2DEFFF9D924
ParentProcessGuid: {3a35410f-6568-6928-2400-000000000b00}
ParentProcessId: 1532
ParentImage: C:\Windows\System32\svchost.exe
ParentCommandLine: C:\Windows\system32\svchost.exe -k netsvcs -p -s Schedule
ParentUser: NT AUTHORITY\SYSTEM"
"11/27/2025 9:34:30 PM","1","Information","Process Create:
RuleName: -
UtcTime: 2025-11-27 16:04:30.475
ProcessGuid: {3a35410f-768e-6928-1305-000000000b00}
ProcessId: 3052
Image: C:\Windows\WinSxS\amd64_microsoft-windows-servicingstack_31bf3856ad364e35_10.0.19041.6449_none_7e0d59887c8e1467\TiWorker.exe
FileVersion: 10.0.19041.6449 (WinBuild.160101.0800)
Description: Windows Modules Installer Worker
Product: Microsoft? Windows? Operating System
Company: Microsoft Corporation
OriginalFileName: TiWorker.exe
CommandLine: C:\Windows\winsxs\amd64_microsoft-windows-servicingstack_31bf3856ad364e35_10.0.19041.6449_none_7e0d59887c8e1467\TiWorker.exe -Embedding
CurrentDirectory: C:\Windows\system32\
User: NT AUTHORITY\SYSTEM
LogonGuid: {3a35410f-6567-6928-e703-000000000000}
LogonId: 0x3E7
TerminalSessionId: 0
IntegrityLevel: System
Hashes: MD5=C814A5844B037DF5271494CE580837B2,SHA256=606D88DADCDE114EEE163B871B88BFB2FFC562D122A6A1102B970E68142A2914,IMPHASH=2409EC1E105B0DDA91B9CEBA0B44162F
ParentProcessGuid: {3a35410f-6567-6928-0d00-000000000b00}
ParentProcessId: 848
ParentImage: C:\Windows\System32\svchost.exe
ParentCommandLine: C:\Windows\system32\svchost.exe -k DcomLaunch -p
ParentUser: NT AUTHORITY\SYSTEM"
"11/27/2025 9:34:30 PM","1","Information","Process Create:
RuleName: -
UtcTime: 2025-11-27 16:04:30.407
ProcessGuid: {3a35410f-768e-6928-1105-000000000b00}
ProcessId: 10236
Image: C:\Windows\System32\UCPDMgr.exe
FileVersion: 4.1.0.574273
Description: User Choice Protection Manager
Product: Microsoft? Windows? Operating System
Company: Microsoft Corporation
OriginalFileName: UCPDMgr.exe
CommandLine: ""C:\Windows\system32\UCPDMgr.exe""
CurrentDirectory: C:\Windows\system32\
User: NT AUTHORITY\SYSTEM
LogonGuid: {3a35410f-6567-6928-e703-000000000000}
LogonId: 0x3E7
TerminalSessionId: 0
IntegrityLevel: System
Hashes: MD5=559DF3674F01D5C9DCE11CBF7DECF50E,SHA256=FB16977B422F557191FD3871B89A11A96CC62E657737AB8E320C66D56D5FD7CD,IMPHASH=610A622F6677305876B7D5009F927B7A
ParentProcessGuid: {3a35410f-6568-6928-2400-000000000b00}
ParentProcessId: 1532
ParentImage: C:\Windows\System32\svchost.exe
ParentCommandLine: C:\Windows\system32\svchost.exe -k netsvcs -p -s Schedule
ParentUser: NT AUTHORITY\SYSTEM"
"11/27/2025 9:34:30 PM","1","Information","Process Create:
RuleName: -
UtcTime: 2025-11-27 16:04:30.373
ProcessGuid: {3a35410f-768e-6928-1005-000000000b00}
ProcessId: 2488
Image: C:\Windows\System32\provtool.exe
FileVersion: 10.0.19041.6033 (WinBuild.160101.0800)
Description: Provisioning package runtime processing tool
Product: Microsoft? Windows? Operating System
Company: Microsoft Corporation
OriginalFileName: provtool
CommandLine: ""C:\Windows\system32\ProvTool.exe"" /turn 5 /source LogonIdleTask
CurrentDirectory: C:\Windows\system32\
User: NT AUTHORITY\SYSTEM
LogonGuid: {3a35410f-6567-6928-e703-000000000000}
LogonId: 0x3E7
TerminalSessionId: 0
IntegrityLevel: System
Hashes: MD5=EB85A9CD7FB923D188310AC21B2ED7B4,SHA256=B995738156956F4A1C1274250C5D2816117EFCD015C0EFA1FE1656FBEB853AA1,IMPHASH=CAEB128D8391C47393ACE4DC25CDCF6B
ParentProcessGuid: {3a35410f-6568-6928-2400-000000000b00}
ParentProcessId: 1532
ParentImage: C:\Windows\System32\svchost.exe
ParentCommandLine: C:\Windows\system32\svchost.exe -k netsvcs -p -s Schedule
ParentUser: NT AUTHORITY\SYSTEM"
"11/27/2025 9:34:30 PM","1","Information","Process Create:
RuleName: -
UtcTime: 2025-11-27 16:04:30.318
ProcessGuid: {3a35410f-768e-6928-0e05-000000000b00}
ProcessId: 15080
Image: C:\Windows\servicing\TrustedInstaller.exe
FileVersion: 10.0.19041.6033 (WinBuild.160101.0800)
Description: Windows Modules Installer
Product: Microsoft? Windows? Operating System
Company: Microsoft Corporation
OriginalFileName: TrustedInstaller.exe
CommandLine: C:\Windows\servicing\TrustedInstaller.exe
CurrentDirectory: C:\Windows\system32\
User: NT AUTHORITY\SYSTEM
LogonGuid: {3a35410f-6567-6928-e703-000000000000}
LogonId: 0x3E7
TerminalSessionId: 0
IntegrityLevel: System
Hashes: MD5=7AD303939D1A9FECD6ECADD773B4ADEF,SHA256=4A91D438B383AFAAB9015C6A4C5BDAD04EF4A3FDF010FCC2433EED7AA471F311,IMPHASH=0573E2F86BB45402DB86E0CB5DC66EDC
ParentProcessGuid: {3a35410f-6567-6928-0b00-000000000b00}
ParentProcessId: 708
ParentImage: C:\Windows\System32\services.exe
ParentCommandLine: C:\Windows\system32\services.exe
ParentUser: NT AUTHORITY\SYSTEM"
"11/27/2025 9:34:30 PM","1","Information","Process Create:
RuleName: -
UtcTime: 2025-11-27 16:04:30.166
ProcessGuid: {3a35410f-768e-6928-0d05-000000000b00}
ProcessId: 2160
Image: C:\Windows\System32\MoUsoCoreWorker.exe
FileVersion: 10.0.19041.5848 (WinBuild.160101.0800)
Description: MoUSO Core Worker Process
Product: Microsoft? Windows? Operating System
Company: Microsoft Corporation
OriginalFileName: MoUSOCoreWorker.exe
CommandLine: C:\Windows\System32\mousocoreworker.exe -Embedding
CurrentDirectory: C:\Windows\system32\
User: NT AUTHORITY\SYSTEM
LogonGuid: {3a35410f-6567-6928-e703-000000000000}
LogonId: 0x3E7
TerminalSessionId: 0
IntegrityLevel: System
Hashes: MD5=7E1D07B224D243CAC8327577C61F0218,SHA256=6B676785219372F26A109E601BD04C7376A289021616B36AE4CCFABA43EAF4D6,IMPHASH=8668B4C1834A89E3778E45BE48201874
ParentProcessGuid: {3a35410f-6567-6928-0d00-000000000b00}
ParentProcessId: 848
ParentImage: C:\Windows\System32\svchost.exe
ParentCommandLine: C:\Windows\system32\svchost.exe -k DcomLaunch -p
ParentUser: NT AUTHORITY\SYSTEM"
"11/27/2025 9:31:07 PM","1","Information","Process Create:
RuleName: -
UtcTime: 2025-11-27 16:01:07.419
ProcessGuid: {3a35410f-75c3-6928-0c05-000000000b00}
ProcessId: 7616
Image: C:\Program Files (x86)\Microsoft\EdgeUpdate\MicrosoftEdgeUpdate.exe
FileVersion: 1.3.209.9
Description: Microsoft Edge Update
Product: Microsoft Edge Update
Company: Microsoft Corporation
OriginalFileName: msedgeupdate.dll
CommandLine: ""C:\Program Files (x86)\Microsoft\EdgeUpdate\MicrosoftEdgeUpdate.exe"" /ua /installsource core
CurrentDirectory: C:\Program Files (x86)\Microsoft\EdgeUpdate\1.3.209.9\
User: NT AUTHORITY\SYSTEM
LogonGuid: {3a35410f-6567-6928-e703-000000000000}
LogonId: 0x3E7
TerminalSessionId: 0
IntegrityLevel: System
Hashes: MD5=80306EB362C63D6A63F443A3B2B84EDF,SHA256=B0585142D771FD68F0F939B925E4D32B491CD097350131F8F5C006EB8B2B0397,IMPHASH=CD3B2D99C6655A5D4A14E30E380F5BF9
ParentProcessGuid: {3a35410f-6604-6928-0801-000000000b00}
ParentProcessId: 1832
ParentImage: C:\Program Files (x86)\Microsoft\EdgeUpdate\MicrosoftEdgeUpdate.exe
ParentCommandLine: ""C:\Program Files (x86)\Microsoft\EdgeUpdate\MicrosoftEdgeUpdate.exe"" /c
ParentUser: NT AUTHORITY\SYSTEM"
"11/27/2025 9:30:49 PM","22","Information","Dns query:
RuleName: -
UtcTime: 2025-11-27 16:01:21.196
ProcessGuid: {3a35410f-75af-6928-0905-000000000b00}
ProcessId: 12284
QueryName: wpad
QueryStatus: 123
QueryResults: -
Image: C:\Program Files (x86)\Microsoft\EdgeWebView\Application\142.0.3595.94\msedgewebview2.exe
User: DESKTOP-EJG8QJC\Emil Jinu"
"11/27/2025 9:30:11 PM","5","Information","Process terminated:
RuleName: -
UtcTime: 2025-11-27 16:00:11.245
ProcessGuid: {3a35410f-6668-6928-b101-000000000b00}
ProcessId: 7528
Image: C:\Users\Emil Jinu\AppData\Local\Microsoft\OneDrive\25.209.1026.0002\FileCoAuth.exe
User: DESKTOP-EJG8QJC\Emil Jinu"
"11/27/2025 9:30:07 PM","13","Information","Registry value set:
RuleName: -
EventType: SetValue
UtcTime: 2025-11-27 16:00:07.019
ProcessGuid: {3a35410f-7586-6928-0205-000000000b00}
ProcessId: 6532
Image: C:\Windows\system32\mspaint.exe
TargetObject: HKU\S-1-5-21-3351607045-2108423416-1727308141-1001\SOFTWARE\Microsoft\Windows\CurrentVersion\Shell Extensions\Cached\{A38B883C-1682-497E-97B0-0A3A9E801682} {886D8EEB-8CF2-4446-8D02-CDBA1DBDCF99} 0xFFFF
Details: Binary Data
User: DESKTOP-EJG8QJC\Emil Jinu"
"11/27/2025 9:30:06 PM","1","Information","Process Create:
RuleName: -
UtcTime: 2025-11-27 16:00:06.761
ProcessGuid: {3a35410f-7586-6928-0305-000000000b00}
ProcessId: 4348
Image: C:\Program Files (x86)\Windows Media Player\wmplayer.exe
FileVersion: 12.0.19041.3636 (WinBuild.160101.0800)
Description: Windows Media Player
Product: Microsoft? Windows? Operating System
Company: Microsoft Corporation
OriginalFileName: wmplayer.exe
CommandLine: ""C:\Program Files (x86)\Windows Media Player\wmplayer.exe"" C:\Windows\Media\chimes.wav 
CurrentDirectory: C:\Users\Emil Jinu\
User: DESKTOP-EJG8QJC\Emil Jinu
LogonGuid: {3a35410f-6604-6928-c9e6-200000000000}
LogonId: 0x20E6C9
TerminalSessionId: 1
IntegrityLevel: Medium
Hashes: MD5=AB48E42633B738E114DB94CD99E919B7,SHA256=407E3AAE5E533719998055A1A949AB2EC6224EA42918A000596225E30C8D2BF8,IMPHASH=4C7D471D886B447BB6DF2D2962D0414C
ParentProcessGuid: {3a35410f-717b-6928-7704-000000000b00}
ParentProcessId: 9908
ParentImage: C:\Windows\System32\WindowsPowerShell\v1.0\powershell.exe
ParentCommandLine: ""C:\Windows\System32\WindowsPowerShell\v1.0\powershell.exe"" 
ParentUser: DESKTOP-EJG8QJC\Emil Jinu"
"11/27/2025 9:30:06 PM","1","Information","Process Create:
RuleName: -
UtcTime: 2025-11-27 16:00:06.737
ProcessGuid: {3a35410f-7586-6928-0205-000000000b00}
ProcessId: 6532
Image: C:\Windows\System32\mspaint.exe
FileVersion: 10.0.19041.5553 (WinBuild.160101.0800)
Description: Paint
Product: Microsoft? Windows? Operating System
Company: Microsoft Corporation
OriginalFileName: MSPAINT.EXE
CommandLine: ""C:\Windows\system32\mspaint.exe"" C:\Windows\Web\Wallpaper\Windows\img0.jpg 
CurrentDirectory: C:\Users\Emil Jinu\
User: DESKTOP-EJG8QJC\Emil Jinu
LogonGuid: {3a35410f-6604-6928-c9e6-200000000000}
LogonId: 0x20E6C9
TerminalSessionId: 1
IntegrityLevel: Medium
Hashes: MD5=FA534C7C1F54F9FB8BA99FC99C505651,SHA256=94F22AE686874A5F016AACF7F74F679DECC8D52A39DFDF31DCD5133739BBA532,IMPHASH=AD9649A74DB256ECAB874BD416C46A98
ParentProcessGuid: {3a35410f-717b-6928-7704-000000000b00}
ParentProcessId: 9908
ParentImage: C:\Windows\System32\WindowsPowerShell\v1.0\powershell.exe
ParentCommandLine: ""C:\Windows\System32\WindowsPowerShell\v1.0\powershell.exe"" 
ParentUser: DESKTOP-EJG8QJC\Emil Jinu"
"11/27/2025 9:29:23 PM","13","Information","Registry value set:
RuleName: T1042
EventType: SetValue
UtcTime: 2025-11-27 15:59:23.602
ProcessGuid: {3a35410f-7405-6928-e104-000000000b00}
ProcessId: 3444
Image: C:\Windows\explorer.exe
TargetObject: HKU\S-1-5-21-3351607045-2108423416-1727308141-1001\SOFTWARE\Microsoft\Windows\CurrentVersion\Explorer\FileExts\.exe\OpenWithProgids\exefile
Details: Binary Data
User: DESKTOP-EJG8QJC\Emil Jinu"
"11/27/2025 9:26:37 PM","1","Information","Process Create:
RuleName: -
UtcTime: 2025-11-27 15:56:37.911
ProcessGuid: {3a35410f-74b5-6928-fb04-000000000b00}
ProcessId: 7548
Image: C:\Windows\System32\printfilterpipelinesvc.exe
FileVersion: 10.0.19041.5794 (WinBuild.160101.0800)
Description: Print Filter Pipeline Host
Product: Microsoft? Windows? Operating System
Company: Microsoft Corporation
OriginalFileName: PrintFilterPipelineSvc.exe
CommandLine: C:\Windows\system32\printfilterpipelinesvc.exe -Embedding
CurrentDirectory: C:\Windows\system32\
User: NT AUTHORITY\LOCAL SERVICE
LogonGuid: {3a35410f-6568-6928-e503-000000000000}
LogonId: 0x3E5
TerminalSessionId: 0
IntegrityLevel: System
Hashes: MD5=6C5AECFA3172323F18E6656A3216FE72,SHA256=F19A1D0FF0E12D26A2CA3E2C1CE82541FA60E1ECE98BD4E5F4DD46E0BC3EA9F9,IMPHASH=7E741492D02A432AC0108AD7FE9490CB
ParentProcessGuid: {3a35410f-6567-6928-0d00-000000000b00}
ParentProcessId: 848
ParentImage: C:\Windows\System32\svchost.exe
ParentCommandLine: C:\Windows\system32\svchost.exe -k DcomLaunch -p
ParentUser: NT AUTHORITY\SYSTEM"
"11/27/2025 9:26:23 PM","1","Information","Process Create:
RuleName: -
UtcTime: 2025-11-27 15:56:23.841
ProcessGuid: {3a35410f-74a7-6928-f904-000000000b00}
ProcessId: 15264
Image: C:\Windows\System32\notepad.exe
FileVersion: 10.0.19041.5794 (WinBuild.160101.0800)
Description: Notepad
Product: Microsoft? Windows? Operating System
Company: Microsoft Corporation
OriginalFileName: NOTEPAD.EXE
CommandLine: ""C:\Windows\system32\NOTEPAD.EXE"" /p C:\Users\Public\TempLogs\printme.txt
CurrentDirectory: C:\Users\Emil Jinu\
User: DESKTOP-EJG8QJC\Emil Jinu
LogonGuid: {3a35410f-6604-6928-c9e6-200000000000}
LogonId: 0x20E6C9
TerminalSessionId: 1
IntegrityLevel: Medium
Hashes: MD5=6F51BCABF1B2B34AD7E670AEE6DA451F,SHA256=DA5807BB0997CC6B5132950EC87EDA2B33B1AC4533CF1F7A22A6F3B576ED7C5B,IMPHASH=09ED737A03DB7295BF734A9953F6EB5E
ParentProcessGuid: {3a35410f-717b-6928-7704-000000000b00}
ParentProcessId: 9908
ParentImage: C:\Windows\System32\WindowsPowerShell\v1.0\powershell.exe
ParentCommandLine: ""C:\Windows\System32\WindowsPowerShell\v1.0\powershell.exe"" 
ParentUser: DESKTOP-EJG8QJC\Emil Jinu"
"11/27/2025 9:26:13 PM","1","Information","Process Create:
RuleName: -
UtcTime: 2025-11-27 15:56:13.305
ProcessGuid: {3a35410f-749d-6928-f804-000000000b00}
ProcessId: 11496
Image: C:\Windows\System32\LocationNotificationWindows.exe
FileVersion: 10.0.19041.5915 (WinBuild.160101.0800)
Description: Location Notification
Product: Microsoft? Windows? Operating System
Company: Microsoft Corporation
OriginalFileName: LocationNotificationWindows.exe
CommandLine: ""C:\Windows\System32\LocationNotificationWindows.exe""
CurrentDirectory: C:\Windows\system32\
User: DESKTOP-EJG8QJC\Emil Jinu
LogonGuid: {3a35410f-6604-6928-c9e6-200000000000}
LogonId: 0x20E6C9
TerminalSessionId: 1
IntegrityLevel: Medium
Hashes: MD5=78304DE7BC9427229F70FC0CCF7C0CF1,SHA256=82CFEF287D60D9F04E5F0E4FB915D71CC71C1AD260F90941F4ADEE515896BBE7,IMPHASH=BFB647E172E5CBBCE5676BA2E6097869
ParentProcessGuid: {3a35410f-6568-6928-2400-000000000b00}
ParentProcessId: 1532
ParentImage: C:\Windows\System32\svchost.exe
ParentCommandLine: C:\Windows\system32\svchost.exe -k netsvcs -p -s Schedule
ParentUser: NT AUTHORITY\SYSTEM"
"11/27/2025 9:23:44 PM","1","Information","Process Create:
RuleName: -
UtcTime: 2025-11-27 15:53:44.626
ProcessGuid: {3a35410f-7408-6928-e804-000000000b00}
ProcessId: 13888
Image: C:\Windows\System32\MoUsoCoreWorker.exe
FileVersion: 10.0.19041.5848 (WinBuild.160101.0800)
Description: MoUSO Core Worker Process
Product: Microsoft? Windows? Operating System
Company: Microsoft Corporation
OriginalFileName: MoUSOCoreWorker.exe
CommandLine: C:\Windows\System32\mousocoreworker.exe -Embedding
CurrentDirectory: C:\Windows\system32\
User: NT AUTHORITY\SYSTEM
LogonGuid: {3a35410f-6567-6928-e703-000000000000}
LogonId: 0x3E7
TerminalSessionId: 0
IntegrityLevel: System
Hashes: MD5=7E1D07B224D243CAC8327577C61F0218,SHA256=6B676785219372F26A109E601BD04C7376A289021616B36AE4CCFABA43EAF4D6,IMPHASH=8668B4C1834A89E3778E45BE48201874
ParentProcessGuid: {3a35410f-6567-6928-0d00-000000000b00}
ParentProcessId: 848
ParentImage: C:\Windows\System32\svchost.exe
ParentCommandLine: C:\Windows\system32\svchost.exe -k DcomLaunch -p
ParentUser: NT AUTHORITY\SYSTEM"
"11/27/2025 9:23:44 PM","1","Information","Process Create:
RuleName: -
UtcTime: 2025-11-27 15:53:44.101
ProcessGuid: {3a35410f-7408-6928-e604-000000000b00}
ProcessId: 9080
Image: C:\Windows\WinSxS\amd64_microsoft-windows-servicingstack_31bf3856ad364e35_10.0.19041.6449_none_7e0d59887c8e1467\TiWorker.exe
FileVersion: 10.0.19041.6449 (WinBuild.160101.0800)
Description: Windows Modules Installer Worker
Product: Microsoft? Windows? Operating System
Company: Microsoft Corporation
OriginalFileName: TiWorker.exe
CommandLine: C:\Windows\winsxs\amd64_microsoft-windows-servicingstack_31bf3856ad364e35_10.0.19041.6449_none_7e0d59887c8e1467\TiWorker.exe -Embedding
CurrentDirectory: C:\Windows\system32\
User: NT AUTHORITY\SYSTEM
LogonGuid: {3a35410f-6567-6928-e703-000000000000}
LogonId: 0x3E7
TerminalSessionId: 0
IntegrityLevel: System
Hashes: MD5=C814A5844B037DF5271494CE580837B2,SHA256=606D88DADCDE114EEE163B871B88BFB2FFC562D122A6A1102B970E68142A2914,IMPHASH=2409EC1E105B0DDA91B9CEBA0B44162F
ParentProcessGuid: {3a35410f-6567-6928-0d00-000000000b00}
ParentProcessId: 848
ParentImage: C:\Windows\System32\svchost.exe
ParentCommandLine: C:\Windows\system32\svchost.exe -k DcomLaunch -p
ParentUser: NT AUTHORITY\SYSTEM"
"11/27/2025 9:23:44 PM","1","Information","Process Create:
RuleName: -
UtcTime: 2025-11-27 15:53:44.004
ProcessGuid: {3a35410f-7408-6928-e504-000000000b00}
ProcessId: 9772
Image: C:\Windows\SystemApps\MicrosoftWindows.Client.CBS_cw5n1h2txyewy\TextInputHost.exe
FileVersion: 125.1700.0.0
Description: -
Product: Microsoft? Windows? Operating System
Company: Microsoft Corporation
OriginalFileName: TextInputHost.exe
CommandLine: ""C:\Windows\SystemApps\MicrosoftWindows.Client.CBS_cw5n1h2txyewy\TextInputHost.exe"" -ServerName:InputApp.AppXk0k6mrh4r2q0ct33a9wgbez0x7v9cz5y.mca
CurrentDirectory: C:\Windows\SystemApps\MicrosoftWindows.Client.CBS_cw5n1h2txyewy\
User: DESKTOP-EJG8QJC\Emil Jinu
LogonGuid: {3a35410f-6604-6928-c9e6-200000000000}
LogonId: 0x20E6C9
TerminalSessionId: 1
IntegrityLevel: Medium
Hashes: MD5=38B4011E48A8379D1E802BE49359C547,SHA256=326574F6C6632FDB9B75EE201D385E5A5D0ABDD519CBD84AB1DE966128F6C4DB,IMPHASH=8ACCE29A751A218EBBCA39B834A66F0B
ParentProcessGuid: {3a35410f-6567-6928-0d00-000000000b00}
ParentProcessId: 848
ParentImage: C:\Windows\System32\svchost.exe
ParentCommandLine: C:\Windows\system32\svchost.exe -k DcomLaunch -p
ParentUser: NT AUTHORITY\SYSTEM"
"11/27/2025 9:23:43 PM","1","Information","Process Create:
RuleName: -
UtcTime: 2025-11-27 15:53:43.977
ProcessGuid: {3a35410f-7407-6928-e404-000000000b00}
ProcessId: 7228
Image: C:\Windows\servicing\TrustedInstaller.exe
FileVersion: 10.0.19041.6033 (WinBuild.160101.0800)
Description: Windows Modules Installer
Product: Microsoft? Windows? Operating System
Company: Microsoft Corporation
OriginalFileName: TrustedInstaller.exe
CommandLine: C:\Windows\servicing\TrustedInstaller.exe
CurrentDirectory: C:\Windows\system32\
User: NT AUTHORITY\SYSTEM
LogonGuid: {3a35410f-6567-6928-e703-000000000000}
LogonId: 0x3E7
TerminalSessionId: 0
IntegrityLevel: System
Hashes: MD5=7AD303939D1A9FECD6ECADD773B4ADEF,SHA256=4A91D438B383AFAAB9015C6A4C5BDAD04EF4A3FDF010FCC2433EED7AA471F311,IMPHASH=0573E2F86BB45402DB86E0CB5DC66EDC
ParentProcessGuid: {3a35410f-6567-6928-0b00-000000000b00}
ParentProcessId: 708
ParentImage: C:\Windows\System32\services.exe
ParentCommandLine: C:\Windows\system32\services.exe
ParentUser: NT AUTHORITY\SYSTEM"
"11/27/2025 9:23:43 PM","1","Information","Process Create:
RuleName: -
UtcTime: 2025-11-27 15:53:43.363
ProcessGuid: {3a35410f-7407-6928-e204-000000000b00}
ProcessId: 13188
Image: C:\Windows\System32\LocationNotificationWindows.exe
FileVersion: 10.0.19041.5915 (WinBuild.160101.0800)
Description: Location Notification
Product: Microsoft? Windows? Operating System
Company: Microsoft Corporation
OriginalFileName: LocationNotificationWindows.exe
CommandLine: ""C:\Windows\System32\LocationNotificationWindows.exe""
CurrentDirectory: C:\Windows\system32\
User: DESKTOP-EJG8QJC\Emil Jinu
LogonGuid: {3a35410f-6604-6928-c9e6-200000000000}
LogonId: 0x20E6C9
TerminalSessionId: 1
IntegrityLevel: Medium
Hashes: MD5=78304DE7BC9427229F70FC0CCF7C0CF1,SHA256=82CFEF287D60D9F04E5F0E4FB915D71CC71C1AD260F90941F4ADEE515896BBE7,IMPHASH=BFB647E172E5CBBCE5676BA2E6097869
ParentProcessGuid: {3a35410f-6568-6928-2400-000000000b00}
ParentProcessId: 1532
ParentImage: C:\Windows\System32\svchost.exe
ParentCommandLine: C:\Windows\system32\svchost.exe -k netsvcs -p -s Schedule
ParentUser: NT AUTHORITY\SYSTEM"
"11/27/2025 9:23:41 PM","1","Information","Process Create:
RuleName: -
UtcTime: 2025-11-27 15:53:41.800
ProcessGuid: {3a35410f-7405-6928-e104-000000000b00}
ProcessId: 3444
Image: C:\Windows\explorer.exe
FileVersion: 10.0.19041.6456 (WinBuild.160101.0800)
Description: Windows Explorer
Product: Microsoft? Windows? Operating System
Company: Microsoft Corporation
OriginalFileName: EXPLORER.EXE
CommandLine: explorer.exe
CurrentDirectory: C:\Windows\system32\
User: DESKTOP-EJG8QJC\Emil Jinu
LogonGuid: {3a35410f-6604-6928-c9e6-200000000000}
LogonId: 0x20E6C9
TerminalSessionId: 1
IntegrityLevel: Medium
Hashes: MD5=24AD59ABAF730E71BC865922D8596008,SHA256=988A56D897915315EEF9CA679B3BC8ADFCECF5E227AEA99AAA1817620520E97E,IMPHASH=DBCE632ECED8243CB6090C1C87BE56BC
ParentProcessGuid: {3a35410f-6567-6928-0a00-000000000b00}
ParentProcessId: 652
ParentImage: C:\Windows\System32\winlogon.exe
ParentCommandLine: winlogon.exe
ParentUser: NT AUTHORITY\SYSTEM"
"11/27/2025 9:23:40 PM","1","Information","Process Create:
RuleName: -
UtcTime: 2025-11-27 15:53:40.413
ProcessGuid: {3a35410f-7404-6928-e004-000000000b00}
ProcessId: 2528
Image: C:\Windows\explorer.exe
FileVersion: 10.0.19041.6456 (WinBuild.160101.0800)
Description: Windows Explorer
Product: Microsoft? Windows? Operating System
Company: Microsoft Corporation
OriginalFileName: EXPLORER.EXE
CommandLine: ""C:\Windows\explorer.exe"" 
CurrentDirectory: C:\Users\Emil Jinu\
User: DESKTOP-EJG8QJC\Emil Jinu
LogonGuid: {3a35410f-6604-6928-c9e6-200000000000}
LogonId: 0x20E6C9
TerminalSessionId: 1
IntegrityLevel: Medium
Hashes: MD5=24AD59ABAF730E71BC865922D8596008,SHA256=988A56D897915315EEF9CA679B3BC8ADFCECF5E227AEA99AAA1817620520E97E,IMPHASH=DBCE632ECED8243CB6090C1C87BE56BC
ParentProcessGuid: {3a35410f-717b-6928-7704-000000000b00}
ParentProcessId: 9908
ParentImage: C:\Windows\System32\WindowsPowerShell\v1.0\powershell.exe
ParentCommandLine: ""C:\Windows\System32\WindowsPowerShell\v1.0\powershell.exe"" 
ParentUser: DESKTOP-EJG8QJC\Emil Jinu"
"11/27/2025 9:23:39 PM","1","Information","Process Create:
RuleName: -
UtcTime: 2025-11-27 15:53:39.066
ProcessGuid: {3a35410f-7403-6928-df04-000000000b00}
ProcessId: 11276
Image: C:\Program Files\Windows NT\Accessories\wordpad.exe
FileVersion: 10.0.19041.6392 (WinBuild.160101.0800)
Description: Windows Wordpad Application
Product: Microsoft? Windows? Operating System
Company: Microsoft Corporation
OriginalFileName: WORDPAD.EXE
CommandLine: ""C:\Program Files\Windows NT\Accessories\wordpad.exe"" 
CurrentDirectory: C:\Users\Emil Jinu\
User: DESKTOP-EJG8QJC\Emil Jinu
LogonGuid: {3a35410f-6604-6928-c9e6-200000000000}
LogonId: 0x20E6C9
TerminalSessionId: 1
IntegrityLevel: Medium
Hashes: MD5=7D30889CC699CF86D1F533619D6118E4,SHA256=4B2E23A9130EA4ED8540071D7EBC9F02E5BCFE8EACA96CCCAB561FD8B7296C2E,IMPHASH=9315BEF4B5484B572936D208E8B654A0
ParentProcessGuid: {3a35410f-717b-6928-7704-000000000b00}
ParentProcessId: 9908
ParentImage: C:\Windows\System32\WindowsPowerShell\v1.0\powershell.exe
ParentCommandLine: ""C:\Windows\System32\WindowsPowerShell\v1.0\powershell.exe"" 
ParentUser: DESKTOP-EJG8QJC\Emil Jinu"
"11/27/2025 9:23:38 PM","13","Information","Registry value set:
RuleName: InvDB-Ver
EventType: SetValue
UtcTime: 2025-11-27 15:53:38.270
ProcessGuid: {3a35410f-656a-6928-3e00-000000000b00}
ProcessId: 2740
Image: C:\Windows\System32\svchost.exe
TargetObject: \REGISTRY\A\{9309e89c-9321-cf1a-3889-0090faa6586f}\Root\InventoryApplicationFile\mspaint.exe|3bae8eb76a24224b\BinProductVersion
Details: 10.0.19041.5553
User: NT AUTHORITY\SYSTEM"
"11/27/2025 9:23:38 PM","13","Information","Registry value set:
RuleName: InvDB-CompileTimeClaim
EventType: SetValue
UtcTime: 2025-11-27 15:53:38.270
ProcessGuid: {3a35410f-656a-6928-3e00-000000000b00}
ProcessId: 2740
Image: C:\Windows\System32\svchost.exe
TargetObject: \REGISTRY\A\{9309e89c-9321-cf1a-3889-0090faa6586f}\Root\InventoryApplicationFile\mspaint.exe|3bae8eb76a24224b\LinkDate
Details: 07/15/2071 12:40:13
User: NT AUTHORITY\SYSTEM"
"11/27/2025 9:23:38 PM","13","Information","Registry value set:
RuleName: InvDB-Pub
EventType: SetValue
UtcTime: 2025-11-27 15:53:38.270
ProcessGuid: {3a35410f-656a-6928-3e00-000000000b00}
ProcessId: 2740
Image: C:\Windows\System32\svchost.exe
TargetObject: \REGISTRY\A\{9309e89c-9321-cf1a-3889-0090faa6586f}\Root\InventoryApplicationFile\mspaint.exe|3bae8eb76a24224b\Publisher
Details: microsoft corporation
User: NT AUTHORITY\SYSTEM"
"11/27/2025 9:23:38 PM","13","Information","Registry value set:
RuleName: InvDB-Path
EventType: SetValue
UtcTime: 2025-11-27 15:53:38.270
ProcessGuid: {3a35410f-656a-6928-3e00-000000000b00}
ProcessId: 2740
Image: C:\Windows\System32\svchost.exe
TargetObject: \REGISTRY\A\{9309e89c-9321-cf1a-3889-0090faa6586f}\Root\InventoryApplicationFile\mspaint.exe|3bae8eb76a24224b\LowerCaseLongPath
Details: c:\windows\system32\mspaint.exe
User: NT AUTHORITY\SYSTEM"
"11/27/2025 9:23:37 PM","1","Information","Process Create:
RuleName: -
UtcTime: 2025-11-27 15:53:37.672
ProcessGuid: {3a35410f-7401-6928-dd04-000000000b00}
ProcessId: 12768
Image: C:\Windows\System32\mspaint.exe
FileVersion: 10.0.19041.5553 (WinBuild.160101.0800)
Description: Paint
Product: Microsoft? Windows? Operating System
Company: Microsoft Corporation
OriginalFileName: MSPAINT.EXE
CommandLine: ""C:\Windows\system32\mspaint.exe"" 
CurrentDirectory: C:\Users\Emil Jinu\
User: DESKTOP-EJG8QJC\Emil Jinu
LogonGuid: {3a35410f-6604-6928-c9e6-200000000000}
LogonId: 0x20E6C9
TerminalSessionId: 1
IntegrityLevel: Medium
Hashes: MD5=FA534C7C1F54F9FB8BA99FC99C505651,SHA256=94F22AE686874A5F016AACF7F74F679DECC8D52A39DFDF31DCD5133739BBA532,IMPHASH=AD9649A74DB256ECAB874BD416C46A98
ParentProcessGuid: {3a35410f-717b-6928-7704-000000000b00}
ParentProcessId: 9908
ParentImage: C:\Windows\System32\WindowsPowerShell\v1.0\powershell.exe
ParentCommandLine: ""C:\Windows\System32\WindowsPowerShell\v1.0\powershell.exe"" 
ParentUser: DESKTOP-EJG8QJC\Emil Jinu"
