"11/27/2025 9:13:17 PM","1","Information","Process Create:
RuleName: -
UtcTime: 2025-11-27 15:43:17.386
ProcessGuid: {3a35410f-7195-6928-7e04-000000000b00}
ProcessId: 5072
Image: C:\Windows\System32\calc.exe
FileVersion: 10.0.19041.1 (WinBuild.160101.0800)
Description: Windows Calculator
Product: Microsoft? Windows? Operating System
Company: Microsoft Corporation
OriginalFileName: CALC.EXE
CommandLine: ""C:\Windows\system32\calc.exe"" 
CurrentDirectory: C:\Users\Emil Jinu\
User: DESKTOP-EJG8QJC\Emil Jinu
LogonGuid: {3a35410f-6604-6928-c9e6-200000000000}
LogonId: 0x20E6C9
TerminalSessionId: 1
IntegrityLevel: Medium
Hashes: MD5=5DA8C98136D98DFEC4716EDD79C7145F,SHA256=58189CBD4E6DC0C7D8E66B6A6F75652FC9F4AFC7CE0EBA7D67D8C3FEB0D5381F,IMPHASH=8EEAA9499666119D13B3F44ECD77A729
ParentProcessGuid: {3a35410f-717b-6928-7704-000000000b00}
ParentProcessId: 9908
ParentImage: C:\Windows\System32\WindowsPowerShell\v1.0\powershell.exe
ParentCommandLine: ""C:\Windows\System32\WindowsPowerShell\v1.0\powershell.exe"" 
ParentUser: DESKTOP-EJG8QJC\Emil Jinu"
"11/27/2025 9:13:14 PM","1","Information","Process Create:
RuleName: -
UtcTime: 2025-11-27 15:43:14.251
ProcessGuid: {3a35410f-7192-6928-7d04-000000000b00}
ProcessId: 11632
Image: C:\Windows\System32\notepad.exe
FileVersion: 10.0.19041.5794 (WinBuild.160101.0800)
Description: Notepad
Product: Microsoft? Windows? Operating System
Company: Microsoft Corporation
OriginalFileName: NOTEPAD.EXE
CommandLine: ""C:\Windows\system32\notepad.exe"" 
CurrentDirectory: C:\Users\Emil Jinu\
User: DESKTOP-EJG8QJC\Emil Jinu
LogonGuid: {3a35410f-6604-6928-c9e6-200000000000}
LogonId: 0x20E6C9
TerminalSessionId: 1
IntegrityLevel: Medium
Hashes: MD5=6F51BCABF1B2B34AD7E670AEE6DA451F,SHA256=DA5807BB0997CC6B5132950EC87EDA2B33B1AC4533CF1F7A22A6F3B576ED7C5B,IMPHASH=09ED737A03DB7295BF734A9953F6EB5E
ParentProcessGuid: {3a35410f-717b-6928-7704-000000000b00}
ParentProcessId: 9908
ParentImage: C:\Windows\System32\WindowsPowerShell\v1.0\powershell.exe
ParentCommandLine: ""C:\Windows\System32\WindowsPowerShell\v1.0\powershell.exe"" 
ParentUser: DESKTOP-EJG8QJC\Emil Jinu"
"11/27/2025 9:13:11 PM","1","Information","Process Create:
RuleName: -
UtcTime: 2025-11-27 15:43:11.143
ProcessGuid: {3a35410f-718f-6928-7c04-000000000b00}
ProcessId: 14408
Image: C:\Windows\System32\notepad.exe
FileVersion: 10.0.19041.5794 (WinBuild.160101.0800)
Description: Notepad
Product: Microsoft? Windows? Operating System
Company: Microsoft Corporation
OriginalFileName: NOTEPAD.EXE
CommandLine: ""C:\Windows\system32\notepad.exe"" 
CurrentDirectory: C:\Users\Emil Jinu\
User: DESKTOP-EJG8QJC\Emil Jinu
LogonGuid: {3a35410f-6604-6928-c9e6-200000000000}
LogonId: 0x20E6C9
TerminalSessionId: 1
IntegrityLevel: Medium
Hashes: MD5=6F51BCABF1B2B34AD7E670AEE6DA451F,SHA256=DA5807BB0997CC6B5132950EC87EDA2B33B1AC4533CF1F7A22A6F3B576ED7C5B,IMPHASH=09ED737A03DB7295BF734A9953F6EB5E
ParentProcessGuid: {3a35410f-717b-6928-7704-000000000b00}
ParentProcessId: 9908
ParentImage: C:\Windows\System32\WindowsPowerShell\v1.0\powershell.exe
ParentCommandLine: ""C:\Windows\System32\WindowsPowerShell\v1.0\powershell.exe"" 
ParentUser: DESKTOP-EJG8QJC\Emil Jinu"
"11/27/2025 9:13:08 PM","1","Information","Process Create:
RuleName: -
UtcTime: 2025-11-27 15:43:08.027
ProcessGuid: {3a35410f-718c-6928-7b04-000000000b00}
ProcessId: 5276
Image: C:\Windows\System32\notepad.exe
FileVersion: 10.0.19041.5794 (WinBuild.160101.0800)
Description: Notepad
Product: Microsoft? Windows? Operating System
Company: Microsoft Corporation
OriginalFileName: NOTEPAD.EXE
CommandLine: ""C:\Windows\system32\notepad.exe"" 
CurrentDirectory: C:\Users\Emil Jinu\
User: DESKTOP-EJG8QJC\Emil Jinu
LogonGuid: {3a35410f-6604-6928-c9e6-200000000000}
LogonId: 0x20E6C9
TerminalSessionId: 1
IntegrityLevel: Medium
Hashes: MD5=6F51BCABF1B2B34AD7E670AEE6DA451F,SHA256=DA5807BB0997CC6B5132950EC87EDA2B33B1AC4533CF1F7A22A6F3B576ED7C5B,IMPHASH=09ED737A03DB7295BF734A9953F6EB5E
ParentProcessGuid: {3a35410f-717b-6928-7704-000000000b00}
ParentProcessId: 9908
ParentImage: C:\Windows\System32\WindowsPowerShell\v1.0\powershell.exe
ParentCommandLine: ""C:\Windows\System32\WindowsPowerShell\v1.0\powershell.exe"" 
ParentUser: DESKTOP-EJG8QJC\Emil Jinu"
"11/27/2025 9:13:04 PM","1","Information","Process Create:
RuleName: -
UtcTime: 2025-11-27 15:43:04.849
ProcessGuid: {3a35410f-7188-6928-7a04-000000000b00}
ProcessId: 12864
Image: C:\Windows\System32\notepad.exe
FileVersion: 10.0.19041.5794 (WinBuild.160101.0800)
Description: Notepad
Product: Microsoft? Windows? Operating System
Company: Microsoft Corporation
OriginalFileName: NOTEPAD.EXE
CommandLine: ""C:\Windows\system32\notepad.exe"" 
CurrentDirectory: C:\Users\Emil Jinu\
User: DESKTOP-EJG8QJC\Emil Jinu
LogonGuid: {3a35410f-6604-6928-c9e6-200000000000}
LogonId: 0x20E6C9
TerminalSessionId: 1
IntegrityLevel: Medium
Hashes: MD5=6F51BCABF1B2B34AD7E670AEE6DA451F,SHA256=DA5807BB0997CC6B5132950EC87EDA2B33B1AC4533CF1F7A22A6F3B576ED7C5B,IMPHASH=09ED737A03DB7295BF734A9953F6EB5E
ParentProcessGuid: {3a35410f-717b-6928-7704-000000000b00}
ParentProcessId: 9908
ParentImage: C:\Windows\System32\WindowsPowerShell\v1.0\powershell.exe
ParentCommandLine: ""C:\Windows\System32\WindowsPowerShell\v1.0\powershell.exe"" 
ParentUser: DESKTOP-EJG8QJC\Emil Jinu"
"11/27/2025 9:13:01 PM","1","Information","Process Create:
RuleName: -
UtcTime: 2025-11-27 15:43:01.689
ProcessGuid: {3a35410f-7185-6928-7904-000000000b00}
ProcessId: 12360
Image: C:\Windows\System32\notepad.exe
FileVersion: 10.0.19041.5794 (WinBuild.160101.0800)
Description: Notepad
Product: Microsoft? Windows? Operating System
Company: Microsoft Corporation
OriginalFileName: NOTEPAD.EXE
CommandLine: ""C:\Windows\system32\notepad.exe"" 
CurrentDirectory: C:\Users\Emil Jinu\
User: DESKTOP-EJG8QJC\Emil Jinu
LogonGuid: {3a35410f-6604-6928-c9e6-200000000000}
LogonId: 0x20E6C9
TerminalSessionId: 1
IntegrityLevel: Medium
Hashes: MD5=6F51BCABF1B2B34AD7E670AEE6DA451F,SHA256=DA5807BB0997CC6B5132950EC87EDA2B33B1AC4533CF1F7A22A6F3B576ED7C5B,IMPHASH=09ED737A03DB7295BF734A9953F6EB5E
ParentProcessGuid: {3a35410f-717b-6928-7704-000000000b00}
ParentProcessId: 9908
ParentImage: C:\Windows\System32\WindowsPowerShell\v1.0\powershell.exe
ParentCommandLine: ""C:\Windows\System32\WindowsPowerShell\v1.0\powershell.exe"" 
ParentUser: DESKTOP-EJG8QJC\Emil Jinu"
"11/27/2025 9:12:53 PM","11","Information","File created:
RuleName: -
UtcTime: 2025-11-27 15:42:53.978
ProcessGuid: {3a35410f-717b-6928-7704-000000000b00}
ProcessId: 9908
Image: C:\Windows\System32\WindowsPowerShell\v1.0\powershell.exe
TargetFilename: C:\Users\Emil Jinu\AppData\Local\Temp\__PSScriptPolicyTest_x2yxwmxn.43t.ps1
CreationUtcTime: 2025-11-27 15:42:53.978
User: DESKTOP-EJG8QJC\Emil Jinu"
"11/27/2025 9:12:51 PM","1","Information","Process Create:
RuleName: -
UtcTime: 2025-11-27 15:42:51.968
ProcessGuid: {3a35410f-717b-6928-7704-000000000b00}
ProcessId: 9908
Image: C:\Windows\System32\WindowsPowerShell\v1.0\powershell.exe
FileVersion: 10.0.19041.3996 (WinBuild.160101.0800)
Description: Windows PowerShell
Product: Microsoft? Windows? Operating System
Company: Microsoft Corporation
OriginalFileName: PowerShell.EXE
CommandLine: ""C:\Windows\System32\WindowsPowerShell\v1.0\powershell.exe"" 
CurrentDirectory: C:\Users\Emil Jinu\
User: DESKTOP-EJG8QJC\Emil Jinu
LogonGuid: {3a35410f-6604-6928-c9e6-200000000000}
LogonId: 0x20E6C9
TerminalSessionId: 1
IntegrityLevel: Medium
Hashes: MD5=2E5A8590CF6848968FC23DE3FA1E25F1,SHA256=9785001B0DCF755EDDB8AF294A373C0B87B2498660F724E76C4D53F9C217C7A3,IMPHASH=3D08F4848535206D772DE145804FF4B6
ParentProcessGuid: {3a35410f-6605-6928-0f01-000000000b00}
ParentProcessId: 4484
ParentImage: C:\Windows\explorer.exe
ParentCommandLine: C:\Windows\Explorer.EXE
ParentUser: DESKTOP-EJG8QJC\Emil Jinu"
"11/27/2025 9:12:11 PM","1","Information","Process Create:
RuleName: -
UtcTime: 2025-11-27 15:42:11.989
ProcessGuid: {3a35410f-7153-6928-7604-000000000b00}
ProcessId: 6864
Image: C:\Program Files\Internet Explorer\ielowutil.exe
FileVersion: 11.00.19041.1 (WinBuild.160101.0800)
Description: Internet Low-Mic Utility Tool
Product: Internet Explorer
Company: Microsoft Corporation
OriginalFileName: ielowutil.exe
CommandLine: ""C:\Program Files\Internet Explorer\IELowutil.exe"" -PID:123
CurrentDirectory: C:\Windows\system32\
User: DESKTOP-EJG8QJC\Emil Jinu
LogonGuid: {3a35410f-6604-6928-c9e6-200000000000}
LogonId: 0x20E6C9
TerminalSessionId: 1
IntegrityLevel: Low
Hashes: MD5=D831180F7596E0D2BB87B2CC57ECFCA2,SHA256=3099B6CF67191B1A7E4D8463576FE85835E8DF2296DBA3470B0CD42BABD336C8,IMPHASH=D9652E955DB76BA3EEBAB87845BB3F85
ParentProcessGuid: {3a35410f-7140-6928-7404-000000000b00}
ParentProcessId: 10748
ParentImage: C:\Windows\System32\msfeedssync.exe
ParentCommandLine: ""C:\Windows\system32\msfeedssync.exe"" sync
ParentUser: DESKTOP-EJG8QJC\Emil Jinu"
"11/27/2025 9:11:52 PM","1","Information","Process Create:
RuleName: -
UtcTime: 2025-11-27 15:41:52.011
ProcessGuid: {3a35410f-7140-6928-7404-000000000b00}
ProcessId: 10748
Image: C:\Windows\System32\msfeedssync.exe
FileVersion: 11.00.19041.1 (WinBuild.160101.0800)
Description: Microsoft Feeds Synchronization
Product: Internet Explorer
Company: Microsoft Corporation
OriginalFileName: msfeedssync.exe
CommandLine: ""C:\Windows\system32\msfeedssync.exe"" sync
CurrentDirectory: C:\Windows\system32\
User: DESKTOP-EJG8QJC\Emil Jinu
LogonGuid: {3a35410f-6604-6928-c9e6-200000000000}
LogonId: 0x20E6C9
TerminalSessionId: 1
IntegrityLevel: Medium
Hashes: MD5=C80939122EEC4C9583A521F673ED8DCC,SHA256=D842C0AA333567D6B14A5F7429282652917A10B449BBAB8A79D7F4C4821A5D9F,IMPHASH=E4C2A510E7541CF3FA9C8202F4B88D97
ParentProcessGuid: {3a35410f-6568-6928-2400-000000000b00}
ParentProcessId: 1532
ParentImage: C:\Windows\System32\svchost.exe
ParentCommandLine: C:\Windows\system32\svchost.exe -k netsvcs -p -s Schedule
ParentUser: NT AUTHORITY\SYSTEM"
"11/27/2025 9:10:42 PM","1","Information","Process Create:
RuleName: -
UtcTime: 2025-11-27 15:40:42.919
ProcessGuid: {3a35410f-70fa-6928-7204-000000000b00}
ProcessId: 11024
Image: C:\Program Files (x86)\Microsoft\Edge\Application\msedge.exe
FileVersion: 142.0.3595.94
Description: Microsoft Edge
Product: Microsoft Edge
Company: Microsoft Corporation
OriginalFileName: msedge.exe
CommandLine: ""C:\Program Files (x86)\Microsoft\Edge\Application\msedge.exe"" --type=utility --utility-sub-type=edge_search_indexer.mojom.SearchIndexerInterfaceBroker --lang=en-US --service-sandbox-type=search_indexer --message-loop-type-ui --ram-no-pressure-read-main-dll --metrics-shmem-handle=5720,i,16142086085520842579,1898289001216864036,524288 --field-trial-handle=2284,i,15516268460583269811,3696675730914894840,262144 --variations-seed-version --trace-process-track-uuid=3190709003178624776 --mojo-platform-channel-handle=5936 /prefetch:8
CurrentDirectory: C:\Program Files (x86)\Microsoft\Edge\Application\142.0.3595.94\
User: DESKTOP-EJG8QJC\Emil Jinu
LogonGuid: {3a35410f-6604-6928-c9e6-200000000000}
LogonId: 0x20E6C9
TerminalSessionId: 1
IntegrityLevel: Low
Hashes: MD5=CC88E8CBC96E0183F15A240EC2E6D7BB,SHA256=C089768E72071ACA205E6B77C0538F58A3896CE5B0F65BA9BD38CDAE263D8A03,IMPHASH=4C2A67DEB457B8BF9F317820EE11E05D
ParentProcessGuid: {3a35410f-700f-6928-4104-000000000b00}
ParentProcessId: 13500
ParentImage: C:\Program Files (x86)\Microsoft\Edge\Application\msedge.exe
ParentCommandLine: ""C:\Program Files (x86)\Microsoft\Edge\Application\msedge.exe"" --no-startup-window
ParentUser: DESKTOP-EJG8QJC\Emil Jinu"
"11/27/2025 9:09:48 PM","1","Information","Process Create:
RuleName: -
UtcTime: 2025-11-27 15:39:48.380
ProcessGuid: {3a35410f-70c4-6928-6f04-000000000b00}
ProcessId: 204
Image: C:\Windows\System32\LocationNotificationWindows.exe
FileVersion: 10.0.19041.5915 (WinBuild.160101.0800)
Description: Location Notification
Product: Microsoft? Windows? Operating System
Company: Microsoft Corporation
OriginalFileName: LocationNotificationWindows.exe
CommandLine: ""C:\Windows\System32\LocationNotificationWindows.exe""
CurrentDirectory: C:\Windows\system32\
User: DESKTOP-EJG8QJC\Emil Jinu
LogonGuid: {3a35410f-6604-6928-c9e6-200000000000}
LogonId: 0x20E6C9
TerminalSessionId: 1
IntegrityLevel: Medium
Hashes: MD5=78304DE7BC9427229F70FC0CCF7C0CF1,SHA256=82CFEF287D60D9F04E5F0E4FB915D71CC71C1AD260F90941F4ADEE515896BBE7,IMPHASH=BFB647E172E5CBBCE5676BA2E6097869
ParentProcessGuid: {3a35410f-6568-6928-2400-000000000b00}
ParentProcessId: 1532
ParentImage: C:\Windows\System32\svchost.exe
ParentCommandLine: C:\Windows\system32\svchost.exe -k netsvcs -p -s Schedule
ParentUser: NT AUTHORITY\SYSTEM"
"11/27/2025 9:09:48 PM","13","Information","Registry value set:
RuleName: T1060,RunKey
EventType: SetValue
UtcTime: 2025-11-27 15:39:48.277
ProcessGuid: {3a35410f-700f-6928-4104-000000000b00}
ProcessId: 13500
Image: C:\Program Files (x86)\Microsoft\Edge\Application\msedge.exe
TargetObject: HKU\S-1-5-21-3351607045-2108423416-1727308141-1001\SOFTWARE\Microsoft\Windows\CurrentVersion\Run\MicrosoftEdgeAutoLaunch_6292A2F6BF3E9F54EAFEC5C21A7730CB
Details: ""C:\Program Files (x86)\Microsoft\Edge\Application\msedge.exe"" --no-startup-window --win-session-start
User: DESKTOP-EJG8QJC\Emil Jinu"
"11/27/2025 9:09:44 PM","1","Information","Process Create:
RuleName: -
UtcTime: 2025-11-27 15:39:44.974
ProcessGuid: {3a35410f-70c0-6928-6e04-000000000b00}
ProcessId: 6572
Image: C:\Windows\System32\svchost.exe
FileVersion: 10.0.19041.5794 (WinBuild.160101.0800)
Description: Host Process for Windows Services
Product: Microsoft? Windows? Operating System
Company: Microsoft Corporation
OriginalFileName: svchost.exe
CommandLine: C:\Windows\system32\svchost.exe -k netsvcs -p -s gpsvc
CurrentDirectory: C:\Windows\system32\
User: NT AUTHORITY\SYSTEM
LogonGuid: {3a35410f-6567-6928-e703-000000000000}
LogonId: 0x3E7
TerminalSessionId: 0
IntegrityLevel: System
Hashes: MD5=3D1034D6ED3DAED60816A25C561E8C83,SHA256=B0B36BFF7AE4057F687D839CD4B3D81159AB646F1EE1B22106A927E93DECBB61,IMPHASH=F9BBD96FAE53B7A31264A703CAFA0666
ParentProcessGuid: {3a35410f-6567-6928-0b00-000000000b00}
ParentProcessId: 708
ParentImage: C:\Windows\System32\services.exe
ParentCommandLine: C:\Windows\system32\services.exe
ParentUser: NT AUTHORITY\SYSTEM"
"11/27/2025 9:09:44 PM","22","Information","Dns query:
RuleName: -
UtcTime: 2025-11-27 15:40:14.200
ProcessGuid: {3a35410f-700f-6928-4404-000000000b00}
ProcessId: 13688
QueryName: wpad
QueryStatus: 123
QueryResults: -
Image: C:\Program Files (x86)\Microsoft\Edge\Application\msedge.exe
User: DESKTOP-EJG8QJC\Emil Jinu"
"11/27/2025 9:09:44 PM","22","Information","Dns query:
RuleName: -
UtcTime: 2025-11-27 15:40:14.137
ProcessGuid: {3a35410f-700f-6928-4404-000000000b00}
ProcessId: 13688
QueryName: wpad
QueryStatus: 123
QueryResults: -
Image: C:\Program Files (x86)\Microsoft\Edge\Application\msedge.exe
User: DESKTOP-EJG8QJC\Emil Jinu"
"11/27/2025 9:09:43 PM","13","Information","Registry value set:
RuleName: InvDB
EventType: SetValue
UtcTime: 2025-11-27 15:39:43.426
ProcessGuid: {3a35410f-658e-6928-7600-000000000b00}
ProcessId: 2560
Image: C:\Windows\system32\svchost.exe
TargetObject: HKU\S-1-5-21-3351607045-2108423416-1727308141-1001\SOFTWARE\Microsoft\Windows NT\CurrentVersion\AppCompatFlags\Compatibility Assistant\Store\C:\Program Files (x86)\Microsoft\Edge\Application\msedge_proxy.exe
Details: Binary Data
User: NT AUTHORITY\SYSTEM"
"11/27/2025 9:09:42 PM","1","Information","Process Create:
RuleName: -
UtcTime: 2025-11-27 15:39:42.493
ProcessGuid: {3a35410f-70be-6928-6c04-000000000b00}
ProcessId: 6832
Image: C:\Program Files (x86)\Microsoft\Edge\Application\msedge.exe
FileVersion: 142.0.3595.94
Description: Microsoft Edge
Product: Microsoft Edge
Company: Microsoft Corporation
OriginalFileName: msedge.exe
CommandLine: ""C:\Program Files (x86)\Microsoft\Edge\Application\msedge.exe"" --type=utility --utility-sub-type=entity_extraction_service.mojom.Extractor --lang=en-US --service-sandbox-type=entity_extraction --onnx-enabled-for-ee --skip-read-main-dll --metrics-shmem-handle=5676,i,8826425195474977797,15938801049841580920,524288 --field-trial-handle=2284,i,15516268460583269811,3696675730914894840,262144 --variations-seed-version --trace-process-track-uuid=3190709001304541078 --mojo-platform-channel-handle=5720 /prefetch:8
CurrentDirectory: C:\Program Files (x86)\Microsoft\Edge\Application\142.0.3595.94\
User: DESKTOP-EJG8QJC\Emil Jinu
LogonGuid: {3a35410f-6604-6928-c9e6-200000000000}
LogonId: 0x20E6C9
TerminalSessionId: 1
IntegrityLevel: Low
Hashes: MD5=CC88E8CBC96E0183F15A240EC2E6D7BB,SHA256=C089768E72071ACA205E6B77C0538F58A3896CE5B0F65BA9BD38CDAE263D8A03,IMPHASH=4C2A67DEB457B8BF9F317820EE11E05D
ParentProcessGuid: {3a35410f-700f-6928-4104-000000000b00}
ParentProcessId: 13500
ParentImage: C:\Program Files (x86)\Microsoft\Edge\Application\msedge.exe
ParentCommandLine: ""C:\Program Files (x86)\Microsoft\Edge\Application\msedge.exe"" --no-startup-window
ParentUser: DESKTOP-EJG8QJC\Emil Jinu"
"11/27/2025 9:09:42 PM","1","Information","Process Create:
RuleName: -
UtcTime: 2025-11-27 15:39:42.457
ProcessGuid: {3a35410f-70be-6928-6904-000000000b00}
ProcessId: 4656
Image: C:\Program Files (x86)\Microsoft\Edge\Application\msedge.exe
FileVersion: 142.0.3595.94
Description: Microsoft Edge
Product: Microsoft Edge
Company: Microsoft Corporation
OriginalFileName: msedge.exe
CommandLine: ""C:\Program Files (x86)\Microsoft\Edge\Application\msedge.exe"" --type=utility --utility-sub-type=asset_store.mojom.AssetStoreService --lang=en-US --service-sandbox-type=asset_store_service --skip-read-main-dll --metrics-shmem-handle=5620,i,4903201642640521812,1464610708846019693,524288 --field-trial-handle=2284,i,15516268460583269811,3696675730914894840,262144 --variations-seed-version --trace-process-track-uuid=3190709000367499229 --mojo-platform-channel-handle=5640 /prefetch:8
CurrentDirectory: C:\Program Files (x86)\Microsoft\Edge\Application\142.0.3595.94\
User: DESKTOP-EJG8QJC\Emil Jinu
LogonGuid: {3a35410f-6604-6928-c9e6-200000000000}
LogonId: 0x20E6C9
TerminalSessionId: 1
IntegrityLevel: Low
Hashes: MD5=CC88E8CBC96E0183F15A240EC2E6D7BB,SHA256=C089768E72071ACA205E6B77C0538F58A3896CE5B0F65BA9BD38CDAE263D8A03,IMPHASH=4C2A67DEB457B8BF9F317820EE11E05D
ParentProcessGuid: {3a35410f-700f-6928-4104-000000000b00}
ParentProcessId: 13500
ParentImage: C:\Program Files (x86)\Microsoft\Edge\Application\msedge.exe
ParentCommandLine: ""C:\Program Files (x86)\Microsoft\Edge\Application\msedge.exe"" --no-startup-window
ParentUser: DESKTOP-EJG8QJC\Emil Jinu"
"11/27/2025 9:09:42 PM","1","Information","Process Create:
RuleName: -
UtcTime: 2025-11-27 15:39:42.060
ProcessGuid: {3a35410f-70be-6928-6804-000000000b00}
ProcessId: 7208
Image: C:\Program Files (x86)\Microsoft\Edge\Application\msedge.exe
FileVersion: 142.0.3595.94
Description: Microsoft Edge
Product: Microsoft Edge
Company: Microsoft Corporation
OriginalFileName: msedge.exe
CommandLine: ""C:\Program Files (x86)\Microsoft\Edge\Application\msedge.exe"" --app-id=khiogjgiicnghciboipemonlmgelhblf --app-fallback-url=https://copilot.microsoft.com/?dpwa=1 --display-mode=standalone --windows-store-app --ip-override-url=https://copilot.microsoft.com/?dpwa=1 --app-launch-source=4 --profile-directory=Default --ip-proc-id=10424 --ip-binding --mojo-named-platform-channel-pipe=10424.5296.12420868186510458240 --ip-aumid=Microsoft.Copilot_8wekyb3d8bbwe!App
CurrentDirectory: C:\Program Files (x86)\Microsoft\Edge\Application\142.0.3595.94\
User: DESKTOP-EJG8QJC\Emil Jinu
LogonGuid: {3a35410f-6604-6928-c9e6-200000000000}
LogonId: 0x20E6C9
TerminalSessionId: 1
IntegrityLevel: Medium
Hashes: MD5=CC88E8CBC96E0183F15A240EC2E6D7BB,SHA256=C089768E72071ACA205E6B77C0538F58A3896CE5B0F65BA9BD38CDAE263D8A03,IMPHASH=4C2A67DEB457B8BF9F317820EE11E05D
ParentProcessGuid: {3a35410f-70bd-6928-6704-000000000b00}
ParentProcessId: 10424
ParentImage: C:\Program Files (x86)\Microsoft\Edge\Application\pwahelper.exe
ParentCommandLine: ""C:\Program Files (x86)\Microsoft\Edge\Application\pwahelper.exe"" --app-id=khiogjgiicnghciboipemonlmgelhblf --ip-edge-aumid=Microsoft.MicrosoftEdge.Stable_8wekyb3d8bbwe!MSEDGE --app-fallback-url=https://copilot.microsoft.com/?dpwa=1 --display-mode=standalone --windows-store-app  --ip-override-url=https://copilot.microsoft.com/?dpwa=1 --app-launch-source=4 --profile-directory=""Default"" 
ParentUser: DESKTOP-EJG8QJC\Emil Jinu"
"11/27/2025 9:09:41 PM","1","Information","Process Create:
RuleName: -
UtcTime: 2025-11-27 15:39:41.946
ProcessGuid: {3a35410f-70bd-6928-6704-000000000b00}
ProcessId: 10424
Image: C:\Program Files (x86)\Microsoft\Edge\Application\pwahelper.exe
FileVersion: 142.0.3595.94
Description: PwaHelper executable for Identity Proxy
Product: Microsoft Edge
Company: Microsoft Corporation
OriginalFileName: pwahelper.exe
CommandLine: ""C:\Program Files (x86)\Microsoft\Edge\Application\pwahelper.exe"" --app-id=khiogjgiicnghciboipemonlmgelhblf --ip-edge-aumid=Microsoft.MicrosoftEdge.Stable_8wekyb3d8bbwe!MSEDGE --app-fallback-url=https://copilot.microsoft.com/?dpwa=1 --display-mode=standalone --windows-store-app  --ip-override-url=https://copilot.microsoft.com/?dpwa=1 --app-launch-source=4 --profile-directory=""Default"" 
CurrentDirectory: C:\Program Files (x86)\Microsoft\Edge\Application\142.0.3595.94\
User: DESKTOP-EJG8QJC\Emil Jinu
LogonGuid: {3a35410f-6604-6928-c9e6-200000000000}
LogonId: 0x20E6C9
TerminalSessionId: 1
IntegrityLevel: Medium
Hashes: MD5=AFC1DE535EEE8B8A34EE2062DDE3F0D4,SHA256=EFFF97D1B267DA1FFADA64C084BF9213FCAEE33BFBFF292D007A0B2C5E114BFF,IMPHASH=3CA08947DF45C63E14080503EBEAA36E
ParentProcessGuid: {3a35410f-700f-6928-4104-000000000b00}
ParentProcessId: 13500
ParentImage: C:\Program Files (x86)\Microsoft\Edge\Application\msedge.exe
ParentCommandLine: ""C:\Program Files (x86)\Microsoft\Edge\Application\msedge.exe"" --no-startup-window
ParentUser: DESKTOP-EJG8QJC\Emil Jinu"
"11/27/2025 9:09:41 PM","1","Information","Process Create:
RuleName: -
UtcTime: 2025-11-27 15:39:41.114
ProcessGuid: {3a35410f-70bd-6928-6604-000000000b00}
ProcessId: 5216
Image: C:\Program Files (x86)\Microsoft\Edge\Application\msedge.exe
FileVersion: 142.0.3595.94
Description: Microsoft Edge
Product: Microsoft Edge
Company: Microsoft Corporation
OriginalFileName: msedge.exe
CommandLine: ""C:\Program Files (x86)\Microsoft\Edge\Application\msedge.exe"" --source-shortcut=""C:\Users\Emil Jinu\AppData\Roaming\Microsoft\Internet Explorer\Quick Launch\User Pinned\TaskBar\Copilot.lnk"" --profile-directory=Default --app-id=khiogjgiicnghciboipemonlmgelhblf --app-url=https://copilot.microsoft.com/?dpwa=1 --app-launch-source=4 --edge-skip-compat-layer-relaunch
CurrentDirectory: C:\Program Files (x86)\Microsoft\Edge\Application\
User: DESKTOP-EJG8QJC\Emil Jinu
LogonGuid: {3a35410f-6604-6928-c9e6-200000000000}
LogonId: 0x20E6C9
TerminalSessionId: 1
IntegrityLevel: Medium
Hashes: MD5=CC88E8CBC96E0183F15A240EC2E6D7BB,SHA256=C089768E72071ACA205E6B77C0538F58A3896CE5B0F65BA9BD38CDAE263D8A03,IMPHASH=4C2A67DEB457B8BF9F317820EE11E05D
ParentProcessGuid: {3a35410f-70bd-6928-6504-000000000b00}
ParentProcessId: 14344
ParentImage: C:\Program Files (x86)\Microsoft\Edge\Application\msedge.exe
ParentCommandLine: ""C:\Program Files (x86)\Microsoft\Edge\Application\msedge.exe"" --source-shortcut=""C:\Users\Emil Jinu\AppData\Roaming\Microsoft\Internet Explorer\Quick Launch\User Pinned\TaskBar\Copilot.lnk"" --profile-directory=Default --app-id=khiogjgiicnghciboipemonlmgelhblf --app-url=https://copilot.microsoft.com/?dpwa=1 --app-launch-source=4
ParentUser: DESKTOP-EJG8QJC\Emil Jinu"
"11/27/2025 9:09:41 PM","1","Information","Process Create:
RuleName: -
UtcTime: 2025-11-27 15:39:41.079
ProcessGuid: {3a35410f-70bd-6928-6504-000000000b00}
ProcessId: 14344
Image: C:\Program Files (x86)\Microsoft\Edge\Application\msedge.exe
FileVersion: 142.0.3595.94
Description: Microsoft Edge
Product: Microsoft Edge
Company: Microsoft Corporation
OriginalFileName: msedge.exe
CommandLine: ""C:\Program Files (x86)\Microsoft\Edge\Application\msedge.exe"" --source-shortcut=""C:\Users\Emil Jinu\AppData\Roaming\Microsoft\Internet Explorer\Quick Launch\User Pinned\TaskBar\Copilot.lnk"" --profile-directory=Default --app-id=khiogjgiicnghciboipemonlmgelhblf --app-url=https://copilot.microsoft.com/?dpwa=1 --app-launch-source=4
CurrentDirectory: C:\Program Files (x86)\Microsoft\Edge\Application\
User: DESKTOP-EJG8QJC\Emil Jinu
LogonGuid: {3a35410f-6604-6928-c9e6-200000000000}
LogonId: 0x20E6C9
TerminalSessionId: 1
IntegrityLevel: Medium
Hashes: MD5=CC88E8CBC96E0183F15A240EC2E6D7BB,SHA256=C089768E72071ACA205E6B77C0538F58A3896CE5B0F65BA9BD38CDAE263D8A03,IMPHASH=4C2A67DEB457B8BF9F317820EE11E05D
ParentProcessGuid: {3a35410f-70bd-6928-6404-000000000b00}
ParentProcessId: 4892
ParentImage: C:\Program Files (x86)\Microsoft\Edge\Application\msedge_proxy.exe
ParentCommandLine: ""C:\Program Files (x86)\Microsoft\Edge\Application\msedge_proxy.exe""  --profile-directory=Default --app-id=khiogjgiicnghciboipemonlmgelhblf --app-url=https://copilot.microsoft.com/?dpwa=1 --app-launch-source=4
ParentUser: DESKTOP-EJG8QJC\Emil Jinu"
"11/27/2025 9:09:41 PM","13","Information","Registry value set:
RuleName: InvDB
EventType: SetValue
UtcTime: 2025-11-27 15:39:41.048
ProcessGuid: {3a35410f-658e-6928-7600-000000000b00}
ProcessId: 2560
Image: C:\Windows\system32\svchost.exe
TargetObject: HKU\S-1-5-21-3351607045-2108423416-1727308141-1001\SOFTWARE\Microsoft\Windows NT\CurrentVersion\AppCompatFlags\Compatibility Assistant\Store\C:\Program Files (x86)\Microsoft\Edge\Application\msedge_proxy.exe
Details: Binary Data
User: NT AUTHORITY\SYSTEM"
"11/27/2025 9:09:41 PM","1","Information","Process Create:
RuleName: -
UtcTime: 2025-11-27 15:39:41.010
ProcessGuid: {3a35410f-70bd-6928-6404-000000000b00}
ProcessId: 4892
Image: C:\Program Files (x86)\Microsoft\Edge\Application\msedge_proxy.exe
FileVersion: 142.0.3595.94
Description: Microsoft Edge
Product: Microsoft Edge
Company: Microsoft Corporation
OriginalFileName: msedge_proxy.exe
CommandLine: ""C:\Program Files (x86)\Microsoft\Edge\Application\msedge_proxy.exe""  --profile-directory=Default --app-id=khiogjgiicnghciboipemonlmgelhblf --app-url=https://copilot.microsoft.com/?dpwa=1 --app-launch-source=4
CurrentDirectory: C:\Program Files (x86)\Microsoft\Edge\Application\
User: DESKTOP-EJG8QJC\Emil Jinu
LogonGuid: {3a35410f-6604-6928-c9e6-200000000000}
LogonId: 0x20E6C9
TerminalSessionId: 1
IntegrityLevel: Medium
Hashes: MD5=215E04F29F199156F13A4AFCB78BE2A4,SHA256=B63C1B0A14BDD090BF6B26DEC5041AFC8FF6B75F3AE1AA5CEA29E9474ECFFEC8,IMPHASH=857ABC9E3EC7313387B76B2494ECD50D
ParentProcessGuid: {3a35410f-6605-6928-0f01-000000000b00}
ParentProcessId: 4484
ParentImage: C:\Windows\explorer.exe
ParentCommandLine: C:\Windows\Explorer.EXE
ParentUser: DESKTOP-EJG8QJC\Emil Jinu"
"11/27/2025 9:09:34 PM","13","Information","Registry value set:
RuleName: InvDB-Ver
EventType: SetValue
UtcTime: 2025-11-27 15:39:34.341
ProcessGuid: {3a35410f-656a-6928-3e00-000000000b00}
ProcessId: 2740
Image: C:\Windows\System32\svchost.exe
TargetObject: \REGISTRY\A\{9309e89c-9321-cf1a-3889-0090faa6586f}\Root\InventoryApplicationFile\mstsc.exe|5fe3c648659308d1\BinProductVersion
Details: 10.0.19041.5965
User: NT AUTHORITY\SYSTEM"
"11/27/2025 9:09:34 PM","13","Information","Registry value set:
RuleName: InvDB-CompileTimeClaim
EventType: SetValue
UtcTime: 2025-11-27 15:39:34.341
ProcessGuid: {3a35410f-656a-6928-3e00-000000000b00}
ProcessId: 2740
Image: C:\Windows\System32\svchost.exe
TargetObject: \REGISTRY\A\{9309e89c-9321-cf1a-3889-0090faa6586f}\Root\InventoryApplicationFile\mstsc.exe|5fe3c648659308d1\LinkDate
Details: 06/27/2066 22:11:30
User: NT AUTHORITY\SYSTEM"
"11/27/2025 9:09:34 PM","13","Information","Registry value set:
RuleName: InvDB-Pub
EventType: SetValue
UtcTime: 2025-11-27 15:39:34.341
ProcessGuid: {3a35410f-656a-6928-3e00-000000000b00}
ProcessId: 2740
Image: C:\Windows\System32\svchost.exe
TargetObject: \REGISTRY\A\{9309e89c-9321-cf1a-3889-0090faa6586f}\Root\InventoryApplicationFile\mstsc.exe|5fe3c648659308d1\Publisher
Details: microsoft corporation
User: NT AUTHORITY\SYSTEM"
"11/27/2025 9:09:34 PM","13","Information","Registry value set:
RuleName: InvDB-Path
EventType: SetValue
UtcTime: 2025-11-27 15:39:34.341
ProcessGuid: {3a35410f-656a-6928-3e00-000000000b00}
ProcessId: 2740
Image: C:\Windows\System32\svchost.exe
TargetObject: \REGISTRY\A\{9309e89c-9321-cf1a-3889-0090faa6586f}\Root\InventoryApplicationFile\mstsc.exe|5fe3c648659308d1\LowerCaseLongPath
Details: c:\windows\system32\mstsc.exe
User: NT AUTHORITY\SYSTEM"
"11/27/2025 9:09:32 PM","1","Information","Process Create:
RuleName: -
UtcTime: 2025-11-27 15:39:32.904
ProcessGuid: {3a35410f-70b4-6928-6104-000000000b00}
ProcessId: 13820
Image: C:\Windows\System32\mstsc.exe
FileVersion: 10.0.19041.5965 (WinBuild.160101.0800)
Description: Remote Desktop Connection
Product: Microsoft? Windows? Operating System
Company: Microsoft Corporation
OriginalFileName: mstsc.exe
CommandLine: ""C:\Windows\system32\mstsc.exe"" 
CurrentDirectory: C:\Windows\system32\
User: DESKTOP-EJG8QJC\Emil Jinu
LogonGuid: {3a35410f-6604-6928-c9e6-200000000000}
LogonId: 0x20E6C9
TerminalSessionId: 1
IntegrityLevel: Medium
Hashes: MD5=606BD0B306ADCD12F40C0DF172BCC38F,SHA256=92F8A6693A10149E061718CBCB52F7944DCBBF50CFD15ED0ECD9CC9F10ACE77D,IMPHASH=33288E9128B6A4C74CD7009B505546A0
ParentProcessGuid: {3a35410f-6605-6928-0f01-000000000b00}
ParentProcessId: 4484
ParentImage: C:\Windows\explorer.exe
ParentCommandLine: C:\Windows\Explorer.EXE
ParentUser: DESKTOP-EJG8QJC\Emil Jinu"
"11/27/2025 9:09:32 PM","1","Information","Process Create:
RuleName: -
UtcTime: 2025-11-27 15:39:32.762
ProcessGuid: {3a35410f-70b4-6928-6004-000000000b00}
ProcessId: 11240
Image: C:\Windows\System32\mstsc.exe
FileVersion: 10.0.19041.5965 (WinBuild.160101.0800)
Description: Remote Desktop Connection
Product: Microsoft? Windows? Operating System
Company: Microsoft Corporation
OriginalFileName: mstsc.exe
CommandLine: ""C:\Windows\system32\mstsc.exe"" 
CurrentDirectory: C:\Windows\system32\
User: DESKTOP-EJG8QJC\Emil Jinu
LogonGuid: {3a35410f-6604-6928-c9e6-200000000000}
LogonId: 0x20E6C9
TerminalSessionId: 1
IntegrityLevel: Medium
Hashes: MD5=606BD0B306ADCD12F40C0DF172BCC38F,SHA256=92F8A6693A10149E061718CBCB52F7944DCBBF50CFD15ED0ECD9CC9F10ACE77D,IMPHASH=33288E9128B6A4C74CD7009B505546A0
ParentProcessGuid: {3a35410f-6605-6928-0f01-000000000b00}
ParentProcessId: 4484
ParentImage: C:\Windows\explorer.exe
ParentCommandLine: C:\Windows\Explorer.EXE
ParentUser: DESKTOP-EJG8QJC\Emil Jinu"
"11/27/2025 9:09:17 PM","1","Information","Process Create:
RuleName: -
UtcTime: 2025-11-27 15:39:17.852
ProcessGuid: {3a35410f-70a5-6928-5f04-000000000b00}
ProcessId: 1080
Image: C:\Windows\SysWOW64\dllhost.exe
FileVersion: 10.0.19041.3636 (WinBuild.160101.0800)
Description: COM Surrogate
Product: Microsoft? Windows? Operating System
Company: Microsoft Corporation
OriginalFileName: dllhost.exe
CommandLine: C:\Windows\SysWOW64\DllHost.exe /Processid:{60A90A2F-858D-42AF-8929-82BE9D99E8A1}
CurrentDirectory: C:\Windows\system32\
User: DESKTOP-EJG8QJC\Emil Jinu
LogonGuid: {3a35410f-6604-6928-c9e6-200000000000}
LogonId: 0x20E6C9
TerminalSessionId: 1
IntegrityLevel: High
Hashes: MD5=61DF0FA6EF720DDB2C284349D848599F,SHA256=6947EC4CADE9C3F410AAFB1D30D9664F6CBDA797C983A1BC7A682006BB08A466,IMPHASH=B6A6C5247EFBD2610E3DEA44649D7041
ParentProcessGuid: {3a35410f-6567-6928-0d00-000000000b00}
ParentProcessId: 848
ParentImage: C:\Windows\System32\svchost.exe
ParentCommandLine: C:\Windows\system32\svchost.exe -k DcomLaunch -p
ParentUser: NT AUTHORITY\SYSTEM"
"11/27/2025 9:09:04 PM","1","Information","Process Create:
RuleName: -
UtcTime: 2025-11-27 15:39:04.305
ProcessGuid: {3a35410f-7098-6928-5d04-000000000b00}
ProcessId: 14696
Image: C:\Windows\System32\Narrator.exe
FileVersion: 10.0.19041.5848 (WinBuild.160101.0800)
Description: Screen Reader
Product: Microsoft? Windows? Operating System
Company: Microsoft Corporation
OriginalFileName: SR.exe
CommandLine: ""C:\Windows\system32\narrator.exe"" 
CurrentDirectory: C:\Windows\system32\
User: DESKTOP-EJG8QJC\Emil Jinu
LogonGuid: {3a35410f-6604-6928-c9e6-200000000000}
LogonId: 0x20E6C9
TerminalSessionId: 1
IntegrityLevel: High
Hashes: MD5=9A41E0998F285855159C69769CEBDF8E,SHA256=9E59EEEEB81F0FD09743C6F18B7884C6036DE10940DC212C548725B6F6AACD7F,IMPHASH=57A1F3AD0DE3CB103F9F8CE970BCA759
ParentProcessGuid: {3a35410f-6605-6928-0f01-000000000b00}
ParentProcessId: 4484
ParentImage: C:\Windows\explorer.exe
ParentCommandLine: C:\Windows\Explorer.EXE
ParentUser: DESKTOP-EJG8QJC\Emil Jinu"
"11/27/2025 9:09:04 PM","13","Information","Registry value set:
RuleName: InvDB-Ver
EventType: SetValue
UtcTime: 2025-11-27 15:39:04.249
ProcessGuid: {3a35410f-656a-6928-3e00-000000000b00}
ProcessId: 2740
Image: C:\Windows\System32\svchost.exe
TargetObject: \REGISTRY\A\{9309e89c-9321-cf1a-3889-0090faa6586f}\Root\InventoryApplicationFile\narrator.exe|3cc3e64f4cfdc5e1\BinProductVersion
Details: 10.0.19041.5848
User: NT AUTHORITY\SYSTEM"
"11/27/2025 9:09:04 PM","13","Information","Registry value set:
RuleName: InvDB-CompileTimeClaim
EventType: SetValue
UtcTime: 2025-11-27 15:39:04.249
ProcessGuid: {3a35410f-656a-6928-3e00-000000000b00}
ProcessId: 2740
Image: C:\Windows\System32\svchost.exe
TargetObject: \REGISTRY\A\{9309e89c-9321-cf1a-3889-0090faa6586f}\Root\InventoryApplicationFile\narrator.exe|3cc3e64f4cfdc5e1\LinkDate
Details: 11/01/1989 01:38:30
User: NT AUTHORITY\SYSTEM"
"11/27/2025 9:09:04 PM","13","Information","Registry value set:
RuleName: InvDB-Pub
EventType: SetValue
UtcTime: 2025-11-27 15:39:04.249
ProcessGuid: {3a35410f-656a-6928-3e00-000000000b00}
ProcessId: 2740
Image: C:\Windows\System32\svchost.exe
TargetObject: \REGISTRY\A\{9309e89c-9321-cf1a-3889-0090faa6586f}\Root\InventoryApplicationFile\narrator.exe|3cc3e64f4cfdc5e1\Publisher
Details: microsoft corporation
User: NT AUTHORITY\SYSTEM"
"11/27/2025 9:09:04 PM","13","Information","Registry value set:
RuleName: InvDB-Path
EventType: SetValue
UtcTime: 2025-11-27 15:39:04.249
ProcessGuid: {3a35410f-656a-6928-3e00-000000000b00}
ProcessId: 2740
Image: C:\Windows\System32\svchost.exe
TargetObject: \REGISTRY\A\{9309e89c-9321-cf1a-3889-0090faa6586f}\Root\InventoryApplicationFile\narrator.exe|3cc3e64f4cfdc5e1\LowerCaseLongPath
Details: c:\windows\system32\narrator.exe
User: NT AUTHORITY\SYSTEM"
"11/27/2025 9:09:04 PM","1","Information","Process Create:
RuleName: -
UtcTime: 2025-11-27 15:39:04.220
ProcessGuid: {3a35410f-7098-6928-5c04-000000000b00}
ProcessId: 15260
Image: C:\Windows\System32\consent.exe
FileVersion: 10.0.19041.5794 (WinBuild.160101.0800)
Description: Consent UI for administrative applications
Product: Microsoft? Windows? Operating System
Company: Microsoft Corporation
OriginalFileName: consent.exe
CommandLine: consent.exe 9416 318 000001F8EAC64720
CurrentDirectory: C:\Windows\system32\
User: NT AUTHORITY\SYSTEM
LogonGuid: {3a35410f-6567-6928-e703-000000000000}
LogonId: 0x3E7
TerminalSessionId: 1
IntegrityLevel: System
Hashes: MD5=5D630C63F6F31700676E856B5FF47B26,SHA256=7084382B4C73176AF091FD5082C64F9ACE71E19B7BE31A08CA357F427E4DC2E9,IMPHASH=7001337914CFB426620F508E54CDF72F
ParentProcessGuid: {3a35410f-6618-6928-5b01-000000000b00}
ParentProcessId: 9416
ParentImage: C:\Windows\System32\svchost.exe
ParentCommandLine: C:\Windows\system32\svchost.exe -k netsvcs -p -s Appinfo
ParentUser: NT AUTHORITY\SYSTEM"
"11/27/2025 9:09:04 PM","1","Information","Process Create:
RuleName: -
UtcTime: 2025-11-27 15:39:04.170
ProcessGuid: {3a35410f-7098-6928-5b04-000000000b00}
ProcessId: 11676
Image: C:\Windows\System32\Narrator.exe
FileVersion: 10.0.19041.5848 (WinBuild.160101.0800)
Description: Screen Reader
Product: Microsoft? Windows? Operating System
Company: Microsoft Corporation
OriginalFileName: SR.exe
CommandLine: ""C:\Windows\system32\narrator.exe"" 
CurrentDirectory: C:\Windows\system32\
User: DESKTOP-EJG8QJC\Emil Jinu
LogonGuid: {3a35410f-6604-6928-c9e6-200000000000}
LogonId: 0x20E6C9
TerminalSessionId: 1
IntegrityLevel: Medium
Hashes: MD5=9A41E0998F285855159C69769CEBDF8E,SHA256=9E59EEEEB81F0FD09743C6F18B7884C6036DE10940DC212C548725B6F6AACD7F,IMPHASH=57A1F3AD0DE3CB103F9F8CE970BCA759
ParentProcessGuid: {3a35410f-6605-6928-0f01-000000000b00}
ParentProcessId: 4484
ParentImage: C:\Windows\explorer.exe
ParentCommandLine: C:\Windows\Explorer.EXE
ParentUser: DESKTOP-EJG8QJC\Emil Jinu"
"11/27/2025 9:09:04 PM","1","Information","Process Create:
RuleName: -
UtcTime: 2025-11-27 15:39:04.148
ProcessGuid: {3a35410f-7098-6928-5a04-000000000b00}
ProcessId: 15252
Image: C:\Windows\System32\Narrator.exe
FileVersion: 10.0.19041.5848 (WinBuild.160101.0800)
Description: Screen Reader
Product: Microsoft? Windows? Operating System
Company: Microsoft Corporation
OriginalFileName: SR.exe
CommandLine: ""C:\Windows\system32\narrator.exe"" 
CurrentDirectory: C:\Windows\system32\
User: DESKTOP-EJG8QJC\Emil Jinu
LogonGuid: {3a35410f-6604-6928-c9e6-200000000000}
LogonId: 0x20E6C9
TerminalSessionId: 1
IntegrityLevel: High
Hashes: MD5=9A41E0998F285855159C69769CEBDF8E,SHA256=9E59EEEEB81F0FD09743C6F18B7884C6036DE10940DC212C548725B6F6AACD7F,IMPHASH=57A1F3AD0DE3CB103F9F8CE970BCA759
ParentProcessGuid: {3a35410f-6605-6928-0f01-000000000b00}
ParentProcessId: 4484
ParentImage: C:\Windows\explorer.exe
ParentCommandLine: C:\Windows\Explorer.EXE
ParentUser: DESKTOP-EJG8QJC\Emil Jinu"
"11/27/2025 9:09:03 PM","1","Information","Process Create:
RuleName: -
UtcTime: 2025-11-27 15:39:03.964
ProcessGuid: {3a35410f-7097-6928-5904-000000000b00}
ProcessId: 11456
Image: C:\Windows\System32\consent.exe
FileVersion: 10.0.19041.5794 (WinBuild.160101.0800)
Description: Consent UI for administrative applications
Product: Microsoft? Windows? Operating System
Company: Microsoft Corporation
OriginalFileName: consent.exe
CommandLine: consent.exe 9416 318 000001F8EAC645C0
CurrentDirectory: C:\Windows\system32\
User: NT AUTHORITY\SYSTEM
LogonGuid: {3a35410f-6567-6928-e703-000000000000}
LogonId: 0x3E7
TerminalSessionId: 1
IntegrityLevel: System
Hashes: MD5=5D630C63F6F31700676E856B5FF47B26,SHA256=7084382B4C73176AF091FD5082C64F9ACE71E19B7BE31A08CA357F427E4DC2E9,IMPHASH=7001337914CFB426620F508E54CDF72F
ParentProcessGuid: {3a35410f-6618-6928-5b01-000000000b00}
ParentProcessId: 9416
ParentImage: C:\Windows\System32\svchost.exe
ParentCommandLine: C:\Windows\system32\svchost.exe -k netsvcs -p -s Appinfo
ParentUser: NT AUTHORITY\SYSTEM"
"11/27/2025 9:09:03 PM","1","Information","Process Create:
RuleName: -
UtcTime: 2025-11-27 15:39:03.903
ProcessGuid: {3a35410f-7097-6928-5804-000000000b00}
ProcessId: 4824
Image: C:\Windows\System32\Narrator.exe
FileVersion: 10.0.19041.5848 (WinBuild.160101.0800)
Description: Screen Reader
Product: Microsoft? Windows? Operating System
Company: Microsoft Corporation
OriginalFileName: SR.exe
CommandLine: ""C:\Windows\system32\narrator.exe"" 
CurrentDirectory: C:\Windows\system32\
User: DESKTOP-EJG8QJC\Emil Jinu
LogonGuid: {3a35410f-6604-6928-c9e6-200000000000}
LogonId: 0x20E6C9
TerminalSessionId: 1
IntegrityLevel: Medium
Hashes: MD5=9A41E0998F285855159C69769CEBDF8E,SHA256=9E59EEEEB81F0FD09743C6F18B7884C6036DE10940DC212C548725B6F6AACD7F,IMPHASH=57A1F3AD0DE3CB103F9F8CE970BCA759
ParentProcessGuid: {3a35410f-6605-6928-0f01-000000000b00}
ParentProcessId: 4484
ParentImage: C:\Windows\explorer.exe
ParentCommandLine: C:\Windows\Explorer.EXE
ParentUser: DESKTOP-EJG8QJC\Emil Jinu"
"11/27/2025 9:08:52 PM","1","Information","Process Create:
RuleName: -
UtcTime: 2025-11-27 15:38:52.007
ProcessGuid: {3a35410f-708c-6928-5704-000000000b00}
ProcessId: 14476
Image: C:\Program Files (x86)\Microsoft\Edge\Application\msedge.exe
FileVersion: 142.0.3595.94
Description: Microsoft Edge
Product: Microsoft Edge
Company: Microsoft Corporation
OriginalFileName: msedge.exe
CommandLine: ""C:\Program Files (x86)\Microsoft\Edge\Application\msedge.exe"" --type=utility --utility-sub-type=asset_store.mojom.AssetStoreService --lang=en-US --service-sandbox-type=asset_store_service --ram-no-pressure-read-main-dll --metrics-shmem-handle=4924,i,3173664327562463728,15381064717918936355,524288 --field-trial-handle=2284,i,15516268460583269811,3696675730914894840,262144 --variations-seed-version --trace-process-track-uuid=3190708997556373682 --mojo-platform-channel-handle=1876 /prefetch:8
CurrentDirectory: C:\Program Files (x86)\Microsoft\Edge\Application\142.0.3595.94\
User: DESKTOP-EJG8QJC\Emil Jinu
LogonGuid: {3a35410f-6604-6928-c9e6-200000000000}
LogonId: 0x20E6C9
TerminalSessionId: 1
IntegrityLevel: Low
Hashes: MD5=CC88E8CBC96E0183F15A240EC2E6D7BB,SHA256=C089768E72071ACA205E6B77C0538F58A3896CE5B0F65BA9BD38CDAE263D8A03,IMPHASH=4C2A67DEB457B8BF9F317820EE11E05D
ParentProcessGuid: {3a35410f-700f-6928-4104-000000000b00}
ParentProcessId: 13500
ParentImage: C:\Program Files (x86)\Microsoft\Edge\Application\msedge.exe
ParentCommandLine: ""C:\Program Files (x86)\Microsoft\Edge\Application\msedge.exe"" --no-startup-window
ParentUser: DESKTOP-EJG8QJC\Emil Jinu"
"11/27/2025 9:08:36 PM","1","Information","Process Create:
RuleName: -
UtcTime: 2025-11-27 15:38:36.018
ProcessGuid: {3a35410f-707c-6928-5604-000000000b00}
ProcessId: 12940
Image: C:\Windows\explorer.exe
FileVersion: 10.0.19041.6456 (WinBuild.160101.0800)
Description: Windows Explorer
Product: Microsoft? Windows? Operating System
Company: Microsoft Corporation
OriginalFileName: EXPLORER.EXE
CommandLine: C:\Windows\explorer.exe /factory,{5BD95610-9434-43C2-886C-57852CC8A120} -Embedding
CurrentDirectory: C:\Windows\system32\
User: DESKTOP-EJG8QJC\Emil Jinu
LogonGuid: {3a35410f-6604-6928-c9e6-200000000000}
LogonId: 0x20E6C9
TerminalSessionId: 1
IntegrityLevel: Medium
Hashes: MD5=24AD59ABAF730E71BC865922D8596008,SHA256=988A56D897915315EEF9CA679B3BC8ADFCECF5E227AEA99AAA1817620520E97E,IMPHASH=DBCE632ECED8243CB6090C1C87BE56BC
ParentProcessGuid: {3a35410f-6567-6928-0d00-000000000b00}
ParentProcessId: 848
ParentImage: C:\Windows\System32\svchost.exe
ParentCommandLine: C:\Windows\system32\svchost.exe -k DcomLaunch -p
ParentUser: NT AUTHORITY\SYSTEM"
"11/27/2025 9:08:35 PM","1","Information","Process Create:
RuleName: -
UtcTime: 2025-11-27 15:38:35.906
ProcessGuid: {3a35410f-707b-6928-5504-000000000b00}
ProcessId: 12636
Image: C:\Windows\SysWOW64\dllhost.exe
FileVersion: 10.0.19041.3636 (WinBuild.160101.0800)
Description: COM Surrogate
Product: Microsoft? Windows? Operating System
Company: Microsoft Corporation
OriginalFileName: dllhost.exe
CommandLine: C:\Windows\SysWOW64\DllHost.exe /Processid:{06622D85-6856-4460-8DE1-A81921B41C4B}
CurrentDirectory: C:\Windows\system32\
User: DESKTOP-EJG8QJC\Emil Jinu
LogonGuid: {3a35410f-6604-6928-c9e6-200000000000}
LogonId: 0x20E6C9
TerminalSessionId: 1
IntegrityLevel: Medium
Hashes: MD5=61DF0FA6EF720DDB2C284349D848599F,SHA256=6947EC4CADE9C3F410AAFB1D30D9664F6CBDA797C983A1BC7A682006BB08A466,IMPHASH=B6A6C5247EFBD2610E3DEA44649D7041
ParentProcessGuid: {3a35410f-6567-6928-0d00-000000000b00}
ParentProcessId: 848
ParentImage: C:\Windows\System32\svchost.exe
ParentCommandLine: C:\Windows\system32\svchost.exe -k DcomLaunch -p
ParentUser: NT AUTHORITY\SYSTEM"
"11/27/2025 9:08:35 PM","1","Information","Process Create:
RuleName: -
UtcTime: 2025-11-27 15:38:35.843
ProcessGuid: {3a35410f-707b-6928-5404-000000000b00}
ProcessId: 388
Image: C:\Windows\System32\control.exe
FileVersion: 10.0.19041.5794 (WinBuild.160101.0800)
Description: Windows Control Panel
Product: Microsoft? Windows? Operating System
Company: Microsoft Corporation
OriginalFileName: CONTROL.EXE
CommandLine: ""C:\Windows\system32\control.exe"" /name Microsoft.AdministrativeTools
CurrentDirectory: C:\Windows\system32\
User: DESKTOP-EJG8QJC\Emil Jinu
LogonGuid: {3a35410f-6604-6928-c9e6-200000000000}
LogonId: 0x20E6C9
TerminalSessionId: 1
IntegrityLevel: Medium
Hashes: MD5=E68215C54014ECA2AC19723D1105D000,SHA256=3945957BC15C3DBA3398B619125E74B1C8D756A4699B1ABC71241657D55E9D84,IMPHASH=ED7ECF5DCE55D515F7FE036FCAEBFF1A
ParentProcessGuid: {3a35410f-6605-6928-0f01-000000000b00}
ParentProcessId: 4484
ParentImage: C:\Windows\explorer.exe
ParentCommandLine: C:\Windows\Explorer.EXE
ParentUser: DESKTOP-EJG8QJC\Emil Jinu"
"11/27/2025 9:08:20 PM","1","Information","Process Create:
RuleName: -
UtcTime: 2025-11-27 15:38:20.184
ProcessGuid: {3a35410f-706c-6928-5304-000000000b00}
ProcessId: 13304
Image: C:\Program Files (x86)\Microsoft\Edge\Application\msedge.exe
FileVersion: 142.0.3595.94
Description: Microsoft Edge
Product: Microsoft Edge
Company: Microsoft Corporation
OriginalFileName: msedge.exe
CommandLine: ""C:\Program Files (x86)\Microsoft\Edge\Application\msedge.exe"" --type=gpu-process --disable-gpu-sandbox --use-gl=disabled --gpu-vendor-id=5140 --gpu-device-id=140 --gpu-sub-system-id=0 --gpu-revision=0 --gpu-driver-version=10.0.19041.5794 --gpu-preferences=SAAAAAAAAADoAAAEAAAAAAAAAAAAAGAAAQAAAAAAAAAAAAAAAAAAAEIAAAAAAAAAAAAAAAAAAAAQAAAAAAAAABAAAAAAAAAACAAAAAAAAAAIAAAAAAAAAA== --ram-no-pressure-read-main-dll --metrics-shmem-handle=4624,i,1573766234731611861,9819344152334644852,262144 --field-trial-handle=2284,i,15516268460583269811,3696675730914894840,262144 --variations-seed-version --trace-process-track-uuid=3190708996619331833 --mojo-platform-channel-handle=696 /prefetch:8
CurrentDirectory: C:\Program Files (x86)\Microsoft\Edge\Application\142.0.3595.94\
User: DESKTOP-EJG8QJC\Emil Jinu
LogonGuid: {3a35410f-6604-6928-c9e6-200000000000}
LogonId: 0x20E6C9
TerminalSessionId: 1
IntegrityLevel: Medium
Hashes: MD5=CC88E8CBC96E0183F15A240EC2E6D7BB,SHA256=C089768E72071ACA205E6B77C0538F58A3896CE5B0F65BA9BD38CDAE263D8A03,IMPHASH=4C2A67DEB457B8BF9F317820EE11E05D
ParentProcessGuid: {3a35410f-700f-6928-4104-000000000b00}
ParentProcessId: 13500
ParentImage: C:\Program Files (x86)\Microsoft\Edge\Application\msedge.exe
ParentCommandLine: ""C:\Program Files (x86)\Microsoft\Edge\Application\msedge.exe"" --no-startup-window
ParentUser: DESKTOP-EJG8QJC\Emil Jinu"
"11/27/2025 9:08:16 PM","1","Information","Process Create:
RuleName: -
UtcTime: 2025-11-27 15:38:16.201
ProcessGuid: {3a35410f-7068-6928-5104-000000000b00}
ProcessId: 12212
Image: C:\Windows\System32\dmclient.exe
FileVersion: 10.0.19041.4355 (WinBuild.160101.0800)
Description: Microsoft Feedback SIUF Deployment Manager Client
Product: Microsoft? Windows? Operating System
Company: Microsoft Corporation
OriginalFileName: dmclient.exe
CommandLine: ""C:\Windows\system32\dmclient.exe"" utcwnf
CurrentDirectory: C:\Windows\system32\
User: NT AUTHORITY\SYSTEM
LogonGuid: {3a35410f-6567-6928-e703-000000000000}
LogonId: 0x3E7
TerminalSessionId: 0
IntegrityLevel: System
Hashes: MD5=BEFCF11D72B7B67212ADE85031DAE055,SHA256=0A97928D02D03DA2A9BD4E4896EACAE2446FDF8B11DB38153146CF04ABFE95E8,IMPHASH=3F53CAD1BAC93EE5AC20EA3E53FE8CD2
ParentProcessGuid: {3a35410f-6568-6928-2400-000000000b00}
ParentProcessId: 1532
ParentImage: C:\Windows\System32\svchost.exe
ParentCommandLine: C:\Windows\system32\svchost.exe -k netsvcs -p -s Schedule
ParentUser: NT AUTHORITY\SYSTEM"
"11/27/2025 9:07:45 PM","1","Information","Process Create:
RuleName: -
UtcTime: 2025-11-27 15:37:45.396
ProcessGuid: {3a35410f-7049-6928-5004-000000000b00}
ProcessId: 12116
Image: C:\Program Files (x86)\Microsoft\Edge\Application\msedge.exe
FileVersion: 142.0.3595.94
Description: Microsoft Edge
Product: Microsoft Edge
Company: Microsoft Corporation
OriginalFileName: msedge.exe
CommandLine: ""C:\Program Files (x86)\Microsoft\Edge\Application\msedge.exe"" --type=utility --utility-sub-type=PooledProcess2 --lang=en-US --service-sandbox-type=utility --ram-no-pressure-read-main-dll --metrics-shmem-handle=4824,i,8364826069832828107,10473282773167685319,524288 --field-trial-handle=2284,i,15516268460583269811,3696675730914894840,262144 --variations-seed-version --trace-process-track-uuid=3190708995682289984 --mojo-platform-channel-handle=1668 /prefetch:8
CurrentDirectory: C:\Program Files (x86)\Microsoft\Edge\Application\142.0.3595.94\
User: DESKTOP-EJG8QJC\Emil Jinu
LogonGuid: {3a35410f-6604-6928-c9e6-200000000000}
LogonId: 0x20E6C9
TerminalSessionId: 1
IntegrityLevel: Low
Hashes: MD5=CC88E8CBC96E0183F15A240EC2E6D7BB,SHA256=C089768E72071ACA205E6B77C0538F58A3896CE5B0F65BA9BD38CDAE263D8A03,IMPHASH=4C2A67DEB457B8BF9F317820EE11E05D
ParentProcessGuid: {3a35410f-700f-6928-4104-000000000b00}
ParentProcessId: 13500
ParentImage: C:\Program Files (x86)\Microsoft\Edge\Application\msedge.exe
ParentCommandLine: ""C:\Program Files (x86)\Microsoft\Edge\Application\msedge.exe"" --no-startup-window
ParentUser: DESKTOP-EJG8QJC\Emil Jinu"
"11/27/2025 9:07:44 PM","22","Information","Dns query:
RuleName: -
UtcTime: 2025-11-27 15:37:15.272
ProcessGuid: {3a35410f-700f-6928-4404-000000000b00}
ProcessId: 13688
QueryName: wpad
QueryStatus: 123
QueryResults: -
Image: C:\Program Files (x86)\Microsoft\Edge\Application\msedge.exe
User: DESKTOP-EJG8QJC\Emil Jinu"
