"11/27/2025 10:57:43 PM","13","Information","Registry value set:
RuleName: -
EventType: SetValue
UtcTime: 2025-11-27 17:27:43.216
ProcessGuid: {3a35410f-8a0e-6928-1b07-000000000b00}
ProcessId: 14228
Image: C:\Users\Emil Jinu\AppData\Local\Microsoft\OneDrive\OneDrive.exe
TargetObject: HKU\S-1-5-21-3351607045-2108423416-1727308141-1001_Classes\*\shellex\ContextMenuHandlers\ FileSyncEx\(Default)
Details: {CB3D0F55-BC2C-4C1A-85ED-23ED75B5106B}
User: DESKTOP-EJG8QJC\Emil Jinu"
"11/27/2025 10:57:43 PM","13","Information","Registry value set:
RuleName: -
EventType: SetValue
UtcTime: 2025-11-27 17:27:43.216
ProcessGuid: {3a35410f-8a0e-6928-1b07-000000000b00}
ProcessId: 14228
Image: C:\Users\Emil Jinu\AppData\Local\Microsoft\OneDrive\OneDrive.exe
TargetObject: HKU\S-1-5-21-3351607045-2108423416-1727308141-1001_Classes\*\shellex\ContextMenuHandlers\ FileSyncEx\(Default)
Details: {CB3D0F55-BC2C-4C1A-85ED-23ED75B5106B}
User: DESKTOP-EJG8QJC\Emil Jinu"
"11/27/2025 10:57:43 PM","13","Information","Registry value set:
RuleName: T1122
EventType: SetValue
UtcTime: 2025-11-27 17:27:43.216
ProcessGuid: {3a35410f-8a0e-6928-1b07-000000000b00}
ProcessId: 14228
Image: C:\Users\Emil Jinu\AppData\Local\Microsoft\OneDrive\OneDrive.exe
TargetObject: HKU\S-1-5-21-3351607045-2108423416-1727308141-1001_Classes\WOW6432Node\CLSID\{CB3D0F55-BC2C-4C1A-85ED-23ED75B5106B}\InprocServer32\(Default)
Details: C:\Users\Emil Jinu\AppData\Local\Microsoft\OneDrive\25.209.1026.0002\i386\FileSyncShell.dll
User: DESKTOP-EJG8QJC\Emil Jinu"
"11/27/2025 10:57:43 PM","13","Information","Registry value set:
RuleName: T1122
EventType: SetValue
UtcTime: 2025-11-27 17:27:43.216
ProcessGuid: {3a35410f-8a0e-6928-1b07-000000000b00}
ProcessId: 14228
Image: C:\Users\Emil Jinu\AppData\Local\Microsoft\OneDrive\OneDrive.exe
TargetObject: HKU\S-1-5-21-3351607045-2108423416-1727308141-1001_Classes\CLSID\{CB3D0F55-BC2C-4C1A-85ED-23ED75B5106B}\InprocServer32\(Default)
Details: C:\Users\Emil Jinu\AppData\Local\Microsoft\OneDrive\25.209.1026.0002\FileSyncShell64.dll
User: DESKTOP-EJG8QJC\Emil Jinu"
"11/27/2025 10:57:43 PM","13","Information","Registry value set:
RuleName: T1122
EventType: SetValue
UtcTime: 2025-11-27 17:27:43.216
ProcessGuid: {3a35410f-8a0e-6928-1b07-000000000b00}
ProcessId: 14228
Image: C:\Users\Emil Jinu\AppData\Local\Microsoft\OneDrive\OneDrive.exe
TargetObject: HKU\S-1-5-21-3351607045-2108423416-1727308141-1001_Classes\WOW6432Node\CLSID\{20894375-46AE-46E2-BAFD-CB38975CDCE6}\InprocServer32\(Default)
Details: C:\Users\Emil Jinu\AppData\Local\Microsoft\OneDrive\25.209.1026.0002\i386\FileSyncShell.dll
User: DESKTOP-EJG8QJC\Emil Jinu"
"11/27/2025 10:57:43 PM","13","Information","Registry value set:
RuleName: T1122
EventType: SetValue
UtcTime: 2025-11-27 17:27:43.216
ProcessGuid: {3a35410f-8a0e-6928-1b07-000000000b00}
ProcessId: 14228
Image: C:\Users\Emil Jinu\AppData\Local\Microsoft\OneDrive\OneDrive.exe
TargetObject: HKU\S-1-5-21-3351607045-2108423416-1727308141-1001_Classes\CLSID\{20894375-46AE-46E2-BAFD-CB38975CDCE6}\InprocServer32\(Default)
Details: C:\Users\Emil Jinu\AppData\Local\Microsoft\OneDrive\25.209.1026.0002\FileSyncShell64.dll
User: DESKTOP-EJG8QJC\Emil Jinu"
"11/27/2025 10:57:43 PM","13","Information","Registry value set:
RuleName: T1122
EventType: SetValue
UtcTime: 2025-11-27 17:27:43.216
ProcessGuid: {3a35410f-8a0e-6928-1b07-000000000b00}
ProcessId: 14228
Image: C:\Users\Emil Jinu\AppData\Local\Microsoft\OneDrive\OneDrive.exe
TargetObject: HKU\S-1-5-21-3351607045-2108423416-1727308141-1001_Classes\WOW6432Node\CLSID\{1BF42E4C-4AF4-4CFD-A1A0-CF2960B8F63E}\InprocServer32\(Default)
Details: C:\Users\Emil Jinu\AppData\Local\Microsoft\OneDrive\25.209.1026.0002\i386\FileSyncShell.dll
User: DESKTOP-EJG8QJC\Emil Jinu"
"11/27/2025 10:57:43 PM","13","Information","Registry value set:
RuleName: T1122
EventType: SetValue
UtcTime: 2025-11-27 17:27:43.216
ProcessGuid: {3a35410f-8a0e-6928-1b07-000000000b00}
ProcessId: 14228
Image: C:\Users\Emil Jinu\AppData\Local\Microsoft\OneDrive\OneDrive.exe
TargetObject: HKU\S-1-5-21-3351607045-2108423416-1727308141-1001_Classes\CLSID\{1BF42E4C-4AF4-4CFD-A1A0-CF2960B8F63E}\InprocServer32\(Default)
Details: C:\Users\Emil Jinu\AppData\Local\Microsoft\OneDrive\25.209.1026.0002\FileSyncShell64.dll
User: DESKTOP-EJG8QJC\Emil Jinu"
"11/27/2025 10:57:43 PM","13","Information","Registry value set:
RuleName: T1122
EventType: SetValue
UtcTime: 2025-11-27 17:27:43.215
ProcessGuid: {3a35410f-8a0e-6928-1b07-000000000b00}
ProcessId: 14228
Image: C:\Users\Emil Jinu\AppData\Local\Microsoft\OneDrive\OneDrive.exe
TargetObject: HKU\S-1-5-21-3351607045-2108423416-1727308141-1001_Classes\WOW6432Node\CLSID\{82CA8DE3-01AD-4CEA-9D75-BE4C51810A9E}\InprocServer32\(Default)
Details: C:\Users\Emil Jinu\AppData\Local\Microsoft\OneDrive\25.209.1026.0002\i386\FileSyncShell.dll
User: DESKTOP-EJG8QJC\Emil Jinu"
"11/27/2025 10:57:43 PM","13","Information","Registry value set:
RuleName: T1122
EventType: SetValue
UtcTime: 2025-11-27 17:27:43.215
ProcessGuid: {3a35410f-8a0e-6928-1b07-000000000b00}
ProcessId: 14228
Image: C:\Users\Emil Jinu\AppData\Local\Microsoft\OneDrive\OneDrive.exe
TargetObject: HKU\S-1-5-21-3351607045-2108423416-1727308141-1001_Classes\CLSID\{82CA8DE3-01AD-4CEA-9D75-BE4C51810A9E}\InprocServer32\(Default)
Details: C:\Users\Emil Jinu\AppData\Local\Microsoft\OneDrive\25.209.1026.0002\FileSyncShell64.dll
User: DESKTOP-EJG8QJC\Emil Jinu"
"11/27/2025 10:57:43 PM","13","Information","Registry value set:
RuleName: T1122
EventType: SetValue
UtcTime: 2025-11-27 17:27:43.214
ProcessGuid: {3a35410f-8a0e-6928-1b07-000000000b00}
ProcessId: 14228
Image: C:\Users\Emil Jinu\AppData\Local\Microsoft\OneDrive\OneDrive.exe
TargetObject: HKU\S-1-5-21-3351607045-2108423416-1727308141-1001_Classes\WOW6432Node\CLSID\{7AFDFDDB-F914-11E4-8377-6C3BE50D980C}\InprocServer32\(Default)
Details: C:\Users\Emil Jinu\AppData\Local\Microsoft\OneDrive\25.209.1026.0002\i386\FileSyncShell.dll
User: DESKTOP-EJG8QJC\Emil Jinu"
"11/27/2025 10:57:43 PM","13","Information","Registry value set:
RuleName: T1122
EventType: SetValue
UtcTime: 2025-11-27 17:27:43.214
ProcessGuid: {3a35410f-8a0e-6928-1b07-000000000b00}
ProcessId: 14228
Image: C:\Users\Emil Jinu\AppData\Local\Microsoft\OneDrive\OneDrive.exe
TargetObject: HKU\S-1-5-21-3351607045-2108423416-1727308141-1001_Classes\CLSID\{7AFDFDDB-F914-11E4-8377-6C3BE50D980C}\InprocServer32\(Default)
Details: C:\Users\Emil Jinu\AppData\Local\Microsoft\OneDrive\25.209.1026.0002\FileSyncShell64.dll
User: DESKTOP-EJG8QJC\Emil Jinu"
"11/27/2025 10:57:43 PM","13","Information","Registry value set:
RuleName: T1122
EventType: SetValue
UtcTime: 2025-11-27 17:27:43.209
ProcessGuid: {3a35410f-8a0e-6928-1b07-000000000b00}
ProcessId: 14228
Image: C:\Users\Emil Jinu\AppData\Local\Microsoft\OneDrive\OneDrive.exe
TargetObject: HKU\S-1-5-21-3351607045-2108423416-1727308141-1001_Classes\WOW6432Node\CLSID\{C5FF006E-2AE9-408C-B85B-2DFDD5449D9C}\InprocServer32\(Default)
Details: C:\Users\Emil Jinu\AppData\Local\Microsoft\OneDrive\25.209.1026.0002\i386\FileSyncShell.dll
User: DESKTOP-EJG8QJC\Emil Jinu"
"11/27/2025 10:57:43 PM","13","Information","Registry value set:
RuleName: T1122
EventType: SetValue
UtcTime: 2025-11-27 17:27:43.209
ProcessGuid: {3a35410f-8a0e-6928-1b07-000000000b00}
ProcessId: 14228
Image: C:\Users\Emil Jinu\AppData\Local\Microsoft\OneDrive\OneDrive.exe
TargetObject: HKU\S-1-5-21-3351607045-2108423416-1727308141-1001_Classes\CLSID\{C5FF006E-2AE9-408C-B85B-2DFDD5449D9C}\InprocServer32\(Default)
Details: C:\Users\Emil Jinu\AppData\Local\Microsoft\OneDrive\25.209.1026.0002\FileSyncShell64.dll
User: DESKTOP-EJG8QJC\Emil Jinu"
"11/27/2025 10:57:43 PM","13","Information","Registry value set:
RuleName: T1122
EventType: SetValue
UtcTime: 2025-11-27 17:27:43.209
ProcessGuid: {3a35410f-8a0e-6928-1b07-000000000b00}
ProcessId: 14228
Image: C:\Users\Emil Jinu\AppData\Local\Microsoft\OneDrive\OneDrive.exe
TargetObject: HKU\S-1-5-21-3351607045-2108423416-1727308141-1001_Classes\WOW6432Node\CLSID\{9AA2F32D-362A-42D9-9328-24A483E2CCC3}\InprocServer32\(Default)
Details: C:\Users\Emil Jinu\AppData\Local\Microsoft\OneDrive\25.209.1026.0002\i386\FileSyncShell.dll
User: DESKTOP-EJG8QJC\Emil Jinu"
"11/27/2025 10:57:43 PM","13","Information","Registry value set:
RuleName: T1122
EventType: SetValue
UtcTime: 2025-11-27 17:27:43.209
ProcessGuid: {3a35410f-8a0e-6928-1b07-000000000b00}
ProcessId: 14228
Image: C:\Users\Emil Jinu\AppData\Local\Microsoft\OneDrive\OneDrive.exe
TargetObject: HKU\S-1-5-21-3351607045-2108423416-1727308141-1001_Classes\CLSID\{9AA2F32D-362A-42D9-9328-24A483E2CCC3}\InprocServer32\(Default)
Details: C:\Users\Emil Jinu\AppData\Local\Microsoft\OneDrive\25.209.1026.0002\FileSyncShell64.dll
User: DESKTOP-EJG8QJC\Emil Jinu"
"11/27/2025 10:57:43 PM","13","Information","Registry value set:
RuleName: T1122
EventType: SetValue
UtcTime: 2025-11-27 17:27:43.209
ProcessGuid: {3a35410f-8a0e-6928-1b07-000000000b00}
ProcessId: 14228
Image: C:\Users\Emil Jinu\AppData\Local\Microsoft\OneDrive\OneDrive.exe
TargetObject: HKU\S-1-5-21-3351607045-2108423416-1727308141-1001_Classes\WOW6432Node\CLSID\{F241C880-6982-4CE5-8CF7-7085BA96DA5A}\InprocServer32\(Default)
Details: C:\Users\Emil Jinu\AppData\Local\Microsoft\OneDrive\25.209.1026.0002\i386\FileSyncShell.dll
User: DESKTOP-EJG8QJC\Emil Jinu"
"11/27/2025 10:57:43 PM","13","Information","Registry value set:
RuleName: T1122
EventType: SetValue
UtcTime: 2025-11-27 17:27:43.209
ProcessGuid: {3a35410f-8a0e-6928-1b07-000000000b00}
ProcessId: 14228
Image: C:\Users\Emil Jinu\AppData\Local\Microsoft\OneDrive\OneDrive.exe
TargetObject: HKU\S-1-5-21-3351607045-2108423416-1727308141-1001_Classes\CLSID\{F241C880-6982-4CE5-8CF7-7085BA96DA5A}\InprocServer32\(Default)
Details: C:\Users\Emil Jinu\AppData\Local\Microsoft\OneDrive\25.209.1026.0002\FileSyncShell64.dll
User: DESKTOP-EJG8QJC\Emil Jinu"
"11/27/2025 10:57:43 PM","13","Information","Registry value set:
RuleName: T1122
EventType: SetValue
UtcTime: 2025-11-27 17:27:43.209
ProcessGuid: {3a35410f-8a0e-6928-1b07-000000000b00}
ProcessId: 14228
Image: C:\Users\Emil Jinu\AppData\Local\Microsoft\OneDrive\OneDrive.exe
TargetObject: HKU\S-1-5-21-3351607045-2108423416-1727308141-1001_Classes\WOW6432Node\CLSID\{A0396A93-DC06-4AEF-BEE9-95FFCCAEF20E}\InprocServer32\(Default)
Details: C:\Users\Emil Jinu\AppData\Local\Microsoft\OneDrive\25.209.1026.0002\i386\FileSyncShell.dll
User: DESKTOP-EJG8QJC\Emil Jinu"
"11/27/2025 10:57:43 PM","13","Information","Registry value set:
RuleName: T1122
EventType: SetValue
UtcTime: 2025-11-27 17:27:43.209
ProcessGuid: {3a35410f-8a0e-6928-1b07-000000000b00}
ProcessId: 14228
Image: C:\Users\Emil Jinu\AppData\Local\Microsoft\OneDrive\OneDrive.exe
TargetObject: HKU\S-1-5-21-3351607045-2108423416-1727308141-1001_Classes\CLSID\{A0396A93-DC06-4AEF-BEE9-95FFCCAEF20E}\InprocServer32\(Default)
Details: C:\Users\Emil Jinu\AppData\Local\Microsoft\OneDrive\25.209.1026.0002\FileSyncShell64.dll
User: DESKTOP-EJG8QJC\Emil Jinu"
"11/27/2025 10:57:43 PM","13","Information","Registry value set:
RuleName: T1122
EventType: SetValue
UtcTime: 2025-11-27 17:27:43.209
ProcessGuid: {3a35410f-8a0e-6928-1b07-000000000b00}
ProcessId: 14228
Image: C:\Users\Emil Jinu\AppData\Local\Microsoft\OneDrive\OneDrive.exe
TargetObject: HKU\S-1-5-21-3351607045-2108423416-1727308141-1001_Classes\WOW6432Node\CLSID\{A78ED123-AB77-406B-9962-2A5D9D2F7F30}\InprocServer32\(Default)
Details: C:\Users\Emil Jinu\AppData\Local\Microsoft\OneDrive\25.209.1026.0002\i386\FileSyncShell.dll
User: DESKTOP-EJG8QJC\Emil Jinu"
"11/27/2025 10:57:43 PM","13","Information","Registry value set:
RuleName: T1122
EventType: SetValue
UtcTime: 2025-11-27 17:27:43.209
ProcessGuid: {3a35410f-8a0e-6928-1b07-000000000b00}
ProcessId: 14228
Image: C:\Users\Emil Jinu\AppData\Local\Microsoft\OneDrive\OneDrive.exe
TargetObject: HKU\S-1-5-21-3351607045-2108423416-1727308141-1001_Classes\CLSID\{A78ED123-AB77-406B-9962-2A5D9D2F7F30}\InprocServer32\(Default)
Details: C:\Users\Emil Jinu\AppData\Local\Microsoft\OneDrive\25.209.1026.0002\FileSyncShell64.dll
User: DESKTOP-EJG8QJC\Emil Jinu"
"11/27/2025 10:57:43 PM","13","Information","Registry value set:
RuleName: T1122
EventType: SetValue
UtcTime: 2025-11-27 17:27:43.209
ProcessGuid: {3a35410f-8a0e-6928-1b07-000000000b00}
ProcessId: 14228
Image: C:\Users\Emil Jinu\AppData\Local\Microsoft\OneDrive\OneDrive.exe
TargetObject: HKU\S-1-5-21-3351607045-2108423416-1727308141-1001_Classes\WOW6432Node\CLSID\{5AB7172C-9C11-405C-8DD5-AF20F3606282}\InprocServer32\(Default)
Details: C:\Users\Emil Jinu\AppData\Local\Microsoft\OneDrive\25.209.1026.0002\i386\FileSyncShell.dll
User: DESKTOP-EJG8QJC\Emil Jinu"
"11/27/2025 10:57:43 PM","13","Information","Registry value set:
RuleName: T1122
EventType: SetValue
UtcTime: 2025-11-27 17:27:43.209
ProcessGuid: {3a35410f-8a0e-6928-1b07-000000000b00}
ProcessId: 14228
Image: C:\Users\Emil Jinu\AppData\Local\Microsoft\OneDrive\OneDrive.exe
TargetObject: HKU\S-1-5-21-3351607045-2108423416-1727308141-1001_Classes\CLSID\{5AB7172C-9C11-405C-8DD5-AF20F3606282}\InprocServer32\(Default)
Details: C:\Users\Emil Jinu\AppData\Local\Microsoft\OneDrive\25.209.1026.0002\FileSyncShell64.dll
User: DESKTOP-EJG8QJC\Emil Jinu"
"11/27/2025 10:57:43 PM","13","Information","Registry value set:
RuleName: T1122
EventType: SetValue
UtcTime: 2025-11-27 17:27:43.208
ProcessGuid: {3a35410f-8a0e-6928-1b07-000000000b00}
ProcessId: 14228
Image: C:\Users\Emil Jinu\AppData\Local\Microsoft\OneDrive\OneDrive.exe
TargetObject: HKU\S-1-5-21-3351607045-2108423416-1727308141-1001_Classes\WOW6432Node\CLSID\{BBACC218-34EA-4666-9D7A-C78F2274A524}\InprocServer32\(Default)
Details: C:\Users\Emil Jinu\AppData\Local\Microsoft\OneDrive\25.209.1026.0002\i386\FileSyncShell.dll
User: DESKTOP-EJG8QJC\Emil Jinu"
"11/27/2025 10:57:43 PM","13","Information","Registry value set:
RuleName: T1122
EventType: SetValue
UtcTime: 2025-11-27 17:27:43.208
ProcessGuid: {3a35410f-8a0e-6928-1b07-000000000b00}
ProcessId: 14228
Image: C:\Users\Emil Jinu\AppData\Local\Microsoft\OneDrive\OneDrive.exe
TargetObject: HKU\S-1-5-21-3351607045-2108423416-1727308141-1001_Classes\CLSID\{BBACC218-34EA-4666-9D7A-C78F2274A524}\InprocServer32\(Default)
Details: C:\Users\Emil Jinu\AppData\Local\Microsoft\OneDrive\25.209.1026.0002\FileSyncShell64.dll
User: DESKTOP-EJG8QJC\Emil Jinu"
"11/27/2025 10:57:42 PM","1","Information","Process Create:
RuleName: -
UtcTime: 2025-11-27 17:27:42.602
ProcessGuid: {3a35410f-8a0e-6928-1b07-000000000b00}
ProcessId: 14228
Image: C:\Users\Emil Jinu\AppData\Local\Microsoft\OneDrive\OneDrive.exe
FileVersion: 25.209.1026.0002
Description: Microsoft OneDrive
Product: Microsoft OneDrive
Company: Microsoft Corporation
OriginalFileName: OneDrive.exe
CommandLine: ""C:\Users\Emil Jinu\AppData\Local\Microsoft\OneDrive\OneDrive.exe"" 
CurrentDirectory: C:\Windows\system32\
User: DESKTOP-EJG8QJC\Emil Jinu
LogonGuid: {3a35410f-6604-6928-c9e6-200000000000}
LogonId: 0x20E6C9
TerminalSessionId: 1
IntegrityLevel: Medium
Hashes: MD5=DDBB2A7A1BA434259B7609DF9C7510A4,SHA256=E00A94C9A23BA34212D40192999BE4B761B2D27F4EA07BDC5A414C949DB79655,IMPHASH=9B64999A42FEBC0CB20DB21F6621FC6F
ParentProcessGuid: {3a35410f-88a5-6928-eb06-000000000b00}
ParentProcessId: 9468
ParentImage: C:\Windows\explorer.exe
ParentCommandLine: explorer.exe
ParentUser: DESKTOP-EJG8QJC\Emil Jinu"
"11/27/2025 10:57:42 PM","5","Information","Process terminated:
RuleName: -
UtcTime: 2025-11-27 17:27:42.444
ProcessGuid: {3a35410f-8a0d-6928-1907-000000000b00}
ProcessId: 4580
Image: C:\Users\Emil Jinu\AppData\Local\Microsoft\OneDrive\OneDrive.exe
User: DESKTOP-EJG8QJC\Emil Jinu"
"11/27/2025 10:57:42 PM","13","Information","Registry value set:
RuleName: T1042
EventType: SetValue
UtcTime: 2025-11-27 17:27:42.326
ProcessGuid: {3a35410f-8a0d-6928-1907-000000000b00}
ProcessId: 4580
Image: C:\Users\Emil Jinu\AppData\Local\Microsoft\OneDrive\OneDrive.exe
TargetObject: HKU\S-1-5-21-3351607045-2108423416-1727308141-1001_Classes\grvopen\shell\open\command\(Default)
Details: ""C:\Users\Emil Jinu\AppData\Local\Microsoft\OneDrive\OneDrive.exe"" /url:""Incorrect function.""
User: DESKTOP-EJG8QJC\Emil Jinu"
"11/27/2025 10:57:42 PM","13","Information","Registry value set:
RuleName: T1042
EventType: SetValue
UtcTime: 2025-11-27 17:27:42.326
ProcessGuid: {3a35410f-8a0d-6928-1907-000000000b00}
ProcessId: 4580
Image: C:\Users\Emil Jinu\AppData\Local\Microsoft\OneDrive\OneDrive.exe
TargetObject: HKU\S-1-5-21-3351607045-2108423416-1727308141-1001_Classes\grvopen\shell\open\command\(Default)
Details: ""C:\Users\Emil Jinu\AppData\Local\Microsoft\OneDrive\OneDrive.exe"" /url:""Incorrect function.""
User: DESKTOP-EJG8QJC\Emil Jinu"
"11/27/2025 10:57:42 PM","13","Information","Registry value set:
RuleName: T1042
EventType: SetValue
UtcTime: 2025-11-27 17:27:42.326
ProcessGuid: {3a35410f-8a0d-6928-1907-000000000b00}
ProcessId: 4580
Image: C:\Users\Emil Jinu\AppData\Local\Microsoft\OneDrive\OneDrive.exe
TargetObject: HKU\S-1-5-21-3351607045-2108423416-1727308141-1001_Classes\odopen\shell\open\command\(Default)
Details: ""C:\Users\Emil Jinu\AppData\Local\Microsoft\OneDrive\OneDrive.exe"" /url:""Incorrect function.""
User: DESKTOP-EJG8QJC\Emil Jinu"
"11/27/2025 10:57:42 PM","13","Information","Registry value set:
RuleName: T1042
EventType: SetValue
UtcTime: 2025-11-27 17:27:42.326
ProcessGuid: {3a35410f-8a0d-6928-1907-000000000b00}
ProcessId: 4580
Image: C:\Users\Emil Jinu\AppData\Local\Microsoft\OneDrive\OneDrive.exe
TargetObject: HKU\S-1-5-21-3351607045-2108423416-1727308141-1001_Classes\odopen\shell\open\command\(Default)
Details: ""C:\Users\Emil Jinu\AppData\Local\Microsoft\OneDrive\OneDrive.exe"" /url:""Incorrect function.""
User: DESKTOP-EJG8QJC\Emil Jinu"
"11/27/2025 10:57:42 PM","13","Information","Registry value set:
RuleName: T1122
EventType: SetValue
UtcTime: 2025-11-27 17:27:42.319
ProcessGuid: {3a35410f-8a0d-6928-1907-000000000b00}
ProcessId: 4580
Image: C:\Users\Emil Jinu\AppData\Local\Microsoft\OneDrive\OneDrive.exe
TargetObject: HKU\S-1-5-21-3351607045-2108423416-1727308141-1001_Classes\CLSID\{4410DC33-BC7C-496B-AA84-4AEA3EEE75F7}\InProcServer32\(Default)
Details: C:\Users\Emil Jinu\AppData\Local\Microsoft\OneDrive\25.209.1026.0002\FileCoAuthLib64.dll
User: DESKTOP-EJG8QJC\Emil Jinu"
"11/27/2025 10:57:42 PM","13","Information","Registry value set:
RuleName: T1122
EventType: SetValue
UtcTime: 2025-11-27 17:27:42.296
ProcessGuid: {3a35410f-8a0d-6928-1907-000000000b00}
ProcessId: 4580
Image: C:\Users\Emil Jinu\AppData\Local\Microsoft\OneDrive\OneDrive.exe
TargetObject: HKU\S-1-5-21-3351607045-2108423416-1727308141-1001_Classes\WOW6432Node\CLSID\{4410DC33-BC7C-496B-AA84-4AEA3EEE75F7}\InProcServer32\(Default)
Details: C:\Users\Emil Jinu\AppData\Local\Microsoft\OneDrive\25.209.1026.0002\i386\FileCoAuthLib.dll
User: DESKTOP-EJG8QJC\Emil Jinu"
"11/27/2025 10:57:42 PM","13","Information","Registry value set:
RuleName: -
EventType: SetValue
UtcTime: 2025-11-27 17:27:42.256
ProcessGuid: {3a35410f-8a0d-6928-1907-000000000b00}
ProcessId: 4580
Image: C:\Users\Emil Jinu\AppData\Local\Microsoft\OneDrive\OneDrive.exe
TargetObject: HKU\S-1-5-21-3351607045-2108423416-1727308141-1001_Classes\lnkfile\shellex\ContextMenuHandlers\ FileSyncEx\(Default)
Details: {CB3D0F55-BC2C-4C1A-85ED-23ED75B5106B}
User: DESKTOP-EJG8QJC\Emil Jinu"
"11/27/2025 10:57:42 PM","13","Information","Registry value set:
RuleName: -
EventType: SetValue
UtcTime: 2025-11-27 17:27:42.256
ProcessGuid: {3a35410f-8a0d-6928-1907-000000000b00}
ProcessId: 4580
Image: C:\Users\Emil Jinu\AppData\Local\Microsoft\OneDrive\OneDrive.exe
TargetObject: HKU\S-1-5-21-3351607045-2108423416-1727308141-1001_Classes\lnkfile\shellex\ContextMenuHandlers\ FileSyncEx\(Default)
Details: {CB3D0F55-BC2C-4C1A-85ED-23ED75B5106B}
User: DESKTOP-EJG8QJC\Emil Jinu"
"11/27/2025 10:57:42 PM","13","Information","Registry value set:
RuleName: -
EventType: SetValue
UtcTime: 2025-11-27 17:27:42.256
ProcessGuid: {3a35410f-8a0d-6928-1907-000000000b00}
ProcessId: 4580
Image: C:\Users\Emil Jinu\AppData\Local\Microsoft\OneDrive\OneDrive.exe
TargetObject: HKU\S-1-5-21-3351607045-2108423416-1727308141-1001_Classes\IE.AssocFile.URL\shellex\ContextMenuHandlers\ FileSyncEx\(Default)
Details: {CB3D0F55-BC2C-4C1A-85ED-23ED75B5106B}
User: DESKTOP-EJG8QJC\Emil Jinu"
"11/27/2025 10:57:42 PM","13","Information","Registry value set:
RuleName: -
EventType: SetValue
UtcTime: 2025-11-27 17:27:42.256
ProcessGuid: {3a35410f-8a0d-6928-1907-000000000b00}
ProcessId: 4580
Image: C:\Users\Emil Jinu\AppData\Local\Microsoft\OneDrive\OneDrive.exe
TargetObject: HKU\S-1-5-21-3351607045-2108423416-1727308141-1001_Classes\IE.AssocFile.URL\shellex\ContextMenuHandlers\ FileSyncEx\(Default)
Details: {CB3D0F55-BC2C-4C1A-85ED-23ED75B5106B}
User: DESKTOP-EJG8QJC\Emil Jinu"
"11/27/2025 10:57:42 PM","13","Information","Registry value set:
RuleName: -
EventType: SetValue
UtcTime: 2025-11-27 17:27:42.256
ProcessGuid: {3a35410f-8a0d-6928-1907-000000000b00}
ProcessId: 4580
Image: C:\Users\Emil Jinu\AppData\Local\Microsoft\OneDrive\OneDrive.exe
TargetObject: HKU\S-1-5-21-3351607045-2108423416-1727308141-1001_Classes\Directory\shellex\ContextMenuHandlers\ FileSyncEx\(Default)
Details: {CB3D0F55-BC2C-4C1A-85ED-23ED75B5106B}
User: DESKTOP-EJG8QJC\Emil Jinu"
"11/27/2025 10:57:42 PM","13","Information","Registry value set:
RuleName: -
EventType: SetValue
UtcTime: 2025-11-27 17:27:42.256
ProcessGuid: {3a35410f-8a0d-6928-1907-000000000b00}
ProcessId: 4580
Image: C:\Users\Emil Jinu\AppData\Local\Microsoft\OneDrive\OneDrive.exe
TargetObject: HKU\S-1-5-21-3351607045-2108423416-1727308141-1001_Classes\Directory\shellex\ContextMenuHandlers\ FileSyncEx\(Default)
Details: {CB3D0F55-BC2C-4C1A-85ED-23ED75B5106B}
User: DESKTOP-EJG8QJC\Emil Jinu"
"11/27/2025 10:57:42 PM","13","Information","Registry value set:
RuleName: -
EventType: SetValue
UtcTime: 2025-11-27 17:27:42.256
ProcessGuid: {3a35410f-8a0d-6928-1907-000000000b00}
ProcessId: 4580
Image: C:\Users\Emil Jinu\AppData\Local\Microsoft\OneDrive\OneDrive.exe
TargetObject: HKU\S-1-5-21-3351607045-2108423416-1727308141-1001_Classes\Directory\Background\shellex\ContextMenuHandlers\ FileSyncEx\(Default)
Details: {CB3D0F55-BC2C-4C1A-85ED-23ED75B5106B}
User: DESKTOP-EJG8QJC\Emil Jinu"
"11/27/2025 10:57:42 PM","13","Information","Registry value set:
RuleName: -
EventType: SetValue
UtcTime: 2025-11-27 17:27:42.256
ProcessGuid: {3a35410f-8a0d-6928-1907-000000000b00}
ProcessId: 4580
Image: C:\Users\Emil Jinu\AppData\Local\Microsoft\OneDrive\OneDrive.exe
TargetObject: HKU\S-1-5-21-3351607045-2108423416-1727308141-1001_Classes\Directory\Background\shellex\ContextMenuHandlers\ FileSyncEx\(Default)
Details: {CB3D0F55-BC2C-4C1A-85ED-23ED75B5106B}
User: DESKTOP-EJG8QJC\Emil Jinu"
"11/27/2025 10:57:42 PM","13","Information","Registry value set:
RuleName: -
EventType: SetValue
UtcTime: 2025-11-27 17:27:42.256
ProcessGuid: {3a35410f-8a0d-6928-1907-000000000b00}
ProcessId: 4580
Image: C:\Users\Emil Jinu\AppData\Local\Microsoft\OneDrive\OneDrive.exe
TargetObject: HKU\S-1-5-21-3351607045-2108423416-1727308141-1001_Classes\*\shellex\ContextMenuHandlers\ FileSyncEx\(Default)
Details: {CB3D0F55-BC2C-4C1A-85ED-23ED75B5106B}
User: DESKTOP-EJG8QJC\Emil Jinu"
"11/27/2025 10:57:42 PM","13","Information","Registry value set:
RuleName: -
EventType: SetValue
UtcTime: 2025-11-27 17:27:42.256
ProcessGuid: {3a35410f-8a0d-6928-1907-000000000b00}
ProcessId: 4580
Image: C:\Users\Emil Jinu\AppData\Local\Microsoft\OneDrive\OneDrive.exe
TargetObject: HKU\S-1-5-21-3351607045-2108423416-1727308141-1001_Classes\*\shellex\ContextMenuHandlers\ FileSyncEx\(Default)
Details: {CB3D0F55-BC2C-4C1A-85ED-23ED75B5106B}
User: DESKTOP-EJG8QJC\Emil Jinu"
"11/27/2025 10:57:42 PM","13","Information","Registry value set:
RuleName: T1122
EventType: SetValue
UtcTime: 2025-11-27 17:27:42.256
ProcessGuid: {3a35410f-8a0d-6928-1907-000000000b00}
ProcessId: 4580
Image: C:\Users\Emil Jinu\AppData\Local\Microsoft\OneDrive\OneDrive.exe
TargetObject: HKU\S-1-5-21-3351607045-2108423416-1727308141-1001_Classes\WOW6432Node\CLSID\{CB3D0F55-BC2C-4C1A-85ED-23ED75B5106B}\InprocServer32\(Default)
Details: C:\Users\Emil Jinu\AppData\Local\Microsoft\OneDrive\25.209.1026.0002\i386\FileSyncShell.dll
User: DESKTOP-EJG8QJC\Emil Jinu"
"11/27/2025 10:57:42 PM","13","Information","Registry value set:
RuleName: T1122
EventType: SetValue
UtcTime: 2025-11-27 17:27:42.256
ProcessGuid: {3a35410f-8a0d-6928-1907-000000000b00}
ProcessId: 4580
Image: C:\Users\Emil Jinu\AppData\Local\Microsoft\OneDrive\OneDrive.exe
TargetObject: HKU\S-1-5-21-3351607045-2108423416-1727308141-1001_Classes\CLSID\{CB3D0F55-BC2C-4C1A-85ED-23ED75B5106B}\InprocServer32\(Default)
Details: C:\Users\Emil Jinu\AppData\Local\Microsoft\OneDrive\25.209.1026.0002\FileSyncShell64.dll
User: DESKTOP-EJG8QJC\Emil Jinu"
"11/27/2025 10:57:42 PM","13","Information","Registry value set:
RuleName: T1122
EventType: SetValue
UtcTime: 2025-11-27 17:27:42.256
ProcessGuid: {3a35410f-8a0d-6928-1907-000000000b00}
ProcessId: 4580
Image: C:\Users\Emil Jinu\AppData\Local\Microsoft\OneDrive\OneDrive.exe
TargetObject: HKU\S-1-5-21-3351607045-2108423416-1727308141-1001_Classes\WOW6432Node\CLSID\{20894375-46AE-46E2-BAFD-CB38975CDCE6}\InprocServer32\(Default)
Details: C:\Users\Emil Jinu\AppData\Local\Microsoft\OneDrive\25.209.1026.0002\i386\FileSyncShell.dll
User: DESKTOP-EJG8QJC\Emil Jinu"
"11/27/2025 10:57:42 PM","13","Information","Registry value set:
RuleName: T1122
EventType: SetValue
UtcTime: 2025-11-27 17:27:42.256
ProcessGuid: {3a35410f-8a0d-6928-1907-000000000b00}
ProcessId: 4580
Image: C:\Users\Emil Jinu\AppData\Local\Microsoft\OneDrive\OneDrive.exe
TargetObject: HKU\S-1-5-21-3351607045-2108423416-1727308141-1001_Classes\CLSID\{20894375-46AE-46E2-BAFD-CB38975CDCE6}\InprocServer32\(Default)
Details: C:\Users\Emil Jinu\AppData\Local\Microsoft\OneDrive\25.209.1026.0002\FileSyncShell64.dll
User: DESKTOP-EJG8QJC\Emil Jinu"
"11/27/2025 10:57:42 PM","13","Information","Registry value set:
RuleName: T1122
EventType: SetValue
UtcTime: 2025-11-27 17:27:42.256
ProcessGuid: {3a35410f-8a0d-6928-1907-000000000b00}
ProcessId: 4580
Image: C:\Users\Emil Jinu\AppData\Local\Microsoft\OneDrive\OneDrive.exe
TargetObject: HKU\S-1-5-21-3351607045-2108423416-1727308141-1001_Classes\WOW6432Node\CLSID\{1BF42E4C-4AF4-4CFD-A1A0-CF2960B8F63E}\InprocServer32\(Default)
Details: C:\Users\Emil Jinu\AppData\Local\Microsoft\OneDrive\25.209.1026.0002\i386\FileSyncShell.dll
User: DESKTOP-EJG8QJC\Emil Jinu"
"11/27/2025 10:57:42 PM","13","Information","Registry value set:
RuleName: T1122
EventType: SetValue
UtcTime: 2025-11-27 17:27:42.256
ProcessGuid: {3a35410f-8a0d-6928-1907-000000000b00}
ProcessId: 4580
Image: C:\Users\Emil Jinu\AppData\Local\Microsoft\OneDrive\OneDrive.exe
TargetObject: HKU\S-1-5-21-3351607045-2108423416-1727308141-1001_Classes\CLSID\{1BF42E4C-4AF4-4CFD-A1A0-CF2960B8F63E}\InprocServer32\(Default)
Details: C:\Users\Emil Jinu\AppData\Local\Microsoft\OneDrive\25.209.1026.0002\FileSyncShell64.dll
User: DESKTOP-EJG8QJC\Emil Jinu"
"11/27/2025 10:57:42 PM","13","Information","Registry value set:
RuleName: T1122
EventType: SetValue
UtcTime: 2025-11-27 17:27:42.256
ProcessGuid: {3a35410f-8a0d-6928-1907-000000000b00}
ProcessId: 4580
Image: C:\Users\Emil Jinu\AppData\Local\Microsoft\OneDrive\OneDrive.exe
TargetObject: HKU\S-1-5-21-3351607045-2108423416-1727308141-1001_Classes\WOW6432Node\CLSID\{82CA8DE3-01AD-4CEA-9D75-BE4C51810A9E}\InprocServer32\(Default)
Details: C:\Users\Emil Jinu\AppData\Local\Microsoft\OneDrive\25.209.1026.0002\i386\FileSyncShell.dll
User: DESKTOP-EJG8QJC\Emil Jinu"
"11/27/2025 10:57:42 PM","13","Information","Registry value set:
RuleName: T1122
EventType: SetValue
UtcTime: 2025-11-27 17:27:42.256
ProcessGuid: {3a35410f-8a0d-6928-1907-000000000b00}
ProcessId: 4580
Image: C:\Users\Emil Jinu\AppData\Local\Microsoft\OneDrive\OneDrive.exe
TargetObject: HKU\S-1-5-21-3351607045-2108423416-1727308141-1001_Classes\CLSID\{82CA8DE3-01AD-4CEA-9D75-BE4C51810A9E}\InprocServer32\(Default)
Details: C:\Users\Emil Jinu\AppData\Local\Microsoft\OneDrive\25.209.1026.0002\FileSyncShell64.dll
User: DESKTOP-EJG8QJC\Emil Jinu"
"11/27/2025 10:57:42 PM","13","Information","Registry value set:
RuleName: T1122
EventType: SetValue
UtcTime: 2025-11-27 17:27:42.256
ProcessGuid: {3a35410f-8a0d-6928-1907-000000000b00}
ProcessId: 4580
Image: C:\Users\Emil Jinu\AppData\Local\Microsoft\OneDrive\OneDrive.exe
TargetObject: HKU\S-1-5-21-3351607045-2108423416-1727308141-1001_Classes\WOW6432Node\CLSID\{7AFDFDDB-F914-11E4-8377-6C3BE50D980C}\InprocServer32\(Default)
Details: C:\Users\Emil Jinu\AppData\Local\Microsoft\OneDrive\25.209.1026.0002\i386\FileSyncShell.dll
User: DESKTOP-EJG8QJC\Emil Jinu"
"11/27/2025 10:57:42 PM","13","Information","Registry value set:
RuleName: T1122
EventType: SetValue
UtcTime: 2025-11-27 17:27:42.256
ProcessGuid: {3a35410f-8a0d-6928-1907-000000000b00}
ProcessId: 4580
Image: C:\Users\Emil Jinu\AppData\Local\Microsoft\OneDrive\OneDrive.exe
TargetObject: HKU\S-1-5-21-3351607045-2108423416-1727308141-1001_Classes\CLSID\{7AFDFDDB-F914-11E4-8377-6C3BE50D980C}\InprocServer32\(Default)
Details: C:\Users\Emil Jinu\AppData\Local\Microsoft\OneDrive\25.209.1026.0002\FileSyncShell64.dll
User: DESKTOP-EJG8QJC\Emil Jinu"
"11/27/2025 10:57:42 PM","13","Information","Registry value set:
RuleName: T1122
EventType: SetValue
UtcTime: 2025-11-27 17:27:42.256
ProcessGuid: {3a35410f-8a0d-6928-1907-000000000b00}
ProcessId: 4580
Image: C:\Users\Emil Jinu\AppData\Local\Microsoft\OneDrive\OneDrive.exe
TargetObject: HKU\S-1-5-21-3351607045-2108423416-1727308141-1001_Classes\WOW6432Node\CLSID\{C5FF006E-2AE9-408C-B85B-2DFDD5449D9C}\InprocServer32\(Default)
Details: C:\Users\Emil Jinu\AppData\Local\Microsoft\OneDrive\25.209.1026.0002\i386\FileSyncShell.dll
User: DESKTOP-EJG8QJC\Emil Jinu"
"11/27/2025 10:57:42 PM","13","Information","Registry value set:
RuleName: T1122
EventType: SetValue
UtcTime: 2025-11-27 17:27:42.256
ProcessGuid: {3a35410f-8a0d-6928-1907-000000000b00}
ProcessId: 4580
Image: C:\Users\Emil Jinu\AppData\Local\Microsoft\OneDrive\OneDrive.exe
TargetObject: HKU\S-1-5-21-3351607045-2108423416-1727308141-1001_Classes\CLSID\{C5FF006E-2AE9-408C-B85B-2DFDD5449D9C}\InprocServer32\(Default)
Details: C:\Users\Emil Jinu\AppData\Local\Microsoft\OneDrive\25.209.1026.0002\FileSyncShell64.dll
User: DESKTOP-EJG8QJC\Emil Jinu"
"11/27/2025 10:57:42 PM","13","Information","Registry value set:
RuleName: T1122
EventType: SetValue
UtcTime: 2025-11-27 17:27:42.256
ProcessGuid: {3a35410f-8a0d-6928-1907-000000000b00}
ProcessId: 4580
Image: C:\Users\Emil Jinu\AppData\Local\Microsoft\OneDrive\OneDrive.exe
TargetObject: HKU\S-1-5-21-3351607045-2108423416-1727308141-1001_Classes\WOW6432Node\CLSID\{9AA2F32D-362A-42D9-9328-24A483E2CCC3}\InprocServer32\(Default)
Details: C:\Users\Emil Jinu\AppData\Local\Microsoft\OneDrive\25.209.1026.0002\i386\FileSyncShell.dll
User: DESKTOP-EJG8QJC\Emil Jinu"
"11/27/2025 10:57:42 PM","13","Information","Registry value set:
RuleName: T1122
EventType: SetValue
UtcTime: 2025-11-27 17:27:42.256
ProcessGuid: {3a35410f-8a0d-6928-1907-000000000b00}
ProcessId: 4580
Image: C:\Users\Emil Jinu\AppData\Local\Microsoft\OneDrive\OneDrive.exe
TargetObject: HKU\S-1-5-21-3351607045-2108423416-1727308141-1001_Classes\CLSID\{9AA2F32D-362A-42D9-9328-24A483E2CCC3}\InprocServer32\(Default)
Details: C:\Users\Emil Jinu\AppData\Local\Microsoft\OneDrive\25.209.1026.0002\FileSyncShell64.dll
User: DESKTOP-EJG8QJC\Emil Jinu"
"11/27/2025 10:57:42 PM","13","Information","Registry value set:
RuleName: T1122
EventType: SetValue
UtcTime: 2025-11-27 17:27:42.255
ProcessGuid: {3a35410f-8a0d-6928-1907-000000000b00}
ProcessId: 4580
Image: C:\Users\Emil Jinu\AppData\Local\Microsoft\OneDrive\OneDrive.exe
TargetObject: HKU\S-1-5-21-3351607045-2108423416-1727308141-1001_Classes\WOW6432Node\CLSID\{F241C880-6982-4CE5-8CF7-7085BA96DA5A}\InprocServer32\(Default)
Details: C:\Users\Emil Jinu\AppData\Local\Microsoft\OneDrive\25.209.1026.0002\i386\FileSyncShell.dll
User: DESKTOP-EJG8QJC\Emil Jinu"
"11/27/2025 10:57:42 PM","13","Information","Registry value set:
RuleName: T1122
EventType: SetValue
UtcTime: 2025-11-27 17:27:42.255
ProcessGuid: {3a35410f-8a0d-6928-1907-000000000b00}
ProcessId: 4580
Image: C:\Users\Emil Jinu\AppData\Local\Microsoft\OneDrive\OneDrive.exe
TargetObject: HKU\S-1-5-21-3351607045-2108423416-1727308141-1001_Classes\CLSID\{F241C880-6982-4CE5-8CF7-7085BA96DA5A}\InprocServer32\(Default)
Details: C:\Users\Emil Jinu\AppData\Local\Microsoft\OneDrive\25.209.1026.0002\FileSyncShell64.dll
User: DESKTOP-EJG8QJC\Emil Jinu"
"11/27/2025 10:57:42 PM","13","Information","Registry value set:
RuleName: T1122
EventType: SetValue
UtcTime: 2025-11-27 17:27:42.250
ProcessGuid: {3a35410f-8a0d-6928-1907-000000000b00}
ProcessId: 4580
Image: C:\Users\Emil Jinu\AppData\Local\Microsoft\OneDrive\OneDrive.exe
TargetObject: HKU\S-1-5-21-3351607045-2108423416-1727308141-1001_Classes\WOW6432Node\CLSID\{A0396A93-DC06-4AEF-BEE9-95FFCCAEF20E}\InprocServer32\(Default)
Details: C:\Users\Emil Jinu\AppData\Local\Microsoft\OneDrive\25.209.1026.0002\i386\FileSyncShell.dll
User: DESKTOP-EJG8QJC\Emil Jinu"
"11/27/2025 10:57:42 PM","13","Information","Registry value set:
RuleName: T1122
EventType: SetValue
UtcTime: 2025-11-27 17:27:42.250
ProcessGuid: {3a35410f-8a0d-6928-1907-000000000b00}
ProcessId: 4580
Image: C:\Users\Emil Jinu\AppData\Local\Microsoft\OneDrive\OneDrive.exe
TargetObject: HKU\S-1-5-21-3351607045-2108423416-1727308141-1001_Classes\CLSID\{A0396A93-DC06-4AEF-BEE9-95FFCCAEF20E}\InprocServer32\(Default)
Details: C:\Users\Emil Jinu\AppData\Local\Microsoft\OneDrive\25.209.1026.0002\FileSyncShell64.dll
User: DESKTOP-EJG8QJC\Emil Jinu"
"11/27/2025 10:57:42 PM","13","Information","Registry value set:
RuleName: T1122
EventType: SetValue
UtcTime: 2025-11-27 17:27:42.250
ProcessGuid: {3a35410f-8a0d-6928-1907-000000000b00}
ProcessId: 4580
Image: C:\Users\Emil Jinu\AppData\Local\Microsoft\OneDrive\OneDrive.exe
TargetObject: HKU\S-1-5-21-3351607045-2108423416-1727308141-1001_Classes\WOW6432Node\CLSID\{A78ED123-AB77-406B-9962-2A5D9D2F7F30}\InprocServer32\(Default)
Details: C:\Users\Emil Jinu\AppData\Local\Microsoft\OneDrive\25.209.1026.0002\i386\FileSyncShell.dll
User: DESKTOP-EJG8QJC\Emil Jinu"
"11/27/2025 10:57:42 PM","13","Information","Registry value set:
RuleName: T1122
EventType: SetValue
UtcTime: 2025-11-27 17:27:42.250
ProcessGuid: {3a35410f-8a0d-6928-1907-000000000b00}
ProcessId: 4580
Image: C:\Users\Emil Jinu\AppData\Local\Microsoft\OneDrive\OneDrive.exe
TargetObject: HKU\S-1-5-21-3351607045-2108423416-1727308141-1001_Classes\CLSID\{A78ED123-AB77-406B-9962-2A5D9D2F7F30}\InprocServer32\(Default)
Details: C:\Users\Emil Jinu\AppData\Local\Microsoft\OneDrive\25.209.1026.0002\FileSyncShell64.dll
User: DESKTOP-EJG8QJC\Emil Jinu"
"11/27/2025 10:57:42 PM","13","Information","Registry value set:
RuleName: T1122
EventType: SetValue
UtcTime: 2025-11-27 17:27:42.245
ProcessGuid: {3a35410f-8a0d-6928-1907-000000000b00}
ProcessId: 4580
Image: C:\Users\Emil Jinu\AppData\Local\Microsoft\OneDrive\OneDrive.exe
TargetObject: HKU\S-1-5-21-3351607045-2108423416-1727308141-1001_Classes\WOW6432Node\CLSID\{5AB7172C-9C11-405C-8DD5-AF20F3606282}\InprocServer32\(Default)
Details: C:\Users\Emil Jinu\AppData\Local\Microsoft\OneDrive\25.209.1026.0002\i386\FileSyncShell.dll
User: DESKTOP-EJG8QJC\Emil Jinu"
"11/27/2025 10:57:42 PM","13","Information","Registry value set:
RuleName: T1122
EventType: SetValue
UtcTime: 2025-11-27 17:27:42.245
ProcessGuid: {3a35410f-8a0d-6928-1907-000000000b00}
ProcessId: 4580
Image: C:\Users\Emil Jinu\AppData\Local\Microsoft\OneDrive\OneDrive.exe
TargetObject: HKU\S-1-5-21-3351607045-2108423416-1727308141-1001_Classes\CLSID\{5AB7172C-9C11-405C-8DD5-AF20F3606282}\InprocServer32\(Default)
Details: C:\Users\Emil Jinu\AppData\Local\Microsoft\OneDrive\25.209.1026.0002\FileSyncShell64.dll
User: DESKTOP-EJG8QJC\Emil Jinu"
"11/27/2025 10:57:42 PM","13","Information","Registry value set:
RuleName: T1122
EventType: SetValue
UtcTime: 2025-11-27 17:27:42.245
ProcessGuid: {3a35410f-8a0d-6928-1907-000000000b00}
ProcessId: 4580
Image: C:\Users\Emil Jinu\AppData\Local\Microsoft\OneDrive\OneDrive.exe
TargetObject: HKU\S-1-5-21-3351607045-2108423416-1727308141-1001_Classes\WOW6432Node\CLSID\{BBACC218-34EA-4666-9D7A-C78F2274A524}\InprocServer32\(Default)
Details: C:\Users\Emil Jinu\AppData\Local\Microsoft\OneDrive\25.209.1026.0002\i386\FileSyncShell.dll
User: DESKTOP-EJG8QJC\Emil Jinu"
"11/27/2025 10:57:42 PM","13","Information","Registry value set:
RuleName: T1122
EventType: SetValue
UtcTime: 2025-11-27 17:27:42.245
ProcessGuid: {3a35410f-8a0d-6928-1907-000000000b00}
ProcessId: 4580
Image: C:\Users\Emil Jinu\AppData\Local\Microsoft\OneDrive\OneDrive.exe
TargetObject: HKU\S-1-5-21-3351607045-2108423416-1727308141-1001_Classes\CLSID\{BBACC218-34EA-4666-9D7A-C78F2274A524}\InprocServer32\(Default)
Details: C:\Users\Emil Jinu\AppData\Local\Microsoft\OneDrive\25.209.1026.0002\FileSyncShell64.dll
User: DESKTOP-EJG8QJC\Emil Jinu"
"11/27/2025 10:57:41 PM","1","Information","Process Create:
RuleName: -
UtcTime: 2025-11-27 17:27:41.912
ProcessGuid: {3a35410f-8a0d-6928-1a07-000000000b00}
ProcessId: 6656
Image: C:\Windows\System32\rundll32.exe
FileVersion: 10.0.19041.5794 (WinBuild.160101.0800)
Description: Windows host process (Rundll32)
Product: Microsoft? Windows? Operating System
Company: Microsoft Corporation
OriginalFileName: RUNDLL32.EXE
CommandLine: C:\Windows\System32\rundll32.exe C:\Windows\System32\shell32.dll,SHCreateLocalServerRunDll {9aa46009-3ce0-458a-a354-715610a075e6} -Embedding
CurrentDirectory: C:\Windows\system32\
User: DESKTOP-EJG8QJC\Emil Jinu
LogonGuid: {3a35410f-6604-6928-c9e6-200000000000}
LogonId: 0x20E6C9
TerminalSessionId: 1
IntegrityLevel: Medium
Hashes: MD5=5A43032AEBD51583832EF3E96F5C81DA,SHA256=076592CA1957F8F357CC201F0015072C612F5770AD7DE85F87F254253C754DD7,IMPHASH=F207A867D6098266EE63A3CA677EB0FF
ParentProcessGuid: {3a35410f-6567-6928-0d00-000000000b00}
ParentProcessId: 848
ParentImage: C:\Windows\System32\svchost.exe
ParentCommandLine: C:\Windows\system32\svchost.exe -k DcomLaunch -p
ParentUser: NT AUTHORITY\SYSTEM"
"11/27/2025 10:57:41 PM","1","Information","Process Create:
RuleName: -
UtcTime: 2025-11-27 17:27:41.744
ProcessGuid: {3a35410f-8a0d-6928-1907-000000000b00}
ProcessId: 4580
Image: C:\Users\Emil Jinu\AppData\Local\Microsoft\OneDrive\OneDrive.exe
FileVersion: 25.209.1026.0002
Description: Microsoft OneDrive
Product: Microsoft OneDrive
Company: Microsoft Corporation
OriginalFileName: OneDrive.exe
CommandLine: ""C:\Users\Emil Jinu\AppData\Local\Microsoft\OneDrive\OneDrive.exe"" 
CurrentDirectory: C:\Windows\system32\
User: DESKTOP-EJG8QJC\Emil Jinu
LogonGuid: {3a35410f-6604-6928-c9e6-200000000000}
LogonId: 0x20E6C9
TerminalSessionId: 1
IntegrityLevel: Medium
Hashes: MD5=DDBB2A7A1BA434259B7609DF9C7510A4,SHA256=E00A94C9A23BA34212D40192999BE4B761B2D27F4EA07BDC5A414C949DB79655,IMPHASH=9B64999A42FEBC0CB20DB21F6621FC6F
ParentProcessGuid: {3a35410f-88a5-6928-eb06-000000000b00}
ParentProcessId: 9468
ParentImage: C:\Windows\explorer.exe
ParentCommandLine: explorer.exe
ParentUser: DESKTOP-EJG8QJC\Emil Jinu"
"11/27/2025 10:57:13 PM","13","Information","Registry value set:
RuleName: T1042
EventType: SetValue
UtcTime: 2025-11-27 17:27:13.750
ProcessGuid: {3a35410f-88a5-6928-eb06-000000000b00}
ProcessId: 9468
Image: C:\Windows\explorer.exe
TargetObject: HKU\S-1-5-21-3351607045-2108423416-1727308141-1001\SOFTWARE\Microsoft\Windows\CurrentVersion\Explorer\FileExts\.exe\OpenWithProgids\exefile
Details: Binary Data
User: DESKTOP-EJG8QJC\Emil Jinu"
"11/27/2025 10:56:30 PM","1","Information","Process Create:
RuleName: -
UtcTime: 2025-11-27 17:26:30.454
ProcessGuid: {3a35410f-89c6-6928-1807-000000000b00}
ProcessId: 10508
Image: C:\Program Files\WindowsApps\Microsoft.DesktopAppInstaller_1.27.350.0_x64__8wekyb3d8bbwe\AppInstallerPythonRedirector.exe
FileVersion: -
Description: -
Product: -
Company: -
OriginalFileName: -
CommandLine: ""C:\Users\Emil Jinu\AppData\Local\Microsoft\WindowsApps\python.exe"" -c ""print('Hello benign world')""
CurrentDirectory: C:\Users\Emil Jinu\
User: DESKTOP-EJG8QJC\Emil Jinu
LogonGuid: {3a35410f-6604-6928-c9e6-200000000000}
LogonId: 0x20E6C9
TerminalSessionId: 1
IntegrityLevel: Medium
Hashes: MD5=85C281812D968EFC3BFFA14B7E8C8C9A,SHA256=F7766CE2562951DC35E2A0F4E7EA15ED7EDE46E31138995C768BC29E8D5E9039,IMPHASH=6E0D0CF457C451D259D9CD8044299E23
ParentProcessGuid: {3a35410f-8909-6928-0207-000000000b00}
ParentProcessId: 14160
ParentImage: C:\Windows\System32\WindowsPowerShell\v1.0\powershell.exe
ParentCommandLine: ""C:\Windows\System32\WindowsPowerShell\v1.0\powershell.exe"" 
ParentUser: DESKTOP-EJG8QJC\Emil Jinu"
"11/27/2025 10:56:14 PM","11","Information","File created:
RuleName: -
UtcTime: 2025-11-27 17:26:14.073
ProcessGuid: {3a35410f-8909-6928-0207-000000000b00}
ProcessId: 14160
Image: C:\Windows\System32\WindowsPowerShell\v1.0\powershell.exe
TargetFilename: C:\Users\Public\TempLogs\unzipped\benign.ps1
CreationUtcTime: 2025-11-27 17:26:14.073
User: DESKTOP-EJG8QJC\Emil Jinu"
"11/27/2025 10:55:57 PM","1","Information","Process Create:
RuleName: -
UtcTime: 2025-11-27 17:25:57.000
ProcessGuid: {3a35410f-89a5-6928-1507-000000000b00}
ProcessId: 11548
Image: C:\Windows\WinSxS\amd64_microsoft-windows-servicingstack_31bf3856ad364e35_10.0.19041.6449_none_7e0d59887c8e1467\TiWorker.exe
FileVersion: 10.0.19041.6449 (WinBuild.160101.0800)
Description: Windows Modules Installer Worker
Product: Microsoft? Windows? Operating System
Company: Microsoft Corporation
OriginalFileName: TiWorker.exe
CommandLine: C:\Windows\winsxs\amd64_microsoft-windows-servicingstack_31bf3856ad364e35_10.0.19041.6449_none_7e0d59887c8e1467\TiWorker.exe -Embedding
CurrentDirectory: C:\Windows\system32\
User: NT AUTHORITY\SYSTEM
LogonGuid: {3a35410f-6567-6928-e703-000000000000}
LogonId: 0x3E7
TerminalSessionId: 0
IntegrityLevel: System
Hashes: MD5=C814A5844B037DF5271494CE580837B2,SHA256=606D88DADCDE114EEE163B871B88BFB2FFC562D122A6A1102B970E68142A2914,IMPHASH=2409EC1E105B0DDA91B9CEBA0B44162F
ParentProcessGuid: {3a35410f-6567-6928-0d00-000000000b00}
ParentProcessId: 848
ParentImage: C:\Windows\System32\svchost.exe
ParentCommandLine: C:\Windows\system32\svchost.exe -k DcomLaunch -p
ParentUser: NT AUTHORITY\SYSTEM"
"11/27/2025 10:55:56 PM","1","Information","Process Create:
RuleName: -
UtcTime: 2025-11-27 17:25:56.832
ProcessGuid: {3a35410f-89a4-6928-1407-000000000b00}
ProcessId: 13332
Image: C:\Windows\servicing\TrustedInstaller.exe
FileVersion: 10.0.19041.6033 (WinBuild.160101.0800)
Description: Windows Modules Installer
Product: Microsoft? Windows? Operating System
Company: Microsoft Corporation
OriginalFileName: TrustedInstaller.exe
CommandLine: C:\Windows\servicing\TrustedInstaller.exe
CurrentDirectory: C:\Windows\system32\
User: NT AUTHORITY\SYSTEM
LogonGuid: {3a35410f-6567-6928-e703-000000000000}
LogonId: 0x3E7
TerminalSessionId: 0
IntegrityLevel: System
Hashes: MD5=7AD303939D1A9FECD6ECADD773B4ADEF,SHA256=4A91D438B383AFAAB9015C6A4C5BDAD04EF4A3FDF010FCC2433EED7AA471F311,IMPHASH=0573E2F86BB45402DB86E0CB5DC66EDC
ParentProcessGuid: {3a35410f-6567-6928-0b00-000000000b00}
ParentProcessId: 708
ParentImage: C:\Windows\System32\services.exe
ParentCommandLine: C:\Windows\system32\services.exe
ParentUser: NT AUTHORITY\SYSTEM"
"11/27/2025 10:55:54 PM","1","Information","Process Create:
RuleName: -
UtcTime: 2025-11-27 17:25:54.638
ProcessGuid: {3a35410f-89a2-6928-1207-000000000b00}
ProcessId: 14272
Image: C:\Windows\System32\systeminfo.exe
FileVersion: 10.0.19041.1 (WinBuild.160101.0800)
Description: Displays system information
Product: Microsoft? Windows? Operating System
Company: Microsoft Corporation
OriginalFileName: sysinfo.exe
CommandLine: ""C:\Windows\system32\systeminfo.exe""
CurrentDirectory: C:\Users\Emil Jinu\
User: DESKTOP-EJG8QJC\Emil Jinu
LogonGuid: {3a35410f-6604-6928-c9e6-200000000000}
LogonId: 0x20E6C9
TerminalSessionId: 1
IntegrityLevel: Medium
Hashes: MD5=EE309A9C61511E907D87B10EF226FDCD,SHA256=6F87CAA51BDEA802045BB281FC2686A3C76364C26A3FFE6C2CCAC4AF5F9DB37B,IMPHASH=C7C3DF13F22D7A13802E6509367A5830
ParentProcessGuid: {3a35410f-8909-6928-0207-000000000b00}
ParentProcessId: 14160
ParentImage: C:\Windows\System32\WindowsPowerShell\v1.0\powershell.exe
ParentCommandLine: ""C:\Windows\System32\WindowsPowerShell\v1.0\powershell.exe"" 
ParentUser: DESKTOP-EJG8QJC\Emil Jinu"
"11/27/2025 10:55:53 PM","1","Information","Process Create:
RuleName: -
UtcTime: 2025-11-27 17:25:53.562
ProcessGuid: {3a35410f-89a1-6928-1107-000000000b00}
ProcessId: 10080
Image: C:\Windows\System32\tasklist.exe
FileVersion: 10.0.19041.1 (WinBuild.160101.0800)
Description: Lists the current running tasks
Product: Microsoft? Windows? Operating System
Company: Microsoft Corporation
OriginalFileName: tasklist.exe
CommandLine: ""C:\Windows\system32\tasklist.exe""
CurrentDirectory: C:\Users\Emil Jinu\
User: DESKTOP-EJG8QJC\Emil Jinu
LogonGuid: {3a35410f-6604-6928-c9e6-200000000000}
LogonId: 0x20E6C9
TerminalSessionId: 1
IntegrityLevel: Medium
Hashes: MD5=D0A49A170E13D7F6AEBBEFED9DF88AAA,SHA256=BE7241A74FE9A9D30E0631E41533A362B21C8F7AAE3E5B6AD319CC15C024EC3F,IMPHASH=4C8D21C644C980DB3FF94E27BAD14C18
ParentProcessGuid: {3a35410f-8909-6928-0207-000000000b00}
ParentProcessId: 14160
ParentImage: C:\Windows\System32\WindowsPowerShell\v1.0\powershell.exe
ParentCommandLine: ""C:\Windows\System32\WindowsPowerShell\v1.0\powershell.exe"" 
ParentUser: DESKTOP-EJG8QJC\Emil Jinu"
"11/27/2025 10:55:53 PM","1","Information","Process Create:
RuleName: -
UtcTime: 2025-11-27 17:25:53.511
ProcessGuid: {3a35410f-89a1-6928-1007-000000000b00}
ProcessId: 7888
Image: C:\Windows\System32\NETSTAT.EXE
FileVersion: 10.0.19041.1 (WinBuild.160101.0800)
Description: TCP/IP Netstat Command
Product: Microsoft? Windows? Operating System
Company: Microsoft Corporation
OriginalFileName: netstat.exe
CommandLine: ""C:\Windows\system32\NETSTAT.EXE"" -an
CurrentDirectory: C:\Users\Emil Jinu\
User: DESKTOP-EJG8QJC\Emil Jinu
LogonGuid: {3a35410f-6604-6928-c9e6-200000000000}
LogonId: 0x20E6C9
TerminalSessionId: 1
IntegrityLevel: Medium
Hashes: MD5=7FDDD6681EA81CE26E64452336F479E6,SHA256=B094E827AF70241D71BED9767EC1A254FDC4164A646B2BA4C7105CD783ADBA0D,IMPHASH=F495C58FFEE3A623AD7AAA6BE78756D5
ParentProcessGuid: {3a35410f-8909-6928-0207-000000000b00}
ParentProcessId: 14160
ParentImage: C:\Windows\System32\WindowsPowerShell\v1.0\powershell.exe
ParentCommandLine: ""C:\Windows\System32\WindowsPowerShell\v1.0\powershell.exe"" 
ParentUser: DESKTOP-EJG8QJC\Emil Jinu"
"11/27/2025 10:55:53 PM","1","Information","Process Create:
RuleName: -
UtcTime: 2025-11-27 17:25:53.444
ProcessGuid: {3a35410f-89a1-6928-0f07-000000000b00}
ProcessId: 11488
Image: C:\Windows\System32\whoami.exe
FileVersion: 10.0.19041.1 (WinBuild.160101.0800)
Description: whoami - displays logged on user information
Product: Microsoft? Windows? Operating System
Company: Microsoft Corporation
OriginalFileName: whoami.exe
CommandLine: ""C:\Windows\system32\whoami.exe""
CurrentDirectory: C:\Users\Emil Jinu\
User: DESKTOP-EJG8QJC\Emil Jinu
LogonGuid: {3a35410f-6604-6928-c9e6-200000000000}
LogonId: 0x20E6C9
TerminalSessionId: 1
IntegrityLevel: Medium
Hashes: MD5=A4A6924F3EAF97981323703D38FD99C4,SHA256=1D4902A04D99E8CCBFE7085E63155955FEE397449D386453F6C452AE407B8743,IMPHASH=7FF0758B766F747CE57DFAC70743FB88
ParentProcessGuid: {3a35410f-8909-6928-0207-000000000b00}
ParentProcessId: 14160
ParentImage: C:\Windows\System32\WindowsPowerShell\v1.0\powershell.exe
ParentCommandLine: ""C:\Windows\System32\WindowsPowerShell\v1.0\powershell.exe"" 
ParentUser: DESKTOP-EJG8QJC\Emil Jinu"
"11/27/2025 10:55:40 PM","1","Information","Process Create:
RuleName: -
UtcTime: 2025-11-27 17:25:40.566
ProcessGuid: {3a35410f-8994-6928-0e07-000000000b00}
ProcessId: 2796
Image: C:\Windows\System32\schtasks.exe
FileVersion: 10.0.19041.5965 (WinBuild.160101.0800)
Description: Task Scheduler Configuration Tool
Product: Microsoft? Windows? Operating System
Company: Microsoft Corporation
OriginalFileName: schtasks.exe
CommandLine: ""C:\Windows\system32\schtasks.exe"" /delete /tn SysmonTestTask /f
CurrentDirectory: C:\Users\Emil Jinu\
User: DESKTOP-EJG8QJC\Emil Jinu
LogonGuid: {3a35410f-6604-6928-c9e6-200000000000}
LogonId: 0x20E6C9
TerminalSessionId: 1
IntegrityLevel: Medium
Hashes: MD5=2C400322E4F96C1FEDB0F890C7668C92,SHA256=2327E073DCF25AE03DC851EA0F3414980D3168FA959F42C5F77BE1381AE6C41D,IMPHASH=7C296BC1AA0738F0783F000C5982A642
ParentProcessGuid: {3a35410f-8909-6928-0207-000000000b00}
ParentProcessId: 14160
ParentImage: C:\Windows\System32\WindowsPowerShell\v1.0\powershell.exe
ParentCommandLine: ""C:\Windows\System32\WindowsPowerShell\v1.0\powershell.exe"" 
ParentUser: DESKTOP-EJG8QJC\Emil Jinu"
"11/27/2025 10:55:40 PM","1","Information","Process Create:
RuleName: -
UtcTime: 2025-11-27 17:25:40.553
ProcessGuid: {3a35410f-8994-6928-0d07-000000000b00}
ProcessId: 11056
Image: C:\Windows\System32\notepad.exe
FileVersion: 10.0.19041.5794 (WinBuild.160101.0800)
Description: Notepad
Product: Microsoft? Windows? Operating System
Company: Microsoft Corporation
OriginalFileName: NOTEPAD.EXE
CommandLine: ""notepad.exe""
CurrentDirectory: C:\Windows\system32\
User: DESKTOP-EJG8QJC\Emil Jinu
LogonGuid: {3a35410f-6604-6928-c9e6-200000000000}
LogonId: 0x20E6C9
TerminalSessionId: 1
IntegrityLevel: Medium
Hashes: MD5=6F51BCABF1B2B34AD7E670AEE6DA451F,SHA256=DA5807BB0997CC6B5132950EC87EDA2B33B1AC4533CF1F7A22A6F3B576ED7C5B,IMPHASH=09ED737A03DB7295BF734A9953F6EB5E
ParentProcessGuid: {3a35410f-6568-6928-2400-000000000b00}
ParentProcessId: 1532
ParentImage: C:\Windows\System32\svchost.exe
ParentCommandLine: C:\Windows\system32\svchost.exe -k netsvcs -p -s Schedule
ParentUser: NT AUTHORITY\SYSTEM"
