"11/27/2025 10:24:16 PM","1","Information","Process Create:
RuleName: -
UtcTime: 2025-11-27 16:54:16.484
ProcessGuid: {3a35410f-8238-6928-ce05-000000000b00}
ProcessId: 15264
Image: C:\Windows\explorer.exe
FileVersion: 10.0.19041.6456 (WinBuild.160101.0800)
Description: Windows Explorer
Product: Microsoft? Windows? Operating System
Company: Microsoft Corporation
OriginalFileName: EXPLORER.EXE
CommandLine: explorer.exe
CurrentDirectory: C:\Windows\system32\
User: DESKTOP-EJG8QJC\Emil Jinu
LogonGuid: {3a35410f-6604-6928-c9e6-200000000000}
LogonId: 0x20E6C9
TerminalSessionId: 1
IntegrityLevel: Medium
Hashes: MD5=24AD59ABAF730E71BC865922D8596008,SHA256=988A56D897915315EEF9CA679B3BC8ADFCECF5E227AEA99AAA1817620520E97E,IMPHASH=DBCE632ECED8243CB6090C1C87BE56BC
ParentProcessGuid: {3a35410f-6567-6928-0a00-000000000b00}
ParentProcessId: 652
ParentImage: C:\Windows\System32\winlogon.exe
ParentCommandLine: winlogon.exe
ParentUser: NT AUTHORITY\SYSTEM"
"11/27/2025 10:24:13 PM","1","Information","Process Create:
RuleName: -
UtcTime: 2025-11-27 16:54:13.874
ProcessGuid: {3a35410f-8235-6928-cd05-000000000b00}
ProcessId: 8616
Image: C:\Program Files\BraveSoftware\Brave-Browser\Application\brave.exe
FileVersion: 142.1.84.141
Description: Brave Browser
Product: Brave Browser
Company: Brave Software, Inc.
OriginalFileName: brave.exe
CommandLine: ""C:\Program Files\BraveSoftware\Brave-Browser\Application\brave.exe"" --type=gpu-process --disable-gpu-sandbox --use-gl=disabled --gpu-vendor-id=5140 --gpu-device-id=140 --gpu-sub-system-id=0 --gpu-revision=0 --gpu-driver-version=10.0.19041.5794 --start-stack-profiler --gpu-preferences=SAAAAAAAAADoAAAEAAAAAAAAAAAAAGAAAQAAAAAAAAAAAAAAAAAAAEIAAAAAAAAAAAAAAAAAAAAQAAAAAAAAABAAAAAAAAAACAAAAAAAAAAIAAAAAAAAAA== --metrics-shmem-handle=3044,i,7278428141286537180,15529871314455802137,262144 --field-trial-handle=2124,i,3400961170560780111,14988296868254825826,262144 --variations-seed-version=main@69c2005032bb14f803911c3458ab063c42bfa450 --trace-process-track-uuid=3190708997556373682 --mojo-platform-channel-handle=2952 /prefetch:8
CurrentDirectory: C:\Program Files\BraveSoftware\Brave-Browser\Application\142.1.84.141\
User: DESKTOP-EJG8QJC\Emil Jinu
LogonGuid: {3a35410f-6604-6928-c9e6-200000000000}
LogonId: 0x20E6C9
TerminalSessionId: 1
IntegrityLevel: Medium
Hashes: MD5=D4E095946579C449803E47CFA028475E,SHA256=234A39FA17CC44BD8F5610B61997B7C69B289BC664A4D6B0AD8141ECC6685D2D,IMPHASH=3E82AE93B8102462DDA81604AF164E8E
ParentProcessGuid: {3a35410f-81a1-6928-9a05-000000000b00}
ParentProcessId: 6772
ParentImage: C:\Program Files\BraveSoftware\Brave-Browser\Application\brave.exe
ParentCommandLine: ""C:\Program Files\BraveSoftware\Brave-Browser\Application\brave.exe"" 
ParentUser: DESKTOP-EJG8QJC\Emil Jinu"
"11/27/2025 10:24:13 PM","1","Information","Process Create:
RuleName: -
UtcTime: 2025-11-27 16:54:13.363
ProcessGuid: {3a35410f-8235-6928-cc05-000000000b00}
ProcessId: 13184
Image: C:\Windows\explorer.exe
FileVersion: 10.0.19041.6456 (WinBuild.160101.0800)
Description: Windows Explorer
Product: Microsoft? Windows? Operating System
Company: Microsoft Corporation
OriginalFileName: EXPLORER.EXE
CommandLine: ""C:\Windows\explorer.exe"" 
CurrentDirectory: C:\Users\Emil Jinu\
User: DESKTOP-EJG8QJC\Emil Jinu
LogonGuid: {3a35410f-6604-6928-c9e6-200000000000}
LogonId: 0x20E6C9
TerminalSessionId: 1
IntegrityLevel: Medium
Hashes: MD5=24AD59ABAF730E71BC865922D8596008,SHA256=988A56D897915315EEF9CA679B3BC8ADFCECF5E227AEA99AAA1817620520E97E,IMPHASH=DBCE632ECED8243CB6090C1C87BE56BC
ParentProcessGuid: {3a35410f-821e-6928-c005-000000000b00}
ParentProcessId: 14788
ParentImage: C:\Windows\System32\WindowsPowerShell\v1.0\powershell.exe
ParentCommandLine: ""C:\Windows\System32\WindowsPowerShell\v1.0\powershell.exe"" 
ParentUser: DESKTOP-EJG8QJC\Emil Jinu"
"11/27/2025 10:24:10 PM","1","Information","Process Create:
RuleName: -
UtcTime: 2025-11-27 16:54:10.264
ProcessGuid: {3a35410f-8232-6928-cb05-000000000b00}
ProcessId: 5376
Image: C:\Program Files\Windows NT\Accessories\wordpad.exe
FileVersion: 10.0.19041.6392 (WinBuild.160101.0800)
Description: Windows Wordpad Application
Product: Microsoft? Windows? Operating System
Company: Microsoft Corporation
OriginalFileName: WORDPAD.EXE
CommandLine: ""C:\Program Files\Windows NT\Accessories\wordpad.exe"" 
CurrentDirectory: C:\Users\Emil Jinu\
User: DESKTOP-EJG8QJC\Emil Jinu
LogonGuid: {3a35410f-6604-6928-c9e6-200000000000}
LogonId: 0x20E6C9
TerminalSessionId: 1
IntegrityLevel: Medium
Hashes: MD5=7D30889CC699CF86D1F533619D6118E4,SHA256=4B2E23A9130EA4ED8540071D7EBC9F02E5BCFE8EACA96CCCAB561FD8B7296C2E,IMPHASH=9315BEF4B5484B572936D208E8B654A0
ParentProcessGuid: {3a35410f-821e-6928-c005-000000000b00}
ParentProcessId: 14788
ParentImage: C:\Windows\System32\WindowsPowerShell\v1.0\powershell.exe
ParentCommandLine: ""C:\Windows\System32\WindowsPowerShell\v1.0\powershell.exe"" 
ParentUser: DESKTOP-EJG8QJC\Emil Jinu"
"11/27/2025 10:24:07 PM","1","Information","Process Create:
RuleName: -
UtcTime: 2025-11-27 16:54:07.189
ProcessGuid: {3a35410f-822f-6928-c905-000000000b00}
ProcessId: 3296
Image: C:\Windows\System32\mspaint.exe
FileVersion: 10.0.19041.5553 (WinBuild.160101.0800)
Description: Paint
Product: Microsoft? Windows? Operating System
Company: Microsoft Corporation
OriginalFileName: MSPAINT.EXE
CommandLine: ""C:\Windows\system32\mspaint.exe"" 
CurrentDirectory: C:\Users\Emil Jinu\
User: DESKTOP-EJG8QJC\Emil Jinu
LogonGuid: {3a35410f-6604-6928-c9e6-200000000000}
LogonId: 0x20E6C9
TerminalSessionId: 1
IntegrityLevel: Medium
Hashes: MD5=FA534C7C1F54F9FB8BA99FC99C505651,SHA256=94F22AE686874A5F016AACF7F74F679DECC8D52A39DFDF31DCD5133739BBA532,IMPHASH=AD9649A74DB256ECAB874BD416C46A98
ParentProcessGuid: {3a35410f-821e-6928-c005-000000000b00}
ParentProcessId: 14788
ParentImage: C:\Windows\System32\WindowsPowerShell\v1.0\powershell.exe
ParentCommandLine: ""C:\Windows\System32\WindowsPowerShell\v1.0\powershell.exe"" 
ParentUser: DESKTOP-EJG8QJC\Emil Jinu"
"11/27/2025 10:24:06 PM","1","Information","Process Create:
RuleName: -
UtcTime: 2025-11-27 16:54:06.843
ProcessGuid: {3a35410f-822e-6928-c805-000000000b00}
ProcessId: 12932
Image: C:\Program Files\BraveSoftware\Brave-Browser\Application\brave.exe
FileVersion: 142.1.84.141
Description: Brave Browser
Product: Brave Browser
Company: Brave Software, Inc.
OriginalFileName: brave.exe
CommandLine: ""C:\Program Files\BraveSoftware\Brave-Browser\Application\brave.exe"" --type=utility --utility-sub-type=unzip.mojom.Unzipper --lang=en-US --service-sandbox-type=service --metrics-shmem-handle=5968,i,16697611135765936061,3436962313627506099,524288 --field-trial-handle=2124,i,3400961170560780111,14988296868254825826,262144 --variations-seed-version=main@69c2005032bb14f803911c3458ab063c42bfa450 --trace-process-track-uuid=3190708996619331833 --mojo-platform-channel-handle=3056 /prefetch:8
CurrentDirectory: C:\Program Files\BraveSoftware\Brave-Browser\Application\142.1.84.141\
User: DESKTOP-EJG8QJC\Emil Jinu
LogonGuid: {3a35410f-6604-6928-c9e6-200000000000}
LogonId: 0x20E6C9
TerminalSessionId: 1
IntegrityLevel: Low
Hashes: MD5=D4E095946579C449803E47CFA028475E,SHA256=234A39FA17CC44BD8F5610B61997B7C69B289BC664A4D6B0AD8141ECC6685D2D,IMPHASH=3E82AE93B8102462DDA81604AF164E8E
ParentProcessGuid: {3a35410f-81a1-6928-9a05-000000000b00}
ParentProcessId: 6772
ParentImage: C:\Program Files\BraveSoftware\Brave-Browser\Application\brave.exe
ParentCommandLine: ""C:\Program Files\BraveSoftware\Brave-Browser\Application\brave.exe"" 
ParentUser: DESKTOP-EJG8QJC\Emil Jinu"
"11/27/2025 10:24:04 PM","1","Information","Process Create:
RuleName: -
UtcTime: 2025-11-27 16:54:04.131
ProcessGuid: {3a35410f-822c-6928-c605-000000000b00}
ProcessId: 128
Image: C:\Windows\System32\calc.exe
FileVersion: 10.0.19041.1 (WinBuild.160101.0800)
Description: Windows Calculator
Product: Microsoft? Windows? Operating System
Company: Microsoft Corporation
OriginalFileName: CALC.EXE
CommandLine: ""C:\Windows\system32\calc.exe"" 
CurrentDirectory: C:\Users\Emil Jinu\
User: DESKTOP-EJG8QJC\Emil Jinu
LogonGuid: {3a35410f-6604-6928-c9e6-200000000000}
LogonId: 0x20E6C9
TerminalSessionId: 1
IntegrityLevel: Medium
Hashes: MD5=5DA8C98136D98DFEC4716EDD79C7145F,SHA256=58189CBD4E6DC0C7D8E66B6A6F75652FC9F4AFC7CE0EBA7D67D8C3FEB0D5381F,IMPHASH=8EEAA9499666119D13B3F44ECD77A729
ParentProcessGuid: {3a35410f-821e-6928-c005-000000000b00}
ParentProcessId: 14788
ParentImage: C:\Windows\System32\WindowsPowerShell\v1.0\powershell.exe
ParentCommandLine: ""C:\Windows\System32\WindowsPowerShell\v1.0\powershell.exe"" 
ParentUser: DESKTOP-EJG8QJC\Emil Jinu"
"11/27/2025 10:24:01 PM","1","Information","Process Create:
RuleName: -
UtcTime: 2025-11-27 16:54:01.221
ProcessGuid: {3a35410f-8229-6928-c505-000000000b00}
ProcessId: 6812
Image: C:\Program Files (x86)\Microsoft\Edge\Application\msedge.exe
FileVersion: 142.0.3595.94
Description: Microsoft Edge
Product: Microsoft Edge
Company: Microsoft Corporation
OriginalFileName: msedge.exe
CommandLine: ""C:\Program Files (x86)\Microsoft\Edge\Application\msedge.exe"" --type=utility --utility-sub-type=chrome.mojom.UtilWin --lang=en-US --service-sandbox-type=none --message-loop-type-ui --skip-read-main-dll --metrics-shmem-handle=4776,i,3016589319526695631,566792280704793896,524288 --field-trial-handle=2548,i,5910522543971592898,721922561922209772,262144 --variations-seed-version --trace-process-track-uuid=3190708993808206286 --mojo-platform-channel-handle=4868 /prefetch:8
CurrentDirectory: C:\Program Files (x86)\Microsoft\Edge\Application\142.0.3595.94\
User: DESKTOP-EJG8QJC\Emil Jinu
LogonGuid: {3a35410f-6604-6928-c9e6-200000000000}
LogonId: 0x20E6C9
TerminalSessionId: 1
IntegrityLevel: Medium
Hashes: MD5=CC88E8CBC96E0183F15A240EC2E6D7BB,SHA256=C089768E72071ACA205E6B77C0538F58A3896CE5B0F65BA9BD38CDAE263D8A03,IMPHASH=4C2A67DEB457B8BF9F317820EE11E05D
ParentProcessGuid: {3a35410f-81fb-6928-b505-000000000b00}
ParentProcessId: 9764
ParentImage: C:\Program Files (x86)\Microsoft\Edge\Application\msedge.exe
ParentCommandLine: ""C:\Program Files (x86)\Microsoft\Edge\Application\msedge.exe"" --no-startup-window
ParentUser: DESKTOP-EJG8QJC\Emil Jinu"
"11/27/2025 10:24:01 PM","1","Information","Process Create:
RuleName: -
UtcTime: 2025-11-27 16:54:01.212
ProcessGuid: {3a35410f-8229-6928-c405-000000000b00}
ProcessId: 10736
Image: C:\Program Files (x86)\Microsoft\Edge\Application\msedge.exe
FileVersion: 142.0.3595.94
Description: Microsoft Edge
Product: Microsoft Edge
Company: Microsoft Corporation
OriginalFileName: msedge.exe
CommandLine: ""C:\Program Files (x86)\Microsoft\Edge\Application\msedge.exe"" --type=utility --utility-sub-type=chrome.mojom.UtilWin --lang=en-US --service-sandbox-type=none --message-loop-type-ui --skip-read-main-dll --metrics-shmem-handle=1732,i,1096653671499935748,12535122141822573851,524288 --field-trial-handle=2548,i,5910522543971592898,721922561922209772,262144 --variations-seed-version --trace-process-track-uuid=3190708992871164437 --mojo-platform-channel-handle=4820 /prefetch:8
CurrentDirectory: C:\Program Files (x86)\Microsoft\Edge\Application\142.0.3595.94\
User: DESKTOP-EJG8QJC\Emil Jinu
LogonGuid: {3a35410f-6604-6928-c9e6-200000000000}
LogonId: 0x20E6C9
TerminalSessionId: 1
IntegrityLevel: Medium
Hashes: MD5=CC88E8CBC96E0183F15A240EC2E6D7BB,SHA256=C089768E72071ACA205E6B77C0538F58A3896CE5B0F65BA9BD38CDAE263D8A03,IMPHASH=4C2A67DEB457B8BF9F317820EE11E05D
ParentProcessGuid: {3a35410f-81fb-6928-b505-000000000b00}
ParentProcessId: 9764
ParentImage: C:\Program Files (x86)\Microsoft\Edge\Application\msedge.exe
ParentCommandLine: ""C:\Program Files (x86)\Microsoft\Edge\Application\msedge.exe"" --no-startup-window
ParentUser: DESKTOP-EJG8QJC\Emil Jinu"
"11/27/2025 10:24:01 PM","1","Information","Process Create:
RuleName: -
UtcTime: 2025-11-27 16:54:01.199
ProcessGuid: {3a35410f-8229-6928-c305-000000000b00}
ProcessId: 8520
Image: C:\Program Files (x86)\Microsoft\Edge\Application\msedge.exe
FileVersion: 142.0.3595.94
Description: Microsoft Edge
Product: Microsoft Edge
Company: Microsoft Corporation
OriginalFileName: msedge.exe
CommandLine: ""C:\Program Files (x86)\Microsoft\Edge\Application\msedge.exe"" --type=utility --utility-sub-type=chrome.mojom.UtilWin --lang=en-US --service-sandbox-type=none --message-loop-type-ui --skip-read-main-dll --metrics-shmem-handle=4616,i,16333618594872740195,1921494406684262320,524288 --field-trial-handle=2548,i,5910522543971592898,721922561922209772,262144 --variations-seed-version --trace-process-track-uuid=3190708991934122588 --mojo-platform-channel-handle=4604 /prefetch:8
CurrentDirectory: C:\Program Files (x86)\Microsoft\Edge\Application\142.0.3595.94\
User: DESKTOP-EJG8QJC\Emil Jinu
LogonGuid: {3a35410f-6604-6928-c9e6-200000000000}
LogonId: 0x20E6C9
TerminalSessionId: 1
IntegrityLevel: Medium
Hashes: MD5=CC88E8CBC96E0183F15A240EC2E6D7BB,SHA256=C089768E72071ACA205E6B77C0538F58A3896CE5B0F65BA9BD38CDAE263D8A03,IMPHASH=4C2A67DEB457B8BF9F317820EE11E05D
ParentProcessGuid: {3a35410f-81fb-6928-b505-000000000b00}
ParentProcessId: 9764
ParentImage: C:\Program Files (x86)\Microsoft\Edge\Application\msedge.exe
ParentCommandLine: ""C:\Program Files (x86)\Microsoft\Edge\Application\msedge.exe"" --no-startup-window
ParentUser: DESKTOP-EJG8QJC\Emil Jinu"
"11/27/2025 10:24:00 PM","1","Information","Process Create:
RuleName: -
UtcTime: 2025-11-27 16:54:00.981
ProcessGuid: {3a35410f-8228-6928-c205-000000000b00}
ProcessId: 5256
Image: C:\Windows\System32\notepad.exe
FileVersion: 10.0.19041.5794 (WinBuild.160101.0800)
Description: Notepad
Product: Microsoft? Windows? Operating System
Company: Microsoft Corporation
OriginalFileName: NOTEPAD.EXE
CommandLine: ""C:\Windows\system32\notepad.exe"" 
CurrentDirectory: C:\Users\Emil Jinu\
User: DESKTOP-EJG8QJC\Emil Jinu
LogonGuid: {3a35410f-6604-6928-c9e6-200000000000}
LogonId: 0x20E6C9
TerminalSessionId: 1
IntegrityLevel: Medium
Hashes: MD5=6F51BCABF1B2B34AD7E670AEE6DA451F,SHA256=DA5807BB0997CC6B5132950EC87EDA2B33B1AC4533CF1F7A22A6F3B576ED7C5B,IMPHASH=09ED737A03DB7295BF734A9953F6EB5E
ParentProcessGuid: {3a35410f-821e-6928-c005-000000000b00}
ParentProcessId: 14788
ParentImage: C:\Windows\System32\WindowsPowerShell\v1.0\powershell.exe
ParentCommandLine: ""C:\Windows\System32\WindowsPowerShell\v1.0\powershell.exe"" 
ParentUser: DESKTOP-EJG8QJC\Emil Jinu"
"11/27/2025 10:23:51 PM","11","Information","File created:
RuleName: -
UtcTime: 2025-11-27 16:53:51.313
ProcessGuid: {3a35410f-821e-6928-c005-000000000b00}
ProcessId: 14788
Image: C:\Windows\System32\WindowsPowerShell\v1.0\powershell.exe
TargetFilename: C:\Users\Emil Jinu\AppData\Local\Temp\__PSScriptPolicyTest_pcv2lqcz.5be.ps1
CreationUtcTime: 2025-11-27 16:53:51.313
User: DESKTOP-EJG8QJC\Emil Jinu"
"11/27/2025 10:23:50 PM","1","Information","Process Create:
RuleName: -
UtcTime: 2025-11-27 16:53:50.195
ProcessGuid: {3a35410f-821e-6928-c005-000000000b00}
ProcessId: 14788
Image: C:\Windows\System32\WindowsPowerShell\v1.0\powershell.exe
FileVersion: 10.0.19041.3996 (WinBuild.160101.0800)
Description: Windows PowerShell
Product: Microsoft? Windows? Operating System
Company: Microsoft Corporation
OriginalFileName: PowerShell.EXE
CommandLine: ""C:\Windows\System32\WindowsPowerShell\v1.0\powershell.exe"" 
CurrentDirectory: C:\Users\Emil Jinu\
User: DESKTOP-EJG8QJC\Emil Jinu
LogonGuid: {3a35410f-6604-6928-c9e6-200000000000}
LogonId: 0x20E6C9
TerminalSessionId: 1
IntegrityLevel: Medium
Hashes: MD5=2E5A8590CF6848968FC23DE3FA1E25F1,SHA256=9785001B0DCF755EDDB8AF294A373C0B87B2498660F724E76C4D53F9C217C7A3,IMPHASH=3D08F4848535206D772DE145804FF4B6
ParentProcessGuid: {3a35410f-81cd-6928-ab05-000000000b00}
ParentProcessId: 10540
ParentImage: C:\Windows\explorer.exe
ParentCommandLine: explorer.exe
ParentUser: DESKTOP-EJG8QJC\Emil Jinu"
"11/27/2025 10:23:19 PM","22","Information","Dns query:
RuleName: -
UtcTime: 2025-11-27 16:53:32.600
ProcessGuid: {3a35410f-81fc-6928-b805-000000000b00}
ProcessId: 15052
QueryName: wpad
QueryStatus: 123
QueryResults: -
Image: C:\Program Files (x86)\Microsoft\Edge\Application\msedge.exe
User: DESKTOP-EJG8QJC\Emil Jinu"
"11/27/2025 10:23:17 PM","1","Information","Process Create:
RuleName: -
UtcTime: 2025-11-27 16:53:17.135
ProcessGuid: {3a35410f-81fd-6928-be05-000000000b00}
ProcessId: 9596
Image: C:\Program Files (x86)\Microsoft\Edge\Application\142.0.3595.94\identity_helper.exe
FileVersion: 142.0.3595.94
Description: PWA Identity Proxy Host
Product: Microsoft Edge
Company: Microsoft Corporation
OriginalFileName: identity_helper.exe
CommandLine: ""C:\Program Files (x86)\Microsoft\Edge\Application\142.0.3595.94\identity_helper.exe"" --type=utility --utility-sub-type=winrt_app_id.mojom.WinrtAppIdService --lang=en-US --service-sandbox-type=none --ram-no-pressure-read-main-dll --metrics-shmem-handle=3428,i,15002591197107636031,4006434740197795857,524288 --field-trial-handle=2548,i,5910522543971592898,721922561922209772,262144 --variations-seed-version --trace-process-track-uuid=3190708990997080739 --mojo-platform-channel-handle=4584 /prefetch:8
CurrentDirectory: C:\Program Files (x86)\Microsoft\Edge\Application\142.0.3595.94\
User: DESKTOP-EJG8QJC\Emil Jinu
LogonGuid: {3a35410f-6604-6928-c9e6-200000000000}
LogonId: 0x20E6C9
TerminalSessionId: 1
IntegrityLevel: Medium
Hashes: MD5=B836E283A8198A39CBEBEE345851829A,SHA256=280E36D70C3EC664C202B9BF2A8415B38D1EFBCD57926EA0A7B5A9D103936FFE,IMPHASH=55C92788DC86824DCF85360071E9FCAC
ParentProcessGuid: {3a35410f-81fb-6928-b505-000000000b00}
ParentProcessId: 9764
ParentImage: C:\Program Files (x86)\Microsoft\Edge\Application\msedge.exe
ParentCommandLine: ""C:\Program Files (x86)\Microsoft\Edge\Application\msedge.exe"" --no-startup-window
ParentUser: DESKTOP-EJG8QJC\Emil Jinu"
"11/27/2025 10:23:17 PM","1","Information","Process Create:
RuleName: -
UtcTime: 2025-11-27 16:53:17.116
ProcessGuid: {3a35410f-81fd-6928-bd05-000000000b00}
ProcessId: 6452
Image: C:\Program Files (x86)\Microsoft\Edge\Application\142.0.3595.94\identity_helper.exe
FileVersion: 142.0.3595.94
Description: PWA Identity Proxy Host
Product: Microsoft Edge
Company: Microsoft Corporation
OriginalFileName: identity_helper.exe
CommandLine: ""C:\Program Files (x86)\Microsoft\Edge\Application\142.0.3595.94\identity_helper.exe"" --type=utility --utility-sub-type=winrt_app_id.mojom.WinrtAppIdService --lang=en-US --service-sandbox-type=none --ram-no-pressure-read-main-dll --metrics-shmem-handle=3428,i,15002591197107636031,4006434740197795857,524288 --field-trial-handle=2548,i,5910522543971592898,721922561922209772,262144 --variations-seed-version --trace-process-track-uuid=3190708990997080739 --mojo-platform-channel-handle=4584 /prefetch:8
CurrentDirectory: C:\Program Files (x86)\Microsoft\Edge\Application\142.0.3595.94\
User: DESKTOP-EJG8QJC\Emil Jinu
LogonGuid: {3a35410f-6604-6928-c9e6-200000000000}
LogonId: 0x20E6C9
TerminalSessionId: 1
IntegrityLevel: Medium
Hashes: MD5=B836E283A8198A39CBEBEE345851829A,SHA256=280E36D70C3EC664C202B9BF2A8415B38D1EFBCD57926EA0A7B5A9D103936FFE,IMPHASH=55C92788DC86824DCF85360071E9FCAC
ParentProcessGuid: {3a35410f-81fb-6928-b505-000000000b00}
ParentProcessId: 9764
ParentImage: C:\Program Files (x86)\Microsoft\Edge\Application\msedge.exe
ParentCommandLine: ""C:\Program Files (x86)\Microsoft\Edge\Application\msedge.exe"" --no-startup-window
ParentUser: DESKTOP-EJG8QJC\Emil Jinu"
"11/27/2025 10:23:16 PM","1","Information","Process Create:
RuleName: -
UtcTime: 2025-11-27 16:53:16.302
ProcessGuid: {3a35410f-81fc-6928-ba05-000000000b00}
ProcessId: 1296
Image: C:\Program Files (x86)\Microsoft\Edge\Application\msedge.exe
FileVersion: 142.0.3595.94
Description: Microsoft Edge
Product: Microsoft Edge
Company: Microsoft Corporation
OriginalFileName: msedge.exe
CommandLine: ""C:\Program Files (x86)\Microsoft\Edge\Application\msedge.exe"" --type=utility --utility-sub-type=storage.mojom.StorageService --lang=en-US --service-sandbox-type=service --startup-read-main-dll --metrics-shmem-handle=2508,i,6281390829622953393,1643065699426534957,524288 --field-trial-handle=2548,i,5910522543971592898,721922561922209772,262144 --variations-seed-version --trace-process-track-uuid=3190708990060038890 --mojo-platform-channel-handle=2836 /prefetch:8
CurrentDirectory: C:\Program Files (x86)\Microsoft\Edge\Application\142.0.3595.94\
User: DESKTOP-EJG8QJC\Emil Jinu
LogonGuid: {3a35410f-6604-6928-c9e6-200000000000}
LogonId: 0x20E6C9
TerminalSessionId: 1
IntegrityLevel: Low
Hashes: MD5=CC88E8CBC96E0183F15A240EC2E6D7BB,SHA256=C089768E72071ACA205E6B77C0538F58A3896CE5B0F65BA9BD38CDAE263D8A03,IMPHASH=4C2A67DEB457B8BF9F317820EE11E05D
ParentProcessGuid: {3a35410f-81fb-6928-b505-000000000b00}
ParentProcessId: 9764
ParentImage: C:\Program Files (x86)\Microsoft\Edge\Application\msedge.exe
ParentCommandLine: ""C:\Program Files (x86)\Microsoft\Edge\Application\msedge.exe"" --no-startup-window
ParentUser: DESKTOP-EJG8QJC\Emil Jinu"
"11/27/2025 10:23:16 PM","1","Information","Process Create:
RuleName: -
UtcTime: 2025-11-27 16:53:16.253
ProcessGuid: {3a35410f-81fc-6928-b905-000000000b00}
ProcessId: 14892
Image: C:\Program Files (x86)\Microsoft\Edge\Application\msedge.exe
FileVersion: 142.0.3595.94
Description: Microsoft Edge
Product: Microsoft Edge
Company: Microsoft Corporation
OriginalFileName: msedge.exe
CommandLine: ""C:\Program Files (x86)\Microsoft\Edge\Application\msedge.exe"" --type=gpu-process --no-pre-read-main-dll --gpu-preferences=SAAAAAAAAADgAAAEAAAAAAAAAAAAAGAAAQAAAAAAAAAAAAAAAAAAAAIAAAAAAAAAAAAAAAAAAAAQAAAAAAAAABAAAAAAAAAACAAAAAAAAAAIAAAAAAAAAA== --startup-read-main-dll --metrics-shmem-handle=2024,i,6702610781096213521,9381615854644852630,262144 --field-trial-handle=2548,i,5910522543971592898,721922561922209772,262144 --variations-seed-version --trace-process-track-uuid=3190708988185955192 --mojo-platform-channel-handle=2520 /prefetch:2
CurrentDirectory: C:\Program Files (x86)\Microsoft\Edge\Application\142.0.3595.94\
User: DESKTOP-EJG8QJC\Emil Jinu
LogonGuid: {3a35410f-6604-6928-c9e6-200000000000}
LogonId: 0x20E6C9
TerminalSessionId: 1
IntegrityLevel: Low
Hashes: MD5=CC88E8CBC96E0183F15A240EC2E6D7BB,SHA256=C089768E72071ACA205E6B77C0538F58A3896CE5B0F65BA9BD38CDAE263D8A03,IMPHASH=4C2A67DEB457B8BF9F317820EE11E05D
ParentProcessGuid: {3a35410f-81fb-6928-b505-000000000b00}
ParentProcessId: 9764
ParentImage: C:\Program Files (x86)\Microsoft\Edge\Application\msedge.exe
ParentCommandLine: ""C:\Program Files (x86)\Microsoft\Edge\Application\msedge.exe"" --no-startup-window
ParentUser: DESKTOP-EJG8QJC\Emil Jinu"
"11/27/2025 10:23:16 PM","1","Information","Process Create:
RuleName: -
UtcTime: 2025-11-27 16:53:16.252
ProcessGuid: {3a35410f-81fc-6928-b805-000000000b00}
ProcessId: 15052
Image: C:\Program Files (x86)\Microsoft\Edge\Application\msedge.exe
FileVersion: 142.0.3595.94
Description: Microsoft Edge
Product: Microsoft Edge
Company: Microsoft Corporation
OriginalFileName: msedge.exe
CommandLine: ""C:\Program Files (x86)\Microsoft\Edge\Application\msedge.exe"" --type=utility --utility-sub-type=network.mojom.NetworkService --lang=en-US --service-sandbox-type=none --no-pre-read-main-dll --startup-read-main-dll --metrics-shmem-handle=2228,i,10944925104201683666,16443032626393706928,524288 --field-trial-handle=2548,i,5910522543971592898,721922561922209772,262144 --variations-seed-version --trace-process-track-uuid=3190708989122997041 --mojo-platform-channel-handle=2600 /prefetch:3
CurrentDirectory: C:\Program Files (x86)\Microsoft\Edge\Application\142.0.3595.94\
User: DESKTOP-EJG8QJC\Emil Jinu
LogonGuid: {3a35410f-6604-6928-c9e6-200000000000}
LogonId: 0x20E6C9
TerminalSessionId: 1
IntegrityLevel: Medium
Hashes: MD5=CC88E8CBC96E0183F15A240EC2E6D7BB,SHA256=C089768E72071ACA205E6B77C0538F58A3896CE5B0F65BA9BD38CDAE263D8A03,IMPHASH=4C2A67DEB457B8BF9F317820EE11E05D
ParentProcessGuid: {3a35410f-81fb-6928-b505-000000000b00}
ParentProcessId: 9764
ParentImage: C:\Program Files (x86)\Microsoft\Edge\Application\msedge.exe
ParentCommandLine: ""C:\Program Files (x86)\Microsoft\Edge\Application\msedge.exe"" --no-startup-window
ParentUser: DESKTOP-EJG8QJC\Emil Jinu"
"11/27/2025 10:23:16 PM","1","Information","Process Create:
RuleName: -
UtcTime: 2025-11-27 16:53:16.235
ProcessGuid: {3a35410f-81fc-6928-b705-000000000b00}
ProcessId: 11256
Image: C:\Program Files (x86)\Microsoft\Edge\Application\142.0.3595.94\elevation_service.exe
FileVersion: 142.0.3595.94
Description: Microsoft Edge
Product: Microsoft Edge
Company: Microsoft Corporation
OriginalFileName: elevation_service.exe
CommandLine: ""C:\Program Files (x86)\Microsoft\Edge\Application\142.0.3595.94\elevation_service.exe""
CurrentDirectory: C:\Windows\system32\
User: NT AUTHORITY\SYSTEM
LogonGuid: {3a35410f-6567-6928-e703-000000000000}
LogonId: 0x3E7
TerminalSessionId: 0
IntegrityLevel: System
Hashes: MD5=B8A03699DAB76DB8803F0257B83E2076,SHA256=2FFC3935EF83744C535247FD92526E4E47294C58A26E390AF176FE15E7B411B6,IMPHASH=BFB8B0BD22010F251A9B8E92F1660D7B
ParentProcessGuid: {3a35410f-6567-6928-0b00-000000000b00}
ParentProcessId: 708
ParentImage: C:\Windows\System32\services.exe
ParentCommandLine: C:\Windows\system32\services.exe
ParentUser: NT AUTHORITY\SYSTEM"
"11/27/2025 10:23:15 PM","1","Information","Process Create:
RuleName: -
UtcTime: 2025-11-27 16:53:15.912
ProcessGuid: {3a35410f-81fb-6928-b605-000000000b00}
ProcessId: 8336
Image: C:\Program Files (x86)\Microsoft\Edge\Application\msedge.exe
FileVersion: 142.0.3595.94
Description: Microsoft Edge
Product: Microsoft Edge
Company: Microsoft Corporation
OriginalFileName: msedge.exe
CommandLine: ""C:\Program Files (x86)\Microsoft\Edge\Application\msedge.exe"" --type=crashpad-handler ""--user-data-dir=C:\Users\Emil Jinu\AppData\Local\Microsoft\Edge\User Data"" /prefetch:4 --monitor-self-annotation=ptype=crashpad-handler ""--database=C:\Users\Emil Jinu\AppData\Local\Microsoft\Edge\User Data\Crashpad"" ""--metrics-dir=C:\Users\Emil Jinu\AppData\Local\Microsoft\Edge\User Data"" --annotation=IsOfficialBuild=1 --annotation=channel= --annotation=chromium-version=142.0.7444.176 ""--annotation=exe=C:\Program Files (x86)\Microsoft\Edge\Application\msedge.exe"" --annotation=plat=Win64 --annotation=prod=Edge --annotation=ver=142.0.3595.94 --initial-client-data=0x264,0x268,0x26c,0x260,0x274,0x7ffd9187db58,0x7ffd9187db64,0x7ffd9187db70
CurrentDirectory: C:\Program Files (x86)\Microsoft\Edge\Application\142.0.3595.94\
User: DESKTOP-EJG8QJC\Emil Jinu
LogonGuid: {3a35410f-6604-6928-c9e6-200000000000}
LogonId: 0x20E6C9
TerminalSessionId: 1
IntegrityLevel: Medium
Hashes: MD5=CC88E8CBC96E0183F15A240EC2E6D7BB,SHA256=C089768E72071ACA205E6B77C0538F58A3896CE5B0F65BA9BD38CDAE263D8A03,IMPHASH=4C2A67DEB457B8BF9F317820EE11E05D
ParentProcessGuid: {3a35410f-81fb-6928-b505-000000000b00}
ParentProcessId: 9764
ParentImage: C:\Program Files (x86)\Microsoft\Edge\Application\msedge.exe
ParentCommandLine: ""C:\Program Files (x86)\Microsoft\Edge\Application\msedge.exe"" --no-startup-window
ParentUser: DESKTOP-EJG8QJC\Emil Jinu"
"11/27/2025 10:23:15 PM","1","Information","Process Create:
RuleName: -
UtcTime: 2025-11-27 16:53:15.080
ProcessGuid: {3a35410f-81fb-6928-b505-000000000b00}
ProcessId: 9764
Image: C:\Program Files (x86)\Microsoft\Edge\Application\msedge.exe
FileVersion: 142.0.3595.94
Description: Microsoft Edge
Product: Microsoft Edge
Company: Microsoft Corporation
OriginalFileName: msedge.exe
CommandLine: ""C:\Program Files (x86)\Microsoft\Edge\Application\msedge.exe"" --no-startup-window
CurrentDirectory: C:\Program Files (x86)\Microsoft\Edge\Application\
User: DESKTOP-EJG8QJC\Emil Jinu
LogonGuid: {3a35410f-6604-6928-c9e6-200000000000}
LogonId: 0x20E6C9
TerminalSessionId: 1
IntegrityLevel: Medium
Hashes: MD5=CC88E8CBC96E0183F15A240EC2E6D7BB,SHA256=C089768E72071ACA205E6B77C0538F58A3896CE5B0F65BA9BD38CDAE263D8A03,IMPHASH=4C2A67DEB457B8BF9F317820EE11E05D
ParentProcessGuid: {3a35410f-700f-6928-4104-000000000b00}
ParentProcessId: 13500
ParentImage: C:\Program Files (x86)\Microsoft\Edge\Application\msedge.exe
ParentCommandLine: ""C:\Program Files (x86)\Microsoft\Edge\Application\msedge.exe"" --no-startup-window
ParentUser: DESKTOP-EJG8QJC\Emil Jinu"
"11/27/2025 10:22:33 PM","1","Information","Process Create:
RuleName: -
UtcTime: 2025-11-27 16:52:33.152
ProcessGuid: {3a35410f-81d1-6928-b205-000000000b00}
ProcessId: 1940
Image: C:\Windows\System32\MoUsoCoreWorker.exe
FileVersion: 10.0.19041.5848 (WinBuild.160101.0800)
Description: MoUSO Core Worker Process
Product: Microsoft? Windows? Operating System
Company: Microsoft Corporation
OriginalFileName: MoUSOCoreWorker.exe
CommandLine: C:\Windows\System32\mousocoreworker.exe -Embedding
CurrentDirectory: C:\Windows\system32\
User: NT AUTHORITY\SYSTEM
LogonGuid: {3a35410f-6567-6928-e703-000000000000}
LogonId: 0x3E7
TerminalSessionId: 0
IntegrityLevel: System
Hashes: MD5=7E1D07B224D243CAC8327577C61F0218,SHA256=6B676785219372F26A109E601BD04C7376A289021616B36AE4CCFABA43EAF4D6,IMPHASH=8668B4C1834A89E3778E45BE48201874
ParentProcessGuid: {3a35410f-6567-6928-0d00-000000000b00}
ParentProcessId: 848
ParentImage: C:\Windows\System32\svchost.exe
ParentCommandLine: C:\Windows\system32\svchost.exe -k DcomLaunch -p
ParentUser: NT AUTHORITY\SYSTEM"
"11/27/2025 10:22:32 PM","1","Information","Process Create:
RuleName: -
UtcTime: 2025-11-27 16:52:32.620
ProcessGuid: {3a35410f-81d0-6928-b005-000000000b00}
ProcessId: 12380
Image: C:\Windows\SystemApps\MicrosoftWindows.Client.CBS_cw5n1h2txyewy\TextInputHost.exe
FileVersion: 125.1700.0.0
Description: -
Product: Microsoft? Windows? Operating System
Company: Microsoft Corporation
OriginalFileName: TextInputHost.exe
CommandLine: ""C:\Windows\SystemApps\MicrosoftWindows.Client.CBS_cw5n1h2txyewy\TextInputHost.exe"" -ServerName:InputApp.AppXk0k6mrh4r2q0ct33a9wgbez0x7v9cz5y.mca
CurrentDirectory: C:\Windows\SystemApps\MicrosoftWindows.Client.CBS_cw5n1h2txyewy\
User: DESKTOP-EJG8QJC\Emil Jinu
LogonGuid: {3a35410f-6604-6928-c9e6-200000000000}
LogonId: 0x20E6C9
TerminalSessionId: 1
IntegrityLevel: Medium
Hashes: MD5=38B4011E48A8379D1E802BE49359C547,SHA256=326574F6C6632FDB9B75EE201D385E5A5D0ABDD519CBD84AB1DE966128F6C4DB,IMPHASH=8ACCE29A751A218EBBCA39B834A66F0B
ParentProcessGuid: {3a35410f-6567-6928-0d00-000000000b00}
ParentProcessId: 848
ParentImage: C:\Windows\System32\svchost.exe
ParentCommandLine: C:\Windows\system32\svchost.exe -k DcomLaunch -p
ParentUser: NT AUTHORITY\SYSTEM"
"11/27/2025 10:22:31 PM","1","Information","Process Create:
RuleName: -
UtcTime: 2025-11-27 16:52:31.455
ProcessGuid: {3a35410f-81cf-6928-ae05-000000000b00}
ProcessId: 12680
Image: C:\Windows\System32\LocationNotificationWindows.exe
FileVersion: 10.0.19041.5915 (WinBuild.160101.0800)
Description: Location Notification
Product: Microsoft? Windows? Operating System
Company: Microsoft Corporation
OriginalFileName: LocationNotificationWindows.exe
CommandLine: ""C:\Windows\System32\LocationNotificationWindows.exe""
CurrentDirectory: C:\Windows\system32\
User: DESKTOP-EJG8QJC\Emil Jinu
LogonGuid: {3a35410f-6604-6928-c9e6-200000000000}
LogonId: 0x20E6C9
TerminalSessionId: 1
IntegrityLevel: Medium
Hashes: MD5=78304DE7BC9427229F70FC0CCF7C0CF1,SHA256=82CFEF287D60D9F04E5F0E4FB915D71CC71C1AD260F90941F4ADEE515896BBE7,IMPHASH=BFB647E172E5CBBCE5676BA2E6097869
ParentProcessGuid: {3a35410f-6568-6928-2400-000000000b00}
ParentProcessId: 1532
ParentImage: C:\Windows\System32\svchost.exe
ParentCommandLine: C:\Windows\system32\svchost.exe -k netsvcs -p -s Schedule
ParentUser: NT AUTHORITY\SYSTEM"
"11/27/2025 10:22:30 PM","11","Information","File created:
RuleName: -
UtcTime: 2025-11-27 16:52:30.408
ProcessGuid: {3a35410f-81cd-6928-ac05-000000000b00}
ProcessId: 4480
Image: C:\Windows\System32\WindowsPowerShell\v1.0\powershell.exe
TargetFilename: C:\Users\Emil Jinu\AppData\Local\Temp\__PSScriptPolicyTest_in0w3dxd.qbu.ps1
CreationUtcTime: 2025-11-27 16:52:30.408
User: DESKTOP-EJG8QJC\Emil Jinu"
"11/27/2025 10:22:29 PM","1","Information","Process Create:
RuleName: -
UtcTime: 2025-11-27 16:52:29.283
ProcessGuid: {3a35410f-81cd-6928-ac05-000000000b00}
ProcessId: 4480
Image: C:\Windows\System32\WindowsPowerShell\v1.0\powershell.exe
FileVersion: 10.0.19041.3996 (WinBuild.160101.0800)
Description: Windows PowerShell
Product: Microsoft? Windows? Operating System
Company: Microsoft Corporation
OriginalFileName: PowerShell.EXE
CommandLine: ""C:\Windows\System32\WindowsPowerShell\v1.0\powershell.exe"" 
CurrentDirectory: C:\Users\Emil Jinu\
User: DESKTOP-EJG8QJC\Emil Jinu
LogonGuid: {3a35410f-6604-6928-c9e6-200000000000}
LogonId: 0x20E6C9
TerminalSessionId: 1
IntegrityLevel: Medium
Hashes: MD5=2E5A8590CF6848968FC23DE3FA1E25F1,SHA256=9785001B0DCF755EDDB8AF294A373C0B87B2498660F724E76C4D53F9C217C7A3,IMPHASH=3D08F4848535206D772DE145804FF4B6
ParentProcessGuid: {3a35410f-717b-6928-7704-000000000b00}
ParentProcessId: 9908
ParentImage: C:\Windows\System32\WindowsPowerShell\v1.0\powershell.exe
ParentCommandLine: ""C:\Windows\System32\WindowsPowerShell\v1.0\powershell.exe"" 
ParentUser: DESKTOP-EJG8QJC\Emil Jinu"
"11/27/2025 10:22:29 PM","1","Information","Process Create:
RuleName: -
UtcTime: 2025-11-27 16:52:29.039
ProcessGuid: {3a35410f-81cd-6928-ab05-000000000b00}
ProcessId: 10540
Image: C:\Windows\explorer.exe
FileVersion: 10.0.19041.6456 (WinBuild.160101.0800)
Description: Windows Explorer
Product: Microsoft? Windows? Operating System
Company: Microsoft Corporation
OriginalFileName: EXPLORER.EXE
CommandLine: explorer.exe
CurrentDirectory: C:\Windows\system32\
User: DESKTOP-EJG8QJC\Emil Jinu
LogonGuid: {3a35410f-6604-6928-c9e6-200000000000}
LogonId: 0x20E6C9
TerminalSessionId: 1
IntegrityLevel: Medium
Hashes: MD5=24AD59ABAF730E71BC865922D8596008,SHA256=988A56D897915315EEF9CA679B3BC8ADFCECF5E227AEA99AAA1817620520E97E,IMPHASH=DBCE632ECED8243CB6090C1C87BE56BC
ParentProcessGuid: {3a35410f-6567-6928-0a00-000000000b00}
ParentProcessId: 652
ParentImage: C:\Windows\System32\winlogon.exe
ParentCommandLine: winlogon.exe
ParentUser: NT AUTHORITY\SYSTEM"
"11/27/2025 10:22:26 PM","1","Information","Process Create:
RuleName: -
UtcTime: 2025-11-27 16:52:26.624
ProcessGuid: {3a35410f-81ca-6928-aa05-000000000b00}
ProcessId: 5604
Image: C:\Windows\explorer.exe
FileVersion: 10.0.19041.6456 (WinBuild.160101.0800)
Description: Windows Explorer
Product: Microsoft? Windows? Operating System
Company: Microsoft Corporation
OriginalFileName: EXPLORER.EXE
CommandLine: ""C:\Windows\explorer.exe"" 
CurrentDirectory: C:\Users\Emil Jinu\
User: DESKTOP-EJG8QJC\Emil Jinu
LogonGuid: {3a35410f-6604-6928-c9e6-200000000000}
LogonId: 0x20E6C9
TerminalSessionId: 1
IntegrityLevel: Medium
Hashes: MD5=24AD59ABAF730E71BC865922D8596008,SHA256=988A56D897915315EEF9CA679B3BC8ADFCECF5E227AEA99AAA1817620520E97E,IMPHASH=DBCE632ECED8243CB6090C1C87BE56BC
ParentProcessGuid: {3a35410f-717b-6928-7704-000000000b00}
ParentProcessId: 9908
ParentImage: C:\Windows\System32\WindowsPowerShell\v1.0\powershell.exe
ParentCommandLine: ""C:\Windows\System32\WindowsPowerShell\v1.0\powershell.exe"" 
ParentUser: DESKTOP-EJG8QJC\Emil Jinu"
"11/27/2025 10:22:24 PM","1","Information","Process Create:
RuleName: -
UtcTime: 2025-11-27 16:52:24.447
ProcessGuid: {3a35410f-81c8-6928-a905-000000000b00}
ProcessId: 7904
Image: C:\Program Files\Windows NT\Accessories\wordpad.exe
FileVersion: 10.0.19041.6392 (WinBuild.160101.0800)
Description: Windows Wordpad Application
Product: Microsoft? Windows? Operating System
Company: Microsoft Corporation
OriginalFileName: WORDPAD.EXE
CommandLine: ""C:\Program Files\Windows NT\Accessories\wordpad.exe"" 
CurrentDirectory: C:\Users\Emil Jinu\
User: DESKTOP-EJG8QJC\Emil Jinu
LogonGuid: {3a35410f-6604-6928-c9e6-200000000000}
LogonId: 0x20E6C9
TerminalSessionId: 1
IntegrityLevel: Medium
Hashes: MD5=7D30889CC699CF86D1F533619D6118E4,SHA256=4B2E23A9130EA4ED8540071D7EBC9F02E5BCFE8EACA96CCCAB561FD8B7296C2E,IMPHASH=9315BEF4B5484B572936D208E8B654A0
ParentProcessGuid: {3a35410f-717b-6928-7704-000000000b00}
ParentProcessId: 9908
ParentImage: C:\Windows\System32\WindowsPowerShell\v1.0\powershell.exe
ParentCommandLine: ""C:\Windows\System32\WindowsPowerShell\v1.0\powershell.exe"" 
ParentUser: DESKTOP-EJG8QJC\Emil Jinu"
"11/27/2025 10:22:22 PM","1","Information","Process Create:
RuleName: -
UtcTime: 2025-11-27 16:52:22.032
ProcessGuid: {3a35410f-81c6-6928-a805-000000000b00}
ProcessId: 7632
Image: C:\Windows\System32\mspaint.exe
FileVersion: 10.0.19041.5553 (WinBuild.160101.0800)
Description: Paint
Product: Microsoft? Windows? Operating System
Company: Microsoft Corporation
OriginalFileName: MSPAINT.EXE
CommandLine: ""C:\Windows\system32\mspaint.exe"" 
CurrentDirectory: C:\Users\Emil Jinu\
User: DESKTOP-EJG8QJC\Emil Jinu
LogonGuid: {3a35410f-6604-6928-c9e6-200000000000}
LogonId: 0x20E6C9
TerminalSessionId: 1
IntegrityLevel: Medium
Hashes: MD5=FA534C7C1F54F9FB8BA99FC99C505651,SHA256=94F22AE686874A5F016AACF7F74F679DECC8D52A39DFDF31DCD5133739BBA532,IMPHASH=AD9649A74DB256ECAB874BD416C46A98
ParentProcessGuid: {3a35410f-717b-6928-7704-000000000b00}
ParentProcessId: 9908
ParentImage: C:\Windows\System32\WindowsPowerShell\v1.0\powershell.exe
ParentCommandLine: ""C:\Windows\System32\WindowsPowerShell\v1.0\powershell.exe"" 
ParentUser: DESKTOP-EJG8QJC\Emil Jinu"
"11/27/2025 10:22:19 PM","1","Information","Process Create:
RuleName: -
UtcTime: 2025-11-27 16:52:19.830
ProcessGuid: {3a35410f-81c3-6928-a605-000000000b00}
ProcessId: 3352
Image: C:\Windows\System32\calc.exe
FileVersion: 10.0.19041.1 (WinBuild.160101.0800)
Description: Windows Calculator
Product: Microsoft? Windows? Operating System
Company: Microsoft Corporation
OriginalFileName: CALC.EXE
CommandLine: ""C:\Windows\system32\calc.exe"" 
CurrentDirectory: C:\Users\Emil Jinu\
User: DESKTOP-EJG8QJC\Emil Jinu
LogonGuid: {3a35410f-6604-6928-c9e6-200000000000}
LogonId: 0x20E6C9
TerminalSessionId: 1
IntegrityLevel: Medium
Hashes: MD5=5DA8C98136D98DFEC4716EDD79C7145F,SHA256=58189CBD4E6DC0C7D8E66B6A6F75652FC9F4AFC7CE0EBA7D67D8C3FEB0D5381F,IMPHASH=8EEAA9499666119D13B3F44ECD77A729
ParentProcessGuid: {3a35410f-717b-6928-7704-000000000b00}
ParentProcessId: 9908
ParentImage: C:\Windows\System32\WindowsPowerShell\v1.0\powershell.exe
ParentCommandLine: ""C:\Windows\System32\WindowsPowerShell\v1.0\powershell.exe"" 
ParentUser: DESKTOP-EJG8QJC\Emil Jinu"
"11/27/2025 10:22:17 PM","1","Information","Process Create:
RuleName: -
UtcTime: 2025-11-27 16:52:17.519
ProcessGuid: {3a35410f-81c1-6928-a505-000000000b00}
ProcessId: 8136
Image: C:\Windows\System32\notepad.exe
FileVersion: 10.0.19041.5794 (WinBuild.160101.0800)
Description: Notepad
Product: Microsoft? Windows? Operating System
Company: Microsoft Corporation
OriginalFileName: NOTEPAD.EXE
CommandLine: ""C:\Windows\system32\notepad.exe"" 
CurrentDirectory: C:\Users\Emil Jinu\
User: DESKTOP-EJG8QJC\Emil Jinu
LogonGuid: {3a35410f-6604-6928-c9e6-200000000000}
LogonId: 0x20E6C9
TerminalSessionId: 1
IntegrityLevel: Medium
Hashes: MD5=6F51BCABF1B2B34AD7E670AEE6DA451F,SHA256=DA5807BB0997CC6B5132950EC87EDA2B33B1AC4533CF1F7A22A6F3B576ED7C5B,IMPHASH=09ED737A03DB7295BF734A9953F6EB5E
ParentProcessGuid: {3a35410f-717b-6928-7704-000000000b00}
ParentProcessId: 9908
ParentImage: C:\Windows\System32\WindowsPowerShell\v1.0\powershell.exe
ParentCommandLine: ""C:\Windows\System32\WindowsPowerShell\v1.0\powershell.exe"" 
ParentUser: DESKTOP-EJG8QJC\Emil Jinu"
"11/27/2025 10:21:56 PM","1","Information","Process Create:
RuleName: -
UtcTime: 2025-11-27 16:51:56.195
ProcessGuid: {3a35410f-81ac-6928-a405-000000000b00}
ProcessId: 10352
Image: C:\Program Files\BraveSoftware\Brave-Browser\Application\brave.exe
FileVersion: 142.1.84.141
Description: Brave Browser
Product: Brave Browser
Company: Brave Software, Inc.
OriginalFileName: brave.exe
CommandLine: ""C:\Program Files\BraveSoftware\Brave-Browser\Application\brave.exe"" --type=utility --utility-sub-type=data_decoder.mojom.DataDecoderService --lang=en-US --service-sandbox-type=service --metrics-shmem-handle=6124,i,1123371484440504235,10707107046438321997,524288 --field-trial-handle=2124,i,3400961170560780111,14988296868254825826,262144 --variations-seed-version=main@69c2005032bb14f803911c3458ab063c42bfa450 --trace-process-track-uuid=3190708995682289984 --mojo-platform-channel-handle=6108 /prefetch:8
CurrentDirectory: C:\Program Files\BraveSoftware\Brave-Browser\Application\142.1.84.141\
User: DESKTOP-EJG8QJC\Emil Jinu
LogonGuid: {3a35410f-6604-6928-c9e6-200000000000}
LogonId: 0x20E6C9
TerminalSessionId: 1
IntegrityLevel: Low
Hashes: MD5=D4E095946579C449803E47CFA028475E,SHA256=234A39FA17CC44BD8F5610B61997B7C69B289BC664A4D6B0AD8141ECC6685D2D,IMPHASH=3E82AE93B8102462DDA81604AF164E8E
ParentProcessGuid: {3a35410f-81a1-6928-9a05-000000000b00}
ParentProcessId: 6772
ParentImage: C:\Program Files\BraveSoftware\Brave-Browser\Application\brave.exe
ParentCommandLine: ""C:\Program Files\BraveSoftware\Brave-Browser\Application\brave.exe"" 
ParentUser: DESKTOP-EJG8QJC\Emil Jinu"
"11/27/2025 10:21:49 PM","1","Information","Process Create:
RuleName: -
UtcTime: 2025-11-27 16:51:49.068
ProcessGuid: {3a35410f-81a5-6928-a305-000000000b00}
ProcessId: 1624
Image: C:\Program Files\BraveSoftware\Brave-Browser\Application\brave.exe
FileVersion: 142.1.84.141
Description: Brave Browser
Product: Brave Browser
Company: Brave Software, Inc.
OriginalFileName: brave.exe
CommandLine: ""C:\Program Files\BraveSoftware\Brave-Browser\Application\brave.exe"" --type=utility --utility-sub-type=chrome.mojom.ProcessorMetrics --lang=en-US --service-sandbox-type=none --metrics-shmem-handle=5336,i,16755020905054483198,1766507418640554876,524288 --field-trial-handle=2124,i,3400961170560780111,14988296868254825826,262144 --variations-seed-version=main@69c2005032bb14f803911c3458ab063c42bfa450 --trace-process-track-uuid=3190708994745248135 --mojo-platform-channel-handle=5340 /prefetch:8
CurrentDirectory: C:\Program Files\BraveSoftware\Brave-Browser\Application\142.1.84.141\
User: DESKTOP-EJG8QJC\Emil Jinu
LogonGuid: {3a35410f-6604-6928-c9e6-200000000000}
LogonId: 0x20E6C9
TerminalSessionId: 1
IntegrityLevel: Medium
Hashes: MD5=D4E095946579C449803E47CFA028475E,SHA256=234A39FA17CC44BD8F5610B61997B7C69B289BC664A4D6B0AD8141ECC6685D2D,IMPHASH=3E82AE93B8102462DDA81604AF164E8E
ParentProcessGuid: {3a35410f-81a1-6928-9a05-000000000b00}
ParentProcessId: 6772
ParentImage: C:\Program Files\BraveSoftware\Brave-Browser\Application\brave.exe
ParentCommandLine: ""C:\Program Files\BraveSoftware\Brave-Browser\Application\brave.exe"" 
ParentUser: DESKTOP-EJG8QJC\Emil Jinu"
"11/27/2025 10:21:48 PM","22","Information","Dns query:
RuleName: -
UtcTime: 2025-11-27 16:52:11.076
ProcessGuid: {3a35410f-81a2-6928-9d05-000000000b00}
ProcessId: 11660
QueryName: wpad
QueryStatus: 123
QueryResults: -
Image: C:\Program Files\BraveSoftware\Brave-Browser\Application\brave.exe
User: DESKTOP-EJG8QJC\Emil Jinu"
"11/27/2025 10:21:46 PM","1","Information","Process Create:
RuleName: -
UtcTime: 2025-11-27 16:51:46.471
ProcessGuid: {3a35410f-81a2-6928-a205-000000000b00}
ProcessId: 6888
Image: C:\Program Files\BraveSoftware\Brave-Browser\Application\brave.exe
FileVersion: 142.1.84.141
Description: Brave Browser
Product: Brave Browser
Company: Brave Software, Inc.
OriginalFileName: brave.exe
CommandLine: ""C:\Program Files\BraveSoftware\Brave-Browser\Application\brave.exe"" --type=renderer --enable-distillability-service --origin-trial-public-key=bYUKPJoPnCxeNvu72j4EmPuK7tr1PAC7SHh8ld9Mw3E=,fMS4mpO6buLQ/QMd+zJmxzty/VQ6B1EUZqoCU04zoRU= --video-capture-use-gpu-memory-buffer --lang=en-US --device-scale-factor=1 --num-raster-threads=2 --enable-main-frame-before-activation --renderer-client-id=7 --time-ticks-at-unix-epoch=-1764255042940614 --launch-time-ticks=7263647754 --metrics-shmem-handle=4304,i,14145109546295225176,5005532829575985702,2097152 --field-trial-handle=2124,i,3400961170560780111,14988296868254825826,262144 --variations-seed-version=main@69c2005032bb14f803911c3458ab063c42bfa450 --trace-process-track-uuid=3190708992871164437 --mojo-platform-channel-handle=4216 /prefetch:1
CurrentDirectory: C:\Program Files\BraveSoftware\Brave-Browser\Application\142.1.84.141\
User: DESKTOP-EJG8QJC\Emil Jinu
LogonGuid: {3a35410f-6604-6928-c9e6-200000000000}
LogonId: 0x20E6C9
TerminalSessionId: 1
IntegrityLevel: Low
Hashes: MD5=D4E095946579C449803E47CFA028475E,SHA256=234A39FA17CC44BD8F5610B61997B7C69B289BC664A4D6B0AD8141ECC6685D2D,IMPHASH=3E82AE93B8102462DDA81604AF164E8E
ParentProcessGuid: {3a35410f-81a1-6928-9a05-000000000b00}
ParentProcessId: 6772
ParentImage: C:\Program Files\BraveSoftware\Brave-Browser\Application\brave.exe
ParentCommandLine: ""C:\Program Files\BraveSoftware\Brave-Browser\Application\brave.exe"" 
ParentUser: DESKTOP-EJG8QJC\Emil Jinu"
"11/27/2025 10:21:46 PM","1","Information","Process Create:
RuleName: -
UtcTime: 2025-11-27 16:51:46.470
ProcessGuid: {3a35410f-81a2-6928-a105-000000000b00}
ProcessId: 4628
Image: C:\Program Files\BraveSoftware\Brave-Browser\Application\brave.exe
FileVersion: 142.1.84.141
Description: Brave Browser
Product: Brave Browser
Company: Brave Software, Inc.
OriginalFileName: brave.exe
CommandLine: ""C:\Program Files\BraveSoftware\Brave-Browser\Application\brave.exe"" --type=renderer --enable-distillability-service --origin-trial-public-key=bYUKPJoPnCxeNvu72j4EmPuK7tr1PAC7SHh8ld9Mw3E=,fMS4mpO6buLQ/QMd+zJmxzty/VQ6B1EUZqoCU04zoRU= --video-capture-use-gpu-memory-buffer --lang=en-US --device-scale-factor=1 --num-raster-threads=2 --enable-main-frame-before-activation --renderer-client-id=8 --time-ticks-at-unix-epoch=-1764255042940614 --launch-time-ticks=7263646524 --metrics-shmem-handle=4192,i,6999464686169634259,6130761408504369395,2097152 --field-trial-handle=2124,i,3400961170560780111,14988296868254825826,262144 --variations-seed-version=main@69c2005032bb14f803911c3458ab063c42bfa450 --trace-process-track-uuid=3190708993808206286 --mojo-platform-channel-handle=4280 /prefetch:1
CurrentDirectory: C:\Program Files\BraveSoftware\Brave-Browser\Application\142.1.84.141\
User: DESKTOP-EJG8QJC\Emil Jinu
LogonGuid: {3a35410f-6604-6928-c9e6-200000000000}
LogonId: 0x20E6C9
TerminalSessionId: 1
IntegrityLevel: Low
Hashes: MD5=D4E095946579C449803E47CFA028475E,SHA256=234A39FA17CC44BD8F5610B61997B7C69B289BC664A4D6B0AD8141ECC6685D2D,IMPHASH=3E82AE93B8102462DDA81604AF164E8E
ParentProcessGuid: {3a35410f-81a1-6928-9a05-000000000b00}
ParentProcessId: 6772
ParentImage: C:\Program Files\BraveSoftware\Brave-Browser\Application\brave.exe
ParentCommandLine: ""C:\Program Files\BraveSoftware\Brave-Browser\Application\brave.exe"" 
ParentUser: DESKTOP-EJG8QJC\Emil Jinu"
"11/27/2025 10:21:46 PM","1","Information","Process Create:
RuleName: -
UtcTime: 2025-11-27 16:51:46.287
ProcessGuid: {3a35410f-81a2-6928-a005-000000000b00}
ProcessId: 12924
Image: C:\Program Files\BraveSoftware\Brave-Browser\Application\brave.exe
FileVersion: 142.1.84.141
Description: Brave Browser
Product: Brave Browser
Company: Brave Software, Inc.
OriginalFileName: brave.exe
CommandLine: ""C:\Program Files\BraveSoftware\Brave-Browser\Application\brave.exe"" --type=renderer --extension-process --enable-distillability-service --origin-trial-public-key=bYUKPJoPnCxeNvu72j4EmPuK7tr1PAC7SHh8ld9Mw3E=,fMS4mpO6buLQ/QMd+zJmxzty/VQ6B1EUZqoCU04zoRU= --video-capture-use-gpu-memory-buffer --lang=en-US --device-scale-factor=1 --num-raster-threads=2 --enable-main-frame-before-activation --renderer-client-id=6 --time-ticks-at-unix-epoch=-1764255042940614 --launch-time-ticks=7263394399 --metrics-shmem-handle=3208,i,9475386710653308716,7157241203888784035,2097152 --field-trial-handle=2124,i,3400961170560780111,14988296868254825826,262144 --variations-seed-version=main@69c2005032bb14f803911c3458ab063c42bfa450 --trace-process-track-uuid=3190708991934122588 --mojo-platform-channel-handle=3232 /prefetch:2
CurrentDirectory: C:\Program Files\BraveSoftware\Brave-Browser\Application\142.1.84.141\
User: DESKTOP-EJG8QJC\Emil Jinu
LogonGuid: {3a35410f-6604-6928-c9e6-200000000000}
LogonId: 0x20E6C9
TerminalSessionId: 1
IntegrityLevel: Low
Hashes: MD5=D4E095946579C449803E47CFA028475E,SHA256=234A39FA17CC44BD8F5610B61997B7C69B289BC664A4D6B0AD8141ECC6685D2D,IMPHASH=3E82AE93B8102462DDA81604AF164E8E
ParentProcessGuid: {3a35410f-81a1-6928-9a05-000000000b00}
ParentProcessId: 6772
ParentImage: C:\Program Files\BraveSoftware\Brave-Browser\Application\brave.exe
ParentCommandLine: ""C:\Program Files\BraveSoftware\Brave-Browser\Application\brave.exe"" 
ParentUser: DESKTOP-EJG8QJC\Emil Jinu"
"11/27/2025 10:21:46 PM","1","Information","Process Create:
RuleName: -
UtcTime: 2025-11-27 16:51:46.260
ProcessGuid: {3a35410f-81a2-6928-9f05-000000000b00}
ProcessId: 4492
Image: C:\Program Files\BraveSoftware\Brave-Browser\Application\brave.exe
FileVersion: 142.1.84.141
Description: Brave Browser
Product: Brave Browser
Company: Brave Software, Inc.
OriginalFileName: brave.exe
CommandLine: ""C:\Program Files\BraveSoftware\Brave-Browser\Application\brave.exe"" --type=utility --utility-sub-type=storage.mojom.StorageService --lang=en-US --service-sandbox-type=service --metrics-shmem-handle=2496,i,17139274658535864079,14670221131528483520,524288 --field-trial-handle=2124,i,3400961170560780111,14988296868254825826,262144 --variations-seed-version=main@69c2005032bb14f803911c3458ab063c42bfa450 --trace-process-track-uuid=3190708990060038890 --mojo-platform-channel-handle=2516 /prefetch:8
CurrentDirectory: C:\Program Files\BraveSoftware\Brave-Browser\Application\142.1.84.141\
User: DESKTOP-EJG8QJC\Emil Jinu
LogonGuid: {3a35410f-6604-6928-c9e6-200000000000}
LogonId: 0x20E6C9
TerminalSessionId: 1
IntegrityLevel: Low
Hashes: MD5=D4E095946579C449803E47CFA028475E,SHA256=234A39FA17CC44BD8F5610B61997B7C69B289BC664A4D6B0AD8141ECC6685D2D,IMPHASH=3E82AE93B8102462DDA81604AF164E8E
ParentProcessGuid: {3a35410f-81a1-6928-9a05-000000000b00}
ParentProcessId: 6772
ParentImage: C:\Program Files\BraveSoftware\Brave-Browser\Application\brave.exe
ParentCommandLine: ""C:\Program Files\BraveSoftware\Brave-Browser\Application\brave.exe"" 
ParentUser: DESKTOP-EJG8QJC\Emil Jinu"
