"11/27/2025 11:40:20 PM","1","Information","Process Create:
RuleName: -
UtcTime: 2025-11-27 18:10:20.608
ProcessGuid: {3a35410f-940c-6928-3716-000000000b00}
ProcessId: 9320
Image: C:\Windows\System32\WindowsPowerShell\v1.0\powershell.exe
FileVersion: 10.0.19041.3996 (WinBuild.160101.0800)
Description: Windows PowerShell
Product: Microsoft? Windows? Operating System
Company: Microsoft Corporation
OriginalFileName: PowerShell.EXE
CommandLine: ""C:\Windows\System32\WindowsPowerShell\v1.0\powershell.exe"" -EncodedCommand VwByAGkAdABlAC0ATwB1AHQAcAB1AHQAIAAnAEUAMQA5ACcA 
CurrentDirectory: C:\Users\Emil Jinu\
User: DESKTOP-EJG8QJC\Emil Jinu
LogonGuid: {3a35410f-6604-6928-c9e6-200000000000}
LogonId: 0x20E6C9
TerminalSessionId: 1
IntegrityLevel: Medium
Hashes: MD5=2E5A8590CF6848968FC23DE3FA1E25F1,SHA256=9785001B0DCF755EDDB8AF294A373C0B87B2498660F724E76C4D53F9C217C7A3,IMPHASH=3D08F4848535206D772DE145804FF4B6
ParentProcessGuid: {3a35410f-93eb-6928-6715-000000000b00}
ParentProcessId: 6344
ParentImage: C:\Windows\System32\WindowsPowerShell\v1.0\powershell.exe
ParentCommandLine: ""C:\Windows\System32\WindowsPowerShell\v1.0\powershell.exe"" 
ParentUser: DESKTOP-EJG8QJC\Emil Jinu"
"11/27/2025 11:40:20 PM","1","Information","Process Create:
RuleName: -
UtcTime: 2025-11-27 18:10:20.344
ProcessGuid: {3a35410f-940c-6928-3516-000000000b00}
ProcessId: 10896
Image: C:\Windows\System32\certutil.exe
FileVersion: 10.0.19041.5794 (WinBuild.160101.0800)
Description: CertUtil.exe
Product: Microsoft? Windows? Operating System
Company: Microsoft Corporation
OriginalFileName: CertUtil.exe
CommandLine: ""C:\Windows\system32\certutil.exe"" -hashfile C:\Windows\win.ini SHA256 
CurrentDirectory: C:\Users\Emil Jinu\
User: DESKTOP-EJG8QJC\Emil Jinu
LogonGuid: {3a35410f-6604-6928-c9e6-200000000000}
LogonId: 0x20E6C9
TerminalSessionId: 1
IntegrityLevel: Medium
Hashes: MD5=E6384AD54B07F9783135586C71F82D1C,SHA256=FD1670B43E2D9188B12B233780BF043C5A90A67A2C6E3FCDC564A5C246531BC2,IMPHASH=5AFC8346D5AFF4A4862E8A7C91042465
ParentProcessGuid: {3a35410f-93eb-6928-6715-000000000b00}
ParentProcessId: 6344
ParentImage: C:\Windows\System32\WindowsPowerShell\v1.0\powershell.exe
ParentCommandLine: ""C:\Windows\System32\WindowsPowerShell\v1.0\powershell.exe"" 
ParentUser: DESKTOP-EJG8QJC\Emil Jinu"
"11/27/2025 11:40:20 PM","1","Information","Process Create:
RuleName: -
UtcTime: 2025-11-27 18:10:20.089
ProcessGuid: {3a35410f-940c-6928-3316-000000000b00}
ProcessId: 6652
Image: C:\Windows\System32\wbem\WMIC.exe
FileVersion: 10.0.19041.5794 (WinBuild.160101.0800)
Description: WMI Commandline Utility
Product: Microsoft? Windows? Operating System
Company: Microsoft Corporation
OriginalFileName: wmic.exe
CommandLine: ""C:\Windows\System32\Wbem\WMIC.exe"" process list brief 
CurrentDirectory: C:\Users\Emil Jinu\
User: DESKTOP-EJG8QJC\Emil Jinu
LogonGuid: {3a35410f-6604-6928-c9e6-200000000000}
LogonId: 0x20E6C9
TerminalSessionId: 1
IntegrityLevel: Medium
Hashes: MD5=EBE8CE528A79B5CC0782E8DFDA250600,SHA256=DA603FA720AB43AA6D4D36AA9FDB828DAB9645523EABAAC209AF6451D5B4D757,IMPHASH=527C7C66CDD13D72D793BCA3A417BCBE
ParentProcessGuid: {3a35410f-93eb-6928-6715-000000000b00}
ParentProcessId: 6344
ParentImage: C:\Windows\System32\WindowsPowerShell\v1.0\powershell.exe
ParentCommandLine: ""C:\Windows\System32\WindowsPowerShell\v1.0\powershell.exe"" 
ParentUser: DESKTOP-EJG8QJC\Emil Jinu"
"11/27/2025 11:40:20 PM","11","Information","File created:
RuleName: -
UtcTime: 2025-11-27 18:10:20.007
ProcessGuid: {3a35410f-940a-6928-2616-000000000b00}
ProcessId: 14552
Image: C:\Windows\System32\WindowsPowerShell\v1.0\powershell.exe
TargetFilename: C:\Users\Emil Jinu\AppData\Local\Temp\__PSScriptPolicyTest_x3wtigsp.5dt.ps1
CreationUtcTime: 2025-11-27 18:10:20.007
User: DESKTOP-EJG8QJC\Emil Jinu"
"11/27/2025 11:40:19 PM","1","Information","Process Create:
RuleName: -
UtcTime: 2025-11-27 18:10:19.857
ProcessGuid: {3a35410f-940b-6928-3116-000000000b00}
ProcessId: 13480
Image: C:\Windows\System32\WindowsPowerShell\v1.0\powershell.exe
FileVersion: 10.0.19041.3996 (WinBuild.160101.0800)
Description: Windows PowerShell
Product: Microsoft? Windows? Operating System
Company: Microsoft Corporation
OriginalFileName: PowerShell.EXE
CommandLine: ""C:\Windows\System32\WindowsPowerShell\v1.0\powershell.exe"" -NoProfile -ExecutionPolicy Bypass -Command Write-Output 'PS 19'; Start-Sleep -Seconds 1 
CurrentDirectory: C:\Users\Emil Jinu\
User: DESKTOP-EJG8QJC\Emil Jinu
LogonGuid: {3a35410f-6604-6928-c9e6-200000000000}
LogonId: 0x20E6C9
TerminalSessionId: 1
IntegrityLevel: Medium
Hashes: MD5=2E5A8590CF6848968FC23DE3FA1E25F1,SHA256=9785001B0DCF755EDDB8AF294A373C0B87B2498660F724E76C4D53F9C217C7A3,IMPHASH=3D08F4848535206D772DE145804FF4B6
ParentProcessGuid: {3a35410f-93eb-6928-6715-000000000b00}
ParentProcessId: 6344
ParentImage: C:\Windows\System32\WindowsPowerShell\v1.0\powershell.exe
ParentCommandLine: ""C:\Windows\System32\WindowsPowerShell\v1.0\powershell.exe"" 
ParentUser: DESKTOP-EJG8QJC\Emil Jinu"
"11/27/2025 11:40:19 PM","1","Information","Process Create:
RuleName: -
UtcTime: 2025-11-27 18:10:19.579
ProcessGuid: {3a35410f-940b-6928-2f16-000000000b00}
ProcessId: 12804
Image: C:\Windows\System32\cmd.exe
FileVersion: 10.0.19041.4355 (WinBuild.160101.0800)
Description: Windows Command Processor
Product: Microsoft? Windows? Operating System
Company: Microsoft Corporation
OriginalFileName: Cmd.Exe
CommandLine: ""C:\Windows\system32\cmd.exe"" /c echo proc 19 & timeout /t 1 >nul 
CurrentDirectory: C:\Users\Emil Jinu\
User: DESKTOP-EJG8QJC\Emil Jinu
LogonGuid: {3a35410f-6604-6928-c9e6-200000000000}
LogonId: 0x20E6C9
TerminalSessionId: 1
IntegrityLevel: Medium
Hashes: MD5=2B40C98ED0F7A1D3B091A3E8353132DC,SHA256=BADF4752413CB0CBDC03FB95820CA167F0CDC63B597CCDB5EF43111180E088B0,IMPHASH=272245E2988E1E430500B852C4FB5E18
ParentProcessGuid: {3a35410f-93eb-6928-6715-000000000b00}
ParentProcessId: 6344
ParentImage: C:\Windows\System32\WindowsPowerShell\v1.0\powershell.exe
ParentCommandLine: ""C:\Windows\System32\WindowsPowerShell\v1.0\powershell.exe"" 
ParentUser: DESKTOP-EJG8QJC\Emil Jinu"
"11/27/2025 11:40:19 PM","1","Information","Process Create:
RuleName: -
UtcTime: 2025-11-27 18:10:19.323
ProcessGuid: {3a35410f-940b-6928-2e16-000000000b00}
ProcessId: 15016
Image: C:\Windows\System32\timeout.exe
FileVersion: 10.0.19041.1 (WinBuild.160101.0800)
Description: timeout - pauses command processing
Product: Microsoft? Windows? Operating System
Company: Microsoft Corporation
OriginalFileName: timeout.exe
CommandLine: timeout  /t 1  
CurrentDirectory: C:\Users\Emil Jinu\
User: DESKTOP-EJG8QJC\Emil Jinu
LogonGuid: {3a35410f-6604-6928-c9e6-200000000000}
LogonId: 0x20E6C9
TerminalSessionId: 1
IntegrityLevel: Medium
Hashes: MD5=100065E21CFBBDE57CBA2838921F84D6,SHA256=C8C350FAB1130644536DB6A84F605791367308B995079AD494D46A8C617C21D6,IMPHASH=0C91A5CE0FB26F4C5CE39E340F43873B
ParentProcessGuid: {3a35410f-940a-6928-2416-000000000b00}
ParentProcessId: 9296
ParentImage: C:\Windows\System32\cmd.exe
ParentCommandLine: ""C:\Windows\system32\cmd.exe"" /c echo proc 18 & timeout /t 1 >nul 
ParentUser: DESKTOP-EJG8QJC\Emil Jinu"
"11/27/2025 11:40:19 PM","11","Information","File created:
RuleName: -
UtcTime: 2025-11-27 18:10:19.251
ProcessGuid: {3a35410f-9409-6928-2116-000000000b00}
ProcessId: 9304
Image: C:\Windows\System32\WindowsPowerShell\v1.0\powershell.exe
TargetFilename: C:\Users\Emil Jinu\AppData\Local\Temp\__PSScriptPolicyTest_i4f54rvh.hdp.ps1
CreationUtcTime: 2025-11-27 18:10:19.251
User: DESKTOP-EJG8QJC\Emil Jinu"
"11/27/2025 11:40:19 PM","1","Information","Process Create:
RuleName: -
UtcTime: 2025-11-27 18:10:19.209
ProcessGuid: {3a35410f-940b-6928-2c16-000000000b00}
ProcessId: 13168
Image: C:\Windows\System32\WindowsPowerShell\v1.0\powershell.exe
FileVersion: 10.0.19041.3996 (WinBuild.160101.0800)
Description: Windows PowerShell
Product: Microsoft? Windows? Operating System
Company: Microsoft Corporation
OriginalFileName: PowerShell.EXE
CommandLine: ""C:\Windows\System32\WindowsPowerShell\v1.0\powershell.exe"" -EncodedCommand VwByAGkAdABlAC0ATwB1AHQAcAB1AHQAIAAnAEUAMQA4ACcA 
CurrentDirectory: C:\Users\Emil Jinu\
User: DESKTOP-EJG8QJC\Emil Jinu
LogonGuid: {3a35410f-6604-6928-c9e6-200000000000}
LogonId: 0x20E6C9
TerminalSessionId: 1
IntegrityLevel: Medium
Hashes: MD5=2E5A8590CF6848968FC23DE3FA1E25F1,SHA256=9785001B0DCF755EDDB8AF294A373C0B87B2498660F724E76C4D53F9C217C7A3,IMPHASH=3D08F4848535206D772DE145804FF4B6
ParentProcessGuid: {3a35410f-93eb-6928-6715-000000000b00}
ParentProcessId: 6344
ParentImage: C:\Windows\System32\WindowsPowerShell\v1.0\powershell.exe
ParentCommandLine: ""C:\Windows\System32\WindowsPowerShell\v1.0\powershell.exe"" 
ParentUser: DESKTOP-EJG8QJC\Emil Jinu"
"11/27/2025 11:40:18 PM","1","Information","Process Create:
RuleName: -
UtcTime: 2025-11-27 18:10:18.940
ProcessGuid: {3a35410f-940a-6928-2a16-000000000b00}
ProcessId: 1784
Image: C:\Windows\System32\certutil.exe
FileVersion: 10.0.19041.5794 (WinBuild.160101.0800)
Description: CertUtil.exe
Product: Microsoft? Windows? Operating System
Company: Microsoft Corporation
OriginalFileName: CertUtil.exe
CommandLine: ""C:\Windows\system32\certutil.exe"" -hashfile C:\Windows\win.ini SHA256 
CurrentDirectory: C:\Users\Emil Jinu\
User: DESKTOP-EJG8QJC\Emil Jinu
LogonGuid: {3a35410f-6604-6928-c9e6-200000000000}
LogonId: 0x20E6C9
TerminalSessionId: 1
IntegrityLevel: Medium
Hashes: MD5=E6384AD54B07F9783135586C71F82D1C,SHA256=FD1670B43E2D9188B12B233780BF043C5A90A67A2C6E3FCDC564A5C246531BC2,IMPHASH=5AFC8346D5AFF4A4862E8A7C91042465
ParentProcessGuid: {3a35410f-93eb-6928-6715-000000000b00}
ParentProcessId: 6344
ParentImage: C:\Windows\System32\WindowsPowerShell\v1.0\powershell.exe
ParentCommandLine: ""C:\Windows\System32\WindowsPowerShell\v1.0\powershell.exe"" 
ParentUser: DESKTOP-EJG8QJC\Emil Jinu"
"11/27/2025 11:40:18 PM","1","Information","Process Create:
RuleName: -
UtcTime: 2025-11-27 18:10:18.712
ProcessGuid: {3a35410f-940a-6928-2816-000000000b00}
ProcessId: 11316
Image: C:\Windows\System32\wbem\WMIC.exe
FileVersion: 10.0.19041.5794 (WinBuild.160101.0800)
Description: WMI Commandline Utility
Product: Microsoft? Windows? Operating System
Company: Microsoft Corporation
OriginalFileName: wmic.exe
CommandLine: ""C:\Windows\System32\Wbem\WMIC.exe"" process list brief 
CurrentDirectory: C:\Users\Emil Jinu\
User: DESKTOP-EJG8QJC\Emil Jinu
LogonGuid: {3a35410f-6604-6928-c9e6-200000000000}
LogonId: 0x20E6C9
TerminalSessionId: 1
IntegrityLevel: Medium
Hashes: MD5=EBE8CE528A79B5CC0782E8DFDA250600,SHA256=DA603FA720AB43AA6D4D36AA9FDB828DAB9645523EABAAC209AF6451D5B4D757,IMPHASH=527C7C66CDD13D72D793BCA3A417BCBE
ParentProcessGuid: {3a35410f-93eb-6928-6715-000000000b00}
ParentProcessId: 6344
ParentImage: C:\Windows\System32\WindowsPowerShell\v1.0\powershell.exe
ParentCommandLine: ""C:\Windows\System32\WindowsPowerShell\v1.0\powershell.exe"" 
ParentUser: DESKTOP-EJG8QJC\Emil Jinu"
"11/27/2025 11:40:18 PM","1","Information","Process Create:
RuleName: -
UtcTime: 2025-11-27 18:10:18.416
ProcessGuid: {3a35410f-940a-6928-2616-000000000b00}
ProcessId: 14552
Image: C:\Windows\System32\WindowsPowerShell\v1.0\powershell.exe
FileVersion: 10.0.19041.3996 (WinBuild.160101.0800)
Description: Windows PowerShell
Product: Microsoft? Windows? Operating System
Company: Microsoft Corporation
OriginalFileName: PowerShell.EXE
CommandLine: ""C:\Windows\System32\WindowsPowerShell\v1.0\powershell.exe"" -NoProfile -ExecutionPolicy Bypass -Command Write-Output 'PS 18'; Start-Sleep -Seconds 1 
CurrentDirectory: C:\Users\Emil Jinu\
User: DESKTOP-EJG8QJC\Emil Jinu
LogonGuid: {3a35410f-6604-6928-c9e6-200000000000}
LogonId: 0x20E6C9
TerminalSessionId: 1
IntegrityLevel: Medium
Hashes: MD5=2E5A8590CF6848968FC23DE3FA1E25F1,SHA256=9785001B0DCF755EDDB8AF294A373C0B87B2498660F724E76C4D53F9C217C7A3,IMPHASH=3D08F4848535206D772DE145804FF4B6
ParentProcessGuid: {3a35410f-93eb-6928-6715-000000000b00}
ParentProcessId: 6344
ParentImage: C:\Windows\System32\WindowsPowerShell\v1.0\powershell.exe
ParentCommandLine: ""C:\Windows\System32\WindowsPowerShell\v1.0\powershell.exe"" 
ParentUser: DESKTOP-EJG8QJC\Emil Jinu"
"11/27/2025 11:40:18 PM","11","Information","File created:
RuleName: -
UtcTime: 2025-11-27 18:10:18.221
ProcessGuid: {3a35410f-9408-6928-1a16-000000000b00}
ProcessId: 13288
Image: C:\Windows\System32\WindowsPowerShell\v1.0\powershell.exe
TargetFilename: C:\Users\Emil Jinu\AppData\Local\Temp\__PSScriptPolicyTest_yzr4khrb.2mj.ps1
CreationUtcTime: 2025-11-27 18:10:18.221
User: DESKTOP-EJG8QJC\Emil Jinu"
"11/27/2025 11:40:18 PM","11","Information","File created:
RuleName: -
UtcTime: 2025-11-27 18:10:18.221
ProcessGuid: {3a35410f-9407-6928-1616-000000000b00}
ProcessId: 17292
Image: C:\Windows\System32\WindowsPowerShell\v1.0\powershell.exe
TargetFilename: C:\Users\Emil Jinu\AppData\Local\Temp\__PSScriptPolicyTest_xlapecsd.w1q.ps1
CreationUtcTime: 2025-11-27 18:10:18.221
User: DESKTOP-EJG8QJC\Emil Jinu"
"11/27/2025 11:40:18 PM","1","Information","Process Create:
RuleName: -
UtcTime: 2025-11-27 18:10:18.057
ProcessGuid: {3a35410f-940a-6928-2416-000000000b00}
ProcessId: 9296
Image: C:\Windows\System32\cmd.exe
FileVersion: 10.0.19041.4355 (WinBuild.160101.0800)
Description: Windows Command Processor
Product: Microsoft? Windows? Operating System
Company: Microsoft Corporation
OriginalFileName: Cmd.Exe
CommandLine: ""C:\Windows\system32\cmd.exe"" /c echo proc 18 & timeout /t 1 >nul 
CurrentDirectory: C:\Users\Emil Jinu\
User: DESKTOP-EJG8QJC\Emil Jinu
LogonGuid: {3a35410f-6604-6928-c9e6-200000000000}
LogonId: 0x20E6C9
TerminalSessionId: 1
IntegrityLevel: Medium
Hashes: MD5=2B40C98ED0F7A1D3B091A3E8353132DC,SHA256=BADF4752413CB0CBDC03FB95820CA167F0CDC63B597CCDB5EF43111180E088B0,IMPHASH=272245E2988E1E430500B852C4FB5E18
ParentProcessGuid: {3a35410f-93eb-6928-6715-000000000b00}
ParentProcessId: 6344
ParentImage: C:\Windows\System32\WindowsPowerShell\v1.0\powershell.exe
ParentCommandLine: ""C:\Windows\System32\WindowsPowerShell\v1.0\powershell.exe"" 
ParentUser: DESKTOP-EJG8QJC\Emil Jinu"
"11/27/2025 11:40:17 PM","1","Information","Process Create:
RuleName: -
UtcTime: 2025-11-27 18:10:17.708
ProcessGuid: {3a35410f-9409-6928-2316-000000000b00}
ProcessId: 17332
Image: C:\Windows\System32\timeout.exe
FileVersion: 10.0.19041.1 (WinBuild.160101.0800)
Description: timeout - pauses command processing
Product: Microsoft? Windows? Operating System
Company: Microsoft Corporation
OriginalFileName: timeout.exe
CommandLine: timeout  /t 1  
CurrentDirectory: C:\Users\Emil Jinu\
User: DESKTOP-EJG8QJC\Emil Jinu
LogonGuid: {3a35410f-6604-6928-c9e6-200000000000}
LogonId: 0x20E6C9
TerminalSessionId: 1
IntegrityLevel: Medium
Hashes: MD5=100065E21CFBBDE57CBA2838921F84D6,SHA256=C8C350FAB1130644536DB6A84F605791367308B995079AD494D46A8C617C21D6,IMPHASH=0C91A5CE0FB26F4C5CE39E340F43873B
ParentProcessGuid: {3a35410f-9408-6928-1816-000000000b00}
ParentProcessId: 5608
ParentImage: C:\Windows\System32\cmd.exe
ParentCommandLine: ""C:\Windows\system32\cmd.exe"" /c echo proc 17 & timeout /t 1 >nul 
ParentUser: DESKTOP-EJG8QJC\Emil Jinu"
"11/27/2025 11:40:17 PM","1","Information","Process Create:
RuleName: -
UtcTime: 2025-11-27 18:10:17.336
ProcessGuid: {3a35410f-9409-6928-2116-000000000b00}
ProcessId: 9304
Image: C:\Windows\System32\WindowsPowerShell\v1.0\powershell.exe
FileVersion: 10.0.19041.3996 (WinBuild.160101.0800)
Description: Windows PowerShell
Product: Microsoft? Windows? Operating System
Company: Microsoft Corporation
OriginalFileName: PowerShell.EXE
CommandLine: ""C:\Windows\System32\WindowsPowerShell\v1.0\powershell.exe"" -EncodedCommand VwByAGkAdABlAC0ATwB1AHQAcAB1AHQAIAAnAEUAMQA3ACcA 
CurrentDirectory: C:\Users\Emil Jinu\
User: DESKTOP-EJG8QJC\Emil Jinu
LogonGuid: {3a35410f-6604-6928-c9e6-200000000000}
LogonId: 0x20E6C9
TerminalSessionId: 1
IntegrityLevel: Medium
Hashes: MD5=2E5A8590CF6848968FC23DE3FA1E25F1,SHA256=9785001B0DCF755EDDB8AF294A373C0B87B2498660F724E76C4D53F9C217C7A3,IMPHASH=3D08F4848535206D772DE145804FF4B6
ParentProcessGuid: {3a35410f-93eb-6928-6715-000000000b00}
ParentProcessId: 6344
ParentImage: C:\Windows\System32\WindowsPowerShell\v1.0\powershell.exe
ParentCommandLine: ""C:\Windows\System32\WindowsPowerShell\v1.0\powershell.exe"" 
ParentUser: DESKTOP-EJG8QJC\Emil Jinu"
"11/27/2025 11:40:17 PM","1","Information","Process Create:
RuleName: -
UtcTime: 2025-11-27 18:10:17.297
ProcessGuid: {3a35410f-9409-6928-1f16-000000000b00}
ProcessId: 11348
Image: C:\Windows\System32\certutil.exe
FileVersion: 10.0.19041.5794 (WinBuild.160101.0800)
Description: CertUtil.exe
Product: Microsoft? Windows? Operating System
Company: Microsoft Corporation
OriginalFileName: CertUtil.exe
CommandLine: ""C:\Windows\system32\certutil.exe"" -hashfile C:\Windows\win.ini SHA256 
CurrentDirectory: C:\Users\Emil Jinu\
User: DESKTOP-EJG8QJC\Emil Jinu
LogonGuid: {3a35410f-6604-6928-c9e6-200000000000}
LogonId: 0x20E6C9
TerminalSessionId: 1
IntegrityLevel: Medium
Hashes: MD5=E6384AD54B07F9783135586C71F82D1C,SHA256=FD1670B43E2D9188B12B233780BF043C5A90A67A2C6E3FCDC564A5C246531BC2,IMPHASH=5AFC8346D5AFF4A4862E8A7C91042465
ParentProcessGuid: {3a35410f-93eb-6928-6715-000000000b00}
ParentProcessId: 6344
ParentImage: C:\Windows\System32\WindowsPowerShell\v1.0\powershell.exe
ParentCommandLine: ""C:\Windows\System32\WindowsPowerShell\v1.0\powershell.exe"" 
ParentUser: DESKTOP-EJG8QJC\Emil Jinu"
"11/27/2025 11:40:17 PM","11","Information","File created:
RuleName: -
UtcTime: 2025-11-27 18:10:17.208
ProcessGuid: {3a35410f-9406-6928-0d16-000000000b00}
ProcessId: 17360
Image: C:\Windows\System32\WindowsPowerShell\v1.0\powershell.exe
TargetFilename: C:\Users\Emil Jinu\AppData\Local\Temp\__PSScriptPolicyTest_2rrstrpc.f4b.ps1
CreationUtcTime: 2025-11-27 18:10:17.208
User: DESKTOP-EJG8QJC\Emil Jinu"
"11/27/2025 11:40:16 PM","1","Information","Process Create:
RuleName: -
UtcTime: 2025-11-27 18:10:16.563
ProcessGuid: {3a35410f-9408-6928-1c16-000000000b00}
ProcessId: 15224
Image: C:\Windows\System32\timeout.exe
FileVersion: 10.0.19041.1 (WinBuild.160101.0800)
Description: timeout - pauses command processing
Product: Microsoft? Windows? Operating System
Company: Microsoft Corporation
OriginalFileName: timeout.exe
CommandLine: timeout  /t 1  
CurrentDirectory: C:\Users\Emil Jinu\
User: DESKTOP-EJG8QJC\Emil Jinu
LogonGuid: {3a35410f-6604-6928-c9e6-200000000000}
LogonId: 0x20E6C9
TerminalSessionId: 1
IntegrityLevel: Medium
Hashes: MD5=100065E21CFBBDE57CBA2838921F84D6,SHA256=C8C350FAB1130644536DB6A84F605791367308B995079AD494D46A8C617C21D6,IMPHASH=0C91A5CE0FB26F4C5CE39E340F43873B
ParentProcessGuid: {3a35410f-9406-6928-0c16-000000000b00}
ParentProcessId: 15508
ParentImage: C:\Windows\System32\cmd.exe
ParentCommandLine: ""C:\Windows\system32\cmd.exe"" /c echo proc 16 & timeout /t 1 >nul 
ParentUser: DESKTOP-EJG8QJC\Emil Jinu"
"11/27/2025 11:40:16 PM","1","Information","Process Create:
RuleName: -
UtcTime: 2025-11-27 18:10:16.565
ProcessGuid: {3a35410f-9408-6928-1d16-000000000b00}
ProcessId: 4192
Image: C:\Windows\System32\wbem\WMIC.exe
FileVersion: 10.0.19041.5794 (WinBuild.160101.0800)
Description: WMI Commandline Utility
Product: Microsoft? Windows? Operating System
Company: Microsoft Corporation
OriginalFileName: wmic.exe
CommandLine: ""C:\Windows\System32\Wbem\WMIC.exe"" process list brief 
CurrentDirectory: C:\Users\Emil Jinu\
User: DESKTOP-EJG8QJC\Emil Jinu
LogonGuid: {3a35410f-6604-6928-c9e6-200000000000}
LogonId: 0x20E6C9
TerminalSessionId: 1
IntegrityLevel: Medium
Hashes: MD5=EBE8CE528A79B5CC0782E8DFDA250600,SHA256=DA603FA720AB43AA6D4D36AA9FDB828DAB9645523EABAAC209AF6451D5B4D757,IMPHASH=527C7C66CDD13D72D793BCA3A417BCBE
ParentProcessGuid: {3a35410f-93eb-6928-6715-000000000b00}
ParentProcessId: 6344
ParentImage: C:\Windows\System32\WindowsPowerShell\v1.0\powershell.exe
ParentCommandLine: ""C:\Windows\System32\WindowsPowerShell\v1.0\powershell.exe"" 
ParentUser: DESKTOP-EJG8QJC\Emil Jinu"
"11/27/2025 11:40:16 PM","11","Information","File created:
RuleName: -
UtcTime: 2025-11-27 18:10:16.235
ProcessGuid: {3a35410f-9405-6928-0a16-000000000b00}
ProcessId: 18316
Image: C:\Windows\System32\WindowsPowerShell\v1.0\powershell.exe
TargetFilename: C:\Users\Emil Jinu\AppData\Local\Temp\__PSScriptPolicyTest_iltpqrkn.5es.ps1
CreationUtcTime: 2025-11-27 18:10:16.235
User: DESKTOP-EJG8QJC\Emil Jinu"
"11/27/2025 11:40:16 PM","1","Information","Process Create:
RuleName: -
UtcTime: 2025-11-27 18:10:16.112
ProcessGuid: {3a35410f-9408-6928-1a16-000000000b00}
ProcessId: 13288
Image: C:\Windows\System32\WindowsPowerShell\v1.0\powershell.exe
FileVersion: 10.0.19041.3996 (WinBuild.160101.0800)
Description: Windows PowerShell
Product: Microsoft? Windows? Operating System
Company: Microsoft Corporation
OriginalFileName: PowerShell.EXE
CommandLine: ""C:\Windows\System32\WindowsPowerShell\v1.0\powershell.exe"" -NoProfile -ExecutionPolicy Bypass -Command Write-Output 'PS 17'; Start-Sleep -Seconds 1 
CurrentDirectory: C:\Users\Emil Jinu\
User: DESKTOP-EJG8QJC\Emil Jinu
LogonGuid: {3a35410f-6604-6928-c9e6-200000000000}
LogonId: 0x20E6C9
TerminalSessionId: 1
IntegrityLevel: Medium
Hashes: MD5=2E5A8590CF6848968FC23DE3FA1E25F1,SHA256=9785001B0DCF755EDDB8AF294A373C0B87B2498660F724E76C4D53F9C217C7A3,IMPHASH=3D08F4848535206D772DE145804FF4B6
ParentProcessGuid: {3a35410f-93eb-6928-6715-000000000b00}
ParentProcessId: 6344
ParentImage: C:\Windows\System32\WindowsPowerShell\v1.0\powershell.exe
ParentCommandLine: ""C:\Windows\System32\WindowsPowerShell\v1.0\powershell.exe"" 
ParentUser: DESKTOP-EJG8QJC\Emil Jinu"
"11/27/2025 11:40:16 PM","1","Information","Process Create:
RuleName: -
UtcTime: 2025-11-27 18:10:16.052
ProcessGuid: {3a35410f-9408-6928-1816-000000000b00}
ProcessId: 5608
Image: C:\Windows\System32\cmd.exe
FileVersion: 10.0.19041.4355 (WinBuild.160101.0800)
Description: Windows Command Processor
Product: Microsoft? Windows? Operating System
Company: Microsoft Corporation
OriginalFileName: Cmd.Exe
CommandLine: ""C:\Windows\system32\cmd.exe"" /c echo proc 17 & timeout /t 1 >nul 
CurrentDirectory: C:\Users\Emil Jinu\
User: DESKTOP-EJG8QJC\Emil Jinu
LogonGuid: {3a35410f-6604-6928-c9e6-200000000000}
LogonId: 0x20E6C9
TerminalSessionId: 1
IntegrityLevel: Medium
Hashes: MD5=2B40C98ED0F7A1D3B091A3E8353132DC,SHA256=BADF4752413CB0CBDC03FB95820CA167F0CDC63B597CCDB5EF43111180E088B0,IMPHASH=272245E2988E1E430500B852C4FB5E18
ParentProcessGuid: {3a35410f-93eb-6928-6715-000000000b00}
ParentProcessId: 6344
ParentImage: C:\Windows\System32\WindowsPowerShell\v1.0\powershell.exe
ParentCommandLine: ""C:\Windows\System32\WindowsPowerShell\v1.0\powershell.exe"" 
ParentUser: DESKTOP-EJG8QJC\Emil Jinu"
"11/27/2025 11:40:15 PM","11","Information","File created:
RuleName: -
UtcTime: 2025-11-27 18:10:15.729
ProcessGuid: {3a35410f-9405-6928-0416-000000000b00}
ProcessId: 3240
Image: C:\Windows\System32\WindowsPowerShell\v1.0\powershell.exe
TargetFilename: C:\Users\Emil Jinu\AppData\Local\Temp\__PSScriptPolicyTest_jqc02tt3.saj.ps1
CreationUtcTime: 2025-11-27 18:10:15.729
User: DESKTOP-EJG8QJC\Emil Jinu"
"11/27/2025 11:40:15 PM","1","Information","Process Create:
RuleName: -
UtcTime: 2025-11-27 18:10:15.656
ProcessGuid: {3a35410f-9407-6928-1616-000000000b00}
ProcessId: 17292
Image: C:\Windows\System32\WindowsPowerShell\v1.0\powershell.exe
FileVersion: 10.0.19041.3996 (WinBuild.160101.0800)
Description: Windows PowerShell
Product: Microsoft? Windows? Operating System
Company: Microsoft Corporation
OriginalFileName: PowerShell.EXE
CommandLine: ""C:\Windows\System32\WindowsPowerShell\v1.0\powershell.exe"" -EncodedCommand VwByAGkAdABlAC0ATwB1AHQAcAB1AHQAIAAnAEUAMQA2ACcA 
CurrentDirectory: C:\Users\Emil Jinu\
User: DESKTOP-EJG8QJC\Emil Jinu
LogonGuid: {3a35410f-6604-6928-c9e6-200000000000}
LogonId: 0x20E6C9
TerminalSessionId: 1
IntegrityLevel: Medium
Hashes: MD5=2E5A8590CF6848968FC23DE3FA1E25F1,SHA256=9785001B0DCF755EDDB8AF294A373C0B87B2498660F724E76C4D53F9C217C7A3,IMPHASH=3D08F4848535206D772DE145804FF4B6
ParentProcessGuid: {3a35410f-93eb-6928-6715-000000000b00}
ParentProcessId: 6344
ParentImage: C:\Windows\System32\WindowsPowerShell\v1.0\powershell.exe
ParentCommandLine: ""C:\Windows\System32\WindowsPowerShell\v1.0\powershell.exe"" 
ParentUser: DESKTOP-EJG8QJC\Emil Jinu"
"11/27/2025 11:40:15 PM","1","Information","Process Create:
RuleName: -
UtcTime: 2025-11-27 18:10:15.457
ProcessGuid: {3a35410f-9407-6928-1316-000000000b00}
ProcessId: 16340
Image: C:\Windows\System32\timeout.exe
FileVersion: 10.0.19041.1 (WinBuild.160101.0800)
Description: timeout - pauses command processing
Product: Microsoft? Windows? Operating System
Company: Microsoft Corporation
OriginalFileName: timeout.exe
CommandLine: timeout  /t 1  
CurrentDirectory: C:\Users\Emil Jinu\
User: DESKTOP-EJG8QJC\Emil Jinu
LogonGuid: {3a35410f-6604-6928-c9e6-200000000000}
LogonId: 0x20E6C9
TerminalSessionId: 1
IntegrityLevel: Medium
Hashes: MD5=100065E21CFBBDE57CBA2838921F84D6,SHA256=C8C350FAB1130644536DB6A84F605791367308B995079AD494D46A8C617C21D6,IMPHASH=0C91A5CE0FB26F4C5CE39E340F43873B
ParentProcessGuid: {3a35410f-9405-6928-0216-000000000b00}
ParentProcessId: 11224
ParentImage: C:\Windows\System32\cmd.exe
ParentCommandLine: ""C:\Windows\system32\cmd.exe"" /c echo proc 15 & timeout /t 1 >nul 
ParentUser: DESKTOP-EJG8QJC\Emil Jinu"
"11/27/2025 11:40:15 PM","1","Information","Process Create:
RuleName: -
UtcTime: 2025-11-27 18:10:15.313
ProcessGuid: {3a35410f-9407-6928-1216-000000000b00}
ProcessId: 6360
Image: C:\Windows\System32\certutil.exe
FileVersion: 10.0.19041.5794 (WinBuild.160101.0800)
Description: CertUtil.exe
Product: Microsoft? Windows? Operating System
Company: Microsoft Corporation
OriginalFileName: CertUtil.exe
CommandLine: ""C:\Windows\system32\certutil.exe"" -hashfile C:\Windows\win.ini SHA256 
CurrentDirectory: C:\Users\Emil Jinu\
User: DESKTOP-EJG8QJC\Emil Jinu
LogonGuid: {3a35410f-6604-6928-c9e6-200000000000}
LogonId: 0x20E6C9
TerminalSessionId: 1
IntegrityLevel: Medium
Hashes: MD5=E6384AD54B07F9783135586C71F82D1C,SHA256=FD1670B43E2D9188B12B233780BF043C5A90A67A2C6E3FCDC564A5C246531BC2,IMPHASH=5AFC8346D5AFF4A4862E8A7C91042465
ParentProcessGuid: {3a35410f-93eb-6928-6715-000000000b00}
ParentProcessId: 6344
ParentImage: C:\Windows\System32\WindowsPowerShell\v1.0\powershell.exe
ParentCommandLine: ""C:\Windows\System32\WindowsPowerShell\v1.0\powershell.exe"" 
ParentUser: DESKTOP-EJG8QJC\Emil Jinu"
"11/27/2025 11:40:15 PM","1","Information","Process Create:
RuleName: -
UtcTime: 2025-11-27 18:10:15.110
ProcessGuid: {3a35410f-9407-6928-1016-000000000b00}
ProcessId: 7048
Image: C:\Windows\System32\timeout.exe
FileVersion: 10.0.19041.1 (WinBuild.160101.0800)
Description: timeout - pauses command processing
Product: Microsoft? Windows? Operating System
Company: Microsoft Corporation
OriginalFileName: timeout.exe
CommandLine: timeout  /t 1  
CurrentDirectory: C:\Users\Emil Jinu\
User: DESKTOP-EJG8QJC\Emil Jinu
LogonGuid: {3a35410f-6604-6928-c9e6-200000000000}
LogonId: 0x20E6C9
TerminalSessionId: 1
IntegrityLevel: Medium
Hashes: MD5=100065E21CFBBDE57CBA2838921F84D6,SHA256=C8C350FAB1130644536DB6A84F605791367308B995079AD494D46A8C617C21D6,IMPHASH=0C91A5CE0FB26F4C5CE39E340F43873B
ParentProcessGuid: {3a35410f-9403-6928-f415-000000000b00}
ParentProcessId: 14868
ParentImage: C:\Windows\System32\cmd.exe
ParentCommandLine: ""C:\Windows\system32\cmd.exe"" /c echo proc 14 & timeout /t 1 >nul 
ParentUser: DESKTOP-EJG8QJC\Emil Jinu"
"11/27/2025 11:40:15 PM","1","Information","Process Create:
RuleName: -
UtcTime: 2025-11-27 18:10:15.112
ProcessGuid: {3a35410f-9407-6928-1116-000000000b00}
ProcessId: 6888
Image: C:\Windows\System32\wbem\WMIC.exe
FileVersion: 10.0.19041.5794 (WinBuild.160101.0800)
Description: WMI Commandline Utility
Product: Microsoft? Windows? Operating System
Company: Microsoft Corporation
OriginalFileName: wmic.exe
CommandLine: ""C:\Windows\System32\Wbem\WMIC.exe"" process list brief 
CurrentDirectory: C:\Users\Emil Jinu\
User: DESKTOP-EJG8QJC\Emil Jinu
LogonGuid: {3a35410f-6604-6928-c9e6-200000000000}
LogonId: 0x20E6C9
TerminalSessionId: 1
IntegrityLevel: Medium
Hashes: MD5=EBE8CE528A79B5CC0782E8DFDA250600,SHA256=DA603FA720AB43AA6D4D36AA9FDB828DAB9645523EABAAC209AF6451D5B4D757,IMPHASH=527C7C66CDD13D72D793BCA3A417BCBE
ParentProcessGuid: {3a35410f-93eb-6928-6715-000000000b00}
ParentProcessId: 6344
ParentImage: C:\Windows\System32\WindowsPowerShell\v1.0\powershell.exe
ParentCommandLine: ""C:\Windows\System32\WindowsPowerShell\v1.0\powershell.exe"" 
ParentUser: DESKTOP-EJG8QJC\Emil Jinu"
"11/27/2025 11:40:15 PM","11","Information","File created:
RuleName: -
UtcTime: 2025-11-27 18:10:14.977
ProcessGuid: {3a35410f-9403-6928-f615-000000000b00}
ProcessId: 10836
Image: C:\Windows\System32\WindowsPowerShell\v1.0\powershell.exe
TargetFilename: C:\Users\Emil Jinu\AppData\Local\Temp\__PSScriptPolicyTest_msppymia.fka.ps1
CreationUtcTime: 2025-11-27 18:10:14.977
User: DESKTOP-EJG8QJC\Emil Jinu"
"11/27/2025 11:40:14 PM","11","Information","File created:
RuleName: -
UtcTime: 2025-11-27 18:10:14.929
ProcessGuid: {3a35410f-9404-6928-fe15-000000000b00}
ProcessId: 7312
Image: C:\Windows\System32\WindowsPowerShell\v1.0\powershell.exe
TargetFilename: C:\Users\Emil Jinu\AppData\Local\Temp\__PSScriptPolicyTest_g2uvodld.jz5.ps1
CreationUtcTime: 2025-11-27 18:10:14.929
User: DESKTOP-EJG8QJC\Emil Jinu"
"11/27/2025 11:40:14 PM","1","Information","Process Create:
RuleName: -
UtcTime: 2025-11-27 18:10:14.841
ProcessGuid: {3a35410f-9406-6928-0d16-000000000b00}
ProcessId: 17360
Image: C:\Windows\System32\WindowsPowerShell\v1.0\powershell.exe
FileVersion: 10.0.19041.3996 (WinBuild.160101.0800)
Description: Windows PowerShell
Product: Microsoft? Windows? Operating System
Company: Microsoft Corporation
OriginalFileName: PowerShell.EXE
CommandLine: ""C:\Windows\System32\WindowsPowerShell\v1.0\powershell.exe"" -NoProfile -ExecutionPolicy Bypass -Command Write-Output 'PS 16'; Start-Sleep -Seconds 1 
CurrentDirectory: C:\Users\Emil Jinu\
User: DESKTOP-EJG8QJC\Emil Jinu
LogonGuid: {3a35410f-6604-6928-c9e6-200000000000}
LogonId: 0x20E6C9
TerminalSessionId: 1
IntegrityLevel: Medium
Hashes: MD5=2E5A8590CF6848968FC23DE3FA1E25F1,SHA256=9785001B0DCF755EDDB8AF294A373C0B87B2498660F724E76C4D53F9C217C7A3,IMPHASH=3D08F4848535206D772DE145804FF4B6
ParentProcessGuid: {3a35410f-93eb-6928-6715-000000000b00}
ParentProcessId: 6344
ParentImage: C:\Windows\System32\WindowsPowerShell\v1.0\powershell.exe
ParentCommandLine: ""C:\Windows\System32\WindowsPowerShell\v1.0\powershell.exe"" 
ParentUser: DESKTOP-EJG8QJC\Emil Jinu"
"11/27/2025 11:40:14 PM","1","Information","Process Create:
RuleName: -
UtcTime: 2025-11-27 18:10:14.449
ProcessGuid: {3a35410f-9406-6928-0c16-000000000b00}
ProcessId: 15508
Image: C:\Windows\System32\cmd.exe
FileVersion: 10.0.19041.4355 (WinBuild.160101.0800)
Description: Windows Command Processor
Product: Microsoft? Windows? Operating System
Company: Microsoft Corporation
OriginalFileName: Cmd.Exe
CommandLine: ""C:\Windows\system32\cmd.exe"" /c echo proc 16 & timeout /t 1 >nul 
CurrentDirectory: C:\Users\Emil Jinu\
User: DESKTOP-EJG8QJC\Emil Jinu
LogonGuid: {3a35410f-6604-6928-c9e6-200000000000}
LogonId: 0x20E6C9
TerminalSessionId: 1
IntegrityLevel: Medium
Hashes: MD5=2B40C98ED0F7A1D3B091A3E8353132DC,SHA256=BADF4752413CB0CBDC03FB95820CA167F0CDC63B597CCDB5EF43111180E088B0,IMPHASH=272245E2988E1E430500B852C4FB5E18
ParentProcessGuid: {3a35410f-93eb-6928-6715-000000000b00}
ParentProcessId: 6344
ParentImage: C:\Windows\System32\WindowsPowerShell\v1.0\powershell.exe
ParentCommandLine: ""C:\Windows\System32\WindowsPowerShell\v1.0\powershell.exe"" 
ParentUser: DESKTOP-EJG8QJC\Emil Jinu"
"11/27/2025 11:40:14 PM","1","Information","Process Create:
RuleName: -
UtcTime: 2025-11-27 18:10:13.976
ProcessGuid: {3a35410f-9405-6928-0a16-000000000b00}
ProcessId: 18316
Image: C:\Windows\System32\WindowsPowerShell\v1.0\powershell.exe
FileVersion: 10.0.19041.3996 (WinBuild.160101.0800)
Description: Windows PowerShell
Product: Microsoft? Windows? Operating System
Company: Microsoft Corporation
OriginalFileName: PowerShell.EXE
CommandLine: ""C:\Windows\System32\WindowsPowerShell\v1.0\powershell.exe"" -EncodedCommand VwByAGkAdABlAC0ATwB1AHQAcAB1AHQAIAAnAEUAMQA1ACcA 
CurrentDirectory: C:\Users\Emil Jinu\
User: DESKTOP-EJG8QJC\Emil Jinu
LogonGuid: {3a35410f-6604-6928-c9e6-200000000000}
LogonId: 0x20E6C9
TerminalSessionId: 1
IntegrityLevel: Medium
Hashes: MD5=2E5A8590CF6848968FC23DE3FA1E25F1,SHA256=9785001B0DCF755EDDB8AF294A373C0B87B2498660F724E76C4D53F9C217C7A3,IMPHASH=3D08F4848535206D772DE145804FF4B6
ParentProcessGuid: {3a35410f-93eb-6928-6715-000000000b00}
ParentProcessId: 6344
ParentImage: C:\Windows\System32\WindowsPowerShell\v1.0\powershell.exe
ParentCommandLine: ""C:\Windows\System32\WindowsPowerShell\v1.0\powershell.exe"" 
ParentUser: DESKTOP-EJG8QJC\Emil Jinu"
"11/27/2025 11:40:13 PM","1","Information","Process Create:
RuleName: -
UtcTime: 2025-11-27 18:10:13.850
ProcessGuid: {3a35410f-9405-6928-0816-000000000b00}
ProcessId: 5684
Image: C:\Windows\System32\certutil.exe
FileVersion: 10.0.19041.5794 (WinBuild.160101.0800)
Description: CertUtil.exe
Product: Microsoft? Windows? Operating System
Company: Microsoft Corporation
OriginalFileName: CertUtil.exe
CommandLine: ""C:\Windows\system32\certutil.exe"" -hashfile C:\Windows\win.ini SHA256 
CurrentDirectory: C:\Users\Emil Jinu\
User: DESKTOP-EJG8QJC\Emil Jinu
LogonGuid: {3a35410f-6604-6928-c9e6-200000000000}
LogonId: 0x20E6C9
TerminalSessionId: 1
IntegrityLevel: Medium
Hashes: MD5=E6384AD54B07F9783135586C71F82D1C,SHA256=FD1670B43E2D9188B12B233780BF043C5A90A67A2C6E3FCDC564A5C246531BC2,IMPHASH=5AFC8346D5AFF4A4862E8A7C91042465
ParentProcessGuid: {3a35410f-93eb-6928-6715-000000000b00}
ParentProcessId: 6344
ParentImage: C:\Windows\System32\WindowsPowerShell\v1.0\powershell.exe
ParentCommandLine: ""C:\Windows\System32\WindowsPowerShell\v1.0\powershell.exe"" 
ParentUser: DESKTOP-EJG8QJC\Emil Jinu"
"11/27/2025 11:40:13 PM","11","Information","File created:
RuleName: -
UtcTime: 2025-11-27 18:10:13.811
ProcessGuid: {3a35410f-9403-6928-f115-000000000b00}
ProcessId: 16940
Image: C:\Windows\System32\WindowsPowerShell\v1.0\powershell.exe
TargetFilename: C:\Users\Emil Jinu\AppData\Local\Temp\__PSScriptPolicyTest_jvglyjtl.5c3.ps1
CreationUtcTime: 2025-11-27 18:10:13.811
User: DESKTOP-EJG8QJC\Emil Jinu"
"11/27/2025 11:40:13 PM","1","Information","Process Create:
RuleName: -
UtcTime: 2025-11-27 18:10:13.768
ProcessGuid: {3a35410f-9405-6928-0616-000000000b00}
ProcessId: 12708
Image: C:\Windows\System32\wbem\WMIC.exe
FileVersion: 10.0.19041.5794 (WinBuild.160101.0800)
Description: WMI Commandline Utility
Product: Microsoft? Windows? Operating System
Company: Microsoft Corporation
OriginalFileName: wmic.exe
CommandLine: ""C:\Windows\System32\Wbem\WMIC.exe"" process list brief 
CurrentDirectory: C:\Users\Emil Jinu\
User: DESKTOP-EJG8QJC\Emil Jinu
LogonGuid: {3a35410f-6604-6928-c9e6-200000000000}
LogonId: 0x20E6C9
TerminalSessionId: 1
IntegrityLevel: Medium
Hashes: MD5=EBE8CE528A79B5CC0782E8DFDA250600,SHA256=DA603FA720AB43AA6D4D36AA9FDB828DAB9645523EABAAC209AF6451D5B4D757,IMPHASH=527C7C66CDD13D72D793BCA3A417BCBE
ParentProcessGuid: {3a35410f-93eb-6928-6715-000000000b00}
ParentProcessId: 6344
ParentImage: C:\Windows\System32\WindowsPowerShell\v1.0\powershell.exe
ParentCommandLine: ""C:\Windows\System32\WindowsPowerShell\v1.0\powershell.exe"" 
ParentUser: DESKTOP-EJG8QJC\Emil Jinu"
"11/27/2025 11:40:13 PM","1","Information","Process Create:
RuleName: -
UtcTime: 2025-11-27 18:10:13.641
ProcessGuid: {3a35410f-9405-6928-0416-000000000b00}
ProcessId: 3240
Image: C:\Windows\System32\WindowsPowerShell\v1.0\powershell.exe
FileVersion: 10.0.19041.3996 (WinBuild.160101.0800)
Description: Windows PowerShell
Product: Microsoft? Windows? Operating System
Company: Microsoft Corporation
OriginalFileName: PowerShell.EXE
CommandLine: ""C:\Windows\System32\WindowsPowerShell\v1.0\powershell.exe"" -NoProfile -ExecutionPolicy Bypass -Command Write-Output 'PS 15'; Start-Sleep -Seconds 1 
CurrentDirectory: C:\Users\Emil Jinu\
User: DESKTOP-EJG8QJC\Emil Jinu
LogonGuid: {3a35410f-6604-6928-c9e6-200000000000}
LogonId: 0x20E6C9
TerminalSessionId: 1
IntegrityLevel: Medium
Hashes: MD5=2E5A8590CF6848968FC23DE3FA1E25F1,SHA256=9785001B0DCF755EDDB8AF294A373C0B87B2498660F724E76C4D53F9C217C7A3,IMPHASH=3D08F4848535206D772DE145804FF4B6
ParentProcessGuid: {3a35410f-93eb-6928-6715-000000000b00}
ParentProcessId: 6344
ParentImage: C:\Windows\System32\WindowsPowerShell\v1.0\powershell.exe
ParentCommandLine: ""C:\Windows\System32\WindowsPowerShell\v1.0\powershell.exe"" 
ParentUser: DESKTOP-EJG8QJC\Emil Jinu"
"11/27/2025 11:40:13 PM","1","Information","Process Create:
RuleName: -
UtcTime: 2025-11-27 18:10:13.501
ProcessGuid: {3a35410f-9405-6928-0216-000000000b00}
ProcessId: 11224
Image: C:\Windows\System32\cmd.exe
FileVersion: 10.0.19041.4355 (WinBuild.160101.0800)
Description: Windows Command Processor
Product: Microsoft? Windows? Operating System
Company: Microsoft Corporation
OriginalFileName: Cmd.Exe
CommandLine: ""C:\Windows\system32\cmd.exe"" /c echo proc 15 & timeout /t 1 >nul 
CurrentDirectory: C:\Users\Emil Jinu\
User: DESKTOP-EJG8QJC\Emil Jinu
LogonGuid: {3a35410f-6604-6928-c9e6-200000000000}
LogonId: 0x20E6C9
TerminalSessionId: 1
IntegrityLevel: Medium
Hashes: MD5=2B40C98ED0F7A1D3B091A3E8353132DC,SHA256=BADF4752413CB0CBDC03FB95820CA167F0CDC63B597CCDB5EF43111180E088B0,IMPHASH=272245E2988E1E430500B852C4FB5E18
ParentProcessGuid: {3a35410f-93eb-6928-6715-000000000b00}
ParentProcessId: 6344
ParentImage: C:\Windows\System32\WindowsPowerShell\v1.0\powershell.exe
ParentCommandLine: ""C:\Windows\System32\WindowsPowerShell\v1.0\powershell.exe"" 
ParentUser: DESKTOP-EJG8QJC\Emil Jinu"
"11/27/2025 11:40:13 PM","1","Information","Process Create:
RuleName: -
UtcTime: 2025-11-27 18:10:13.334
ProcessGuid: {3a35410f-9405-6928-0116-000000000b00}
ProcessId: 7564
Image: C:\Windows\System32\timeout.exe
FileVersion: 10.0.19041.1 (WinBuild.160101.0800)
Description: timeout - pauses command processing
Product: Microsoft? Windows? Operating System
Company: Microsoft Corporation
OriginalFileName: timeout.exe
CommandLine: timeout  /t 1  
CurrentDirectory: C:\Users\Emil Jinu\
User: DESKTOP-EJG8QJC\Emil Jinu
LogonGuid: {3a35410f-6604-6928-c9e6-200000000000}
LogonId: 0x20E6C9
TerminalSessionId: 1
IntegrityLevel: Medium
Hashes: MD5=100065E21CFBBDE57CBA2838921F84D6,SHA256=C8C350FAB1130644536DB6A84F605791367308B995079AD494D46A8C617C21D6,IMPHASH=0C91A5CE0FB26F4C5CE39E340F43873B
ParentProcessGuid: {3a35410f-9403-6928-e915-000000000b00}
ParentProcessId: 7400
ParentImage: C:\Windows\System32\cmd.exe
ParentCommandLine: ""C:\Windows\system32\cmd.exe"" /c echo proc 13 & timeout /t 1 >nul 
ParentUser: DESKTOP-EJG8QJC\Emil Jinu"
"11/27/2025 11:40:12 PM","11","Information","File created:
RuleName: -
UtcTime: 2025-11-27 18:10:12.650
ProcessGuid: {3a35410f-9402-6928-e615-000000000b00}
ProcessId: 3152
Image: C:\Windows\System32\WindowsPowerShell\v1.0\powershell.exe
TargetFilename: C:\Users\Emil Jinu\AppData\Local\Temp\__PSScriptPolicyTest_veecngpx.ikr.ps1
CreationUtcTime: 2025-11-27 18:10:12.650
User: DESKTOP-EJG8QJC\Emil Jinu"
"11/27/2025 11:40:12 PM","11","Information","File created:
RuleName: -
UtcTime: 2025-11-27 18:10:12.650
ProcessGuid: {3a35410f-9403-6928-eb15-000000000b00}
ProcessId: 14340
Image: C:\Windows\System32\WindowsPowerShell\v1.0\powershell.exe
TargetFilename: C:\Users\Emil Jinu\AppData\Local\Temp\__PSScriptPolicyTest_ata5cmxl.yen.ps1
CreationUtcTime: 2025-11-27 18:10:12.650
User: DESKTOP-EJG8QJC\Emil Jinu"
"11/27/2025 11:40:12 PM","1","Information","Process Create:
RuleName: -
UtcTime: 2025-11-27 18:10:12.624
ProcessGuid: {3a35410f-9404-6928-fe15-000000000b00}
ProcessId: 7312
Image: C:\Windows\System32\WindowsPowerShell\v1.0\powershell.exe
FileVersion: 10.0.19041.3996 (WinBuild.160101.0800)
Description: Windows PowerShell
Product: Microsoft? Windows? Operating System
Company: Microsoft Corporation
OriginalFileName: PowerShell.EXE
CommandLine: ""C:\Windows\System32\WindowsPowerShell\v1.0\powershell.exe"" -EncodedCommand VwByAGkAdABlAC0ATwB1AHQAcAB1AHQAIAAnAEUAMQA0ACcA 
CurrentDirectory: C:\Users\Emil Jinu\
User: DESKTOP-EJG8QJC\Emil Jinu
LogonGuid: {3a35410f-6604-6928-c9e6-200000000000}
LogonId: 0x20E6C9
TerminalSessionId: 1
IntegrityLevel: Medium
Hashes: MD5=2E5A8590CF6848968FC23DE3FA1E25F1,SHA256=9785001B0DCF755EDDB8AF294A373C0B87B2498660F724E76C4D53F9C217C7A3,IMPHASH=3D08F4848535206D772DE145804FF4B6
ParentProcessGuid: {3a35410f-93eb-6928-6715-000000000b00}
ParentProcessId: 6344
ParentImage: C:\Windows\System32\WindowsPowerShell\v1.0\powershell.exe
ParentCommandLine: ""C:\Windows\System32\WindowsPowerShell\v1.0\powershell.exe"" 
ParentUser: DESKTOP-EJG8QJC\Emil Jinu"
"11/27/2025 11:40:12 PM","11","Information","File created:
RuleName: -
UtcTime: 2025-11-27 18:10:12.566
ProcessGuid: {3a35410f-9402-6928-e215-000000000b00}
ProcessId: 13680
Image: C:\Windows\System32\WindowsPowerShell\v1.0\powershell.exe
TargetFilename: C:\Users\Emil Jinu\AppData\Local\Temp\__PSScriptPolicyTest_ykznybd4.nyu.ps1
CreationUtcTime: 2025-11-27 18:10:12.566
User: DESKTOP-EJG8QJC\Emil Jinu"
"11/27/2025 11:40:12 PM","1","Information","Process Create:
RuleName: -
UtcTime: 2025-11-27 18:10:12.302
ProcessGuid: {3a35410f-9404-6928-fb15-000000000b00}
ProcessId: 9128
Image: C:\Windows\System32\certutil.exe
FileVersion: 10.0.19041.5794 (WinBuild.160101.0800)
Description: CertUtil.exe
Product: Microsoft? Windows? Operating System
Company: Microsoft Corporation
OriginalFileName: CertUtil.exe
CommandLine: ""C:\Windows\system32\certutil.exe"" -hashfile C:\Windows\win.ini SHA256 
CurrentDirectory: C:\Users\Emil Jinu\
User: DESKTOP-EJG8QJC\Emil Jinu
LogonGuid: {3a35410f-6604-6928-c9e6-200000000000}
LogonId: 0x20E6C9
TerminalSessionId: 1
IntegrityLevel: Medium
Hashes: MD5=E6384AD54B07F9783135586C71F82D1C,SHA256=FD1670B43E2D9188B12B233780BF043C5A90A67A2C6E3FCDC564A5C246531BC2,IMPHASH=5AFC8346D5AFF4A4862E8A7C91042465
ParentProcessGuid: {3a35410f-93eb-6928-6715-000000000b00}
ParentProcessId: 6344
ParentImage: C:\Windows\System32\WindowsPowerShell\v1.0\powershell.exe
ParentCommandLine: ""C:\Windows\System32\WindowsPowerShell\v1.0\powershell.exe"" 
ParentUser: DESKTOP-EJG8QJC\Emil Jinu"
"11/27/2025 11:40:12 PM","1","Information","Process Create:
RuleName: -
UtcTime: 2025-11-27 18:10:12.172
ProcessGuid: {3a35410f-9404-6928-f915-000000000b00}
ProcessId: 6552
Image: C:\Windows\System32\wbem\WMIC.exe
FileVersion: 10.0.19041.5794 (WinBuild.160101.0800)
Description: WMI Commandline Utility
Product: Microsoft? Windows? Operating System
Company: Microsoft Corporation
OriginalFileName: wmic.exe
CommandLine: ""C:\Windows\System32\Wbem\WMIC.exe"" process list brief 
CurrentDirectory: C:\Users\Emil Jinu\
User: DESKTOP-EJG8QJC\Emil Jinu
LogonGuid: {3a35410f-6604-6928-c9e6-200000000000}
LogonId: 0x20E6C9
TerminalSessionId: 1
IntegrityLevel: Medium
Hashes: MD5=EBE8CE528A79B5CC0782E8DFDA250600,SHA256=DA603FA720AB43AA6D4D36AA9FDB828DAB9645523EABAAC209AF6451D5B4D757,IMPHASH=527C7C66CDD13D72D793BCA3A417BCBE
ParentProcessGuid: {3a35410f-93eb-6928-6715-000000000b00}
ParentProcessId: 6344
ParentImage: C:\Windows\System32\WindowsPowerShell\v1.0\powershell.exe
ParentCommandLine: ""C:\Windows\System32\WindowsPowerShell\v1.0\powershell.exe"" 
ParentUser: DESKTOP-EJG8QJC\Emil Jinu"
"11/27/2025 11:40:12 PM","1","Information","Process Create:
RuleName: -
UtcTime: 2025-11-27 18:10:12.080
ProcessGuid: {3a35410f-9404-6928-f815-000000000b00}
ProcessId: 11860
Image: C:\Windows\System32\timeout.exe
FileVersion: 10.0.19041.1 (WinBuild.160101.0800)
Description: timeout - pauses command processing
Product: Microsoft? Windows? Operating System
Company: Microsoft Corporation
OriginalFileName: timeout.exe
CommandLine: timeout  /t 1  
CurrentDirectory: C:\Users\Emil Jinu\
User: DESKTOP-EJG8QJC\Emil Jinu
LogonGuid: {3a35410f-6604-6928-c9e6-200000000000}
LogonId: 0x20E6C9
TerminalSessionId: 1
IntegrityLevel: Medium
Hashes: MD5=100065E21CFBBDE57CBA2838921F84D6,SHA256=C8C350FAB1130644536DB6A84F605791367308B995079AD494D46A8C617C21D6,IMPHASH=0C91A5CE0FB26F4C5CE39E340F43873B
ParentProcessGuid: {3a35410f-9402-6928-e015-000000000b00}
ParentProcessId: 4304
ParentImage: C:\Windows\System32\cmd.exe
ParentCommandLine: ""C:\Windows\system32\cmd.exe"" /c echo proc 12 & timeout /t 1 >nul 
ParentUser: DESKTOP-EJG8QJC\Emil Jinu"
"11/27/2025 11:40:11 PM","1","Information","Process Create:
RuleName: -
UtcTime: 2025-11-27 18:10:11.978
ProcessGuid: {3a35410f-9403-6928-f615-000000000b00}
ProcessId: 10836
Image: C:\Windows\System32\WindowsPowerShell\v1.0\powershell.exe
FileVersion: 10.0.19041.3996 (WinBuild.160101.0800)
Description: Windows PowerShell
Product: Microsoft? Windows? Operating System
Company: Microsoft Corporation
OriginalFileName: PowerShell.EXE
CommandLine: ""C:\Windows\System32\WindowsPowerShell\v1.0\powershell.exe"" -NoProfile -ExecutionPolicy Bypass -Command Write-Output 'PS 14'; Start-Sleep -Seconds 1 
CurrentDirectory: C:\Users\Emil Jinu\
User: DESKTOP-EJG8QJC\Emil Jinu
LogonGuid: {3a35410f-6604-6928-c9e6-200000000000}
LogonId: 0x20E6C9
TerminalSessionId: 1
IntegrityLevel: Medium
Hashes: MD5=2E5A8590CF6848968FC23DE3FA1E25F1,SHA256=9785001B0DCF755EDDB8AF294A373C0B87B2498660F724E76C4D53F9C217C7A3,IMPHASH=3D08F4848535206D772DE145804FF4B6
ParentProcessGuid: {3a35410f-93eb-6928-6715-000000000b00}
ParentProcessId: 6344
ParentImage: C:\Windows\System32\WindowsPowerShell\v1.0\powershell.exe
ParentCommandLine: ""C:\Windows\System32\WindowsPowerShell\v1.0\powershell.exe"" 
ParentUser: DESKTOP-EJG8QJC\Emil Jinu"
"11/27/2025 11:40:11 PM","1","Information","Process Create:
RuleName: -
UtcTime: 2025-11-27 18:10:11.902
ProcessGuid: {3a35410f-9403-6928-f415-000000000b00}
ProcessId: 14868
Image: C:\Windows\System32\cmd.exe
FileVersion: 10.0.19041.4355 (WinBuild.160101.0800)
Description: Windows Command Processor
Product: Microsoft? Windows? Operating System
Company: Microsoft Corporation
OriginalFileName: Cmd.Exe
CommandLine: ""C:\Windows\system32\cmd.exe"" /c echo proc 14 & timeout /t 1 >nul 
CurrentDirectory: C:\Users\Emil Jinu\
User: DESKTOP-EJG8QJC\Emil Jinu
LogonGuid: {3a35410f-6604-6928-c9e6-200000000000}
LogonId: 0x20E6C9
TerminalSessionId: 1
IntegrityLevel: Medium
Hashes: MD5=2B40C98ED0F7A1D3B091A3E8353132DC,SHA256=BADF4752413CB0CBDC03FB95820CA167F0CDC63B597CCDB5EF43111180E088B0,IMPHASH=272245E2988E1E430500B852C4FB5E18
ParentProcessGuid: {3a35410f-93eb-6928-6715-000000000b00}
ParentProcessId: 6344
ParentImage: C:\Windows\System32\WindowsPowerShell\v1.0\powershell.exe
ParentCommandLine: ""C:\Windows\System32\WindowsPowerShell\v1.0\powershell.exe"" 
ParentUser: DESKTOP-EJG8QJC\Emil Jinu"
"11/27/2025 11:40:11 PM","1","Information","Process Create:
RuleName: -
UtcTime: 2025-11-27 18:10:11.882
ProcessGuid: {3a35410f-9403-6928-f315-000000000b00}
ProcessId: 10580
Image: C:\Windows\System32\timeout.exe
FileVersion: 10.0.19041.1 (WinBuild.160101.0800)
Description: timeout - pauses command processing
Product: Microsoft? Windows? Operating System
Company: Microsoft Corporation
OriginalFileName: timeout.exe
CommandLine: timeout  /t 1  
CurrentDirectory: C:\Users\Emil Jinu\
User: DESKTOP-EJG8QJC\Emil Jinu
LogonGuid: {3a35410f-6604-6928-c9e6-200000000000}
LogonId: 0x20E6C9
TerminalSessionId: 1
IntegrityLevel: Medium
Hashes: MD5=100065E21CFBBDE57CBA2838921F84D6,SHA256=C8C350FAB1130644536DB6A84F605791367308B995079AD494D46A8C617C21D6,IMPHASH=0C91A5CE0FB26F4C5CE39E340F43873B
ParentProcessGuid: {3a35410f-9401-6928-d315-000000000b00}
ParentProcessId: 14632
ParentImage: C:\Windows\System32\cmd.exe
ParentCommandLine: ""C:\Windows\system32\cmd.exe"" /c echo proc 11 & timeout /t 1 >nul 
ParentUser: DESKTOP-EJG8QJC\Emil Jinu"
"11/27/2025 11:40:11 PM","11","Information","File created:
RuleName: -
UtcTime: 2025-11-27 18:10:11.804
ProcessGuid: {3a35410f-9401-6928-dd15-000000000b00}
ProcessId: 17804
Image: C:\Windows\System32\WindowsPowerShell\v1.0\powershell.exe
TargetFilename: C:\Users\Emil Jinu\AppData\Local\Temp\__PSScriptPolicyTest_uefxfgwa.edx.ps1
CreationUtcTime: 2025-11-27 18:10:11.804
User: DESKTOP-EJG8QJC\Emil Jinu"
"11/27/2025 11:40:11 PM","11","Information","File created:
RuleName: -
UtcTime: 2025-11-27 18:10:11.681
ProcessGuid: {3a35410f-9401-6928-d415-000000000b00}
ProcessId: 10716
Image: C:\Windows\System32\WindowsPowerShell\v1.0\powershell.exe
TargetFilename: C:\Users\Emil Jinu\AppData\Local\Temp\__PSScriptPolicyTest_nay4o5lj.ouq.ps1
CreationUtcTime: 2025-11-27 18:10:11.681
User: DESKTOP-EJG8QJC\Emil Jinu"
"11/27/2025 11:40:11 PM","1","Information","Process Create:
RuleName: -
UtcTime: 2025-11-27 18:10:11.638
ProcessGuid: {3a35410f-9403-6928-f115-000000000b00}
ProcessId: 16940
Image: C:\Windows\System32\WindowsPowerShell\v1.0\powershell.exe
FileVersion: 10.0.19041.3996 (WinBuild.160101.0800)
Description: Windows PowerShell
Product: Microsoft? Windows? Operating System
Company: Microsoft Corporation
OriginalFileName: PowerShell.EXE
CommandLine: ""C:\Windows\System32\WindowsPowerShell\v1.0\powershell.exe"" -EncodedCommand VwByAGkAdABlAC0ATwB1AHQAcAB1AHQAIAAnAEUAMQAzACcA 
CurrentDirectory: C:\Users\Emil Jinu\
User: DESKTOP-EJG8QJC\Emil Jinu
LogonGuid: {3a35410f-6604-6928-c9e6-200000000000}
LogonId: 0x20E6C9
TerminalSessionId: 1
IntegrityLevel: Medium
Hashes: MD5=2E5A8590CF6848968FC23DE3FA1E25F1,SHA256=9785001B0DCF755EDDB8AF294A373C0B87B2498660F724E76C4D53F9C217C7A3,IMPHASH=3D08F4848535206D772DE145804FF4B6
ParentProcessGuid: {3a35410f-93eb-6928-6715-000000000b00}
ParentProcessId: 6344
ParentImage: C:\Windows\System32\WindowsPowerShell\v1.0\powershell.exe
ParentCommandLine: ""C:\Windows\System32\WindowsPowerShell\v1.0\powershell.exe"" 
ParentUser: DESKTOP-EJG8QJC\Emil Jinu"
