"11/27/2025 11:40:06 PM","1","Information","Process Create:
RuleName: -
UtcTime: 2025-11-27 18:10:06.369
ProcessGuid: {3a35410f-93fe-6928-a915-000000000b00}
ProcessId: 1800
Image: C:\Windows\System32\WindowsPowerShell\v1.0\powershell.exe
FileVersion: 10.0.19041.3996 (WinBuild.160101.0800)
Description: Windows PowerShell
Product: Microsoft? Windows? Operating System
Company: Microsoft Corporation
OriginalFileName: PowerShell.EXE
CommandLine: ""C:\Windows\System32\WindowsPowerShell\v1.0\powershell.exe"" -NoProfile -ExecutionPolicy Bypass -Command Write-Output 'PS 7'; Start-Sleep -Seconds 1 
CurrentDirectory: C:\Users\Emil Jinu\
User: DESKTOP-EJG8QJC\Emil Jinu
LogonGuid: {3a35410f-6604-6928-c9e6-200000000000}
LogonId: 0x20E6C9
TerminalSessionId: 1
IntegrityLevel: Medium
Hashes: MD5=2E5A8590CF6848968FC23DE3FA1E25F1,SHA256=9785001B0DCF755EDDB8AF294A373C0B87B2498660F724E76C4D53F9C217C7A3,IMPHASH=3D08F4848535206D772DE145804FF4B6
ParentProcessGuid: {3a35410f-93eb-6928-6715-000000000b00}
ParentProcessId: 6344
ParentImage: C:\Windows\System32\WindowsPowerShell\v1.0\powershell.exe
ParentCommandLine: ""C:\Windows\System32\WindowsPowerShell\v1.0\powershell.exe"" 
ParentUser: DESKTOP-EJG8QJC\Emil Jinu"
"11/27/2025 11:40:06 PM","1","Information","Process Create:
RuleName: -
UtcTime: 2025-11-27 18:10:06.234
ProcessGuid: {3a35410f-93fe-6928-a515-000000000b00}
ProcessId: 912
Image: C:\Windows\System32\cmd.exe
FileVersion: 10.0.19041.4355 (WinBuild.160101.0800)
Description: Windows Command Processor
Product: Microsoft? Windows? Operating System
Company: Microsoft Corporation
OriginalFileName: Cmd.Exe
CommandLine: ""C:\Windows\system32\cmd.exe"" /c echo proc 7 & timeout /t 1 >nul 
CurrentDirectory: C:\Users\Emil Jinu\
User: DESKTOP-EJG8QJC\Emil Jinu
LogonGuid: {3a35410f-6604-6928-c9e6-200000000000}
LogonId: 0x20E6C9
TerminalSessionId: 1
IntegrityLevel: Medium
Hashes: MD5=2B40C98ED0F7A1D3B091A3E8353132DC,SHA256=BADF4752413CB0CBDC03FB95820CA167F0CDC63B597CCDB5EF43111180E088B0,IMPHASH=272245E2988E1E430500B852C4FB5E18
ParentProcessGuid: {3a35410f-93eb-6928-6715-000000000b00}
ParentProcessId: 6344
ParentImage: C:\Windows\System32\WindowsPowerShell\v1.0\powershell.exe
ParentCommandLine: ""C:\Windows\System32\WindowsPowerShell\v1.0\powershell.exe"" 
ParentUser: DESKTOP-EJG8QJC\Emil Jinu"
"11/27/2025 11:40:06 PM","1","Information","Process Create:
RuleName: -
UtcTime: 2025-11-27 18:10:06.009
ProcessGuid: {3a35410f-93fe-6928-a215-000000000b00}
ProcessId: 15736
Image: C:\Windows\System32\WindowsPowerShell\v1.0\powershell.exe
FileVersion: 10.0.19041.3996 (WinBuild.160101.0800)
Description: Windows PowerShell
Product: Microsoft? Windows? Operating System
Company: Microsoft Corporation
OriginalFileName: PowerShell.EXE
CommandLine: ""C:\Windows\System32\WindowsPowerShell\v1.0\powershell.exe"" -EncodedCommand VwByAGkAdABlAC0ATwB1AHQAcAB1AHQAIAAnAEUANgAnAA== 
CurrentDirectory: C:\Users\Emil Jinu\
User: DESKTOP-EJG8QJC\Emil Jinu
LogonGuid: {3a35410f-6604-6928-c9e6-200000000000}
LogonId: 0x20E6C9
TerminalSessionId: 1
IntegrityLevel: Medium
Hashes: MD5=2E5A8590CF6848968FC23DE3FA1E25F1,SHA256=9785001B0DCF755EDDB8AF294A373C0B87B2498660F724E76C4D53F9C217C7A3,IMPHASH=3D08F4848535206D772DE145804FF4B6
ParentProcessGuid: {3a35410f-93eb-6928-6715-000000000b00}
ParentProcessId: 6344
ParentImage: C:\Windows\System32\WindowsPowerShell\v1.0\powershell.exe
ParentCommandLine: ""C:\Windows\System32\WindowsPowerShell\v1.0\powershell.exe"" 
ParentUser: DESKTOP-EJG8QJC\Emil Jinu"
"11/27/2025 11:40:05 PM","1","Information","Process Create:
RuleName: -
UtcTime: 2025-11-27 18:10:05.943
ProcessGuid: {3a35410f-93fd-6928-a115-000000000b00}
ProcessId: 16484
Image: C:\Windows\System32\certutil.exe
FileVersion: 10.0.19041.5794 (WinBuild.160101.0800)
Description: CertUtil.exe
Product: Microsoft? Windows? Operating System
Company: Microsoft Corporation
OriginalFileName: CertUtil.exe
CommandLine: ""C:\Windows\system32\certutil.exe"" -hashfile C:\Windows\win.ini SHA256 
CurrentDirectory: C:\Users\Emil Jinu\
User: DESKTOP-EJG8QJC\Emil Jinu
LogonGuid: {3a35410f-6604-6928-c9e6-200000000000}
LogonId: 0x20E6C9
TerminalSessionId: 1
IntegrityLevel: Medium
Hashes: MD5=E6384AD54B07F9783135586C71F82D1C,SHA256=FD1670B43E2D9188B12B233780BF043C5A90A67A2C6E3FCDC564A5C246531BC2,IMPHASH=5AFC8346D5AFF4A4862E8A7C91042465
ParentProcessGuid: {3a35410f-93eb-6928-6715-000000000b00}
ParentProcessId: 6344
ParentImage: C:\Windows\System32\WindowsPowerShell\v1.0\powershell.exe
ParentCommandLine: ""C:\Windows\System32\WindowsPowerShell\v1.0\powershell.exe"" 
ParentUser: DESKTOP-EJG8QJC\Emil Jinu"
"11/27/2025 11:40:05 PM","1","Information","Process Create:
RuleName: -
UtcTime: 2025-11-27 18:10:05.937
ProcessGuid: {3a35410f-93fd-6928-a015-000000000b00}
ProcessId: 16820
Image: C:\Windows\System32\wbem\WMIC.exe
FileVersion: 10.0.19041.5794 (WinBuild.160101.0800)
Description: WMI Commandline Utility
Product: Microsoft? Windows? Operating System
Company: Microsoft Corporation
OriginalFileName: wmic.exe
CommandLine: ""C:\Windows\System32\Wbem\WMIC.exe"" process list brief 
CurrentDirectory: C:\Users\Emil Jinu\
User: DESKTOP-EJG8QJC\Emil Jinu
LogonGuid: {3a35410f-6604-6928-c9e6-200000000000}
LogonId: 0x20E6C9
TerminalSessionId: 1
IntegrityLevel: Medium
Hashes: MD5=EBE8CE528A79B5CC0782E8DFDA250600,SHA256=DA603FA720AB43AA6D4D36AA9FDB828DAB9645523EABAAC209AF6451D5B4D757,IMPHASH=527C7C66CDD13D72D793BCA3A417BCBE
ParentProcessGuid: {3a35410f-93eb-6928-6715-000000000b00}
ParentProcessId: 6344
ParentImage: C:\Windows\System32\WindowsPowerShell\v1.0\powershell.exe
ParentCommandLine: ""C:\Windows\System32\WindowsPowerShell\v1.0\powershell.exe"" 
ParentUser: DESKTOP-EJG8QJC\Emil Jinu"
"11/27/2025 11:40:05 PM","1","Information","Process Create:
RuleName: -
UtcTime: 2025-11-27 18:10:05.894
ProcessGuid: {3a35410f-93fd-6928-9f15-000000000b00}
ProcessId: 12980
Image: C:\Windows\System32\WindowsPowerShell\v1.0\powershell.exe
FileVersion: 10.0.19041.3996 (WinBuild.160101.0800)
Description: Windows PowerShell
Product: Microsoft? Windows? Operating System
Company: Microsoft Corporation
OriginalFileName: PowerShell.EXE
CommandLine: ""C:\Windows\System32\WindowsPowerShell\v1.0\powershell.exe"" -NoProfile -ExecutionPolicy Bypass -Command Write-Output 'PS 6'; Start-Sleep -Seconds 1 
CurrentDirectory: C:\Users\Emil Jinu\
User: DESKTOP-EJG8QJC\Emil Jinu
LogonGuid: {3a35410f-6604-6928-c9e6-200000000000}
LogonId: 0x20E6C9
TerminalSessionId: 1
IntegrityLevel: Medium
Hashes: MD5=2E5A8590CF6848968FC23DE3FA1E25F1,SHA256=9785001B0DCF755EDDB8AF294A373C0B87B2498660F724E76C4D53F9C217C7A3,IMPHASH=3D08F4848535206D772DE145804FF4B6
ParentProcessGuid: {3a35410f-93eb-6928-6715-000000000b00}
ParentProcessId: 6344
ParentImage: C:\Windows\System32\WindowsPowerShell\v1.0\powershell.exe
ParentCommandLine: ""C:\Windows\System32\WindowsPowerShell\v1.0\powershell.exe"" 
ParentUser: DESKTOP-EJG8QJC\Emil Jinu"
"11/27/2025 11:40:05 PM","1","Information","Process Create:
RuleName: -
UtcTime: 2025-11-27 18:10:05.851
ProcessGuid: {3a35410f-93fd-6928-9c15-000000000b00}
ProcessId: 8844
Image: C:\Windows\System32\cmd.exe
FileVersion: 10.0.19041.4355 (WinBuild.160101.0800)
Description: Windows Command Processor
Product: Microsoft? Windows? Operating System
Company: Microsoft Corporation
OriginalFileName: Cmd.Exe
CommandLine: ""C:\Windows\system32\cmd.exe"" /c echo proc 6 & timeout /t 1 >nul 
CurrentDirectory: C:\Users\Emil Jinu\
User: DESKTOP-EJG8QJC\Emil Jinu
LogonGuid: {3a35410f-6604-6928-c9e6-200000000000}
LogonId: 0x20E6C9
TerminalSessionId: 1
IntegrityLevel: Medium
Hashes: MD5=2B40C98ED0F7A1D3B091A3E8353132DC,SHA256=BADF4752413CB0CBDC03FB95820CA167F0CDC63B597CCDB5EF43111180E088B0,IMPHASH=272245E2988E1E430500B852C4FB5E18
ParentProcessGuid: {3a35410f-93eb-6928-6715-000000000b00}
ParentProcessId: 6344
ParentImage: C:\Windows\System32\WindowsPowerShell\v1.0\powershell.exe
ParentCommandLine: ""C:\Windows\System32\WindowsPowerShell\v1.0\powershell.exe"" 
ParentUser: DESKTOP-EJG8QJC\Emil Jinu"
"11/27/2025 11:40:05 PM","1","Information","Process Create:
RuleName: -
UtcTime: 2025-11-27 18:10:05.758
ProcessGuid: {3a35410f-93fd-6928-9915-000000000b00}
ProcessId: 5872
Image: C:\Windows\System32\timeout.exe
FileVersion: 10.0.19041.1 (WinBuild.160101.0800)
Description: timeout - pauses command processing
Product: Microsoft? Windows? Operating System
Company: Microsoft Corporation
OriginalFileName: timeout.exe
CommandLine: timeout  /t 1  
CurrentDirectory: C:\Users\Emil Jinu\
User: DESKTOP-EJG8QJC\Emil Jinu
LogonGuid: {3a35410f-6604-6928-c9e6-200000000000}
LogonId: 0x20E6C9
TerminalSessionId: 1
IntegrityLevel: Medium
Hashes: MD5=100065E21CFBBDE57CBA2838921F84D6,SHA256=C8C350FAB1130644536DB6A84F605791367308B995079AD494D46A8C617C21D6,IMPHASH=0C91A5CE0FB26F4C5CE39E340F43873B
ParentProcessGuid: {3a35410f-93fc-6928-7e15-000000000b00}
ParentProcessId: 7540
ParentImage: C:\Windows\System32\cmd.exe
ParentCommandLine: ""C:\Windows\system32\cmd.exe"" /c echo proc 3 & timeout /t 1 >nul 
ParentUser: DESKTOP-EJG8QJC\Emil Jinu"
"11/27/2025 11:40:05 PM","1","Information","Process Create:
RuleName: -
UtcTime: 2025-11-27 18:10:05.588
ProcessGuid: {3a35410f-93fd-6928-9815-000000000b00}
ProcessId: 512
Image: C:\Windows\System32\WindowsPowerShell\v1.0\powershell.exe
FileVersion: 10.0.19041.3996 (WinBuild.160101.0800)
Description: Windows PowerShell
Product: Microsoft? Windows? Operating System
Company: Microsoft Corporation
OriginalFileName: PowerShell.EXE
CommandLine: ""C:\Windows\System32\WindowsPowerShell\v1.0\powershell.exe"" -EncodedCommand VwByAGkAdABlAC0ATwB1AHQAcAB1AHQAIAAnAEUANQAnAA== 
CurrentDirectory: C:\Users\Emil Jinu\
User: DESKTOP-EJG8QJC\Emil Jinu
LogonGuid: {3a35410f-6604-6928-c9e6-200000000000}
LogonId: 0x20E6C9
TerminalSessionId: 1
IntegrityLevel: Medium
Hashes: MD5=2E5A8590CF6848968FC23DE3FA1E25F1,SHA256=9785001B0DCF755EDDB8AF294A373C0B87B2498660F724E76C4D53F9C217C7A3,IMPHASH=3D08F4848535206D772DE145804FF4B6
ParentProcessGuid: {3a35410f-93eb-6928-6715-000000000b00}
ParentProcessId: 6344
ParentImage: C:\Windows\System32\WindowsPowerShell\v1.0\powershell.exe
ParentCommandLine: ""C:\Windows\System32\WindowsPowerShell\v1.0\powershell.exe"" 
ParentUser: DESKTOP-EJG8QJC\Emil Jinu"
"11/27/2025 11:40:05 PM","1","Information","Process Create:
RuleName: -
UtcTime: 2025-11-27 18:10:05.547
ProcessGuid: {3a35410f-93fd-6928-9715-000000000b00}
ProcessId: 15620
Image: C:\Windows\System32\certutil.exe
FileVersion: 10.0.19041.5794 (WinBuild.160101.0800)
Description: CertUtil.exe
Product: Microsoft? Windows? Operating System
Company: Microsoft Corporation
OriginalFileName: CertUtil.exe
CommandLine: ""C:\Windows\system32\certutil.exe"" -hashfile C:\Windows\win.ini SHA256 
CurrentDirectory: C:\Users\Emil Jinu\
User: DESKTOP-EJG8QJC\Emil Jinu
LogonGuid: {3a35410f-6604-6928-c9e6-200000000000}
LogonId: 0x20E6C9
TerminalSessionId: 1
IntegrityLevel: Medium
Hashes: MD5=E6384AD54B07F9783135586C71F82D1C,SHA256=FD1670B43E2D9188B12B233780BF043C5A90A67A2C6E3FCDC564A5C246531BC2,IMPHASH=5AFC8346D5AFF4A4862E8A7C91042465
ParentProcessGuid: {3a35410f-93eb-6928-6715-000000000b00}
ParentProcessId: 6344
ParentImage: C:\Windows\System32\WindowsPowerShell\v1.0\powershell.exe
ParentCommandLine: ""C:\Windows\System32\WindowsPowerShell\v1.0\powershell.exe"" 
ParentUser: DESKTOP-EJG8QJC\Emil Jinu"
"11/27/2025 11:40:05 PM","1","Information","Process Create:
RuleName: -
UtcTime: 2025-11-27 18:10:05.476
ProcessGuid: {3a35410f-93fd-6928-9515-000000000b00}
ProcessId: 12840
Image: C:\Windows\System32\wbem\WMIC.exe
FileVersion: 10.0.19041.5794 (WinBuild.160101.0800)
Description: WMI Commandline Utility
Product: Microsoft? Windows? Operating System
Company: Microsoft Corporation
OriginalFileName: wmic.exe
CommandLine: ""C:\Windows\System32\Wbem\WMIC.exe"" process list brief 
CurrentDirectory: C:\Users\Emil Jinu\
User: DESKTOP-EJG8QJC\Emil Jinu
LogonGuid: {3a35410f-6604-6928-c9e6-200000000000}
LogonId: 0x20E6C9
TerminalSessionId: 1
IntegrityLevel: Medium
Hashes: MD5=EBE8CE528A79B5CC0782E8DFDA250600,SHA256=DA603FA720AB43AA6D4D36AA9FDB828DAB9645523EABAAC209AF6451D5B4D757,IMPHASH=527C7C66CDD13D72D793BCA3A417BCBE
ParentProcessGuid: {3a35410f-93eb-6928-6715-000000000b00}
ParentProcessId: 6344
ParentImage: C:\Windows\System32\WindowsPowerShell\v1.0\powershell.exe
ParentCommandLine: ""C:\Windows\System32\WindowsPowerShell\v1.0\powershell.exe"" 
ParentUser: DESKTOP-EJG8QJC\Emil Jinu"
"11/27/2025 11:40:05 PM","1","Information","Process Create:
RuleName: -
UtcTime: 2025-11-27 18:10:05.406
ProcessGuid: {3a35410f-93fd-6928-9315-000000000b00}
ProcessId: 4360
Image: C:\Windows\System32\WindowsPowerShell\v1.0\powershell.exe
FileVersion: 10.0.19041.3996 (WinBuild.160101.0800)
Description: Windows PowerShell
Product: Microsoft? Windows? Operating System
Company: Microsoft Corporation
OriginalFileName: PowerShell.EXE
CommandLine: ""C:\Windows\System32\WindowsPowerShell\v1.0\powershell.exe"" -NoProfile -ExecutionPolicy Bypass -Command Write-Output 'PS 5'; Start-Sleep -Seconds 1 
CurrentDirectory: C:\Users\Emil Jinu\
User: DESKTOP-EJG8QJC\Emil Jinu
LogonGuid: {3a35410f-6604-6928-c9e6-200000000000}
LogonId: 0x20E6C9
TerminalSessionId: 1
IntegrityLevel: Medium
Hashes: MD5=2E5A8590CF6848968FC23DE3FA1E25F1,SHA256=9785001B0DCF755EDDB8AF294A373C0B87B2498660F724E76C4D53F9C217C7A3,IMPHASH=3D08F4848535206D772DE145804FF4B6
ParentProcessGuid: {3a35410f-93eb-6928-6715-000000000b00}
ParentProcessId: 6344
ParentImage: C:\Windows\System32\WindowsPowerShell\v1.0\powershell.exe
ParentCommandLine: ""C:\Windows\System32\WindowsPowerShell\v1.0\powershell.exe"" 
ParentUser: DESKTOP-EJG8QJC\Emil Jinu"
"11/27/2025 11:40:05 PM","1","Information","Process Create:
RuleName: -
UtcTime: 2025-11-27 18:10:05.397
ProcessGuid: {3a35410f-93fd-6928-9215-000000000b00}
ProcessId: 1776
Image: C:\Windows\System32\cmd.exe
FileVersion: 10.0.19041.4355 (WinBuild.160101.0800)
Description: Windows Command Processor
Product: Microsoft? Windows? Operating System
Company: Microsoft Corporation
OriginalFileName: Cmd.Exe
CommandLine: ""C:\Windows\system32\cmd.exe"" /c echo proc 5 & timeout /t 1 >nul 
CurrentDirectory: C:\Users\Emil Jinu\
User: DESKTOP-EJG8QJC\Emil Jinu
LogonGuid: {3a35410f-6604-6928-c9e6-200000000000}
LogonId: 0x20E6C9
TerminalSessionId: 1
IntegrityLevel: Medium
Hashes: MD5=2B40C98ED0F7A1D3B091A3E8353132DC,SHA256=BADF4752413CB0CBDC03FB95820CA167F0CDC63B597CCDB5EF43111180E088B0,IMPHASH=272245E2988E1E430500B852C4FB5E18
ParentProcessGuid: {3a35410f-93eb-6928-6715-000000000b00}
ParentProcessId: 6344
ParentImage: C:\Windows\System32\WindowsPowerShell\v1.0\powershell.exe
ParentCommandLine: ""C:\Windows\System32\WindowsPowerShell\v1.0\powershell.exe"" 
ParentUser: DESKTOP-EJG8QJC\Emil Jinu"
"11/27/2025 11:40:05 PM","11","Information","File created:
RuleName: -
UtcTime: 2025-11-27 18:10:05.339
ProcessGuid: {3a35410f-93fc-6928-8615-000000000b00}
ProcessId: 8644
Image: C:\Windows\System32\WindowsPowerShell\v1.0\powershell.exe
TargetFilename: C:\Users\Emil Jinu\AppData\Local\Temp\__PSScriptPolicyTest_1sylcy3v.02w.ps1
CreationUtcTime: 2025-11-27 18:10:05.339
User: DESKTOP-EJG8QJC\Emil Jinu"
"11/27/2025 11:40:05 PM","11","Information","File created:
RuleName: -
UtcTime: 2025-11-27 18:10:05.270
ProcessGuid: {3a35410f-93fc-6928-7f15-000000000b00}
ProcessId: 5336
Image: C:\Windows\System32\WindowsPowerShell\v1.0\powershell.exe
TargetFilename: C:\Users\Emil Jinu\AppData\Local\Temp\__PSScriptPolicyTest_42lt251m.stw.ps1
CreationUtcTime: 2025-11-27 18:10:05.270
User: DESKTOP-EJG8QJC\Emil Jinu"
"11/27/2025 11:40:05 PM","1","Information","Process Create:
RuleName: -
UtcTime: 2025-11-27 18:10:05.148
ProcessGuid: {3a35410f-93fd-6928-8e15-000000000b00}
ProcessId: 6704
Image: C:\Windows\System32\WindowsPowerShell\v1.0\powershell.exe
FileVersion: 10.0.19041.3996 (WinBuild.160101.0800)
Description: Windows PowerShell
Product: Microsoft? Windows? Operating System
Company: Microsoft Corporation
OriginalFileName: PowerShell.EXE
CommandLine: ""C:\Windows\System32\WindowsPowerShell\v1.0\powershell.exe"" -EncodedCommand VwByAGkAdABlAC0ATwB1AHQAcAB1AHQAIAAnAEUANAAnAA== 
CurrentDirectory: C:\Users\Emil Jinu\
User: DESKTOP-EJG8QJC\Emil Jinu
LogonGuid: {3a35410f-6604-6928-c9e6-200000000000}
LogonId: 0x20E6C9
TerminalSessionId: 1
IntegrityLevel: Medium
Hashes: MD5=2E5A8590CF6848968FC23DE3FA1E25F1,SHA256=9785001B0DCF755EDDB8AF294A373C0B87B2498660F724E76C4D53F9C217C7A3,IMPHASH=3D08F4848535206D772DE145804FF4B6
ParentProcessGuid: {3a35410f-93eb-6928-6715-000000000b00}
ParentProcessId: 6344
ParentImage: C:\Windows\System32\WindowsPowerShell\v1.0\powershell.exe
ParentCommandLine: ""C:\Windows\System32\WindowsPowerShell\v1.0\powershell.exe"" 
ParentUser: DESKTOP-EJG8QJC\Emil Jinu"
"11/27/2025 11:40:05 PM","1","Information","Process Create:
RuleName: -
UtcTime: 2025-11-27 18:10:05.107
ProcessGuid: {3a35410f-93fd-6928-8d15-000000000b00}
ProcessId: 7072
Image: C:\Windows\System32\certutil.exe
FileVersion: 10.0.19041.5794 (WinBuild.160101.0800)
Description: CertUtil.exe
Product: Microsoft? Windows? Operating System
Company: Microsoft Corporation
OriginalFileName: CertUtil.exe
CommandLine: ""C:\Windows\system32\certutil.exe"" -hashfile C:\Windows\win.ini SHA256 
CurrentDirectory: C:\Users\Emil Jinu\
User: DESKTOP-EJG8QJC\Emil Jinu
LogonGuid: {3a35410f-6604-6928-c9e6-200000000000}
LogonId: 0x20E6C9
TerminalSessionId: 1
IntegrityLevel: Medium
Hashes: MD5=E6384AD54B07F9783135586C71F82D1C,SHA256=FD1670B43E2D9188B12B233780BF043C5A90A67A2C6E3FCDC564A5C246531BC2,IMPHASH=5AFC8346D5AFF4A4862E8A7C91042465
ParentProcessGuid: {3a35410f-93eb-6928-6715-000000000b00}
ParentProcessId: 6344
ParentImage: C:\Windows\System32\WindowsPowerShell\v1.0\powershell.exe
ParentCommandLine: ""C:\Windows\System32\WindowsPowerShell\v1.0\powershell.exe"" 
ParentUser: DESKTOP-EJG8QJC\Emil Jinu"
"11/27/2025 11:40:05 PM","1","Information","Process Create:
RuleName: -
UtcTime: 2025-11-27 18:10:05.051
ProcessGuid: {3a35410f-93fd-6928-8b15-000000000b00}
ProcessId: 7736
Image: C:\Windows\System32\wbem\WMIC.exe
FileVersion: 10.0.19041.5794 (WinBuild.160101.0800)
Description: WMI Commandline Utility
Product: Microsoft? Windows? Operating System
Company: Microsoft Corporation
OriginalFileName: wmic.exe
CommandLine: ""C:\Windows\System32\Wbem\WMIC.exe"" process list brief 
CurrentDirectory: C:\Users\Emil Jinu\
User: DESKTOP-EJG8QJC\Emil Jinu
LogonGuid: {3a35410f-6604-6928-c9e6-200000000000}
LogonId: 0x20E6C9
TerminalSessionId: 1
IntegrityLevel: Medium
Hashes: MD5=EBE8CE528A79B5CC0782E8DFDA250600,SHA256=DA603FA720AB43AA6D4D36AA9FDB828DAB9645523EABAAC209AF6451D5B4D757,IMPHASH=527C7C66CDD13D72D793BCA3A417BCBE
ParentProcessGuid: {3a35410f-93eb-6928-6715-000000000b00}
ParentProcessId: 6344
ParentImage: C:\Windows\System32\WindowsPowerShell\v1.0\powershell.exe
ParentCommandLine: ""C:\Windows\System32\WindowsPowerShell\v1.0\powershell.exe"" 
ParentUser: DESKTOP-EJG8QJC\Emil Jinu"
"11/27/2025 11:40:05 PM","1","Information","Process Create:
RuleName: -
UtcTime: 2025-11-27 18:10:05.008
ProcessGuid: {3a35410f-93fd-6928-8a15-000000000b00}
ProcessId: 2612
Image: C:\Windows\System32\WindowsPowerShell\v1.0\powershell.exe
FileVersion: 10.0.19041.3996 (WinBuild.160101.0800)
Description: Windows PowerShell
Product: Microsoft? Windows? Operating System
Company: Microsoft Corporation
OriginalFileName: PowerShell.EXE
CommandLine: ""C:\Windows\System32\WindowsPowerShell\v1.0\powershell.exe"" -NoProfile -ExecutionPolicy Bypass -Command Write-Output 'PS 4'; Start-Sleep -Seconds 1 
CurrentDirectory: C:\Users\Emil Jinu\
User: DESKTOP-EJG8QJC\Emil Jinu
LogonGuid: {3a35410f-6604-6928-c9e6-200000000000}
LogonId: 0x20E6C9
TerminalSessionId: 1
IntegrityLevel: Medium
Hashes: MD5=2E5A8590CF6848968FC23DE3FA1E25F1,SHA256=9785001B0DCF755EDDB8AF294A373C0B87B2498660F724E76C4D53F9C217C7A3,IMPHASH=3D08F4848535206D772DE145804FF4B6
ParentProcessGuid: {3a35410f-93eb-6928-6715-000000000b00}
ParentProcessId: 6344
ParentImage: C:\Windows\System32\WindowsPowerShell\v1.0\powershell.exe
ParentCommandLine: ""C:\Windows\System32\WindowsPowerShell\v1.0\powershell.exe"" 
ParentUser: DESKTOP-EJG8QJC\Emil Jinu"
"11/27/2025 11:40:04 PM","1","Information","Process Create:
RuleName: -
UtcTime: 2025-11-27 18:10:04.976
ProcessGuid: {3a35410f-93fc-6928-8915-000000000b00}
ProcessId: 11108
Image: C:\Windows\System32\cmd.exe
FileVersion: 10.0.19041.4355 (WinBuild.160101.0800)
Description: Windows Command Processor
Product: Microsoft? Windows? Operating System
Company: Microsoft Corporation
OriginalFileName: Cmd.Exe
CommandLine: ""C:\Windows\system32\cmd.exe"" /c echo proc 4 & timeout /t 1 >nul 
CurrentDirectory: C:\Users\Emil Jinu\
User: DESKTOP-EJG8QJC\Emil Jinu
LogonGuid: {3a35410f-6604-6928-c9e6-200000000000}
LogonId: 0x20E6C9
TerminalSessionId: 1
IntegrityLevel: Medium
Hashes: MD5=2B40C98ED0F7A1D3B091A3E8353132DC,SHA256=BADF4752413CB0CBDC03FB95820CA167F0CDC63B597CCDB5EF43111180E088B0,IMPHASH=272245E2988E1E430500B852C4FB5E18
ParentProcessGuid: {3a35410f-93eb-6928-6715-000000000b00}
ParentProcessId: 6344
ParentImage: C:\Windows\System32\WindowsPowerShell\v1.0\powershell.exe
ParentCommandLine: ""C:\Windows\System32\WindowsPowerShell\v1.0\powershell.exe"" 
ParentUser: DESKTOP-EJG8QJC\Emil Jinu"
"11/27/2025 11:40:04 PM","11","Information","File created:
RuleName: -
UtcTime: 2025-11-27 18:10:04.950
ProcessGuid: {3a35410f-93fc-6928-7915-000000000b00}
ProcessId: 9392
Image: C:\Windows\System32\WindowsPowerShell\v1.0\powershell.exe
TargetFilename: C:\Users\Emil Jinu\AppData\Local\Temp\__PSScriptPolicyTest_4d4rtq4h.03t.ps1
CreationUtcTime: 2025-11-27 18:10:04.950
User: DESKTOP-EJG8QJC\Emil Jinu"
"11/27/2025 11:40:04 PM","1","Information","Process Create:
RuleName: -
UtcTime: 2025-11-27 18:10:04.929
ProcessGuid: {3a35410f-93fc-6928-8815-000000000b00}
ProcessId: 12016
Image: C:\Windows\System32\timeout.exe
FileVersion: 10.0.19041.1 (WinBuild.160101.0800)
Description: timeout - pauses command processing
Product: Microsoft? Windows? Operating System
Company: Microsoft Corporation
OriginalFileName: timeout.exe
CommandLine: timeout  /t 1  
CurrentDirectory: C:\Users\Emil Jinu\
User: DESKTOP-EJG8QJC\Emil Jinu
LogonGuid: {3a35410f-6604-6928-c9e6-200000000000}
LogonId: 0x20E6C9
TerminalSessionId: 1
IntegrityLevel: Medium
Hashes: MD5=100065E21CFBBDE57CBA2838921F84D6,SHA256=C8C350FAB1130644536DB6A84F605791367308B995079AD494D46A8C617C21D6,IMPHASH=0C91A5CE0FB26F4C5CE39E340F43873B
ParentProcessGuid: {3a35410f-93fc-6928-7415-000000000b00}
ParentProcessId: 16292
ParentImage: C:\Windows\System32\cmd.exe
ParentCommandLine: ""C:\Windows\system32\cmd.exe"" /c echo proc 2 & timeout /t 1 >nul 
ParentUser: DESKTOP-EJG8QJC\Emil Jinu"
"11/27/2025 11:40:04 PM","11","Information","File created:
RuleName: -
UtcTime: 2025-11-27 18:10:04.798
ProcessGuid: {3a35410f-93fc-6928-7515-000000000b00}
ProcessId: 12220
Image: C:\Windows\System32\WindowsPowerShell\v1.0\powershell.exe
TargetFilename: C:\Users\Emil Jinu\AppData\Local\Temp\__PSScriptPolicyTest_rcyfsld1.0b1.ps1
CreationUtcTime: 2025-11-27 18:10:04.798
User: DESKTOP-EJG8QJC\Emil Jinu"
"11/27/2025 11:40:04 PM","1","Information","Process Create:
RuleName: -
UtcTime: 2025-11-27 18:10:04.703
ProcessGuid: {3a35410f-93fc-6928-8615-000000000b00}
ProcessId: 8644
Image: C:\Windows\System32\WindowsPowerShell\v1.0\powershell.exe
FileVersion: 10.0.19041.3996 (WinBuild.160101.0800)
Description: Windows PowerShell
Product: Microsoft? Windows? Operating System
Company: Microsoft Corporation
OriginalFileName: PowerShell.EXE
CommandLine: ""C:\Windows\System32\WindowsPowerShell\v1.0\powershell.exe"" -EncodedCommand VwByAGkAdABlAC0ATwB1AHQAcAB1AHQAIAAnAEUAMwAnAA== 
CurrentDirectory: C:\Users\Emil Jinu\
User: DESKTOP-EJG8QJC\Emil Jinu
LogonGuid: {3a35410f-6604-6928-c9e6-200000000000}
LogonId: 0x20E6C9
TerminalSessionId: 1
IntegrityLevel: Medium
Hashes: MD5=2E5A8590CF6848968FC23DE3FA1E25F1,SHA256=9785001B0DCF755EDDB8AF294A373C0B87B2498660F724E76C4D53F9C217C7A3,IMPHASH=3D08F4848535206D772DE145804FF4B6
ParentProcessGuid: {3a35410f-93eb-6928-6715-000000000b00}
ParentProcessId: 6344
ParentImage: C:\Windows\System32\WindowsPowerShell\v1.0\powershell.exe
ParentCommandLine: ""C:\Windows\System32\WindowsPowerShell\v1.0\powershell.exe"" 
ParentUser: DESKTOP-EJG8QJC\Emil Jinu"
"11/27/2025 11:40:04 PM","1","Information","Process Create:
RuleName: -
UtcTime: 2025-11-27 18:10:04.666
ProcessGuid: {3a35410f-93fc-6928-8315-000000000b00}
ProcessId: 15504
Image: C:\Windows\System32\certutil.exe
FileVersion: 10.0.19041.5794 (WinBuild.160101.0800)
Description: CertUtil.exe
Product: Microsoft? Windows? Operating System
Company: Microsoft Corporation
OriginalFileName: CertUtil.exe
CommandLine: ""C:\Windows\system32\certutil.exe"" -hashfile C:\Windows\win.ini SHA256 
CurrentDirectory: C:\Users\Emil Jinu\
User: DESKTOP-EJG8QJC\Emil Jinu
LogonGuid: {3a35410f-6604-6928-c9e6-200000000000}
LogonId: 0x20E6C9
TerminalSessionId: 1
IntegrityLevel: Medium
Hashes: MD5=E6384AD54B07F9783135586C71F82D1C,SHA256=FD1670B43E2D9188B12B233780BF043C5A90A67A2C6E3FCDC564A5C246531BC2,IMPHASH=5AFC8346D5AFF4A4862E8A7C91042465
ParentProcessGuid: {3a35410f-93eb-6928-6715-000000000b00}
ParentProcessId: 6344
ParentImage: C:\Windows\System32\WindowsPowerShell\v1.0\powershell.exe
ParentCommandLine: ""C:\Windows\System32\WindowsPowerShell\v1.0\powershell.exe"" 
ParentUser: DESKTOP-EJG8QJC\Emil Jinu"
"11/27/2025 11:40:04 PM","1","Information","Process Create:
RuleName: -
UtcTime: 2025-11-27 18:10:04.640
ProcessGuid: {3a35410f-93fc-6928-8215-000000000b00}
ProcessId: 16056
Image: C:\Windows\System32\wbem\WMIC.exe
FileVersion: 10.0.19041.5794 (WinBuild.160101.0800)
Description: WMI Commandline Utility
Product: Microsoft? Windows? Operating System
Company: Microsoft Corporation
OriginalFileName: wmic.exe
CommandLine: ""C:\Windows\System32\Wbem\WMIC.exe"" process list brief 
CurrentDirectory: C:\Users\Emil Jinu\
User: DESKTOP-EJG8QJC\Emil Jinu
LogonGuid: {3a35410f-6604-6928-c9e6-200000000000}
LogonId: 0x20E6C9
TerminalSessionId: 1
IntegrityLevel: Medium
Hashes: MD5=EBE8CE528A79B5CC0782E8DFDA250600,SHA256=DA603FA720AB43AA6D4D36AA9FDB828DAB9645523EABAAC209AF6451D5B4D757,IMPHASH=527C7C66CDD13D72D793BCA3A417BCBE
ParentProcessGuid: {3a35410f-93eb-6928-6715-000000000b00}
ParentProcessId: 6344
ParentImage: C:\Windows\System32\WindowsPowerShell\v1.0\powershell.exe
ParentCommandLine: ""C:\Windows\System32\WindowsPowerShell\v1.0\powershell.exe"" 
ParentUser: DESKTOP-EJG8QJC\Emil Jinu"
"11/27/2025 11:40:04 PM","1","Information","Process Create:
RuleName: -
UtcTime: 2025-11-27 18:10:04.581
ProcessGuid: {3a35410f-93fc-6928-7f15-000000000b00}
ProcessId: 5336
Image: C:\Windows\System32\WindowsPowerShell\v1.0\powershell.exe
FileVersion: 10.0.19041.3996 (WinBuild.160101.0800)
Description: Windows PowerShell
Product: Microsoft? Windows? Operating System
Company: Microsoft Corporation
OriginalFileName: PowerShell.EXE
CommandLine: ""C:\Windows\System32\WindowsPowerShell\v1.0\powershell.exe"" -NoProfile -ExecutionPolicy Bypass -Command Write-Output 'PS 3'; Start-Sleep -Seconds 1 
CurrentDirectory: C:\Users\Emil Jinu\
User: DESKTOP-EJG8QJC\Emil Jinu
LogonGuid: {3a35410f-6604-6928-c9e6-200000000000}
LogonId: 0x20E6C9
TerminalSessionId: 1
IntegrityLevel: Medium
Hashes: MD5=2E5A8590CF6848968FC23DE3FA1E25F1,SHA256=9785001B0DCF755EDDB8AF294A373C0B87B2498660F724E76C4D53F9C217C7A3,IMPHASH=3D08F4848535206D772DE145804FF4B6
ParentProcessGuid: {3a35410f-93eb-6928-6715-000000000b00}
ParentProcessId: 6344
ParentImage: C:\Windows\System32\WindowsPowerShell\v1.0\powershell.exe
ParentCommandLine: ""C:\Windows\System32\WindowsPowerShell\v1.0\powershell.exe"" 
ParentUser: DESKTOP-EJG8QJC\Emil Jinu"
"11/27/2025 11:40:04 PM","1","Information","Process Create:
RuleName: -
UtcTime: 2025-11-27 18:10:04.543
ProcessGuid: {3a35410f-93fc-6928-7e15-000000000b00}
ProcessId: 7540
Image: C:\Windows\System32\cmd.exe
FileVersion: 10.0.19041.4355 (WinBuild.160101.0800)
Description: Windows Command Processor
Product: Microsoft? Windows? Operating System
Company: Microsoft Corporation
OriginalFileName: Cmd.Exe
CommandLine: ""C:\Windows\system32\cmd.exe"" /c echo proc 3 & timeout /t 1 >nul 
CurrentDirectory: C:\Users\Emil Jinu\
User: DESKTOP-EJG8QJC\Emil Jinu
LogonGuid: {3a35410f-6604-6928-c9e6-200000000000}
LogonId: 0x20E6C9
TerminalSessionId: 1
IntegrityLevel: Medium
Hashes: MD5=2B40C98ED0F7A1D3B091A3E8353132DC,SHA256=BADF4752413CB0CBDC03FB95820CA167F0CDC63B597CCDB5EF43111180E088B0,IMPHASH=272245E2988E1E430500B852C4FB5E18
ParentProcessGuid: {3a35410f-93eb-6928-6715-000000000b00}
ParentProcessId: 6344
ParentImage: C:\Windows\System32\WindowsPowerShell\v1.0\powershell.exe
ParentCommandLine: ""C:\Windows\System32\WindowsPowerShell\v1.0\powershell.exe"" 
ParentUser: DESKTOP-EJG8QJC\Emil Jinu"
"11/27/2025 11:40:04 PM","1","Information","Process Create:
RuleName: -
UtcTime: 2025-11-27 18:10:04.172
ProcessGuid: {3a35410f-93fc-6928-7915-000000000b00}
ProcessId: 9392
Image: C:\Windows\System32\WindowsPowerShell\v1.0\powershell.exe
FileVersion: 10.0.19041.3996 (WinBuild.160101.0800)
Description: Windows PowerShell
Product: Microsoft? Windows? Operating System
Company: Microsoft Corporation
OriginalFileName: PowerShell.EXE
CommandLine: ""C:\Windows\System32\WindowsPowerShell\v1.0\powershell.exe"" -EncodedCommand VwByAGkAdABlAC0ATwB1AHQAcAB1AHQAIAAnAEUAMgAnAA== 
CurrentDirectory: C:\Users\Emil Jinu\
User: DESKTOP-EJG8QJC\Emil Jinu
LogonGuid: {3a35410f-6604-6928-c9e6-200000000000}
LogonId: 0x20E6C9
TerminalSessionId: 1
IntegrityLevel: Medium
Hashes: MD5=2E5A8590CF6848968FC23DE3FA1E25F1,SHA256=9785001B0DCF755EDDB8AF294A373C0B87B2498660F724E76C4D53F9C217C7A3,IMPHASH=3D08F4848535206D772DE145804FF4B6
ParentProcessGuid: {3a35410f-93eb-6928-6715-000000000b00}
ParentProcessId: 6344
ParentImage: C:\Windows\System32\WindowsPowerShell\v1.0\powershell.exe
ParentCommandLine: ""C:\Windows\System32\WindowsPowerShell\v1.0\powershell.exe"" 
ParentUser: DESKTOP-EJG8QJC\Emil Jinu"
"11/27/2025 11:40:04 PM","1","Information","Process Create:
RuleName: -
UtcTime: 2025-11-27 18:10:04.150
ProcessGuid: {3a35410f-93fc-6928-7815-000000000b00}
ProcessId: 16600
Image: C:\Windows\System32\certutil.exe
FileVersion: 10.0.19041.5794 (WinBuild.160101.0800)
Description: CertUtil.exe
Product: Microsoft? Windows? Operating System
Company: Microsoft Corporation
OriginalFileName: CertUtil.exe
CommandLine: ""C:\Windows\system32\certutil.exe"" -hashfile C:\Windows\win.ini SHA256 
CurrentDirectory: C:\Users\Emil Jinu\
User: DESKTOP-EJG8QJC\Emil Jinu
LogonGuid: {3a35410f-6604-6928-c9e6-200000000000}
LogonId: 0x20E6C9
TerminalSessionId: 1
IntegrityLevel: Medium
Hashes: MD5=E6384AD54B07F9783135586C71F82D1C,SHA256=FD1670B43E2D9188B12B233780BF043C5A90A67A2C6E3FCDC564A5C246531BC2,IMPHASH=5AFC8346D5AFF4A4862E8A7C91042465
ParentProcessGuid: {3a35410f-93eb-6928-6715-000000000b00}
ParentProcessId: 6344
ParentImage: C:\Windows\System32\WindowsPowerShell\v1.0\powershell.exe
ParentCommandLine: ""C:\Windows\System32\WindowsPowerShell\v1.0\powershell.exe"" 
ParentUser: DESKTOP-EJG8QJC\Emil Jinu"
"11/27/2025 11:40:04 PM","1","Information","Process Create:
RuleName: -
UtcTime: 2025-11-27 18:10:04.125
ProcessGuid: {3a35410f-93fc-6928-7615-000000000b00}
ProcessId: 4204
Image: C:\Windows\System32\wbem\WMIC.exe
FileVersion: 10.0.19041.5794 (WinBuild.160101.0800)
Description: WMI Commandline Utility
Product: Microsoft? Windows? Operating System
Company: Microsoft Corporation
OriginalFileName: wmic.exe
CommandLine: ""C:\Windows\System32\Wbem\WMIC.exe"" process list brief 
CurrentDirectory: C:\Users\Emil Jinu\
User: DESKTOP-EJG8QJC\Emil Jinu
LogonGuid: {3a35410f-6604-6928-c9e6-200000000000}
LogonId: 0x20E6C9
TerminalSessionId: 1
IntegrityLevel: Medium
Hashes: MD5=EBE8CE528A79B5CC0782E8DFDA250600,SHA256=DA603FA720AB43AA6D4D36AA9FDB828DAB9645523EABAAC209AF6451D5B4D757,IMPHASH=527C7C66CDD13D72D793BCA3A417BCBE
ParentProcessGuid: {3a35410f-93eb-6928-6715-000000000b00}
ParentProcessId: 6344
ParentImage: C:\Windows\System32\WindowsPowerShell\v1.0\powershell.exe
ParentCommandLine: ""C:\Windows\System32\WindowsPowerShell\v1.0\powershell.exe"" 
ParentUser: DESKTOP-EJG8QJC\Emil Jinu"
"11/27/2025 11:40:04 PM","1","Information","Process Create:
RuleName: -
UtcTime: 2025-11-27 18:10:04.105
ProcessGuid: {3a35410f-93fc-6928-7515-000000000b00}
ProcessId: 12220
Image: C:\Windows\System32\WindowsPowerShell\v1.0\powershell.exe
FileVersion: 10.0.19041.3996 (WinBuild.160101.0800)
Description: Windows PowerShell
Product: Microsoft? Windows? Operating System
Company: Microsoft Corporation
OriginalFileName: PowerShell.EXE
CommandLine: ""C:\Windows\System32\WindowsPowerShell\v1.0\powershell.exe"" -NoProfile -ExecutionPolicy Bypass -Command Write-Output 'PS 2'; Start-Sleep -Seconds 1 
CurrentDirectory: C:\Users\Emil Jinu\
User: DESKTOP-EJG8QJC\Emil Jinu
LogonGuid: {3a35410f-6604-6928-c9e6-200000000000}
LogonId: 0x20E6C9
TerminalSessionId: 1
IntegrityLevel: Medium
Hashes: MD5=2E5A8590CF6848968FC23DE3FA1E25F1,SHA256=9785001B0DCF755EDDB8AF294A373C0B87B2498660F724E76C4D53F9C217C7A3,IMPHASH=3D08F4848535206D772DE145804FF4B6
ParentProcessGuid: {3a35410f-93eb-6928-6715-000000000b00}
ParentProcessId: 6344
ParentImage: C:\Windows\System32\WindowsPowerShell\v1.0\powershell.exe
ParentCommandLine: ""C:\Windows\System32\WindowsPowerShell\v1.0\powershell.exe"" 
ParentUser: DESKTOP-EJG8QJC\Emil Jinu"
"11/27/2025 11:40:04 PM","11","Information","File created:
RuleName: -
UtcTime: 2025-11-27 18:10:04.097
ProcessGuid: {3a35410f-93fb-6928-6a15-000000000b00}
ProcessId: 14296
Image: C:\Windows\System32\WindowsPowerShell\v1.0\powershell.exe
TargetFilename: C:\Users\Emil Jinu\AppData\Local\Temp\__PSScriptPolicyTest_cuprcdn4.qrq.ps1
CreationUtcTime: 2025-11-27 18:10:04.097
User: DESKTOP-EJG8QJC\Emil Jinu"
"11/27/2025 11:40:04 PM","11","Information","File created:
RuleName: -
UtcTime: 2025-11-27 18:10:04.088
ProcessGuid: {3a35410f-93fb-6928-7115-000000000b00}
ProcessId: 14376
Image: C:\Windows\System32\WindowsPowerShell\v1.0\powershell.exe
TargetFilename: C:\Users\Emil Jinu\AppData\Local\Temp\__PSScriptPolicyTest_bc3dwldw.1jw.ps1
CreationUtcTime: 2025-11-27 18:10:04.088
User: DESKTOP-EJG8QJC\Emil Jinu"
"11/27/2025 11:40:04 PM","1","Information","Process Create:
RuleName: -
UtcTime: 2025-11-27 18:10:04.085
ProcessGuid: {3a35410f-93fc-6928-7415-000000000b00}
ProcessId: 16292
Image: C:\Windows\System32\cmd.exe
FileVersion: 10.0.19041.4355 (WinBuild.160101.0800)
Description: Windows Command Processor
Product: Microsoft? Windows? Operating System
Company: Microsoft Corporation
OriginalFileName: Cmd.Exe
CommandLine: ""C:\Windows\system32\cmd.exe"" /c echo proc 2 & timeout /t 1 >nul 
CurrentDirectory: C:\Users\Emil Jinu\
User: DESKTOP-EJG8QJC\Emil Jinu
LogonGuid: {3a35410f-6604-6928-c9e6-200000000000}
LogonId: 0x20E6C9
TerminalSessionId: 1
IntegrityLevel: Medium
Hashes: MD5=2B40C98ED0F7A1D3B091A3E8353132DC,SHA256=BADF4752413CB0CBDC03FB95820CA167F0CDC63B597CCDB5EF43111180E088B0,IMPHASH=272245E2988E1E430500B852C4FB5E18
ParentProcessGuid: {3a35410f-93eb-6928-6715-000000000b00}
ParentProcessId: 6344
ParentImage: C:\Windows\System32\WindowsPowerShell\v1.0\powershell.exe
ParentCommandLine: ""C:\Windows\System32\WindowsPowerShell\v1.0\powershell.exe"" 
ParentUser: DESKTOP-EJG8QJC\Emil Jinu"
"11/27/2025 11:40:03 PM","1","Information","Process Create:
RuleName: -
UtcTime: 2025-11-27 18:10:03.864
ProcessGuid: {3a35410f-93fb-6928-7115-000000000b00}
ProcessId: 14376
Image: C:\Windows\System32\WindowsPowerShell\v1.0\powershell.exe
FileVersion: 10.0.19041.3996 (WinBuild.160101.0800)
Description: Windows PowerShell
Product: Microsoft? Windows? Operating System
Company: Microsoft Corporation
OriginalFileName: PowerShell.EXE
CommandLine: ""C:\Windows\System32\WindowsPowerShell\v1.0\powershell.exe"" -EncodedCommand VwByAGkAdABlAC0ATwB1AHQAcAB1AHQAIAAnAEUAMQAnAA== 
CurrentDirectory: C:\Users\Emil Jinu\
User: DESKTOP-EJG8QJC\Emil Jinu
LogonGuid: {3a35410f-6604-6928-c9e6-200000000000}
LogonId: 0x20E6C9
TerminalSessionId: 1
IntegrityLevel: Medium
Hashes: MD5=2E5A8590CF6848968FC23DE3FA1E25F1,SHA256=9785001B0DCF755EDDB8AF294A373C0B87B2498660F724E76C4D53F9C217C7A3,IMPHASH=3D08F4848535206D772DE145804FF4B6
ParentProcessGuid: {3a35410f-93eb-6928-6715-000000000b00}
ParentProcessId: 6344
ParentImage: C:\Windows\System32\WindowsPowerShell\v1.0\powershell.exe
ParentCommandLine: ""C:\Windows\System32\WindowsPowerShell\v1.0\powershell.exe"" 
ParentUser: DESKTOP-EJG8QJC\Emil Jinu"
"11/27/2025 11:40:03 PM","1","Information","Process Create:
RuleName: -
UtcTime: 2025-11-27 18:10:03.871
ProcessGuid: {3a35410f-93fb-6928-7215-000000000b00}
ProcessId: 15640
Image: C:\Windows\System32\timeout.exe
FileVersion: 10.0.19041.1 (WinBuild.160101.0800)
Description: timeout - pauses command processing
Product: Microsoft? Windows? Operating System
Company: Microsoft Corporation
OriginalFileName: timeout.exe
CommandLine: timeout  /t 1  
CurrentDirectory: C:\Users\Emil Jinu\
User: DESKTOP-EJG8QJC\Emil Jinu
LogonGuid: {3a35410f-6604-6928-c9e6-200000000000}
LogonId: 0x20E6C9
TerminalSessionId: 1
IntegrityLevel: Medium
Hashes: MD5=100065E21CFBBDE57CBA2838921F84D6,SHA256=C8C350FAB1130644536DB6A84F605791367308B995079AD494D46A8C617C21D6,IMPHASH=0C91A5CE0FB26F4C5CE39E340F43873B
ParentProcessGuid: {3a35410f-93fb-6928-6915-000000000b00}
ParentProcessId: 18332
ParentImage: C:\Windows\System32\cmd.exe
ParentCommandLine: ""C:\Windows\system32\cmd.exe"" /c echo proc 1 & timeout /t 1 >nul 
ParentUser: DESKTOP-EJG8QJC\Emil Jinu"
"11/27/2025 11:40:03 PM","1","Information","Process Create:
RuleName: -
UtcTime: 2025-11-27 18:10:03.822
ProcessGuid: {3a35410f-93fb-6928-6e15-000000000b00}
ProcessId: 9756
Image: C:\Windows\System32\certutil.exe
FileVersion: 10.0.19041.5794 (WinBuild.160101.0800)
Description: CertUtil.exe
Product: Microsoft? Windows? Operating System
Company: Microsoft Corporation
OriginalFileName: CertUtil.exe
CommandLine: ""C:\Windows\system32\certutil.exe"" -hashfile C:\Windows\win.ini SHA256 
CurrentDirectory: C:\Users\Emil Jinu\
User: DESKTOP-EJG8QJC\Emil Jinu
LogonGuid: {3a35410f-6604-6928-c9e6-200000000000}
LogonId: 0x20E6C9
TerminalSessionId: 1
IntegrityLevel: Medium
Hashes: MD5=E6384AD54B07F9783135586C71F82D1C,SHA256=FD1670B43E2D9188B12B233780BF043C5A90A67A2C6E3FCDC564A5C246531BC2,IMPHASH=5AFC8346D5AFF4A4862E8A7C91042465
ParentProcessGuid: {3a35410f-93eb-6928-6715-000000000b00}
ParentProcessId: 6344
ParentImage: C:\Windows\System32\WindowsPowerShell\v1.0\powershell.exe
ParentCommandLine: ""C:\Windows\System32\WindowsPowerShell\v1.0\powershell.exe"" 
ParentUser: DESKTOP-EJG8QJC\Emil Jinu"
"11/27/2025 11:40:03 PM","1","Information","Process Create:
RuleName: -
UtcTime: 2025-11-27 18:10:03.798
ProcessGuid: {3a35410f-93fb-6928-6c15-000000000b00}
ProcessId: 3680
Image: C:\Windows\System32\wbem\WMIC.exe
FileVersion: 10.0.19041.5794 (WinBuild.160101.0800)
Description: WMI Commandline Utility
Product: Microsoft? Windows? Operating System
Company: Microsoft Corporation
OriginalFileName: wmic.exe
CommandLine: ""C:\Windows\System32\Wbem\WMIC.exe"" process list brief 
CurrentDirectory: C:\Users\Emil Jinu\
User: DESKTOP-EJG8QJC\Emil Jinu
LogonGuid: {3a35410f-6604-6928-c9e6-200000000000}
LogonId: 0x20E6C9
TerminalSessionId: 1
IntegrityLevel: Medium
Hashes: MD5=EBE8CE528A79B5CC0782E8DFDA250600,SHA256=DA603FA720AB43AA6D4D36AA9FDB828DAB9645523EABAAC209AF6451D5B4D757,IMPHASH=527C7C66CDD13D72D793BCA3A417BCBE
ParentProcessGuid: {3a35410f-93eb-6928-6715-000000000b00}
ParentProcessId: 6344
ParentImage: C:\Windows\System32\WindowsPowerShell\v1.0\powershell.exe
ParentCommandLine: ""C:\Windows\System32\WindowsPowerShell\v1.0\powershell.exe"" 
ParentUser: DESKTOP-EJG8QJC\Emil Jinu"
"11/27/2025 11:40:03 PM","1","Information","Process Create:
RuleName: -
UtcTime: 2025-11-27 18:10:03.783
ProcessGuid: {3a35410f-93fb-6928-6a15-000000000b00}
ProcessId: 14296
Image: C:\Windows\System32\WindowsPowerShell\v1.0\powershell.exe
FileVersion: 10.0.19041.3996 (WinBuild.160101.0800)
Description: Windows PowerShell
Product: Microsoft? Windows? Operating System
Company: Microsoft Corporation
OriginalFileName: PowerShell.EXE
CommandLine: ""C:\Windows\System32\WindowsPowerShell\v1.0\powershell.exe"" -NoProfile -ExecutionPolicy Bypass -Command Write-Output 'PS 1'; Start-Sleep -Seconds 1 
CurrentDirectory: C:\Users\Emil Jinu\
User: DESKTOP-EJG8QJC\Emil Jinu
LogonGuid: {3a35410f-6604-6928-c9e6-200000000000}
LogonId: 0x20E6C9
TerminalSessionId: 1
IntegrityLevel: Medium
Hashes: MD5=2E5A8590CF6848968FC23DE3FA1E25F1,SHA256=9785001B0DCF755EDDB8AF294A373C0B87B2498660F724E76C4D53F9C217C7A3,IMPHASH=3D08F4848535206D772DE145804FF4B6
ParentProcessGuid: {3a35410f-93eb-6928-6715-000000000b00}
ParentProcessId: 6344
ParentImage: C:\Windows\System32\WindowsPowerShell\v1.0\powershell.exe
ParentCommandLine: ""C:\Windows\System32\WindowsPowerShell\v1.0\powershell.exe"" 
ParentUser: DESKTOP-EJG8QJC\Emil Jinu"
"11/27/2025 11:40:03 PM","1","Information","Process Create:
RuleName: -
UtcTime: 2025-11-27 18:10:03.769
ProcessGuid: {3a35410f-93fb-6928-6915-000000000b00}
ProcessId: 18332
Image: C:\Windows\System32\cmd.exe
FileVersion: 10.0.19041.4355 (WinBuild.160101.0800)
Description: Windows Command Processor
Product: Microsoft? Windows? Operating System
Company: Microsoft Corporation
OriginalFileName: Cmd.Exe
CommandLine: ""C:\Windows\system32\cmd.exe"" /c echo proc 1 & timeout /t 1 >nul 
CurrentDirectory: C:\Users\Emil Jinu\
User: DESKTOP-EJG8QJC\Emil Jinu
LogonGuid: {3a35410f-6604-6928-c9e6-200000000000}
LogonId: 0x20E6C9
TerminalSessionId: 1
IntegrityLevel: Medium
Hashes: MD5=2B40C98ED0F7A1D3B091A3E8353132DC,SHA256=BADF4752413CB0CBDC03FB95820CA167F0CDC63B597CCDB5EF43111180E088B0,IMPHASH=272245E2988E1E430500B852C4FB5E18
ParentProcessGuid: {3a35410f-93eb-6928-6715-000000000b00}
ParentProcessId: 6344
ParentImage: C:\Windows\System32\WindowsPowerShell\v1.0\powershell.exe
ParentCommandLine: ""C:\Windows\System32\WindowsPowerShell\v1.0\powershell.exe"" 
ParentUser: DESKTOP-EJG8QJC\Emil Jinu"
"11/27/2025 11:39:47 PM","11","Information","File created:
RuleName: -
UtcTime: 2025-11-27 18:09:47.785
ProcessGuid: {3a35410f-93eb-6928-6715-000000000b00}
ProcessId: 6344
Image: C:\Windows\System32\WindowsPowerShell\v1.0\powershell.exe
TargetFilename: C:\Users\Emil Jinu\AppData\Local\Temp\__PSScriptPolicyTest_olm41v3t.blb.ps1
CreationUtcTime: 2025-11-27 18:09:47.785
User: DESKTOP-EJG8QJC\Emil Jinu"
"11/27/2025 11:39:47 PM","1","Information","Process Create:
RuleName: -
UtcTime: 2025-11-27 18:09:47.115
ProcessGuid: {3a35410f-93eb-6928-6715-000000000b00}
ProcessId: 6344
Image: C:\Windows\System32\WindowsPowerShell\v1.0\powershell.exe
FileVersion: 10.0.19041.3996 (WinBuild.160101.0800)
Description: Windows PowerShell
Product: Microsoft? Windows? Operating System
Company: Microsoft Corporation
OriginalFileName: PowerShell.EXE
CommandLine: ""C:\Windows\System32\WindowsPowerShell\v1.0\powershell.exe"" 
CurrentDirectory: C:\Users\Emil Jinu\
User: DESKTOP-EJG8QJC\Emil Jinu
LogonGuid: {3a35410f-6604-6928-c9e6-200000000000}
LogonId: 0x20E6C9
TerminalSessionId: 1
IntegrityLevel: Medium
Hashes: MD5=2E5A8590CF6848968FC23DE3FA1E25F1,SHA256=9785001B0DCF755EDDB8AF294A373C0B87B2498660F724E76C4D53F9C217C7A3,IMPHASH=3D08F4848535206D772DE145804FF4B6
ParentProcessGuid: {3a35410f-88a5-6928-eb06-000000000b00}
ParentProcessId: 9468
ParentImage: C:\Windows\explorer.exe
ParentCommandLine: explorer.exe
ParentUser: DESKTOP-EJG8QJC\Emil Jinu"
"11/27/2025 11:39:47 PM","1","Information","Process Create:
RuleName: -
UtcTime: 2025-11-27 18:09:47.019
ProcessGuid: {3a35410f-93eb-6928-6615-000000000b00}
ProcessId: 18120
Image: C:\Windows\System32\smartscreen.exe
FileVersion: 10.0.19041.6456 (WinBuild.160101.0800)
Description: Windows Defender SmartScreen
Product: Microsoft? Windows? Operating System
Company: Microsoft Corporation
OriginalFileName: smartscreen.exe
CommandLine: C:\Windows\System32\smartscreen.exe -Embedding
CurrentDirectory: C:\Windows\system32\
User: DESKTOP-EJG8QJC\Emil Jinu
LogonGuid: {3a35410f-6604-6928-c9e6-200000000000}
LogonId: 0x20E6C9
TerminalSessionId: 1
IntegrityLevel: Medium
Hashes: MD5=729B70C3F7099783CC0B2C26431CC866,SHA256=3DA437B642468EAFAB7CD1B9DCF2CDF838B44C63FD73DAE8E3E4D06EC187C0F3,IMPHASH=4B886C738F992DAAEB38C0F29965B8BD
ParentProcessGuid: {3a35410f-6567-6928-0d00-000000000b00}
ParentProcessId: 848
ParentImage: C:\Windows\System32\svchost.exe
ParentCommandLine: C:\Windows\system32\svchost.exe -k DcomLaunch -p
ParentUser: NT AUTHORITY\SYSTEM"
"11/27/2025 11:36:52 PM","11","Information","File created:
RuleName: -
UtcTime: 2025-11-27 18:06:52.773
ProcessGuid: {3a35410f-933a-6928-5d15-000000000b00}
ProcessId: 15936
Image: C:\Windows\System32\WindowsPowerShell\v1.0\powershell.exe
TargetFilename: C:\Users\Emil Jinu\AppData\Local\Temp\__PSScriptPolicyTest_mvzvzmud.hdg.ps1
CreationUtcTime: 2025-11-27 18:06:52.773
User: DESKTOP-EJG8QJC\Emil Jinu"
"11/27/2025 11:36:52 PM","1","Information","Process Create:
RuleName: -
UtcTime: 2025-11-27 18:06:52.268
ProcessGuid: {3a35410f-933c-6928-6215-000000000b00}
ProcessId: 8240
Image: C:\Windows\System32\tasklist.exe
FileVersion: 10.0.19041.1 (WinBuild.160101.0800)
Description: Lists the current running tasks
Product: Microsoft? Windows? Operating System
Company: Microsoft Corporation
OriginalFileName: tasklist.exe
CommandLine: tasklist /m lsasrv.dll
CurrentDirectory: C:\Windows\system32\
User: DESKTOP-EJG8QJC\Emil Jinu
LogonGuid: {3a35410f-6604-6928-9de6-200000000000}
LogonId: 0x20E69D
TerminalSessionId: 1
IntegrityLevel: High
Hashes: MD5=D0A49A170E13D7F6AEBBEFED9DF88AAA,SHA256=BE7241A74FE9A9D30E0631E41533A362B21C8F7AAE3E5B6AD319CC15C024EC3F,IMPHASH=4C8D21C644C980DB3FF94E27BAD14C18
ParentProcessGuid: {3a35410f-8fba-6928-b208-000000000b00}
ParentProcessId: 13600
ParentImage: C:\Windows\System32\wbem\WmiPrvSE.exe
ParentCommandLine: C:\Windows\system32\wbem\wmiprvse.exe -secured -Embedding
ParentUser: NT AUTHORITY\NETWORK SERVICE"
"11/27/2025 11:36:51 PM","11","Information","File created:
RuleName: T1176
UtcTime: 2025-11-27 18:06:51.738
ProcessGuid: {3a35410f-932a-6928-fd14-000000000b00}
ProcessId: 13032
Image: C:\Program Files\BraveSoftware\Brave-Browser\Application\brave.exe
TargetFilename: C:\Users\EMILJI~1\AppData\Local\Temp\chrome_url_fetcher_13032_880297352\extension_1_0_15943.crx
CreationUtcTime: 2025-11-27 18:06:51.738
User: DESKTOP-EJG8QJC\Emil Jinu"
"11/27/2025 11:36:51 PM","11","Information","File created:
RuleName: T1176
UtcTime: 2025-11-27 18:06:51.738
ProcessGuid: {3a35410f-932a-6928-fd14-000000000b00}
ProcessId: 13032
Image: C:\Program Files\BraveSoftware\Brave-Browser\Application\brave.exe
TargetFilename: C:\Users\EMILJI~1\AppData\Local\Temp\chrome_url_fetcher_13032_1769670428\extension_1_0_1527.crx
CreationUtcTime: 2025-11-27 18:06:51.738
User: DESKTOP-EJG8QJC\Emil Jinu"
"11/27/2025 11:36:51 PM","11","Information","File created:
RuleName: T1176
UtcTime: 2025-11-27 18:06:51.738
ProcessGuid: {3a35410f-932a-6928-fd14-000000000b00}
ProcessId: 13032
Image: C:\Program Files\BraveSoftware\Brave-Browser\Application\brave.exe
TargetFilename: C:\Users\EMILJI~1\AppData\Local\Temp\chrome_url_fetcher_13032_1288946424\extension_1_0_18625.crx
CreationUtcTime: 2025-11-27 18:06:51.738
User: DESKTOP-EJG8QJC\Emil Jinu"
"11/27/2025 11:36:51 PM","1","Information","Process Create:
RuleName: -
UtcTime: 2025-11-27 18:06:51.114
ProcessGuid: {3a35410f-933b-6928-6015-000000000b00}
ProcessId: 10724
Image: C:\Windows\System32\whoami.exe
FileVersion: 10.0.19041.1 (WinBuild.160101.0800)
Description: whoami - displays logged on user information
Product: Microsoft? Windows? Operating System
Company: Microsoft Corporation
OriginalFileName: whoami.exe
CommandLine: ""C:\Windows\system32\whoami.exe"" /all 
CurrentDirectory: C:\Windows\system32\
User: DESKTOP-EJG8QJC\Emil Jinu
LogonGuid: {3a35410f-6604-6928-9de6-200000000000}
LogonId: 0x20E69D
TerminalSessionId: 1
IntegrityLevel: High
Hashes: MD5=A4A6924F3EAF97981323703D38FD99C4,SHA256=1D4902A04D99E8CCBFE7085E63155955FEE397449D386453F6C452AE407B8743,IMPHASH=7FF0758B766F747CE57DFAC70743FB88
ParentProcessGuid: {3a35410f-8dd3-6928-e507-000000000b00}
ParentProcessId: 4396
ParentImage: C:\Windows\System32\WindowsPowerShell\v1.0\powershell.exe
ParentCommandLine: ""C:\Windows\System32\WindowsPowerShell\v1.0\powershell.exe"" 
ParentUser: DESKTOP-EJG8QJC\Emil Jinu"
"11/27/2025 11:36:50 PM","1","Information","Process Create:
RuleName: -
UtcTime: 2025-11-27 18:06:50.280
ProcessGuid: {3a35410f-933a-6928-5d15-000000000b00}
ProcessId: 15936
Image: C:\Windows\System32\WindowsPowerShell\v1.0\powershell.exe
FileVersion: 10.0.19041.3996 (WinBuild.160101.0800)
Description: Windows PowerShell
Product: Microsoft? Windows? Operating System
Company: Microsoft Corporation
OriginalFileName: PowerShell.EXE
CommandLine: ""C:\Windows\System32\WindowsPowerShell\v1.0\powershell.exe"" -EncodedCommand RwBlAHQALQBDAGgAaQBsAGQASQB0AGUAbQAgAEMAOgBcAFcAaQBuAGQAbwB3AHMAXABTAHkAcwB0AGUAbQAzADIAIAB8ACAAUwBlAGwAZQBjAHQALQBPAGIAagBlAGMAdAAgAE4AYQBtAGUA 
CurrentDirectory: C:\Windows\system32\
User: DESKTOP-EJG8QJC\Emil Jinu
LogonGuid: {3a35410f-6604-6928-9de6-200000000000}
LogonId: 0x20E69D
TerminalSessionId: 1
IntegrityLevel: High
Hashes: MD5=2E5A8590CF6848968FC23DE3FA1E25F1,SHA256=9785001B0DCF755EDDB8AF294A373C0B87B2498660F724E76C4D53F9C217C7A3,IMPHASH=3D08F4848535206D772DE145804FF4B6
ParentProcessGuid: {3a35410f-8dd3-6928-e507-000000000b00}
ParentProcessId: 4396
ParentImage: C:\Windows\System32\WindowsPowerShell\v1.0\powershell.exe
ParentCommandLine: ""C:\Windows\System32\WindowsPowerShell\v1.0\powershell.exe"" 
ParentUser: DESKTOP-EJG8QJC\Emil Jinu"
